<html>
<head>
<title>TestNG:  Surefire test</title>
<link href="../testng.css" rel="stylesheet" type="text/css" />
<link href="../my-testng.css" rel="stylesheet" type="text/css" />

<style type="text/css">
.log { display: none;} 
.stack-trace { display: none;} 
</style>
<script type="text/javascript">
<!--
function flip(e) {
  current = e.style.display;
  if (current == 'block') {
    e.style.display = 'none';
    return 0;
  }
  else {
    e.style.display = 'block';
    return 1;
  }
}

function toggleBox(szDivId, elem, msg1, msg2)
{
  var res = -1;  if (document.getElementById) {
    res = flip(document.getElementById(szDivId));
  }
  else if (document.all) {
    // this is the way old msie versions work
    res = flip(document.all[szDivId]);
  }
  if(elem) {
    if(res == 0) elem.innerHTML = msg1; else elem.innerHTML = msg2;
  }

}

function toggleAllBoxes() {
  if (document.getElementsByTagName) {
    d = document.getElementsByTagName('div');
    for (i = 0; i < d.length; i++) {
      if (d[i].className == 'log') {
        flip(d[i]);
      }
    }
  }
}

// -->
</script>

</head>
<body>
<h2 align='center'>Surefire test</h2><table border='1' align="center">
<tr>
<td>Tests passed/Failed/Skipped:</td><td>186/0/0</td>
</tr><tr>
<td>Started on:</td><td>Fri Jun 01 13:19:02 CEST 2018</td>
</tr>
<tr><td>Total time:</td><td>9 seconds (9953 ms)</td>
</tr><tr>
<td>Included groups:</td><td></td>
</tr><tr>
<td>Excluded groups:</td><td></td>
</tr>
</table><p/>
<small><i>(Hover the method name to see the test class name)</i></small><p/>
<table width='100%' border='1' class='invocation-passed'>
<tr><td colspan='4' align='center'><b>PASSED TESTS</b></td></tr>
<tr><td><b>Test method</b></td>
<td width="30%"><b>Exception</b></td>
<td width="10%"><b>Time (seconds)</b></td>
<td><b>Instance</b></td>
</tr>
<tr>
<td title='org.molgenis.core.ui.menu.MenuItemToMolgenisUiMenuAdapterTest.MenuItemToMolgenisUiMenuAdapter()'><b>MenuItemToMolgenisUiMenuAdapter</b><br>Test class: org.molgenis.core.ui.menu.MenuItemToMolgenisUiMenuAdapterTest</td>
<td><div><pre>java.lang.IllegalArgumentException: menuItem is null
	at org.molgenis.core.ui.menu.MenuItemToMolgenisUiMenuItemAdapter.&lt;init&gt;(MenuItemToMolgenisUiMenuItemAdapter.java:14)
	at org.molgenis.core.ui.menu.MenuItemToMolgenisUiMenuAdapter.&lt;init&gt;(MenuItemToMolgenisUiMenuAdapter.java:18)
	at org.molgenis.core.ui.menu.MenuItemToMolgenisUiMenuAdapterTest.MenuItemToMolgenisUiMenuAdapter(MenuItemToMolgenisUiMenuAdapterTest.java:17)
	at org.apache.maven.surefire.testng.TestNGExecutor.run(TestNGExecutor.java:135)
	at org.apache.maven.surefire.testng.TestNGDirectoryTestSuite.executeMulti(TestNGDirectoryTestSuite.java:193)
	at org.apache.maven.surefire.testng.TestNGDirectoryTestSuite.execute(TestNGDirectoryTestSuite.java:94)
	at org.apache.maven.surefire.testng.TestNGProvider.invoke(TestNGProvider.java:146)
	at org.apache.maven.surefire.booter.ForkedBooter.invokeProviderInSameClassLoader(ForkedBooter.java:379)
	at org.apache.maven.surefire.booter.ForkedBooter.runSuitesInProcess(ForkedBooter.java:340)
	at org.apache.maven.surefire.booter.ForkedBooter.execute(ForkedBooter.java:125)
	at org.apache.maven.surefire.booter.ForkedBooter.main(ForkedBooter.java:413)
... Removed 21 stack frames</pre></div><a href='#' onClick='toggleBox("stack-trace584804796", this, "Click to show all stack frames", "Click to hide stack frames")'>Click to show all stack frames</a>
<div class='stack-trace' id='stack-trace584804796'><pre>java.lang.IllegalArgumentException: menuItem is null
	at org.molgenis.core.ui.menu.MenuItemToMolgenisUiMenuItemAdapter.&lt;init&gt;(MenuItemToMolgenisUiMenuItemAdapter.java:14)
	at org.molgenis.core.ui.menu.MenuItemToMolgenisUiMenuAdapter.&lt;init&gt;(MenuItemToMolgenisUiMenuAdapter.java:18)
	at org.molgenis.core.ui.menu.MenuItemToMolgenisUiMenuAdapterTest.MenuItemToMolgenisUiMenuAdapter(MenuItemToMolgenisUiMenuAdapterTest.java:17)
	at sun.reflect.NativeMethodAccessorImpl.invoke0(Native Method)
	at sun.reflect.NativeMethodAccessorImpl.invoke(NativeMethodAccessorImpl.java:62)
	at sun.reflect.DelegatingMethodAccessorImpl.invoke(DelegatingMethodAccessorImpl.java:43)
	at java.lang.reflect.Method.invoke(Method.java:498)
	at org.testng.internal.MethodInvocationHelper.invokeMethod(MethodInvocationHelper.java:80)
	at org.testng.internal.Invoker.invokeMethod(Invoker.java:714)
	at org.testng.internal.Invoker.invokeTestMethod(Invoker.java:901)
	at org.testng.internal.Invoker.invokeTestMethods(Invoker.java:1231)
	at org.testng.internal.TestMethodWorker.invokeTestMethods(TestMethodWorker.java:127)
	at org.testng.internal.TestMethodWorker.run(TestMethodWorker.java:111)
	at org.testng.TestRunner.privateRun(TestRunner.java:767)
	at org.testng.TestRunner.run(TestRunner.java:617)
	at org.testng.SuiteRunner.runTest(SuiteRunner.java:334)
	at org.testng.SuiteRunner.runSequentially(SuiteRunner.java:329)
	at org.testng.SuiteRunner.privateRun(SuiteRunner.java:291)
	at org.testng.SuiteRunner.run(SuiteRunner.java:240)
	at org.testng.SuiteRunnerWorker.runSuite(SuiteRunnerWorker.java:52)
	at org.testng.SuiteRunnerWorker.run(SuiteRunnerWorker.java:86)
	at org.testng.TestNG.runSuitesSequentially(TestNG.java:1198)
	at org.testng.TestNG.runSuitesLocally(TestNG.java:1123)
	at org.testng.TestNG.run(TestNG.java:1031)
	at org.apache.maven.surefire.testng.TestNGExecutor.run(TestNGExecutor.java:135)
	at org.apache.maven.surefire.testng.TestNGDirectoryTestSuite.executeMulti(TestNGDirectoryTestSuite.java:193)
	at org.apache.maven.surefire.testng.TestNGDirectoryTestSuite.execute(TestNGDirectoryTestSuite.java:94)
	at org.apache.maven.surefire.testng.TestNGProvider.invoke(TestNGProvider.java:146)
	at org.apache.maven.surefire.booter.ForkedBooter.invokeProviderInSameClassLoader(ForkedBooter.java:379)
	at org.apache.maven.surefire.booter.ForkedBooter.runSuitesInProcess(ForkedBooter.java:340)
	at org.apache.maven.surefire.booter.ForkedBooter.execute(ForkedBooter.java:125)
	at org.apache.maven.surefire.booter.ForkedBooter.main(ForkedBooter.java:413)
</pre></div></td>
<td>0</td>
<td>org.molgenis.core.ui.menu.MenuItemToMolgenisUiMenuAdapterTest@1de08775</td></tr>
<tr>
<td title='org.molgenis.core.ui.menu.MenuItemToMolgenisUiMenuItemAdapterTest.MenuItemToMolgenisUiMenuItemAdapter()'><b>MenuItemToMolgenisUiMenuItemAdapter</b><br>Test class: org.molgenis.core.ui.menu.MenuItemToMolgenisUiMenuItemAdapterTest</td>
<td><div><pre>java.lang.IllegalArgumentException: menuItem is null
	at org.molgenis.core.ui.menu.MenuItemToMolgenisUiMenuItemAdapter.&lt;init&gt;(MenuItemToMolgenisUiMenuItemAdapter.java:14)
	at org.molgenis.core.ui.menu.MenuItemToMolgenisUiMenuItemAdapterTest.MenuItemToMolgenisUiMenuItemAdapter(MenuItemToMolgenisUiMenuItemAdapterTest.java:13)
	at org.apache.maven.surefire.testng.TestNGExecutor.run(TestNGExecutor.java:135)
	at org.apache.maven.surefire.testng.TestNGDirectoryTestSuite.executeMulti(TestNGDirectoryTestSuite.java:193)
	at org.apache.maven.surefire.testng.TestNGDirectoryTestSuite.execute(TestNGDirectoryTestSuite.java:94)
	at org.apache.maven.surefire.testng.TestNGProvider.invoke(TestNGProvider.java:146)
	at org.apache.maven.surefire.booter.ForkedBooter.invokeProviderInSameClassLoader(ForkedBooter.java:379)
	at org.apache.maven.surefire.booter.ForkedBooter.runSuitesInProcess(ForkedBooter.java:340)
	at org.apache.maven.surefire.booter.ForkedBooter.execute(ForkedBooter.java:125)
	at org.apache.maven.surefire.booter.ForkedBooter.main(ForkedBooter.java:413)
... Removed 21 stack frames</pre></div><a href='#' onClick='toggleBox("stack-trace1187934319", this, "Click to show all stack frames", "Click to hide stack frames")'>Click to show all stack frames</a>
<div class='stack-trace' id='stack-trace1187934319'><pre>java.lang.IllegalArgumentException: menuItem is null
	at org.molgenis.core.ui.menu.MenuItemToMolgenisUiMenuItemAdapter.&lt;init&gt;(MenuItemToMolgenisUiMenuItemAdapter.java:14)
	at org.molgenis.core.ui.menu.MenuItemToMolgenisUiMenuItemAdapterTest.MenuItemToMolgenisUiMenuItemAdapter(MenuItemToMolgenisUiMenuItemAdapterTest.java:13)
	at sun.reflect.NativeMethodAccessorImpl.invoke0(Native Method)
	at sun.reflect.NativeMethodAccessorImpl.invoke(NativeMethodAccessorImpl.java:62)
	at sun.reflect.DelegatingMethodAccessorImpl.invoke(DelegatingMethodAccessorImpl.java:43)
	at java.lang.reflect.Method.invoke(Method.java:498)
	at org.testng.internal.MethodInvocationHelper.invokeMethod(MethodInvocationHelper.java:80)
	at org.testng.internal.Invoker.invokeMethod(Invoker.java:714)
	at org.testng.internal.Invoker.invokeTestMethod(Invoker.java:901)
	at org.testng.internal.Invoker.invokeTestMethods(Invoker.java:1231)
	at org.testng.internal.TestMethodWorker.invokeTestMethods(TestMethodWorker.java:127)
	at org.testng.internal.TestMethodWorker.run(TestMethodWorker.java:111)
	at org.testng.TestRunner.privateRun(TestRunner.java:767)
	at org.testng.TestRunner.run(TestRunner.java:617)
	at org.testng.SuiteRunner.runTest(SuiteRunner.java:334)
	at org.testng.SuiteRunner.runSequentially(SuiteRunner.java:329)
	at org.testng.SuiteRunner.privateRun(SuiteRunner.java:291)
	at org.testng.SuiteRunner.run(SuiteRunner.java:240)
	at org.testng.SuiteRunnerWorker.runSuite(SuiteRunnerWorker.java:52)
	at org.testng.SuiteRunnerWorker.run(SuiteRunnerWorker.java:86)
	at org.testng.TestNG.runSuitesSequentially(TestNG.java:1198)
	at org.testng.TestNG.runSuitesLocally(TestNG.java:1123)
	at org.testng.TestNG.run(TestNG.java:1031)
	at org.apache.maven.surefire.testng.TestNGExecutor.run(TestNGExecutor.java:135)
	at org.apache.maven.surefire.testng.TestNGDirectoryTestSuite.executeMulti(TestNGDirectoryTestSuite.java:193)
	at org.apache.maven.surefire.testng.TestNGDirectoryTestSuite.execute(TestNGDirectoryTestSuite.java:94)
	at org.apache.maven.surefire.testng.TestNGProvider.invoke(TestNGProvider.java:146)
	at org.apache.maven.surefire.booter.ForkedBooter.invokeProviderInSameClassLoader(ForkedBooter.java:379)
	at org.apache.maven.surefire.booter.ForkedBooter.runSuitesInProcess(ForkedBooter.java:340)
	at org.apache.maven.surefire.booter.ForkedBooter.execute(ForkedBooter.java:125)
	at org.apache.maven.surefire.booter.ForkedBooter.main(ForkedBooter.java:413)
</pre></div></td>
<td>0</td>
<td>org.molgenis.core.ui.menu.MenuItemToMolgenisUiMenuItemAdapterTest@fd4459b</td></tr>
<tr>
<td title='org.molgenis.core.ui.menu.MenuMolgenisUiTest.MenuMolgenisUi()'><b>MenuMolgenisUi</b><br>Test class: org.molgenis.core.ui.menu.MenuMolgenisUiTest</td>
<td><div><pre>java.lang.NullPointerException
	at java.util.Objects.requireNonNull(Objects.java:203)
	at org.molgenis.core.ui.menu.MenuMolgenisUi.&lt;init&gt;(MenuMolgenisUi.java:14)
	at org.molgenis.core.ui.menu.MenuMolgenisUiTest.MenuMolgenisUi(MenuMolgenisUiTest.java:28)
	at org.apache.maven.surefire.testng.TestNGExecutor.run(TestNGExecutor.java:135)
	at org.apache.maven.surefire.testng.TestNGDirectoryTestSuite.executeMulti(TestNGDirectoryTestSuite.java:193)
	at org.apache.maven.surefire.testng.TestNGDirectoryTestSuite.execute(TestNGDirectoryTestSuite.java:94)
	at org.apache.maven.surefire.testng.TestNGProvider.invoke(TestNGProvider.java:146)
	at org.apache.maven.surefire.booter.ForkedBooter.invokeProviderInSameClassLoader(ForkedBooter.java:379)
	at org.apache.maven.surefire.booter.ForkedBooter.runSuitesInProcess(ForkedBooter.java:340)
	at org.apache.maven.surefire.booter.ForkedBooter.execute(ForkedBooter.java:125)
	at org.apache.maven.surefire.booter.ForkedBooter.main(ForkedBooter.java:413)
... Removed 21 stack frames</pre></div><a href='#' onClick='toggleBox("stack-trace244818985", this, "Click to show all stack frames", "Click to hide stack frames")'>Click to show all stack frames</a>
<div class='stack-trace' id='stack-trace244818985'><pre>java.lang.NullPointerException
	at java.util.Objects.requireNonNull(Objects.java:203)
	at org.molgenis.core.ui.menu.MenuMolgenisUi.&lt;init&gt;(MenuMolgenisUi.java:14)
	at org.molgenis.core.ui.menu.MenuMolgenisUiTest.MenuMolgenisUi(MenuMolgenisUiTest.java:28)
	at sun.reflect.NativeMethodAccessorImpl.invoke0(Native Method)
	at sun.reflect.NativeMethodAccessorImpl.invoke(NativeMethodAccessorImpl.java:62)
	at sun.reflect.DelegatingMethodAccessorImpl.invoke(DelegatingMethodAccessorImpl.java:43)
	at java.lang.reflect.Method.invoke(Method.java:498)
	at org.testng.internal.MethodInvocationHelper.invokeMethod(MethodInvocationHelper.java:80)
	at org.testng.internal.Invoker.invokeMethod(Invoker.java:714)
	at org.testng.internal.Invoker.invokeTestMethod(Invoker.java:901)
	at org.testng.internal.Invoker.invokeTestMethods(Invoker.java:1231)
	at org.testng.internal.TestMethodWorker.invokeTestMethods(TestMethodWorker.java:127)
	at org.testng.internal.TestMethodWorker.run(TestMethodWorker.java:111)
	at org.testng.TestRunner.privateRun(TestRunner.java:767)
	at org.testng.TestRunner.run(TestRunner.java:617)
	at org.testng.SuiteRunner.runTest(SuiteRunner.java:334)
	at org.testng.SuiteRunner.runSequentially(SuiteRunner.java:329)
	at org.testng.SuiteRunner.privateRun(SuiteRunner.java:291)
	at org.testng.SuiteRunner.run(SuiteRunner.java:240)
	at org.testng.SuiteRunnerWorker.runSuite(SuiteRunnerWorker.java:52)
	at org.testng.SuiteRunnerWorker.run(SuiteRunnerWorker.java:86)
	at org.testng.TestNG.runSuitesSequentially(TestNG.java:1198)
	at org.testng.TestNG.runSuitesLocally(TestNG.java:1123)
	at org.testng.TestNG.run(TestNG.java:1031)
	at org.apache.maven.surefire.testng.TestNGExecutor.run(TestNGExecutor.java:135)
	at org.apache.maven.surefire.testng.TestNGDirectoryTestSuite.executeMulti(TestNGDirectoryTestSuite.java:193)
	at org.apache.maven.surefire.testng.TestNGDirectoryTestSuite.execute(TestNGDirectoryTestSuite.java:94)
	at org.apache.maven.surefire.testng.TestNGProvider.invoke(TestNGProvider.java:146)
	at org.apache.maven.surefire.booter.ForkedBooter.invokeProviderInSameClassLoader(ForkedBooter.java:379)
	at org.apache.maven.surefire.booter.ForkedBooter.runSuitesInProcess(ForkedBooter.java:340)
	at org.apache.maven.surefire.booter.ForkedBooter.execute(ForkedBooter.java:125)
	at org.apache.maven.surefire.booter.ForkedBooter.main(ForkedBooter.java:413)
</pre></div></td>
<td>0</td>
<td>org.molgenis.core.ui.menu.MenuMolgenisUiTest@7b3feb26</td></tr>
<tr>
<td title='org.molgenis.core.ui.menu.MenuReaderServiceImplTest.MenuReaderServiceImpl()'><b>MenuReaderServiceImpl</b><br>Test class: org.molgenis.core.ui.menu.MenuReaderServiceImplTest</td>
<td><div><pre>java.lang.NullPointerException
	at java.util.Objects.requireNonNull(Objects.java:203)
	at org.molgenis.core.ui.menu.MenuReaderServiceImpl.&lt;init&gt;(MenuReaderServiceImpl.java:15)
	at org.molgenis.core.ui.menu.MenuReaderServiceImplTest.MenuReaderServiceImpl(MenuReaderServiceImplTest.java:18)
	at org.apache.maven.surefire.testng.TestNGExecutor.run(TestNGExecutor.java:135)
	at org.apache.maven.surefire.testng.TestNGDirectoryTestSuite.executeMulti(TestNGDirectoryTestSuite.java:193)
	at org.apache.maven.surefire.testng.TestNGDirectoryTestSuite.execute(TestNGDirectoryTestSuite.java:94)
	at org.apache.maven.surefire.testng.TestNGProvider.invoke(TestNGProvider.java:146)
	at org.apache.maven.surefire.booter.ForkedBooter.invokeProviderInSameClassLoader(ForkedBooter.java:379)
	at org.apache.maven.surefire.booter.ForkedBooter.runSuitesInProcess(ForkedBooter.java:340)
	at org.apache.maven.surefire.booter.ForkedBooter.execute(ForkedBooter.java:125)
	at org.apache.maven.surefire.booter.ForkedBooter.main(ForkedBooter.java:413)
... Removed 21 stack frames</pre></div><a href='#' onClick='toggleBox("stack-trace561374824", this, "Click to show all stack frames", "Click to hide stack frames")'>Click to show all stack frames</a>
<div class='stack-trace' id='stack-trace561374824'><pre>java.lang.NullPointerException
	at java.util.Objects.requireNonNull(Objects.java:203)
	at org.molgenis.core.ui.menu.MenuReaderServiceImpl.&lt;init&gt;(MenuReaderServiceImpl.java:15)
	at org.molgenis.core.ui.menu.MenuReaderServiceImplTest.MenuReaderServiceImpl(MenuReaderServiceImplTest.java:18)
	at sun.reflect.NativeMethodAccessorImpl.invoke0(Native Method)
	at sun.reflect.NativeMethodAccessorImpl.invoke(NativeMethodAccessorImpl.java:62)
	at sun.reflect.DelegatingMethodAccessorImpl.invoke(DelegatingMethodAccessorImpl.java:43)
	at java.lang.reflect.Method.invoke(Method.java:498)
	at org.testng.internal.MethodInvocationHelper.invokeMethod(MethodInvocationHelper.java:80)
	at org.testng.internal.Invoker.invokeMethod(Invoker.java:714)
	at org.testng.internal.Invoker.invokeTestMethod(Invoker.java:901)
	at org.testng.internal.Invoker.invokeTestMethods(Invoker.java:1231)
	at org.testng.internal.TestMethodWorker.invokeTestMethods(TestMethodWorker.java:127)
	at org.testng.internal.TestMethodWorker.run(TestMethodWorker.java:111)
	at org.testng.TestRunner.privateRun(TestRunner.java:767)
	at org.testng.TestRunner.run(TestRunner.java:617)
	at org.testng.SuiteRunner.runTest(SuiteRunner.java:334)
	at org.testng.SuiteRunner.runSequentially(SuiteRunner.java:329)
	at org.testng.SuiteRunner.privateRun(SuiteRunner.java:291)
	at org.testng.SuiteRunner.run(SuiteRunner.java:240)
	at org.testng.SuiteRunnerWorker.runSuite(SuiteRunnerWorker.java:52)
	at org.testng.SuiteRunnerWorker.run(SuiteRunnerWorker.java:86)
	at org.testng.TestNG.runSuitesSequentially(TestNG.java:1198)
	at org.testng.TestNG.runSuitesLocally(TestNG.java:1123)
	at org.testng.TestNG.run(TestNG.java:1031)
	at org.apache.maven.surefire.testng.TestNGExecutor.run(TestNGExecutor.java:135)
	at org.apache.maven.surefire.testng.TestNGDirectoryTestSuite.executeMulti(TestNGDirectoryTestSuite.java:193)
	at org.apache.maven.surefire.testng.TestNGDirectoryTestSuite.execute(TestNGDirectoryTestSuite.java:94)
	at org.apache.maven.surefire.testng.TestNGProvider.invoke(TestNGProvider.java:146)
	at org.apache.maven.surefire.booter.ForkedBooter.invokeProviderInSameClassLoader(ForkedBooter.java:379)
	at org.apache.maven.surefire.booter.ForkedBooter.runSuitesInProcess(ForkedBooter.java:340)
	at org.apache.maven.surefire.booter.ForkedBooter.execute(ForkedBooter.java:125)
	at org.apache.maven.surefire.booter.ForkedBooter.main(ForkedBooter.java:413)
</pre></div></td>
<td>0</td>
<td>org.molgenis.core.ui.menu.MenuReaderServiceImplTest@6efd0a6e</td></tr>
<tr>
<td title='org.molgenis.core.ui.MolgenisInterceptorTest.MolgenisInterceptor()'><b>MolgenisInterceptor</b><br>Test class: org.molgenis.core.ui.MolgenisInterceptorTest</td>
<td><div><pre>java.lang.NullPointerException
	at java.util.Objects.requireNonNull(Objects.java:203)
	at org.molgenis.core.ui.MolgenisInterceptor.&lt;init&gt;(MolgenisInterceptor.java:41)
	at org.molgenis.core.ui.MolgenisInterceptorTest.MolgenisInterceptor(MolgenisInterceptorTest.java:45)
	at org.apache.maven.surefire.testng.TestNGExecutor.run(TestNGExecutor.java:135)
	at org.apache.maven.surefire.testng.TestNGDirectoryTestSuite.executeMulti(TestNGDirectoryTestSuite.java:193)
	at org.apache.maven.surefire.testng.TestNGDirectoryTestSuite.execute(TestNGDirectoryTestSuite.java:94)
	at org.apache.maven.surefire.testng.TestNGProvider.invoke(TestNGProvider.java:146)
	at org.apache.maven.surefire.booter.ForkedBooter.invokeProviderInSameClassLoader(ForkedBooter.java:379)
	at org.apache.maven.surefire.booter.ForkedBooter.runSuitesInProcess(ForkedBooter.java:340)
	at org.apache.maven.surefire.booter.ForkedBooter.execute(ForkedBooter.java:125)
	at org.apache.maven.surefire.booter.ForkedBooter.main(ForkedBooter.java:413)
... Removed 21 stack frames</pre></div><a href='#' onClick='toggleBox("stack-trace1379917106", this, "Click to show all stack frames", "Click to hide stack frames")'>Click to show all stack frames</a>
<div class='stack-trace' id='stack-trace1379917106'><pre>java.lang.NullPointerException
	at java.util.Objects.requireNonNull(Objects.java:203)
	at org.molgenis.core.ui.MolgenisInterceptor.&lt;init&gt;(MolgenisInterceptor.java:41)
	at org.molgenis.core.ui.MolgenisInterceptorTest.MolgenisInterceptor(MolgenisInterceptorTest.java:45)
	at sun.reflect.NativeMethodAccessorImpl.invoke0(Native Method)
	at sun.reflect.NativeMethodAccessorImpl.invoke(NativeMethodAccessorImpl.java:62)
	at sun.reflect.DelegatingMethodAccessorImpl.invoke(DelegatingMethodAccessorImpl.java:43)
	at java.lang.reflect.Method.invoke(Method.java:498)
	at org.testng.internal.MethodInvocationHelper.invokeMethod(MethodInvocationHelper.java:80)
	at org.testng.internal.Invoker.invokeMethod(Invoker.java:714)
	at org.testng.internal.Invoker.invokeTestMethod(Invoker.java:901)
	at org.testng.internal.Invoker.invokeTestMethods(Invoker.java:1231)
	at org.testng.internal.TestMethodWorker.invokeTestMethods(TestMethodWorker.java:127)
	at org.testng.internal.TestMethodWorker.run(TestMethodWorker.java:111)
	at org.testng.TestRunner.privateRun(TestRunner.java:767)
	at org.testng.TestRunner.run(TestRunner.java:617)
	at org.testng.SuiteRunner.runTest(SuiteRunner.java:334)
	at org.testng.SuiteRunner.runSequentially(SuiteRunner.java:329)
	at org.testng.SuiteRunner.privateRun(SuiteRunner.java:291)
	at org.testng.SuiteRunner.run(SuiteRunner.java:240)
	at org.testng.SuiteRunnerWorker.runSuite(SuiteRunnerWorker.java:52)
	at org.testng.SuiteRunnerWorker.run(SuiteRunnerWorker.java:86)
	at org.testng.TestNG.runSuitesSequentially(TestNG.java:1198)
	at org.testng.TestNG.runSuitesLocally(TestNG.java:1123)
	at org.testng.TestNG.run(TestNG.java:1031)
	at org.apache.maven.surefire.testng.TestNGExecutor.run(TestNGExecutor.java:135)
	at org.apache.maven.surefire.testng.TestNGDirectoryTestSuite.executeMulti(TestNGDirectoryTestSuite.java:193)
	at org.apache.maven.surefire.testng.TestNGDirectoryTestSuite.execute(TestNGDirectoryTestSuite.java:94)
	at org.apache.maven.surefire.testng.TestNGProvider.invoke(TestNGProvider.java:146)
	at org.apache.maven.surefire.booter.ForkedBooter.invokeProviderInSameClassLoader(ForkedBooter.java:379)
	at org.apache.maven.surefire.booter.ForkedBooter.runSuitesInProcess(ForkedBooter.java:340)
	at org.apache.maven.surefire.booter.ForkedBooter.execute(ForkedBooter.java:125)
	at org.apache.maven.surefire.booter.ForkedBooter.main(ForkedBooter.java:413)
</pre></div></td>
<td>0</td>
<td>org.molgenis.core.ui.MolgenisInterceptorTest@6996bbc4</td></tr>
<tr>
<td title='org.molgenis.core.ui.admin.permission.PermissionManagerControllerTest.PermissionManagerController()'><b>PermissionManagerController</b><br>Test class: org.molgenis.core.ui.admin.permission.PermissionManagerControllerTest</td>
<td><div><pre>java.lang.NullPointerException
	at java.util.Objects.requireNonNull(Objects.java:203)
	at org.molgenis.core.ui.admin.permission.PermissionManagerController.&lt;init&gt;(PermissionManagerController.java:75)
	at org.molgenis.core.ui.admin.permission.PermissionManagerControllerTest.PermissionManagerController(PermissionManagerControllerTest.java:234)
	at org.springframework.test.context.testng.AbstractTestNGSpringContextTests.run(AbstractTestNGSpringContextTests.java:180)
	at org.apache.maven.surefire.testng.TestNGExecutor.run(TestNGExecutor.java:135)
	at org.apache.maven.surefire.testng.TestNGDirectoryTestSuite.executeMulti(TestNGDirectoryTestSuite.java:193)
	at org.apache.maven.surefire.testng.TestNGDirectoryTestSuite.execute(TestNGDirectoryTestSuite.java:94)
	at org.apache.maven.surefire.testng.TestNGProvider.invoke(TestNGProvider.java:146)
	at org.apache.maven.surefire.booter.ForkedBooter.invokeProviderInSameClassLoader(ForkedBooter.java:379)
	at org.apache.maven.surefire.booter.ForkedBooter.runSuitesInProcess(ForkedBooter.java:340)
	at org.apache.maven.surefire.booter.ForkedBooter.execute(ForkedBooter.java:125)
	at org.apache.maven.surefire.booter.ForkedBooter.main(ForkedBooter.java:413)
... Removed 26 stack frames</pre></div><a href='#' onClick='toggleBox("stack-trace858406129", this, "Click to show all stack frames", "Click to hide stack frames")'>Click to show all stack frames</a>
<div class='stack-trace' id='stack-trace858406129'><pre>java.lang.NullPointerException
	at java.util.Objects.requireNonNull(Objects.java:203)
	at org.molgenis.core.ui.admin.permission.PermissionManagerController.&lt;init&gt;(PermissionManagerController.java:75)
	at org.molgenis.core.ui.admin.permission.PermissionManagerControllerTest.PermissionManagerController(PermissionManagerControllerTest.java:234)
	at sun.reflect.NativeMethodAccessorImpl.invoke0(Native Method)
	at sun.reflect.NativeMethodAccessorImpl.invoke(NativeMethodAccessorImpl.java:62)
	at sun.reflect.DelegatingMethodAccessorImpl.invoke(DelegatingMethodAccessorImpl.java:43)
	at java.lang.reflect.Method.invoke(Method.java:498)
	at org.testng.internal.MethodInvocationHelper.invokeMethod(MethodInvocationHelper.java:80)
	at org.testng.internal.MethodInvocationHelper$1.runTestMethod(MethodInvocationHelper.java:182)
	at org.springframework.test.context.testng.AbstractTestNGSpringContextTests.run(AbstractTestNGSpringContextTests.java:180)
	at sun.reflect.GeneratedMethodAccessor97.invoke(Unknown Source)
	at sun.reflect.DelegatingMethodAccessorImpl.invoke(DelegatingMethodAccessorImpl.java:43)
	at java.lang.reflect.Method.invoke(Method.java:498)
	at org.testng.internal.MethodInvocationHelper.invokeHookable(MethodInvocationHelper.java:194)
	at org.testng.internal.Invoker.invokeMethod(Invoker.java:707)
	at org.testng.internal.Invoker.invokeTestMethod(Invoker.java:901)
	at org.testng.internal.Invoker.invokeTestMethods(Invoker.java:1231)
	at org.testng.internal.TestMethodWorker.invokeTestMethods(TestMethodWorker.java:127)
	at org.testng.internal.TestMethodWorker.run(TestMethodWorker.java:111)
	at org.testng.TestRunner.privateRun(TestRunner.java:767)
	at org.testng.TestRunner.run(TestRunner.java:617)
	at org.testng.SuiteRunner.runTest(SuiteRunner.java:334)
	at org.testng.SuiteRunner.runSequentially(SuiteRunner.java:329)
	at org.testng.SuiteRunner.privateRun(SuiteRunner.java:291)
	at org.testng.SuiteRunner.run(SuiteRunner.java:240)
	at org.testng.SuiteRunnerWorker.runSuite(SuiteRunnerWorker.java:52)
	at org.testng.SuiteRunnerWorker.run(SuiteRunnerWorker.java:86)
	at org.testng.TestNG.runSuitesSequentially(TestNG.java:1198)
	at org.testng.TestNG.runSuitesLocally(TestNG.java:1123)
	at org.testng.TestNG.run(TestNG.java:1031)
	at org.apache.maven.surefire.testng.TestNGExecutor.run(TestNGExecutor.java:135)
	at org.apache.maven.surefire.testng.TestNGDirectoryTestSuite.executeMulti(TestNGDirectoryTestSuite.java:193)
	at org.apache.maven.surefire.testng.TestNGDirectoryTestSuite.execute(TestNGDirectoryTestSuite.java:94)
	at org.apache.maven.surefire.testng.TestNGProvider.invoke(TestNGProvider.java:146)
	at org.apache.maven.surefire.booter.ForkedBooter.invokeProviderInSameClassLoader(ForkedBooter.java:379)
	at org.apache.maven.surefire.booter.ForkedBooter.runSuitesInProcess(ForkedBooter.java:340)
	at org.apache.maven.surefire.booter.ForkedBooter.execute(ForkedBooter.java:125)
	at org.apache.maven.surefire.booter.ForkedBooter.main(ForkedBooter.java:413)
</pre></div></td>
<td>0</td>
<td>org.molgenis.core.ui.admin.permission.PermissionManagerControllerTest@5529522f</td></tr>
<tr>
<td title='org.molgenis.core.ui.XmlMolgenisUiMenuTest.XmlMolgenisUiMenu()'><b>XmlMolgenisUiMenu</b><br>Test class: org.molgenis.core.ui.XmlMolgenisUiMenuTest</td>
<td><div><pre>java.lang.IllegalArgumentException: menu type is null
	at org.molgenis.core.ui.XmlMolgenisUiMenu.&lt;init&gt;(XmlMolgenisUiMenu.java:31)
	at org.molgenis.core.ui.XmlMolgenisUiMenu.&lt;init&gt;(XmlMolgenisUiMenu.java:26)
	at org.molgenis.core.ui.XmlMolgenisUiMenuTest.XmlMolgenisUiMenu(XmlMolgenisUiMenuTest.java:38)
	at org.apache.maven.surefire.testng.TestNGExecutor.run(TestNGExecutor.java:135)
	at org.apache.maven.surefire.testng.TestNGDirectoryTestSuite.executeMulti(TestNGDirectoryTestSuite.java:193)
	at org.apache.maven.surefire.testng.TestNGDirectoryTestSuite.execute(TestNGDirectoryTestSuite.java:94)
	at org.apache.maven.surefire.testng.TestNGProvider.invoke(TestNGProvider.java:146)
	at org.apache.maven.surefire.booter.ForkedBooter.invokeProviderInSameClassLoader(ForkedBooter.java:379)
	at org.apache.maven.surefire.booter.ForkedBooter.runSuitesInProcess(ForkedBooter.java:340)
	at org.apache.maven.surefire.booter.ForkedBooter.execute(ForkedBooter.java:125)
	at org.apache.maven.surefire.booter.ForkedBooter.main(ForkedBooter.java:413)
... Removed 21 stack frames</pre></div><a href='#' onClick='toggleBox("stack-trace18886588", this, "Click to show all stack frames", "Click to hide stack frames")'>Click to show all stack frames</a>
<div class='stack-trace' id='stack-trace18886588'><pre>java.lang.IllegalArgumentException: menu type is null
	at org.molgenis.core.ui.XmlMolgenisUiMenu.&lt;init&gt;(XmlMolgenisUiMenu.java:31)
	at org.molgenis.core.ui.XmlMolgenisUiMenu.&lt;init&gt;(XmlMolgenisUiMenu.java:26)
	at org.molgenis.core.ui.XmlMolgenisUiMenuTest.XmlMolgenisUiMenu(XmlMolgenisUiMenuTest.java:38)
	at sun.reflect.NativeMethodAccessorImpl.invoke0(Native Method)
	at sun.reflect.NativeMethodAccessorImpl.invoke(NativeMethodAccessorImpl.java:62)
	at sun.reflect.DelegatingMethodAccessorImpl.invoke(DelegatingMethodAccessorImpl.java:43)
	at java.lang.reflect.Method.invoke(Method.java:498)
	at org.testng.internal.MethodInvocationHelper.invokeMethod(MethodInvocationHelper.java:80)
	at org.testng.internal.Invoker.invokeMethod(Invoker.java:714)
	at org.testng.internal.Invoker.invokeTestMethod(Invoker.java:901)
	at org.testng.internal.Invoker.invokeTestMethods(Invoker.java:1231)
	at org.testng.internal.TestMethodWorker.invokeTestMethods(TestMethodWorker.java:127)
	at org.testng.internal.TestMethodWorker.run(TestMethodWorker.java:111)
	at org.testng.TestRunner.privateRun(TestRunner.java:767)
	at org.testng.TestRunner.run(TestRunner.java:617)
	at org.testng.SuiteRunner.runTest(SuiteRunner.java:334)
	at org.testng.SuiteRunner.runSequentially(SuiteRunner.java:329)
	at org.testng.SuiteRunner.privateRun(SuiteRunner.java:291)
	at org.testng.SuiteRunner.run(SuiteRunner.java:240)
	at org.testng.SuiteRunnerWorker.runSuite(SuiteRunnerWorker.java:52)
	at org.testng.SuiteRunnerWorker.run(SuiteRunnerWorker.java:86)
	at org.testng.TestNG.runSuitesSequentially(TestNG.java:1198)
	at org.testng.TestNG.runSuitesLocally(TestNG.java:1123)
	at org.testng.TestNG.run(TestNG.java:1031)
	at org.apache.maven.surefire.testng.TestNGExecutor.run(TestNGExecutor.java:135)
	at org.apache.maven.surefire.testng.TestNGDirectoryTestSuite.executeMulti(TestNGDirectoryTestSuite.java:193)
	at org.apache.maven.surefire.testng.TestNGDirectoryTestSuite.execute(TestNGDirectoryTestSuite.java:94)
	at org.apache.maven.surefire.testng.TestNGProvider.invoke(TestNGProvider.java:146)
	at org.apache.maven.surefire.booter.ForkedBooter.invokeProviderInSameClassLoader(ForkedBooter.java:379)
	at org.apache.maven.surefire.booter.ForkedBooter.runSuitesInProcess(ForkedBooter.java:340)
	at org.apache.maven.surefire.booter.ForkedBooter.execute(ForkedBooter.java:125)
	at org.apache.maven.surefire.booter.ForkedBooter.main(ForkedBooter.java:413)
</pre></div></td>
<td>0</td>
<td>org.molgenis.core.ui.XmlMolgenisUiMenuTest@7e38e254</td></tr>
<tr>
<td title='org.molgenis.core.ui.XmlMolgenisUiPluginTest.XmlMolgenisUiPlugin()'><b>XmlMolgenisUiPlugin</b><br>Test class: org.molgenis.core.ui.XmlMolgenisUiPluginTest</td>
<td><div><pre>java.lang.IllegalArgumentException: plugin type is null
	at org.molgenis.core.ui.XmlMolgenisUiPlugin.&lt;init&gt;(XmlMolgenisUiPlugin.java:23)
	at org.molgenis.core.ui.XmlMolgenisUiPluginTest.XmlMolgenisUiPlugin(XmlMolgenisUiPluginTest.java:36)
	at org.apache.maven.surefire.testng.TestNGExecutor.run(TestNGExecutor.java:135)
	at org.apache.maven.surefire.testng.TestNGDirectoryTestSuite.executeMulti(TestNGDirectoryTestSuite.java:193)
	at org.apache.maven.surefire.testng.TestNGDirectoryTestSuite.execute(TestNGDirectoryTestSuite.java:94)
	at org.apache.maven.surefire.testng.TestNGProvider.invoke(TestNGProvider.java:146)
	at org.apache.maven.surefire.booter.ForkedBooter.invokeProviderInSameClassLoader(ForkedBooter.java:379)
	at org.apache.maven.surefire.booter.ForkedBooter.runSuitesInProcess(ForkedBooter.java:340)
	at org.apache.maven.surefire.booter.ForkedBooter.execute(ForkedBooter.java:125)
	at org.apache.maven.surefire.booter.ForkedBooter.main(ForkedBooter.java:413)
... Removed 21 stack frames</pre></div><a href='#' onClick='toggleBox("stack-trace429150167", this, "Click to show all stack frames", "Click to hide stack frames")'>Click to show all stack frames</a>
<div class='stack-trace' id='stack-trace429150167'><pre>java.lang.IllegalArgumentException: plugin type is null
	at org.molgenis.core.ui.XmlMolgenisUiPlugin.&lt;init&gt;(XmlMolgenisUiPlugin.java:23)
	at org.molgenis.core.ui.XmlMolgenisUiPluginTest.XmlMolgenisUiPlugin(XmlMolgenisUiPluginTest.java:36)
	at sun.reflect.NativeMethodAccessorImpl.invoke0(Native Method)
	at sun.reflect.NativeMethodAccessorImpl.invoke(NativeMethodAccessorImpl.java:62)
	at sun.reflect.DelegatingMethodAccessorImpl.invoke(DelegatingMethodAccessorImpl.java:43)
	at java.lang.reflect.Method.invoke(Method.java:498)
	at org.testng.internal.MethodInvocationHelper.invokeMethod(MethodInvocationHelper.java:80)
	at org.testng.internal.Invoker.invokeMethod(Invoker.java:714)
	at org.testng.internal.Invoker.invokeTestMethod(Invoker.java:901)
	at org.testng.internal.Invoker.invokeTestMethods(Invoker.java:1231)
	at org.testng.internal.TestMethodWorker.invokeTestMethods(TestMethodWorker.java:127)
	at org.testng.internal.TestMethodWorker.run(TestMethodWorker.java:111)
	at org.testng.TestRunner.privateRun(TestRunner.java:767)
	at org.testng.TestRunner.run(TestRunner.java:617)
	at org.testng.SuiteRunner.runTest(SuiteRunner.java:334)
	at org.testng.SuiteRunner.runSequentially(SuiteRunner.java:329)
	at org.testng.SuiteRunner.privateRun(SuiteRunner.java:291)
	at org.testng.SuiteRunner.run(SuiteRunner.java:240)
	at org.testng.SuiteRunnerWorker.runSuite(SuiteRunnerWorker.java:52)
	at org.testng.SuiteRunnerWorker.run(SuiteRunnerWorker.java:86)
	at org.testng.TestNG.runSuitesSequentially(TestNG.java:1198)
	at org.testng.TestNG.runSuitesLocally(TestNG.java:1123)
	at org.testng.TestNG.run(TestNG.java:1031)
	at org.apache.maven.surefire.testng.TestNGExecutor.run(TestNGExecutor.java:135)
	at org.apache.maven.surefire.testng.TestNGDirectoryTestSuite.executeMulti(TestNGDirectoryTestSuite.java:193)
	at org.apache.maven.surefire.testng.TestNGDirectoryTestSuite.execute(TestNGDirectoryTestSuite.java:94)
	at org.apache.maven.surefire.testng.TestNGProvider.invoke(TestNGProvider.java:146)
	at org.apache.maven.surefire.booter.ForkedBooter.invokeProviderInSameClassLoader(ForkedBooter.java:379)
	at org.apache.maven.surefire.booter.ForkedBooter.runSuitesInProcess(ForkedBooter.java:340)
	at org.apache.maven.surefire.booter.ForkedBooter.execute(ForkedBooter.java:125)
	at org.apache.maven.surefire.booter.ForkedBooter.main(ForkedBooter.java:413)
</pre></div></td>
<td>0</td>
<td>org.molgenis.core.ui.XmlMolgenisUiPluginTest@7db162f2</td></tr>
<tr>
<td title='org.molgenis.core.ui.style.StyleServiceTest.addBootstrap3And4Styles()'><b>addBootstrap3And4Styles</b><br>Test class: org.molgenis.core.ui.style.StyleServiceTest</td>
<td></td>
<td>0</td>
<td>org.molgenis.core.ui.style.StyleServiceTest@779228dc</td></tr>
<tr>
<td title='org.molgenis.core.ui.style.StyleServiceTest.addBootstrap3StyleOnly()'><b>addBootstrap3StyleOnly</b><br>Test class: org.molgenis.core.ui.style.StyleServiceTest</td>
<td></td>
<td>0</td>
<td>org.molgenis.core.ui.style.StyleServiceTest@779228dc</td></tr>
<tr>
<td title='org.molgenis.core.ui.thememanager.ThemeManagerControllerTest.addBootstrap3ThemeOnly()'><b>addBootstrap3ThemeOnly</b><br>Test class: org.molgenis.core.ui.thememanager.ThemeManagerControllerTest</td>
<td></td>
<td>0</td>
<td>org.molgenis.core.ui.thememanager.ThemeManagerControllerTest@1b60d324</td></tr>
<tr>
<td title='org.molgenis.core.ui.thememanager.ThemeManagerControllerTest.addBootstrap3and4Theme()'><b>addBootstrap3and4Theme</b><br>Test class: org.molgenis.core.ui.thememanager.ThemeManagerControllerTest</td>
<td></td>
<td>0</td>
<td>org.molgenis.core.ui.thememanager.ThemeManagerControllerTest@1b60d324</td></tr>
<tr>
<td title='org.molgenis.core.ui.wizard.WizardTest.addPage()'><b>addPage</b><br>Test class: org.molgenis.core.ui.wizard.WizardTest</td>
<td></td>
<td>0</td>
<td>org.molgenis.core.ui.wizard.WizardTest@21a5b599</td></tr>
<tr>
<td title='org.molgenis.core.ui.style.StyleServiceTest.addStylesWithExistingId()'><b>addStylesWithExistingId</b><br>Test class: org.molgenis.core.ui.style.StyleServiceTest</td>
<td><div><pre>org.molgenis.core.ui.style.MolgenisStyleException: A style with the same identifier (style) already exists
	at org.molgenis.core.ui.style.StyleServiceImpl.addStyle(StyleServiceImpl.java:68)
	at org.molgenis.core.ui.style.StyleServiceTest.addStylesWithExistingId(StyleServiceTest.java:137)
	at org.springframework.test.context.testng.AbstractTestNGSpringContextTests.run(AbstractTestNGSpringContextTests.java:180)
	at org.apache.maven.surefire.testng.TestNGExecutor.run(TestNGExecutor.java:135)
	at org.apache.maven.surefire.testng.TestNGDirectoryTestSuite.executeMulti(TestNGDirectoryTestSuite.java:193)
	at org.apache.maven.surefire.testng.TestNGDirectoryTestSuite.execute(TestNGDirectoryTestSuite.java:94)
	at org.apache.maven.surefire.testng.TestNGProvider.invoke(TestNGProvider.java:146)
	at org.apache.maven.surefire.booter.ForkedBooter.invokeProviderInSameClassLoader(ForkedBooter.java:379)
	at org.apache.maven.surefire.booter.ForkedBooter.runSuitesInProcess(ForkedBooter.java:340)
	at org.apache.maven.surefire.booter.ForkedBooter.execute(ForkedBooter.java:125)
	at org.apache.maven.surefire.booter.ForkedBooter.main(ForkedBooter.java:413)
... Removed 26 stack frames</pre></div><a href='#' onClick='toggleBox("stack-trace941824275", this, "Click to show all stack frames", "Click to hide stack frames")'>Click to show all stack frames</a>
<div class='stack-trace' id='stack-trace941824275'><pre>org.molgenis.core.ui.style.MolgenisStyleException: A style with the same identifier (style) already exists
	at org.molgenis.core.ui.style.StyleServiceImpl.addStyle(StyleServiceImpl.java:68)
	at org.molgenis.core.ui.style.StyleServiceTest.addStylesWithExistingId(StyleServiceTest.java:137)
	at sun.reflect.NativeMethodAccessorImpl.invoke0(Native Method)
	at sun.reflect.NativeMethodAccessorImpl.invoke(NativeMethodAccessorImpl.java:62)
	at sun.reflect.DelegatingMethodAccessorImpl.invoke(DelegatingMethodAccessorImpl.java:43)
	at java.lang.reflect.Method.invoke(Method.java:498)
	at org.testng.internal.MethodInvocationHelper.invokeMethod(MethodInvocationHelper.java:80)
	at org.testng.internal.MethodInvocationHelper$1.runTestMethod(MethodInvocationHelper.java:182)
	at org.springframework.test.context.testng.AbstractTestNGSpringContextTests.run(AbstractTestNGSpringContextTests.java:180)
	at sun.reflect.GeneratedMethodAccessor97.invoke(Unknown Source)
	at sun.reflect.DelegatingMethodAccessorImpl.invoke(DelegatingMethodAccessorImpl.java:43)
	at java.lang.reflect.Method.invoke(Method.java:498)
	at org.testng.internal.MethodInvocationHelper.invokeHookable(MethodInvocationHelper.java:194)
	at org.testng.internal.Invoker.invokeMethod(Invoker.java:707)
	at org.testng.internal.Invoker.invokeTestMethod(Invoker.java:901)
	at org.testng.internal.Invoker.invokeTestMethods(Invoker.java:1231)
	at org.testng.internal.TestMethodWorker.invokeTestMethods(TestMethodWorker.java:127)
	at org.testng.internal.TestMethodWorker.run(TestMethodWorker.java:111)
	at org.testng.TestRunner.privateRun(TestRunner.java:767)
	at org.testng.TestRunner.run(TestRunner.java:617)
	at org.testng.SuiteRunner.runTest(SuiteRunner.java:334)
	at org.testng.SuiteRunner.runSequentially(SuiteRunner.java:329)
	at org.testng.SuiteRunner.privateRun(SuiteRunner.java:291)
	at org.testng.SuiteRunner.run(SuiteRunner.java:240)
	at org.testng.SuiteRunnerWorker.runSuite(SuiteRunnerWorker.java:52)
	at org.testng.SuiteRunnerWorker.run(SuiteRunnerWorker.java:86)
	at org.testng.TestNG.runSuitesSequentially(TestNG.java:1198)
	at org.testng.TestNG.runSuitesLocally(TestNG.java:1123)
	at org.testng.TestNG.run(TestNG.java:1031)
	at org.apache.maven.surefire.testng.TestNGExecutor.run(TestNGExecutor.java:135)
	at org.apache.maven.surefire.testng.TestNGDirectoryTestSuite.executeMulti(TestNGDirectoryTestSuite.java:193)
	at org.apache.maven.surefire.testng.TestNGDirectoryTestSuite.execute(TestNGDirectoryTestSuite.java:94)
	at org.apache.maven.surefire.testng.TestNGProvider.invoke(TestNGProvider.java:146)
	at org.apache.maven.surefire.booter.ForkedBooter.invokeProviderInSameClassLoader(ForkedBooter.java:379)
	at org.apache.maven.surefire.booter.ForkedBooter.runSuitesInProcess(ForkedBooter.java:340)
	at org.apache.maven.surefire.booter.ForkedBooter.execute(ForkedBooter.java:125)
	at org.apache.maven.surefire.booter.ForkedBooter.main(ForkedBooter.java:413)
</pre></div></td>
<td>0</td>
<td>org.molgenis.core.ui.style.StyleServiceTest@779228dc</td></tr>
<tr>
<td title='org.molgenis.core.ui.admin.usermanager.UserManagerServiceImplTest.addUserToGroupNonSu()'><b>addUserToGroupNonSu</b><br>Test class: org.molgenis.core.ui.admin.usermanager.UserManagerServiceImplTest</td>
<td><div><pre>org.springframework.security.access.AccessDeniedException: Access is denied
	at org.springframework.security.access.vote.AffirmativeBased.decide(AffirmativeBased.java:84)
	at org.springframework.security.access.intercept.AbstractSecurityInterceptor.beforeInvocation(AbstractSecurityInterceptor.java:233)
	at org.springframework.security.access.intercept.aopalliance.MethodSecurityInterceptor.invoke(MethodSecurityInterceptor.java:65)
	at org.springframework.aop.framework.ReflectiveMethodInvocation.proceed(ReflectiveMethodInvocation.java:185)
	at org.springframework.aop.framework.JdkDynamicAopProxy.invoke(JdkDynamicAopProxy.java:212)
	at com.sun.proxy.$Proxy85.addUserToGroup(Unknown Source)
	at org.molgenis.core.ui.admin.usermanager.UserManagerServiceImplTest.addUserToGroupNonSu(UserManagerServiceImplTest.java:303)
	at org.springframework.test.context.testng.AbstractTestNGSpringContextTests.run(AbstractTestNGSpringContextTests.java:180)
	at org.apache.maven.surefire.testng.TestNGExecutor.run(TestNGExecutor.java:135)
	at org.apache.maven.surefire.testng.TestNGDirectoryTestSuite.executeMulti(TestNGDirectoryTestSuite.java:193)
	at org.apache.maven.surefire.testng.TestNGDirectoryTestSuite.execute(TestNGDirectoryTestSuite.java:94)
	at org.apache.maven.surefire.testng.TestNGProvider.invoke(TestNGProvider.java:146)
	at org.apache.maven.surefire.booter.ForkedBooter.invokeProviderInSameClassLoader(ForkedBooter.java:379)
	at org.apache.maven.surefire.booter.ForkedBooter.runSuitesInProcess(ForkedBooter.java:340)
	at org.apache.maven.surefire.booter.ForkedBooter.execute(ForkedBooter.java:125)
	at org.apache.maven.surefire.booter.ForkedBooter.main(ForkedBooter.java:413)
... Removed 26 stack frames</pre></div><a href='#' onClick='toggleBox("stack-trace304177439", this, "Click to show all stack frames", "Click to hide stack frames")'>Click to show all stack frames</a>
<div class='stack-trace' id='stack-trace304177439'><pre>org.springframework.security.access.AccessDeniedException: Access is denied
	at org.springframework.security.access.vote.AffirmativeBased.decide(AffirmativeBased.java:84)
	at org.springframework.security.access.intercept.AbstractSecurityInterceptor.beforeInvocation(AbstractSecurityInterceptor.java:233)
	at org.springframework.security.access.intercept.aopalliance.MethodSecurityInterceptor.invoke(MethodSecurityInterceptor.java:65)
	at org.springframework.aop.framework.ReflectiveMethodInvocation.proceed(ReflectiveMethodInvocation.java:185)
	at org.springframework.aop.framework.JdkDynamicAopProxy.invoke(JdkDynamicAopProxy.java:212)
	at com.sun.proxy.$Proxy85.addUserToGroup(Unknown Source)
	at org.molgenis.core.ui.admin.usermanager.UserManagerServiceImplTest.addUserToGroupNonSu(UserManagerServiceImplTest.java:303)
	at sun.reflect.NativeMethodAccessorImpl.invoke0(Native Method)
	at sun.reflect.NativeMethodAccessorImpl.invoke(NativeMethodAccessorImpl.java:62)
	at sun.reflect.DelegatingMethodAccessorImpl.invoke(DelegatingMethodAccessorImpl.java:43)
	at java.lang.reflect.Method.invoke(Method.java:498)
	at org.testng.internal.MethodInvocationHelper.invokeMethod(MethodInvocationHelper.java:80)
	at org.testng.internal.MethodInvocationHelper$1.runTestMethod(MethodInvocationHelper.java:182)
	at org.springframework.test.context.testng.AbstractTestNGSpringContextTests.run(AbstractTestNGSpringContextTests.java:180)
	at sun.reflect.GeneratedMethodAccessor97.invoke(Unknown Source)
	at sun.reflect.DelegatingMethodAccessorImpl.invoke(DelegatingMethodAccessorImpl.java:43)
	at java.lang.reflect.Method.invoke(Method.java:498)
	at org.testng.internal.MethodInvocationHelper.invokeHookable(MethodInvocationHelper.java:194)
	at org.testng.internal.Invoker.invokeMethod(Invoker.java:707)
	at org.testng.internal.Invoker.invokeTestMethod(Invoker.java:901)
	at org.testng.internal.Invoker.invokeTestMethods(Invoker.java:1231)
	at org.testng.internal.TestMethodWorker.invokeTestMethods(TestMethodWorker.java:127)
	at org.testng.internal.TestMethodWorker.run(TestMethodWorker.java:111)
	at org.testng.TestRunner.privateRun(TestRunner.java:767)
	at org.testng.TestRunner.run(TestRunner.java:617)
	at org.testng.SuiteRunner.runTest(SuiteRunner.java:334)
	at org.testng.SuiteRunner.runSequentially(SuiteRunner.java:329)
	at org.testng.SuiteRunner.privateRun(SuiteRunner.java:291)
	at org.testng.SuiteRunner.run(SuiteRunner.java:240)
	at org.testng.SuiteRunnerWorker.runSuite(SuiteRunnerWorker.java:52)
	at org.testng.SuiteRunnerWorker.run(SuiteRunnerWorker.java:86)
	at org.testng.TestNG.runSuitesSequentially(TestNG.java:1198)
	at org.testng.TestNG.runSuitesLocally(TestNG.java:1123)
	at org.testng.TestNG.run(TestNG.java:1031)
	at org.apache.maven.surefire.testng.TestNGExecutor.run(TestNGExecutor.java:135)
	at org.apache.maven.surefire.testng.TestNGDirectoryTestSuite.executeMulti(TestNGDirectoryTestSuite.java:193)
	at org.apache.maven.surefire.testng.TestNGDirectoryTestSuite.execute(TestNGDirectoryTestSuite.java:94)
	at org.apache.maven.surefire.testng.TestNGProvider.invoke(TestNGProvider.java:146)
	at org.apache.maven.surefire.booter.ForkedBooter.invokeProviderInSameClassLoader(ForkedBooter.java:379)
	at org.apache.maven.surefire.booter.ForkedBooter.runSuitesInProcess(ForkedBooter.java:340)
	at org.apache.maven.surefire.booter.ForkedBooter.execute(ForkedBooter.java:125)
	at org.apache.maven.surefire.booter.ForkedBooter.main(ForkedBooter.java:413)
</pre></div></td>
<td>0</td>
<td>org.molgenis.core.ui.admin.usermanager.UserManagerServiceImplTest@d1f23a0</td></tr>
<tr>
<td title='org.molgenis.core.ui.admin.usermanager.UserManagerServiceImplTest.addUserToGroupSu()'><b>addUserToGroupSu</b><br>Test class: org.molgenis.core.ui.admin.usermanager.UserManagerServiceImplTest</td>
<td></td>
<td>0</td>
<td>org.molgenis.core.ui.admin.usermanager.UserManagerServiceImplTest@d1f23a0</td></tr>
<tr>
<td title='org.molgenis.core.ui.admin.user.UserAccountControllerMockMvcTest.changeLanguageForbidden()'><b>changeLanguageForbidden</b><br>Test class: org.molgenis.core.ui.admin.user.UserAccountControllerMockMvcTest</td>
<td></td>
<td>0</td>
<td>org.molgenis.core.ui.admin.user.UserAccountControllerMockMvcTest@63e70bf9</td></tr>
<tr>
<td title='org.molgenis.core.ui.admin.user.UserAccountControllerMockMvcTest.changeLanguageNPE()'><b>changeLanguageNPE</b><br>Test class: org.molgenis.core.ui.admin.user.UserAccountControllerMockMvcTest</td>
<td></td>
<td>0</td>
<td>org.molgenis.core.ui.admin.user.UserAccountControllerMockMvcTest@63e70bf9</td></tr>
<tr>
<td title='org.molgenis.core.ui.admin.user.UserAccountControllerMockMvcTest.changeLanguageOk()'><b>changeLanguageOk</b><br>Test class: org.molgenis.core.ui.admin.user.UserAccountControllerMockMvcTest</td>
<td></td>
<td>0</td>
<td>org.molgenis.core.ui.admin.user.UserAccountControllerMockMvcTest@63e70bf9</td></tr>
<tr>
<td title='org.molgenis.core.ui.admin.user.UserAccountControllerMockMvcTest.changeLanguageUnknownLanguage()'><b>changeLanguageUnknownLanguage</b><br>Test class: org.molgenis.core.ui.admin.user.UserAccountControllerMockMvcTest</td>
<td></td>
<td>0</td>
<td>org.molgenis.core.ui.admin.user.UserAccountControllerMockMvcTest@63e70bf9</td></tr>
<tr>
<td title='org.molgenis.core.ui.controller.StaticContentServiceImplTest.checkPermissionsNoException()'><b>checkPermissionsNoException</b><br>Test class: org.molgenis.core.ui.controller.StaticContentServiceImplTest</td>
<td></td>
<td>0</td>
<td>org.molgenis.core.ui.controller.StaticContentServiceImplTest@3bf5911d</td></tr>
<tr>
<td title='org.molgenis.core.ui.controller.StaticContentServiceImplTest.checkPermissionsThrowsException()'><b>checkPermissionsThrowsException</b><br>Test class: org.molgenis.core.ui.controller.StaticContentServiceImplTest</td>
<td><div><pre>org.molgenis.data.security.exception.EntityTypePermissionDeniedException: FAILED TO FORMAT LOCALIZED MESSAGE FOR ERROR CODE DS04.%nFallback message: permission:UPDATE_DATA entityTypeId:sys_StaticContent
	at org.molgenis.core.ui.controller.StaticContentServiceImpl.checkPermissions(StaticContentServiceImpl.java:100)
	at org.molgenis.core.ui.controller.StaticContentServiceImplTest.checkPermissionsThrowsException(StaticContentServiceImplTest.java:93)
	at org.apache.maven.surefire.testng.TestNGExecutor.run(TestNGExecutor.java:135)
	at org.apache.maven.surefire.testng.TestNGDirectoryTestSuite.executeMulti(TestNGDirectoryTestSuite.java:193)
	at org.apache.maven.surefire.testng.TestNGDirectoryTestSuite.execute(TestNGDirectoryTestSuite.java:94)
	at org.apache.maven.surefire.testng.TestNGProvider.invoke(TestNGProvider.java:146)
	at org.apache.maven.surefire.booter.ForkedBooter.invokeProviderInSameClassLoader(ForkedBooter.java:379)
	at org.apache.maven.surefire.booter.ForkedBooter.runSuitesInProcess(ForkedBooter.java:340)
	at org.apache.maven.surefire.booter.ForkedBooter.execute(ForkedBooter.java:125)
	at org.apache.maven.surefire.booter.ForkedBooter.main(ForkedBooter.java:413)
... Removed 21 stack frames</pre></div><a href='#' onClick='toggleBox("stack-trace1477880930", this, "Click to show all stack frames", "Click to hide stack frames")'>Click to show all stack frames</a>
<div class='stack-trace' id='stack-trace1477880930'><pre>org.molgenis.data.security.exception.EntityTypePermissionDeniedException: FAILED TO FORMAT LOCALIZED MESSAGE FOR ERROR CODE DS04.%nFallback message: permission:UPDATE_DATA entityTypeId:sys_StaticContent
	at org.molgenis.core.ui.controller.StaticContentServiceImpl.checkPermissions(StaticContentServiceImpl.java:100)
	at org.molgenis.core.ui.controller.StaticContentServiceImplTest.checkPermissionsThrowsException(StaticContentServiceImplTest.java:93)
	at sun.reflect.NativeMethodAccessorImpl.invoke0(Native Method)
	at sun.reflect.NativeMethodAccessorImpl.invoke(NativeMethodAccessorImpl.java:62)
	at sun.reflect.DelegatingMethodAccessorImpl.invoke(DelegatingMethodAccessorImpl.java:43)
	at java.lang.reflect.Method.invoke(Method.java:498)
	at org.testng.internal.MethodInvocationHelper.invokeMethod(MethodInvocationHelper.java:80)
	at org.testng.internal.Invoker.invokeMethod(Invoker.java:714)
	at org.testng.internal.Invoker.invokeTestMethod(Invoker.java:901)
	at org.testng.internal.Invoker.invokeTestMethods(Invoker.java:1231)
	at org.testng.internal.TestMethodWorker.invokeTestMethods(TestMethodWorker.java:127)
	at org.testng.internal.TestMethodWorker.run(TestMethodWorker.java:111)
	at org.testng.TestRunner.privateRun(TestRunner.java:767)
	at org.testng.TestRunner.run(TestRunner.java:617)
	at org.testng.SuiteRunner.runTest(SuiteRunner.java:334)
	at org.testng.SuiteRunner.runSequentially(SuiteRunner.java:329)
	at org.testng.SuiteRunner.privateRun(SuiteRunner.java:291)
	at org.testng.SuiteRunner.run(SuiteRunner.java:240)
	at org.testng.SuiteRunnerWorker.runSuite(SuiteRunnerWorker.java:52)
	at org.testng.SuiteRunnerWorker.run(SuiteRunnerWorker.java:86)
	at org.testng.TestNG.runSuitesSequentially(TestNG.java:1198)
	at org.testng.TestNG.runSuitesLocally(TestNG.java:1123)
	at org.testng.TestNG.run(TestNG.java:1031)
	at org.apache.maven.surefire.testng.TestNGExecutor.run(TestNGExecutor.java:135)
	at org.apache.maven.surefire.testng.TestNGDirectoryTestSuite.executeMulti(TestNGDirectoryTestSuite.java:193)
	at org.apache.maven.surefire.testng.TestNGDirectoryTestSuite.execute(TestNGDirectoryTestSuite.java:94)
	at org.apache.maven.surefire.testng.TestNGProvider.invoke(TestNGProvider.java:146)
	at org.apache.maven.surefire.booter.ForkedBooter.invokeProviderInSameClassLoader(ForkedBooter.java:379)
	at org.apache.maven.surefire.booter.ForkedBooter.runSuitesInProcess(ForkedBooter.java:340)
	at org.apache.maven.surefire.booter.ForkedBooter.execute(ForkedBooter.java:125)
	at org.apache.maven.surefire.booter.ForkedBooter.main(ForkedBooter.java:413)
</pre></div></td>
<td>0</td>
<td>org.molgenis.core.ui.controller.StaticContentServiceImplTest@3bf5911d</td></tr>
<tr>
<td title='org.molgenis.core.ui.menu.MenuItemToMolgenisUiMenuAdapterTest.containsItem_child()'><b>containsItem_child</b><br>Test class: org.molgenis.core.ui.menu.MenuItemToMolgenisUiMenuAdapterTest</td>
<td></td>
<td>0</td>
<td>org.molgenis.core.ui.menu.MenuItemToMolgenisUiMenuAdapterTest@1de08775</td></tr>
<tr>
<td title='org.molgenis.core.ui.menu.MenuItemToMolgenisUiMenuAdapterTest.containsItem_excludeSelf()'><b>containsItem_excludeSelf</b><br>Test class: org.molgenis.core.ui.menu.MenuItemToMolgenisUiMenuAdapterTest</td>
<td></td>
<td>0</td>
<td>org.molgenis.core.ui.menu.MenuItemToMolgenisUiMenuAdapterTest@1de08775</td></tr>
<tr>
<td title='org.molgenis.core.ui.style.StyleTest.createLocal()'><b>createLocal</b><br>Test class: org.molgenis.core.ui.style.StyleTest</td>
<td></td>
<td>0</td>
<td>org.molgenis.core.ui.style.StyleTest@538aa83f</td></tr>
<tr>
<td title='org.molgenis.core.ui.menu.MenuUtilsTest.findMenuItemPath()'><b>findMenuItemPath</b><br>Test class: org.molgenis.core.ui.menu.MenuUtilsTest</td>
<td></td>
<td>0</td>
<td>org.molgenis.core.ui.menu.MenuUtilsTest@152e7703</td></tr>
<tr>
<td title='org.molgenis.core.ui.menu.MenuItemToMolgenisUiMenuAdapterTest.getActiveItem()'><b>getActiveItem</b><br>Test class: org.molgenis.core.ui.menu.MenuItemToMolgenisUiMenuAdapterTest</td>
<td></td>
<td>0</td>
<td>org.molgenis.core.ui.menu.MenuItemToMolgenisUiMenuAdapterTest@1de08775</td></tr>
<tr>
<td title='org.molgenis.core.ui.XmlMolgenisUiMenuTest.getActiveItem()'><b>getActiveItem</b><br>Test class: org.molgenis.core.ui.XmlMolgenisUiMenuTest</td>
<td></td>
<td>0</td>
<td>org.molgenis.core.ui.XmlMolgenisUiMenuTest@7e38e254</td></tr>
<tr>
<td title='org.molgenis.core.ui.XmlMolgenisUiMenuTest.getActiveItem_noActiveItem()'><b>getActiveItem_noActiveItem</b><br>Test class: org.molgenis.core.ui.XmlMolgenisUiMenuTest</td>
<td></td>
<td>0</td>
<td>org.molgenis.core.ui.XmlMolgenisUiMenuTest@7e38e254</td></tr>
<tr>
<td title='org.molgenis.core.ui.admin.usermanager.UserManagerServiceImplTest.getAllMolgenisGroupsSu()'><b>getAllMolgenisGroupsSu</b><br>Test class: org.molgenis.core.ui.admin.usermanager.UserManagerServiceImplTest</td>
<td></td>
<td>0</td>
<td>org.molgenis.core.ui.admin.usermanager.UserManagerServiceImplTest@d1f23a0</td></tr>
<tr>
<td title='org.molgenis.core.ui.admin.usermanager.UserManagerServiceImplTest.getAllMolgenisGroups_Non_SU()'><b>getAllMolgenisGroups_Non_SU</b><br>Test class: org.molgenis.core.ui.admin.usermanager.UserManagerServiceImplTest</td>
<td><div><pre>org.springframework.security.access.AccessDeniedException: Access is denied
	at org.springframework.security.access.vote.AffirmativeBased.decide(AffirmativeBased.java:84)
	at org.springframework.security.access.intercept.AbstractSecurityInterceptor.beforeInvocation(AbstractSecurityInterceptor.java:233)
	at org.springframework.security.access.intercept.aopalliance.MethodSecurityInterceptor.invoke(MethodSecurityInterceptor.java:65)
	at org.springframework.aop.framework.ReflectiveMethodInvocation.proceed(ReflectiveMethodInvocation.java:185)
	at org.springframework.aop.framework.JdkDynamicAopProxy.invoke(JdkDynamicAopProxy.java:212)
	at com.sun.proxy.$Proxy85.getAllGroups(Unknown Source)
	at org.molgenis.core.ui.admin.usermanager.UserManagerServiceImplTest.getAllMolgenisGroups_Non_SU(UserManagerServiceImplTest.java:178)
	at org.springframework.test.context.testng.AbstractTestNGSpringContextTests.run(AbstractTestNGSpringContextTests.java:180)
	at org.apache.maven.surefire.testng.TestNGExecutor.run(TestNGExecutor.java:135)
	at org.apache.maven.surefire.testng.TestNGDirectoryTestSuite.executeMulti(TestNGDirectoryTestSuite.java:193)
	at org.apache.maven.surefire.testng.TestNGDirectoryTestSuite.execute(TestNGDirectoryTestSuite.java:94)
	at org.apache.maven.surefire.testng.TestNGProvider.invoke(TestNGProvider.java:146)
	at org.apache.maven.surefire.booter.ForkedBooter.invokeProviderInSameClassLoader(ForkedBooter.java:379)
	at org.apache.maven.surefire.booter.ForkedBooter.runSuitesInProcess(ForkedBooter.java:340)
	at org.apache.maven.surefire.booter.ForkedBooter.execute(ForkedBooter.java:125)
	at org.apache.maven.surefire.booter.ForkedBooter.main(ForkedBooter.java:413)
... Removed 26 stack frames</pre></div><a href='#' onClick='toggleBox("stack-trace1900128656", this, "Click to show all stack frames", "Click to hide stack frames")'>Click to show all stack frames</a>
<div class='stack-trace' id='stack-trace1900128656'><pre>org.springframework.security.access.AccessDeniedException: Access is denied
	at org.springframework.security.access.vote.AffirmativeBased.decide(AffirmativeBased.java:84)
	at org.springframework.security.access.intercept.AbstractSecurityInterceptor.beforeInvocation(AbstractSecurityInterceptor.java:233)
	at org.springframework.security.access.intercept.aopalliance.MethodSecurityInterceptor.invoke(MethodSecurityInterceptor.java:65)
	at org.springframework.aop.framework.ReflectiveMethodInvocation.proceed(ReflectiveMethodInvocation.java:185)
	at org.springframework.aop.framework.JdkDynamicAopProxy.invoke(JdkDynamicAopProxy.java:212)
	at com.sun.proxy.$Proxy85.getAllGroups(Unknown Source)
	at org.molgenis.core.ui.admin.usermanager.UserManagerServiceImplTest.getAllMolgenisGroups_Non_SU(UserManagerServiceImplTest.java:178)
	at sun.reflect.NativeMethodAccessorImpl.invoke0(Native Method)
	at sun.reflect.NativeMethodAccessorImpl.invoke(NativeMethodAccessorImpl.java:62)
	at sun.reflect.DelegatingMethodAccessorImpl.invoke(DelegatingMethodAccessorImpl.java:43)
	at java.lang.reflect.Method.invoke(Method.java:498)
	at org.testng.internal.MethodInvocationHelper.invokeMethod(MethodInvocationHelper.java:80)
	at org.testng.internal.MethodInvocationHelper$1.runTestMethod(MethodInvocationHelper.java:182)
	at org.springframework.test.context.testng.AbstractTestNGSpringContextTests.run(AbstractTestNGSpringContextTests.java:180)
	at sun.reflect.GeneratedMethodAccessor97.invoke(Unknown Source)
	at sun.reflect.DelegatingMethodAccessorImpl.invoke(DelegatingMethodAccessorImpl.java:43)
	at java.lang.reflect.Method.invoke(Method.java:498)
	at org.testng.internal.MethodInvocationHelper.invokeHookable(MethodInvocationHelper.java:194)
	at org.testng.internal.Invoker.invokeMethod(Invoker.java:707)
	at org.testng.internal.Invoker.invokeTestMethod(Invoker.java:901)
	at org.testng.internal.Invoker.invokeTestMethods(Invoker.java:1231)
	at org.testng.internal.TestMethodWorker.invokeTestMethods(TestMethodWorker.java:127)
	at org.testng.internal.TestMethodWorker.run(TestMethodWorker.java:111)
	at org.testng.TestRunner.privateRun(TestRunner.java:767)
	at org.testng.TestRunner.run(TestRunner.java:617)
	at org.testng.SuiteRunner.runTest(SuiteRunner.java:334)
	at org.testng.SuiteRunner.runSequentially(SuiteRunner.java:329)
	at org.testng.SuiteRunner.privateRun(SuiteRunner.java:291)
	at org.testng.SuiteRunner.run(SuiteRunner.java:240)
	at org.testng.SuiteRunnerWorker.runSuite(SuiteRunnerWorker.java:52)
	at org.testng.SuiteRunnerWorker.run(SuiteRunnerWorker.java:86)
	at org.testng.TestNG.runSuitesSequentially(TestNG.java:1198)
	at org.testng.TestNG.runSuitesLocally(TestNG.java:1123)
	at org.testng.TestNG.run(TestNG.java:1031)
	at org.apache.maven.surefire.testng.TestNGExecutor.run(TestNGExecutor.java:135)
	at org.apache.maven.surefire.testng.TestNGDirectoryTestSuite.executeMulti(TestNGDirectoryTestSuite.java:193)
	at org.apache.maven.surefire.testng.TestNGDirectoryTestSuite.execute(TestNGDirectoryTestSuite.java:94)
	at org.apache.maven.surefire.testng.TestNGProvider.invoke(TestNGProvider.java:146)
	at org.apache.maven.surefire.booter.ForkedBooter.invokeProviderInSameClassLoader(ForkedBooter.java:379)
	at org.apache.maven.surefire.booter.ForkedBooter.runSuitesInProcess(ForkedBooter.java:340)
	at org.apache.maven.surefire.booter.ForkedBooter.execute(ForkedBooter.java:125)
	at org.apache.maven.surefire.booter.ForkedBooter.main(ForkedBooter.java:413)
</pre></div></td>
<td>0</td>
<td>org.molgenis.core.ui.admin.usermanager.UserManagerServiceImplTest@d1f23a0</td></tr>
<tr>
<td title='org.molgenis.core.ui.admin.usermanager.UserManagerServiceImplTest.getAllMolgenisUsersNonSu()'><b>getAllMolgenisUsersNonSu</b><br>Test class: org.molgenis.core.ui.admin.usermanager.UserManagerServiceImplTest</td>
<td><div><pre>org.springframework.security.access.AccessDeniedException: Access is denied
	at org.springframework.security.access.vote.AffirmativeBased.decide(AffirmativeBased.java:84)
	at org.springframework.security.access.intercept.AbstractSecurityInterceptor.beforeInvocation(AbstractSecurityInterceptor.java:233)
	at org.springframework.security.access.intercept.aopalliance.MethodSecurityInterceptor.invoke(MethodSecurityInterceptor.java:65)
	at org.springframework.aop.framework.ReflectiveMethodInvocation.proceed(ReflectiveMethodInvocation.java:185)
	at org.springframework.aop.framework.JdkDynamicAopProxy.invoke(JdkDynamicAopProxy.java:212)
	at com.sun.proxy.$Proxy85.getAllUsers(Unknown Source)
	at org.molgenis.core.ui.admin.usermanager.UserManagerServiceImplTest.getAllMolgenisUsersNonSu(UserManagerServiceImplTest.java:161)
	at org.springframework.test.context.testng.AbstractTestNGSpringContextTests.run(AbstractTestNGSpringContextTests.java:180)
	at org.apache.maven.surefire.testng.TestNGExecutor.run(TestNGExecutor.java:135)
	at org.apache.maven.surefire.testng.TestNGDirectoryTestSuite.executeMulti(TestNGDirectoryTestSuite.java:193)
	at org.apache.maven.surefire.testng.TestNGDirectoryTestSuite.execute(TestNGDirectoryTestSuite.java:94)
	at org.apache.maven.surefire.testng.TestNGProvider.invoke(TestNGProvider.java:146)
	at org.apache.maven.surefire.booter.ForkedBooter.invokeProviderInSameClassLoader(ForkedBooter.java:379)
	at org.apache.maven.surefire.booter.ForkedBooter.runSuitesInProcess(ForkedBooter.java:340)
	at org.apache.maven.surefire.booter.ForkedBooter.execute(ForkedBooter.java:125)
	at org.apache.maven.surefire.booter.ForkedBooter.main(ForkedBooter.java:413)
... Removed 26 stack frames</pre></div><a href='#' onClick='toggleBox("stack-trace1588243975", this, "Click to show all stack frames", "Click to hide stack frames")'>Click to show all stack frames</a>
<div class='stack-trace' id='stack-trace1588243975'><pre>org.springframework.security.access.AccessDeniedException: Access is denied
	at org.springframework.security.access.vote.AffirmativeBased.decide(AffirmativeBased.java:84)
	at org.springframework.security.access.intercept.AbstractSecurityInterceptor.beforeInvocation(AbstractSecurityInterceptor.java:233)
	at org.springframework.security.access.intercept.aopalliance.MethodSecurityInterceptor.invoke(MethodSecurityInterceptor.java:65)
	at org.springframework.aop.framework.ReflectiveMethodInvocation.proceed(ReflectiveMethodInvocation.java:185)
	at org.springframework.aop.framework.JdkDynamicAopProxy.invoke(JdkDynamicAopProxy.java:212)
	at com.sun.proxy.$Proxy85.getAllUsers(Unknown Source)
	at org.molgenis.core.ui.admin.usermanager.UserManagerServiceImplTest.getAllMolgenisUsersNonSu(UserManagerServiceImplTest.java:161)
	at sun.reflect.NativeMethodAccessorImpl.invoke0(Native Method)
	at sun.reflect.NativeMethodAccessorImpl.invoke(NativeMethodAccessorImpl.java:62)
	at sun.reflect.DelegatingMethodAccessorImpl.invoke(DelegatingMethodAccessorImpl.java:43)
	at java.lang.reflect.Method.invoke(Method.java:498)
	at org.testng.internal.MethodInvocationHelper.invokeMethod(MethodInvocationHelper.java:80)
	at org.testng.internal.MethodInvocationHelper$1.runTestMethod(MethodInvocationHelper.java:182)
	at org.springframework.test.context.testng.AbstractTestNGSpringContextTests.run(AbstractTestNGSpringContextTests.java:180)
	at sun.reflect.GeneratedMethodAccessor97.invoke(Unknown Source)
	at sun.reflect.DelegatingMethodAccessorImpl.invoke(DelegatingMethodAccessorImpl.java:43)
	at java.lang.reflect.Method.invoke(Method.java:498)
	at org.testng.internal.MethodInvocationHelper.invokeHookable(MethodInvocationHelper.java:194)
	at org.testng.internal.Invoker.invokeMethod(Invoker.java:707)
	at org.testng.internal.Invoker.invokeTestMethod(Invoker.java:901)
	at org.testng.internal.Invoker.invokeTestMethods(Invoker.java:1231)
	at org.testng.internal.TestMethodWorker.invokeTestMethods(TestMethodWorker.java:127)
	at org.testng.internal.TestMethodWorker.run(TestMethodWorker.java:111)
	at org.testng.TestRunner.privateRun(TestRunner.java:767)
	at org.testng.TestRunner.run(TestRunner.java:617)
	at org.testng.SuiteRunner.runTest(SuiteRunner.java:334)
	at org.testng.SuiteRunner.runSequentially(SuiteRunner.java:329)
	at org.testng.SuiteRunner.privateRun(SuiteRunner.java:291)
	at org.testng.SuiteRunner.run(SuiteRunner.java:240)
	at org.testng.SuiteRunnerWorker.runSuite(SuiteRunnerWorker.java:52)
	at org.testng.SuiteRunnerWorker.run(SuiteRunnerWorker.java:86)
	at org.testng.TestNG.runSuitesSequentially(TestNG.java:1198)
	at org.testng.TestNG.runSuitesLocally(TestNG.java:1123)
	at org.testng.TestNG.run(TestNG.java:1031)
	at org.apache.maven.surefire.testng.TestNGExecutor.run(TestNGExecutor.java:135)
	at org.apache.maven.surefire.testng.TestNGDirectoryTestSuite.executeMulti(TestNGDirectoryTestSuite.java:193)
	at org.apache.maven.surefire.testng.TestNGDirectoryTestSuite.execute(TestNGDirectoryTestSuite.java:94)
	at org.apache.maven.surefire.testng.TestNGProvider.invoke(TestNGProvider.java:146)
	at org.apache.maven.surefire.booter.ForkedBooter.invokeProviderInSameClassLoader(ForkedBooter.java:379)
	at org.apache.maven.surefire.booter.ForkedBooter.runSuitesInProcess(ForkedBooter.java:340)
	at org.apache.maven.surefire.booter.ForkedBooter.execute(ForkedBooter.java:125)
	at org.apache.maven.surefire.booter.ForkedBooter.main(ForkedBooter.java:413)
</pre></div></td>
<td>0</td>
<td>org.molgenis.core.ui.admin.usermanager.UserManagerServiceImplTest@d1f23a0</td></tr>
<tr>
<td title='org.molgenis.core.ui.admin.usermanager.UserManagerServiceImplTest.getAllMolgenisUsersSu()'><b>getAllMolgenisUsersSu</b><br>Test class: org.molgenis.core.ui.admin.usermanager.UserManagerServiceImplTest</td>
<td></td>
<td>0</td>
<td>org.molgenis.core.ui.admin.usermanager.UserManagerServiceImplTest@d1f23a0</td></tr>
<tr>
<td title='org.molgenis.core.ui.style.StyleServiceTest.getBootstrap3ThemeData()'><b>getBootstrap3ThemeData</b><br>Test class: org.molgenis.core.ui.style.StyleServiceTest</td>
<td></td>
<td>0</td>
<td>org.molgenis.core.ui.style.StyleServiceTest@779228dc</td></tr>
<tr>
<td title='org.molgenis.core.ui.style.StyleServiceTest.getBootstrap4FallBackThemeData()'><b>getBootstrap4FallBackThemeData</b><br>Test class: org.molgenis.core.ui.style.StyleServiceTest</td>
<td></td>
<td>0</td>
<td>org.molgenis.core.ui.style.StyleServiceTest@779228dc</td></tr>
<tr>
<td title='org.molgenis.core.ui.style.StyleServiceTest.getBootstrap4ThemeData()'><b>getBootstrap4ThemeData</b><br>Test class: org.molgenis.core.ui.style.StyleServiceTest</td>
<td></td>
<td>0</td>
<td>org.molgenis.core.ui.style.StyleServiceTest@779228dc</td></tr>
<tr>
<td title='org.molgenis.core.ui.XmlMolgenisUiMenuTest.getBreadcrumb()'><b>getBreadcrumb</b><br>Test class: org.molgenis.core.ui.XmlMolgenisUiMenuTest</td>
<td></td>
<td>0</td>
<td>org.molgenis.core.ui.XmlMolgenisUiMenuTest@7e38e254</td></tr>
<tr>
<td title='org.molgenis.core.ui.menu.MenuItemToMolgenisUiMenuAdapterTest.getBreadcrumb_menu()'><b>getBreadcrumb_menu</b><br>Test class: org.molgenis.core.ui.menu.MenuItemToMolgenisUiMenuAdapterTest</td>
<td></td>
<td>0</td>
<td>org.molgenis.core.ui.menu.MenuItemToMolgenisUiMenuAdapterTest@1de08775</td></tr>
<tr>
<td title='org.molgenis.core.ui.menu.MenuItemToMolgenisUiMenuAdapterTest.getBreadcrumb_submenu()'><b>getBreadcrumb_submenu</b><br>Test class: org.molgenis.core.ui.menu.MenuItemToMolgenisUiMenuAdapterTest</td>
<td></td>
<td>0</td>
<td>org.molgenis.core.ui.menu.MenuItemToMolgenisUiMenuAdapterTest@1de08775</td></tr>
<tr>
<td title='org.molgenis.core.ui.menu.MenuItemToMolgenisUiMenuAdapterTest.getBreadcrumb_subsubmenu()'><b>getBreadcrumb_subsubmenu</b><br>Test class: org.molgenis.core.ui.menu.MenuItemToMolgenisUiMenuAdapterTest</td>
<td></td>
<td>0</td>
<td>org.molgenis.core.ui.menu.MenuItemToMolgenisUiMenuAdapterTest@1de08775</td></tr>
<tr>
<td title='org.molgenis.core.ui.controller.StaticContentServiceImplTest.getContent()'><b>getContent</b><br>Test class: org.molgenis.core.ui.controller.StaticContentServiceImplTest</td>
<td></td>
<td>0</td>
<td>org.molgenis.core.ui.controller.StaticContentServiceImplTest@3bf5911d</td></tr>
<tr>
<td title='org.molgenis.core.ui.wizard.WizardTest.getCurrentPage()'><b>getCurrentPage</b><br>Test class: org.molgenis.core.ui.wizard.WizardTest</td>
<td></td>
<td>0</td>
<td>org.molgenis.core.ui.wizard.WizardTest@21a5b599</td></tr>
<tr>
<td title='org.molgenis.core.ui.MolgenisUiUtilsTest.getCurrentUri()'><b>getCurrentUri</b><br>Test class: org.molgenis.core.ui.MolgenisUiUtilsTest</td>
<td></td>
<td>0</td>
<td>org.molgenis.core.ui.MolgenisUiUtilsTest@51a719e7</td></tr>
<tr>
<td title='org.molgenis.core.ui.style.ThemeFingerprintRegistryTest.getFingerprint()'><b>getFingerprint</b><br>Test class: org.molgenis.core.ui.style.ThemeFingerprintRegistryTest</td>
<td></td>
<td>0</td>
<td>org.molgenis.core.ui.style.ThemeFingerprintRegistryTest@2dbf2da</td></tr>
<tr>
<td title='org.molgenis.core.ui.admin.usermanager.UserManagerServiceImplTest.getGroupsWhereUserIsMemberNonUs()'><b>getGroupsWhereUserIsMemberNonUs</b><br>Test class: org.molgenis.core.ui.admin.usermanager.UserManagerServiceImplTest</td>
<td><div><pre>org.springframework.security.access.AccessDeniedException: Access is denied
	at org.springframework.security.access.vote.AffirmativeBased.decide(AffirmativeBased.java:84)
	at org.springframework.security.access.intercept.AbstractSecurityInterceptor.beforeInvocation(AbstractSecurityInterceptor.java:233)
	at org.springframework.security.access.intercept.aopalliance.MethodSecurityInterceptor.invoke(MethodSecurityInterceptor.java:65)
	at org.springframework.aop.framework.ReflectiveMethodInvocation.proceed(ReflectiveMethodInvocation.java:185)
	at org.springframework.aop.framework.JdkDynamicAopProxy.invoke(JdkDynamicAopProxy.java:212)
	at com.sun.proxy.$Proxy85.getGroupsWhereUserIsMember(Unknown Source)
	at org.molgenis.core.ui.admin.usermanager.UserManagerServiceImplTest.getGroupsWhereUserIsMemberNonUs(UserManagerServiceImplTest.java:185)
	at org.springframework.test.context.testng.AbstractTestNGSpringContextTests.run(AbstractTestNGSpringContextTests.java:180)
	at org.apache.maven.surefire.testng.TestNGExecutor.run(TestNGExecutor.java:135)
	at org.apache.maven.surefire.testng.TestNGDirectoryTestSuite.executeMulti(TestNGDirectoryTestSuite.java:193)
	at org.apache.maven.surefire.testng.TestNGDirectoryTestSuite.execute(TestNGDirectoryTestSuite.java:94)
	at org.apache.maven.surefire.testng.TestNGProvider.invoke(TestNGProvider.java:146)
	at org.apache.maven.surefire.booter.ForkedBooter.invokeProviderInSameClassLoader(ForkedBooter.java:379)
	at org.apache.maven.surefire.booter.ForkedBooter.runSuitesInProcess(ForkedBooter.java:340)
	at org.apache.maven.surefire.booter.ForkedBooter.execute(ForkedBooter.java:125)
	at org.apache.maven.surefire.booter.ForkedBooter.main(ForkedBooter.java:413)
... Removed 26 stack frames</pre></div><a href='#' onClick='toggleBox("stack-trace575969746", this, "Click to show all stack frames", "Click to hide stack frames")'>Click to show all stack frames</a>
<div class='stack-trace' id='stack-trace575969746'><pre>org.springframework.security.access.AccessDeniedException: Access is denied
	at org.springframework.security.access.vote.AffirmativeBased.decide(AffirmativeBased.java:84)
	at org.springframework.security.access.intercept.AbstractSecurityInterceptor.beforeInvocation(AbstractSecurityInterceptor.java:233)
	at org.springframework.security.access.intercept.aopalliance.MethodSecurityInterceptor.invoke(MethodSecurityInterceptor.java:65)
	at org.springframework.aop.framework.ReflectiveMethodInvocation.proceed(ReflectiveMethodInvocation.java:185)
	at org.springframework.aop.framework.JdkDynamicAopProxy.invoke(JdkDynamicAopProxy.java:212)
	at com.sun.proxy.$Proxy85.getGroupsWhereUserIsMember(Unknown Source)
	at org.molgenis.core.ui.admin.usermanager.UserManagerServiceImplTest.getGroupsWhereUserIsMemberNonUs(UserManagerServiceImplTest.java:185)
	at sun.reflect.NativeMethodAccessorImpl.invoke0(Native Method)
	at sun.reflect.NativeMethodAccessorImpl.invoke(NativeMethodAccessorImpl.java:62)
	at sun.reflect.DelegatingMethodAccessorImpl.invoke(DelegatingMethodAccessorImpl.java:43)
	at java.lang.reflect.Method.invoke(Method.java:498)
	at org.testng.internal.MethodInvocationHelper.invokeMethod(MethodInvocationHelper.java:80)
	at org.testng.internal.MethodInvocationHelper$1.runTestMethod(MethodInvocationHelper.java:182)
	at org.springframework.test.context.testng.AbstractTestNGSpringContextTests.run(AbstractTestNGSpringContextTests.java:180)
	at sun.reflect.GeneratedMethodAccessor97.invoke(Unknown Source)
	at sun.reflect.DelegatingMethodAccessorImpl.invoke(DelegatingMethodAccessorImpl.java:43)
	at java.lang.reflect.Method.invoke(Method.java:498)
	at org.testng.internal.MethodInvocationHelper.invokeHookable(MethodInvocationHelper.java:194)
	at org.testng.internal.Invoker.invokeMethod(Invoker.java:707)
	at org.testng.internal.Invoker.invokeTestMethod(Invoker.java:901)
	at org.testng.internal.Invoker.invokeTestMethods(Invoker.java:1231)
	at org.testng.internal.TestMethodWorker.invokeTestMethods(TestMethodWorker.java:127)
	at org.testng.internal.TestMethodWorker.run(TestMethodWorker.java:111)
	at org.testng.TestRunner.privateRun(TestRunner.java:767)
	at org.testng.TestRunner.run(TestRunner.java:617)
	at org.testng.SuiteRunner.runTest(SuiteRunner.java:334)
	at org.testng.SuiteRunner.runSequentially(SuiteRunner.java:329)
	at org.testng.SuiteRunner.privateRun(SuiteRunner.java:291)
	at org.testng.SuiteRunner.run(SuiteRunner.java:240)
	at org.testng.SuiteRunnerWorker.runSuite(SuiteRunnerWorker.java:52)
	at org.testng.SuiteRunnerWorker.run(SuiteRunnerWorker.java:86)
	at org.testng.TestNG.runSuitesSequentially(TestNG.java:1198)
	at org.testng.TestNG.runSuitesLocally(TestNG.java:1123)
	at org.testng.TestNG.run(TestNG.java:1031)
	at org.apache.maven.surefire.testng.TestNGExecutor.run(TestNGExecutor.java:135)
	at org.apache.maven.surefire.testng.TestNGDirectoryTestSuite.executeMulti(TestNGDirectoryTestSuite.java:193)
	at org.apache.maven.surefire.testng.TestNGDirectoryTestSuite.execute(TestNGDirectoryTestSuite.java:94)
	at org.apache.maven.surefire.testng.TestNGProvider.invoke(TestNGProvider.java:146)
	at org.apache.maven.surefire.booter.ForkedBooter.invokeProviderInSameClassLoader(ForkedBooter.java:379)
	at org.apache.maven.surefire.booter.ForkedBooter.runSuitesInProcess(ForkedBooter.java:340)
	at org.apache.maven.surefire.booter.ForkedBooter.execute(ForkedBooter.java:125)
	at org.apache.maven.surefire.booter.ForkedBooter.main(ForkedBooter.java:413)
</pre></div></td>
<td>0</td>
<td>org.molgenis.core.ui.admin.usermanager.UserManagerServiceImplTest@d1f23a0</td></tr>
<tr>
<td title='org.molgenis.core.ui.admin.usermanager.UserManagerServiceImplTest.getGroupsWhereUserIsMemberSu()'><b>getGroupsWhereUserIsMemberSu</b><br>Test class: org.molgenis.core.ui.admin.usermanager.UserManagerServiceImplTest</td>
<td></td>
<td>0</td>
<td>org.molgenis.core.ui.admin.usermanager.UserManagerServiceImplTest@d1f23a0</td></tr>
<tr>
<td title='org.molgenis.core.ui.admin.usermanager.UserManagerServiceImplTest.getGroupsWhereUserIsNotMemberNonUs()'><b>getGroupsWhereUserIsNotMemberNonUs</b><br>Test class: org.molgenis.core.ui.admin.usermanager.UserManagerServiceImplTest</td>
<td><div><pre>org.springframework.security.access.AccessDeniedException: Access is denied
	at org.springframework.security.access.vote.AffirmativeBased.decide(AffirmativeBased.java:84)
	at org.springframework.security.access.intercept.AbstractSecurityInterceptor.beforeInvocation(AbstractSecurityInterceptor.java:233)
	at org.springframework.security.access.intercept.aopalliance.MethodSecurityInterceptor.invoke(MethodSecurityInterceptor.java:65)
	at org.springframework.aop.framework.ReflectiveMethodInvocation.proceed(ReflectiveMethodInvocation.java:185)
	at org.springframework.aop.framework.JdkDynamicAopProxy.invoke(JdkDynamicAopProxy.java:212)
	at com.sun.proxy.$Proxy85.getGroupsWhereUserIsNotMember(Unknown Source)
	at org.molgenis.core.ui.admin.usermanager.UserManagerServiceImplTest.getGroupsWhereUserIsNotMemberNonUs(UserManagerServiceImplTest.java:254)
	at org.springframework.test.context.testng.AbstractTestNGSpringContextTests.run(AbstractTestNGSpringContextTests.java:180)
	at org.apache.maven.surefire.testng.TestNGExecutor.run(TestNGExecutor.java:135)
	at org.apache.maven.surefire.testng.TestNGDirectoryTestSuite.executeMulti(TestNGDirectoryTestSuite.java:193)
	at org.apache.maven.surefire.testng.TestNGDirectoryTestSuite.execute(TestNGDirectoryTestSuite.java:94)
	at org.apache.maven.surefire.testng.TestNGProvider.invoke(TestNGProvider.java:146)
	at org.apache.maven.surefire.booter.ForkedBooter.invokeProviderInSameClassLoader(ForkedBooter.java:379)
	at org.apache.maven.surefire.booter.ForkedBooter.runSuitesInProcess(ForkedBooter.java:340)
	at org.apache.maven.surefire.booter.ForkedBooter.execute(ForkedBooter.java:125)
	at org.apache.maven.surefire.booter.ForkedBooter.main(ForkedBooter.java:413)
... Removed 26 stack frames</pre></div><a href='#' onClick='toggleBox("stack-trace1056306781", this, "Click to show all stack frames", "Click to hide stack frames")'>Click to show all stack frames</a>
<div class='stack-trace' id='stack-trace1056306781'><pre>org.springframework.security.access.AccessDeniedException: Access is denied
	at org.springframework.security.access.vote.AffirmativeBased.decide(AffirmativeBased.java:84)
	at org.springframework.security.access.intercept.AbstractSecurityInterceptor.beforeInvocation(AbstractSecurityInterceptor.java:233)
	at org.springframework.security.access.intercept.aopalliance.MethodSecurityInterceptor.invoke(MethodSecurityInterceptor.java:65)
	at org.springframework.aop.framework.ReflectiveMethodInvocation.proceed(ReflectiveMethodInvocation.java:185)
	at org.springframework.aop.framework.JdkDynamicAopProxy.invoke(JdkDynamicAopProxy.java:212)
	at com.sun.proxy.$Proxy85.getGroupsWhereUserIsNotMember(Unknown Source)
	at org.molgenis.core.ui.admin.usermanager.UserManagerServiceImplTest.getGroupsWhereUserIsNotMemberNonUs(UserManagerServiceImplTest.java:254)
	at sun.reflect.NativeMethodAccessorImpl.invoke0(Native Method)
	at sun.reflect.NativeMethodAccessorImpl.invoke(NativeMethodAccessorImpl.java:62)
	at sun.reflect.DelegatingMethodAccessorImpl.invoke(DelegatingMethodAccessorImpl.java:43)
	at java.lang.reflect.Method.invoke(Method.java:498)
	at org.testng.internal.MethodInvocationHelper.invokeMethod(MethodInvocationHelper.java:80)
	at org.testng.internal.MethodInvocationHelper$1.runTestMethod(MethodInvocationHelper.java:182)
	at org.springframework.test.context.testng.AbstractTestNGSpringContextTests.run(AbstractTestNGSpringContextTests.java:180)
	at sun.reflect.GeneratedMethodAccessor97.invoke(Unknown Source)
	at sun.reflect.DelegatingMethodAccessorImpl.invoke(DelegatingMethodAccessorImpl.java:43)
	at java.lang.reflect.Method.invoke(Method.java:498)
	at org.testng.internal.MethodInvocationHelper.invokeHookable(MethodInvocationHelper.java:194)
	at org.testng.internal.Invoker.invokeMethod(Invoker.java:707)
	at org.testng.internal.Invoker.invokeTestMethod(Invoker.java:901)
	at org.testng.internal.Invoker.invokeTestMethods(Invoker.java:1231)
	at org.testng.internal.TestMethodWorker.invokeTestMethods(TestMethodWorker.java:127)
	at org.testng.internal.TestMethodWorker.run(TestMethodWorker.java:111)
	at org.testng.TestRunner.privateRun(TestRunner.java:767)
	at org.testng.TestRunner.run(TestRunner.java:617)
	at org.testng.SuiteRunner.runTest(SuiteRunner.java:334)
	at org.testng.SuiteRunner.runSequentially(SuiteRunner.java:329)
	at org.testng.SuiteRunner.privateRun(SuiteRunner.java:291)
	at org.testng.SuiteRunner.run(SuiteRunner.java:240)
	at org.testng.SuiteRunnerWorker.runSuite(SuiteRunnerWorker.java:52)
	at org.testng.SuiteRunnerWorker.run(SuiteRunnerWorker.java:86)
	at org.testng.TestNG.runSuitesSequentially(TestNG.java:1198)
	at org.testng.TestNG.runSuitesLocally(TestNG.java:1123)
	at org.testng.TestNG.run(TestNG.java:1031)
	at org.apache.maven.surefire.testng.TestNGExecutor.run(TestNGExecutor.java:135)
	at org.apache.maven.surefire.testng.TestNGDirectoryTestSuite.executeMulti(TestNGDirectoryTestSuite.java:193)
	at org.apache.maven.surefire.testng.TestNGDirectoryTestSuite.execute(TestNGDirectoryTestSuite.java:94)
	at org.apache.maven.surefire.testng.TestNGProvider.invoke(TestNGProvider.java:146)
	at org.apache.maven.surefire.booter.ForkedBooter.invokeProviderInSameClassLoader(ForkedBooter.java:379)
	at org.apache.maven.surefire.booter.ForkedBooter.runSuitesInProcess(ForkedBooter.java:340)
	at org.apache.maven.surefire.booter.ForkedBooter.execute(ForkedBooter.java:125)
	at org.apache.maven.surefire.booter.ForkedBooter.main(ForkedBooter.java:413)
</pre></div></td>
<td>0</td>
<td>org.molgenis.core.ui.admin.usermanager.UserManagerServiceImplTest@d1f23a0</td></tr>
<tr>
<td title='org.molgenis.core.ui.admin.usermanager.UserManagerServiceImplTest.getGroupsWhereUserIsNotMemberSu()'><b>getGroupsWhereUserIsNotMemberSu</b><br>Test class: org.molgenis.core.ui.admin.usermanager.UserManagerServiceImplTest</td>
<td></td>
<td>0</td>
<td>org.molgenis.core.ui.admin.usermanager.UserManagerServiceImplTest@d1f23a0</td></tr>
<tr>
<td title='org.molgenis.core.ui.menu.MenuItemToMolgenisUiMenuItemAdapterTest.getId()'><b>getId</b><br>Test class: org.molgenis.core.ui.menu.MenuItemToMolgenisUiMenuItemAdapterTest</td>
<td></td>
<td>0</td>
<td>org.molgenis.core.ui.menu.MenuItemToMolgenisUiMenuItemAdapterTest@fd4459b</td></tr>
<tr>
<td title='org.molgenis.core.ui.XmlMolgenisUiMenuTest.getId()'><b>getId</b><br>Test class: org.molgenis.core.ui.XmlMolgenisUiMenuTest</td>
<td></td>
<td>0</td>
<td>org.molgenis.core.ui.XmlMolgenisUiMenuTest@7e38e254</td></tr>
<tr>
<td title='org.molgenis.core.ui.XmlMolgenisUiPluginTest.getId()'><b>getId</b><br>Test class: org.molgenis.core.ui.XmlMolgenisUiPluginTest</td>
<td></td>
<td>0</td>
<td>org.molgenis.core.ui.XmlMolgenisUiPluginTest@7db162f2</td></tr>
<tr>
<td title='org.molgenis.core.ui.menu.MenuItemToMolgenisUiMenuAdapterTest.getItems()'><b>getItems</b><br>Test class: org.molgenis.core.ui.menu.MenuItemToMolgenisUiMenuAdapterTest</td>
<td></td>
<td>0</td>
<td>org.molgenis.core.ui.menu.MenuItemToMolgenisUiMenuAdapterTest@1de08775</td></tr>
<tr>
<td title='org.molgenis.core.ui.XmlMolgenisUiMenuTest.getItems()'><b>getItems</b><br>Test class: org.molgenis.core.ui.XmlMolgenisUiMenuTest</td>
<td></td>
<td>0</td>
<td>org.molgenis.core.ui.XmlMolgenisUiMenuTest@7e38e254</td></tr>
<tr>
<td title='org.molgenis.core.ui.menu.MenuReaderServiceImplTest.getMenu()'><b>getMenu</b><br>Test class: org.molgenis.core.ui.menu.MenuReaderServiceImplTest</td>
<td></td>
<td>0</td>
<td>org.molgenis.core.ui.menu.MenuReaderServiceImplTest@6efd0a6e</td></tr>
<tr>
<td title='org.molgenis.core.ui.menu.MenuMolgenisUiTest.getMenu()'><b>getMenu</b><br>Test class: org.molgenis.core.ui.menu.MenuMolgenisUiTest</td>
<td></td>
<td>0</td>
<td>org.molgenis.core.ui.menu.MenuMolgenisUiTest@7b3feb26</td></tr>
<tr>
<td title='org.molgenis.core.ui.XmlMolgenisUiTest.getMenu()'><b>getMenu</b><br>Test class: org.molgenis.core.ui.XmlMolgenisUiTest</td>
<td></td>
<td>0</td>
<td>org.molgenis.core.ui.XmlMolgenisUiTest@517a46f3</td></tr>
<tr>
<td title='org.molgenis.core.ui.menu.MenuUtilsTest.getMenuJson()'><b>getMenuJson</b><br>Test class: org.molgenis.core.ui.menu.MenuUtilsTest</td>
<td></td>
<td>0</td>
<td>org.molgenis.core.ui.menu.MenuUtilsTest@152e7703</td></tr>
<tr>
<td title='org.molgenis.core.ui.menu.MenuMolgenisUiTest.getMenuString_subMenu()'><b>getMenuString_subMenu</b><br>Test class: org.molgenis.core.ui.menu.MenuMolgenisUiTest</td>
<td></td>
<td>0</td>
<td>org.molgenis.core.ui.menu.MenuMolgenisUiTest@7b3feb26</td></tr>
<tr>
<td title='org.molgenis.core.ui.menu.MenuMolgenisUiTest.getMenuString_topMenu()'><b>getMenuString_topMenu</b><br>Test class: org.molgenis.core.ui.menu.MenuMolgenisUiTest</td>
<td></td>
<td>0</td>
<td>org.molgenis.core.ui.menu.MenuMolgenisUiTest@7b3feb26</td></tr>
<tr>
<td title='org.molgenis.core.ui.menu.MenuItemToMolgenisUiMenuItemAdapterTest.getName()'><b>getName</b><br>Test class: org.molgenis.core.ui.menu.MenuItemToMolgenisUiMenuItemAdapterTest</td>
<td></td>
<td>0</td>
<td>org.molgenis.core.ui.menu.MenuItemToMolgenisUiMenuItemAdapterTest@fd4459b</td></tr>
<tr>
<td title='org.molgenis.core.ui.XmlMolgenisUiMenuTest.getName()'><b>getName</b><br>Test class: org.molgenis.core.ui.XmlMolgenisUiMenuTest</td>
<td></td>
<td>0</td>
<td>org.molgenis.core.ui.XmlMolgenisUiMenuTest@7e38e254</td></tr>
<tr>
<td title='org.molgenis.core.ui.XmlMolgenisUiPluginTest.getName()'><b>getName</b><br>Test class: org.molgenis.core.ui.XmlMolgenisUiPluginTest</td>
<td></td>
<td>0</td>
<td>org.molgenis.core.ui.XmlMolgenisUiPluginTest@7db162f2</td></tr>
<tr>
<td title='org.molgenis.core.ui.XmlMolgenisUiPluginTest.getNameById()'><b>getNameById</b><br>Test class: org.molgenis.core.ui.XmlMolgenisUiPluginTest</td>
<td></td>
<td>0</td>
<td>org.molgenis.core.ui.XmlMolgenisUiPluginTest@7db162f2</td></tr>
<tr>
<td title='org.molgenis.core.ui.XmlMolgenisUiMenuTest.getNameByName()'><b>getNameByName</b><br>Test class: org.molgenis.core.ui.XmlMolgenisUiMenuTest</td>
<td></td>
<td>0</td>
<td>org.molgenis.core.ui.XmlMolgenisUiMenuTest@7e38e254</td></tr>
<tr>
<td title='org.molgenis.core.ui.wizard.WizardTest.getNextButton()'><b>getNextButton</b><br>Test class: org.molgenis.core.ui.wizard.WizardTest</td>
<td></td>
<td>0</td>
<td>org.molgenis.core.ui.wizard.WizardTest@21a5b599</td></tr>
<tr>
<td title='org.molgenis.core.ui.wizard.WizardTest.getPages()'><b>getPages</b><br>Test class: org.molgenis.core.ui.wizard.WizardTest</td>
<td></td>
<td>0</td>
<td>org.molgenis.core.ui.wizard.WizardTest@21a5b599</td></tr>
<tr>
<td title='org.molgenis.core.ui.XmlMolgenisUiMenuTest.getParentMenu()'><b>getParentMenu</b><br>Test class: org.molgenis.core.ui.XmlMolgenisUiMenuTest</td>
<td></td>
<td>0</td>
<td>org.molgenis.core.ui.XmlMolgenisUiMenuTest@7e38e254</td></tr>
<tr>
<td title='org.molgenis.core.ui.XmlMolgenisUiPluginTest.getParentMenu()'><b>getParentMenu</b><br>Test class: org.molgenis.core.ui.XmlMolgenisUiPluginTest</td>
<td></td>
<td>0</td>
<td>org.molgenis.core.ui.XmlMolgenisUiPluginTest@7db162f2</td></tr>
<tr>
<td title='org.molgenis.core.ui.wizard.WizardTest.getPreviousButton()'><b>getPreviousButton</b><br>Test class: org.molgenis.core.ui.wizard.WizardTest</td>
<td></td>
<td>0</td>
<td>org.molgenis.core.ui.wizard.WizardTest@21a5b599</td></tr>
<tr>
<td title='org.molgenis.core.ui.XmlMolgenisUiMenuTest.getType()'><b>getType</b><br>Test class: org.molgenis.core.ui.XmlMolgenisUiMenuTest</td>
<td></td>
<td>0</td>
<td>org.molgenis.core.ui.XmlMolgenisUiMenuTest@7e38e254</td></tr>
<tr>
<td title='org.molgenis.core.ui.XmlMolgenisUiPluginTest.getType()'><b>getType</b><br>Test class: org.molgenis.core.ui.XmlMolgenisUiPluginTest</td>
<td></td>
<td>0</td>
<td>org.molgenis.core.ui.XmlMolgenisUiPluginTest@7db162f2</td></tr>
<tr>
<td title='org.molgenis.core.ui.menu.MenuItemToMolgenisUiMenuItemAdapterTest.getType_menuType()'><b>getType_menuType</b><br>Test class: org.molgenis.core.ui.menu.MenuItemToMolgenisUiMenuItemAdapterTest</td>
<td></td>
<td>0</td>
<td>org.molgenis.core.ui.menu.MenuItemToMolgenisUiMenuItemAdapterTest@fd4459b</td></tr>
<tr>
<td title='org.molgenis.core.ui.menu.MenuItemToMolgenisUiMenuItemAdapterTest.getType_pluginType()'><b>getType_pluginType</b><br>Test class: org.molgenis.core.ui.menu.MenuItemToMolgenisUiMenuItemAdapterTest</td>
<td></td>
<td>0</td>
<td>org.molgenis.core.ui.menu.MenuItemToMolgenisUiMenuItemAdapterTest@fd4459b</td></tr>
<tr>
<td title='org.molgenis.core.ui.style.StyleServiceTest.getUnknownThemeData()'><b>getUnknownThemeData</b><br>Test class: org.molgenis.core.ui.style.StyleServiceTest</td>
<td><div><pre>org.molgenis.core.ui.style.MolgenisStyleException: No theme found for with name: no-body
	at org.molgenis.core.ui.style.StyleServiceImpl.getThemeData(StyleServiceImpl.java:165)
	at org.molgenis.core.ui.style.StyleServiceTest.getUnknownThemeData(StyleServiceTest.java:224)
	at org.springframework.test.context.testng.AbstractTestNGSpringContextTests.run(AbstractTestNGSpringContextTests.java:180)
	at org.apache.maven.surefire.testng.TestNGExecutor.run(TestNGExecutor.java:135)
	at org.apache.maven.surefire.testng.TestNGDirectoryTestSuite.executeMulti(TestNGDirectoryTestSuite.java:193)
	at org.apache.maven.surefire.testng.TestNGDirectoryTestSuite.execute(TestNGDirectoryTestSuite.java:94)
	at org.apache.maven.surefire.testng.TestNGProvider.invoke(TestNGProvider.java:146)
	at org.apache.maven.surefire.booter.ForkedBooter.invokeProviderInSameClassLoader(ForkedBooter.java:379)
	at org.apache.maven.surefire.booter.ForkedBooter.runSuitesInProcess(ForkedBooter.java:340)
	at org.apache.maven.surefire.booter.ForkedBooter.execute(ForkedBooter.java:125)
	at org.apache.maven.surefire.booter.ForkedBooter.main(ForkedBooter.java:413)
... Removed 26 stack frames</pre></div><a href='#' onClick='toggleBox("stack-trace962819807", this, "Click to show all stack frames", "Click to hide stack frames")'>Click to show all stack frames</a>
<div class='stack-trace' id='stack-trace962819807'><pre>org.molgenis.core.ui.style.MolgenisStyleException: No theme found for with name: no-body
	at org.molgenis.core.ui.style.StyleServiceImpl.getThemeData(StyleServiceImpl.java:165)
	at org.molgenis.core.ui.style.StyleServiceTest.getUnknownThemeData(StyleServiceTest.java:224)
	at sun.reflect.NativeMethodAccessorImpl.invoke0(Native Method)
	at sun.reflect.NativeMethodAccessorImpl.invoke(NativeMethodAccessorImpl.java:62)
	at sun.reflect.DelegatingMethodAccessorImpl.invoke(DelegatingMethodAccessorImpl.java:43)
	at java.lang.reflect.Method.invoke(Method.java:498)
	at org.testng.internal.MethodInvocationHelper.invokeMethod(MethodInvocationHelper.java:80)
	at org.testng.internal.MethodInvocationHelper$1.runTestMethod(MethodInvocationHelper.java:182)
	at org.springframework.test.context.testng.AbstractTestNGSpringContextTests.run(AbstractTestNGSpringContextTests.java:180)
	at sun.reflect.GeneratedMethodAccessor97.invoke(Unknown Source)
	at sun.reflect.DelegatingMethodAccessorImpl.invoke(DelegatingMethodAccessorImpl.java:43)
	at java.lang.reflect.Method.invoke(Method.java:498)
	at org.testng.internal.MethodInvocationHelper.invokeHookable(MethodInvocationHelper.java:194)
	at org.testng.internal.Invoker.invokeMethod(Invoker.java:707)
	at org.testng.internal.Invoker.invokeTestMethod(Invoker.java:901)
	at org.testng.internal.Invoker.invokeTestMethods(Invoker.java:1231)
	at org.testng.internal.TestMethodWorker.invokeTestMethods(TestMethodWorker.java:127)
	at org.testng.internal.TestMethodWorker.run(TestMethodWorker.java:111)
	at org.testng.TestRunner.privateRun(TestRunner.java:767)
	at org.testng.TestRunner.run(TestRunner.java:617)
	at org.testng.SuiteRunner.runTest(SuiteRunner.java:334)
	at org.testng.SuiteRunner.runSequentially(SuiteRunner.java:329)
	at org.testng.SuiteRunner.privateRun(SuiteRunner.java:291)
	at org.testng.SuiteRunner.run(SuiteRunner.java:240)
	at org.testng.SuiteRunnerWorker.runSuite(SuiteRunnerWorker.java:52)
	at org.testng.SuiteRunnerWorker.run(SuiteRunnerWorker.java:86)
	at org.testng.TestNG.runSuitesSequentially(TestNG.java:1198)
	at org.testng.TestNG.runSuitesLocally(TestNG.java:1123)
	at org.testng.TestNG.run(TestNG.java:1031)
	at org.apache.maven.surefire.testng.TestNGExecutor.run(TestNGExecutor.java:135)
	at org.apache.maven.surefire.testng.TestNGDirectoryTestSuite.executeMulti(TestNGDirectoryTestSuite.java:193)
	at org.apache.maven.surefire.testng.TestNGDirectoryTestSuite.execute(TestNGDirectoryTestSuite.java:94)
	at org.apache.maven.surefire.testng.TestNGProvider.invoke(TestNGProvider.java:146)
	at org.apache.maven.surefire.booter.ForkedBooter.invokeProviderInSameClassLoader(ForkedBooter.java:379)
	at org.apache.maven.surefire.booter.ForkedBooter.runSuitesInProcess(ForkedBooter.java:340)
	at org.apache.maven.surefire.booter.ForkedBooter.execute(ForkedBooter.java:125)
	at org.apache.maven.surefire.booter.ForkedBooter.main(ForkedBooter.java:413)
</pre></div></td>
<td>0</td>
<td>org.molgenis.core.ui.style.StyleServiceTest@779228dc</td></tr>
<tr>
<td title='org.molgenis.core.ui.menu.MenuItemToMolgenisUiMenuItemAdapterTest.getUrl_noParams()'><b>getUrl_noParams</b><br>Test class: org.molgenis.core.ui.menu.MenuItemToMolgenisUiMenuItemAdapterTest</td>
<td></td>
<td>0</td>
<td>org.molgenis.core.ui.menu.MenuItemToMolgenisUiMenuItemAdapterTest@fd4459b</td></tr>
<tr>
<td title='org.molgenis.core.ui.menu.MenuItemToMolgenisUiMenuItemAdapterTest.getUrl_params()'><b>getUrl_params</b><br>Test class: org.molgenis.core.ui.menu.MenuItemToMolgenisUiMenuItemAdapterTest</td>
<td></td>
<td>0</td>
<td>org.molgenis.core.ui.menu.MenuItemToMolgenisUiMenuItemAdapterTest@fd4459b</td></tr>
<tr>
<td title='org.molgenis.core.ui.admin.usermanager.UserManagerServiceImplTest.getUsersMemberInGroup()'><b>getUsersMemberInGroup</b><br>Test class: org.molgenis.core.ui.admin.usermanager.UserManagerServiceImplTest</td>
<td></td>
<td>0</td>
<td>org.molgenis.core.ui.admin.usermanager.UserManagerServiceImplTest@d1f23a0</td></tr>
<tr>
<td title='org.molgenis.core.ui.admin.usermanager.UserManagerServiceImplTest.getUsersMemberInGroupNonSu()'><b>getUsersMemberInGroupNonSu</b><br>Test class: org.molgenis.core.ui.admin.usermanager.UserManagerServiceImplTest</td>
<td><div><pre>org.springframework.security.access.AccessDeniedException: Access is denied
	at org.springframework.security.access.vote.AffirmativeBased.decide(AffirmativeBased.java:84)
	at org.springframework.security.access.intercept.AbstractSecurityInterceptor.beforeInvocation(AbstractSecurityInterceptor.java:233)
	at org.springframework.security.access.intercept.aopalliance.MethodSecurityInterceptor.invoke(MethodSecurityInterceptor.java:65)
	at org.springframework.aop.framework.ReflectiveMethodInvocation.proceed(ReflectiveMethodInvocation.java:185)
	at org.springframework.aop.framework.JdkDynamicAopProxy.invoke(JdkDynamicAopProxy.java:212)
	at com.sun.proxy.$Proxy85.getUsersMemberInGroup(Unknown Source)
	at org.molgenis.core.ui.admin.usermanager.UserManagerServiceImplTest.getUsersMemberInGroupNonSu(UserManagerServiceImplTest.java:217)
	at org.springframework.test.context.testng.AbstractTestNGSpringContextTests.run(AbstractTestNGSpringContextTests.java:180)
	at org.apache.maven.surefire.testng.TestNGExecutor.run(TestNGExecutor.java:135)
	at org.apache.maven.surefire.testng.TestNGDirectoryTestSuite.executeMulti(TestNGDirectoryTestSuite.java:193)
	at org.apache.maven.surefire.testng.TestNGDirectoryTestSuite.execute(TestNGDirectoryTestSuite.java:94)
	at org.apache.maven.surefire.testng.TestNGProvider.invoke(TestNGProvider.java:146)
	at org.apache.maven.surefire.booter.ForkedBooter.invokeProviderInSameClassLoader(ForkedBooter.java:379)
	at org.apache.maven.surefire.booter.ForkedBooter.runSuitesInProcess(ForkedBooter.java:340)
	at org.apache.maven.surefire.booter.ForkedBooter.execute(ForkedBooter.java:125)
	at org.apache.maven.surefire.booter.ForkedBooter.main(ForkedBooter.java:413)
... Removed 26 stack frames</pre></div><a href='#' onClick='toggleBox("stack-trace820216850", this, "Click to show all stack frames", "Click to hide stack frames")'>Click to show all stack frames</a>
<div class='stack-trace' id='stack-trace820216850'><pre>org.springframework.security.access.AccessDeniedException: Access is denied
	at org.springframework.security.access.vote.AffirmativeBased.decide(AffirmativeBased.java:84)
	at org.springframework.security.access.intercept.AbstractSecurityInterceptor.beforeInvocation(AbstractSecurityInterceptor.java:233)
	at org.springframework.security.access.intercept.aopalliance.MethodSecurityInterceptor.invoke(MethodSecurityInterceptor.java:65)
	at org.springframework.aop.framework.ReflectiveMethodInvocation.proceed(ReflectiveMethodInvocation.java:185)
	at org.springframework.aop.framework.JdkDynamicAopProxy.invoke(JdkDynamicAopProxy.java:212)
	at com.sun.proxy.$Proxy85.getUsersMemberInGroup(Unknown Source)
	at org.molgenis.core.ui.admin.usermanager.UserManagerServiceImplTest.getUsersMemberInGroupNonSu(UserManagerServiceImplTest.java:217)
	at sun.reflect.NativeMethodAccessorImpl.invoke0(Native Method)
	at sun.reflect.NativeMethodAccessorImpl.invoke(NativeMethodAccessorImpl.java:62)
	at sun.reflect.DelegatingMethodAccessorImpl.invoke(DelegatingMethodAccessorImpl.java:43)
	at java.lang.reflect.Method.invoke(Method.java:498)
	at org.testng.internal.MethodInvocationHelper.invokeMethod(MethodInvocationHelper.java:80)
	at org.testng.internal.MethodInvocationHelper$1.runTestMethod(MethodInvocationHelper.java:182)
	at org.springframework.test.context.testng.AbstractTestNGSpringContextTests.run(AbstractTestNGSpringContextTests.java:180)
	at sun.reflect.GeneratedMethodAccessor97.invoke(Unknown Source)
	at sun.reflect.DelegatingMethodAccessorImpl.invoke(DelegatingMethodAccessorImpl.java:43)
	at java.lang.reflect.Method.invoke(Method.java:498)
	at org.testng.internal.MethodInvocationHelper.invokeHookable(MethodInvocationHelper.java:194)
	at org.testng.internal.Invoker.invokeMethod(Invoker.java:707)
	at org.testng.internal.Invoker.invokeTestMethod(Invoker.java:901)
	at org.testng.internal.Invoker.invokeTestMethods(Invoker.java:1231)
	at org.testng.internal.TestMethodWorker.invokeTestMethods(TestMethodWorker.java:127)
	at org.testng.internal.TestMethodWorker.run(TestMethodWorker.java:111)
	at org.testng.TestRunner.privateRun(TestRunner.java:767)
	at org.testng.TestRunner.run(TestRunner.java:617)
	at org.testng.SuiteRunner.runTest(SuiteRunner.java:334)
	at org.testng.SuiteRunner.runSequentially(SuiteRunner.java:329)
	at org.testng.SuiteRunner.privateRun(SuiteRunner.java:291)
	at org.testng.SuiteRunner.run(SuiteRunner.java:240)
	at org.testng.SuiteRunnerWorker.runSuite(SuiteRunnerWorker.java:52)
	at org.testng.SuiteRunnerWorker.run(SuiteRunnerWorker.java:86)
	at org.testng.TestNG.runSuitesSequentially(TestNG.java:1198)
	at org.testng.TestNG.runSuitesLocally(TestNG.java:1123)
	at org.testng.TestNG.run(TestNG.java:1031)
	at org.apache.maven.surefire.testng.TestNGExecutor.run(TestNGExecutor.java:135)
	at org.apache.maven.surefire.testng.TestNGDirectoryTestSuite.executeMulti(TestNGDirectoryTestSuite.java:193)
	at org.apache.maven.surefire.testng.TestNGDirectoryTestSuite.execute(TestNGDirectoryTestSuite.java:94)
	at org.apache.maven.surefire.testng.TestNGProvider.invoke(TestNGProvider.java:146)
	at org.apache.maven.surefire.booter.ForkedBooter.invokeProviderInSameClassLoader(ForkedBooter.java:379)
	at org.apache.maven.surefire.booter.ForkedBooter.runSuitesInProcess(ForkedBooter.java:340)
	at org.apache.maven.surefire.booter.ForkedBooter.execute(ForkedBooter.java:125)
	at org.apache.maven.surefire.booter.ForkedBooter.main(ForkedBooter.java:413)
</pre></div></td>
<td>0</td>
<td>org.molgenis.core.ui.admin.usermanager.UserManagerServiceImplTest@d1f23a0</td></tr>
<tr>
<td title='org.molgenis.core.ui.admin.permission.PermissionManagerControllerTest.init()'><b>init</b><br>Test class: org.molgenis.core.ui.admin.permission.PermissionManagerControllerTest</td>
<td></td>
<td>0</td>
<td>org.molgenis.core.ui.admin.permission.PermissionManagerControllerTest@5529522f</td></tr>
<tr>
<td title='org.molgenis.core.ui.controller.FeedbackControllerTest.initFeedbackAnonymous()'><b>initFeedbackAnonymous</b><br>Test class: org.molgenis.core.ui.controller.FeedbackControllerTest</td>
<td></td>
<td>0</td>
<td>org.molgenis.core.ui.controller.FeedbackControllerTest@280d5a82</td></tr>
<tr>
<td title='org.molgenis.core.ui.controller.FeedbackControllerTest.initFeedbackLoggedIn()'><b>initFeedbackLoggedIn</b><br>Test class: org.molgenis.core.ui.controller.FeedbackControllerTest</td>
<td></td>
<td>0</td>
<td>org.molgenis.core.ui.controller.FeedbackControllerTest@280d5a82</td></tr>
<tr>
<td title='org.molgenis.core.ui.controller.FeedbackControllerTest.initFeedbackLoggedInDetailsUnknown()'><b>initFeedbackLoggedInDetailsUnknown</b><br>Test class: org.molgenis.core.ui.controller.FeedbackControllerTest</td>
<td></td>
<td>0</td>
<td>org.molgenis.core.ui.controller.FeedbackControllerTest@280d5a82</td></tr>
<tr>
<td title='org.molgenis.core.ui.XmlMolgenisUiMenuTest.isAuthorized()'><b>isAuthorized</b><br>Test class: org.molgenis.core.ui.XmlMolgenisUiMenuTest</td>
<td></td>
<td>0</td>
<td>org.molgenis.core.ui.XmlMolgenisUiMenuTest@7e38e254</td></tr>
<tr>
<td title='org.molgenis.core.ui.XmlMolgenisUiPluginTest.isAuthorized()'><b>isAuthorized</b><br>Test class: org.molgenis.core.ui.XmlMolgenisUiPluginTest</td>
<td></td>
<td>0</td>
<td>org.molgenis.core.ui.XmlMolgenisUiPluginTest@7db162f2</td></tr>
<tr>
<td title='org.molgenis.core.ui.XmlMolgenisUiMenuTest.isAuthorized_notAuthorized()'><b>isAuthorized_notAuthorized</b><br>Test class: org.molgenis.core.ui.XmlMolgenisUiMenuTest</td>
<td></td>
<td>0</td>
<td>org.molgenis.core.ui.XmlMolgenisUiMenuTest@7e38e254</td></tr>
<tr>
<td title='org.molgenis.core.ui.XmlMolgenisUiPluginTest.isAuthorized_notAuthorized()'><b>isAuthorized_notAuthorized</b><br>Test class: org.molgenis.core.ui.XmlMolgenisUiPluginTest</td>
<td></td>
<td>0</td>
<td>org.molgenis.core.ui.XmlMolgenisUiPluginTest@7db162f2</td></tr>
<tr>
<td title='org.molgenis.core.ui.XmlMolgenisUiMenuTest.isAuthorized_partiallyAuthorized()'><b>isAuthorized_partiallyAuthorized</b><br>Test class: org.molgenis.core.ui.XmlMolgenisUiMenuTest</td>
<td></td>
<td>0</td>
<td>org.molgenis.core.ui.XmlMolgenisUiMenuTest@7e38e254</td></tr>
<tr>
<td title='org.molgenis.core.ui.controller.StaticContentServiceImplTest.isCurrentUserCanEditAnonymousFalse()'><b>isCurrentUserCanEditAnonymousFalse</b><br>Test class: org.molgenis.core.ui.controller.StaticContentServiceImplTest</td>
<td></td>
<td>0</td>
<td>org.molgenis.core.ui.controller.StaticContentServiceImplTest@3bf5911d</td></tr>
<tr>
<td title='org.molgenis.core.ui.controller.StaticContentServiceImplTest.isCurrentUserCanEditStaticContentNotPresentEditFalse()'><b>isCurrentUserCanEditStaticContentNotPresentEditFalse</b><br>Test class: org.molgenis.core.ui.controller.StaticContentServiceImplTest</td>
<td></td>
<td>0</td>
<td>org.molgenis.core.ui.controller.StaticContentServiceImplTest@3bf5911d</td></tr>
<tr>
<td title='org.molgenis.core.ui.controller.StaticContentServiceImplTest.isCurrentUserCanEditStaticContentNotPresentEditTrue()'><b>isCurrentUserCanEditStaticContentNotPresentEditTrue</b><br>Test class: org.molgenis.core.ui.controller.StaticContentServiceImplTest</td>
<td></td>
<td>0</td>
<td>org.molgenis.core.ui.controller.StaticContentServiceImplTest@3bf5911d</td></tr>
<tr>
<td title='org.molgenis.core.ui.controller.StaticContentServiceImplTest.isCurrentUserCanEditStaticContentPresentEditFalse()'><b>isCurrentUserCanEditStaticContentPresentEditFalse</b><br>Test class: org.molgenis.core.ui.controller.StaticContentServiceImplTest</td>
<td></td>
<td>0</td>
<td>org.molgenis.core.ui.controller.StaticContentServiceImplTest@3bf5911d</td></tr>
<tr>
<td title='org.molgenis.core.ui.controller.StaticContentServiceImplTest.isCurrentUserCanEditStaticContentPresentEditTrue()'><b>isCurrentUserCanEditStaticContentPresentEditTrue</b><br>Test class: org.molgenis.core.ui.controller.StaticContentServiceImplTest</td>
<td></td>
<td>0</td>
<td>org.molgenis.core.ui.controller.StaticContentServiceImplTest@3bf5911d</td></tr>
<tr>
<td title='org.molgenis.core.ui.wizard.WizardTest.isFirstPage()'><b>isFirstPage</b><br>Test class: org.molgenis.core.ui.wizard.WizardTest</td>
<td></td>
<td>0</td>
<td>org.molgenis.core.ui.wizard.WizardTest@21a5b599</td></tr>
<tr>
<td title='org.molgenis.core.ui.wizard.WizardTest.isLastPage()'><b>isLastPage</b><br>Test class: org.molgenis.core.ui.wizard.WizardTest</td>
<td></td>
<td>0</td>
<td>org.molgenis.core.ui.wizard.WizardTest@21a5b599</td></tr>
<tr>
<td title='org.molgenis.core.ui.browserdetection.BrowserDetectionFilterTest.isSupported()'><b>isSupported</b><br>Test class: org.molgenis.core.ui.browserdetection.BrowserDetectionFilterTest</td>
<td></td>
<td>0</td>
<td>org.molgenis.core.ui.browserdetection.BrowserDetectionFilterTest@1cc93da4</td></tr>
<tr>
<td title='org.molgenis.core.ui.freemarker.RepositoryTemplateLoaderTest.lastModifiedEqualsMinusOne()'><b>lastModifiedEqualsMinusOne</b><br>Test class: org.molgenis.core.ui.freemarker.RepositoryTemplateLoaderTest</td>
<td></td>
<td>0</td>
<td>org.molgenis.core.ui.freemarker.RepositoryTemplateLoaderTest@f810c18</td></tr>
<tr>
<td title='org.molgenis.core.ui.freemarker.RepositoryTemplateLoaderTest.loadAndRead()'><b>loadAndRead</b><br>Test class: org.molgenis.core.ui.freemarker.RepositoryTemplateLoaderTest</td>
<td></td>
<td>0</td>
<td>org.molgenis.core.ui.freemarker.RepositoryTemplateLoaderTest@f810c18</td></tr>
<tr>
<td title='org.molgenis.core.ui.freemarker.RepositoryTemplateLoaderTest.newSourceReturnedWhenContentChanges()'><b>newSourceReturnedWhenContentChanges</b><br>Test class: org.molgenis.core.ui.freemarker.RepositoryTemplateLoaderTest</td>
<td></td>
<td>0</td>
<td>org.molgenis.core.ui.freemarker.RepositoryTemplateLoaderTest@f810c18</td></tr>
<tr>
<td title='org.molgenis.core.ui.wizard.WizardTest.next()'><b>next</b><br>Test class: org.molgenis.core.ui.wizard.WizardTest</td>
<td></td>
<td>0</td>
<td>org.molgenis.core.ui.wizard.WizardTest@21a5b599</td></tr>
<tr>
<td title='org.molgenis.core.ui.MolgenisInterceptorTest.postHandle()'><b>postHandle</b><br>Test class: org.molgenis.core.ui.MolgenisInterceptorTest</td>
<td></td>
<td>0</td>
<td>org.molgenis.core.ui.MolgenisInterceptorTest@6996bbc4</td></tr>
<tr>
<td title='org.molgenis.core.ui.wizard.WizardTest.previous()'><b>previous</b><br>Test class: org.molgenis.core.ui.wizard.WizardTest</td>
<td></td>
<td>0</td>
<td>org.molgenis.core.ui.wizard.WizardTest@21a5b599</td></tr>
<tr>
<td title='org.molgenis.core.ui.admin.usermanager.UserManagerServiceImplTest.removeUserFromGroupNonSu()'><b>removeUserFromGroupNonSu</b><br>Test class: org.molgenis.core.ui.admin.usermanager.UserManagerServiceImplTest</td>
<td><div><pre>org.springframework.security.access.AccessDeniedException: Access is denied
	at org.springframework.security.access.vote.AffirmativeBased.decide(AffirmativeBased.java:84)
	at org.springframework.security.access.intercept.AbstractSecurityInterceptor.beforeInvocation(AbstractSecurityInterceptor.java:233)
	at org.springframework.security.access.intercept.aopalliance.MethodSecurityInterceptor.invoke(MethodSecurityInterceptor.java:65)
	at org.springframework.aop.framework.ReflectiveMethodInvocation.proceed(ReflectiveMethodInvocation.java:185)
	at org.springframework.aop.framework.JdkDynamicAopProxy.invoke(JdkDynamicAopProxy.java:212)
	at com.sun.proxy.$Proxy85.removeUserFromGroup(Unknown Source)
	at org.molgenis.core.ui.admin.usermanager.UserManagerServiceImplTest.removeUserFromGroupNonSu(UserManagerServiceImplTest.java:333)
	at org.springframework.test.context.testng.AbstractTestNGSpringContextTests.run(AbstractTestNGSpringContextTests.java:180)
	at org.apache.maven.surefire.testng.TestNGExecutor.run(TestNGExecutor.java:135)
	at org.apache.maven.surefire.testng.TestNGDirectoryTestSuite.executeMulti(TestNGDirectoryTestSuite.java:193)
	at org.apache.maven.surefire.testng.TestNGDirectoryTestSuite.execute(TestNGDirectoryTestSuite.java:94)
	at org.apache.maven.surefire.testng.TestNGProvider.invoke(TestNGProvider.java:146)
	at org.apache.maven.surefire.booter.ForkedBooter.invokeProviderInSameClassLoader(ForkedBooter.java:379)
	at org.apache.maven.surefire.booter.ForkedBooter.runSuitesInProcess(ForkedBooter.java:340)
	at org.apache.maven.surefire.booter.ForkedBooter.execute(ForkedBooter.java:125)
	at org.apache.maven.surefire.booter.ForkedBooter.main(ForkedBooter.java:413)
... Removed 26 stack frames</pre></div><a href='#' onClick='toggleBox("stack-trace317730658", this, "Click to show all stack frames", "Click to hide stack frames")'>Click to show all stack frames</a>
<div class='stack-trace' id='stack-trace317730658'><pre>org.springframework.security.access.AccessDeniedException: Access is denied
	at org.springframework.security.access.vote.AffirmativeBased.decide(AffirmativeBased.java:84)
	at org.springframework.security.access.intercept.AbstractSecurityInterceptor.beforeInvocation(AbstractSecurityInterceptor.java:233)
	at org.springframework.security.access.intercept.aopalliance.MethodSecurityInterceptor.invoke(MethodSecurityInterceptor.java:65)
	at org.springframework.aop.framework.ReflectiveMethodInvocation.proceed(ReflectiveMethodInvocation.java:185)
	at org.springframework.aop.framework.JdkDynamicAopProxy.invoke(JdkDynamicAopProxy.java:212)
	at com.sun.proxy.$Proxy85.removeUserFromGroup(Unknown Source)
	at org.molgenis.core.ui.admin.usermanager.UserManagerServiceImplTest.removeUserFromGroupNonSu(UserManagerServiceImplTest.java:333)
	at sun.reflect.NativeMethodAccessorImpl.invoke0(Native Method)
	at sun.reflect.NativeMethodAccessorImpl.invoke(NativeMethodAccessorImpl.java:62)
	at sun.reflect.DelegatingMethodAccessorImpl.invoke(DelegatingMethodAccessorImpl.java:43)
	at java.lang.reflect.Method.invoke(Method.java:498)
	at org.testng.internal.MethodInvocationHelper.invokeMethod(MethodInvocationHelper.java:80)
	at org.testng.internal.MethodInvocationHelper$1.runTestMethod(MethodInvocationHelper.java:182)
	at org.springframework.test.context.testng.AbstractTestNGSpringContextTests.run(AbstractTestNGSpringContextTests.java:180)
	at sun.reflect.GeneratedMethodAccessor97.invoke(Unknown Source)
	at sun.reflect.DelegatingMethodAccessorImpl.invoke(DelegatingMethodAccessorImpl.java:43)
	at java.lang.reflect.Method.invoke(Method.java:498)
	at org.testng.internal.MethodInvocationHelper.invokeHookable(MethodInvocationHelper.java:194)
	at org.testng.internal.Invoker.invokeMethod(Invoker.java:707)
	at org.testng.internal.Invoker.invokeTestMethod(Invoker.java:901)
	at org.testng.internal.Invoker.invokeTestMethods(Invoker.java:1231)
	at org.testng.internal.TestMethodWorker.invokeTestMethods(TestMethodWorker.java:127)
	at org.testng.internal.TestMethodWorker.run(TestMethodWorker.java:111)
	at org.testng.TestRunner.privateRun(TestRunner.java:767)
	at org.testng.TestRunner.run(TestRunner.java:617)
	at org.testng.SuiteRunner.runTest(SuiteRunner.java:334)
	at org.testng.SuiteRunner.runSequentially(SuiteRunner.java:329)
	at org.testng.SuiteRunner.privateRun(SuiteRunner.java:291)
	at org.testng.SuiteRunner.run(SuiteRunner.java:240)
	at org.testng.SuiteRunnerWorker.runSuite(SuiteRunnerWorker.java:52)
	at org.testng.SuiteRunnerWorker.run(SuiteRunnerWorker.java:86)
	at org.testng.TestNG.runSuitesSequentially(TestNG.java:1198)
	at org.testng.TestNG.runSuitesLocally(TestNG.java:1123)
	at org.testng.TestNG.run(TestNG.java:1031)
	at org.apache.maven.surefire.testng.TestNGExecutor.run(TestNGExecutor.java:135)
	at org.apache.maven.surefire.testng.TestNGDirectoryTestSuite.executeMulti(TestNGDirectoryTestSuite.java:193)
	at org.apache.maven.surefire.testng.TestNGDirectoryTestSuite.execute(TestNGDirectoryTestSuite.java:94)
	at org.apache.maven.surefire.testng.TestNGProvider.invoke(TestNGProvider.java:146)
	at org.apache.maven.surefire.booter.ForkedBooter.invokeProviderInSameClassLoader(ForkedBooter.java:379)
	at org.apache.maven.surefire.booter.ForkedBooter.runSuitesInProcess(ForkedBooter.java:340)
	at org.apache.maven.surefire.booter.ForkedBooter.execute(ForkedBooter.java:125)
	at org.apache.maven.surefire.booter.ForkedBooter.main(ForkedBooter.java:413)
</pre></div></td>
<td>0</td>
<td>org.molgenis.core.ui.admin.usermanager.UserManagerServiceImplTest@d1f23a0</td></tr>
<tr>
<td title='org.molgenis.core.ui.admin.usermanager.UserManagerServiceImplTest.removeUserFromGroupSu()'><b>removeUserFromGroupSu</b><br>Test class: org.molgenis.core.ui.admin.usermanager.UserManagerServiceImplTest</td>
<td></td>
<td>0</td>
<td>org.molgenis.core.ui.admin.usermanager.UserManagerServiceImplTest@d1f23a0</td></tr>
<tr>
<td title='org.molgenis.core.ui.freemarker.RepositoryTemplateLoaderTest.sourceBelongsToContentAndCanBeReadMultipleTimes()'><b>sourceBelongsToContentAndCanBeReadMultipleTimes</b><br>Test class: org.molgenis.core.ui.freemarker.RepositoryTemplateLoaderTest</td>
<td></td>
<td>0</td>
<td>org.molgenis.core.ui.freemarker.RepositoryTemplateLoaderTest@f810c18</td></tr>
<tr>
<td title='org.molgenis.core.ui.controller.FeedbackControllerTest.submit()'><b>submit</b><br>Test class: org.molgenis.core.ui.controller.FeedbackControllerTest</td>
<td></td>
<td>0</td>
<td>org.molgenis.core.ui.controller.FeedbackControllerTest@280d5a82</td></tr>
<tr>
<td title='org.molgenis.core.ui.controller.StaticContentServiceImplTest.submitContentExisting()'><b>submitContentExisting</b><br>Test class: org.molgenis.core.ui.controller.StaticContentServiceImplTest</td>
<td></td>
<td>0</td>
<td>org.molgenis.core.ui.controller.StaticContentServiceImplTest@3bf5911d</td></tr>
<tr>
<td title='org.molgenis.core.ui.controller.StaticContentServiceImplTest.submitContentExistingContentNoUpdatePermissions()'><b>submitContentExistingContentNoUpdatePermissions</b><br>Test class: org.molgenis.core.ui.controller.StaticContentServiceImplTest</td>
<td></td>
<td>0</td>
<td>org.molgenis.core.ui.controller.StaticContentServiceImplTest@3bf5911d</td></tr>
<tr>
<td title='org.molgenis.core.ui.controller.StaticContentServiceImplTest.submitContentNew()'><b>submitContentNew</b><br>Test class: org.molgenis.core.ui.controller.StaticContentServiceImplTest</td>
<td></td>
<td>0</td>
<td>org.molgenis.core.ui.controller.StaticContentServiceImplTest@3bf5911d</td></tr>
<tr>
<td title='org.molgenis.core.ui.controller.StaticContentServiceImplTest.submitContentNoContentNoCreatePermissions()'><b>submitContentNoContentNoCreatePermissions</b><br>Test class: org.molgenis.core.ui.controller.StaticContentServiceImplTest</td>
<td></td>
<td>0</td>
<td>org.molgenis.core.ui.controller.StaticContentServiceImplTest@3bf5911d</td></tr>
<tr>
<td title='org.molgenis.core.ui.controller.FeedbackControllerTest.submitErrorWhileSendingMail()'><b>submitErrorWhileSendingMail</b><br>Test class: org.molgenis.core.ui.controller.FeedbackControllerTest</td>
<td></td>
<td>0</td>
<td>org.molgenis.core.ui.controller.FeedbackControllerTest@280d5a82</td></tr>
<tr>
<td title='org.molgenis.core.ui.controller.FeedbackControllerTest.submitFeedbackNotSpecified()'><b>submitFeedbackNotSpecified</b><br>Test class: org.molgenis.core.ui.controller.FeedbackControllerTest</td>
<td></td>
<td>0</td>
<td>org.molgenis.core.ui.controller.FeedbackControllerTest@280d5a82</td></tr>
<tr>
<td title='org.molgenis.core.ui.controller.FeedbackControllerTest.submitInvalidCaptcha()'><b>submitInvalidCaptcha</b><br>Test class: org.molgenis.core.ui.controller.FeedbackControllerTest</td>
<td></td>
<td>0</td>
<td>org.molgenis.core.ui.controller.FeedbackControllerTest@280d5a82</td></tr>
<tr>
<td title='org.molgenis.core.ui.jobs.JobsControllerTest.testCreateJobExecutionViewHref()'><b>testCreateJobExecutionViewHref</b><br>Test class: org.molgenis.core.ui.jobs.JobsControllerTest</td>
<td></td>
<td>0</td>
<td>org.molgenis.core.ui.jobs.JobsControllerTest@6b091a92</td></tr>
<tr>
<td title='org.molgenis.core.ui.style.StyleSheetRepositoryDecoratorTest.testDelete()'><b>testDelete</b><br>Test class: org.molgenis.core.ui.style.StyleSheetRepositoryDecoratorTest</td>
<td></td>
<td>0</td>
<td>org.molgenis.core.ui.style.StyleSheetRepositoryDecoratorTest@7db47323</td></tr>
<tr>
<td title='org.molgenis.core.ui.style.StyleSheetRepositoryDecoratorTest.testDeleteAll()'><b>testDeleteAll</b><br>Test class: org.molgenis.core.ui.style.StyleSheetRepositoryDecoratorTest</td>
<td><div><pre>org.molgenis.data.MolgenisDataException: Cannot delete all boostrap themes, at least one theme is needed for the application
	at org.molgenis.core.ui.style.StyleSheetRepositoryDecorator.deleteAll(StyleSheetRepositoryDecorator.java:40)
	at org.molgenis.core.ui.style.StyleSheetRepositoryDecoratorTest.testDeleteAll(StyleSheetRepositoryDecoratorTest.java:65)
	at org.apache.maven.surefire.testng.TestNGExecutor.run(TestNGExecutor.java:135)
	at org.apache.maven.surefire.testng.TestNGDirectoryTestSuite.executeMulti(TestNGDirectoryTestSuite.java:193)
	at org.apache.maven.surefire.testng.TestNGDirectoryTestSuite.execute(TestNGDirectoryTestSuite.java:94)
	at org.apache.maven.surefire.testng.TestNGProvider.invoke(TestNGProvider.java:146)
	at org.apache.maven.surefire.booter.ForkedBooter.invokeProviderInSameClassLoader(ForkedBooter.java:379)
	at org.apache.maven.surefire.booter.ForkedBooter.runSuitesInProcess(ForkedBooter.java:340)
	at org.apache.maven.surefire.booter.ForkedBooter.execute(ForkedBooter.java:125)
	at org.apache.maven.surefire.booter.ForkedBooter.main(ForkedBooter.java:413)
... Removed 21 stack frames</pre></div><a href='#' onClick='toggleBox("stack-trace1148685959", this, "Click to show all stack frames", "Click to hide stack frames")'>Click to show all stack frames</a>
<div class='stack-trace' id='stack-trace1148685959'><pre>org.molgenis.data.MolgenisDataException: Cannot delete all boostrap themes, at least one theme is needed for the application
	at org.molgenis.core.ui.style.StyleSheetRepositoryDecorator.deleteAll(StyleSheetRepositoryDecorator.java:40)
	at org.molgenis.core.ui.style.StyleSheetRepositoryDecoratorTest.testDeleteAll(StyleSheetRepositoryDecoratorTest.java:65)
	at sun.reflect.NativeMethodAccessorImpl.invoke0(Native Method)
	at sun.reflect.NativeMethodAccessorImpl.invoke(NativeMethodAccessorImpl.java:62)
	at sun.reflect.DelegatingMethodAccessorImpl.invoke(DelegatingMethodAccessorImpl.java:43)
	at java.lang.reflect.Method.invoke(Method.java:498)
	at org.testng.internal.MethodInvocationHelper.invokeMethod(MethodInvocationHelper.java:80)
	at org.testng.internal.Invoker.invokeMethod(Invoker.java:714)
	at org.testng.internal.Invoker.invokeTestMethod(Invoker.java:901)
	at org.testng.internal.Invoker.invokeTestMethods(Invoker.java:1231)
	at org.testng.internal.TestMethodWorker.invokeTestMethods(TestMethodWorker.java:127)
	at org.testng.internal.TestMethodWorker.run(TestMethodWorker.java:111)
	at org.testng.TestRunner.privateRun(TestRunner.java:767)
	at org.testng.TestRunner.run(TestRunner.java:617)
	at org.testng.SuiteRunner.runTest(SuiteRunner.java:334)
	at org.testng.SuiteRunner.runSequentially(SuiteRunner.java:329)
	at org.testng.SuiteRunner.privateRun(SuiteRunner.java:291)
	at org.testng.SuiteRunner.run(SuiteRunner.java:240)
	at org.testng.SuiteRunnerWorker.runSuite(SuiteRunnerWorker.java:52)
	at org.testng.SuiteRunnerWorker.run(SuiteRunnerWorker.java:86)
	at org.testng.TestNG.runSuitesSequentially(TestNG.java:1198)
	at org.testng.TestNG.runSuitesLocally(TestNG.java:1123)
	at org.testng.TestNG.run(TestNG.java:1031)
	at org.apache.maven.surefire.testng.TestNGExecutor.run(TestNGExecutor.java:135)
	at org.apache.maven.surefire.testng.TestNGDirectoryTestSuite.executeMulti(TestNGDirectoryTestSuite.java:193)
	at org.apache.maven.surefire.testng.TestNGDirectoryTestSuite.execute(TestNGDirectoryTestSuite.java:94)
	at org.apache.maven.surefire.testng.TestNGProvider.invoke(TestNGProvider.java:146)
	at org.apache.maven.surefire.booter.ForkedBooter.invokeProviderInSameClassLoader(ForkedBooter.java:379)
	at org.apache.maven.surefire.booter.ForkedBooter.runSuitesInProcess(ForkedBooter.java:340)
	at org.apache.maven.surefire.booter.ForkedBooter.execute(ForkedBooter.java:125)
	at org.apache.maven.surefire.booter.ForkedBooter.main(ForkedBooter.java:413)
</pre></div></td>
<td>0</td>
<td>org.molgenis.core.ui.style.StyleSheetRepositoryDecoratorTest@7db47323</td></tr>
<tr>
<td title='org.molgenis.core.ui.style.StyleSheetRepositoryDecoratorTest.testDeleteAllStream()'><b>testDeleteAllStream</b><br>Test class: org.molgenis.core.ui.style.StyleSheetRepositoryDecoratorTest</td>
<td><div><pre>org.molgenis.data.MolgenisDataException: Cannot delete the currently selected bootstrap theme
	at org.molgenis.core.ui.style.StyleSheetRepositoryDecorator.checkAndUpdateAppSettings(StyleSheetRepositoryDecorator.java:62)
	at org.molgenis.core.ui.style.StyleSheetRepositoryDecorator.lambda$deleteAll$1(StyleSheetRepositoryDecorator.java:54)
	at java.util.Spliterators$ArraySpliterator.forEachRemaining(Spliterators.java:948)
	at java.util.stream.ReferencePipeline$Head.forEach(ReferencePipeline.java:580)
	at org.molgenis.core.ui.style.StyleSheetRepositoryDecorator.deleteAll(StyleSheetRepositoryDecorator.java:54)
	at org.molgenis.core.ui.style.StyleSheetRepositoryDecoratorTest.testDeleteAllStream(StyleSheetRepositoryDecoratorTest.java:72)
	at org.apache.maven.surefire.testng.TestNGExecutor.run(TestNGExecutor.java:135)
	at org.apache.maven.surefire.testng.TestNGDirectoryTestSuite.executeMulti(TestNGDirectoryTestSuite.java:193)
	at org.apache.maven.surefire.testng.TestNGDirectoryTestSuite.execute(TestNGDirectoryTestSuite.java:94)
	at org.apache.maven.surefire.testng.TestNGProvider.invoke(TestNGProvider.java:146)
	at org.apache.maven.surefire.booter.ForkedBooter.invokeProviderInSameClassLoader(ForkedBooter.java:379)
	at org.apache.maven.surefire.booter.ForkedBooter.runSuitesInProcess(ForkedBooter.java:340)
	at org.apache.maven.surefire.booter.ForkedBooter.execute(ForkedBooter.java:125)
	at org.apache.maven.surefire.booter.ForkedBooter.main(ForkedBooter.java:413)
... Removed 21 stack frames</pre></div><a href='#' onClick='toggleBox("stack-trace218928467", this, "Click to show all stack frames", "Click to hide stack frames")'>Click to show all stack frames</a>
<div class='stack-trace' id='stack-trace218928467'><pre>org.molgenis.data.MolgenisDataException: Cannot delete the currently selected bootstrap theme
	at org.molgenis.core.ui.style.StyleSheetRepositoryDecorator.checkAndUpdateAppSettings(StyleSheetRepositoryDecorator.java:62)
	at org.molgenis.core.ui.style.StyleSheetRepositoryDecorator.lambda$deleteAll$1(StyleSheetRepositoryDecorator.java:54)
	at java.util.Spliterators$ArraySpliterator.forEachRemaining(Spliterators.java:948)
	at java.util.stream.ReferencePipeline$Head.forEach(ReferencePipeline.java:580)
	at org.molgenis.core.ui.style.StyleSheetRepositoryDecorator.deleteAll(StyleSheetRepositoryDecorator.java:54)
	at org.molgenis.core.ui.style.StyleSheetRepositoryDecoratorTest.testDeleteAllStream(StyleSheetRepositoryDecoratorTest.java:72)
	at sun.reflect.NativeMethodAccessorImpl.invoke0(Native Method)
	at sun.reflect.NativeMethodAccessorImpl.invoke(NativeMethodAccessorImpl.java:62)
	at sun.reflect.DelegatingMethodAccessorImpl.invoke(DelegatingMethodAccessorImpl.java:43)
	at java.lang.reflect.Method.invoke(Method.java:498)
	at org.testng.internal.MethodInvocationHelper.invokeMethod(MethodInvocationHelper.java:80)
	at org.testng.internal.Invoker.invokeMethod(Invoker.java:714)
	at org.testng.internal.Invoker.invokeTestMethod(Invoker.java:901)
	at org.testng.internal.Invoker.invokeTestMethods(Invoker.java:1231)
	at org.testng.internal.TestMethodWorker.invokeTestMethods(TestMethodWorker.java:127)
	at org.testng.internal.TestMethodWorker.run(TestMethodWorker.java:111)
	at org.testng.TestRunner.privateRun(TestRunner.java:767)
	at org.testng.TestRunner.run(TestRunner.java:617)
	at org.testng.SuiteRunner.runTest(SuiteRunner.java:334)
	at org.testng.SuiteRunner.runSequentially(SuiteRunner.java:329)
	at org.testng.SuiteRunner.privateRun(SuiteRunner.java:291)
	at org.testng.SuiteRunner.run(SuiteRunner.java:240)
	at org.testng.SuiteRunnerWorker.runSuite(SuiteRunnerWorker.java:52)
	at org.testng.SuiteRunnerWorker.run(SuiteRunnerWorker.java:86)
	at org.testng.TestNG.runSuitesSequentially(TestNG.java:1198)
	at org.testng.TestNG.runSuitesLocally(TestNG.java:1123)
	at org.testng.TestNG.run(TestNG.java:1031)
	at org.apache.maven.surefire.testng.TestNGExecutor.run(TestNGExecutor.java:135)
	at org.apache.maven.surefire.testng.TestNGDirectoryTestSuite.executeMulti(TestNGDirectoryTestSuite.java:193)
	at org.apache.maven.surefire.testng.TestNGDirectoryTestSuite.execute(TestNGDirectoryTestSuite.java:94)
	at org.apache.maven.surefire.testng.TestNGProvider.invoke(TestNGProvider.java:146)
	at org.apache.maven.surefire.booter.ForkedBooter.invokeProviderInSameClassLoader(ForkedBooter.java:379)
	at org.apache.maven.surefire.booter.ForkedBooter.runSuitesInProcess(ForkedBooter.java:340)
	at org.apache.maven.surefire.booter.ForkedBooter.execute(ForkedBooter.java:125)
	at org.apache.maven.surefire.booter.ForkedBooter.main(ForkedBooter.java:413)
</pre></div></td>
<td>0</td>
<td>org.molgenis.core.ui.style.StyleSheetRepositoryDecoratorTest@7db47323</td></tr>
<tr>
<td title='org.molgenis.core.ui.style.StyleSheetRepositoryDecoratorTest.testDeleteById()'><b>testDeleteById</b><br>Test class: org.molgenis.core.ui.style.StyleSheetRepositoryDecoratorTest</td>
<td></td>
<td>0</td>
<td>org.molgenis.core.ui.style.StyleSheetRepositoryDecoratorTest@7db47323</td></tr>
<tr>
<td title='org.molgenis.core.ui.style.StyleSheetRepositoryDecoratorTest.testDeleteByIdCurrent()'><b>testDeleteByIdCurrent</b><br>Test class: org.molgenis.core.ui.style.StyleSheetRepositoryDecoratorTest</td>
<td><div><pre>org.molgenis.data.MolgenisDataException: Cannot delete the currently selected bootstrap theme
	at org.molgenis.core.ui.style.StyleSheetRepositoryDecorator.checkAndUpdateAppSettings(StyleSheetRepositoryDecorator.java:62)
	at org.molgenis.core.ui.style.StyleSheetRepositoryDecorator.deleteById(StyleSheetRepositoryDecorator.java:33)
	at org.molgenis.core.ui.style.StyleSheetRepositoryDecoratorTest.testDeleteByIdCurrent(StyleSheetRepositoryDecoratorTest.java:40)
	at org.apache.maven.surefire.testng.TestNGExecutor.run(TestNGExecutor.java:135)
	at org.apache.maven.surefire.testng.TestNGDirectoryTestSuite.executeMulti(TestNGDirectoryTestSuite.java:193)
	at org.apache.maven.surefire.testng.TestNGDirectoryTestSuite.execute(TestNGDirectoryTestSuite.java:94)
	at org.apache.maven.surefire.testng.TestNGProvider.invoke(TestNGProvider.java:146)
	at org.apache.maven.surefire.booter.ForkedBooter.invokeProviderInSameClassLoader(ForkedBooter.java:379)
	at org.apache.maven.surefire.booter.ForkedBooter.runSuitesInProcess(ForkedBooter.java:340)
	at org.apache.maven.surefire.booter.ForkedBooter.execute(ForkedBooter.java:125)
	at org.apache.maven.surefire.booter.ForkedBooter.main(ForkedBooter.java:413)
... Removed 21 stack frames</pre></div><a href='#' onClick='toggleBox("stack-trace2068560711", this, "Click to show all stack frames", "Click to hide stack frames")'>Click to show all stack frames</a>
<div class='stack-trace' id='stack-trace2068560711'><pre>org.molgenis.data.MolgenisDataException: Cannot delete the currently selected bootstrap theme
	at org.molgenis.core.ui.style.StyleSheetRepositoryDecorator.checkAndUpdateAppSettings(StyleSheetRepositoryDecorator.java:62)
	at org.molgenis.core.ui.style.StyleSheetRepositoryDecorator.deleteById(StyleSheetRepositoryDecorator.java:33)
	at org.molgenis.core.ui.style.StyleSheetRepositoryDecoratorTest.testDeleteByIdCurrent(StyleSheetRepositoryDecoratorTest.java:40)
	at sun.reflect.NativeMethodAccessorImpl.invoke0(Native Method)
	at sun.reflect.NativeMethodAccessorImpl.invoke(NativeMethodAccessorImpl.java:62)
	at sun.reflect.DelegatingMethodAccessorImpl.invoke(DelegatingMethodAccessorImpl.java:43)
	at java.lang.reflect.Method.invoke(Method.java:498)
	at org.testng.internal.MethodInvocationHelper.invokeMethod(MethodInvocationHelper.java:80)
	at org.testng.internal.Invoker.invokeMethod(Invoker.java:714)
	at org.testng.internal.Invoker.invokeTestMethod(Invoker.java:901)
	at org.testng.internal.Invoker.invokeTestMethods(Invoker.java:1231)
	at org.testng.internal.TestMethodWorker.invokeTestMethods(TestMethodWorker.java:127)
	at org.testng.internal.TestMethodWorker.run(TestMethodWorker.java:111)
	at org.testng.TestRunner.privateRun(TestRunner.java:767)
	at org.testng.TestRunner.run(TestRunner.java:617)
	at org.testng.SuiteRunner.runTest(SuiteRunner.java:334)
	at org.testng.SuiteRunner.runSequentially(SuiteRunner.java:329)
	at org.testng.SuiteRunner.privateRun(SuiteRunner.java:291)
	at org.testng.SuiteRunner.run(SuiteRunner.java:240)
	at org.testng.SuiteRunnerWorker.runSuite(SuiteRunnerWorker.java:52)
	at org.testng.SuiteRunnerWorker.run(SuiteRunnerWorker.java:86)
	at org.testng.TestNG.runSuitesSequentially(TestNG.java:1198)
	at org.testng.TestNG.runSuitesLocally(TestNG.java:1123)
	at org.testng.TestNG.run(TestNG.java:1031)
	at org.apache.maven.surefire.testng.TestNGExecutor.run(TestNGExecutor.java:135)
	at org.apache.maven.surefire.testng.TestNGDirectoryTestSuite.executeMulti(TestNGDirectoryTestSuite.java:193)
	at org.apache.maven.surefire.testng.TestNGDirectoryTestSuite.execute(TestNGDirectoryTestSuite.java:94)
	at org.apache.maven.surefire.testng.TestNGProvider.invoke(TestNGProvider.java:146)
	at org.apache.maven.surefire.booter.ForkedBooter.invokeProviderInSameClassLoader(ForkedBooter.java:379)
	at org.apache.maven.surefire.booter.ForkedBooter.runSuitesInProcess(ForkedBooter.java:340)
	at org.apache.maven.surefire.booter.ForkedBooter.execute(ForkedBooter.java:125)
	at org.apache.maven.surefire.booter.ForkedBooter.main(ForkedBooter.java:413)
</pre></div></td>
<td>0</td>
<td>org.molgenis.core.ui.style.StyleSheetRepositoryDecoratorTest@7db47323</td></tr>
<tr>
<td title='org.molgenis.core.ui.style.StyleSheetRepositoryDecoratorTest.testDeleteCurrent()'><b>testDeleteCurrent</b><br>Test class: org.molgenis.core.ui.style.StyleSheetRepositoryDecoratorTest</td>
<td><div><pre>org.molgenis.data.MolgenisDataException: Cannot delete the currently selected bootstrap theme
	at org.molgenis.core.ui.style.StyleSheetRepositoryDecorator.checkAndUpdateAppSettings(StyleSheetRepositoryDecorator.java:62)
	at org.molgenis.core.ui.style.StyleSheetRepositoryDecorator.delete(StyleSheetRepositoryDecorator.java:26)
	at org.molgenis.core.ui.style.StyleSheetRepositoryDecoratorTest.testDeleteCurrent(StyleSheetRepositoryDecoratorTest.java:58)
	at org.apache.maven.surefire.testng.TestNGExecutor.run(TestNGExecutor.java:135)
	at org.apache.maven.surefire.testng.TestNGDirectoryTestSuite.executeMulti(TestNGDirectoryTestSuite.java:193)
	at org.apache.maven.surefire.testng.TestNGDirectoryTestSuite.execute(TestNGDirectoryTestSuite.java:94)
	at org.apache.maven.surefire.testng.TestNGProvider.invoke(TestNGProvider.java:146)
	at org.apache.maven.surefire.booter.ForkedBooter.invokeProviderInSameClassLoader(ForkedBooter.java:379)
	at org.apache.maven.surefire.booter.ForkedBooter.runSuitesInProcess(ForkedBooter.java:340)
	at org.apache.maven.surefire.booter.ForkedBooter.execute(ForkedBooter.java:125)
	at org.apache.maven.surefire.booter.ForkedBooter.main(ForkedBooter.java:413)
... Removed 21 stack frames</pre></div><a href='#' onClick='toggleBox("stack-trace13090016", this, "Click to show all stack frames", "Click to hide stack frames")'>Click to show all stack frames</a>
<div class='stack-trace' id='stack-trace13090016'><pre>org.molgenis.data.MolgenisDataException: Cannot delete the currently selected bootstrap theme
	at org.molgenis.core.ui.style.StyleSheetRepositoryDecorator.checkAndUpdateAppSettings(StyleSheetRepositoryDecorator.java:62)
	at org.molgenis.core.ui.style.StyleSheetRepositoryDecorator.delete(StyleSheetRepositoryDecorator.java:26)
	at org.molgenis.core.ui.style.StyleSheetRepositoryDecoratorTest.testDeleteCurrent(StyleSheetRepositoryDecoratorTest.java:58)
	at sun.reflect.NativeMethodAccessorImpl.invoke0(Native Method)
	at sun.reflect.NativeMethodAccessorImpl.invoke(NativeMethodAccessorImpl.java:62)
	at sun.reflect.DelegatingMethodAccessorImpl.invoke(DelegatingMethodAccessorImpl.java:43)
	at java.lang.reflect.Method.invoke(Method.java:498)
	at org.testng.internal.MethodInvocationHelper.invokeMethod(MethodInvocationHelper.java:80)
	at org.testng.internal.Invoker.invokeMethod(Invoker.java:714)
	at org.testng.internal.Invoker.invokeTestMethod(Invoker.java:901)
	at org.testng.internal.Invoker.invokeTestMethods(Invoker.java:1231)
	at org.testng.internal.TestMethodWorker.invokeTestMethods(TestMethodWorker.java:127)
	at org.testng.internal.TestMethodWorker.run(TestMethodWorker.java:111)
	at org.testng.TestRunner.privateRun(TestRunner.java:767)
	at org.testng.TestRunner.run(TestRunner.java:617)
	at org.testng.SuiteRunner.runTest(SuiteRunner.java:334)
	at org.testng.SuiteRunner.runSequentially(SuiteRunner.java:329)
	at org.testng.SuiteRunner.privateRun(SuiteRunner.java:291)
	at org.testng.SuiteRunner.run(SuiteRunner.java:240)
	at org.testng.SuiteRunnerWorker.runSuite(SuiteRunnerWorker.java:52)
	at org.testng.SuiteRunnerWorker.run(SuiteRunnerWorker.java:86)
	at org.testng.TestNG.runSuitesSequentially(TestNG.java:1198)
	at org.testng.TestNG.runSuitesLocally(TestNG.java:1123)
	at org.testng.TestNG.run(TestNG.java:1031)
	at org.apache.maven.surefire.testng.TestNGExecutor.run(TestNGExecutor.java:135)
	at org.apache.maven.surefire.testng.TestNGDirectoryTestSuite.executeMulti(TestNGDirectoryTestSuite.java:193)
	at org.apache.maven.surefire.testng.TestNGDirectoryTestSuite.execute(TestNGDirectoryTestSuite.java:94)
	at org.apache.maven.surefire.testng.TestNGProvider.invoke(TestNGProvider.java:146)
	at org.apache.maven.surefire.booter.ForkedBooter.invokeProviderInSameClassLoader(ForkedBooter.java:379)
	at org.apache.maven.surefire.booter.ForkedBooter.runSuitesInProcess(ForkedBooter.java:340)
	at org.apache.maven.surefire.booter.ForkedBooter.execute(ForkedBooter.java:125)
	at org.apache.maven.surefire.booter.ForkedBooter.main(ForkedBooter.java:413)
</pre></div></td>
<td>0</td>
<td>org.molgenis.core.ui.style.StyleSheetRepositoryDecoratorTest@7db47323</td></tr>
<tr>
<td title='org.molgenis.core.ui.admin.user.UserAccountControllerTest.testDisableTwoFactorAuthentication()'><b>testDisableTwoFactorAuthentication</b><br>Test class: org.molgenis.core.ui.admin.user.UserAccountControllerTest</td>
<td></td>
<td>0</td>
<td>org.molgenis.core.ui.admin.user.UserAccountControllerTest@789dd6bf</td></tr>
<tr>
<td title='org.molgenis.core.ui.admin.user.UserAccountControllerTest.testEnableTwoFactorAuthentication()'><b>testEnableTwoFactorAuthentication</b><br>Test class: org.molgenis.core.ui.admin.user.UserAccountControllerTest</td>
<td></td>
<td>0</td>
<td>org.molgenis.core.ui.admin.user.UserAccountControllerTest@789dd6bf</td></tr>
<tr>
<td title='org.molgenis.core.ui.admin.user.UserAccountControllerTest.testGenerateRecoveryCodes()'><b>testGenerateRecoveryCodes</b><br>Test class: org.molgenis.core.ui.admin.user.UserAccountControllerTest</td>
<td></td>
<td>0</td>
<td>org.molgenis.core.ui.admin.user.UserAccountControllerTest@789dd6bf</td></tr>
<tr>
<td title='org.molgenis.core.ui.security.MolgenisUiMenuPermissionDecoratorTest.testGetActiveItem()'><b>testGetActiveItem</b><br>Test class: org.molgenis.core.ui.security.MolgenisUiMenuPermissionDecoratorTest</td>
<td></td>
<td>0</td>
<td>org.molgenis.core.ui.security.MolgenisUiMenuPermissionDecoratorTest@1073c664</td></tr>
<tr>
<td title='org.molgenis.core.ui.style.StyleServiceTest.testGetAvailableStyles()'><b>testGetAvailableStyles</b><br>Test class: org.molgenis.core.ui.style.StyleServiceTest</td>
<td></td>
<td>0</td>
<td>org.molgenis.core.ui.style.StyleServiceTest@779228dc</td></tr>
<tr>
<td title='org.molgenis.core.ui.style.StyleControllerTest.testGetBs4Theme()'><b>testGetBs4Theme</b><br>Test class: org.molgenis.core.ui.style.StyleControllerTest</td>
<td></td>
<td>0</td>
<td>org.molgenis.core.ui.style.StyleControllerTest@64f3991e</td></tr>
<tr>
<td title='org.molgenis.core.ui.admin.permission.PermissionManagerControllerTest.testGetGroupEntityTypePermissions()'><b>testGetGroupEntityTypePermissions</b><br>Test class: org.molgenis.core.ui.admin.permission.PermissionManagerControllerTest</td>
<td></td>
<td>0</td>
<td>org.molgenis.core.ui.admin.permission.PermissionManagerControllerTest@5529522f</td></tr>
<tr>
<td title='org.molgenis.core.ui.admin.permission.PermissionManagerControllerTest.testGetGroupPackagePermissions()'><b>testGetGroupPackagePermissions</b><br>Test class: org.molgenis.core.ui.admin.permission.PermissionManagerControllerTest</td>
<td></td>
<td>0</td>
<td>org.molgenis.core.ui.admin.permission.PermissionManagerControllerTest@5529522f</td></tr>
<tr>
<td title='org.molgenis.core.ui.admin.permission.PermissionManagerControllerTest.testGetGroupPluginPermissions()'><b>testGetGroupPluginPermissions</b><br>Test class: org.molgenis.core.ui.admin.permission.PermissionManagerControllerTest</td>
<td></td>
<td>0</td>
<td>org.molgenis.core.ui.admin.permission.PermissionManagerControllerTest@5529522f</td></tr>
<tr>
<td title='org.molgenis.core.ui.admin.permission.PermissionManagerControllerTest.testGetGroups()'><b>testGetGroups</b><br>Test class: org.molgenis.core.ui.admin.permission.PermissionManagerControllerTest</td>
<td></td>
<td>0</td>
<td>org.molgenis.core.ui.admin.permission.PermissionManagerControllerTest@5529522f</td></tr>
<tr>
<td title='org.molgenis.core.ui.data.system.core.FreemarkerTemplateTest.testGetNameWithoutExtensionEndsWithFtl()'><b>testGetNameWithoutExtensionEndsWithFtl</b><br>Test class: org.molgenis.core.ui.data.system.core.FreemarkerTemplateTest</td>
<td></td>
<td>0</td>
<td>org.molgenis.core.ui.data.system.core.FreemarkerTemplateTest@336e3be2</td></tr>
<tr>
<td title='org.molgenis.core.ui.data.system.core.FreemarkerTemplateTest.testGetNameWithoutExtensionNotEndsWithFtl()'><b>testGetNameWithoutExtensionNotEndsWithFtl</b><br>Test class: org.molgenis.core.ui.data.system.core.FreemarkerTemplateTest</td>
<td></td>
<td>0</td>
<td>org.molgenis.core.ui.data.system.core.FreemarkerTemplateTest@336e3be2</td></tr>
<tr>
<td title='org.molgenis.core.ui.admin.permission.PermissionManagerControllerTest.testGetPackages()'><b>testGetPackages</b><br>Test class: org.molgenis.core.ui.admin.permission.PermissionManagerControllerTest</td>
<td></td>
<td>0</td>
<td>org.molgenis.core.ui.admin.permission.PermissionManagerControllerTest@5529522f</td></tr>
<tr>
<td title='org.molgenis.core.ui.admin.permission.PermissionManagerControllerTest.testGetPlugins()'><b>testGetPlugins</b><br>Test class: org.molgenis.core.ui.admin.permission.PermissionManagerControllerTest</td>
<td></td>
<td>0</td>
<td>org.molgenis.core.ui.admin.permission.PermissionManagerControllerTest@5529522f</td></tr>
<tr>
<td title='org.molgenis.core.ui.admin.user.UserAccountControllerTest.testGetRecoveryCodes()'><b>testGetRecoveryCodes</b><br>Test class: org.molgenis.core.ui.admin.user.UserAccountControllerTest</td>
<td></td>
<td>0</td>
<td>org.molgenis.core.ui.admin.user.UserAccountControllerTest@789dd6bf</td></tr>
<tr>
<td title='org.molgenis.core.ui.style.StyleServiceTest.testGetSelectedStyle()'><b>testGetSelectedStyle</b><br>Test class: org.molgenis.core.ui.style.StyleServiceTest</td>
<td></td>
<td>0</td>
<td>org.molgenis.core.ui.style.StyleServiceTest@779228dc</td></tr>
<tr>
<td title='org.molgenis.core.ui.style.StyleControllerTest.testGetTheme()'><b>testGetTheme</b><br>Test class: org.molgenis.core.ui.style.StyleControllerTest</td>
<td></td>
<td>0</td>
<td>org.molgenis.core.ui.style.StyleControllerTest@64f3991e</td></tr>
<tr>
<td title='org.molgenis.core.ui.admin.permission.PermissionManagerControllerTest.testGetUserEntityClassPermissions()'><b>testGetUserEntityClassPermissions</b><br>Test class: org.molgenis.core.ui.admin.permission.PermissionManagerControllerTest</td>
<td></td>
<td>0</td>
<td>org.molgenis.core.ui.admin.permission.PermissionManagerControllerTest@5529522f</td></tr>
<tr>
<td title='org.molgenis.core.ui.admin.permission.PermissionManagerControllerTest.testGetUserPackagePermissions()'><b>testGetUserPackagePermissions</b><br>Test class: org.molgenis.core.ui.admin.permission.PermissionManagerControllerTest</td>
<td></td>
<td>0</td>
<td>org.molgenis.core.ui.admin.permission.PermissionManagerControllerTest@5529522f</td></tr>
<tr>
<td title='org.molgenis.core.ui.admin.permission.PermissionManagerControllerTest.testGetUserPluginPermissions()'><b>testGetUserPluginPermissions</b><br>Test class: org.molgenis.core.ui.admin.permission.PermissionManagerControllerTest</td>
<td></td>
<td>0</td>
<td>org.molgenis.core.ui.admin.permission.PermissionManagerControllerTest@5529522f</td></tr>
<tr>
<td title='org.molgenis.core.ui.admin.permission.PermissionManagerControllerTest.testGetUsers()'><b>testGetUsers</b><br>Test class: org.molgenis.core.ui.admin.permission.PermissionManagerControllerTest</td>
<td></td>
<td>0</td>
<td>org.molgenis.core.ui.admin.permission.PermissionManagerControllerTest@5529522f</td></tr>
<tr>
<td title='org.molgenis.core.ui.data.config.HttpClientConfigTest.testGsonSerialization()'><b>testGsonSerialization</b><br>Test class: org.molgenis.core.ui.data.config.HttpClientConfigTest</td>
<td></td>
<td>0</td>
<td>org.molgenis.core.ui.data.config.HttpClientConfigTest@39e3ea78</td></tr>
<tr>
<td title='org.molgenis.core.ui.data.importer.wizard.PackageWizardPageTest.testHandleRequest()'><b>testHandleRequest</b><br>Test class: org.molgenis.core.ui.data.importer.wizard.PackageWizardPageTest</td>
<td></td>
<td>0</td>
<td>org.molgenis.core.ui.data.importer.wizard.PackageWizardPageTest@7fe87c0e</td></tr>
<tr>
<td title='org.molgenis.core.ui.data.importer.wizard.ImportWizardControllerTest.testImportFile()'><b>testImportFile</b><br>Test class: org.molgenis.core.ui.data.importer.wizard.ImportWizardControllerTest<br>Parameters: add, ADD</td>
<td></td>
<td>0</td>
<td>org.molgenis.core.ui.data.importer.wizard.ImportWizardControllerTest@3982206a</td></tr>
<tr>
<td title='org.molgenis.core.ui.data.importer.wizard.ImportWizardControllerTest.testImportFile()'><b>testImportFile</b><br>Test class: org.molgenis.core.ui.data.importer.wizard.ImportWizardControllerTest<br>Parameters: update, UPDATE</td>
<td></td>
<td>0</td>
<td>org.molgenis.core.ui.data.importer.wizard.ImportWizardControllerTest@3982206a</td></tr>
<tr>
<td title='org.molgenis.core.ui.data.importer.wizard.ImportWizardControllerTest.testImportFileActionUnknown()'><b>testImportFileActionUnknown</b><br>Test class: org.molgenis.core.ui.data.importer.wizard.ImportWizardControllerTest</td>
<td></td>
<td>0</td>
<td>org.molgenis.core.ui.data.importer.wizard.ImportWizardControllerTest@3982206a</td></tr>
<tr>
<td title='org.molgenis.core.ui.data.importer.wizard.ImportWizardControllerMockMVCTest.testInvalidAction()'><b>testInvalidAction</b><br>Test class: org.molgenis.core.ui.data.importer.wizard.ImportWizardControllerMockMVCTest</td>
<td></td>
<td>0</td>
<td>org.molgenis.core.ui.data.importer.wizard.ImportWizardControllerMockMVCTest@69d2fb0a</td></tr>
<tr>
<td title='org.molgenis.core.ui.data.importer.wizard.ImportWizardControllerMockMVCTest.testRepositoryExists()'><b>testRepositoryExists</b><br>Test class: org.molgenis.core.ui.data.importer.wizard.ImportWizardControllerMockMVCTest</td>
<td></td>
<td>0</td>
<td>org.molgenis.core.ui.data.importer.wizard.ImportWizardControllerMockMVCTest@69d2fb0a</td></tr>
<tr>
<td title='org.molgenis.core.ui.admin.user.UserAccountControllerTest.testResetTwoFactorAuthentication()'><b>testResetTwoFactorAuthentication</b><br>Test class: org.molgenis.core.ui.admin.user.UserAccountControllerTest</td>
<td></td>
<td>0</td>
<td>org.molgenis.core.ui.admin.user.UserAccountControllerTest@789dd6bf</td></tr>
<tr>
<td title='org.molgenis.core.ui.style.StyleServiceTest.testSetSelectedStyle()'><b>testSetSelectedStyle</b><br>Test class: org.molgenis.core.ui.style.StyleServiceTest</td>
<td></td>
<td>0</td>
<td>org.molgenis.core.ui.style.StyleServiceTest@779228dc</td></tr>
<tr>
<td title='org.molgenis.core.ui.style.StyleServiceTest.testSetSelectedStyleUndefined()'><b>testSetSelectedStyleUndefined</b><br>Test class: org.molgenis.core.ui.style.StyleServiceTest</td>
<td></td>
<td>0</td>
<td>org.molgenis.core.ui.style.StyleServiceTest@779228dc</td></tr>
<tr>
<td title='org.molgenis.core.ui.style.StyleServiceTest.testSetSelectedStyleUnknownStyle()'><b>testSetSelectedStyleUnknownStyle</b><br>Test class: org.molgenis.core.ui.style.StyleServiceTest</td>
<td><div><pre>java.lang.NullPointerException
	at org.molgenis.core.ui.style.StyleServiceImpl.setSelectedStyle(StyleServiceImpl.java:116)
	at org.molgenis.core.ui.style.StyleServiceTest.testSetSelectedStyleUnknownStyle(StyleServiceTest.java:94)
	at org.springframework.test.context.testng.AbstractTestNGSpringContextTests.run(AbstractTestNGSpringContextTests.java:180)
	at org.apache.maven.surefire.testng.TestNGExecutor.run(TestNGExecutor.java:135)
	at org.apache.maven.surefire.testng.TestNGDirectoryTestSuite.executeMulti(TestNGDirectoryTestSuite.java:193)
	at org.apache.maven.surefire.testng.TestNGDirectoryTestSuite.execute(TestNGDirectoryTestSuite.java:94)
	at org.apache.maven.surefire.testng.TestNGProvider.invoke(TestNGProvider.java:146)
	at org.apache.maven.surefire.booter.ForkedBooter.invokeProviderInSameClassLoader(ForkedBooter.java:379)
	at org.apache.maven.surefire.booter.ForkedBooter.runSuitesInProcess(ForkedBooter.java:340)
	at org.apache.maven.surefire.booter.ForkedBooter.execute(ForkedBooter.java:125)
	at org.apache.maven.surefire.booter.ForkedBooter.main(ForkedBooter.java:413)
... Removed 26 stack frames</pre></div><a href='#' onClick='toggleBox("stack-trace1751841817", this, "Click to show all stack frames", "Click to hide stack frames")'>Click to show all stack frames</a>
<div class='stack-trace' id='stack-trace1751841817'><pre>java.lang.NullPointerException
	at org.molgenis.core.ui.style.StyleServiceImpl.setSelectedStyle(StyleServiceImpl.java:116)
	at org.molgenis.core.ui.style.StyleServiceTest.testSetSelectedStyleUnknownStyle(StyleServiceTest.java:94)
	at sun.reflect.NativeMethodAccessorImpl.invoke0(Native Method)
	at sun.reflect.NativeMethodAccessorImpl.invoke(NativeMethodAccessorImpl.java:62)
	at sun.reflect.DelegatingMethodAccessorImpl.invoke(DelegatingMethodAccessorImpl.java:43)
	at java.lang.reflect.Method.invoke(Method.java:498)
	at org.testng.internal.MethodInvocationHelper.invokeMethod(MethodInvocationHelper.java:80)
	at org.testng.internal.MethodInvocationHelper$1.runTestMethod(MethodInvocationHelper.java:182)
	at org.springframework.test.context.testng.AbstractTestNGSpringContextTests.run(AbstractTestNGSpringContextTests.java:180)
	at sun.reflect.GeneratedMethodAccessor97.invoke(Unknown Source)
	at sun.reflect.DelegatingMethodAccessorImpl.invoke(DelegatingMethodAccessorImpl.java:43)
	at java.lang.reflect.Method.invoke(Method.java:498)
	at org.testng.internal.MethodInvocationHelper.invokeHookable(MethodInvocationHelper.java:194)
	at org.testng.internal.Invoker.invokeMethod(Invoker.java:707)
	at org.testng.internal.Invoker.invokeTestMethod(Invoker.java:901)
	at org.testng.internal.Invoker.invokeTestMethods(Invoker.java:1231)
	at org.testng.internal.TestMethodWorker.invokeTestMethods(TestMethodWorker.java:127)
	at org.testng.internal.TestMethodWorker.run(TestMethodWorker.java:111)
	at org.testng.TestRunner.privateRun(TestRunner.java:767)
	at org.testng.TestRunner.run(TestRunner.java:617)
	at org.testng.SuiteRunner.runTest(SuiteRunner.java:334)
	at org.testng.SuiteRunner.runSequentially(SuiteRunner.java:329)
	at org.testng.SuiteRunner.privateRun(SuiteRunner.java:291)
	at org.testng.SuiteRunner.run(SuiteRunner.java:240)
	at org.testng.SuiteRunnerWorker.runSuite(SuiteRunnerWorker.java:52)
	at org.testng.SuiteRunnerWorker.run(SuiteRunnerWorker.java:86)
	at org.testng.TestNG.runSuitesSequentially(TestNG.java:1198)
	at org.testng.TestNG.runSuitesLocally(TestNG.java:1123)
	at org.testng.TestNG.run(TestNG.java:1031)
	at org.apache.maven.surefire.testng.TestNGExecutor.run(TestNGExecutor.java:135)
	at org.apache.maven.surefire.testng.TestNGDirectoryTestSuite.executeMulti(TestNGDirectoryTestSuite.java:193)
	at org.apache.maven.surefire.testng.TestNGDirectoryTestSuite.execute(TestNGDirectoryTestSuite.java:94)
	at org.apache.maven.surefire.testng.TestNGProvider.invoke(TestNGProvider.java:146)
	at org.apache.maven.surefire.booter.ForkedBooter.invokeProviderInSameClassLoader(ForkedBooter.java:379)
	at org.apache.maven.surefire.booter.ForkedBooter.runSuitesInProcess(ForkedBooter.java:340)
	at org.apache.maven.surefire.booter.ForkedBooter.execute(ForkedBooter.java:125)
	at org.apache.maven.surefire.booter.ForkedBooter.main(ForkedBooter.java:413)
</pre></div></td>
<td>0</td>
<td>org.molgenis.core.ui.style.StyleServiceTest@779228dc</td></tr>
<tr>
<td title='org.molgenis.core.ui.admin.user.UserAccountControllerTest.testShowAccountWithCodes()'><b>testShowAccountWithCodes</b><br>Test class: org.molgenis.core.ui.admin.user.UserAccountControllerTest</td>
<td></td>
<td>0</td>
<td>org.molgenis.core.ui.admin.user.UserAccountControllerTest@789dd6bf</td></tr>
<tr>
<td title='org.molgenis.core.ui.admin.permission.exception.UnexpectedPermissionExceptionTest.testUnexpectedPermissionException()'><b>testUnexpectedPermissionException</b><br>Test class: org.molgenis.core.ui.admin.permission.exception.UnexpectedPermissionExceptionTest</td>
<td></td>
<td>0</td>
<td>org.molgenis.core.ui.admin.permission.exception.UnexpectedPermissionExceptionTest@59371066</td></tr>
<tr>
<td title='org.molgenis.core.ui.admin.user.UserAccountControllerTest.testUpdateAccountAddressFields()'><b>testUpdateAccountAddressFields</b><br>Test class: org.molgenis.core.ui.admin.user.UserAccountControllerTest</td>
<td></td>
<td>0</td>
<td>org.molgenis.core.ui.admin.user.UserAccountControllerTest@789dd6bf</td></tr>
<tr>
<td title='org.molgenis.core.ui.admin.user.UserAccountControllerTest.testUpdateAccountNameFields()'><b>testUpdateAccountNameFields</b><br>Test class: org.molgenis.core.ui.admin.user.UserAccountControllerTest</td>
<td></td>
<td>0</td>
<td>org.molgenis.core.ui.admin.user.UserAccountControllerTest@789dd6bf</td></tr>
<tr>
<td title='org.molgenis.core.ui.admin.user.UserAccountControllerTest.testUpdateAccountNewPasswordTooShort()'><b>testUpdateAccountNewPasswordTooShort</b><br>Test class: org.molgenis.core.ui.admin.user.UserAccountControllerTest</td>
<td><div><pre>org.molgenis.security.user.MolgenisUserException: New password must consist of at least 6 characters.
	at org.molgenis.core.ui.admin.user.UserAccountController.validatePasswordInUpdateRequest(UserAccountController.java:178)
	at org.molgenis.core.ui.admin.user.UserAccountController.updateAccount(UserAccountController.java:123)
	at org.molgenis.core.ui.admin.user.UserAccountControllerTest.testUpdateAccountNewPasswordTooShort(UserAccountControllerTest.java:135)
	at org.springframework.test.context.testng.AbstractTestNGSpringContextTests.run(AbstractTestNGSpringContextTests.java:180)
	at org.apache.maven.surefire.testng.TestNGExecutor.run(TestNGExecutor.java:135)
	at org.apache.maven.surefire.testng.TestNGDirectoryTestSuite.executeMulti(TestNGDirectoryTestSuite.java:193)
	at org.apache.maven.surefire.testng.TestNGDirectoryTestSuite.execute(TestNGDirectoryTestSuite.java:94)
	at org.apache.maven.surefire.testng.TestNGProvider.invoke(TestNGProvider.java:146)
	at org.apache.maven.surefire.booter.ForkedBooter.invokeProviderInSameClassLoader(ForkedBooter.java:379)
	at org.apache.maven.surefire.booter.ForkedBooter.runSuitesInProcess(ForkedBooter.java:340)
	at org.apache.maven.surefire.booter.ForkedBooter.execute(ForkedBooter.java:125)
	at org.apache.maven.surefire.booter.ForkedBooter.main(ForkedBooter.java:413)
... Removed 26 stack frames</pre></div><a href='#' onClick='toggleBox("stack-trace1271919297", this, "Click to show all stack frames", "Click to hide stack frames")'>Click to show all stack frames</a>
<div class='stack-trace' id='stack-trace1271919297'><pre>org.molgenis.security.user.MolgenisUserException: New password must consist of at least 6 characters.
	at org.molgenis.core.ui.admin.user.UserAccountController.validatePasswordInUpdateRequest(UserAccountController.java:178)
	at org.molgenis.core.ui.admin.user.UserAccountController.updateAccount(UserAccountController.java:123)
	at org.molgenis.core.ui.admin.user.UserAccountControllerTest.testUpdateAccountNewPasswordTooShort(UserAccountControllerTest.java:135)
	at sun.reflect.NativeMethodAccessorImpl.invoke0(Native Method)
	at sun.reflect.NativeMethodAccessorImpl.invoke(NativeMethodAccessorImpl.java:62)
	at sun.reflect.DelegatingMethodAccessorImpl.invoke(DelegatingMethodAccessorImpl.java:43)
	at java.lang.reflect.Method.invoke(Method.java:498)
	at org.testng.internal.MethodInvocationHelper.invokeMethod(MethodInvocationHelper.java:80)
	at org.testng.internal.MethodInvocationHelper$1.runTestMethod(MethodInvocationHelper.java:182)
	at org.springframework.test.context.testng.AbstractTestNGSpringContextTests.run(AbstractTestNGSpringContextTests.java:180)
	at sun.reflect.GeneratedMethodAccessor97.invoke(Unknown Source)
	at sun.reflect.DelegatingMethodAccessorImpl.invoke(DelegatingMethodAccessorImpl.java:43)
	at java.lang.reflect.Method.invoke(Method.java:498)
	at org.testng.internal.MethodInvocationHelper.invokeHookable(MethodInvocationHelper.java:194)
	at org.testng.internal.Invoker.invokeMethod(Invoker.java:707)
	at org.testng.internal.Invoker.invokeTestMethod(Invoker.java:901)
	at org.testng.internal.Invoker.invokeTestMethods(Invoker.java:1231)
	at org.testng.internal.TestMethodWorker.invokeTestMethods(TestMethodWorker.java:127)
	at org.testng.internal.TestMethodWorker.run(TestMethodWorker.java:111)
	at org.testng.TestRunner.privateRun(TestRunner.java:767)
	at org.testng.TestRunner.run(TestRunner.java:617)
	at org.testng.SuiteRunner.runTest(SuiteRunner.java:334)
	at org.testng.SuiteRunner.runSequentially(SuiteRunner.java:329)
	at org.testng.SuiteRunner.privateRun(SuiteRunner.java:291)
	at org.testng.SuiteRunner.run(SuiteRunner.java:240)
	at org.testng.SuiteRunnerWorker.runSuite(SuiteRunnerWorker.java:52)
	at org.testng.SuiteRunnerWorker.run(SuiteRunnerWorker.java:86)
	at org.testng.TestNG.runSuitesSequentially(TestNG.java:1198)
	at org.testng.TestNG.runSuitesLocally(TestNG.java:1123)
	at org.testng.TestNG.run(TestNG.java:1031)
	at org.apache.maven.surefire.testng.TestNGExecutor.run(TestNGExecutor.java:135)
	at org.apache.maven.surefire.testng.TestNGDirectoryTestSuite.executeMulti(TestNGDirectoryTestSuite.java:193)
	at org.apache.maven.surefire.testng.TestNGDirectoryTestSuite.execute(TestNGDirectoryTestSuite.java:94)
	at org.apache.maven.surefire.testng.TestNGProvider.invoke(TestNGProvider.java:146)
	at org.apache.maven.surefire.booter.ForkedBooter.invokeProviderInSameClassLoader(ForkedBooter.java:379)
	at org.apache.maven.surefire.booter.ForkedBooter.runSuitesInProcess(ForkedBooter.java:340)
	at org.apache.maven.surefire.booter.ForkedBooter.execute(ForkedBooter.java:125)
	at org.apache.maven.surefire.booter.ForkedBooter.main(ForkedBooter.java:413)
</pre></div></td>
<td>0</td>
<td>org.molgenis.core.ui.admin.user.UserAccountControllerTest@789dd6bf</td></tr>
<tr>
<td title='org.molgenis.core.ui.admin.user.UserAccountControllerTest.testUpdateAccountNoOldPassword()'><b>testUpdateAccountNoOldPassword</b><br>Test class: org.molgenis.core.ui.admin.user.UserAccountControllerTest</td>
<td><div><pre>org.molgenis.security.user.MolgenisUserException: Please enter old password to update your password.
	at org.molgenis.core.ui.admin.user.UserAccountController.validatePasswordInUpdateRequest(UserAccountController.java:164)
	at org.molgenis.core.ui.admin.user.UserAccountController.updateAccount(UserAccountController.java:123)
	at org.molgenis.core.ui.admin.user.UserAccountControllerTest.testUpdateAccountNoOldPassword(UserAccountControllerTest.java:96)
	at org.springframework.test.context.testng.AbstractTestNGSpringContextTests.run(AbstractTestNGSpringContextTests.java:180)
	at org.apache.maven.surefire.testng.TestNGExecutor.run(TestNGExecutor.java:135)
	at org.apache.maven.surefire.testng.TestNGDirectoryTestSuite.executeMulti(TestNGDirectoryTestSuite.java:193)
	at org.apache.maven.surefire.testng.TestNGDirectoryTestSuite.execute(TestNGDirectoryTestSuite.java:94)
	at org.apache.maven.surefire.testng.TestNGProvider.invoke(TestNGProvider.java:146)
	at org.apache.maven.surefire.booter.ForkedBooter.invokeProviderInSameClassLoader(ForkedBooter.java:379)
	at org.apache.maven.surefire.booter.ForkedBooter.runSuitesInProcess(ForkedBooter.java:340)
	at org.apache.maven.surefire.booter.ForkedBooter.execute(ForkedBooter.java:125)
	at org.apache.maven.surefire.booter.ForkedBooter.main(ForkedBooter.java:413)
... Removed 26 stack frames</pre></div><a href='#' onClick='toggleBox("stack-trace257158114", this, "Click to show all stack frames", "Click to hide stack frames")'>Click to show all stack frames</a>
<div class='stack-trace' id='stack-trace257158114'><pre>org.molgenis.security.user.MolgenisUserException: Please enter old password to update your password.
	at org.molgenis.core.ui.admin.user.UserAccountController.validatePasswordInUpdateRequest(UserAccountController.java:164)
	at org.molgenis.core.ui.admin.user.UserAccountController.updateAccount(UserAccountController.java:123)
	at org.molgenis.core.ui.admin.user.UserAccountControllerTest.testUpdateAccountNoOldPassword(UserAccountControllerTest.java:96)
	at sun.reflect.NativeMethodAccessorImpl.invoke0(Native Method)
	at sun.reflect.NativeMethodAccessorImpl.invoke(NativeMethodAccessorImpl.java:62)
	at sun.reflect.DelegatingMethodAccessorImpl.invoke(DelegatingMethodAccessorImpl.java:43)
	at java.lang.reflect.Method.invoke(Method.java:498)
	at org.testng.internal.MethodInvocationHelper.invokeMethod(MethodInvocationHelper.java:80)
	at org.testng.internal.MethodInvocationHelper$1.runTestMethod(MethodInvocationHelper.java:182)
	at org.springframework.test.context.testng.AbstractTestNGSpringContextTests.run(AbstractTestNGSpringContextTests.java:180)
	at sun.reflect.GeneratedMethodAccessor97.invoke(Unknown Source)
	at sun.reflect.DelegatingMethodAccessorImpl.invoke(DelegatingMethodAccessorImpl.java:43)
	at java.lang.reflect.Method.invoke(Method.java:498)
	at org.testng.internal.MethodInvocationHelper.invokeHookable(MethodInvocationHelper.java:194)
	at org.testng.internal.Invoker.invokeMethod(Invoker.java:707)
	at org.testng.internal.Invoker.invokeTestMethod(Invoker.java:901)
	at org.testng.internal.Invoker.invokeTestMethods(Invoker.java:1231)
	at org.testng.internal.TestMethodWorker.invokeTestMethods(TestMethodWorker.java:127)
	at org.testng.internal.TestMethodWorker.run(TestMethodWorker.java:111)
	at org.testng.TestRunner.privateRun(TestRunner.java:767)
	at org.testng.TestRunner.run(TestRunner.java:617)
	at org.testng.SuiteRunner.runTest(SuiteRunner.java:334)
	at org.testng.SuiteRunner.runSequentially(SuiteRunner.java:329)
	at org.testng.SuiteRunner.privateRun(SuiteRunner.java:291)
	at org.testng.SuiteRunner.run(SuiteRunner.java:240)
	at org.testng.SuiteRunnerWorker.runSuite(SuiteRunnerWorker.java:52)
	at org.testng.SuiteRunnerWorker.run(SuiteRunnerWorker.java:86)
	at org.testng.TestNG.runSuitesSequentially(TestNG.java:1198)
	at org.testng.TestNG.runSuitesLocally(TestNG.java:1123)
	at org.testng.TestNG.run(TestNG.java:1031)
	at org.apache.maven.surefire.testng.TestNGExecutor.run(TestNGExecutor.java:135)
	at org.apache.maven.surefire.testng.TestNGDirectoryTestSuite.executeMulti(TestNGDirectoryTestSuite.java:193)
	at org.apache.maven.surefire.testng.TestNGDirectoryTestSuite.execute(TestNGDirectoryTestSuite.java:94)
	at org.apache.maven.surefire.testng.TestNGProvider.invoke(TestNGProvider.java:146)
	at org.apache.maven.surefire.booter.ForkedBooter.invokeProviderInSameClassLoader(ForkedBooter.java:379)
	at org.apache.maven.surefire.booter.ForkedBooter.runSuitesInProcess(ForkedBooter.java:340)
	at org.apache.maven.surefire.booter.ForkedBooter.execute(ForkedBooter.java:125)
	at org.apache.maven.surefire.booter.ForkedBooter.main(ForkedBooter.java:413)
</pre></div></td>
<td>0</td>
<td>org.molgenis.core.ui.admin.user.UserAccountControllerTest@789dd6bf</td></tr>
<tr>
<td title='org.molgenis.core.ui.admin.user.UserAccountControllerTest.testUpdateAccountNonMatchingNewPasswords()'><b>testUpdateAccountNonMatchingNewPasswords</b><br>Test class: org.molgenis.core.ui.admin.user.UserAccountControllerTest</td>
<td><div><pre>org.molgenis.security.user.MolgenisUserException: &apos;New password&apos; does not match &apos;Repeat new password&apos;.
	at org.molgenis.core.ui.admin.user.UserAccountController.validatePasswordInUpdateRequest(UserAccountController.java:172)
	at org.molgenis.core.ui.admin.user.UserAccountController.updateAccount(UserAccountController.java:123)
	at org.molgenis.core.ui.admin.user.UserAccountControllerTest.testUpdateAccountNonMatchingNewPasswords(UserAccountControllerTest.java:122)
	at org.springframework.test.context.testng.AbstractTestNGSpringContextTests.run(AbstractTestNGSpringContextTests.java:180)
	at org.apache.maven.surefire.testng.TestNGExecutor.run(TestNGExecutor.java:135)
	at org.apache.maven.surefire.testng.TestNGDirectoryTestSuite.executeMulti(TestNGDirectoryTestSuite.java:193)
	at org.apache.maven.surefire.testng.TestNGDirectoryTestSuite.execute(TestNGDirectoryTestSuite.java:94)
	at org.apache.maven.surefire.testng.TestNGProvider.invoke(TestNGProvider.java:146)
	at org.apache.maven.surefire.booter.ForkedBooter.invokeProviderInSameClassLoader(ForkedBooter.java:379)
	at org.apache.maven.surefire.booter.ForkedBooter.runSuitesInProcess(ForkedBooter.java:340)
	at org.apache.maven.surefire.booter.ForkedBooter.execute(ForkedBooter.java:125)
	at org.apache.maven.surefire.booter.ForkedBooter.main(ForkedBooter.java:413)
... Removed 26 stack frames</pre></div><a href='#' onClick='toggleBox("stack-trace706788138", this, "Click to show all stack frames", "Click to hide stack frames")'>Click to show all stack frames</a>
<div class='stack-trace' id='stack-trace706788138'><pre>org.molgenis.security.user.MolgenisUserException: &apos;New password&apos; does not match &apos;Repeat new password&apos;.
	at org.molgenis.core.ui.admin.user.UserAccountController.validatePasswordInUpdateRequest(UserAccountController.java:172)
	at org.molgenis.core.ui.admin.user.UserAccountController.updateAccount(UserAccountController.java:123)
	at org.molgenis.core.ui.admin.user.UserAccountControllerTest.testUpdateAccountNonMatchingNewPasswords(UserAccountControllerTest.java:122)
	at sun.reflect.NativeMethodAccessorImpl.invoke0(Native Method)
	at sun.reflect.NativeMethodAccessorImpl.invoke(NativeMethodAccessorImpl.java:62)
	at sun.reflect.DelegatingMethodAccessorImpl.invoke(DelegatingMethodAccessorImpl.java:43)
	at java.lang.reflect.Method.invoke(Method.java:498)
	at org.testng.internal.MethodInvocationHelper.invokeMethod(MethodInvocationHelper.java:80)
	at org.testng.internal.MethodInvocationHelper$1.runTestMethod(MethodInvocationHelper.java:182)
	at org.springframework.test.context.testng.AbstractTestNGSpringContextTests.run(AbstractTestNGSpringContextTests.java:180)
	at sun.reflect.GeneratedMethodAccessor97.invoke(Unknown Source)
	at sun.reflect.DelegatingMethodAccessorImpl.invoke(DelegatingMethodAccessorImpl.java:43)
	at java.lang.reflect.Method.invoke(Method.java:498)
	at org.testng.internal.MethodInvocationHelper.invokeHookable(MethodInvocationHelper.java:194)
	at org.testng.internal.Invoker.invokeMethod(Invoker.java:707)
	at org.testng.internal.Invoker.invokeTestMethod(Invoker.java:901)
	at org.testng.internal.Invoker.invokeTestMethods(Invoker.java:1231)
	at org.testng.internal.TestMethodWorker.invokeTestMethods(TestMethodWorker.java:127)
	at org.testng.internal.TestMethodWorker.run(TestMethodWorker.java:111)
	at org.testng.TestRunner.privateRun(TestRunner.java:767)
	at org.testng.TestRunner.run(TestRunner.java:617)
	at org.testng.SuiteRunner.runTest(SuiteRunner.java:334)
	at org.testng.SuiteRunner.runSequentially(SuiteRunner.java:329)
	at org.testng.SuiteRunner.privateRun(SuiteRunner.java:291)
	at org.testng.SuiteRunner.run(SuiteRunner.java:240)
	at org.testng.SuiteRunnerWorker.runSuite(SuiteRunnerWorker.java:52)
	at org.testng.SuiteRunnerWorker.run(SuiteRunnerWorker.java:86)
	at org.testng.TestNG.runSuitesSequentially(TestNG.java:1198)
	at org.testng.TestNG.runSuitesLocally(TestNG.java:1123)
	at org.testng.TestNG.run(TestNG.java:1031)
	at org.apache.maven.surefire.testng.TestNGExecutor.run(TestNGExecutor.java:135)
	at org.apache.maven.surefire.testng.TestNGDirectoryTestSuite.executeMulti(TestNGDirectoryTestSuite.java:193)
	at org.apache.maven.surefire.testng.TestNGDirectoryTestSuite.execute(TestNGDirectoryTestSuite.java:94)
	at org.apache.maven.surefire.testng.TestNGProvider.invoke(TestNGProvider.java:146)
	at org.apache.maven.surefire.booter.ForkedBooter.invokeProviderInSameClassLoader(ForkedBooter.java:379)
	at org.apache.maven.surefire.booter.ForkedBooter.runSuitesInProcess(ForkedBooter.java:340)
	at org.apache.maven.surefire.booter.ForkedBooter.execute(ForkedBooter.java:125)
	at org.apache.maven.surefire.booter.ForkedBooter.main(ForkedBooter.java:413)
</pre></div></td>
<td>0</td>
<td>org.molgenis.core.ui.admin.user.UserAccountControllerTest@789dd6bf</td></tr>
<tr>
<td title='org.molgenis.core.ui.admin.user.UserAccountControllerTest.testUpdateAccountOldPasswordIncorrect()'><b>testUpdateAccountOldPasswordIncorrect</b><br>Test class: org.molgenis.core.ui.admin.user.UserAccountControllerTest</td>
<td><div><pre>org.molgenis.security.user.MolgenisUserException: The password you entered is incorrect.
	at org.molgenis.core.ui.admin.user.UserAccountController.validatePasswordInUpdateRequest(UserAccountController.java:167)
	at org.molgenis.core.ui.admin.user.UserAccountController.updateAccount(UserAccountController.java:123)
	at org.molgenis.core.ui.admin.user.UserAccountControllerTest.testUpdateAccountOldPasswordIncorrect(UserAccountControllerTest.java:109)
	at org.springframework.test.context.testng.AbstractTestNGSpringContextTests.run(AbstractTestNGSpringContextTests.java:180)
	at org.apache.maven.surefire.testng.TestNGExecutor.run(TestNGExecutor.java:135)
	at org.apache.maven.surefire.testng.TestNGDirectoryTestSuite.executeMulti(TestNGDirectoryTestSuite.java:193)
	at org.apache.maven.surefire.testng.TestNGDirectoryTestSuite.execute(TestNGDirectoryTestSuite.java:94)
	at org.apache.maven.surefire.testng.TestNGProvider.invoke(TestNGProvider.java:146)
	at org.apache.maven.surefire.booter.ForkedBooter.invokeProviderInSameClassLoader(ForkedBooter.java:379)
	at org.apache.maven.surefire.booter.ForkedBooter.runSuitesInProcess(ForkedBooter.java:340)
	at org.apache.maven.surefire.booter.ForkedBooter.execute(ForkedBooter.java:125)
	at org.apache.maven.surefire.booter.ForkedBooter.main(ForkedBooter.java:413)
... Removed 26 stack frames</pre></div><a href='#' onClick='toggleBox("stack-trace1306198266", this, "Click to show all stack frames", "Click to hide stack frames")'>Click to show all stack frames</a>
<div class='stack-trace' id='stack-trace1306198266'><pre>org.molgenis.security.user.MolgenisUserException: The password you entered is incorrect.
	at org.molgenis.core.ui.admin.user.UserAccountController.validatePasswordInUpdateRequest(UserAccountController.java:167)
	at org.molgenis.core.ui.admin.user.UserAccountController.updateAccount(UserAccountController.java:123)
	at org.molgenis.core.ui.admin.user.UserAccountControllerTest.testUpdateAccountOldPasswordIncorrect(UserAccountControllerTest.java:109)
	at sun.reflect.NativeMethodAccessorImpl.invoke0(Native Method)
	at sun.reflect.NativeMethodAccessorImpl.invoke(NativeMethodAccessorImpl.java:62)
	at sun.reflect.DelegatingMethodAccessorImpl.invoke(DelegatingMethodAccessorImpl.java:43)
	at java.lang.reflect.Method.invoke(Method.java:498)
	at org.testng.internal.MethodInvocationHelper.invokeMethod(MethodInvocationHelper.java:80)
	at org.testng.internal.MethodInvocationHelper$1.runTestMethod(MethodInvocationHelper.java:182)
	at org.springframework.test.context.testng.AbstractTestNGSpringContextTests.run(AbstractTestNGSpringContextTests.java:180)
	at sun.reflect.GeneratedMethodAccessor97.invoke(Unknown Source)
	at sun.reflect.DelegatingMethodAccessorImpl.invoke(DelegatingMethodAccessorImpl.java:43)
	at java.lang.reflect.Method.invoke(Method.java:498)
	at org.testng.internal.MethodInvocationHelper.invokeHookable(MethodInvocationHelper.java:194)
	at org.testng.internal.Invoker.invokeMethod(Invoker.java:707)
	at org.testng.internal.Invoker.invokeTestMethod(Invoker.java:901)
	at org.testng.internal.Invoker.invokeTestMethods(Invoker.java:1231)
	at org.testng.internal.TestMethodWorker.invokeTestMethods(TestMethodWorker.java:127)
	at org.testng.internal.TestMethodWorker.run(TestMethodWorker.java:111)
	at org.testng.TestRunner.privateRun(TestRunner.java:767)
	at org.testng.TestRunner.run(TestRunner.java:617)
	at org.testng.SuiteRunner.runTest(SuiteRunner.java:334)
	at org.testng.SuiteRunner.runSequentially(SuiteRunner.java:329)
	at org.testng.SuiteRunner.privateRun(SuiteRunner.java:291)
	at org.testng.SuiteRunner.run(SuiteRunner.java:240)
	at org.testng.SuiteRunnerWorker.runSuite(SuiteRunnerWorker.java:52)
	at org.testng.SuiteRunnerWorker.run(SuiteRunnerWorker.java:86)
	at org.testng.TestNG.runSuitesSequentially(TestNG.java:1198)
	at org.testng.TestNG.runSuitesLocally(TestNG.java:1123)
	at org.testng.TestNG.run(TestNG.java:1031)
	at org.apache.maven.surefire.testng.TestNGExecutor.run(TestNGExecutor.java:135)
	at org.apache.maven.surefire.testng.TestNGDirectoryTestSuite.executeMulti(TestNGDirectoryTestSuite.java:193)
	at org.apache.maven.surefire.testng.TestNGDirectoryTestSuite.execute(TestNGDirectoryTestSuite.java:94)
	at org.apache.maven.surefire.testng.TestNGProvider.invoke(TestNGProvider.java:146)
	at org.apache.maven.surefire.booter.ForkedBooter.invokeProviderInSameClassLoader(ForkedBooter.java:379)
	at org.apache.maven.surefire.booter.ForkedBooter.runSuitesInProcess(ForkedBooter.java:340)
	at org.apache.maven.surefire.booter.ForkedBooter.execute(ForkedBooter.java:125)
	at org.apache.maven.surefire.booter.ForkedBooter.main(ForkedBooter.java:413)
</pre></div></td>
<td>0</td>
<td>org.molgenis.core.ui.admin.user.UserAccountControllerTest@789dd6bf</td></tr>
<tr>
<td title='org.molgenis.core.ui.admin.user.UserAccountControllerTest.testUpdateAccountUpdatesPassword()'><b>testUpdateAccountUpdatesPassword</b><br>Test class: org.molgenis.core.ui.admin.user.UserAccountControllerTest</td>
<td></td>
<td>0</td>
<td>org.molgenis.core.ui.admin.user.UserAccountControllerTest@789dd6bf</td></tr>
<tr>
<td title='org.molgenis.core.ui.admin.user.UserAccountControllerTest.testUpdateAccountWorkFields()'><b>testUpdateAccountWorkFields</b><br>Test class: org.molgenis.core.ui.admin.user.UserAccountControllerTest</td>
<td></td>
<td>0</td>
<td>org.molgenis.core.ui.admin.user.UserAccountControllerTest@789dd6bf</td></tr>
<tr>
<td title='org.molgenis.core.ui.admin.permission.PermissionManagerControllerTest.testUpdateEntityClassRlsDisableRls()'><b>testUpdateEntityClassRlsDisableRls</b><br>Test class: org.molgenis.core.ui.admin.permission.PermissionManagerControllerTest</td>
<td></td>
<td>0</td>
<td>org.molgenis.core.ui.admin.permission.PermissionManagerControllerTest@5529522f</td></tr>
<tr>
<td title='org.molgenis.core.ui.admin.permission.PermissionManagerControllerTest.testUpdateEntityClassRlsEnableRls()'><b>testUpdateEntityClassRlsEnableRls</b><br>Test class: org.molgenis.core.ui.admin.permission.PermissionManagerControllerTest</td>
<td></td>
<td>0</td>
<td>org.molgenis.core.ui.admin.permission.PermissionManagerControllerTest@5529522f</td></tr>
<tr>
<td title='org.molgenis.core.ui.admin.permission.PermissionManagerControllerTest.testUpdateEntityClassRlsSystemEntityType()'><b>testUpdateEntityClassRlsSystemEntityType</b><br>Test class: org.molgenis.core.ui.admin.permission.PermissionManagerControllerTest</td>
<td><div><pre>java.lang.IllegalArgumentException: Updating system entity type not allowed
	at org.molgenis.core.ui.admin.permission.PermissionManagerController.updateEntityClassRls(PermissionManagerController.java:257)
	at org.molgenis.core.ui.admin.permission.PermissionManagerControllerTest.testUpdateEntityClassRlsSystemEntityType(PermissionManagerControllerTest.java:784)
	at org.springframework.test.context.testng.AbstractTestNGSpringContextTests.run(AbstractTestNGSpringContextTests.java:180)
	at org.apache.maven.surefire.testng.TestNGExecutor.run(TestNGExecutor.java:135)
	at org.apache.maven.surefire.testng.TestNGDirectoryTestSuite.executeMulti(TestNGDirectoryTestSuite.java:193)
	at org.apache.maven.surefire.testng.TestNGDirectoryTestSuite.execute(TestNGDirectoryTestSuite.java:94)
	at org.apache.maven.surefire.testng.TestNGProvider.invoke(TestNGProvider.java:146)
	at org.apache.maven.surefire.booter.ForkedBooter.invokeProviderInSameClassLoader(ForkedBooter.java:379)
	at org.apache.maven.surefire.booter.ForkedBooter.runSuitesInProcess(ForkedBooter.java:340)
	at org.apache.maven.surefire.booter.ForkedBooter.execute(ForkedBooter.java:125)
	at org.apache.maven.surefire.booter.ForkedBooter.main(ForkedBooter.java:413)
... Removed 26 stack frames</pre></div><a href='#' onClick='toggleBox("stack-trace1035504103", this, "Click to show all stack frames", "Click to hide stack frames")'>Click to show all stack frames</a>
<div class='stack-trace' id='stack-trace1035504103'><pre>java.lang.IllegalArgumentException: Updating system entity type not allowed
	at org.molgenis.core.ui.admin.permission.PermissionManagerController.updateEntityClassRls(PermissionManagerController.java:257)
	at org.molgenis.core.ui.admin.permission.PermissionManagerControllerTest.testUpdateEntityClassRlsSystemEntityType(PermissionManagerControllerTest.java:784)
	at sun.reflect.NativeMethodAccessorImpl.invoke0(Native Method)
	at sun.reflect.NativeMethodAccessorImpl.invoke(NativeMethodAccessorImpl.java:62)
	at sun.reflect.DelegatingMethodAccessorImpl.invoke(DelegatingMethodAccessorImpl.java:43)
	at java.lang.reflect.Method.invoke(Method.java:498)
	at org.testng.internal.MethodInvocationHelper.invokeMethod(MethodInvocationHelper.java:80)
	at org.testng.internal.MethodInvocationHelper$1.runTestMethod(MethodInvocationHelper.java:182)
	at org.springframework.test.context.testng.AbstractTestNGSpringContextTests.run(AbstractTestNGSpringContextTests.java:180)
	at sun.reflect.GeneratedMethodAccessor97.invoke(Unknown Source)
	at sun.reflect.DelegatingMethodAccessorImpl.invoke(DelegatingMethodAccessorImpl.java:43)
	at java.lang.reflect.Method.invoke(Method.java:498)
	at org.testng.internal.MethodInvocationHelper.invokeHookable(MethodInvocationHelper.java:194)
	at org.testng.internal.Invoker.invokeMethod(Invoker.java:707)
	at org.testng.internal.Invoker.invokeTestMethod(Invoker.java:901)
	at org.testng.internal.Invoker.invokeTestMethods(Invoker.java:1231)
	at org.testng.internal.TestMethodWorker.invokeTestMethods(TestMethodWorker.java:127)
	at org.testng.internal.TestMethodWorker.run(TestMethodWorker.java:111)
	at org.testng.TestRunner.privateRun(TestRunner.java:767)
	at org.testng.TestRunner.run(TestRunner.java:617)
	at org.testng.SuiteRunner.runTest(SuiteRunner.java:334)
	at org.testng.SuiteRunner.runSequentially(SuiteRunner.java:329)
	at org.testng.SuiteRunner.privateRun(SuiteRunner.java:291)
	at org.testng.SuiteRunner.run(SuiteRunner.java:240)
	at org.testng.SuiteRunnerWorker.runSuite(SuiteRunnerWorker.java:52)
	at org.testng.SuiteRunnerWorker.run(SuiteRunnerWorker.java:86)
	at org.testng.TestNG.runSuitesSequentially(TestNG.java:1198)
	at org.testng.TestNG.runSuitesLocally(TestNG.java:1123)
	at org.testng.TestNG.run(TestNG.java:1031)
	at org.apache.maven.surefire.testng.TestNGExecutor.run(TestNGExecutor.java:135)
	at org.apache.maven.surefire.testng.TestNGDirectoryTestSuite.executeMulti(TestNGDirectoryTestSuite.java:193)
	at org.apache.maven.surefire.testng.TestNGDirectoryTestSuite.execute(TestNGDirectoryTestSuite.java:94)
	at org.apache.maven.surefire.testng.TestNGProvider.invoke(TestNGProvider.java:146)
	at org.apache.maven.surefire.booter.ForkedBooter.invokeProviderInSameClassLoader(ForkedBooter.java:379)
	at org.apache.maven.surefire.booter.ForkedBooter.runSuitesInProcess(ForkedBooter.java:340)
	at org.apache.maven.surefire.booter.ForkedBooter.execute(ForkedBooter.java:125)
	at org.apache.maven.surefire.booter.ForkedBooter.main(ForkedBooter.java:413)
</pre></div></td>
<td>0</td>
<td>org.molgenis.core.ui.admin.permission.PermissionManagerControllerTest@5529522f</td></tr>
<tr>
<td title='org.molgenis.core.ui.admin.permission.PermissionManagerControllerTest.testUpdateGroupEntityClassPermissions()'><b>testUpdateGroupEntityClassPermissions</b><br>Test class: org.molgenis.core.ui.admin.permission.PermissionManagerControllerTest</td>
<td></td>
<td>0</td>
<td>org.molgenis.core.ui.admin.permission.PermissionManagerControllerTest@5529522f</td></tr>
<tr>
<td title='org.molgenis.core.ui.admin.permission.PermissionManagerControllerTest.testUpdateGroupPackagePermissions()'><b>testUpdateGroupPackagePermissions</b><br>Test class: org.molgenis.core.ui.admin.permission.PermissionManagerControllerTest</td>
<td></td>
<td>0</td>
<td>org.molgenis.core.ui.admin.permission.PermissionManagerControllerTest@5529522f</td></tr>
<tr>
<td title='org.molgenis.core.ui.admin.permission.PermissionManagerControllerTest.testUpdateGroupPluginPermissions()'><b>testUpdateGroupPluginPermissions</b><br>Test class: org.molgenis.core.ui.admin.permission.PermissionManagerControllerTest</td>
<td></td>
<td>0</td>
<td>org.molgenis.core.ui.admin.permission.PermissionManagerControllerTest@5529522f</td></tr>
<tr>
<td title='org.molgenis.core.ui.admin.permission.PermissionManagerControllerTest.testUpdateUserEntityClassPermissions()'><b>testUpdateUserEntityClassPermissions</b><br>Test class: org.molgenis.core.ui.admin.permission.PermissionManagerControllerTest</td>
<td></td>
<td>0</td>
<td>org.molgenis.core.ui.admin.permission.PermissionManagerControllerTest@5529522f</td></tr>
<tr>
<td title='org.molgenis.core.ui.admin.permission.PermissionManagerControllerTest.testUpdateUserPackagePermissions()'><b>testUpdateUserPackagePermissions</b><br>Test class: org.molgenis.core.ui.admin.permission.PermissionManagerControllerTest</td>
<td></td>
<td>0</td>
<td>org.molgenis.core.ui.admin.permission.PermissionManagerControllerTest@5529522f</td></tr>
<tr>
<td title='org.molgenis.core.ui.admin.permission.PermissionManagerControllerTest.testUpdateUserPluginPermissions()'><b>testUpdateUserPluginPermissions</b><br>Test class: org.molgenis.core.ui.admin.permission.PermissionManagerControllerTest</td>
<td></td>
<td>0</td>
<td>org.molgenis.core.ui.admin.permission.PermissionManagerControllerTest@5529522f</td></tr>
<tr>
<td title='org.molgenis.core.ui.admin.usermanager.UserManagerServiceImplTest.userManagerServiceImpl()'><b>userManagerServiceImpl</b><br>Test class: org.molgenis.core.ui.admin.usermanager.UserManagerServiceImplTest</td>
<td><div><pre>java.lang.NullPointerException
	at java.util.Objects.requireNonNull(Objects.java:203)
	at org.molgenis.core.ui.admin.usermanager.UserManagerServiceImpl.&lt;init&gt;(UserManagerServiceImpl.java:35)
	at org.molgenis.core.ui.admin.usermanager.UserManagerServiceImplTest.userManagerServiceImpl(UserManagerServiceImplTest.java:123)
	at org.springframework.test.context.testng.AbstractTestNGSpringContextTests.run(AbstractTestNGSpringContextTests.java:180)
	at org.apache.maven.surefire.testng.TestNGExecutor.run(TestNGExecutor.java:135)
	at org.apache.maven.surefire.testng.TestNGDirectoryTestSuite.executeMulti(TestNGDirectoryTestSuite.java:193)
	at org.apache.maven.surefire.testng.TestNGDirectoryTestSuite.execute(TestNGDirectoryTestSuite.java:94)
	at org.apache.maven.surefire.testng.TestNGProvider.invoke(TestNGProvider.java:146)
	at org.apache.maven.surefire.booter.ForkedBooter.invokeProviderInSameClassLoader(ForkedBooter.java:379)
	at org.apache.maven.surefire.booter.ForkedBooter.runSuitesInProcess(ForkedBooter.java:340)
	at org.apache.maven.surefire.booter.ForkedBooter.execute(ForkedBooter.java:125)
	at org.apache.maven.surefire.booter.ForkedBooter.main(ForkedBooter.java:413)
... Removed 26 stack frames</pre></div><a href='#' onClick='toggleBox("stack-trace1529612608", this, "Click to show all stack frames", "Click to hide stack frames")'>Click to show all stack frames</a>
<div class='stack-trace' id='stack-trace1529612608'><pre>java.lang.NullPointerException
	at java.util.Objects.requireNonNull(Objects.java:203)
	at org.molgenis.core.ui.admin.usermanager.UserManagerServiceImpl.&lt;init&gt;(UserManagerServiceImpl.java:35)
	at org.molgenis.core.ui.admin.usermanager.UserManagerServiceImplTest.userManagerServiceImpl(UserManagerServiceImplTest.java:123)
	at sun.reflect.NativeMethodAccessorImpl.invoke0(Native Method)
	at sun.reflect.NativeMethodAccessorImpl.invoke(NativeMethodAccessorImpl.java:62)
	at sun.reflect.DelegatingMethodAccessorImpl.invoke(DelegatingMethodAccessorImpl.java:43)
	at java.lang.reflect.Method.invoke(Method.java:498)
	at org.testng.internal.MethodInvocationHelper.invokeMethod(MethodInvocationHelper.java:80)
	at org.testng.internal.MethodInvocationHelper$1.runTestMethod(MethodInvocationHelper.java:182)
	at org.springframework.test.context.testng.AbstractTestNGSpringContextTests.run(AbstractTestNGSpringContextTests.java:180)
	at sun.reflect.GeneratedMethodAccessor97.invoke(Unknown Source)
	at sun.reflect.DelegatingMethodAccessorImpl.invoke(DelegatingMethodAccessorImpl.java:43)
	at java.lang.reflect.Method.invoke(Method.java:498)
	at org.testng.internal.MethodInvocationHelper.invokeHookable(MethodInvocationHelper.java:194)
	at org.testng.internal.Invoker.invokeMethod(Invoker.java:707)
	at org.testng.internal.Invoker.invokeTestMethod(Invoker.java:901)
	at org.testng.internal.Invoker.invokeTestMethods(Invoker.java:1231)
	at org.testng.internal.TestMethodWorker.invokeTestMethods(TestMethodWorker.java:127)
	at org.testng.internal.TestMethodWorker.run(TestMethodWorker.java:111)
	at org.testng.TestRunner.privateRun(TestRunner.java:767)
	at org.testng.TestRunner.run(TestRunner.java:617)
	at org.testng.SuiteRunner.runTest(SuiteRunner.java:334)
	at org.testng.SuiteRunner.runSequentially(SuiteRunner.java:329)
	at org.testng.SuiteRunner.privateRun(SuiteRunner.java:291)
	at org.testng.SuiteRunner.run(SuiteRunner.java:240)
	at org.testng.SuiteRunnerWorker.runSuite(SuiteRunnerWorker.java:52)
	at org.testng.SuiteRunnerWorker.run(SuiteRunnerWorker.java:86)
	at org.testng.TestNG.runSuitesSequentially(TestNG.java:1198)
	at org.testng.TestNG.runSuitesLocally(TestNG.java:1123)
	at org.testng.TestNG.run(TestNG.java:1031)
	at org.apache.maven.surefire.testng.TestNGExecutor.run(TestNGExecutor.java:135)
	at org.apache.maven.surefire.testng.TestNGDirectoryTestSuite.executeMulti(TestNGDirectoryTestSuite.java:193)
	at org.apache.maven.surefire.testng.TestNGDirectoryTestSuite.execute(TestNGDirectoryTestSuite.java:94)
	at org.apache.maven.surefire.testng.TestNGProvider.invoke(TestNGProvider.java:146)
	at org.apache.maven.surefire.booter.ForkedBooter.invokeProviderInSameClassLoader(ForkedBooter.java:379)
	at org.apache.maven.surefire.booter.ForkedBooter.runSuitesInProcess(ForkedBooter.java:340)
	at org.apache.maven.surefire.booter.ForkedBooter.execute(ForkedBooter.java:125)
	at org.apache.maven.surefire.booter.ForkedBooter.main(ForkedBooter.java:413)
</pre></div></td>
<td>0</td>
<td>org.molgenis.core.ui.admin.usermanager.UserManagerServiceImplTest@d1f23a0</td></tr>
<tr>
<td title='org.molgenis.core.ui.security.MolgenisAccessDecisionVoterTest.vote_menuDenied()'><b>vote_menuDenied</b><br>Test class: org.molgenis.core.ui.security.MolgenisAccessDecisionVoterTest</td>
<td></td>
<td>0</td>
<td>org.molgenis.core.ui.security.MolgenisAccessDecisionVoterTest@2d47b06</td></tr>
<tr>
<td title='org.molgenis.core.ui.security.MolgenisAccessDecisionVoterTest.vote_menuGranted()'><b>vote_menuGranted</b><br>Test class: org.molgenis.core.ui.security.MolgenisAccessDecisionVoterTest</td>
<td></td>
<td>0</td>
<td>org.molgenis.core.ui.security.MolgenisAccessDecisionVoterTest@2d47b06</td></tr>
<tr>
<td title='org.molgenis.core.ui.security.MolgenisAccessDecisionVoterTest.vote_menuPluginDenied()'><b>vote_menuPluginDenied</b><br>Test class: org.molgenis.core.ui.security.MolgenisAccessDecisionVoterTest</td>
<td></td>
<td>0</td>
<td>org.molgenis.core.ui.security.MolgenisAccessDecisionVoterTest@2d47b06</td></tr>
<tr>
<td title='org.molgenis.core.ui.security.MolgenisAccessDecisionVoterTest.vote_menuPluginGranted()'><b>vote_menuPluginGranted</b><br>Test class: org.molgenis.core.ui.security.MolgenisAccessDecisionVoterTest</td>
<td></td>
<td>0</td>
<td>org.molgenis.core.ui.security.MolgenisAccessDecisionVoterTest@2d47b06</td></tr>
<tr>
<td title='org.molgenis.core.ui.security.MolgenisAccessDecisionVoterTest.vote_menuPluginSlashDenied()'><b>vote_menuPluginSlashDenied</b><br>Test class: org.molgenis.core.ui.security.MolgenisAccessDecisionVoterTest</td>
<td></td>
<td>0</td>
<td>org.molgenis.core.ui.security.MolgenisAccessDecisionVoterTest@2d47b06</td></tr>
<tr>
<td title='org.molgenis.core.ui.security.MolgenisAccessDecisionVoterTest.vote_menuPluginSlashGranted()'><b>vote_menuPluginSlashGranted</b><br>Test class: org.molgenis.core.ui.security.MolgenisAccessDecisionVoterTest</td>
<td></td>
<td>0</td>
<td>org.molgenis.core.ui.security.MolgenisAccessDecisionVoterTest@2d47b06</td></tr>
<tr>
<td title='org.molgenis.core.ui.security.MolgenisAccessDecisionVoterTest.vote_menuPluginWithParamsDenied()'><b>vote_menuPluginWithParamsDenied</b><br>Test class: org.molgenis.core.ui.security.MolgenisAccessDecisionVoterTest</td>
<td></td>
<td>0</td>
<td>org.molgenis.core.ui.security.MolgenisAccessDecisionVoterTest@2d47b06</td></tr>
<tr>
<td title='org.molgenis.core.ui.security.MolgenisAccessDecisionVoterTest.vote_menuPluginWithParamsGranted()'><b>vote_menuPluginWithParamsGranted</b><br>Test class: org.molgenis.core.ui.security.MolgenisAccessDecisionVoterTest</td>
<td></td>
<td>0</td>
<td>org.molgenis.core.ui.security.MolgenisAccessDecisionVoterTest@2d47b06</td></tr>
<tr>
<td title='org.molgenis.core.ui.security.MolgenisAccessDecisionVoterTest.vote_menuPluginWithPathDenied()'><b>vote_menuPluginWithPathDenied</b><br>Test class: org.molgenis.core.ui.security.MolgenisAccessDecisionVoterTest</td>
<td></td>
<td>0</td>
<td>org.molgenis.core.ui.security.MolgenisAccessDecisionVoterTest@2d47b06</td></tr>
<tr>
<td title='org.molgenis.core.ui.security.MolgenisAccessDecisionVoterTest.vote_menuPluginWithPathGranted()'><b>vote_menuPluginWithPathGranted</b><br>Test class: org.molgenis.core.ui.security.MolgenisAccessDecisionVoterTest</td>
<td></td>
<td>0</td>
<td>org.molgenis.core.ui.security.MolgenisAccessDecisionVoterTest@2d47b06</td></tr>
<tr>
<td title='org.molgenis.core.ui.security.MolgenisAccessDecisionVoterTest.vote_menuSlashDenied()'><b>vote_menuSlashDenied</b><br>Test class: org.molgenis.core.ui.security.MolgenisAccessDecisionVoterTest</td>
<td></td>
<td>0</td>
<td>org.molgenis.core.ui.security.MolgenisAccessDecisionVoterTest@2d47b06</td></tr>
<tr>
<td title='org.molgenis.core.ui.security.MolgenisAccessDecisionVoterTest.vote_menuSlashGranted()'><b>vote_menuSlashGranted</b><br>Test class: org.molgenis.core.ui.security.MolgenisAccessDecisionVoterTest</td>
<td></td>
<td>0</td>
<td>org.molgenis.core.ui.security.MolgenisAccessDecisionVoterTest@2d47b06</td></tr>
<tr>
<td title='org.molgenis.core.ui.security.MolgenisAccessDecisionVoterTest.vote_noPluginNoMenu()'><b>vote_noPluginNoMenu</b><br>Test class: org.molgenis.core.ui.security.MolgenisAccessDecisionVoterTest</td>
<td></td>
<td>0</td>
<td>org.molgenis.core.ui.security.MolgenisAccessDecisionVoterTest@2d47b06</td></tr>
<tr>
<td title='org.molgenis.core.ui.security.MolgenisAccessDecisionVoterTest.vote_pluginDenied()'><b>vote_pluginDenied</b><br>Test class: org.molgenis.core.ui.security.MolgenisAccessDecisionVoterTest</td>
<td></td>
<td>0</td>
<td>org.molgenis.core.ui.security.MolgenisAccessDecisionVoterTest@2d47b06</td></tr>
<tr>
<td title='org.molgenis.core.ui.security.MolgenisAccessDecisionVoterTest.vote_pluginGranted()'><b>vote_pluginGranted</b><br>Test class: org.molgenis.core.ui.security.MolgenisAccessDecisionVoterTest</td>
<td></td>
<td>0</td>
<td>org.molgenis.core.ui.security.MolgenisAccessDecisionVoterTest@2d47b06</td></tr>
</table><p>
</body>
</html>