<?xml version="1.0" encoding="UTF-8"?>
<!-- Generated by org.testng.reporters.JUnitXMLReporter -->
<testsuite hostname="spirals-vortex.lille.inria.fr" ignored="0" name="Command line test" tests="4" failures="1" timestamp="18 Mar 2018 10:01:41 GMT" time="182.761" errors="0">
  <testcase name="awakenMinorityTest" time="8.097" classname="marnikitta.concierge.atomic.AtomicBroadcastTest"/>
  <testcase name="integrityAndTotalOrderTest" time="170.728" classname="marnikitta.concierge.atomic.AtomicBroadcastTest">
    <failure type="java.lang.AssertionError" message="expected [1] but found [14]">
      <![CDATA[java.lang.AssertionError: expected [1] but found [14]
	at marnikitta.concierge.atomic.AtomicBroadcastTest.integrityAndTotalOrderTest(AtomicBroadcastTest.java:165)
... Removed 40 stack frames]]>
    </failure>
  </testcase> <!-- integrityAndTotalOrderTest -->
  <testcase name="killOneByOneTest" time="3.357" classname="marnikitta.concierge.atomic.AtomicBroadcastTest"/>
  <testcase name="singleLeaderBroadcastTest" time="0.558" classname="marnikitta.concierge.atomic.AtomicBroadcastTest"/>
</testsuite> <!-- Command line test -->
