-------------------------------------------------------------------------------
Test set: seltest.AutomationPracticeTest
-------------------------------------------------------------------------------
Tests run: 8, Failures: 0, Errors: 8, Skipped: 0, Time elapsed: 0.104 sec <<< FAILURE! - in seltest.AutomationPracticeTest
successfulRegistrationTest(seltest.AutomationPracticeTest)  Time elapsed: 0.058 sec  <<< ERROR!
java.lang.IllegalStateException: The driver is not executable: /root/workspace/Tmejs/Hogwart/394521908/SeleniumMV/chromedriver.exe
	at seltest.AutomationPracticeTest.setUp(AutomationPracticeTest.java:47)

successfulRegistrationTest(seltest.AutomationPracticeTest)  Time elapsed: 0.059 sec  <<< ERROR!
java.lang.NullPointerException
	at seltest.AutomationPracticeTest.tearDown(AutomationPracticeTest.java:327)

failedRegistrationTest_email(seltest.AutomationPracticeTest)  Time elapsed: 0.001 sec  <<< ERROR!
java.lang.IllegalStateException: The driver is not executable: /root/workspace/Tmejs/Hogwart/394521908/SeleniumMV/chromedriver.exe
	at seltest.AutomationPracticeTest.setUp(AutomationPracticeTest.java:47)

failedRegistrationTest_email(seltest.AutomationPracticeTest)  Time elapsed: 0.001 sec  <<< ERROR!
java.lang.NullPointerException
	at seltest.AutomationPracticeTest.tearDown(AutomationPracticeTest.java:327)

failedRegistrationTest(seltest.AutomationPracticeTest)  Time elapsed: 0.001 sec  <<< ERROR!
java.lang.IllegalStateException: The driver is not executable: /root/workspace/Tmejs/Hogwart/394521908/SeleniumMV/chromedriver.exe
	at seltest.AutomationPracticeTest.setUp(AutomationPracticeTest.java:47)

failedRegistrationTest(seltest.AutomationPracticeTest)  Time elapsed: 0.001 sec  <<< ERROR!
java.lang.NullPointerException
	at seltest.AutomationPracticeTest.tearDown(AutomationPracticeTest.java:327)

registrationValidationTest(seltest.AutomationPracticeTest)  Time elapsed: 0.001 sec  <<< ERROR!
java.lang.IllegalStateException: The driver is not executable: /root/workspace/Tmejs/Hogwart/394521908/SeleniumMV/chromedriver.exe
	at seltest.AutomationPracticeTest.setUp(AutomationPracticeTest.java:47)

registrationValidationTest(seltest.AutomationPracticeTest)  Time elapsed: 0.001 sec  <<< ERROR!
java.lang.NullPointerException
	at seltest.AutomationPracticeTest.tearDown(AutomationPracticeTest.java:327)

