<html>
<head>
<title>TestNG:  Surefire test</title>
<link href="../testng.css" rel="stylesheet" type="text/css" />
<link href="../my-testng.css" rel="stylesheet" type="text/css" />

<style type="text/css">
.log { display: none;} 
.stack-trace { display: none;} 
</style>
<script type="text/javascript">
<!--
function flip(e) {
  current = e.style.display;
  if (current == 'block') {
    e.style.display = 'none';
    return 0;
  }
  else {
    e.style.display = 'block';
    return 1;
  }
}

function toggleBox(szDivId, elem, msg1, msg2)
{
  var res = -1;  if (document.getElementById) {
    res = flip(document.getElementById(szDivId));
  }
  else if (document.all) {
    // this is the way old msie versions work
    res = flip(document.all[szDivId]);
  }
  if(elem) {
    if(res == 0) elem.innerHTML = msg1; else elem.innerHTML = msg2;
  }

}

function toggleAllBoxes() {
  if (document.getElementsByTagName) {
    d = document.getElementsByTagName('div');
    for (i = 0; i < d.length; i++) {
      if (d[i].className == 'log') {
        flip(d[i]);
      }
    }
  }
}

// -->
</script>

</head>
<body>
<h2 align='center'>Surefire test</h2><table border='1' align="center">
<tr>
<td>Tests passed/Failed/Skipped:</td><td>58/0/0</td>
</tr><tr>
<td>Started on:</td><td>Fri Jun 01 13:17:41 CEST 2018</td>
</tr>
<tr><td>Total time:</td><td>3 seconds (3723 ms)</td>
</tr><tr>
<td>Included groups:</td><td></td>
</tr><tr>
<td>Excluded groups:</td><td></td>
</tr>
</table><p/>
<small><i>(Hover the method name to see the test class name)</i></small><p/>
<table width='100%' border='1' class='invocation-passed'>
<tr><td colspan='4' align='center'><b>PASSED TESTS</b></td></tr>
<tr><td><b>Test method</b></td>
<td width="30%"><b>Exception</b></td>
<td width="10%"><b>Time (seconds)</b></td>
<td><b>Instance</b></td>
</tr>
<tr>
<td title='org.molgenis.web.exception.SpringExceptionHandlerTest.AsyncRequestTimeoutException()'><b>AsyncRequestTimeoutException</b><br>Test class: org.molgenis.web.exception.SpringExceptionHandlerTest</td>
<td></td>
<td>0</td>
<td>org.molgenis.web.exception.SpringExceptionHandlerTest@6684f7f2</td></tr>
<tr>
<td title='org.molgenis.web.ErrorMessageResponseTest.ErrorMessageResponse()'><b>ErrorMessageResponse</b><br>Test class: org.molgenis.web.ErrorMessageResponseTest</td>
<td></td>
<td>0</td>
<td>org.molgenis.web.ErrorMessageResponseTest@30ec211a</td></tr>
<tr>
<td title='org.molgenis.web.ErrorMessageResponseTest.ErrorMessageResponseErrorMessage()'><b>ErrorMessageResponseErrorMessage</b><br>Test class: org.molgenis.web.ErrorMessageResponseTest</td>
<td></td>
<td>0</td>
<td>org.molgenis.web.ErrorMessageResponseTest@30ec211a</td></tr>
<tr>
<td title='org.molgenis.web.ErrorMessageResponseTest.ErrorMessageResponseListErrorMessage()'><b>ErrorMessageResponseListErrorMessage</b><br>Test class: org.molgenis.web.ErrorMessageResponseTest</td>
<td></td>
<td>0</td>
<td>org.molgenis.web.ErrorMessageResponseTest@30ec211a</td></tr>
<tr>
<td title='org.molgenis.web.PluginControllerTest.MolgenisPlugin()'><b>MolgenisPlugin</b><br>Test class: org.molgenis.web.PluginControllerTest</td>
<td><div><pre>java.lang.IllegalArgumentException: uri does not start with /plugin/
	at org.molgenis.web.PluginController.&lt;init&gt;(PluginController.java:29)
	at org.molgenis.web.PluginControllerTest$1.&lt;init&gt;(PluginControllerTest.java:14)
	at org.molgenis.web.PluginControllerTest.MolgenisPlugin(PluginControllerTest.java:13)
	at org.apache.maven.surefire.testng.TestNGExecutor.run(TestNGExecutor.java:135)
	at org.apache.maven.surefire.testng.TestNGDirectoryTestSuite.executeMulti(TestNGDirectoryTestSuite.java:193)
	at org.apache.maven.surefire.testng.TestNGDirectoryTestSuite.execute(TestNGDirectoryTestSuite.java:94)
	at org.apache.maven.surefire.testng.TestNGProvider.invoke(TestNGProvider.java:146)
	at org.apache.maven.surefire.booter.ForkedBooter.invokeProviderInSameClassLoader(ForkedBooter.java:379)
	at org.apache.maven.surefire.booter.ForkedBooter.runSuitesInProcess(ForkedBooter.java:340)
	at org.apache.maven.surefire.booter.ForkedBooter.execute(ForkedBooter.java:125)
	at org.apache.maven.surefire.booter.ForkedBooter.main(ForkedBooter.java:413)
... Removed 21 stack frames</pre></div><a href='#' onClick='toggleBox("stack-trace1010530341", this, "Click to show all stack frames", "Click to hide stack frames")'>Click to show all stack frames</a>
<div class='stack-trace' id='stack-trace1010530341'><pre>java.lang.IllegalArgumentException: uri does not start with /plugin/
	at org.molgenis.web.PluginController.&lt;init&gt;(PluginController.java:29)
	at org.molgenis.web.PluginControllerTest$1.&lt;init&gt;(PluginControllerTest.java:14)
	at org.molgenis.web.PluginControllerTest.MolgenisPlugin(PluginControllerTest.java:13)
	at sun.reflect.NativeMethodAccessorImpl.invoke0(Native Method)
	at sun.reflect.NativeMethodAccessorImpl.invoke(NativeMethodAccessorImpl.java:62)
	at sun.reflect.DelegatingMethodAccessorImpl.invoke(DelegatingMethodAccessorImpl.java:43)
	at java.lang.reflect.Method.invoke(Method.java:498)
	at org.testng.internal.MethodInvocationHelper.invokeMethod(MethodInvocationHelper.java:80)
	at org.testng.internal.Invoker.invokeMethod(Invoker.java:714)
	at org.testng.internal.Invoker.invokeTestMethod(Invoker.java:901)
	at org.testng.internal.Invoker.invokeTestMethods(Invoker.java:1231)
	at org.testng.internal.TestMethodWorker.invokeTestMethods(TestMethodWorker.java:127)
	at org.testng.internal.TestMethodWorker.run(TestMethodWorker.java:111)
	at org.testng.TestRunner.privateRun(TestRunner.java:767)
	at org.testng.TestRunner.run(TestRunner.java:617)
	at org.testng.SuiteRunner.runTest(SuiteRunner.java:334)
	at org.testng.SuiteRunner.runSequentially(SuiteRunner.java:329)
	at org.testng.SuiteRunner.privateRun(SuiteRunner.java:291)
	at org.testng.SuiteRunner.run(SuiteRunner.java:240)
	at org.testng.SuiteRunnerWorker.runSuite(SuiteRunnerWorker.java:52)
	at org.testng.SuiteRunnerWorker.run(SuiteRunnerWorker.java:86)
	at org.testng.TestNG.runSuitesSequentially(TestNG.java:1198)
	at org.testng.TestNG.runSuitesLocally(TestNG.java:1123)
	at org.testng.TestNG.run(TestNG.java:1031)
	at org.apache.maven.surefire.testng.TestNGExecutor.run(TestNGExecutor.java:135)
	at org.apache.maven.surefire.testng.TestNGDirectoryTestSuite.executeMulti(TestNGDirectoryTestSuite.java:193)
	at org.apache.maven.surefire.testng.TestNGDirectoryTestSuite.execute(TestNGDirectoryTestSuite.java:94)
	at org.apache.maven.surefire.testng.TestNGProvider.invoke(TestNGProvider.java:146)
	at org.apache.maven.surefire.booter.ForkedBooter.invokeProviderInSameClassLoader(ForkedBooter.java:379)
	at org.apache.maven.surefire.booter.ForkedBooter.runSuitesInProcess(ForkedBooter.java:340)
	at org.apache.maven.surefire.booter.ForkedBooter.execute(ForkedBooter.java:125)
	at org.apache.maven.surefire.booter.ForkedBooter.main(ForkedBooter.java:413)
</pre></div></td>
<td>0</td>
<td>org.molgenis.web.PluginControllerTest@1b4a3a1</td></tr>
<tr>
<td title='org.molgenis.web.PluginInterceptorTest.MolgenisPluginInterceptor()'><b>MolgenisPluginInterceptor</b><br>Test class: org.molgenis.web.PluginInterceptorTest</td>
<td><div><pre>java.lang.NullPointerException
	at java.util.Objects.requireNonNull(Objects.java:203)
	at org.molgenis.web.PluginInterceptor.&lt;init&gt;(PluginInterceptor.java:27)
	at org.molgenis.web.PluginInterceptorTest.MolgenisPluginInterceptor(PluginInterceptorTest.java:38)
	at org.apache.maven.surefire.testng.TestNGExecutor.run(TestNGExecutor.java:135)
	at org.apache.maven.surefire.testng.TestNGDirectoryTestSuite.executeMulti(TestNGDirectoryTestSuite.java:193)
	at org.apache.maven.surefire.testng.TestNGDirectoryTestSuite.execute(TestNGDirectoryTestSuite.java:94)
	at org.apache.maven.surefire.testng.TestNGProvider.invoke(TestNGProvider.java:146)
	at org.apache.maven.surefire.booter.ForkedBooter.invokeProviderInSameClassLoader(ForkedBooter.java:379)
	at org.apache.maven.surefire.booter.ForkedBooter.runSuitesInProcess(ForkedBooter.java:340)
	at org.apache.maven.surefire.booter.ForkedBooter.execute(ForkedBooter.java:125)
	at org.apache.maven.surefire.booter.ForkedBooter.main(ForkedBooter.java:413)
... Removed 21 stack frames</pre></div><a href='#' onClick='toggleBox("stack-trace196064189", this, "Click to show all stack frames", "Click to hide stack frames")'>Click to show all stack frames</a>
<div class='stack-trace' id='stack-trace196064189'><pre>java.lang.NullPointerException
	at java.util.Objects.requireNonNull(Objects.java:203)
	at org.molgenis.web.PluginInterceptor.&lt;init&gt;(PluginInterceptor.java:27)
	at org.molgenis.web.PluginInterceptorTest.MolgenisPluginInterceptor(PluginInterceptorTest.java:38)
	at sun.reflect.NativeMethodAccessorImpl.invoke0(Native Method)
	at sun.reflect.NativeMethodAccessorImpl.invoke(NativeMethodAccessorImpl.java:62)
	at sun.reflect.DelegatingMethodAccessorImpl.invoke(DelegatingMethodAccessorImpl.java:43)
	at java.lang.reflect.Method.invoke(Method.java:498)
	at org.testng.internal.MethodInvocationHelper.invokeMethod(MethodInvocationHelper.java:80)
	at org.testng.internal.Invoker.invokeMethod(Invoker.java:714)
	at org.testng.internal.Invoker.invokeTestMethod(Invoker.java:901)
	at org.testng.internal.Invoker.invokeTestMethods(Invoker.java:1231)
	at org.testng.internal.TestMethodWorker.invokeTestMethods(TestMethodWorker.java:127)
	at org.testng.internal.TestMethodWorker.run(TestMethodWorker.java:111)
	at org.testng.TestRunner.privateRun(TestRunner.java:767)
	at org.testng.TestRunner.run(TestRunner.java:617)
	at org.testng.SuiteRunner.runTest(SuiteRunner.java:334)
	at org.testng.SuiteRunner.runSequentially(SuiteRunner.java:329)
	at org.testng.SuiteRunner.privateRun(SuiteRunner.java:291)
	at org.testng.SuiteRunner.run(SuiteRunner.java:240)
	at org.testng.SuiteRunnerWorker.runSuite(SuiteRunnerWorker.java:52)
	at org.testng.SuiteRunnerWorker.run(SuiteRunnerWorker.java:86)
	at org.testng.TestNG.runSuitesSequentially(TestNG.java:1198)
	at org.testng.TestNG.runSuitesLocally(TestNG.java:1123)
	at org.testng.TestNG.run(TestNG.java:1031)
	at org.apache.maven.surefire.testng.TestNGExecutor.run(TestNGExecutor.java:135)
	at org.apache.maven.surefire.testng.TestNGDirectoryTestSuite.executeMulti(TestNGDirectoryTestSuite.java:193)
	at org.apache.maven.surefire.testng.TestNGDirectoryTestSuite.execute(TestNGDirectoryTestSuite.java:94)
	at org.apache.maven.surefire.testng.TestNGProvider.invoke(TestNGProvider.java:146)
	at org.apache.maven.surefire.booter.ForkedBooter.invokeProviderInSameClassLoader(ForkedBooter.java:379)
	at org.apache.maven.surefire.booter.ForkedBooter.runSuitesInProcess(ForkedBooter.java:340)
	at org.apache.maven.surefire.booter.ForkedBooter.execute(ForkedBooter.java:125)
	at org.apache.maven.surefire.booter.ForkedBooter.main(ForkedBooter.java:413)
</pre></div></td>
<td>0</td>
<td>org.molgenis.web.PluginInterceptorTest@4cecc15a</td></tr>
<tr>
<td title='org.molgenis.web.ErrorMessageResponseTest.addErrorMessage()'><b>addErrorMessage</b><br>Test class: org.molgenis.web.ErrorMessageResponseTest</td>
<td></td>
<td>0</td>
<td>org.molgenis.web.ErrorMessageResponseTest@30ec211a</td></tr>
<tr>
<td title='org.molgenis.web.ErrorMessageResponseTest.addErrorMessages()'><b>addErrorMessages</b><br>Test class: org.molgenis.web.ErrorMessageResponseTest</td>
<td></td>
<td>0</td>
<td>org.molgenis.web.ErrorMessageResponseTest@30ec211a</td></tr>
<tr>
<td title='org.molgenis.web.PluginControllerTest.getId()'><b>getId</b><br>Test class: org.molgenis.web.PluginControllerTest</td>
<td></td>
<td>0</td>
<td>org.molgenis.web.PluginControllerTest@1b4a3a1</td></tr>
<tr>
<td title='org.molgenis.web.converter.MolgenisGsonHttpMessageConverterTest.getSupportedMediaTypes()'><b>getSupportedMediaTypes</b><br>Test class: org.molgenis.web.converter.MolgenisGsonHttpMessageConverterTest</td>
<td></td>
<td>0</td>
<td>org.molgenis.web.converter.MolgenisGsonHttpMessageConverterTest@1c7f6e96</td></tr>
<tr>
<td title='org.molgenis.web.PluginControllerTest.getUri()'><b>getUri</b><br>Test class: org.molgenis.web.PluginControllerTest</td>
<td></td>
<td>0</td>
<td>org.molgenis.web.PluginControllerTest@1b4a3a1</td></tr>
<tr>
<td title='org.molgenis.web.rsql.RSQLValueParserTest.parse()'><b>parse</b><br>Test class: org.molgenis.web.rsql.RSQLValueParserTest<br>Parameters: ONE_TO_MANY, INT, 1</td>
<td></td>
<td>1</td>
<td>org.molgenis.web.rsql.RSQLValueParserTest@d969452</td></tr>
<tr>
<td title='org.molgenis.web.rsql.RSQLValueParserTest.parse()'><b>parse</b><br>Test class: org.molgenis.web.rsql.RSQLValueParserTest<br>Parameters: ONE_TO_MANY, STRING, 1</td>
<td></td>
<td>0</td>
<td>org.molgenis.web.rsql.RSQLValueParserTest@d969452</td></tr>
<tr>
<td title='org.molgenis.web.rsql.RSQLValueParserTest.parse()'><b>parse</b><br>Test class: org.molgenis.web.rsql.RSQLValueParserTest<br>Parameters: XREF, INT, 1</td>
<td></td>
<td>0</td>
<td>org.molgenis.web.rsql.RSQLValueParserTest@d969452</td></tr>
<tr>
<td title='org.molgenis.web.rsql.RSQLValueParserTest.parse()'><b>parse</b><br>Test class: org.molgenis.web.rsql.RSQLValueParserTest<br>Parameters: XREF, STRING, 1</td>
<td></td>
<td>0</td>
<td>org.molgenis.web.rsql.RSQLValueParserTest@d969452</td></tr>
<tr>
<td title='org.molgenis.web.PluginInterceptorTest.postHandle()'><b>postHandle</b><br>Test class: org.molgenis.web.PluginInterceptorTest</td>
<td></td>
<td>0</td>
<td>org.molgenis.web.PluginInterceptorTest@4cecc15a</td></tr>
<tr>
<td title='org.molgenis.web.PluginInterceptorTest.postHandlePluginidWithQueryString()'><b>postHandlePluginidWithQueryString</b><br>Test class: org.molgenis.web.PluginInterceptorTest</td>
<td></td>
<td>0</td>
<td>org.molgenis.web.PluginInterceptorTest@4cecc15a</td></tr>
<tr>
<td title='org.molgenis.web.PluginInterceptorTest.postHandle_authenticated()'><b>postHandle_authenticated</b><br>Test class: org.molgenis.web.PluginInterceptorTest</td>
<td></td>
<td>0</td>
<td>org.molgenis.web.PluginInterceptorTest@4cecc15a</td></tr>
<tr>
<td title='org.molgenis.web.PluginInterceptorTest.postHandle_notAuthenticated()'><b>postHandle_notAuthenticated</b><br>Test class: org.molgenis.web.PluginInterceptorTest</td>
<td></td>
<td>0</td>
<td>org.molgenis.web.PluginInterceptorTest@4cecc15a</td></tr>
<tr>
<td title='org.molgenis.web.PluginInterceptorTest.postHandle_pluginIdExists()'><b>postHandle_pluginIdExists</b><br>Test class: org.molgenis.web.PluginInterceptorTest</td>
<td></td>
<td>0</td>
<td>org.molgenis.web.PluginInterceptorTest@4cecc15a</td></tr>
<tr>
<td title='org.molgenis.web.PluginInterceptorTest.preHandle()'><b>preHandle</b><br>Test class: org.molgenis.web.PluginInterceptorTest</td>
<td></td>
<td>0</td>
<td>org.molgenis.web.PluginInterceptorTest@4cecc15a</td></tr>
<tr>
<td title='org.molgenis.web.PluginInterceptorTest.preHandle_hasContextUrl()'><b>preHandle_hasContextUrl</b><br>Test class: org.molgenis.web.PluginInterceptorTest</td>
<td></td>
<td>0</td>
<td>org.molgenis.web.PluginInterceptorTest@4cecc15a</td></tr>
<tr>
<td title='org.molgenis.web.rsql.MolgenisRSQLTest.testAnd()'><b>testAnd</b><br>Test class: org.molgenis.web.rsql.MolgenisRSQLTest</td>
<td></td>
<td>0</td>
<td>org.molgenis.web.rsql.MolgenisRSQLTest@60928a61</td></tr>
<tr>
<td title='org.molgenis.web.exception.SpringExceptionHandlerTest.testBindException()'><b>testBindException</b><br>Test class: org.molgenis.web.exception.SpringExceptionHandlerTest</td>
<td></td>
<td>0</td>
<td>org.molgenis.web.exception.SpringExceptionHandlerTest@6684f7f2</td></tr>
<tr>
<td title='org.molgenis.web.rsql.MolgenisRSQLTest.testComplexQuery()'><b>testComplexQuery</b><br>Test class: org.molgenis.web.rsql.MolgenisRSQLTest</td>
<td></td>
<td>0</td>
<td>org.molgenis.web.rsql.MolgenisRSQLTest@60928a61</td></tr>
<tr>
<td title='org.molgenis.web.exception.SpringExceptionHandlerTest.testConversionNotSupportedException()'><b>testConversionNotSupportedException</b><br>Test class: org.molgenis.web.exception.SpringExceptionHandlerTest</td>
<td></td>
<td>0</td>
<td>org.molgenis.web.exception.SpringExceptionHandlerTest@6684f7f2</td></tr>
<tr>
<td title='org.molgenis.web.rsql.MolgenisRSQLTest.testEquals()'><b>testEquals</b><br>Test class: org.molgenis.web.rsql.MolgenisRSQLTest</td>
<td></td>
<td>0</td>
<td>org.molgenis.web.rsql.MolgenisRSQLTest@60928a61</td></tr>
<tr>
<td title='org.molgenis.web.rsql.MolgenisRSQLTest.testGreaterThan()'><b>testGreaterThan</b><br>Test class: org.molgenis.web.rsql.MolgenisRSQLTest</td>
<td></td>
<td>0</td>
<td>org.molgenis.web.rsql.MolgenisRSQLTest@60928a61</td></tr>
<tr>
<td title='org.molgenis.web.rsql.MolgenisRSQLTest.testGreaterThanOnNonNumericalAttribute()'><b>testGreaterThanOnNonNumericalAttribute</b><br>Test class: org.molgenis.web.rsql.MolgenisRSQLTest</td>
<td><div><pre>java.lang.IllegalArgumentException: Can&apos;t perform operator &apos;&quot; + symbol + &quot;&apos; on attribute &apos;&quot;name&quot;
	at org.molgenis.web.rsql.MolgenisRSQLVisitor.validateNumericOrDate(MolgenisRSQLVisitor.java:174)
	at org.molgenis.web.rsql.MolgenisRSQLVisitor.visit(MolgenisRSQLVisitor.java:123)
	at org.molgenis.web.rsql.MolgenisRSQLVisitor.visit(MolgenisRSQLVisitor.java:22)
	at cz.jirutka.rsql.parser.ast.NoArgRSQLVisitorAdapter.visit(NoArgRSQLVisitorAdapter.java:50)
	at cz.jirutka.rsql.parser.ast.NoArgRSQLVisitorAdapter.visit(NoArgRSQLVisitorAdapter.java:1)
	at cz.jirutka.rsql.parser.ast.ComparisonNode.accept(ComparisonNode.java:70)
	at cz.jirutka.rsql.parser.ast.AbstractNode.accept(AbstractNode.java:34)
	at org.molgenis.web.rsql.MolgenisRSQL.createQuery(MolgenisRSQL.java:34)
	at org.molgenis.web.rsql.MolgenisRSQLTest.testGreaterThanOnNonNumericalAttribute(MolgenisRSQLTest.java:132)
	at org.apache.maven.surefire.testng.TestNGExecutor.run(TestNGExecutor.java:135)
	at org.apache.maven.surefire.testng.TestNGDirectoryTestSuite.executeMulti(TestNGDirectoryTestSuite.java:193)
	at org.apache.maven.surefire.testng.TestNGDirectoryTestSuite.execute(TestNGDirectoryTestSuite.java:94)
	at org.apache.maven.surefire.testng.TestNGProvider.invoke(TestNGProvider.java:146)
	at org.apache.maven.surefire.booter.ForkedBooter.invokeProviderInSameClassLoader(ForkedBooter.java:379)
	at org.apache.maven.surefire.booter.ForkedBooter.runSuitesInProcess(ForkedBooter.java:340)
	at org.apache.maven.surefire.booter.ForkedBooter.execute(ForkedBooter.java:125)
	at org.apache.maven.surefire.booter.ForkedBooter.main(ForkedBooter.java:413)
... Removed 21 stack frames</pre></div><a href='#' onClick='toggleBox("stack-trace1842676608", this, "Click to show all stack frames", "Click to hide stack frames")'>Click to show all stack frames</a>
<div class='stack-trace' id='stack-trace1842676608'><pre>java.lang.IllegalArgumentException: Can&apos;t perform operator &apos;&quot; + symbol + &quot;&apos; on attribute &apos;&quot;name&quot;
	at org.molgenis.web.rsql.MolgenisRSQLVisitor.validateNumericOrDate(MolgenisRSQLVisitor.java:174)
	at org.molgenis.web.rsql.MolgenisRSQLVisitor.visit(MolgenisRSQLVisitor.java:123)
	at org.molgenis.web.rsql.MolgenisRSQLVisitor.visit(MolgenisRSQLVisitor.java:22)
	at cz.jirutka.rsql.parser.ast.NoArgRSQLVisitorAdapter.visit(NoArgRSQLVisitorAdapter.java:50)
	at cz.jirutka.rsql.parser.ast.NoArgRSQLVisitorAdapter.visit(NoArgRSQLVisitorAdapter.java:1)
	at cz.jirutka.rsql.parser.ast.ComparisonNode.accept(ComparisonNode.java:70)
	at cz.jirutka.rsql.parser.ast.AbstractNode.accept(AbstractNode.java:34)
	at org.molgenis.web.rsql.MolgenisRSQL.createQuery(MolgenisRSQL.java:34)
	at org.molgenis.web.rsql.MolgenisRSQLTest.testGreaterThanOnNonNumericalAttribute(MolgenisRSQLTest.java:132)
	at sun.reflect.NativeMethodAccessorImpl.invoke0(Native Method)
	at sun.reflect.NativeMethodAccessorImpl.invoke(NativeMethodAccessorImpl.java:62)
	at sun.reflect.DelegatingMethodAccessorImpl.invoke(DelegatingMethodAccessorImpl.java:43)
	at java.lang.reflect.Method.invoke(Method.java:498)
	at org.testng.internal.MethodInvocationHelper.invokeMethod(MethodInvocationHelper.java:80)
	at org.testng.internal.Invoker.invokeMethod(Invoker.java:714)
	at org.testng.internal.Invoker.invokeTestMethod(Invoker.java:901)
	at org.testng.internal.Invoker.invokeTestMethods(Invoker.java:1231)
	at org.testng.internal.TestMethodWorker.invokeTestMethods(TestMethodWorker.java:127)
	at org.testng.internal.TestMethodWorker.run(TestMethodWorker.java:111)
	at org.testng.TestRunner.privateRun(TestRunner.java:767)
	at org.testng.TestRunner.run(TestRunner.java:617)
	at org.testng.SuiteRunner.runTest(SuiteRunner.java:334)
	at org.testng.SuiteRunner.runSequentially(SuiteRunner.java:329)
	at org.testng.SuiteRunner.privateRun(SuiteRunner.java:291)
	at org.testng.SuiteRunner.run(SuiteRunner.java:240)
	at org.testng.SuiteRunnerWorker.runSuite(SuiteRunnerWorker.java:52)
	at org.testng.SuiteRunnerWorker.run(SuiteRunnerWorker.java:86)
	at org.testng.TestNG.runSuitesSequentially(TestNG.java:1198)
	at org.testng.TestNG.runSuitesLocally(TestNG.java:1123)
	at org.testng.TestNG.run(TestNG.java:1031)
	at org.apache.maven.surefire.testng.TestNGExecutor.run(TestNGExecutor.java:135)
	at org.apache.maven.surefire.testng.TestNGDirectoryTestSuite.executeMulti(TestNGDirectoryTestSuite.java:193)
	at org.apache.maven.surefire.testng.TestNGDirectoryTestSuite.execute(TestNGDirectoryTestSuite.java:94)
	at org.apache.maven.surefire.testng.TestNGProvider.invoke(TestNGProvider.java:146)
	at org.apache.maven.surefire.booter.ForkedBooter.invokeProviderInSameClassLoader(ForkedBooter.java:379)
	at org.apache.maven.surefire.booter.ForkedBooter.runSuitesInProcess(ForkedBooter.java:340)
	at org.apache.maven.surefire.booter.ForkedBooter.execute(ForkedBooter.java:125)
	at org.apache.maven.surefire.booter.ForkedBooter.main(ForkedBooter.java:413)
</pre></div></td>
<td>0</td>
<td>org.molgenis.web.rsql.MolgenisRSQLTest@60928a61</td></tr>
<tr>
<td title='org.molgenis.web.rsql.MolgenisRSQLTest.testGreaterThanOrEqual()'><b>testGreaterThanOrEqual</b><br>Test class: org.molgenis.web.rsql.MolgenisRSQLTest</td>
<td></td>
<td>0</td>
<td>org.molgenis.web.rsql.MolgenisRSQLTest@60928a61</td></tr>
<tr>
<td title='org.molgenis.web.rsql.MolgenisRSQLTest.testGreaterThanWithNonNumericalArg()'><b>testGreaterThanWithNonNumericalArg</b><br>Test class: org.molgenis.web.rsql.MolgenisRSQLTest</td>
<td><div><pre>java.lang.NumberFormatException: For input string: &quot;bogus&quot;
	at java.lang.NumberFormatException.forInputString(NumberFormatException.java:65)
	at java.lang.Integer.parseInt(Integer.java:580)
	at java.lang.Integer.valueOf(Integer.java:766)
	at org.molgenis.web.rsql.RSQLValueParser.parse(RSQLValueParser.java:57)
	at org.molgenis.web.rsql.MolgenisRSQLVisitor.visit(MolgenisRSQLVisitor.java:124)
	at org.molgenis.web.rsql.MolgenisRSQLVisitor.visit(MolgenisRSQLVisitor.java:22)
	at cz.jirutka.rsql.parser.ast.NoArgRSQLVisitorAdapter.visit(NoArgRSQLVisitorAdapter.java:50)
	at cz.jirutka.rsql.parser.ast.NoArgRSQLVisitorAdapter.visit(NoArgRSQLVisitorAdapter.java:1)
	at cz.jirutka.rsql.parser.ast.ComparisonNode.accept(ComparisonNode.java:70)
	at cz.jirutka.rsql.parser.ast.AbstractNode.accept(AbstractNode.java:34)
	at org.molgenis.web.rsql.MolgenisRSQL.createQuery(MolgenisRSQL.java:34)
	at org.molgenis.web.rsql.MolgenisRSQLTest.testGreaterThanWithNonNumericalArg(MolgenisRSQLTest.java:138)
	at org.apache.maven.surefire.testng.TestNGExecutor.run(TestNGExecutor.java:135)
	at org.apache.maven.surefire.testng.TestNGDirectoryTestSuite.executeMulti(TestNGDirectoryTestSuite.java:193)
	at org.apache.maven.surefire.testng.TestNGDirectoryTestSuite.execute(TestNGDirectoryTestSuite.java:94)
	at org.apache.maven.surefire.testng.TestNGProvider.invoke(TestNGProvider.java:146)
	at org.apache.maven.surefire.booter.ForkedBooter.invokeProviderInSameClassLoader(ForkedBooter.java:379)
	at org.apache.maven.surefire.booter.ForkedBooter.runSuitesInProcess(ForkedBooter.java:340)
	at org.apache.maven.surefire.booter.ForkedBooter.execute(ForkedBooter.java:125)
	at org.apache.maven.surefire.booter.ForkedBooter.main(ForkedBooter.java:413)
... Removed 21 stack frames</pre></div><a href='#' onClick='toggleBox("stack-trace117548955", this, "Click to show all stack frames", "Click to hide stack frames")'>Click to show all stack frames</a>
<div class='stack-trace' id='stack-trace117548955'><pre>java.lang.NumberFormatException: For input string: &quot;bogus&quot;
	at java.lang.NumberFormatException.forInputString(NumberFormatException.java:65)
	at java.lang.Integer.parseInt(Integer.java:580)
	at java.lang.Integer.valueOf(Integer.java:766)
	at org.molgenis.web.rsql.RSQLValueParser.parse(RSQLValueParser.java:57)
	at org.molgenis.web.rsql.MolgenisRSQLVisitor.visit(MolgenisRSQLVisitor.java:124)
	at org.molgenis.web.rsql.MolgenisRSQLVisitor.visit(MolgenisRSQLVisitor.java:22)
	at cz.jirutka.rsql.parser.ast.NoArgRSQLVisitorAdapter.visit(NoArgRSQLVisitorAdapter.java:50)
	at cz.jirutka.rsql.parser.ast.NoArgRSQLVisitorAdapter.visit(NoArgRSQLVisitorAdapter.java:1)
	at cz.jirutka.rsql.parser.ast.ComparisonNode.accept(ComparisonNode.java:70)
	at cz.jirutka.rsql.parser.ast.AbstractNode.accept(AbstractNode.java:34)
	at org.molgenis.web.rsql.MolgenisRSQL.createQuery(MolgenisRSQL.java:34)
	at org.molgenis.web.rsql.MolgenisRSQLTest.testGreaterThanWithNonNumericalArg(MolgenisRSQLTest.java:138)
	at sun.reflect.NativeMethodAccessorImpl.invoke0(Native Method)
	at sun.reflect.NativeMethodAccessorImpl.invoke(NativeMethodAccessorImpl.java:62)
	at sun.reflect.DelegatingMethodAccessorImpl.invoke(DelegatingMethodAccessorImpl.java:43)
	at java.lang.reflect.Method.invoke(Method.java:498)
	at org.testng.internal.MethodInvocationHelper.invokeMethod(MethodInvocationHelper.java:80)
	at org.testng.internal.Invoker.invokeMethod(Invoker.java:714)
	at org.testng.internal.Invoker.invokeTestMethod(Invoker.java:901)
	at org.testng.internal.Invoker.invokeTestMethods(Invoker.java:1231)
	at org.testng.internal.TestMethodWorker.invokeTestMethods(TestMethodWorker.java:127)
	at org.testng.internal.TestMethodWorker.run(TestMethodWorker.java:111)
	at org.testng.TestRunner.privateRun(TestRunner.java:767)
	at org.testng.TestRunner.run(TestRunner.java:617)
	at org.testng.SuiteRunner.runTest(SuiteRunner.java:334)
	at org.testng.SuiteRunner.runSequentially(SuiteRunner.java:329)
	at org.testng.SuiteRunner.privateRun(SuiteRunner.java:291)
	at org.testng.SuiteRunner.run(SuiteRunner.java:240)
	at org.testng.SuiteRunnerWorker.runSuite(SuiteRunnerWorker.java:52)
	at org.testng.SuiteRunnerWorker.run(SuiteRunnerWorker.java:86)
	at org.testng.TestNG.runSuitesSequentially(TestNG.java:1198)
	at org.testng.TestNG.runSuitesLocally(TestNG.java:1123)
	at org.testng.TestNG.run(TestNG.java:1031)
	at org.apache.maven.surefire.testng.TestNGExecutor.run(TestNGExecutor.java:135)
	at org.apache.maven.surefire.testng.TestNGDirectoryTestSuite.executeMulti(TestNGDirectoryTestSuite.java:193)
	at org.apache.maven.surefire.testng.TestNGDirectoryTestSuite.execute(TestNGDirectoryTestSuite.java:94)
	at org.apache.maven.surefire.testng.TestNGProvider.invoke(TestNGProvider.java:146)
	at org.apache.maven.surefire.booter.ForkedBooter.invokeProviderInSameClassLoader(ForkedBooter.java:379)
	at org.apache.maven.surefire.booter.ForkedBooter.runSuitesInProcess(ForkedBooter.java:340)
	at org.apache.maven.surefire.booter.ForkedBooter.execute(ForkedBooter.java:125)
	at org.apache.maven.surefire.booter.ForkedBooter.main(ForkedBooter.java:413)
</pre></div></td>
<td>0</td>
<td>org.molgenis.web.rsql.MolgenisRSQLTest@60928a61</td></tr>
<tr>
<td title='org.molgenis.web.exception.ExceptionHandlerUtilsTest.testHandleExceptionHtmlRequest()'><b>testHandleExceptionHtmlRequest</b><br>Test class: org.molgenis.web.exception.ExceptionHandlerUtilsTest</td>
<td></td>
<td>0</td>
<td>org.molgenis.web.exception.ExceptionHandlerUtilsTest@4d4df0f4</td></tr>
<tr>
<td title='org.molgenis.web.exception.ExceptionHandlerUtilsTest.testHandleExceptionHtmlRequestDev()'><b>testHandleExceptionHtmlRequestDev</b><br>Test class: org.molgenis.web.exception.ExceptionHandlerUtilsTest</td>
<td></td>
<td>0</td>
<td>org.molgenis.web.exception.ExceptionHandlerUtilsTest@4d4df0f4</td></tr>
<tr>
<td title='org.molgenis.web.exception.ExceptionHandlerUtilsTest.testHandleExceptionNonHtmlRequest()'><b>testHandleExceptionNonHtmlRequest</b><br>Test class: org.molgenis.web.exception.ExceptionHandlerUtilsTest</td>
<td></td>
<td>0</td>
<td>org.molgenis.web.exception.ExceptionHandlerUtilsTest@4d4df0f4</td></tr>
<tr>
<td title='org.molgenis.web.exception.SpringExceptionHandlerTest.testHttpMediaTypeNotAcceptableException()'><b>testHttpMediaTypeNotAcceptableException</b><br>Test class: org.molgenis.web.exception.SpringExceptionHandlerTest</td>
<td></td>
<td>0</td>
<td>org.molgenis.web.exception.SpringExceptionHandlerTest@6684f7f2</td></tr>
<tr>
<td title='org.molgenis.web.exception.SpringExceptionHandlerTest.testHttpMediaTypeNotSupportedException()'><b>testHttpMediaTypeNotSupportedException</b><br>Test class: org.molgenis.web.exception.SpringExceptionHandlerTest</td>
<td></td>
<td>0</td>
<td>org.molgenis.web.exception.SpringExceptionHandlerTest@6684f7f2</td></tr>
<tr>
<td title='org.molgenis.web.exception.SpringExceptionHandlerTest.testHttpMessageNotReadableException()'><b>testHttpMessageNotReadableException</b><br>Test class: org.molgenis.web.exception.SpringExceptionHandlerTest</td>
<td></td>
<td>0</td>
<td>org.molgenis.web.exception.SpringExceptionHandlerTest@6684f7f2</td></tr>
<tr>
<td title='org.molgenis.web.exception.SpringExceptionHandlerTest.testHttpMessageNotWritableException()'><b>testHttpMessageNotWritableException</b><br>Test class: org.molgenis.web.exception.SpringExceptionHandlerTest</td>
<td></td>
<td>0</td>
<td>org.molgenis.web.exception.SpringExceptionHandlerTest@6684f7f2</td></tr>
<tr>
<td title='org.molgenis.web.rsql.MolgenisRSQLTest.testLessThan()'><b>testLessThan</b><br>Test class: org.molgenis.web.rsql.MolgenisRSQLTest</td>
<td></td>
<td>0</td>
<td>org.molgenis.web.rsql.MolgenisRSQLTest@60928a61</td></tr>
<tr>
<td title='org.molgenis.web.rsql.MolgenisRSQLTest.testLessThanOrEqual()'><b>testLessThanOrEqual</b><br>Test class: org.molgenis.web.rsql.MolgenisRSQLTest</td>
<td></td>
<td>0</td>
<td>org.molgenis.web.rsql.MolgenisRSQLTest@60928a61</td></tr>
<tr>
<td title='org.molgenis.web.exception.SpringExceptionHandlerTest.testMethodArgumentNotValidException()'><b>testMethodArgumentNotValidException</b><br>Test class: org.molgenis.web.exception.SpringExceptionHandlerTest</td>
<td></td>
<td>0</td>
<td>org.molgenis.web.exception.SpringExceptionHandlerTest@6684f7f2</td></tr>
<tr>
<td title='org.molgenis.web.exception.SpringExceptionHandlerTest.testMissingPathVariableException()'><b>testMissingPathVariableException</b><br>Test class: org.molgenis.web.exception.SpringExceptionHandlerTest</td>
<td></td>
<td>0</td>
<td>org.molgenis.web.exception.SpringExceptionHandlerTest@6684f7f2</td></tr>
<tr>
<td title='org.molgenis.web.exception.SpringExceptionHandlerTest.testMissingServletRequestParameterExceptionn()'><b>testMissingServletRequestParameterExceptionn</b><br>Test class: org.molgenis.web.exception.SpringExceptionHandlerTest</td>
<td></td>
<td>0</td>
<td>org.molgenis.web.exception.SpringExceptionHandlerTest@6684f7f2</td></tr>
<tr>
<td title='org.molgenis.web.exception.SpringExceptionHandlerTest.testMissingServletRequestPartException()'><b>testMissingServletRequestPartException</b><br>Test class: org.molgenis.web.exception.SpringExceptionHandlerTest</td>
<td></td>
<td>0</td>
<td>org.molgenis.web.exception.SpringExceptionHandlerTest@6684f7f2</td></tr>
<tr>
<td title='org.molgenis.web.exception.SpringExceptionHandlerTest.testNoHandlerFoundException()'><b>testNoHandlerFoundException</b><br>Test class: org.molgenis.web.exception.SpringExceptionHandlerTest</td>
<td></td>
<td>0</td>
<td>org.molgenis.web.exception.SpringExceptionHandlerTest@6684f7f2</td></tr>
<tr>
<td title='org.molgenis.web.rsql.MolgenisRSQLTest.testOr()'><b>testOr</b><br>Test class: org.molgenis.web.rsql.MolgenisRSQLTest</td>
<td></td>
<td>0</td>
<td>org.molgenis.web.rsql.MolgenisRSQLTest@60928a61</td></tr>
<tr>
<td title='org.molgenis.web.bootstrap.PluginPopulatorTest.testPopulate()'><b>testPopulate</b><br>Test class: org.molgenis.web.bootstrap.PluginPopulatorTest</td>
<td></td>
<td>0</td>
<td>org.molgenis.web.bootstrap.PluginPopulatorTest@1ac0cdb0</td></tr>
<tr>
<td title='org.molgenis.web.i18n.MolgenisLocaleResolverTest.testResolveLocaleAnonymous()'><b>testResolveLocaleAnonymous</b><br>Test class: org.molgenis.web.i18n.MolgenisLocaleResolverTest</td>
<td></td>
<td>0</td>
<td>org.molgenis.web.i18n.MolgenisLocaleResolverTest@9f0fc36</td></tr>
<tr>
<td title='org.molgenis.web.i18n.MolgenisLocaleResolverTest.testResolveLocaleAuthenticated()'><b>testResolveLocaleAuthenticated</b><br>Test class: org.molgenis.web.i18n.MolgenisLocaleResolverTest</td>
<td></td>
<td>0</td>
<td>org.molgenis.web.i18n.MolgenisLocaleResolverTest@9f0fc36</td></tr>
<tr>
<td title='org.molgenis.web.i18n.MolgenisLocaleResolverTest.testResolveLocaleNotAuthenticated()'><b>testResolveLocaleNotAuthenticated</b><br>Test class: org.molgenis.web.i18n.MolgenisLocaleResolverTest</td>
<td></td>
<td>0</td>
<td>org.molgenis.web.i18n.MolgenisLocaleResolverTest@9f0fc36</td></tr>
<tr>
<td title='org.molgenis.web.support.EntitySerializerTest.testSerialize()'><b>testSerialize</b><br>Test class: org.molgenis.web.support.EntitySerializerTest</td>
<td></td>
<td>0</td>
<td>org.molgenis.web.support.EntitySerializerTest@74f4a2ba</td></tr>
<tr>
<td title='org.molgenis.web.exception.SpringExceptionHandlerTest.testServletRequestBindingException()'><b>testServletRequestBindingException</b><br>Test class: org.molgenis.web.exception.SpringExceptionHandlerTest</td>
<td></td>
<td>0</td>
<td>org.molgenis.web.exception.SpringExceptionHandlerTest@6684f7f2</td></tr>
<tr>
<td title='org.molgenis.web.i18n.MolgenisLocaleResolverTest.testSetLocale()'><b>testSetLocale</b><br>Test class: org.molgenis.web.i18n.MolgenisLocaleResolverTest</td>
<td></td>
<td>0</td>
<td>org.molgenis.web.i18n.MolgenisLocaleResolverTest@9f0fc36</td></tr>
<tr>
<td title='org.molgenis.web.i18n.MolgenisLocaleResolverTest.testSetLocaleNotAuthenticated()'><b>testSetLocaleNotAuthenticated</b><br>Test class: org.molgenis.web.i18n.MolgenisLocaleResolverTest</td>
<td><div><pre>java.lang.UnsupportedOperationException: Cannot change language if not logged in
	at org.molgenis.web.i18n.MolgenisLocaleResolver.lambda$setLocale$6(MolgenisLocaleResolver.java:68)
	at java.util.Optional.orElseThrow(Optional.java:290)
	at org.molgenis.web.i18n.MolgenisLocaleResolver.setLocale(MolgenisLocaleResolver.java:67)
	at org.molgenis.web.i18n.MolgenisLocaleResolverTest.testSetLocaleNotAuthenticated(MolgenisLocaleResolverTest.java:80)
	at org.springframework.test.context.testng.AbstractTestNGSpringContextTests.run(AbstractTestNGSpringContextTests.java:180)
	at org.apache.maven.surefire.testng.TestNGExecutor.run(TestNGExecutor.java:135)
	at org.apache.maven.surefire.testng.TestNGDirectoryTestSuite.executeMulti(TestNGDirectoryTestSuite.java:193)
	at org.apache.maven.surefire.testng.TestNGDirectoryTestSuite.execute(TestNGDirectoryTestSuite.java:94)
	at org.apache.maven.surefire.testng.TestNGProvider.invoke(TestNGProvider.java:146)
	at org.apache.maven.surefire.booter.ForkedBooter.invokeProviderInSameClassLoader(ForkedBooter.java:379)
	at org.apache.maven.surefire.booter.ForkedBooter.runSuitesInProcess(ForkedBooter.java:340)
	at org.apache.maven.surefire.booter.ForkedBooter.execute(ForkedBooter.java:125)
	at org.apache.maven.surefire.booter.ForkedBooter.main(ForkedBooter.java:413)
... Removed 27 stack frames</pre></div><a href='#' onClick='toggleBox("stack-trace1028435519", this, "Click to show all stack frames", "Click to hide stack frames")'>Click to show all stack frames</a>
<div class='stack-trace' id='stack-trace1028435519'><pre>java.lang.UnsupportedOperationException: Cannot change language if not logged in
	at org.molgenis.web.i18n.MolgenisLocaleResolver.lambda$setLocale$6(MolgenisLocaleResolver.java:68)
	at java.util.Optional.orElseThrow(Optional.java:290)
	at org.molgenis.web.i18n.MolgenisLocaleResolver.setLocale(MolgenisLocaleResolver.java:67)
	at org.molgenis.web.i18n.MolgenisLocaleResolverTest.testSetLocaleNotAuthenticated(MolgenisLocaleResolverTest.java:80)
	at sun.reflect.NativeMethodAccessorImpl.invoke0(Native Method)
	at sun.reflect.NativeMethodAccessorImpl.invoke(NativeMethodAccessorImpl.java:62)
	at sun.reflect.DelegatingMethodAccessorImpl.invoke(DelegatingMethodAccessorImpl.java:43)
	at java.lang.reflect.Method.invoke(Method.java:498)
	at org.testng.internal.MethodInvocationHelper.invokeMethod(MethodInvocationHelper.java:80)
	at org.testng.internal.MethodInvocationHelper$1.runTestMethod(MethodInvocationHelper.java:182)
	at org.springframework.test.context.testng.AbstractTestNGSpringContextTests.run(AbstractTestNGSpringContextTests.java:180)
	at sun.reflect.NativeMethodAccessorImpl.invoke0(Native Method)
	at sun.reflect.NativeMethodAccessorImpl.invoke(NativeMethodAccessorImpl.java:62)
	at sun.reflect.DelegatingMethodAccessorImpl.invoke(DelegatingMethodAccessorImpl.java:43)
	at java.lang.reflect.Method.invoke(Method.java:498)
	at org.testng.internal.MethodInvocationHelper.invokeHookable(MethodInvocationHelper.java:194)
	at org.testng.internal.Invoker.invokeMethod(Invoker.java:707)
	at org.testng.internal.Invoker.invokeTestMethod(Invoker.java:901)
	at org.testng.internal.Invoker.invokeTestMethods(Invoker.java:1231)
	at org.testng.internal.TestMethodWorker.invokeTestMethods(TestMethodWorker.java:127)
	at org.testng.internal.TestMethodWorker.run(TestMethodWorker.java:111)
	at org.testng.TestRunner.privateRun(TestRunner.java:767)
	at org.testng.TestRunner.run(TestRunner.java:617)
	at org.testng.SuiteRunner.runTest(SuiteRunner.java:334)
	at org.testng.SuiteRunner.runSequentially(SuiteRunner.java:329)
	at org.testng.SuiteRunner.privateRun(SuiteRunner.java:291)
	at org.testng.SuiteRunner.run(SuiteRunner.java:240)
	at org.testng.SuiteRunnerWorker.runSuite(SuiteRunnerWorker.java:52)
	at org.testng.SuiteRunnerWorker.run(SuiteRunnerWorker.java:86)
	at org.testng.TestNG.runSuitesSequentially(TestNG.java:1198)
	at org.testng.TestNG.runSuitesLocally(TestNG.java:1123)
	at org.testng.TestNG.run(TestNG.java:1031)
	at org.apache.maven.surefire.testng.TestNGExecutor.run(TestNGExecutor.java:135)
	at org.apache.maven.surefire.testng.TestNGDirectoryTestSuite.executeMulti(TestNGDirectoryTestSuite.java:193)
	at org.apache.maven.surefire.testng.TestNGDirectoryTestSuite.execute(TestNGDirectoryTestSuite.java:94)
	at org.apache.maven.surefire.testng.TestNGProvider.invoke(TestNGProvider.java:146)
	at org.apache.maven.surefire.booter.ForkedBooter.invokeProviderInSameClassLoader(ForkedBooter.java:379)
	at org.apache.maven.surefire.booter.ForkedBooter.runSuitesInProcess(ForkedBooter.java:340)
	at org.apache.maven.surefire.booter.ForkedBooter.execute(ForkedBooter.java:125)
	at org.apache.maven.surefire.booter.ForkedBooter.main(ForkedBooter.java:413)
</pre></div></td>
<td>0</td>
<td>org.molgenis.web.i18n.MolgenisLocaleResolverTest@9f0fc36</td></tr>
<tr>
<td title='org.molgenis.web.i18n.MolgenisLocaleResolverTest.testSetLocaleUnusedLanguage()'><b>testSetLocaleUnusedLanguage</b><br>Test class: org.molgenis.web.i18n.MolgenisLocaleResolverTest</td>
<td><div><pre>java.lang.UnsupportedOperationException: Cannot set language to unsupported languageCode
	at org.molgenis.web.i18n.MolgenisLocaleResolver.setLocale(MolgenisLocaleResolver.java:65)
	at org.molgenis.web.i18n.MolgenisLocaleResolverTest.testSetLocaleUnusedLanguage(MolgenisLocaleResolverTest.java:74)
	at org.springframework.test.context.testng.AbstractTestNGSpringContextTests.run(AbstractTestNGSpringContextTests.java:180)
	at org.apache.maven.surefire.testng.TestNGExecutor.run(TestNGExecutor.java:135)
	at org.apache.maven.surefire.testng.TestNGDirectoryTestSuite.executeMulti(TestNGDirectoryTestSuite.java:193)
	at org.apache.maven.surefire.testng.TestNGDirectoryTestSuite.execute(TestNGDirectoryTestSuite.java:94)
	at org.apache.maven.surefire.testng.TestNGProvider.invoke(TestNGProvider.java:146)
	at org.apache.maven.surefire.booter.ForkedBooter.invokeProviderInSameClassLoader(ForkedBooter.java:379)
	at org.apache.maven.surefire.booter.ForkedBooter.runSuitesInProcess(ForkedBooter.java:340)
	at org.apache.maven.surefire.booter.ForkedBooter.execute(ForkedBooter.java:125)
	at org.apache.maven.surefire.booter.ForkedBooter.main(ForkedBooter.java:413)
... Removed 27 stack frames</pre></div><a href='#' onClick='toggleBox("stack-trace1182852132", this, "Click to show all stack frames", "Click to hide stack frames")'>Click to show all stack frames</a>
<div class='stack-trace' id='stack-trace1182852132'><pre>java.lang.UnsupportedOperationException: Cannot set language to unsupported languageCode
	at org.molgenis.web.i18n.MolgenisLocaleResolver.setLocale(MolgenisLocaleResolver.java:65)
	at org.molgenis.web.i18n.MolgenisLocaleResolverTest.testSetLocaleUnusedLanguage(MolgenisLocaleResolverTest.java:74)
	at sun.reflect.NativeMethodAccessorImpl.invoke0(Native Method)
	at sun.reflect.NativeMethodAccessorImpl.invoke(NativeMethodAccessorImpl.java:62)
	at sun.reflect.DelegatingMethodAccessorImpl.invoke(DelegatingMethodAccessorImpl.java:43)
	at java.lang.reflect.Method.invoke(Method.java:498)
	at org.testng.internal.MethodInvocationHelper.invokeMethod(MethodInvocationHelper.java:80)
	at org.testng.internal.MethodInvocationHelper$1.runTestMethod(MethodInvocationHelper.java:182)
	at org.springframework.test.context.testng.AbstractTestNGSpringContextTests.run(AbstractTestNGSpringContextTests.java:180)
	at sun.reflect.NativeMethodAccessorImpl.invoke0(Native Method)
	at sun.reflect.NativeMethodAccessorImpl.invoke(NativeMethodAccessorImpl.java:62)
	at sun.reflect.DelegatingMethodAccessorImpl.invoke(DelegatingMethodAccessorImpl.java:43)
	at java.lang.reflect.Method.invoke(Method.java:498)
	at org.testng.internal.MethodInvocationHelper.invokeHookable(MethodInvocationHelper.java:194)
	at org.testng.internal.Invoker.invokeMethod(Invoker.java:707)
	at org.testng.internal.Invoker.invokeTestMethod(Invoker.java:901)
	at org.testng.internal.Invoker.invokeTestMethods(Invoker.java:1231)
	at org.testng.internal.TestMethodWorker.invokeTestMethods(TestMethodWorker.java:127)
	at org.testng.internal.TestMethodWorker.run(TestMethodWorker.java:111)
	at org.testng.TestRunner.privateRun(TestRunner.java:767)
	at org.testng.TestRunner.run(TestRunner.java:617)
	at org.testng.SuiteRunner.runTest(SuiteRunner.java:334)
	at org.testng.SuiteRunner.runSequentially(SuiteRunner.java:329)
	at org.testng.SuiteRunner.privateRun(SuiteRunner.java:291)
	at org.testng.SuiteRunner.run(SuiteRunner.java:240)
	at org.testng.SuiteRunnerWorker.runSuite(SuiteRunnerWorker.java:52)
	at org.testng.SuiteRunnerWorker.run(SuiteRunnerWorker.java:86)
	at org.testng.TestNG.runSuitesSequentially(TestNG.java:1198)
	at org.testng.TestNG.runSuitesLocally(TestNG.java:1123)
	at org.testng.TestNG.run(TestNG.java:1031)
	at org.apache.maven.surefire.testng.TestNGExecutor.run(TestNGExecutor.java:135)
	at org.apache.maven.surefire.testng.TestNGDirectoryTestSuite.executeMulti(TestNGDirectoryTestSuite.java:193)
	at org.apache.maven.surefire.testng.TestNGDirectoryTestSuite.execute(TestNGDirectoryTestSuite.java:94)
	at org.apache.maven.surefire.testng.TestNGProvider.invoke(TestNGProvider.java:146)
	at org.apache.maven.surefire.booter.ForkedBooter.invokeProviderInSameClassLoader(ForkedBooter.java:379)
	at org.apache.maven.surefire.booter.ForkedBooter.runSuitesInProcess(ForkedBooter.java:340)
	at org.apache.maven.surefire.booter.ForkedBooter.execute(ForkedBooter.java:125)
	at org.apache.maven.surefire.booter.ForkedBooter.main(ForkedBooter.java:413)
</pre></div></td>
<td>0</td>
<td>org.molgenis.web.i18n.MolgenisLocaleResolverTest@9f0fc36</td></tr>
<tr>
<td title='org.molgenis.web.exception.SpringExceptionHandlerTest.testTypeMismatchException()'><b>testTypeMismatchException</b><br>Test class: org.molgenis.web.exception.SpringExceptionHandlerTest</td>
<td></td>
<td>0</td>
<td>org.molgenis.web.exception.SpringExceptionHandlerTest@6684f7f2</td></tr>
<tr>
<td title='org.molgenis.web.rsql.MolgenisRSQLTest.testUnknowAttribute()'><b>testUnknowAttribute</b><br>Test class: org.molgenis.web.rsql.MolgenisRSQLTest</td>
<td><div><pre>org.molgenis.data.UnknownAttributeException: type:Person attribute:nonexistingattribute
	at org.molgenis.web.rsql.MolgenisRSQLVisitor.getAttribute(MolgenisRSQLVisitor.java:186)
	at org.molgenis.web.rsql.MolgenisRSQLVisitor.visit(MolgenisRSQLVisitor.java:99)
	at org.molgenis.web.rsql.MolgenisRSQLVisitor.visit(MolgenisRSQLVisitor.java:22)
	at cz.jirutka.rsql.parser.ast.NoArgRSQLVisitorAdapter.visit(NoArgRSQLVisitorAdapter.java:50)
	at cz.jirutka.rsql.parser.ast.NoArgRSQLVisitorAdapter.visit(NoArgRSQLVisitorAdapter.java:1)
	at cz.jirutka.rsql.parser.ast.ComparisonNode.accept(ComparisonNode.java:70)
	at cz.jirutka.rsql.parser.ast.AbstractNode.accept(AbstractNode.java:34)
	at org.molgenis.web.rsql.MolgenisRSQL.createQuery(MolgenisRSQL.java:34)
	at org.molgenis.web.rsql.MolgenisRSQLTest.testUnknowAttribute(MolgenisRSQLTest.java:74)
	at org.apache.maven.surefire.testng.TestNGExecutor.run(TestNGExecutor.java:135)
	at org.apache.maven.surefire.testng.TestNGDirectoryTestSuite.executeMulti(TestNGDirectoryTestSuite.java:193)
	at org.apache.maven.surefire.testng.TestNGDirectoryTestSuite.execute(TestNGDirectoryTestSuite.java:94)
	at org.apache.maven.surefire.testng.TestNGProvider.invoke(TestNGProvider.java:146)
	at org.apache.maven.surefire.booter.ForkedBooter.invokeProviderInSameClassLoader(ForkedBooter.java:379)
	at org.apache.maven.surefire.booter.ForkedBooter.runSuitesInProcess(ForkedBooter.java:340)
	at org.apache.maven.surefire.booter.ForkedBooter.execute(ForkedBooter.java:125)
	at org.apache.maven.surefire.booter.ForkedBooter.main(ForkedBooter.java:413)
... Removed 21 stack frames</pre></div><a href='#' onClick='toggleBox("stack-trace820458657", this, "Click to show all stack frames", "Click to hide stack frames")'>Click to show all stack frames</a>
<div class='stack-trace' id='stack-trace820458657'><pre>org.molgenis.data.UnknownAttributeException: type:Person attribute:nonexistingattribute
	at org.molgenis.web.rsql.MolgenisRSQLVisitor.getAttribute(MolgenisRSQLVisitor.java:186)
	at org.molgenis.web.rsql.MolgenisRSQLVisitor.visit(MolgenisRSQLVisitor.java:99)
	at org.molgenis.web.rsql.MolgenisRSQLVisitor.visit(MolgenisRSQLVisitor.java:22)
	at cz.jirutka.rsql.parser.ast.NoArgRSQLVisitorAdapter.visit(NoArgRSQLVisitorAdapter.java:50)
	at cz.jirutka.rsql.parser.ast.NoArgRSQLVisitorAdapter.visit(NoArgRSQLVisitorAdapter.java:1)
	at cz.jirutka.rsql.parser.ast.ComparisonNode.accept(ComparisonNode.java:70)
	at cz.jirutka.rsql.parser.ast.AbstractNode.accept(AbstractNode.java:34)
	at org.molgenis.web.rsql.MolgenisRSQL.createQuery(MolgenisRSQL.java:34)
	at org.molgenis.web.rsql.MolgenisRSQLTest.testUnknowAttribute(MolgenisRSQLTest.java:74)
	at sun.reflect.NativeMethodAccessorImpl.invoke0(Native Method)
	at sun.reflect.NativeMethodAccessorImpl.invoke(NativeMethodAccessorImpl.java:62)
	at sun.reflect.DelegatingMethodAccessorImpl.invoke(DelegatingMethodAccessorImpl.java:43)
	at java.lang.reflect.Method.invoke(Method.java:498)
	at org.testng.internal.MethodInvocationHelper.invokeMethod(MethodInvocationHelper.java:80)
	at org.testng.internal.Invoker.invokeMethod(Invoker.java:714)
	at org.testng.internal.Invoker.invokeTestMethod(Invoker.java:901)
	at org.testng.internal.Invoker.invokeTestMethods(Invoker.java:1231)
	at org.testng.internal.TestMethodWorker.invokeTestMethods(TestMethodWorker.java:127)
	at org.testng.internal.TestMethodWorker.run(TestMethodWorker.java:111)
	at org.testng.TestRunner.privateRun(TestRunner.java:767)
	at org.testng.TestRunner.run(TestRunner.java:617)
	at org.testng.SuiteRunner.runTest(SuiteRunner.java:334)
	at org.testng.SuiteRunner.runSequentially(SuiteRunner.java:329)
	at org.testng.SuiteRunner.privateRun(SuiteRunner.java:291)
	at org.testng.SuiteRunner.run(SuiteRunner.java:240)
	at org.testng.SuiteRunnerWorker.runSuite(SuiteRunnerWorker.java:52)
	at org.testng.SuiteRunnerWorker.run(SuiteRunnerWorker.java:86)
	at org.testng.TestNG.runSuitesSequentially(TestNG.java:1198)
	at org.testng.TestNG.runSuitesLocally(TestNG.java:1123)
	at org.testng.TestNG.run(TestNG.java:1031)
	at org.apache.maven.surefire.testng.TestNGExecutor.run(TestNGExecutor.java:135)
	at org.apache.maven.surefire.testng.TestNGDirectoryTestSuite.executeMulti(TestNGDirectoryTestSuite.java:193)
	at org.apache.maven.surefire.testng.TestNGDirectoryTestSuite.execute(TestNGDirectoryTestSuite.java:94)
	at org.apache.maven.surefire.testng.TestNGProvider.invoke(TestNGProvider.java:146)
	at org.apache.maven.surefire.booter.ForkedBooter.invokeProviderInSameClassLoader(ForkedBooter.java:379)
	at org.apache.maven.surefire.booter.ForkedBooter.runSuitesInProcess(ForkedBooter.java:340)
	at org.apache.maven.surefire.booter.ForkedBooter.execute(ForkedBooter.java:125)
	at org.apache.maven.surefire.booter.ForkedBooter.main(ForkedBooter.java:413)
</pre></div></td>
<td>0</td>
<td>org.molgenis.web.rsql.MolgenisRSQLTest@60928a61</td></tr>
<tr>
<td title='org.molgenis.web.rsql.MolgenisRSQLTest.testXrefIntegerIdValue()'><b>testXrefIntegerIdValue</b><br>Test class: org.molgenis.web.rsql.MolgenisRSQLTest</td>
<td></td>
<td>0</td>
<td>org.molgenis.web.rsql.MolgenisRSQLTest@60928a61</td></tr>
</table><p>
</body>
</html>