<html>
<head>
<title>TestNG:  Surefire test</title>
<link href="../testng.css" rel="stylesheet" type="text/css" />
<link href="../my-testng.css" rel="stylesheet" type="text/css" />

<style type="text/css">
.log { display: none;} 
.stack-trace { display: none;} 
</style>
<script type="text/javascript">
<!--
function flip(e) {
  current = e.style.display;
  if (current == 'block') {
    e.style.display = 'none';
    return 0;
  }
  else {
    e.style.display = 'block';
    return 1;
  }
}

function toggleBox(szDivId, elem, msg1, msg2)
{
  var res = -1;  if (document.getElementById) {
    res = flip(document.getElementById(szDivId));
  }
  else if (document.all) {
    // this is the way old msie versions work
    res = flip(document.all[szDivId]);
  }
  if(elem) {
    if(res == 0) elem.innerHTML = msg1; else elem.innerHTML = msg2;
  }

}

function toggleAllBoxes() {
  if (document.getElementsByTagName) {
    d = document.getElementsByTagName('div');
    for (i = 0; i < d.length; i++) {
      if (d[i].className == 'log') {
        flip(d[i]);
      }
    }
  }
}

// -->
</script>

</head>
<body>
<h2 align='center'>Surefire test</h2><table border='1' align="center">
<tr>
<td>Tests passed/Failed/Skipped:</td><td>28/4/0</td>
</tr><tr>
<td>Started on:</td><td>Mon Apr 02 21:11:20 CEST 2018</td>
</tr>
<tr><td>Total time:</td><td>2 seconds (2998 ms)</td>
</tr><tr>
<td>Included groups:</td><td></td>
</tr><tr>
<td>Excluded groups:</td><td></td>
</tr>
</table><p/>
<small><i>(Hover the method name to see the test class name)</i></small><p/>
<table width='100%' border='1' class='invocation-failed'>
<tr><td colspan='4' align='center'><b>FAILED TESTS</b></td></tr>
<tr><td><b>Test method</b></td>
<td width="30%"><b>Exception</b></td>
<td width="10%"><b>Time (seconds)</b></td>
<td><b>Instance</b></td>
</tr>
<tr>
<td title='com.mined.in.pool.account.eth.DwarfpoolAccountRequestorTest.test500HttpError()'><b>test500HttpError</b><br>Test class: com.mined.in.pool.account.eth.DwarfpoolAccountRequestorTest</td>
<td><div><pre>java.lang.AssertionError: Expected exception: com.mined.in.pool.AccountRequestorException
	at org.junit.internal.runners.statements.ExpectException.evaluate(ExpectException.java:32)
	at org.junit.runners.ParentRunner.runLeaf(ParentRunner.java:325)
	at org.junit.runners.BlockJUnit4ClassRunner.runChild(BlockJUnit4ClassRunner.java:78)
	at org.junit.runners.BlockJUnit4ClassRunner.runChild(BlockJUnit4ClassRunner.java:57)
	at org.junit.runners.ParentRunner$3.run(ParentRunner.java:290)
	at org.junit.runners.ParentRunner$1.schedule(ParentRunner.java:71)
	at org.junit.runners.ParentRunner.runChildren(ParentRunner.java:288)
	at org.junit.runners.ParentRunner.access$000(ParentRunner.java:58)
	at org.junit.runners.ParentRunner$2.evaluate(ParentRunner.java:268)
	at org.junit.runners.ParentRunner.run(ParentRunner.java:363)
	at org.junit.runner.JUnitCore.run(JUnitCore.java:137)
	at org.junit.runner.JUnitCore.run(JUnitCore.java:115)
... Removed 22 stack frames</pre></div><a href='#' onClick='toggleBox("stack-trace1239548589", this, "Click to show all stack frames", "Click to hide stack frames")'>Click to show all stack frames</a>
<div class='stack-trace' id='stack-trace1239548589'><pre>java.lang.AssertionError: Expected exception: com.mined.in.pool.AccountRequestorException
	at org.junit.internal.runners.statements.ExpectException.evaluate(ExpectException.java:32)
	at org.junit.runners.ParentRunner.runLeaf(ParentRunner.java:325)
	at org.junit.runners.BlockJUnit4ClassRunner.runChild(BlockJUnit4ClassRunner.java:78)
	at org.junit.runners.BlockJUnit4ClassRunner.runChild(BlockJUnit4ClassRunner.java:57)
	at org.junit.runners.ParentRunner$3.run(ParentRunner.java:290)
	at org.junit.runners.ParentRunner$1.schedule(ParentRunner.java:71)
	at org.junit.runners.ParentRunner.runChildren(ParentRunner.java:288)
	at org.junit.runners.ParentRunner.access$000(ParentRunner.java:58)
	at org.junit.runners.ParentRunner$2.evaluate(ParentRunner.java:268)
	at org.junit.runners.ParentRunner.run(ParentRunner.java:363)
	at org.junit.runner.JUnitCore.run(JUnitCore.java:137)
	at org.junit.runner.JUnitCore.run(JUnitCore.java:115)
	at org.testng.junit.JUnit4TestRunner.start(JUnit4TestRunner.java:81)
	at org.testng.junit.JUnit4TestRunner.run(JUnit4TestRunner.java:69)
	at org.testng.TestRunner$1.run(TestRunner.java:682)
	at org.testng.TestRunner.runWorkers(TestRunner.java:1008)
	at org.testng.TestRunner.privateRunJUnit(TestRunner.java:713)
	at org.testng.TestRunner.run(TestRunner.java:614)
	at org.testng.SuiteRunner.runTest(SuiteRunner.java:348)
	at org.testng.SuiteRunner.runSequentially(SuiteRunner.java:343)
	at org.testng.SuiteRunner.privateRun(SuiteRunner.java:305)
	at org.testng.SuiteRunner.run(SuiteRunner.java:254)
	at org.testng.SuiteRunnerWorker.runSuite(SuiteRunnerWorker.java:52)
	at org.testng.SuiteRunnerWorker.run(SuiteRunnerWorker.java:86)
	at org.testng.TestNG.runSuitesSequentially(TestNG.java:1224)
	at org.testng.TestNG.runSuitesLocally(TestNG.java:1149)
	at org.testng.TestNG.run(TestNG.java:1057)
	at org.apache.maven.surefire.testng.TestNGExecutor.run(TestNGExecutor.java:115)
	at org.apache.maven.surefire.testng.TestNGDirectoryTestSuite.executeMulti(TestNGDirectoryTestSuite.java:212)
	at org.apache.maven.surefire.testng.TestNGDirectoryTestSuite.execute(TestNGDirectoryTestSuite.java:108)
	at org.apache.maven.surefire.testng.TestNGProvider.invoke(TestNGProvider.java:111)
	at org.apache.maven.surefire.booter.ForkedBooter.invokeProviderInSameClassLoader(ForkedBooter.java:203)
	at org.apache.maven.surefire.booter.ForkedBooter.runSuitesInProcess(ForkedBooter.java:155)
	at org.apache.maven.surefire.booter.ForkedBooter.main(ForkedBooter.java:103)
</pre></div></td>
<td>0</td>
<td>test500HttpError(com.mined.in.pool.account.eth.DwarfpoolAccountRequestorTest)</td></tr>
<tr>
<td title='com.mined.in.worker.EthereumWorkerTest.testCorrectJsonResponse()'><b>testCorrectJsonResponse</b><br>Test class: com.mined.in.worker.EthereumWorkerTest</td>
<td><div><pre>java.lang.AssertionError: expected:&lt;174&gt; but was:&lt;174.03&gt;
	at org.junit.Assert.fail(Assert.java:88)
	at org.junit.Assert.failNotEquals(Assert.java:834)
	at org.junit.Assert.assertEquals(Assert.java:118)
	at org.junit.Assert.assertEquals(Assert.java:144)
	at com.mined.in.worker.EthereumWorkerTest.testCorrectJsonResponse(EthereumWorkerTest.java:88)
	at org.junit.runners.model.FrameworkMethod$1.runReflectiveCall(FrameworkMethod.java:50)
	at org.junit.internal.runners.model.ReflectiveCallable.run(ReflectiveCallable.java:12)
	at org.junit.runners.model.FrameworkMethod.invokeExplosively(FrameworkMethod.java:47)
	at org.junit.internal.runners.statements.InvokeMethod.evaluate(InvokeMethod.java:17)
	at org.junit.runners.ParentRunner.runLeaf(ParentRunner.java:325)
	at org.junit.runners.BlockJUnit4ClassRunner.runChild(BlockJUnit4ClassRunner.java:78)
	at org.junit.runners.BlockJUnit4ClassRunner.runChild(BlockJUnit4ClassRunner.java:57)
	at org.junit.runners.ParentRunner$3.run(ParentRunner.java:290)
	at org.junit.runners.ParentRunner$1.schedule(ParentRunner.java:71)
	at org.junit.runners.ParentRunner.runChildren(ParentRunner.java:288)
	at org.junit.runners.ParentRunner.access$000(ParentRunner.java:58)
	at org.junit.runners.ParentRunner$2.evaluate(ParentRunner.java:268)
	at org.junit.runners.ParentRunner.run(ParentRunner.java:363)
	at org.junit.runner.JUnitCore.run(JUnitCore.java:137)
	at org.junit.runner.JUnitCore.run(JUnitCore.java:115)
... Removed 26 stack frames</pre></div><a href='#' onClick='toggleBox("stack-trace1983025922", this, "Click to show all stack frames", "Click to hide stack frames")'>Click to show all stack frames</a>
<div class='stack-trace' id='stack-trace1983025922'><pre>java.lang.AssertionError: expected:&lt;174&gt; but was:&lt;174.03&gt;
	at org.junit.Assert.fail(Assert.java:88)
	at org.junit.Assert.failNotEquals(Assert.java:834)
	at org.junit.Assert.assertEquals(Assert.java:118)
	at org.junit.Assert.assertEquals(Assert.java:144)
	at com.mined.in.worker.EthereumWorkerTest.testCorrectJsonResponse(EthereumWorkerTest.java:88)
	at sun.reflect.NativeMethodAccessorImpl.invoke0(Native Method)
	at sun.reflect.NativeMethodAccessorImpl.invoke(NativeMethodAccessorImpl.java:62)
	at sun.reflect.DelegatingMethodAccessorImpl.invoke(DelegatingMethodAccessorImpl.java:43)
	at java.lang.reflect.Method.invoke(Method.java:498)
	at org.junit.runners.model.FrameworkMethod$1.runReflectiveCall(FrameworkMethod.java:50)
	at org.junit.internal.runners.model.ReflectiveCallable.run(ReflectiveCallable.java:12)
	at org.junit.runners.model.FrameworkMethod.invokeExplosively(FrameworkMethod.java:47)
	at org.junit.internal.runners.statements.InvokeMethod.evaluate(InvokeMethod.java:17)
	at org.junit.runners.ParentRunner.runLeaf(ParentRunner.java:325)
	at org.junit.runners.BlockJUnit4ClassRunner.runChild(BlockJUnit4ClassRunner.java:78)
	at org.junit.runners.BlockJUnit4ClassRunner.runChild(BlockJUnit4ClassRunner.java:57)
	at org.junit.runners.ParentRunner$3.run(ParentRunner.java:290)
	at org.junit.runners.ParentRunner$1.schedule(ParentRunner.java:71)
	at org.junit.runners.ParentRunner.runChildren(ParentRunner.java:288)
	at org.junit.runners.ParentRunner.access$000(ParentRunner.java:58)
	at org.junit.runners.ParentRunner$2.evaluate(ParentRunner.java:268)
	at org.junit.runners.ParentRunner.run(ParentRunner.java:363)
	at org.junit.runner.JUnitCore.run(JUnitCore.java:137)
	at org.junit.runner.JUnitCore.run(JUnitCore.java:115)
	at org.testng.junit.JUnit4TestRunner.start(JUnit4TestRunner.java:81)
	at org.testng.junit.JUnit4TestRunner.run(JUnit4TestRunner.java:69)
	at org.testng.TestRunner$1.run(TestRunner.java:682)
	at org.testng.TestRunner.runWorkers(TestRunner.java:1008)
	at org.testng.TestRunner.privateRunJUnit(TestRunner.java:713)
	at org.testng.TestRunner.run(TestRunner.java:614)
	at org.testng.SuiteRunner.runTest(SuiteRunner.java:348)
	at org.testng.SuiteRunner.runSequentially(SuiteRunner.java:343)
	at org.testng.SuiteRunner.privateRun(SuiteRunner.java:305)
	at org.testng.SuiteRunner.run(SuiteRunner.java:254)
	at org.testng.SuiteRunnerWorker.runSuite(SuiteRunnerWorker.java:52)
	at org.testng.SuiteRunnerWorker.run(SuiteRunnerWorker.java:86)
	at org.testng.TestNG.runSuitesSequentially(TestNG.java:1224)
	at org.testng.TestNG.runSuitesLocally(TestNG.java:1149)
	at org.testng.TestNG.run(TestNG.java:1057)
	at org.apache.maven.surefire.testng.TestNGExecutor.run(TestNGExecutor.java:115)
	at org.apache.maven.surefire.testng.TestNGDirectoryTestSuite.executeMulti(TestNGDirectoryTestSuite.java:212)
	at org.apache.maven.surefire.testng.TestNGDirectoryTestSuite.execute(TestNGDirectoryTestSuite.java:108)
	at org.apache.maven.surefire.testng.TestNGProvider.invoke(TestNGProvider.java:111)
	at org.apache.maven.surefire.booter.ForkedBooter.invokeProviderInSameClassLoader(ForkedBooter.java:203)
	at org.apache.maven.surefire.booter.ForkedBooter.runSuitesInProcess(ForkedBooter.java:155)
	at org.apache.maven.surefire.booter.ForkedBooter.main(ForkedBooter.java:103)
</pre></div></td>
<td>0</td>
<td>testCorrectJsonResponse(com.mined.in.worker.EthereumWorkerTest)</td></tr>
<tr>
<td title='com.mined.in.pool.account.eth.DwarfpoolAccountRequestorTest.testCorrectJsonResponseWithApiError()'><b>testCorrectJsonResponseWithApiError</b><br>Test class: com.mined.in.pool.account.eth.DwarfpoolAccountRequestorTest</td>
<td><div><pre>java.lang.AssertionError: Expected exception: com.mined.in.pool.AccountRequestorException
	at org.junit.internal.runners.statements.ExpectException.evaluate(ExpectException.java:32)
	at org.junit.runners.ParentRunner.runLeaf(ParentRunner.java:325)
	at org.junit.runners.BlockJUnit4ClassRunner.runChild(BlockJUnit4ClassRunner.java:78)
	at org.junit.runners.BlockJUnit4ClassRunner.runChild(BlockJUnit4ClassRunner.java:57)
	at org.junit.runners.ParentRunner$3.run(ParentRunner.java:290)
	at org.junit.runners.ParentRunner$1.schedule(ParentRunner.java:71)
	at org.junit.runners.ParentRunner.runChildren(ParentRunner.java:288)
	at org.junit.runners.ParentRunner.access$000(ParentRunner.java:58)
	at org.junit.runners.ParentRunner$2.evaluate(ParentRunner.java:268)
	at org.junit.runners.ParentRunner.run(ParentRunner.java:363)
	at org.junit.runner.JUnitCore.run(JUnitCore.java:137)
	at org.junit.runner.JUnitCore.run(JUnitCore.java:115)
... Removed 22 stack frames</pre></div><a href='#' onClick='toggleBox("stack-trace1795960102", this, "Click to show all stack frames", "Click to hide stack frames")'>Click to show all stack frames</a>
<div class='stack-trace' id='stack-trace1795960102'><pre>java.lang.AssertionError: Expected exception: com.mined.in.pool.AccountRequestorException
	at org.junit.internal.runners.statements.ExpectException.evaluate(ExpectException.java:32)
	at org.junit.runners.ParentRunner.runLeaf(ParentRunner.java:325)
	at org.junit.runners.BlockJUnit4ClassRunner.runChild(BlockJUnit4ClassRunner.java:78)
	at org.junit.runners.BlockJUnit4ClassRunner.runChild(BlockJUnit4ClassRunner.java:57)
	at org.junit.runners.ParentRunner$3.run(ParentRunner.java:290)
	at org.junit.runners.ParentRunner$1.schedule(ParentRunner.java:71)
	at org.junit.runners.ParentRunner.runChildren(ParentRunner.java:288)
	at org.junit.runners.ParentRunner.access$000(ParentRunner.java:58)
	at org.junit.runners.ParentRunner$2.evaluate(ParentRunner.java:268)
	at org.junit.runners.ParentRunner.run(ParentRunner.java:363)
	at org.junit.runner.JUnitCore.run(JUnitCore.java:137)
	at org.junit.runner.JUnitCore.run(JUnitCore.java:115)
	at org.testng.junit.JUnit4TestRunner.start(JUnit4TestRunner.java:81)
	at org.testng.junit.JUnit4TestRunner.run(JUnit4TestRunner.java:69)
	at org.testng.TestRunner$1.run(TestRunner.java:682)
	at org.testng.TestRunner.runWorkers(TestRunner.java:1008)
	at org.testng.TestRunner.privateRunJUnit(TestRunner.java:713)
	at org.testng.TestRunner.run(TestRunner.java:614)
	at org.testng.SuiteRunner.runTest(SuiteRunner.java:348)
	at org.testng.SuiteRunner.runSequentially(SuiteRunner.java:343)
	at org.testng.SuiteRunner.privateRun(SuiteRunner.java:305)
	at org.testng.SuiteRunner.run(SuiteRunner.java:254)
	at org.testng.SuiteRunnerWorker.runSuite(SuiteRunnerWorker.java:52)
	at org.testng.SuiteRunnerWorker.run(SuiteRunnerWorker.java:86)
	at org.testng.TestNG.runSuitesSequentially(TestNG.java:1224)
	at org.testng.TestNG.runSuitesLocally(TestNG.java:1149)
	at org.testng.TestNG.run(TestNG.java:1057)
	at org.apache.maven.surefire.testng.TestNGExecutor.run(TestNGExecutor.java:115)
	at org.apache.maven.surefire.testng.TestNGDirectoryTestSuite.executeMulti(TestNGDirectoryTestSuite.java:212)
	at org.apache.maven.surefire.testng.TestNGDirectoryTestSuite.execute(TestNGDirectoryTestSuite.java:108)
	at org.apache.maven.surefire.testng.TestNGProvider.invoke(TestNGProvider.java:111)
	at org.apache.maven.surefire.booter.ForkedBooter.invokeProviderInSameClassLoader(ForkedBooter.java:203)
	at org.apache.maven.surefire.booter.ForkedBooter.runSuitesInProcess(ForkedBooter.java:155)
	at org.apache.maven.surefire.booter.ForkedBooter.main(ForkedBooter.java:103)
</pre></div></td>
<td>0</td>
<td>testCorrectJsonResponseWithApiError(com.mined.in.pool.account.eth.DwarfpoolAccountRequestorTest)</td></tr>
<tr>
<td title='com.mined.in.pool.account.eth.DwarfpoolAccountRequestorTest.testEmptyResponse()'><b>testEmptyResponse</b><br>Test class: com.mined.in.pool.account.eth.DwarfpoolAccountRequestorTest</td>
<td><div><pre>java.lang.AssertionError: Expected exception: com.mined.in.pool.AccountRequestorException
	at org.junit.internal.runners.statements.ExpectException.evaluate(ExpectException.java:32)
	at org.junit.runners.ParentRunner.runLeaf(ParentRunner.java:325)
	at org.junit.runners.BlockJUnit4ClassRunner.runChild(BlockJUnit4ClassRunner.java:78)
	at org.junit.runners.BlockJUnit4ClassRunner.runChild(BlockJUnit4ClassRunner.java:57)
	at org.junit.runners.ParentRunner$3.run(ParentRunner.java:290)
	at org.junit.runners.ParentRunner$1.schedule(ParentRunner.java:71)
	at org.junit.runners.ParentRunner.runChildren(ParentRunner.java:288)
	at org.junit.runners.ParentRunner.access$000(ParentRunner.java:58)
	at org.junit.runners.ParentRunner$2.evaluate(ParentRunner.java:268)
	at org.junit.runners.ParentRunner.run(ParentRunner.java:363)
	at org.junit.runner.JUnitCore.run(JUnitCore.java:137)
	at org.junit.runner.JUnitCore.run(JUnitCore.java:115)
... Removed 22 stack frames</pre></div><a href='#' onClick='toggleBox("stack-trace1898220577", this, "Click to show all stack frames", "Click to hide stack frames")'>Click to show all stack frames</a>
<div class='stack-trace' id='stack-trace1898220577'><pre>java.lang.AssertionError: Expected exception: com.mined.in.pool.AccountRequestorException
	at org.junit.internal.runners.statements.ExpectException.evaluate(ExpectException.java:32)
	at org.junit.runners.ParentRunner.runLeaf(ParentRunner.java:325)
	at org.junit.runners.BlockJUnit4ClassRunner.runChild(BlockJUnit4ClassRunner.java:78)
	at org.junit.runners.BlockJUnit4ClassRunner.runChild(BlockJUnit4ClassRunner.java:57)
	at org.junit.runners.ParentRunner$3.run(ParentRunner.java:290)
	at org.junit.runners.ParentRunner$1.schedule(ParentRunner.java:71)
	at org.junit.runners.ParentRunner.runChildren(ParentRunner.java:288)
	at org.junit.runners.ParentRunner.access$000(ParentRunner.java:58)
	at org.junit.runners.ParentRunner$2.evaluate(ParentRunner.java:268)
	at org.junit.runners.ParentRunner.run(ParentRunner.java:363)
	at org.junit.runner.JUnitCore.run(JUnitCore.java:137)
	at org.junit.runner.JUnitCore.run(JUnitCore.java:115)
	at org.testng.junit.JUnit4TestRunner.start(JUnit4TestRunner.java:81)
	at org.testng.junit.JUnit4TestRunner.run(JUnit4TestRunner.java:69)
	at org.testng.TestRunner$1.run(TestRunner.java:682)
	at org.testng.TestRunner.runWorkers(TestRunner.java:1008)
	at org.testng.TestRunner.privateRunJUnit(TestRunner.java:713)
	at org.testng.TestRunner.run(TestRunner.java:614)
	at org.testng.SuiteRunner.runTest(SuiteRunner.java:348)
	at org.testng.SuiteRunner.runSequentially(SuiteRunner.java:343)
	at org.testng.SuiteRunner.privateRun(SuiteRunner.java:305)
	at org.testng.SuiteRunner.run(SuiteRunner.java:254)
	at org.testng.SuiteRunnerWorker.runSuite(SuiteRunnerWorker.java:52)
	at org.testng.SuiteRunnerWorker.run(SuiteRunnerWorker.java:86)
	at org.testng.TestNG.runSuitesSequentially(TestNG.java:1224)
	at org.testng.TestNG.runSuitesLocally(TestNG.java:1149)
	at org.testng.TestNG.run(TestNG.java:1057)
	at org.apache.maven.surefire.testng.TestNGExecutor.run(TestNGExecutor.java:115)
	at org.apache.maven.surefire.testng.TestNGDirectoryTestSuite.executeMulti(TestNGDirectoryTestSuite.java:212)
	at org.apache.maven.surefire.testng.TestNGDirectoryTestSuite.execute(TestNGDirectoryTestSuite.java:108)
	at org.apache.maven.surefire.testng.TestNGProvider.invoke(TestNGProvider.java:111)
	at org.apache.maven.surefire.booter.ForkedBooter.invokeProviderInSameClassLoader(ForkedBooter.java:203)
	at org.apache.maven.surefire.booter.ForkedBooter.runSuitesInProcess(ForkedBooter.java:155)
	at org.apache.maven.surefire.booter.ForkedBooter.main(ForkedBooter.java:103)
</pre></div></td>
<td>0</td>
<td>testEmptyResponse(com.mined.in.pool.account.eth.DwarfpoolAccountRequestorTest)</td></tr>
</table><p>
<table width='100%' border='1' class='invocation-passed'>
<tr><td colspan='4' align='center'><b>PASSED TESTS</b></td></tr>
<tr><td><b>Test method</b></td>
<td width="30%"><b>Exception</b></td>
<td width="10%"><b>Time (seconds)</b></td>
<td><b>Instance</b></td>
</tr>
<tr>
<td title='com.mined.in.MinedInApplicationTests.contextLoads()'><b>contextLoads</b><br>Test class: com.mined.in.MinedInApplicationTests</td>
<td></td>
<td>0</td>
<td>contextLoads(com.mined.in.MinedInApplicationTests)</td></tr>
<tr>
<td title='com.mined.in.calculator.whattomine.eth.WhatToMineRewardRequestorTest.test500HttpError()'><b>test500HttpError</b><br>Test class: com.mined.in.calculator.whattomine.eth.WhatToMineRewardRequestorTest</td>
<td></td>
<td>0</td>
<td>test500HttpError(com.mined.in.calculator.whattomine.eth.WhatToMineRewardRequestorTest)</td></tr>
<tr>
<td title='com.mined.in.pool.account.eth.EthermineAccountRequestorTest.test500HttpError()'><b>test500HttpError</b><br>Test class: com.mined.in.pool.account.eth.EthermineAccountRequestorTest</td>
<td></td>
<td>0</td>
<td>test500HttpError(com.mined.in.pool.account.eth.EthermineAccountRequestorTest)</td></tr>
<tr>
<td title='com.mined.in.pool.account.eth.NanopoolAccountRequestorTest.test500HttpError()'><b>test500HttpError</b><br>Test class: com.mined.in.pool.account.eth.NanopoolAccountRequestorTest</td>
<td></td>
<td>0</td>
<td>test500HttpError(com.mined.in.pool.account.eth.NanopoolAccountRequestorTest)</td></tr>
<tr>
<td title='com.mined.in.market.coinmarketcap.eth.CoinMarketCapMarketRequestorTest.test500HttpError()'><b>test500HttpError</b><br>Test class: com.mined.in.market.coinmarketcap.eth.CoinMarketCapMarketRequestorTest</td>
<td></td>
<td>0</td>
<td>test500HttpError(com.mined.in.market.coinmarketcap.eth.CoinMarketCapMarketRequestorTest)</td></tr>
<tr>
<td title='com.mined.in.util.HashrateConverterTest.testConvertingToEH()'><b>testConvertingToEH</b><br>Test class: com.mined.in.util.HashrateConverterTest</td>
<td></td>
<td>0</td>
<td>testConvertingToEH(com.mined.in.util.HashrateConverterTest)</td></tr>
<tr>
<td title='com.mined.in.util.HashrateConverterTest.testConvertingToGH()'><b>testConvertingToGH</b><br>Test class: com.mined.in.util.HashrateConverterTest</td>
<td></td>
<td>0</td>
<td>testConvertingToGH(com.mined.in.util.HashrateConverterTest)</td></tr>
<tr>
<td title='com.mined.in.util.HashrateConverterTest.testConvertingToKH()'><b>testConvertingToKH</b><br>Test class: com.mined.in.util.HashrateConverterTest</td>
<td></td>
<td>0</td>
<td>testConvertingToKH(com.mined.in.util.HashrateConverterTest)</td></tr>
<tr>
<td title='com.mined.in.util.HashrateConverterTest.testConvertingToMH()'><b>testConvertingToMH</b><br>Test class: com.mined.in.util.HashrateConverterTest</td>
<td></td>
<td>0</td>
<td>testConvertingToMH(com.mined.in.util.HashrateConverterTest)</td></tr>
<tr>
<td title='com.mined.in.util.HashrateConverterTest.testConvertingToPH()'><b>testConvertingToPH</b><br>Test class: com.mined.in.util.HashrateConverterTest</td>
<td></td>
<td>0</td>
<td>testConvertingToPH(com.mined.in.util.HashrateConverterTest)</td></tr>
<tr>
<td title='com.mined.in.util.HashrateConverterTest.testConvertingToTH()'><b>testConvertingToTH</b><br>Test class: com.mined.in.util.HashrateConverterTest</td>
<td></td>
<td>0</td>
<td>testConvertingToTH(com.mined.in.util.HashrateConverterTest)</td></tr>
<tr>
<td title='com.mined.in.calculator.whattomine.eth.WhatToMineRewardRequestorTest.testCorrectJsonResponse()'><b>testCorrectJsonResponse</b><br>Test class: com.mined.in.calculator.whattomine.eth.WhatToMineRewardRequestorTest</td>
<td></td>
<td>0</td>
<td>testCorrectJsonResponse(com.mined.in.calculator.whattomine.eth.WhatToMineRewardRequestorTest)</td></tr>
<tr>
<td title='com.mined.in.pool.account.eth.DwarfpoolAccountRequestorTest.testCorrectJsonResponse()'><b>testCorrectJsonResponse</b><br>Test class: com.mined.in.pool.account.eth.DwarfpoolAccountRequestorTest</td>
<td></td>
<td>0</td>
<td>testCorrectJsonResponse(com.mined.in.pool.account.eth.DwarfpoolAccountRequestorTest)</td></tr>
<tr>
<td title='com.mined.in.pool.account.eth.EthermineAccountRequestorTest.testCorrectJsonResponse()'><b>testCorrectJsonResponse</b><br>Test class: com.mined.in.pool.account.eth.EthermineAccountRequestorTest</td>
<td></td>
<td>0</td>
<td>testCorrectJsonResponse(com.mined.in.pool.account.eth.EthermineAccountRequestorTest)</td></tr>
<tr>
<td title='com.mined.in.pool.account.eth.NanopoolAccountRequestorTest.testCorrectJsonResponse()'><b>testCorrectJsonResponse</b><br>Test class: com.mined.in.pool.account.eth.NanopoolAccountRequestorTest</td>
<td></td>
<td>0</td>
<td>testCorrectJsonResponse(com.mined.in.pool.account.eth.NanopoolAccountRequestorTest)</td></tr>
<tr>
<td title='com.mined.in.market.coinmarketcap.eth.CoinMarketCapMarketRequestorTest.testCorrectJsonResponse()'><b>testCorrectJsonResponse</b><br>Test class: com.mined.in.market.coinmarketcap.eth.CoinMarketCapMarketRequestorTest</td>
<td></td>
<td>0</td>
<td>testCorrectJsonResponse(com.mined.in.market.coinmarketcap.eth.CoinMarketCapMarketRequestorTest)</td></tr>
<tr>
<td title='com.mined.in.pool.account.eth.EthermineAccountRequestorTest.testCorrectJsonResponseWithApiError()'><b>testCorrectJsonResponseWithApiError</b><br>Test class: com.mined.in.pool.account.eth.EthermineAccountRequestorTest</td>
<td></td>
<td>0</td>
<td>testCorrectJsonResponseWithApiError(com.mined.in.pool.account.eth.EthermineAccountRequestorTest)</td></tr>
<tr>
<td title='com.mined.in.pool.account.eth.NanopoolAccountRequestorTest.testCorrectJsonResponseWithApiError()'><b>testCorrectJsonResponseWithApiError</b><br>Test class: com.mined.in.pool.account.eth.NanopoolAccountRequestorTest</td>
<td></td>
<td>0</td>
<td>testCorrectJsonResponseWithApiError(com.mined.in.pool.account.eth.NanopoolAccountRequestorTest)</td></tr>
<tr>
<td title='com.mined.in.calculator.whattomine.eth.WhatToMineRewardRequestorTest.testEmptyResponse()'><b>testEmptyResponse</b><br>Test class: com.mined.in.calculator.whattomine.eth.WhatToMineRewardRequestorTest</td>
<td></td>
<td>0</td>
<td>testEmptyResponse(com.mined.in.calculator.whattomine.eth.WhatToMineRewardRequestorTest)</td></tr>
<tr>
<td title='com.mined.in.pool.account.eth.EthermineAccountRequestorTest.testEmptyResponse()'><b>testEmptyResponse</b><br>Test class: com.mined.in.pool.account.eth.EthermineAccountRequestorTest</td>
<td></td>
<td>0</td>
<td>testEmptyResponse(com.mined.in.pool.account.eth.EthermineAccountRequestorTest)</td></tr>
<tr>
<td title='com.mined.in.pool.account.eth.NanopoolAccountRequestorTest.testEmptyResponse()'><b>testEmptyResponse</b><br>Test class: com.mined.in.pool.account.eth.NanopoolAccountRequestorTest</td>
<td></td>
<td>0</td>
<td>testEmptyResponse(com.mined.in.pool.account.eth.NanopoolAccountRequestorTest)</td></tr>
<tr>
<td title='com.mined.in.market.coinmarketcap.eth.CoinMarketCapMarketRequestorTest.testEmptyResponse()'><b>testEmptyResponse</b><br>Test class: com.mined.in.market.coinmarketcap.eth.CoinMarketCapMarketRequestorTest</td>
<td></td>
<td>0</td>
<td>testEmptyResponse(com.mined.in.market.coinmarketcap.eth.CoinMarketCapMarketRequestorTest)</td></tr>
<tr>
<td title='com.mined.in.worker.EthereumWorkerTest.testMarketError()'><b>testMarketError</b><br>Test class: com.mined.in.worker.EthereumWorkerTest</td>
<td></td>
<td>0</td>
<td>testMarketError(com.mined.in.worker.EthereumWorkerTest)</td></tr>
<tr>
<td title='com.mined.in.worker.EthereumWorkerTest.testPoolError()'><b>testPoolError</b><br>Test class: com.mined.in.worker.EthereumWorkerTest</td>
<td></td>
<td>0</td>
<td>testPoolError(com.mined.in.worker.EthereumWorkerTest)</td></tr>
<tr>
<td title='com.mined.in.worker.EthereumWorkerTest.testRewardError()'><b>testRewardError</b><br>Test class: com.mined.in.worker.EthereumWorkerTest</td>
<td></td>
<td>0</td>
<td>testRewardError(com.mined.in.worker.EthereumWorkerTest)</td></tr>
<tr>
<td title='com.mined.in.pool.account.eth.DwarfpoolAccountRequestorTest.testWithEmptyWalletAddress()'><b>testWithEmptyWalletAddress</b><br>Test class: com.mined.in.pool.account.eth.DwarfpoolAccountRequestorTest</td>
<td></td>
<td>0</td>
<td>testWithEmptyWalletAddress(com.mined.in.pool.account.eth.DwarfpoolAccountRequestorTest)</td></tr>
<tr>
<td title='com.mined.in.pool.account.eth.EthermineAccountRequestorTest.testWithEmptyWalletAddress()'><b>testWithEmptyWalletAddress</b><br>Test class: com.mined.in.pool.account.eth.EthermineAccountRequestorTest</td>
<td></td>
<td>0</td>
<td>testWithEmptyWalletAddress(com.mined.in.pool.account.eth.EthermineAccountRequestorTest)</td></tr>
<tr>
<td title='com.mined.in.pool.account.eth.NanopoolAccountRequestorTest.testWithEmptyWalletAddress()'><b>testWithEmptyWalletAddress</b><br>Test class: com.mined.in.pool.account.eth.NanopoolAccountRequestorTest</td>
<td></td>
<td>0</td>
<td>testWithEmptyWalletAddress(com.mined.in.pool.account.eth.NanopoolAccountRequestorTest)</td></tr>
</table><p>
</body>
</html>