<?xml version="1.0" encoding="UTF-8"?>
<!-- Generated by org.testng.reporters.JUnitXMLReporter -->
<testsuite hostname="spirals-vortex.lille.inria.fr" name="Surefire test" tests="26" failures="2" timestamp="28 Mar 2018 19:48:34 GMT" time="7.805" errors="0">
  <testcase name="testPoolError on testPoolError(com.mined.in.worker.ETHMinedWorkerTest)" time="0.695" classname="com.mined.in.worker.ETHMinedWorkerTest"/>
  <testcase name="testMarketError on testMarketError(com.mined.in.worker.ETHMinedWorkerTest)" time="0.036" classname="com.mined.in.worker.ETHMinedWorkerTest"/>
  <testcase name="testRewardError on testRewardError(com.mined.in.worker.ETHMinedWorkerTest)" time="0.031" classname="com.mined.in.worker.ETHMinedWorkerTest"/>
  <testcase name="testCorrectJsonResponse on testCorrectJsonResponse(com.mined.in.worker.ETHMinedWorkerTest)" time="0.04" classname="com.mined.in.worker.ETHMinedWorkerTest">
    <failure type="java.lang.AssertionError" message="expected:&amp;lt;174&amp;gt; but was:&amp;lt;null&amp;gt;">
      <![CDATA[java.lang.AssertionError: expected:<174> but was:<null>
	at org.junit.Assert.fail(Assert.java:88)
	at org.junit.Assert.failNotEquals(Assert.java:834)
	at org.junit.Assert.assertEquals(Assert.java:118)
	at org.junit.Assert.assertEquals(Assert.java:144)
	at com.mined.in.worker.ETHMinedWorkerTest.testCorrectJsonResponse(ETHMinedWorkerTest.java:85)
	at org.junit.runners.model.FrameworkMethod$1.runReflectiveCall(FrameworkMethod.java:50)
	at org.junit.internal.runners.model.ReflectiveCallable.run(ReflectiveCallable.java:12)
	at org.junit.runners.model.FrameworkMethod.invokeExplosively(FrameworkMethod.java:47)
	at org.junit.internal.runners.statements.InvokeMethod.evaluate(InvokeMethod.java:17)
	at org.junit.runners.ParentRunner.runLeaf(ParentRunner.java:325)
	at org.junit.runners.BlockJUnit4ClassRunner.runChild(BlockJUnit4ClassRunner.java:78)
	at org.junit.runners.BlockJUnit4ClassRunner.runChild(BlockJUnit4ClassRunner.java:57)
	at org.junit.runners.ParentRunner$3.run(ParentRunner.java:290)
	at org.junit.runners.ParentRunner$1.schedule(ParentRunner.java:71)
	at org.junit.runners.ParentRunner.runChildren(ParentRunner.java:288)
	at org.junit.runners.ParentRunner.access$000(ParentRunner.java:58)
	at org.junit.runners.ParentRunner$2.evaluate(ParentRunner.java:268)
	at org.junit.runners.ParentRunner.run(ParentRunner.java:363)
	at org.junit.runner.JUnitCore.run(JUnitCore.java:137)
	at org.junit.runner.JUnitCore.run(JUnitCore.java:115)
... Removed 26 stack frames]]>
    </failure>
  </testcase> <!-- testCorrectJsonResponse on testCorrectJsonResponse(com.mined.in.worker.ETHMinedWorkerTest) -->
  <testcase name="testEmptyResponse on testEmptyResponse(com.mined.in.calculator.whattomine.eth.WhatToMineRewardExecutorTest)" time="0.006" classname="com.mined.in.calculator.whattomine.eth.WhatToMineRewardExecutorTest"/>
  <testcase name="test500HttpError on test500HttpError(com.mined.in.calculator.whattomine.eth.WhatToMineRewardExecutorTest)" time="0.005" classname="com.mined.in.calculator.whattomine.eth.WhatToMineRewardExecutorTest"/>
  <testcase name="testCorrectJsonResponse on testCorrectJsonResponse(com.mined.in.calculator.whattomine.eth.WhatToMineRewardExecutorTest)" time="0.007" classname="com.mined.in.calculator.whattomine.eth.WhatToMineRewardExecutorTest">
    <failure type="java.lang.AssertionError" message="expected:&amp;lt;174&amp;gt; but was:&amp;lt;null&amp;gt;">
      <![CDATA[java.lang.AssertionError: expected:<174> but was:<null>
	at org.junit.Assert.fail(Assert.java:88)
	at org.junit.Assert.failNotEquals(Assert.java:834)
	at org.junit.Assert.assertEquals(Assert.java:118)
	at org.junit.Assert.assertEquals(Assert.java:144)
	at com.mined.in.calculator.whattomine.eth.WhatToMineRewardExecutorTest.testCorrectJsonResponse(WhatToMineRewardExecutorTest.java:50)
	at org.junit.runners.model.FrameworkMethod$1.runReflectiveCall(FrameworkMethod.java:50)
	at org.junit.internal.runners.model.ReflectiveCallable.run(ReflectiveCallable.java:12)
	at org.junit.runners.model.FrameworkMethod.invokeExplosively(FrameworkMethod.java:47)
	at org.junit.internal.runners.statements.InvokeMethod.evaluate(InvokeMethod.java:17)
	at org.junit.runners.ParentRunner.runLeaf(ParentRunner.java:325)
	at org.junit.runners.BlockJUnit4ClassRunner.runChild(BlockJUnit4ClassRunner.java:78)
	at org.junit.runners.BlockJUnit4ClassRunner.runChild(BlockJUnit4ClassRunner.java:57)
	at org.junit.runners.ParentRunner$3.run(ParentRunner.java:290)
	at org.junit.runners.ParentRunner$1.schedule(ParentRunner.java:71)
	at org.junit.runners.ParentRunner.runChildren(ParentRunner.java:288)
	at org.junit.runners.ParentRunner.access$000(ParentRunner.java:58)
	at org.junit.runners.ParentRunner$2.evaluate(ParentRunner.java:268)
	at org.junit.runners.ParentRunner.run(ParentRunner.java:363)
	at org.junit.runner.JUnitCore.run(JUnitCore.java:137)
	at org.junit.runner.JUnitCore.run(JUnitCore.java:115)
... Removed 26 stack frames]]>
    </failure>
  </testcase> <!-- testCorrectJsonResponse on testCorrectJsonResponse(com.mined.in.calculator.whattomine.eth.WhatToMineRewardExecutorTest) -->
  <testcase name="testEmptyResponse on testEmptyResponse(com.mined.in.pool.account.eth.DwarfpoolAccountExecutorTest)" time="0.007" classname="com.mined.in.pool.account.eth.DwarfpoolAccountExecutorTest"/>
  <testcase name="test500HttpError on test500HttpError(com.mined.in.pool.account.eth.DwarfpoolAccountExecutorTest)" time="0.006" classname="com.mined.in.pool.account.eth.DwarfpoolAccountExecutorTest"/>
  <testcase name="testWithEmptyWalletAddress on testWithEmptyWalletAddress(com.mined.in.pool.account.eth.DwarfpoolAccountExecutorTest)" time="0.005" classname="com.mined.in.pool.account.eth.DwarfpoolAccountExecutorTest"/>
  <testcase name="testCorrectJsonResponseWithApiError on testCorrectJsonResponseWithApiError(com.mined.in.pool.account.eth.DwarfpoolAccountExecutorTest)" time="0.005" classname="com.mined.in.pool.account.eth.DwarfpoolAccountExecutorTest"/>
  <testcase name="testCorrectJsonResponse on testCorrectJsonResponse(com.mined.in.pool.account.eth.DwarfpoolAccountExecutorTest)" time="0.006" classname="com.mined.in.pool.account.eth.DwarfpoolAccountExecutorTest"/>
  <testcase name="testEmptyResponse on testEmptyResponse(com.mined.in.pool.account.eth.EthermineAccountExecutorTest)" time="0.018" classname="com.mined.in.pool.account.eth.EthermineAccountExecutorTest"/>
  <testcase name="test500HttpError on test500HttpError(com.mined.in.pool.account.eth.EthermineAccountExecutorTest)" time="0.005" classname="com.mined.in.pool.account.eth.EthermineAccountExecutorTest"/>
  <testcase name="testWithEmptyWalletAddress on testWithEmptyWalletAddress(com.mined.in.pool.account.eth.EthermineAccountExecutorTest)" time="0.005" classname="com.mined.in.pool.account.eth.EthermineAccountExecutorTest"/>
  <testcase name="testCorrectJsonResponseWithApiError on testCorrectJsonResponseWithApiError(com.mined.in.pool.account.eth.EthermineAccountExecutorTest)" time="0.005" classname="com.mined.in.pool.account.eth.EthermineAccountExecutorTest"/>
  <testcase name="testCorrectJsonResponse on testCorrectJsonResponse(com.mined.in.pool.account.eth.EthermineAccountExecutorTest)" time="0.012" classname="com.mined.in.pool.account.eth.EthermineAccountExecutorTest"/>
  <testcase name="testEmptyResponse on testEmptyResponse(com.mined.in.pool.account.eth.NanopoolAccountExecutorTest)" time="0.006" classname="com.mined.in.pool.account.eth.NanopoolAccountExecutorTest"/>
  <testcase name="test500HttpError on test500HttpError(com.mined.in.pool.account.eth.NanopoolAccountExecutorTest)" time="0.003" classname="com.mined.in.pool.account.eth.NanopoolAccountExecutorTest"/>
  <testcase name="testWithEmptyWalletAddress on testWithEmptyWalletAddress(com.mined.in.pool.account.eth.NanopoolAccountExecutorTest)" time="0.004" classname="com.mined.in.pool.account.eth.NanopoolAccountExecutorTest"/>
  <testcase name="testCorrectJsonResponseWithApiError on testCorrectJsonResponseWithApiError(com.mined.in.pool.account.eth.NanopoolAccountExecutorTest)" time="0.004" classname="com.mined.in.pool.account.eth.NanopoolAccountExecutorTest"/>
  <testcase name="testCorrectJsonResponse on testCorrectJsonResponse(com.mined.in.pool.account.eth.NanopoolAccountExecutorTest)" time="0.006" classname="com.mined.in.pool.account.eth.NanopoolAccountExecutorTest"/>
  <testcase name="testEmptyResponse on testEmptyResponse(com.mined.in.market.coinmarketcap.CoinMarketCapMarketExecutorTest)" time="0.004" classname="com.mined.in.market.coinmarketcap.CoinMarketCapMarketExecutorTest"/>
  <testcase name="test500HttpError on test500HttpError(com.mined.in.market.coinmarketcap.CoinMarketCapMarketExecutorTest)" time="0.003" classname="com.mined.in.market.coinmarketcap.CoinMarketCapMarketExecutorTest"/>
  <testcase name="testCorrectJsonResponse on testCorrectJsonResponse(com.mined.in.market.coinmarketcap.CoinMarketCapMarketExecutorTest)" time="0.005" classname="com.mined.in.market.coinmarketcap.CoinMarketCapMarketExecutorTest"/>
  <testcase name="contextLoads on contextLoads(com.mined.in.MinedInApplicationTests)" time="0.267" classname="com.mined.in.MinedInApplicationTests"/>
</testsuite> <!-- Surefire test -->
