<html>
<head>
<title>TestNG:  Surefire test</title>
<link href="../testng.css" rel="stylesheet" type="text/css" />
<link href="../my-testng.css" rel="stylesheet" type="text/css" />

<style type="text/css">
.log { display: none;} 
.stack-trace { display: none;} 
</style>
<script type="text/javascript">
<!--
function flip(e) {
  current = e.style.display;
  if (current == 'block') {
    e.style.display = 'none';
    return 0;
  }
  else {
    e.style.display = 'block';
    return 1;
  }
}

function toggleBox(szDivId, elem, msg1, msg2)
{
  var res = -1;  if (document.getElementById) {
    res = flip(document.getElementById(szDivId));
  }
  else if (document.all) {
    // this is the way old msie versions work
    res = flip(document.all[szDivId]);
  }
  if(elem) {
    if(res == 0) elem.innerHTML = msg1; else elem.innerHTML = msg2;
  }

}

function toggleAllBoxes() {
  if (document.getElementsByTagName) {
    d = document.getElementsByTagName('div');
    for (i = 0; i < d.length; i++) {
      if (d[i].className == 'log') {
        flip(d[i]);
      }
    }
  }
}

// -->
</script>

</head>
<body>
<h2 align='center'>Surefire test</h2><table border='1' align="center">
<tr>
<td>Tests passed/Failed/Skipped:</td><td>32/0/0</td>
</tr><tr>
<td>Started on:</td><td>Fri Jun 01 12:51:54 CEST 2018</td>
</tr>
<tr><td>Total time:</td><td>5 seconds (5551 ms)</td>
</tr><tr>
<td>Included groups:</td><td></td>
</tr><tr>
<td>Excluded groups:</td><td></td>
</tr>
</table><p/>
<small><i>(Hover the method name to see the test class name)</i></small><p/>
<table width='100%' border='1' class='invocation-passed'>
<tr><td colspan='4' align='center'><b>PASSED TESTS</b></td></tr>
<tr><td><b>Test method</b></td>
<td width="30%"><b>Exception</b></td>
<td width="10%"><b>Time (seconds)</b></td>
<td><b>Instance</b></td>
</tr>
<tr>
<td title='org.molgenis.jobs.JobExecutorTest.executeScheduledJob()'><b>executeScheduledJob</b><br>Test class: org.molgenis.jobs.JobExecutorTest</td>
<td></td>
<td>0</td>
<td>org.molgenis.jobs.JobExecutorTest@1124910c</td></tr>
<tr>
<td title='org.molgenis.jobs.model.hello.HelloWorldTest.helloWorld()'><b>helloWorld</b><br>Test class: org.molgenis.jobs.model.hello.HelloWorldTest</td>
<td></td>
<td>1</td>
<td>org.molgenis.jobs.model.hello.HelloWorldTest@5f935d49</td></tr>
<tr>
<td title='org.molgenis.jobs.ProgressImplTest.jobCanceledAndMailFails()'><b>jobCanceledAndMailFails</b><br>Test class: org.molgenis.jobs.ProgressImplTest</td>
<td></td>
<td>0</td>
<td>org.molgenis.jobs.ProgressImplTest@1231a1be</td></tr>
<tr>
<td title='org.molgenis.jobs.ProgressImplTest.jobFailsAndMailFails()'><b>jobFailsAndMailFails</b><br>Test class: org.molgenis.jobs.ProgressImplTest</td>
<td></td>
<td>0</td>
<td>org.molgenis.jobs.ProgressImplTest@1231a1be</td></tr>
<tr>
<td title='org.molgenis.jobs.ProgressImplTest.jobSucceedsButMailFails()'><b>jobSucceedsButMailFails</b><br>Test class: org.molgenis.jobs.ProgressImplTest</td>
<td></td>
<td>0</td>
<td>org.molgenis.jobs.ProgressImplTest@1231a1be</td></tr>
<tr>
<td title='org.molgenis.jobs.schedule.JobSchedulerTest.runNow()'><b>runNow</b><br>Test class: org.molgenis.jobs.schedule.JobSchedulerTest</td>
<td></td>
<td>0</td>
<td>org.molgenis.jobs.schedule.JobSchedulerTest@7e31062c</td></tr>
<tr>
<td title='org.molgenis.jobs.schedule.JobSchedulerTest.runNowExists()'><b>runNowExists</b><br>Test class: org.molgenis.jobs.schedule.JobSchedulerTest</td>
<td></td>
<td>0</td>
<td>org.molgenis.jobs.schedule.JobSchedulerTest@7e31062c</td></tr>
<tr>
<td title='org.molgenis.jobs.schedule.JobSchedulerTest.runNowUnknownEntity()'><b>runNowUnknownEntity</b><br>Test class: org.molgenis.jobs.schedule.JobSchedulerTest</td>
<td><div><pre>org.molgenis.data.UnknownEntityException: FAILED TO FORMAT LOCALIZED MESSAGE FOR ERROR CODE D02.%nFallback message: type:sys_job_ScheduledJob id:id
	at org.molgenis.jobs.schedule.JobScheduler.getJob(JobScheduler.java:81)
	at org.molgenis.jobs.schedule.JobScheduler.runNow(JobScheduler.java:52)
	at org.molgenis.jobs.schedule.JobSchedulerTest.runNowUnknownEntity(JobSchedulerTest.java:79)
	at org.springframework.test.context.testng.AbstractTestNGSpringContextTests.run(AbstractTestNGSpringContextTests.java:180)
	at org.apache.maven.surefire.testng.TestNGExecutor.run(TestNGExecutor.java:135)
	at org.apache.maven.surefire.testng.TestNGDirectoryTestSuite.executeMulti(TestNGDirectoryTestSuite.java:193)
	at org.apache.maven.surefire.testng.TestNGDirectoryTestSuite.execute(TestNGDirectoryTestSuite.java:94)
	at org.apache.maven.surefire.testng.TestNGProvider.invoke(TestNGProvider.java:146)
	at org.apache.maven.surefire.booter.ForkedBooter.invokeProviderInSameClassLoader(ForkedBooter.java:379)
	at org.apache.maven.surefire.booter.ForkedBooter.runSuitesInProcess(ForkedBooter.java:340)
	at org.apache.maven.surefire.booter.ForkedBooter.execute(ForkedBooter.java:125)
	at org.apache.maven.surefire.booter.ForkedBooter.main(ForkedBooter.java:413)
... Removed 27 stack frames</pre></div><a href='#' onClick='toggleBox("stack-trace2147344085", this, "Click to show all stack frames", "Click to hide stack frames")'>Click to show all stack frames</a>
<div class='stack-trace' id='stack-trace2147344085'><pre>org.molgenis.data.UnknownEntityException: FAILED TO FORMAT LOCALIZED MESSAGE FOR ERROR CODE D02.%nFallback message: type:sys_job_ScheduledJob id:id
	at org.molgenis.jobs.schedule.JobScheduler.getJob(JobScheduler.java:81)
	at org.molgenis.jobs.schedule.JobScheduler.runNow(JobScheduler.java:52)
	at org.molgenis.jobs.schedule.JobSchedulerTest.runNowUnknownEntity(JobSchedulerTest.java:79)
	at sun.reflect.NativeMethodAccessorImpl.invoke0(Native Method)
	at sun.reflect.NativeMethodAccessorImpl.invoke(NativeMethodAccessorImpl.java:62)
	at sun.reflect.DelegatingMethodAccessorImpl.invoke(DelegatingMethodAccessorImpl.java:43)
	at java.lang.reflect.Method.invoke(Method.java:498)
	at org.testng.internal.MethodInvocationHelper.invokeMethod(MethodInvocationHelper.java:80)
	at org.testng.internal.MethodInvocationHelper$1.runTestMethod(MethodInvocationHelper.java:182)
	at org.springframework.test.context.testng.AbstractTestNGSpringContextTests.run(AbstractTestNGSpringContextTests.java:180)
	at sun.reflect.NativeMethodAccessorImpl.invoke0(Native Method)
	at sun.reflect.NativeMethodAccessorImpl.invoke(NativeMethodAccessorImpl.java:62)
	at sun.reflect.DelegatingMethodAccessorImpl.invoke(DelegatingMethodAccessorImpl.java:43)
	at java.lang.reflect.Method.invoke(Method.java:498)
	at org.testng.internal.MethodInvocationHelper.invokeHookable(MethodInvocationHelper.java:194)
	at org.testng.internal.Invoker.invokeMethod(Invoker.java:707)
	at org.testng.internal.Invoker.invokeTestMethod(Invoker.java:901)
	at org.testng.internal.Invoker.invokeTestMethods(Invoker.java:1231)
	at org.testng.internal.TestMethodWorker.invokeTestMethods(TestMethodWorker.java:127)
	at org.testng.internal.TestMethodWorker.run(TestMethodWorker.java:111)
	at org.testng.TestRunner.privateRun(TestRunner.java:767)
	at org.testng.TestRunner.run(TestRunner.java:617)
	at org.testng.SuiteRunner.runTest(SuiteRunner.java:334)
	at org.testng.SuiteRunner.runSequentially(SuiteRunner.java:329)
	at org.testng.SuiteRunner.privateRun(SuiteRunner.java:291)
	at org.testng.SuiteRunner.run(SuiteRunner.java:240)
	at org.testng.SuiteRunnerWorker.runSuite(SuiteRunnerWorker.java:52)
	at org.testng.SuiteRunnerWorker.run(SuiteRunnerWorker.java:86)
	at org.testng.TestNG.runSuitesSequentially(TestNG.java:1198)
	at org.testng.TestNG.runSuitesLocally(TestNG.java:1123)
	at org.testng.TestNG.run(TestNG.java:1031)
	at org.apache.maven.surefire.testng.TestNGExecutor.run(TestNGExecutor.java:135)
	at org.apache.maven.surefire.testng.TestNGDirectoryTestSuite.executeMulti(TestNGDirectoryTestSuite.java:193)
	at org.apache.maven.surefire.testng.TestNGDirectoryTestSuite.execute(TestNGDirectoryTestSuite.java:94)
	at org.apache.maven.surefire.testng.TestNGProvider.invoke(TestNGProvider.java:146)
	at org.apache.maven.surefire.booter.ForkedBooter.invokeProviderInSameClassLoader(ForkedBooter.java:379)
	at org.apache.maven.surefire.booter.ForkedBooter.runSuitesInProcess(ForkedBooter.java:340)
	at org.apache.maven.surefire.booter.ForkedBooter.execute(ForkedBooter.java:125)
	at org.apache.maven.surefire.booter.ForkedBooter.main(ForkedBooter.java:413)
</pre></div></td>
<td>0</td>
<td>org.molgenis.jobs.schedule.JobSchedulerTest@7e31062c</td></tr>
<tr>
<td title='org.molgenis.jobs.schedule.JobSchedulerTest.schedule()'><b>schedule</b><br>Test class: org.molgenis.jobs.schedule.JobSchedulerTest</td>
<td></td>
<td>0</td>
<td>org.molgenis.jobs.schedule.JobSchedulerTest@7e31062c</td></tr>
<tr>
<td title='org.molgenis.jobs.schedule.JobSchedulerTest.scheduleExisting()'><b>scheduleExisting</b><br>Test class: org.molgenis.jobs.schedule.JobSchedulerTest</td>
<td></td>
<td>0</td>
<td>org.molgenis.jobs.schedule.JobSchedulerTest@7e31062c</td></tr>
<tr>
<td title='org.molgenis.jobs.schedule.JobSchedulerTest.scheduleInactive()'><b>scheduleInactive</b><br>Test class: org.molgenis.jobs.schedule.JobSchedulerTest</td>
<td></td>
<td>0</td>
<td>org.molgenis.jobs.schedule.JobSchedulerTest@7e31062c</td></tr>
<tr>
<td title='org.molgenis.jobs.schedule.JobSchedulerTest.scheduleInvalidCronExpression()'><b>scheduleInvalidCronExpression</b><br>Test class: org.molgenis.jobs.schedule.JobSchedulerTest</td>
<td><div><pre>org.molgenis.data.validation.MolgenisValidationException: Invalid cronexpression &apos;XXX&apos;
	at org.molgenis.jobs.schedule.JobScheduler.schedule(JobScheduler.java:105)
	at org.molgenis.jobs.schedule.JobSchedulerTest.scheduleInvalidCronExpression(JobSchedulerTest.java:139)
	at org.springframework.test.context.testng.AbstractTestNGSpringContextTests.run(AbstractTestNGSpringContextTests.java:180)
	at org.apache.maven.surefire.testng.TestNGExecutor.run(TestNGExecutor.java:135)
	at org.apache.maven.surefire.testng.TestNGDirectoryTestSuite.executeMulti(TestNGDirectoryTestSuite.java:193)
	at org.apache.maven.surefire.testng.TestNGDirectoryTestSuite.execute(TestNGDirectoryTestSuite.java:94)
	at org.apache.maven.surefire.testng.TestNGProvider.invoke(TestNGProvider.java:146)
	at org.apache.maven.surefire.booter.ForkedBooter.invokeProviderInSameClassLoader(ForkedBooter.java:379)
	at org.apache.maven.surefire.booter.ForkedBooter.runSuitesInProcess(ForkedBooter.java:340)
	at org.apache.maven.surefire.booter.ForkedBooter.execute(ForkedBooter.java:125)
	at org.apache.maven.surefire.booter.ForkedBooter.main(ForkedBooter.java:413)
... Removed 27 stack frames</pre></div><a href='#' onClick='toggleBox("stack-trace2034089575", this, "Click to show all stack frames", "Click to hide stack frames")'>Click to show all stack frames</a>
<div class='stack-trace' id='stack-trace2034089575'><pre>org.molgenis.data.validation.MolgenisValidationException: Invalid cronexpression &apos;XXX&apos;
	at org.molgenis.jobs.schedule.JobScheduler.schedule(JobScheduler.java:105)
	at org.molgenis.jobs.schedule.JobSchedulerTest.scheduleInvalidCronExpression(JobSchedulerTest.java:139)
	at sun.reflect.NativeMethodAccessorImpl.invoke0(Native Method)
	at sun.reflect.NativeMethodAccessorImpl.invoke(NativeMethodAccessorImpl.java:62)
	at sun.reflect.DelegatingMethodAccessorImpl.invoke(DelegatingMethodAccessorImpl.java:43)
	at java.lang.reflect.Method.invoke(Method.java:498)
	at org.testng.internal.MethodInvocationHelper.invokeMethod(MethodInvocationHelper.java:80)
	at org.testng.internal.MethodInvocationHelper$1.runTestMethod(MethodInvocationHelper.java:182)
	at org.springframework.test.context.testng.AbstractTestNGSpringContextTests.run(AbstractTestNGSpringContextTests.java:180)
	at sun.reflect.NativeMethodAccessorImpl.invoke0(Native Method)
	at sun.reflect.NativeMethodAccessorImpl.invoke(NativeMethodAccessorImpl.java:62)
	at sun.reflect.DelegatingMethodAccessorImpl.invoke(DelegatingMethodAccessorImpl.java:43)
	at java.lang.reflect.Method.invoke(Method.java:498)
	at org.testng.internal.MethodInvocationHelper.invokeHookable(MethodInvocationHelper.java:194)
	at org.testng.internal.Invoker.invokeMethod(Invoker.java:707)
	at org.testng.internal.Invoker.invokeTestMethod(Invoker.java:901)
	at org.testng.internal.Invoker.invokeTestMethods(Invoker.java:1231)
	at org.testng.internal.TestMethodWorker.invokeTestMethods(TestMethodWorker.java:127)
	at org.testng.internal.TestMethodWorker.run(TestMethodWorker.java:111)
	at org.testng.TestRunner.privateRun(TestRunner.java:767)
	at org.testng.TestRunner.run(TestRunner.java:617)
	at org.testng.SuiteRunner.runTest(SuiteRunner.java:334)
	at org.testng.SuiteRunner.runSequentially(SuiteRunner.java:329)
	at org.testng.SuiteRunner.privateRun(SuiteRunner.java:291)
	at org.testng.SuiteRunner.run(SuiteRunner.java:240)
	at org.testng.SuiteRunnerWorker.runSuite(SuiteRunnerWorker.java:52)
	at org.testng.SuiteRunnerWorker.run(SuiteRunnerWorker.java:86)
	at org.testng.TestNG.runSuitesSequentially(TestNG.java:1198)
	at org.testng.TestNG.runSuitesLocally(TestNG.java:1123)
	at org.testng.TestNG.run(TestNG.java:1031)
	at org.apache.maven.surefire.testng.TestNGExecutor.run(TestNGExecutor.java:135)
	at org.apache.maven.surefire.testng.TestNGDirectoryTestSuite.executeMulti(TestNGDirectoryTestSuite.java:193)
	at org.apache.maven.surefire.testng.TestNGDirectoryTestSuite.execute(TestNGDirectoryTestSuite.java:94)
	at org.apache.maven.surefire.testng.TestNGProvider.invoke(TestNGProvider.java:146)
	at org.apache.maven.surefire.booter.ForkedBooter.invokeProviderInSameClassLoader(ForkedBooter.java:379)
	at org.apache.maven.surefire.booter.ForkedBooter.runSuitesInProcess(ForkedBooter.java:340)
	at org.apache.maven.surefire.booter.ForkedBooter.execute(ForkedBooter.java:125)
	at org.apache.maven.surefire.booter.ForkedBooter.main(ForkedBooter.java:413)
</pre></div></td>
<td>0</td>
<td>org.molgenis.jobs.schedule.JobSchedulerTest@7e31062c</td></tr>
<tr>
<td title='org.molgenis.jobs.JobExecutorTest.submitJobExecution()'><b>submitJobExecution</b><br>Test class: org.molgenis.jobs.JobExecutorTest</td>
<td></td>
<td>0</td>
<td>org.molgenis.jobs.JobExecutorTest@1124910c</td></tr>
<tr>
<td title='org.molgenis.jobs.JobExecutorTest.submitJobExecutionJobFactoryThrowsException()'><b>submitJobExecutionJobFactoryThrowsException</b><br>Test class: org.molgenis.jobs.JobExecutorTest</td>
<td></td>
<td>0</td>
<td>org.molgenis.jobs.JobExecutorTest@1124910c</td></tr>
<tr>
<td title='org.molgenis.jobs.model.JobExecutionTest.testAppendLog()'><b>testAppendLog</b><br>Test class: org.molgenis.jobs.model.JobExecutionTest</td>
<td></td>
<td>0</td>
<td>org.molgenis.jobs.model.JobExecutionTest@690df641</td></tr>
<tr>
<td title='org.molgenis.jobs.model.JobExecutionTest.testAppendLogTruncates()'><b>testAppendLogTruncates</b><br>Test class: org.molgenis.jobs.model.JobExecutionTest</td>
<td></td>
<td>0</td>
<td>org.molgenis.jobs.model.JobExecutionTest@690df641</td></tr>
<tr>
<td title='org.molgenis.jobs.JobBootstrapperTest.testBootstrap()'><b>testBootstrap</b><br>Test class: org.molgenis.jobs.JobBootstrapperTest</td>
<td></td>
<td>0</td>
<td>org.molgenis.jobs.JobBootstrapperTest@79d63a4f</td></tr>
<tr>
<td title='org.molgenis.jobs.schedule.ScheduledJobRepositoryDecoratorTest.testDelete()'><b>testDelete</b><br>Test class: org.molgenis.jobs.schedule.ScheduledJobRepositoryDecoratorTest</td>
<td></td>
<td>0</td>
<td>org.molgenis.jobs.schedule.ScheduledJobRepositoryDecoratorTest@4a9b92c6</td></tr>
<tr>
<td title='org.molgenis.jobs.schedule.ScheduledJobRepositoryDecoratorTest.testDeleteFails()'><b>testDeleteFails</b><br>Test class: org.molgenis.jobs.schedule.ScheduledJobRepositoryDecoratorTest</td>
<td></td>
<td>0</td>
<td>org.molgenis.jobs.schedule.ScheduledJobRepositoryDecoratorTest@4a9b92c6</td></tr>
<tr>
<td title='org.molgenis.jobs.ProgressImplTest.testLog()'><b>testLog</b><br>Test class: org.molgenis.jobs.ProgressImplTest</td>
<td></td>
<td>0</td>
<td>org.molgenis.jobs.ProgressImplTest@1231a1be</td></tr>
<tr>
<td title='org.molgenis.jobs.ProgressImplTest.testMailFailed()'><b>testMailFailed</b><br>Test class: org.molgenis.jobs.ProgressImplTest</td>
<td></td>
<td>0</td>
<td>org.molgenis.jobs.ProgressImplTest@1231a1be</td></tr>
<tr>
<td title='org.molgenis.jobs.ProgressImplTest.testMailSuccess()'><b>testMailSuccess</b><br>Test class: org.molgenis.jobs.ProgressImplTest</td>
<td></td>
<td>0</td>
<td>org.molgenis.jobs.ProgressImplTest@1231a1be</td></tr>
<tr>
<td title='org.molgenis.jobs.schedule.ScheduledJobRepositoryDecoratorTest.testQuery()'><b>testQuery</b><br>Test class: org.molgenis.jobs.schedule.ScheduledJobRepositoryDecoratorTest</td>
<td></td>
<td>0</td>
<td>org.molgenis.jobs.schedule.ScheduledJobRepositoryDecoratorTest@4a9b92c6</td></tr>
<tr>
<td title='org.molgenis.jobs.model.JobExecutionTest.testSetProgressMessageAbbreviates()'><b>testSetProgressMessageAbbreviates</b><br>Test class: org.molgenis.jobs.model.JobExecutionTest</td>
<td></td>
<td>0</td>
<td>org.molgenis.jobs.model.JobExecutionTest@690df641</td></tr>
<tr>
<td title='org.molgenis.jobs.schedule.ScheduledJobRepositoryDecoratorTest.testSetUsernameAdd()'><b>testSetUsernameAdd</b><br>Test class: org.molgenis.jobs.schedule.ScheduledJobRepositoryDecoratorTest</td>
<td></td>
<td>0</td>
<td>org.molgenis.jobs.schedule.ScheduledJobRepositoryDecoratorTest@4a9b92c6</td></tr>
<tr>
<td title='org.molgenis.jobs.schedule.ScheduledJobRepositoryDecoratorTest.testSetUsernameUpdate()'><b>testSetUsernameUpdate</b><br>Test class: org.molgenis.jobs.schedule.ScheduledJobRepositoryDecoratorTest</td>
<td></td>
<td>0</td>
<td>org.molgenis.jobs.schedule.ScheduledJobRepositoryDecoratorTest@4a9b92c6</td></tr>
<tr>
<td title='org.molgenis.jobs.JobTest.testTransactionOperationsIsCalledWithCorrectAuthentication()'><b>testTransactionOperationsIsCalledWithCorrectAuthentication</b><br>Test class: org.molgenis.jobs.JobTest</td>
<td></td>
<td>0</td>
<td>org.molgenis.jobs.JobTest@6ce9771c</td></tr>
<tr>
<td title='org.molgenis.jobs.JobTest.testTransactionTimeout()'><b>testTransactionTimeout</b><br>Test class: org.molgenis.jobs.JobTest</td>
<td></td>
<td>0</td>
<td>org.molgenis.jobs.JobTest@6ce9771c</td></tr>
<tr>
<td title='org.molgenis.jobs.JobTest.testTransactionalJob()'><b>testTransactionalJob</b><br>Test class: org.molgenis.jobs.JobTest</td>
<td></td>
<td>0</td>
<td>org.molgenis.jobs.JobTest@6ce9771c</td></tr>
<tr>
<td title='org.molgenis.jobs.JobTest.testTransactionalJobFailure()'><b>testTransactionalJobFailure</b><br>Test class: org.molgenis.jobs.JobTest</td>
<td></td>
<td>0</td>
<td>org.molgenis.jobs.JobTest@6ce9771c</td></tr>
<tr>
<td title='org.molgenis.jobs.schedule.ScheduledJobRepositoryDecoratorTest.testUpdate()'><b>testUpdate</b><br>Test class: org.molgenis.jobs.schedule.ScheduledJobRepositoryDecoratorTest</td>
<td></td>
<td>0</td>
<td>org.molgenis.jobs.schedule.ScheduledJobRepositoryDecoratorTest@4a9b92c6</td></tr>
<tr>
<td title='org.molgenis.jobs.schedule.JobSchedulerTest.unschedule()'><b>unschedule</b><br>Test class: org.molgenis.jobs.schedule.JobSchedulerTest</td>
<td></td>
<td>0</td>
<td>org.molgenis.jobs.schedule.JobSchedulerTest@7e31062c</td></tr>
</table><p>
</body>
</html>