<html>
<head>
<title>TestNG:  Surefire test</title>
<link href="../testng.css" rel="stylesheet" type="text/css" />
<link href="../my-testng.css" rel="stylesheet" type="text/css" />

<style type="text/css">
.log { display: none;} 
.stack-trace { display: none;} 
</style>
<script type="text/javascript">
<!--
function flip(e) {
  current = e.style.display;
  if (current == 'block') {
    e.style.display = 'none';
    return 0;
  }
  else {
    e.style.display = 'block';
    return 1;
  }
}

function toggleBox(szDivId, elem, msg1, msg2)
{
  var res = -1;  if (document.getElementById) {
    res = flip(document.getElementById(szDivId));
  }
  else if (document.all) {
    // this is the way old msie versions work
    res = flip(document.all[szDivId]);
  }
  if(elem) {
    if(res == 0) elem.innerHTML = msg1; else elem.innerHTML = msg2;
  }

}

function toggleAllBoxes() {
  if (document.getElementsByTagName) {
    d = document.getElementsByTagName('div');
    for (i = 0; i < d.length; i++) {
      if (d[i].className == 'log') {
        flip(d[i]);
      }
    }
  }
}

// -->
</script>

</head>
<body>
<h2 align='center'>Surefire test</h2><table border='1' align="center">
<tr>
<td>Tests passed/Failed/Skipped:</td><td>3/0/41</td>
</tr><tr>
<td>Started on:</td><td>Mon May 28 10:15:14 CEST 2018</td>
</tr>
<tr><td>Total time:</td><td>2 seconds (2929 ms)</td>
</tr><tr>
<td>Included groups:</td><td></td>
</tr><tr>
<td>Excluded groups:</td><td></td>
</tr>
</table><p/>
<small><i>(Hover the method name to see the test class name)</i></small><p/>
<table width='100%' border='1' class='invocation-failed'>
<tr><td colspan='4' align='center'><b>FAILED CONFIGURATIONS</b></td></tr>
<tr><td><b>Test method</b></td>
<td width="30%"><b>Exception</b></td>
<td width="10%"><b>Time (seconds)</b></td>
<td><b>Instance</b></td>
</tr>
<tr>
<td title='org.molgenis.js.JsMagmaScriptEvaluatorTest.beforeClass()'><b>beforeClass</b><br>Test class: org.molgenis.js.JsMagmaScriptEvaluatorTest</td>
<td><div><pre>java.lang.IllegalArgumentException: resource /js/math.min.js relative to org.molgenis.js.magma.JsMagmaScriptEvaluator not found.
	at com.google.common.base.Preconditions.checkArgument(Preconditions.java:383)
	at com.google.common.io.Resources.getResource(Resources.java:209)
	at org.molgenis.util.ResourceUtils.getString(ResourceUtils.java:44)
	at org.molgenis.js.magma.JsMagmaScriptEvaluator.loadScript(JsMagmaScriptEvaluator.java:70)
	at org.molgenis.js.magma.JsMagmaScriptEvaluator.&lt;init&gt;(JsMagmaScriptEvaluator.java:64)
	at org.molgenis.js.JsMagmaScriptEvaluatorTest.beforeClass(JsMagmaScriptEvaluatorTest.java:151)
	at org.apache.maven.surefire.testng.TestNGExecutor.run(TestNGExecutor.java:132)
	at org.apache.maven.surefire.testng.TestNGDirectoryTestSuite.executeMulti(TestNGDirectoryTestSuite.java:193)
	at org.apache.maven.surefire.testng.TestNGDirectoryTestSuite.execute(TestNGDirectoryTestSuite.java:94)
	at org.apache.maven.surefire.testng.TestNGProvider.invoke(TestNGProvider.java:147)
	at org.apache.maven.surefire.booter.ForkedBooter.invokeProviderInSameClassLoader(ForkedBooter.java:290)
	at org.apache.maven.surefire.booter.ForkedBooter.runSuitesInProcess(ForkedBooter.java:242)
	at org.apache.maven.surefire.booter.ForkedBooter.main(ForkedBooter.java:121)
... Removed 21 stack frames</pre></div><a href='#' onClick='toggleBox("stack-trace1170803205", this, "Click to show all stack frames", "Click to hide stack frames")'>Click to show all stack frames</a>
<div class='stack-trace' id='stack-trace1170803205'><pre>java.lang.IllegalArgumentException: resource /js/math.min.js relative to org.molgenis.js.magma.JsMagmaScriptEvaluator not found.
	at com.google.common.base.Preconditions.checkArgument(Preconditions.java:383)
	at com.google.common.io.Resources.getResource(Resources.java:209)
	at org.molgenis.util.ResourceUtils.getString(ResourceUtils.java:44)
	at org.molgenis.js.magma.JsMagmaScriptEvaluator.loadScript(JsMagmaScriptEvaluator.java:70)
	at org.molgenis.js.magma.JsMagmaScriptEvaluator.&lt;init&gt;(JsMagmaScriptEvaluator.java:64)
	at org.molgenis.js.JsMagmaScriptEvaluatorTest.beforeClass(JsMagmaScriptEvaluatorTest.java:151)
	at sun.reflect.NativeMethodAccessorImpl.invoke0(Native Method)
	at sun.reflect.NativeMethodAccessorImpl.invoke(NativeMethodAccessorImpl.java:62)
	at sun.reflect.DelegatingMethodAccessorImpl.invoke(DelegatingMethodAccessorImpl.java:43)
	at java.lang.reflect.Method.invoke(Method.java:498)
	at org.testng.internal.MethodInvocationHelper.invokeMethod(MethodInvocationHelper.java:80)
	at org.testng.internal.Invoker.invokeConfigurationMethod(Invoker.java:564)
	at org.testng.internal.Invoker.invokeConfigurations(Invoker.java:213)
	at org.testng.internal.Invoker.invokeConfigurations(Invoker.java:138)
	at org.testng.internal.TestMethodWorker.invokeBeforeClassMethods(TestMethodWorker.java:175)
	at org.testng.internal.TestMethodWorker.run(TestMethodWorker.java:107)
	at org.testng.TestRunner.privateRun(TestRunner.java:767)
	at org.testng.TestRunner.run(TestRunner.java:617)
	at org.testng.SuiteRunner.runTest(SuiteRunner.java:334)
	at org.testng.SuiteRunner.runSequentially(SuiteRunner.java:329)
	at org.testng.SuiteRunner.privateRun(SuiteRunner.java:291)
	at org.testng.SuiteRunner.run(SuiteRunner.java:240)
	at org.testng.SuiteRunnerWorker.runSuite(SuiteRunnerWorker.java:52)
	at org.testng.SuiteRunnerWorker.run(SuiteRunnerWorker.java:86)
	at org.testng.TestNG.runSuitesSequentially(TestNG.java:1198)
	at org.testng.TestNG.runSuitesLocally(TestNG.java:1123)
	at org.testng.TestNG.run(TestNG.java:1031)
	at org.apache.maven.surefire.testng.TestNGExecutor.run(TestNGExecutor.java:132)
	at org.apache.maven.surefire.testng.TestNGDirectoryTestSuite.executeMulti(TestNGDirectoryTestSuite.java:193)
	at org.apache.maven.surefire.testng.TestNGDirectoryTestSuite.execute(TestNGDirectoryTestSuite.java:94)
	at org.apache.maven.surefire.testng.TestNGProvider.invoke(TestNGProvider.java:147)
	at org.apache.maven.surefire.booter.ForkedBooter.invokeProviderInSameClassLoader(ForkedBooter.java:290)
	at org.apache.maven.surefire.booter.ForkedBooter.runSuitesInProcess(ForkedBooter.java:242)
	at org.apache.maven.surefire.booter.ForkedBooter.main(ForkedBooter.java:121)
</pre></div></td>
<td>0</td>
<td>org.molgenis.js.JsMagmaScriptEvaluatorTest@40005471</td></tr>
</table><p>
<table width='100%' border='1' class='invocation-passed'>
<tr><td colspan='4' align='center'><b>PASSED TESTS</b></td></tr>
<tr><td><b>Test method</b></td>
<td width="30%"><b>Exception</b></td>
<td width="10%"><b>Time (seconds)</b></td>
<td><b>Instance</b></td>
</tr>
<tr>
<td title='org.molgenis.js.nashorn.NashornScriptEngineTest.doesntDirtyContext()'><b>doesntDirtyContext</b><br>Test class: org.molgenis.js.nashorn.NashornScriptEngineTest</td>
<td><div><pre>javax.script.ScriptException: ReferenceError: &quot;piet&quot; is not defined in &lt;eval&gt; at line number 1
	at jdk.nashorn.api.scripting.NashornScriptEngine.throwAsScriptException(NashornScriptEngine.java:470)
	at jdk.nashorn.api.scripting.NashornScriptEngine.evalImpl(NashornScriptEngine.java:454)
	at jdk.nashorn.api.scripting.NashornScriptEngine.evalImpl(NashornScriptEngine.java:406)
	at jdk.nashorn.api.scripting.NashornScriptEngine.evalImpl(NashornScriptEngine.java:402)
	at jdk.nashorn.api.scripting.NashornScriptEngine.eval(NashornScriptEngine.java:155)
	at javax.script.AbstractScriptEngine.eval(AbstractScriptEngine.java:233)
	at org.molgenis.js.nashorn.NashornScriptEngine.eval(NashornScriptEngine.java:34)
	at org.molgenis.js.nashorn.NashornScriptEngineTest.doesntDirtyContext(NashornScriptEngineTest.java:46)
	at org.apache.maven.surefire.testng.TestNGExecutor.run(TestNGExecutor.java:132)
	at org.apache.maven.surefire.testng.TestNGDirectoryTestSuite.executeMulti(TestNGDirectoryTestSuite.java:193)
	at org.apache.maven.surefire.testng.TestNGDirectoryTestSuite.execute(TestNGDirectoryTestSuite.java:94)
	at org.apache.maven.surefire.testng.TestNGProvider.invoke(TestNGProvider.java:147)
	at org.apache.maven.surefire.booter.ForkedBooter.invokeProviderInSameClassLoader(ForkedBooter.java:290)
	at org.apache.maven.surefire.booter.ForkedBooter.runSuitesInProcess(ForkedBooter.java:242)
	at org.apache.maven.surefire.booter.ForkedBooter.main(ForkedBooter.java:121)
Caused by: &lt;eval&gt;:1 ReferenceError: &quot;piet&quot; is not defined
	at jdk.nashorn.internal.runtime.ECMAErrors.error(ECMAErrors.java:57)
	at jdk.nashorn.internal.runtime.ECMAErrors.referenceError(ECMAErrors.java:319)
	at jdk.nashorn.internal.runtime.ECMAErrors.referenceError(ECMAErrors.java:291)
	at jdk.nashorn.internal.objects.Global.__noSuchProperty__(Global.java:1441)
	at jdk.nashorn.internal.scripts.Script$1$\^eval\_.:program(&lt;eval&gt;:1)
	at jdk.nashorn.internal.runtime.ScriptFunctionData.invoke(ScriptFunctionData.java:637)
	at jdk.nashorn.internal.runtime.ScriptFunction.invoke(ScriptFunction.java:494)
	at jdk.nashorn.internal.runtime.ScriptRuntime.apply(ScriptRuntime.java:393)
	at jdk.nashorn.api.scripting.NashornScriptEngine.evalImpl(NashornScriptEngine.java:449)
	... 34 more
... Removed 21 stack frames</pre></div><a href='#' onClick='toggleBox("stack-trace1464565578", this, "Click to show all stack frames", "Click to hide stack frames")'>Click to show all stack frames</a>
<div class='stack-trace' id='stack-trace1464565578'><pre>javax.script.ScriptException: ReferenceError: &quot;piet&quot; is not defined in &lt;eval&gt; at line number 1
	at jdk.nashorn.api.scripting.NashornScriptEngine.throwAsScriptException(NashornScriptEngine.java:470)
	at jdk.nashorn.api.scripting.NashornScriptEngine.evalImpl(NashornScriptEngine.java:454)
	at jdk.nashorn.api.scripting.NashornScriptEngine.evalImpl(NashornScriptEngine.java:406)
	at jdk.nashorn.api.scripting.NashornScriptEngine.evalImpl(NashornScriptEngine.java:402)
	at jdk.nashorn.api.scripting.NashornScriptEngine.eval(NashornScriptEngine.java:155)
	at javax.script.AbstractScriptEngine.eval(AbstractScriptEngine.java:233)
	at org.molgenis.js.nashorn.NashornScriptEngine.eval(NashornScriptEngine.java:34)
	at org.molgenis.js.nashorn.NashornScriptEngineTest.doesntDirtyContext(NashornScriptEngineTest.java:46)
	at sun.reflect.NativeMethodAccessorImpl.invoke0(Native Method)
	at sun.reflect.NativeMethodAccessorImpl.invoke(NativeMethodAccessorImpl.java:62)
	at sun.reflect.DelegatingMethodAccessorImpl.invoke(DelegatingMethodAccessorImpl.java:43)
	at java.lang.reflect.Method.invoke(Method.java:498)
	at org.testng.internal.MethodInvocationHelper.invokeMethod(MethodInvocationHelper.java:80)
	at org.testng.internal.Invoker.invokeMethod(Invoker.java:714)
	at org.testng.internal.Invoker.invokeTestMethod(Invoker.java:901)
	at org.testng.internal.Invoker.invokeTestMethods(Invoker.java:1231)
	at org.testng.internal.TestMethodWorker.invokeTestMethods(TestMethodWorker.java:127)
	at org.testng.internal.TestMethodWorker.run(TestMethodWorker.java:111)
	at org.testng.TestRunner.privateRun(TestRunner.java:767)
	at org.testng.TestRunner.run(TestRunner.java:617)
	at org.testng.SuiteRunner.runTest(SuiteRunner.java:334)
	at org.testng.SuiteRunner.runSequentially(SuiteRunner.java:329)
	at org.testng.SuiteRunner.privateRun(SuiteRunner.java:291)
	at org.testng.SuiteRunner.run(SuiteRunner.java:240)
	at org.testng.SuiteRunnerWorker.runSuite(SuiteRunnerWorker.java:52)
	at org.testng.SuiteRunnerWorker.run(SuiteRunnerWorker.java:86)
	at org.testng.TestNG.runSuitesSequentially(TestNG.java:1198)
	at org.testng.TestNG.runSuitesLocally(TestNG.java:1123)
	at org.testng.TestNG.run(TestNG.java:1031)
	at org.apache.maven.surefire.testng.TestNGExecutor.run(TestNGExecutor.java:132)
	at org.apache.maven.surefire.testng.TestNGDirectoryTestSuite.executeMulti(TestNGDirectoryTestSuite.java:193)
	at org.apache.maven.surefire.testng.TestNGDirectoryTestSuite.execute(TestNGDirectoryTestSuite.java:94)
	at org.apache.maven.surefire.testng.TestNGProvider.invoke(TestNGProvider.java:147)
	at org.apache.maven.surefire.booter.ForkedBooter.invokeProviderInSameClassLoader(ForkedBooter.java:290)
	at org.apache.maven.surefire.booter.ForkedBooter.runSuitesInProcess(ForkedBooter.java:242)
	at org.apache.maven.surefire.booter.ForkedBooter.main(ForkedBooter.java:121)
Caused by: &lt;eval&gt;:1 ReferenceError: &quot;piet&quot; is not defined
	at jdk.nashorn.internal.runtime.ECMAErrors.error(ECMAErrors.java:57)
	at jdk.nashorn.internal.runtime.ECMAErrors.referenceError(ECMAErrors.java:319)
	at jdk.nashorn.internal.runtime.ECMAErrors.referenceError(ECMAErrors.java:291)
	at jdk.nashorn.internal.objects.Global.__noSuchProperty__(Global.java:1441)
	at jdk.nashorn.internal.scripts.Script$1$\^eval\_.:program(&lt;eval&gt;:1)
	at jdk.nashorn.internal.runtime.ScriptFunctionData.invoke(ScriptFunctionData.java:637)
	at jdk.nashorn.internal.runtime.ScriptFunction.invoke(ScriptFunction.java:494)
	at jdk.nashorn.internal.runtime.ScriptRuntime.apply(ScriptRuntime.java:393)
	at jdk.nashorn.api.scripting.NashornScriptEngine.evalImpl(NashornScriptEngine.java:449)
	... 34 more
</pre></div></td>
<td>0</td>
<td>org.molgenis.js.nashorn.NashornScriptEngineTest@327514f</td></tr>
<tr>
<td title='org.molgenis.js.nashorn.NashornScriptEngineTest.testInvokeDateDMY()'><b>testInvokeDateDMY</b><br>Test class: org.molgenis.js.nashorn.NashornScriptEngineTest</td>
<td></td>
<td>0</td>
<td>org.molgenis.js.nashorn.NashornScriptEngineTest@327514f</td></tr>
<tr>
<td title='org.molgenis.js.nashorn.NashornScriptEngineTest.testInvokeFunction()'><b>testInvokeFunction</b><br>Test class: org.molgenis.js.nashorn.NashornScriptEngineTest</td>
<td></td>
<td>0</td>
<td>org.molgenis.js.nashorn.NashornScriptEngineTest@327514f</td></tr>
</table><p>
<table width='100%' border='1' class='invocation-skipped'>
<tr><td colspan='4' align='center'><b>SKIPPED TESTS</b></td></tr>
<tr><td><b>Test method</b></td>
<td width="30%"><b>Exception</b></td>
<td width="10%"><b>Time (seconds)</b></td>
<td><b>Instance</b></td>
</tr>
<tr>
<td title='org.molgenis.js.JsMagmaScriptEvaluatorTest.age()'><b>age</b><br>Test class: org.molgenis.js.JsMagmaScriptEvaluatorTest</td>
<td></td>
<td>0</td>
<td>org.molgenis.js.JsMagmaScriptEvaluatorTest@40005471</td></tr>
<tr>
<td title='org.molgenis.js.JsMagmaScriptEvaluatorTest.combineGroupMapFunctions()'><b>combineGroupMapFunctions</b><br>Test class: org.molgenis.js.JsMagmaScriptEvaluatorTest</td>
<td></td>
<td>0</td>
<td>org.molgenis.js.JsMagmaScriptEvaluatorTest@40005471</td></tr>
<tr>
<td title='org.molgenis.js.JsMagmaScriptEvaluatorTest.combinePlusGroupMapFunctions()'><b>combinePlusGroupMapFunctions</b><br>Test class: org.molgenis.js.JsMagmaScriptEvaluatorTest</td>
<td></td>
<td>0</td>
<td>org.molgenis.js.JsMagmaScriptEvaluatorTest@40005471</td></tr>
<tr>
<td title='org.molgenis.js.JsMagmaScriptEvaluatorTest.div()'><b>div</b><br>Test class: org.molgenis.js.JsMagmaScriptEvaluatorTest</td>
<td></td>
<td>0</td>
<td>org.molgenis.js.JsMagmaScriptEvaluatorTest@40005471</td></tr>
<tr>
<td title='org.molgenis.js.JsMagmaScriptEvaluatorTest.evalList()'><b>evalList</b><br>Test class: org.molgenis.js.JsMagmaScriptEvaluatorTest</td>
<td></td>
<td>0</td>
<td>org.molgenis.js.JsMagmaScriptEvaluatorTest@40005471</td></tr>
<tr>
<td title='org.molgenis.js.JsMagmaScriptEvaluatorTest.mapDefault()'><b>mapDefault</b><br>Test class: org.molgenis.js.JsMagmaScriptEvaluatorTest</td>
<td></td>
<td>0</td>
<td>org.molgenis.js.JsMagmaScriptEvaluatorTest@40005471</td></tr>
<tr>
<td title='org.molgenis.js.JsMagmaScriptEvaluatorTest.mapNull()'><b>mapNull</b><br>Test class: org.molgenis.js.JsMagmaScriptEvaluatorTest</td>
<td></td>
<td>0</td>
<td>org.molgenis.js.JsMagmaScriptEvaluatorTest@40005471</td></tr>
<tr>
<td title='org.molgenis.js.JsMagmaScriptEvaluatorTest.mapSimple()'><b>mapSimple</b><br>Test class: org.molgenis.js.JsMagmaScriptEvaluatorTest</td>
<td></td>
<td>0</td>
<td>org.molgenis.js.JsMagmaScriptEvaluatorTest@40005471</td></tr>
<tr>
<td title='org.molgenis.js.JsMagmaScriptEvaluatorTest.pow()'><b>pow</b><br>Test class: org.molgenis.js.JsMagmaScriptEvaluatorTest</td>
<td></td>
<td>0</td>
<td>org.molgenis.js.JsMagmaScriptEvaluatorTest@40005471</td></tr>
<tr>
<td title='org.molgenis.js.JsMagmaScriptEvaluatorTest.test$()'><b>test$</b><br>Test class: org.molgenis.js.JsMagmaScriptEvaluatorTest</td>
<td></td>
<td>0</td>
<td>org.molgenis.js.JsMagmaScriptEvaluatorTest@40005471</td></tr>
<tr>
<td title='org.molgenis.js.JsMagmaScriptEvaluatorTest.testAverageValueOfMultipleNumericAttributes()'><b>testAverageValueOfMultipleNumericAttributes</b><br>Test class: org.molgenis.js.JsMagmaScriptEvaluatorTest</td>
<td></td>
<td>0</td>
<td>org.molgenis.js.JsMagmaScriptEvaluatorTest@40005471</td></tr>
<tr>
<td title='org.molgenis.js.JsMagmaScriptEvaluatorTest.testBmi()'><b>testBmi</b><br>Test class: org.molgenis.js.JsMagmaScriptEvaluatorTest</td>
<td></td>
<td>0</td>
<td>org.molgenis.js.JsMagmaScriptEvaluatorTest@40005471</td></tr>
<tr>
<td title='org.molgenis.js.JsMagmaScriptEvaluatorTest.testEq()'><b>testEq</b><br>Test class: org.molgenis.js.JsMagmaScriptEvaluatorTest</td>
<td></td>
<td>0</td>
<td>org.molgenis.js.JsMagmaScriptEvaluatorTest@40005471</td></tr>
<tr>
<td title='org.molgenis.js.JsMagmaScriptEvaluatorTest.testEvalDefaultDepth$()'><b>testEvalDefaultDepth$</b><br>Test class: org.molgenis.js.JsMagmaScriptEvaluatorTest</td>
<td></td>
<td>0</td>
<td>org.molgenis.js.JsMagmaScriptEvaluatorTest@40005471</td></tr>
<tr>
<td title='org.molgenis.js.JsMagmaScriptEvaluatorTest.testGe()'><b>testGe</b><br>Test class: org.molgenis.js.JsMagmaScriptEvaluatorTest</td>
<td></td>
<td>0</td>
<td>org.molgenis.js.JsMagmaScriptEvaluatorTest@40005471</td></tr>
<tr>
<td title='org.molgenis.js.JsMagmaScriptEvaluatorTest.testGlucose()'><b>testGlucose</b><br>Test class: org.molgenis.js.JsMagmaScriptEvaluatorTest</td>
<td></td>
<td>0</td>
<td>org.molgenis.js.JsMagmaScriptEvaluatorTest@40005471</td></tr>
<tr>
<td title='org.molgenis.js.JsMagmaScriptEvaluatorTest.testGroup()'><b>testGroup</b><br>Test class: org.molgenis.js.JsMagmaScriptEvaluatorTest</td>
<td></td>
<td>0</td>
<td>org.molgenis.js.JsMagmaScriptEvaluatorTest@40005471</td></tr>
<tr>
<td title='org.molgenis.js.JsMagmaScriptEvaluatorTest.testGroupConstantValue()'><b>testGroupConstantValue</b><br>Test class: org.molgenis.js.JsMagmaScriptEvaluatorTest</td>
<td></td>
<td>0</td>
<td>org.molgenis.js.JsMagmaScriptEvaluatorTest@40005471</td></tr>
<tr>
<td title='org.molgenis.js.JsMagmaScriptEvaluatorTest.testGroupNull()'><b>testGroupNull</b><br>Test class: org.molgenis.js.JsMagmaScriptEvaluatorTest</td>
<td></td>
<td>0</td>
<td>org.molgenis.js.JsMagmaScriptEvaluatorTest@40005471</td></tr>
<tr>
<td title='org.molgenis.js.JsMagmaScriptEvaluatorTest.testGt()'><b>testGt</b><br>Test class: org.molgenis.js.JsMagmaScriptEvaluatorTest</td>
<td></td>
<td>0</td>
<td>org.molgenis.js.JsMagmaScriptEvaluatorTest@40005471</td></tr>
<tr>
<td title='org.molgenis.js.JsMagmaScriptEvaluatorTest.testIsNull()'><b>testIsNull</b><br>Test class: org.molgenis.js.JsMagmaScriptEvaluatorTest</td>
<td></td>
<td>0</td>
<td>org.molgenis.js.JsMagmaScriptEvaluatorTest@40005471</td></tr>
<tr>
<td title='org.molgenis.js.JsMagmaScriptEvaluatorTest.testIsValidJson()'><b>testIsValidJson</b><br>Test class: org.molgenis.js.JsMagmaScriptEvaluatorTest</td>
<td></td>
<td>0</td>
<td>org.molgenis.js.JsMagmaScriptEvaluatorTest@40005471</td></tr>
<tr>
<td title='org.molgenis.js.JsMagmaScriptEvaluatorTest.testLe()'><b>testLe</b><br>Test class: org.molgenis.js.JsMagmaScriptEvaluatorTest</td>
<td></td>
<td>0</td>
<td>org.molgenis.js.JsMagmaScriptEvaluatorTest@40005471</td></tr>
<tr>
<td title='org.molgenis.js.JsMagmaScriptEvaluatorTest.testLt()'><b>testLt</b><br>Test class: org.molgenis.js.JsMagmaScriptEvaluatorTest</td>
<td></td>
<td>0</td>
<td>org.molgenis.js.JsMagmaScriptEvaluatorTest@40005471</td></tr>
<tr>
<td title='org.molgenis.js.JsMagmaScriptEvaluatorTest.testNot()'><b>testNot</b><br>Test class: org.molgenis.js.JsMagmaScriptEvaluatorTest</td>
<td></td>
<td>0</td>
<td>org.molgenis.js.JsMagmaScriptEvaluatorTest@40005471</td></tr>
<tr>
<td title='org.molgenis.js.JsMagmaScriptEvaluatorTest.testNull()'><b>testNull</b><br>Test class: org.molgenis.js.JsMagmaScriptEvaluatorTest</td>
<td></td>
<td>0</td>
<td>org.molgenis.js.JsMagmaScriptEvaluatorTest@40005471</td></tr>
<tr>
<td title='org.molgenis.js.JsMagmaScriptEvaluatorTest.testOr()'><b>testOr</b><br>Test class: org.molgenis.js.JsMagmaScriptEvaluatorTest</td>
<td></td>
<td>0</td>
<td>org.molgenis.js.JsMagmaScriptEvaluatorTest@40005471</td></tr>
<tr>
<td title='org.molgenis.js.JsMagmaScriptEvaluatorTest.testPlusNullValue()'><b>testPlusNullValue</b><br>Test class: org.molgenis.js.JsMagmaScriptEvaluatorTest</td>
<td></td>
<td>0</td>
<td>org.molgenis.js.JsMagmaScriptEvaluatorTest@40005471</td></tr>
<tr>
<td title='org.molgenis.js.JsMagmaScriptEvaluatorTest.testPlusObject()'><b>testPlusObject</b><br>Test class: org.molgenis.js.JsMagmaScriptEvaluatorTest</td>
<td></td>
<td>0</td>
<td>org.molgenis.js.JsMagmaScriptEvaluatorTest@40005471</td></tr>
<tr>
<td title='org.molgenis.js.JsMagmaScriptEvaluatorTest.testPlusValue()'><b>testPlusValue</b><br>Test class: org.molgenis.js.JsMagmaScriptEvaluatorTest</td>
<td></td>
<td>0</td>
<td>org.molgenis.js.JsMagmaScriptEvaluatorTest@40005471</td></tr>
<tr>
<td title='org.molgenis.js.JsMagmaScriptEvaluatorTest.testTimes()'><b>testTimes</b><br>Test class: org.molgenis.js.JsMagmaScriptEvaluatorTest</td>
<td></td>
<td>0</td>
<td>org.molgenis.js.JsMagmaScriptEvaluatorTest@40005471</td></tr>
<tr>
<td title='org.molgenis.js.JsMagmaScriptEvaluatorTest.testUnitConversion()'><b>testUnitConversion</b><br>Test class: org.molgenis.js.JsMagmaScriptEvaluatorTest</td>
<td></td>
<td>0</td>
<td>org.molgenis.js.JsMagmaScriptEvaluatorTest@40005471</td></tr>
<tr>
<td title='org.molgenis.js.JsMagmaScriptEvaluatorTest.testValueForBool()'><b>testValueForBool</b><br>Test class: org.molgenis.js.JsMagmaScriptEvaluatorTest</td>
<td></td>
<td>0</td>
<td>org.molgenis.js.JsMagmaScriptEvaluatorTest@40005471</td></tr>
<tr>
<td title='org.molgenis.js.JsMagmaScriptEvaluatorTest.testValueForDateTime()'><b>testValueForDateTime</b><br>Test class: org.molgenis.js.JsMagmaScriptEvaluatorTest</td>
<td></td>
<td>0</td>
<td>org.molgenis.js.JsMagmaScriptEvaluatorTest@40005471</td></tr>
<tr>
<td title='org.molgenis.js.JsMagmaScriptEvaluatorTest.testValueForLong()'><b>testValueForLong</b><br>Test class: org.molgenis.js.JsMagmaScriptEvaluatorTest</td>
<td></td>
<td>0</td>
<td>org.molgenis.js.JsMagmaScriptEvaluatorTest@40005471</td></tr>
<tr>
<td title='org.molgenis.js.JsMagmaScriptEvaluatorTest.testValueForMref()'><b>testValueForMref</b><br>Test class: org.molgenis.js.JsMagmaScriptEvaluatorTest</td>
<td></td>
<td>0</td>
<td>org.molgenis.js.JsMagmaScriptEvaluatorTest@40005471</td></tr>
<tr>
<td title='org.molgenis.js.JsMagmaScriptEvaluatorTest.testValueForMrefWithComplexAlgorithm()'><b>testValueForMrefWithComplexAlgorithm</b><br>Test class: org.molgenis.js.JsMagmaScriptEvaluatorTest</td>
<td></td>
<td>0</td>
<td>org.molgenis.js.JsMagmaScriptEvaluatorTest@40005471</td></tr>
<tr>
<td title='org.molgenis.js.JsMagmaScriptEvaluatorTest.testValueForMrefWithSimplifiedAlgorithm()'><b>testValueForMrefWithSimplifiedAlgorithm</b><br>Test class: org.molgenis.js.JsMagmaScriptEvaluatorTest</td>
<td></td>
<td>0</td>
<td>org.molgenis.js.JsMagmaScriptEvaluatorTest@40005471</td></tr>
<tr>
<td title='org.molgenis.js.JsMagmaScriptEvaluatorTest.testValueForNestedXrefDefaultDepth()'><b>testValueForNestedXrefDefaultDepth</b><br>Test class: org.molgenis.js.JsMagmaScriptEvaluatorTest</td>
<td></td>
<td>0</td>
<td>org.molgenis.js.JsMagmaScriptEvaluatorTest@40005471</td></tr>
<tr>
<td title='org.molgenis.js.JsMagmaScriptEvaluatorTest.testValueForXref()'><b>testValueForXref</b><br>Test class: org.molgenis.js.JsMagmaScriptEvaluatorTest</td>
<td></td>
<td>0</td>
<td>org.molgenis.js.JsMagmaScriptEvaluatorTest@40005471</td></tr>
<tr>
<td title='org.molgenis.js.JsMagmaScriptEvaluatorTest.testValueForXrefDefaultDepth()'><b>testValueForXrefDefaultDepth</b><br>Test class: org.molgenis.js.JsMagmaScriptEvaluatorTest</td>
<td></td>
<td>0</td>
<td>org.molgenis.js.JsMagmaScriptEvaluatorTest@40005471</td></tr>
</table><p>
</body>
</html>