<?xml version="1.0" encoding="UTF-8" ?>
<testsuite tests="8" failures="0" name="eu.stamp_project.automaticbuilder.MavenAutomaticBuilderTest" time="56.628" errors="2" skipped="2">
  <properties>
    <property name="java.runtime.name" value="OpenJDK Runtime Environment"/>
    <property name="sun.boot.library.path" value="/usr/lib/jvm/java-8-openjdk-amd64/jre/lib/amd64"/>
    <property name="java.vm.version" value="25.121-b13"/>
    <property name="java.vm.vendor" value="Oracle Corporation"/>
    <property name="maven.multiModuleProjectDirectory" value="/root/workspace/STAMP-project/dspot/384780427"/>
    <property name="java.vendor.url" value="http://java.oracle.com/"/>
    <property name="path.separator" value=":"/>
    <property name="guice.disable.misplaced.annotation.check" value="true"/>
    <property name="skip.gulp" value="true"/>
    <property name="java.vm.name" value="OpenJDK 64-Bit Server VM"/>
    <property name="file.encoding.pkg" value="sun.io"/>
    <property name="sun.java.launcher" value="SUN_STANDARD"/>
    <property name="sun.os.patch.level" value="unknown"/>
    <property name="findbugs.skip" value="true"/>
    <property name="java.vm.specification.name" value="Java Virtual Machine Specification"/>
    <property name="user.dir" value="/root/workspace/STAMP-project/dspot/384780427"/>
    <property name="checkstyle.skip" value="true"/>
    <property name="java.runtime.version" value="1.8.0_121-8u121-b13-1~bpo8+1-b13"/>
    <property name="java.awt.graphicsenv" value="sun.awt.X11GraphicsEnvironment"/>
    <property name="skip.npm" value="true"/>
    <property name="java.endorsed.dirs" value="/usr/lib/jvm/java-8-openjdk-amd64/jre/lib/endorsed"/>
    <property name="os.arch" value="amd64"/>
    <property name="java.io.tmpdir" value="/tmp"/>
    <property name="gpg.skip" value="true"/>
    <property name="line.separator" value="
"/>
    <property name="java.vm.specification.vendor" value="Oracle Corporation"/>
    <property name="cobertura.skip" value="true"/>
    <property name="os.name" value="Linux"/>
    <property name="classworlds.conf" value="/usr/share/maven/bin/m2.conf"/>
    <property name="sun.jnu.encoding" value="UTF-8"/>
    <property name="java.library.path" value="/usr/java/packages/lib/amd64:/usr/lib/x86_64-linux-gnu/jni:/lib/x86_64-linux-gnu:/usr/lib/x86_64-linux-gnu:/usr/lib/jni:/lib:/usr/lib"/>
    <property name="license.skip" value="true"/>
    <property name="java.specification.name" value="Java Platform API Specification"/>
    <property name="java.class.version" value="52.0"/>
    <property name="sun.management.compiler" value="HotSpot 64-Bit Tiered Compilers"/>
    <property name="skip.bower" value="true"/>
    <property name="maven.repo.local" value="/root/./workspace/STAMP-project/dspot/384780427/.m2"/>
    <property name="os.version" value="3.10.0-862.2.3.el7.x86_64"/>
    <property name="user.home" value="/root"/>
    <property name="user.timezone" value="Europe/Paris"/>
    <property name="java.awt.printerjob" value="sun.print.PSPrinterJob"/>
    <property name="java.specification.version" value="1.8"/>
    <property name="file.encoding" value="UTF-8"/>
    <property name="user.name" value="root"/>
    <property name="java.class.path" value="/usr/share/maven/boot/plexus-classworlds-2.5.2.jar"/>
    <property name="skipITs" value="true"/>
    <property name="java.vm.specification.version" value="1.8"/>
    <property name="sun.arch.data.model" value="64"/>
    <property name="java.home" value="/usr/lib/jvm/java-8-openjdk-amd64/jre"/>
    <property name="sun.java.command" value="org.codehaus.plexus.classworlds.launcher.Launcher -B -D enforcer.skip=true -D dependency-check.skip=true -D skipITs=true -D cobertura.skip=true -D maven.repo.local=/root/./workspace/STAMP-project/dspot/384780427/.m2 -D rat.skip=true -D findbugs.skip=true -D skip.bower=true -D gpg.skip=true -D checkstyle.skip=true -D skip.gulp=true -D license.skip=true -D skip.npm=true test"/>
    <property name="java.specification.vendor" value="Oracle Corporation"/>
    <property name="user.language" value="en"/>
    <property name="awt.toolkit" value="sun.awt.X11.XToolkit"/>
    <property name="dependency-check.skip" value="true"/>
    <property name="java.vm.info" value="mixed mode"/>
    <property name="java.version" value="1.8.0_121"/>
    <property name="java.ext.dirs" value="/usr/lib/jvm/java-8-openjdk-amd64/jre/lib/ext:/usr/java/packages/lib/ext"/>
    <property name="securerandom.source" value="file:/dev/./urandom"/>
    <property name="sun.boot.class.path" value="/usr/lib/jvm/java-8-openjdk-amd64/jre/lib/resources.jar:/usr/lib/jvm/java-8-openjdk-amd64/jre/lib/rt.jar:/usr/lib/jvm/java-8-openjdk-amd64/jre/lib/sunrsasign.jar:/usr/lib/jvm/java-8-openjdk-amd64/jre/lib/jsse.jar:/usr/lib/jvm/java-8-openjdk-amd64/jre/lib/jce.jar:/usr/lib/jvm/java-8-openjdk-amd64/jre/lib/charsets.jar:/usr/lib/jvm/java-8-openjdk-amd64/jre/lib/jfr.jar:/usr/lib/jvm/java-8-openjdk-amd64/jre/classes"/>
    <property name="java.vendor" value="Oracle Corporation"/>
    <property name="enforcer.skip" value="true"/>
    <property name="rat.skip" value="true"/>
    <property name="maven.home" value="/usr/share/maven"/>
    <property name="file.separator" value="/"/>
    <property name="java.vendor.url.bug" value="http://bugreport.sun.com/bugreport/"/>
    <property name="sun.cpu.endian" value="little"/>
    <property name="sun.io.unicode.encoding" value="UnicodeLittle"/>
    <property name="sun.cpu.isalist" value=""/>
  </properties>
  <testcase classname="eu.stamp_project.automaticbuilder.MavenAutomaticBuilderTest" name="testMultipleClasses" time="6.212">
    <error message="java.lang.RuntimeException: Maven build failed! Enable verbose mode for more information (--verbose)" type="java.lang.RuntimeException">java.lang.RuntimeException: java.lang.RuntimeException: Maven build failed! Enable verbose mode for more information (--verbose)
	at eu.stamp_project.automaticbuilder.MavenAutomaticBuilder.runPit(MavenAutomaticBuilder.java:142)
	at eu.stamp_project.automaticbuilder.MavenAutomaticBuilderTest.testMultipleClasses(MavenAutomaticBuilderTest.java:112)
	at sun.reflect.NativeMethodAccessorImpl.invoke0(Native Method)
	at sun.reflect.NativeMethodAccessorImpl.invoke(NativeMethodAccessorImpl.java:62)
	at sun.reflect.DelegatingMethodAccessorImpl.invoke(DelegatingMethodAccessorImpl.java:43)
	at java.lang.reflect.Method.invoke(Method.java:498)
	at org.junit.runners.model.FrameworkMethod$1.runReflectiveCall(FrameworkMethod.java:50)
	at org.junit.internal.runners.model.ReflectiveCallable.run(ReflectiveCallable.java:12)
	at org.junit.runners.model.FrameworkMethod.invokeExplosively(FrameworkMethod.java:47)
	at org.junit.internal.runners.statements.InvokeMethod.evaluate(InvokeMethod.java:17)
	at org.junit.internal.runners.statements.RunBefores.evaluate(RunBefores.java:26)
	at org.junit.internal.runners.statements.RunAfters.evaluate(RunAfters.java:27)
	at org.junit.runners.ParentRunner.runLeaf(ParentRunner.java:325)
	at org.junit.runners.BlockJUnit4ClassRunner.runChild(BlockJUnit4ClassRunner.java:78)
	at org.junit.runners.BlockJUnit4ClassRunner.runChild(BlockJUnit4ClassRunner.java:57)
	at org.junit.runners.ParentRunner$3.run(ParentRunner.java:290)
	at org.junit.runners.ParentRunner$1.schedule(ParentRunner.java:71)
	at org.junit.runners.ParentRunner.runChildren(ParentRunner.java:288)
	at org.junit.runners.ParentRunner.access$000(ParentRunner.java:58)
	at org.junit.runners.ParentRunner$2.evaluate(ParentRunner.java:268)
	at org.junit.runners.ParentRunner.run(ParentRunner.java:363)
	at org.apache.maven.surefire.junit4.JUnit4Provider.execute(JUnit4Provider.java:252)
	at org.apache.maven.surefire.junit4.JUnit4Provider.executeTestSet(JUnit4Provider.java:141)
	at org.apache.maven.surefire.junit4.JUnit4Provider.invoke(JUnit4Provider.java:112)
	at sun.reflect.NativeMethodAccessorImpl.invoke0(Native Method)
	at sun.reflect.NativeMethodAccessorImpl.invoke(NativeMethodAccessorImpl.java:62)
	at sun.reflect.DelegatingMethodAccessorImpl.invoke(DelegatingMethodAccessorImpl.java:43)
	at java.lang.reflect.Method.invoke(Method.java:498)
	at org.apache.maven.surefire.util.ReflectionUtils.invokeMethodWithArray(ReflectionUtils.java:189)
	at org.apache.maven.surefire.booter.ProviderFactory$ProviderProxy.invoke(ProviderFactory.java:165)
	at org.apache.maven.surefire.booter.ProviderFactory.invokeProvider(ProviderFactory.java:85)
	at org.apache.maven.surefire.booter.ForkedBooter.runSuitesInProcess(ForkedBooter.java:115)
	at org.apache.maven.surefire.booter.ForkedBooter.main(ForkedBooter.java:75)
Caused by: java.lang.RuntimeException: Maven build failed! Enable verbose mode for more information (--verbose)
	at eu.stamp_project.automaticbuilder.MavenAutomaticBuilder.runPit(MavenAutomaticBuilder.java:139)
	... 32 more
</error>
    <system-out>[260229] INFO MavenAutomaticBuilder - run maven org.pitest:pitest-maven:1.4.0:mutationCoverage -DwithHistory -DtargetClasses=example.* -DreportsDirectory=target/pit-reports -DoutputFormats=CSV,HTML -DtimeoutConst=10000 -DjvmArgs=16G -DtargetTests=example.TestSuiteExample2,example.TestSuiteExample -DadditionalClasspathElements=target/dspot/dependencies/ -DmutationEngines=gregor -Dmutators=ALL 
[WARN] Maven will be executed in interactive mode, but no input stream has been configured for this MavenInvoker instance.
[INFO] Scanning for projects...
Downloading: https://repo.maven.apache.org/maven2/org/pitest/pitest-maven/1.4.0/pitest-maven-1.4.0.pom
3/6 KB   
6/6 KB   
         
Downloaded: https://repo.maven.apache.org/maven2/org/pitest/pitest-maven/1.4.0/pitest-maven-1.4.0.pom (6 KB at 12.0 KB/sec)
Downloading: https://repo.maven.apache.org/maven2/org/pitest/pitest-parent/1.4.0/pitest-parent-1.4.0.pom
3/9 KB   
5/9 KB   
8/9 KB   
9/9 KB   
         
Downloaded: https://repo.maven.apache.org/maven2/org/pitest/pitest-parent/1.4.0/pitest-parent-1.4.0.pom (9 KB at 214.8 KB/sec)
Downloading: https://repo.maven.apache.org/maven2/org/pitest/pitest-maven/1.4.0/pitest-maven-1.4.0.jar
3/76 KB   
5/76 KB   
8/76 KB   
11/76 KB   
13/76 KB   
16/76 KB   
19/76 KB   
21/76 KB   
24/76 KB   
27/76 KB   
29/76 KB   
32/76 KB   
36/76 KB   
40/76 KB   
44/76 KB   
48/76 KB   
52/76 KB   
56/76 KB   
60/76 KB   
64/76 KB   
68/76 KB   
72/76 KB   
76/76 KB   
76/76 KB   
           
Downloaded: https://repo.maven.apache.org/maven2/org/pitest/pitest-maven/1.4.0/pitest-maven-1.4.0.jar (76 KB at 901.4 KB/sec)
[INFO]                                                                         
[INFO] ------------------------------------------------------------------------
[INFO] Building test-projects 0.0.1-SNAPSHOT
[INFO] ------------------------------------------------------------------------
[INFO] 
[INFO] --- pitest-maven:1.4.0:mutationCoverage (default-cli) @ example ---
Downloading: https://repo.maven.apache.org/maven2/org/pitest/pitest-entry/1.4.0/pitest-entry-1.4.0.pom
3/7 KB     
6/7 KB   
7/7 KB   
         
Downloaded: https://repo.maven.apache.org/maven2/org/pitest/pitest-entry/1.4.0/pitest-entry-1.4.0.pom (7 KB at 294.5 KB/sec)
Downloading: https://repo.maven.apache.org/maven2/org/pitest/pitest/1.4.0/pitest-1.4.0.pom
3/8 KB   
6/8 KB   
8/8 KB   
         
Downloaded: https://repo.maven.apache.org/maven2/org/pitest/pitest/1.4.0/pitest-1.4.0.pom (8 KB at 274.0 KB/sec)
Downloading: https://repo.maven.apache.org/maven2/org/pitest/pitest-html-report/1.4.0/pitest-html-report-1.4.0.pom
3/4 KB   
4/4 KB   
         
Downloaded: https://repo.maven.apache.org/maven2/org/pitest/pitest-html-report/1.4.0/pitest-html-report-1.4.0.pom (4 KB at 147.9 KB/sec)
Downloading: https://repo.maven.apache.org/maven2/org/pitest/pitest-aggregator/1.4.0/pitest-aggregator-1.4.0.pom
2/2 KB   
         
Downloaded: https://repo.maven.apache.org/maven2/org/pitest/pitest-aggregator/1.4.0/pitest-aggregator-1.4.0.pom (2 KB at 63.3 KB/sec)
Downloading: https://repo.maven.apache.org/maven2/org/pitest/pitest-entry/1.4.0/pitest-entry-1.4.0.jar
Downloading: https://repo.maven.apache.org/maven2/org/pitest/pitest/1.4.0/pitest-1.4.0.jar
Downloading: https://repo.maven.apache.org/maven2/org/pitest/pitest-html-report/1.4.0/pitest-html-report-1.4.0.jar
Downloading: https://repo.maven.apache.org/maven2/org/pitest/pitest-aggregator/1.4.0/pitest-aggregator-1.4.0.jar
3/18 KB   
4/18 KB   
6/18 KB   
8/18 KB   
10/18 KB   
12/18 KB   
14/18 KB   
17/18 KB   
18/18 KB   
           
Downloaded: https://repo.maven.apache.org/maven2/org/pitest/pitest-aggregator/1.4.0/pitest-aggregator-1.4.0.jar (18 KB at 554.0 KB/sec)
3/636 KB   
5/636 KB   
8/636 KB   
11/636 KB   
13/636 KB   
16/636 KB   
19/636 KB   
21/636 KB   
24/636 KB   
27/636 KB   
29/636 KB   
32/636 KB   
32/636 KB   3/586 KB   
32/636 KB   5/586 KB   
32/636 KB   8/586 KB   
32/636 KB   11/586 KB   
32/636 KB   13/586 KB   
36/636 KB   13/586 KB   
40/636 KB   13/586 KB   
44/636 KB   13/586 KB   
48/636 KB   13/586 KB   
52/636 KB   13/586 KB   
56/636 KB   13/586 KB   
60/636 KB   13/586 KB   
64/636 KB   13/586 KB   
68/636 KB   13/586 KB   
72/636 KB   13/586 KB   
76/636 KB   13/586 KB   
80/636 KB   13/586 KB   
84/636 KB   13/586 KB   
88/636 KB   13/586 KB   
92/636 KB   13/586 KB   
96/636 KB   13/586 KB   
100/636 KB   13/586 KB   
104/636 KB   13/586 KB   
108/636 KB   13/586 KB   
112/636 KB   13/586 KB   
116/636 KB   13/586 KB   
120/636 KB   13/586 KB   
124/636 KB   13/586 KB   
128/636 KB   13/586 KB   
128/636 KB   16/586 KB   
128/636 KB   19/586 KB   
132/636 KB   19/586 KB   
132/636 KB   21/586 KB   
136/636 KB   21/586 KB   
140/636 KB   21/586 KB   
144/636 KB   21/586 KB   
144/636 KB   24/586 KB   
144/636 KB   27/586 KB   
144/636 KB   29/586 KB   
148/636 KB   29/586 KB   
152/636 KB   29/586 KB   
156/636 KB   29/586 KB   
160/636 KB   29/586 KB   
160/636 KB   32/586 KB   
164/636 KB   32/586 KB   
168/636 KB   32/586 KB   
172/636 KB   32/586 KB   
176/636 KB   32/586 KB   
180/636 KB   32/586 KB   
3/624 KB   180/636 KB   32/586 KB   
3/624 KB   184/636 KB   32/586 KB   
3/624 KB   184/636 KB   36/586 KB   
3/624 KB   188/636 KB   36/586 KB   
3/624 KB   188/636 KB   40/586 KB   
3/624 KB   192/636 KB   40/586 KB   
5/624 KB   192/636 KB   44/586 KB   
5/624 KB   192/636 KB   44/586 KB   
5/624 KB   192/636 KB   48/586 KB   
8/624 KB   192/636 KB   48/586 KB   
11/624 KB   192/636 KB   48/586 KB   
13/624 KB   196/636 KB   48/586 KB   
13/624 KB   196/636 KB   48/586 KB   
13/624 KB   200/636 KB   48/586 KB   
13/624 KB   204/636 KB   48/586 KB   
13/624 KB   208/636 KB   48/586 KB   
13/624 KB   208/636 KB   52/586 KB   
13/624 KB   208/636 KB   56/586 KB   
13/624 KB   212/636 KB   56/586 KB   
13/624 KB   216/636 KB   56/586 KB   
13/624 KB   220/636 KB   56/586 KB   
13/624 KB   220/636 KB   60/586 KB   
13/624 KB   224/636 KB   60/586 KB   
13/624 KB   224/636 KB   64/586 KB   
16/624 KB   224/636 KB   64/586 KB   
19/624 KB   224/636 KB   64/586 KB   
19/624 KB   228/636 KB   64/586 KB   
19/624 KB   232/636 KB   64/586 KB   
19/624 KB   236/636 KB   64/586 KB   
19/624 KB   236/636 KB   68/586 KB   
19/624 KB   240/636 KB   68/586 KB   
21/624 KB   240/636 KB   68/586 KB   
21/624 KB   240/636 KB   72/586 KB   
21/624 KB   240/636 KB   76/586 KB   
21/624 KB   240/636 KB   80/586 KB   
24/624 KB   240/636 KB   80/586 KB   
27/624 KB   240/636 KB   80/586 KB   
29/624 KB   240/636 KB   80/586 KB   
29/624 KB   244/636 KB   80/586 KB   
32/624 KB   244/636 KB   80/586 KB   
32/624 KB   248/636 KB   80/586 KB   
32/624 KB   252/636 KB   80/586 KB   
32/624 KB   256/636 KB   80/586 KB   
32/624 KB   256/636 KB   84/586 KB   
32/624 KB   256/636 KB   88/586 KB   
32/624 KB   256/636 KB   92/586 KB   
32/624 KB   256/636 KB   96/586 KB   
32/624 KB   260/636 KB   96/586 KB   
32/624 KB   264/636 KB   96/586 KB   
32/624 KB   268/636 KB   96/586 KB   
32/624 KB   272/636 KB   96/586 KB   
32/624 KB   272/636 KB   100/586 KB   
32/624 KB   272/636 KB   104/586 KB   
32/624 KB   272/636 KB   108/586 KB   
32/624 KB   272/636 KB   112/586 KB   
36/624 KB   272/636 KB   112/586 KB   
40/624 KB   272/636 KB   112/586 KB   
44/624 KB   272/636 KB   112/586 KB   
48/624 KB   272/636 KB   112/586 KB   
48/624 KB   276/636 KB   112/586 KB   
48/624 KB   280/636 KB   112/586 KB   
48/624 KB   284/636 KB   112/586 KB   
48/624 KB   288/636 KB   112/586 KB   
52/624 KB   288/636 KB   112/586 KB   
56/624 KB   288/636 KB   112/586 KB   
60/624 KB   288/636 KB   112/586 KB   
64/624 KB   288/636 KB   112/586 KB   
64/624 KB   292/636 KB   112/586 KB   
64/624 KB   296/636 KB   112/586 KB   
64/624 KB   300/636 KB   112/586 KB   
64/624 KB   304/636 KB   112/586 KB   
64/624 KB   304/636 KB   116/586 KB   
64/624 KB   304/636 KB   120/586 KB   
64/624 KB   304/636 KB   124/586 KB   
64/624 KB   304/636 KB   128/586 KB   
68/624 KB   304/636 KB   128/586 KB   
72/624 KB   304/636 KB   128/586 KB   
76/624 KB   304/636 KB   128/586 KB   
80/624 KB   304/636 KB   128/586 KB   
80/624 KB   308/636 KB   128/586 KB   
80/624 KB   312/636 KB   128/586 KB   
80/624 KB   316/636 KB   128/586 KB   
80/624 KB   320/636 KB   128/586 KB   
80/624 KB   320/636 KB   132/586 KB   
80/624 KB   320/636 KB   136/586 KB   
80/624 KB   320/636 KB   140/586 KB   
80/624 KB   320/636 KB   144/586 KB   
80/624 KB   324/636 KB   144/586 KB   
84/624 KB   324/636 KB   144/586 KB   
84/624 KB   328/636 KB   144/586 KB   
88/624 KB   328/636 KB   144/586 KB   
88/624 KB   332/636 KB   144/586 KB   
92/624 KB   332/636 KB   144/586 KB   
92/624 KB   336/636 KB   144/586 KB   
96/624 KB   336/636 KB   144/586 KB   
96/624 KB   336/636 KB   148/586 KB   
96/624 KB   336/636 KB   152/586 KB   
96/624 KB   336/636 KB   156/586 KB   
96/624 KB   336/636 KB   160/586 KB   
96/624 KB   340/636 KB   160/586 KB   
96/624 KB   344/636 KB   160/586 KB   
96/624 KB   348/636 KB   160/586 KB   
100/624 KB   352/636 KB   160/586 KB   
100/624 KB   352/636 KB   160/586 KB   
104/624 KB   352/636 KB   160/586 KB   
108/624 KB   352/636 KB   160/586 KB   
112/624 KB   352/636 KB   160/586 KB   
112/624 KB   352/636 KB   164/586 KB   
112/624 KB   356/636 KB   164/586 KB   
112/624 KB   356/636 KB   168/586 KB   
112/624 KB   356/636 KB   172/586 KB   
112/624 KB   360/636 KB   172/586 KB   
112/624 KB   360/636 KB   176/586 KB   
112/624 KB   364/636 KB   176/586 KB   
112/624 KB   368/636 KB   176/586 KB   
116/624 KB   368/636 KB   176/586 KB   
116/624 KB   372/636 KB   176/586 KB   
116/624 KB   376/636 KB   176/586 KB   
116/624 KB   380/636 KB   176/586 KB   
116/624 KB   380/636 KB   180/586 KB   
116/624 KB   384/636 KB   180/586 KB   
116/624 KB   384/636 KB   184/586 KB   
116/624 KB   384/636 KB   188/586 KB   
116/624 KB   384/636 KB   192/586 KB   
120/624 KB   384/636 KB   192/586 KB   
124/624 KB   384/636 KB   192/586 KB   
128/624 KB   384/636 KB   192/586 KB   
128/624 KB   388/636 KB   192/586 KB   
128/624 KB   392/636 KB   192/586 KB   
128/624 KB   396/636 KB   192/586 KB   
128/624 KB   400/636 KB   192/586 KB   
128/624 KB   400/636 KB   196/586 KB   
128/624 KB   400/636 KB   200/586 KB   
128/624 KB   400/636 KB   204/586 KB   
128/624 KB   400/636 KB   208/586 KB   
132/624 KB   400/636 KB   208/586 KB   
136/624 KB   400/636 KB   208/586 KB   
140/624 KB   400/636 KB   208/586 KB   
144/624 KB   400/636 KB   208/586 KB   
144/624 KB   404/636 KB   208/586 KB   
144/624 KB   408/636 KB   208/586 KB   
144/624 KB   412/636 KB   208/586 KB   
144/624 KB   416/636 KB   208/586 KB   
148/624 KB   416/636 KB   208/586 KB   
152/624 KB   416/636 KB   208/586 KB   
156/624 KB   416/636 KB   208/586 KB   
160/624 KB   416/636 KB   208/586 KB   
160/624 KB   416/636 KB   212/586 KB   
160/624 KB   416/636 KB   216/586 KB   
160/624 KB   416/636 KB   220/586 KB   
160/624 KB   416/636 KB   224/586 KB   
160/624 KB   420/636 KB   224/586 KB   
160/624 KB   424/636 KB   224/586 KB   
160/624 KB   428/636 KB   224/586 KB   
160/624 KB   432/636 KB   224/586 KB   
160/624 KB   436/636 KB   224/586 KB   
160/624 KB   440/636 KB   224/586 KB   
160/624 KB   440/636 KB   228/586 KB   
160/624 KB   444/636 KB   228/586 KB   
160/624 KB   444/636 KB   232/586 KB   
160/624 KB   444/636 KB   236/586 KB   
160/624 KB   448/636 KB   236/586 KB   
160/624 KB   448/636 KB   240/586 KB   
164/624 KB   448/636 KB   240/586 KB   
168/624 KB   448/636 KB   240/586 KB   
172/624 KB   448/636 KB   240/586 KB   
176/624 KB   448/636 KB   240/586 KB   
176/624 KB   452/636 KB   240/586 KB   
176/624 KB   456/636 KB   240/586 KB   
176/624 KB   460/636 KB   240/586 KB   
176/624 KB   464/636 KB   240/586 KB   
176/624 KB   464/636 KB   244/586 KB   
176/624 KB   464/636 KB   248/586 KB   
176/624 KB   464/636 KB   252/586 KB   
176/624 KB   464/636 KB   256/586 KB   
180/624 KB   464/636 KB   256/586 KB   
184/624 KB   464/636 KB   256/586 KB   
188/624 KB   464/636 KB   256/586 KB   
192/624 KB   464/636 KB   256/586 KB   
192/624 KB   468/636 KB   256/586 KB   
192/624 KB   468/636 KB   260/586 KB   
192/624 KB   468/636 KB   264/586 KB   
192/624 KB   472/636 KB   264/586 KB   
192/624 KB   472/636 KB   268/586 KB   
192/624 KB   476/636 KB   272/586 KB   
192/624 KB   476/636 KB   272/586 KB   
192/624 KB   480/636 KB   272/586 KB   
192/624 KB   484/636 KB   272/586 KB   
192/624 KB   488/636 KB   272/586 KB   
196/624 KB   488/636 KB   272/586 KB   
196/624 KB   492/636 KB   272/586 KB   
200/624 KB   492/636 KB   272/586 KB   
200/624 KB   496/636 KB   272/586 KB   
204/624 KB   496/636 KB   272/586 KB   
208/624 KB   496/636 KB   272/586 KB   
208/624 KB   496/636 KB   276/586 KB   
208/624 KB   496/636 KB   280/586 KB   
208/624 KB   496/636 KB   284/586 KB   
208/624 KB   496/636 KB   288/586 KB   
208/624 KB   500/636 KB   288/586 KB   
208/624 KB   504/636 KB   288/586 KB   
208/624 KB   508/636 KB   288/586 KB   
208/624 KB   512/636 KB   288/586 KB   
208/624 KB   516/636 KB   288/586 KB   
212/624 KB   516/636 KB   288/586 KB   
212/624 KB   520/636 KB   288/586 KB   
216/624 KB   520/636 KB   288/586 KB   
216/624 KB   524/636 KB   288/586 KB   
220/624 KB   524/636 KB   288/586 KB   
220/624 KB   528/636 KB   288/586 KB   
224/624 KB   528/636 KB   288/586 KB   
224/624 KB   528/636 KB   292/586 KB   
224/624 KB   532/636 KB   292/586 KB   
224/624 KB   532/636 KB   296/586 KB   
224/624 KB   536/636 KB   296/586 KB   
224/624 KB   536/636 KB   300/586 KB   
224/624 KB   540/636 KB   300/586 KB   
224/624 KB   540/636 KB   304/586 KB   
224/624 KB   544/636 KB   304/586 KB   
228/624 KB   544/636 KB   304/586 KB   
232/624 KB   544/636 KB   304/586 KB   
236/624 KB   544/636 KB   304/586 KB   
240/624 KB   544/636 KB   304/586 KB   
240/624 KB   548/636 KB   304/586 KB   
240/624 KB   552/636 KB   304/586 KB   
240/624 KB   556/636 KB   304/586 KB   
240/624 KB   560/636 KB   304/586 KB   
240/624 KB   560/636 KB   308/586 KB   
240/624 KB   560/636 KB   312/586 KB   
240/624 KB   560/636 KB   316/586 KB   
240/624 KB   560/636 KB   320/586 KB   
240/624 KB   564/636 KB   320/586 KB   
240/624 KB   568/636 KB   320/586 KB   
240/624 KB   572/636 KB   320/586 KB   
240/624 KB   576/636 KB   320/586 KB   
244/624 KB   576/636 KB   320/586 KB   
248/624 KB   576/636 KB   320/586 KB   
252/624 KB   576/636 KB   320/586 KB   
256/624 KB   576/636 KB   320/586 KB   
256/624 KB   576/636 KB   324/586 KB   
256/624 KB   576/636 KB   328/586 KB   
256/624 KB   576/636 KB   332/586 KB   
256/624 KB   576/636 KB   336/586 KB   
256/624 KB   580/636 KB   336/586 KB   
256/624 KB   584/636 KB   336/586 KB   
256/624 KB   588/636 KB   336/586 KB   
256/624 KB   592/636 KB   336/586 KB   
256/624 KB   596/636 KB   336/586 KB   
256/624 KB   600/636 KB   336/586 KB   
256/624 KB   604/636 KB   336/586 KB   
256/624 KB   608/636 KB   336/586 KB   
260/624 KB   608/636 KB   336/586 KB   
264/624 KB   608/636 KB   336/586 KB   
268/624 KB   608/636 KB   336/586 KB   
272/624 KB   608/636 KB   336/586 KB   
272/624 KB   608/636 KB   340/586 KB   
272/624 KB   608/636 KB   344/586 KB   
272/624 KB   608/636 KB   348/586 KB   
276/624 KB   608/636 KB   348/586 KB   
276/624 KB   608/636 KB   352/586 KB   
280/624 KB   608/636 KB   352/586 KB   
284/624 KB   608/636 KB   352/586 KB   
284/624 KB   612/636 KB   352/586 KB   
288/624 KB   612/636 KB   352/586 KB   
288/624 KB   616/636 KB   352/586 KB   
288/624 KB   620/636 KB   352/586 KB   
288/624 KB   624/636 KB   352/586 KB   
288/624 KB   624/636 KB   356/586 KB   
288/624 KB   624/636 KB   360/586 KB   
288/624 KB   624/636 KB   364/586 KB   
288/624 KB   624/636 KB   368/586 KB   
292/624 KB   624/636 KB   368/586 KB   
296/624 KB   624/636 KB   368/586 KB   
300/624 KB   628/636 KB   368/586 KB   
296/624 KB   628/636 KB   368/586 KB   
304/624 KB   628/636 KB   368/586 KB   
304/624 KB   632/636 KB   368/586 KB   
304/624 KB   636/636 KB   368/586 KB   
304/624 KB   636/636 KB   368/586 KB   
304/624 KB   636/636 KB   372/586 KB   
304/624 KB   636/636 KB   376/586 KB   
304/624 KB   636/636 KB   380/586 KB   
304/624 KB   636/636 KB   384/586 KB   
308/624 KB   636/636 KB   384/586 KB   
312/624 KB   636/636 KB   384/586 KB   
316/624 KB   636/636 KB   384/586 KB   
320/624 KB   636/636 KB   384/586 KB   
320/624 KB   636/636 KB   388/586 KB   
320/624 KB   636/636 KB   392/586 KB   
320/624 KB   636/636 KB   396/586 KB   
320/624 KB   636/636 KB   400/586 KB   
324/624 KB   636/636 KB   400/586 KB   
328/624 KB   636/636 KB   400/586 KB   
332/624 KB   636/636 KB   400/586 KB   
336/624 KB   636/636 KB   400/586 KB   
336/624 KB   636/636 KB   404/586 KB   
336/624 KB   636/636 KB   408/586 KB   
336/624 KB   636/636 KB   412/586 KB   
340/624 KB   636/636 KB   412/586 KB   
344/624 KB   636/636 KB   412/586 KB   
344/624 KB   636/636 KB   416/586 KB   
348/624 KB   636/636 KB   416/586 KB   
352/624 KB   636/636 KB   416/586 KB   
352/624 KB   636/636 KB   420/586 KB   
352/624 KB   636/636 KB   424/586 KB   
352/624 KB   636/636 KB   428/586 KB   
352/624 KB   636/636 KB   432/586 KB   
352/624 KB   636/636 KB   436/586 KB   
352/624 KB   636/636 KB   440/586 KB   
352/624 KB   636/636 KB   444/586 KB   
352/624 KB   636/636 KB   448/586 KB   
356/624 KB   636/636 KB   448/586 KB   
360/624 KB   636/636 KB   448/586 KB   
364/624 KB   636/636 KB   448/586 KB   
368/624 KB   636/636 KB   448/586 KB   
372/624 KB   636/636 KB   448/586 KB   
376/624 KB   636/636 KB   448/586 KB   
380/624 KB   636/636 KB   448/586 KB   
384/624 KB   636/636 KB   448/586 KB   
384/624 KB   636/636 KB   452/586 KB   
388/624 KB   636/636 KB   452/586 KB   
388/624 KB   636/636 KB   456/586 KB   
392/624 KB   636/636 KB   456/586 KB   
396/624 KB   636/636 KB   460/586 KB   
392/624 KB   636/636 KB   460/586 KB   
400/624 KB   636/636 KB   460/586 KB   
400/624 KB   636/636 KB   464/586 KB   
404/624 KB   636/636 KB   464/586 KB   
408/624 KB   636/636 KB   464/586 KB   
412/624 KB   636/636 KB   464/586 KB   
416/624 KB   636/636 KB   464/586 KB   
416/624 KB   636/636 KB   468/586 KB   
416/624 KB   636/636 KB   472/586 KB   
416/624 KB   636/636 KB   476/586 KB   
416/624 KB   636/636 KB   480/586 KB   
416/624 KB   636/636 KB   484/586 KB   
416/624 KB   636/636 KB   488/586 KB   
416/624 KB   636/636 KB   492/586 KB   
416/624 KB   636/636 KB   496/586 KB   
420/624 KB   636/636 KB   496/586 KB   
424/624 KB   636/636 KB   496/586 KB   
428/624 KB   636/636 KB   496/586 KB   
432/624 KB   636/636 KB   496/586 KB   
432/624 KB   636/636 KB   500/586 KB   
432/624 KB   636/636 KB   504/586 KB   
432/624 KB   636/636 KB   508/586 KB   
                                       
432/624 KB   512/586 KB                
Downloaded: https://repo.maven.apache.org/maven2/org/pitest/pitest-html-report/1.4.0/pitest-html-report-1.4.0.jar (636 KB at 5298.1 KB/sec)
436/624 KB   512/586 KB   
440/624 KB   512/586 KB   
444/624 KB   512/586 KB   
448/624 KB   512/586 KB   
448/624 KB   516/586 KB   
448/624 KB   520/586 KB   
448/624 KB   524/586 KB   
452/624 KB   524/586 KB   
452/624 KB   528/586 KB   
456/624 KB   528/586 KB   
460/624 KB   528/586 KB   
464/624 KB   528/586 KB   
468/624 KB   528/586 KB   
472/624 KB   528/586 KB   
476/624 KB   528/586 KB   
480/624 KB   528/586 KB   
480/624 KB   532/586 KB   
480/624 KB   536/586 KB   
480/624 KB   540/586 KB   
480/624 KB   544/586 KB   
480/624 KB   548/586 KB   
484/624 KB   548/586 KB   
484/624 KB   552/586 KB   
488/624 KB   552/586 KB   
488/624 KB   556/586 KB   
492/624 KB   556/586 KB   
496/624 KB   556/586 KB   
496/624 KB   560/586 KB   
496/624 KB   564/586 KB   
500/624 KB   564/586 KB   
500/624 KB   568/586 KB   
504/624 KB   568/586 KB   
508/624 KB   568/586 KB   
508/624 KB   572/586 KB   
512/624 KB   572/586 KB   
512/624 KB   576/586 KB   
512/624 KB   580/586 KB   
512/624 KB   584/586 KB   
512/624 KB   586/586 KB   
516/624 KB   586/586 KB   
520/624 KB   586/586 KB   
524/624 KB   586/586 KB   
528/624 KB   586/586 KB   
532/624 KB   586/586 KB   
536/624 KB   586/586 KB   
540/624 KB   586/586 KB   
544/624 KB   586/586 KB   
548/624 KB   586/586 KB   
552/624 KB   586/586 KB   
556/624 KB   586/586 KB   
560/624 KB   586/586 KB   
564/624 KB   586/586 KB   
568/624 KB   586/586 KB   
572/624 KB   586/586 KB   
576/624 KB   586/586 KB   
580/624 KB   586/586 KB   
584/624 KB   586/586 KB   
588/624 KB   586/586 KB   
592/624 KB   586/586 KB   
596/624 KB   586/586 KB   
600/624 KB   586/586 KB   
604/624 KB   586/586 KB   
608/624 KB   586/586 KB   
612/624 KB   586/586 KB   
616/624 KB   586/586 KB   
620/624 KB   586/586 KB   
624/624 KB   586/586 KB   
624/624 KB   586/586 KB   
                          
Downloaded: https://repo.maven.apache.org/maven2/org/pitest/pitest-entry/1.4.0/pitest-entry-1.4.0.jar (586 KB at 4213.7 KB/sec)
                          
Downloaded: https://repo.maven.apache.org/maven2/org/pitest/pitest/1.4.0/pitest-1.4.0.jar (624 KB at 4244.5 KB/sec)
[INFO] Found plugin : Default csv report plugin
[INFO] Found plugin : Default xml report plugin
[INFO] Found plugin : Default html report plugin
[INFO] Found plugin : Static initializer code detector plugin
[INFO] Found plugin : Static initializer filter plugin
[INFO] Found plugin : Excluded annotations plugin
[INFO] Found plugin : Inlined finally block filter plugin
[INFO] Found plugin : Try with resources filter
[INFO] Found plugin : Implicit null check filter
[INFO] Found plugin : For each loop filter
[INFO] Found plugin : Logging calls filter
[INFO] Found plugin : Infinite for loop filter
[INFO] Found plugin : Long running iterator loop filter
[INFO] Found plugin : For loop counter filter
[INFO] Found plugin : Kotlin junk mutations filter
[INFO] Found plugin : Max mutations per class limit
[INFO] Found plugin : Equals shortcut equivalent mutant filter
[INFO] Found plugin : Trivial return vals equivalence filter
[INFO] Found plugin : Mutant export plugin
[INFO] Found shared classpath plugin : Default mutation engine
[INFO] Found shared classpath plugin : JUnit plugin
[INFO] Found shared classpath plugin : TestNG plugin
[INFO] Adding org.pitest:pitest to SUT classpath
[INFO] Mutating from /root/workspace/STAMP-project/dspot/384780427/dspot/src/test/resources/test-projects/target/classes
[INFO] Will read and write history at /tmp/example.example.0.0.1-SNAPSHOT_pitest_history.bin
&amp;#8;/&amp;#8;-&amp;#8;\&amp;#8;|&amp;#8;/&amp;#8;-&amp;#8;\&amp;#8;|&amp;#8;/&amp;#8;-&amp;#8;\&amp;#8;|[INFO] ------------------------------------------------------------------------
[INFO] BUILD FAILURE
[INFO] ------------------------------------------------------------------------
[INFO] Total time: 4.259 s
[INFO] Finished at: 2018-05-28T17:32:03+02:00
[INFO] Final Memory: 20M/780M
[INFO] ------------------------------------------------------------------------
[ERROR] Failed to execute goal org.pitest:pitest-maven:1.4.0:mutationCoverage (default-cli) on project example: Execution default-cli of goal org.pitest:pitest-maven:1.4.0:mutationCoverage failed: Illegal base64 character 3c -&gt; [Help 1]
[ERROR] 
[ERROR] To see the full stack trace of the errors, re-run Maven with the -e switch.
[ERROR] Re-run Maven using the -X switch to enable full debug logging.
[ERROR] 
[ERROR] For more information about the errors and possible solutions, please read the following articles:
[ERROR] [Help 1] http://cwiki.apache.org/confluence/display/MAVEN/PluginExecutionException
</system-out>
    <system-err>5:32:02 PM PIT &gt;&gt; INFO : Verbose logging is disabled. If you encounter an problem please enable it before reporting an issue.
5:32:02 PM PIT &gt;&gt; INFO : Sending 2 test classes to minion
5:32:02 PM PIT &gt;&gt; INFO : Sent tests to minion
5:32:02 PM PIT &gt;&gt; INFO : MINION : 5:32:02 PM PIT &gt;&gt; INFO : Checking environment

5:32:02 PM PIT &gt;&gt; INFO : MINION : 5:32:02 PM PIT &gt;&gt; INFO : Found  12 tests

5:32:02 PM PIT &gt;&gt; INFO : MINION : 5:32:02 PM PIT &gt;&gt; INFO : Dependency analysis reduced number of potential tests by 0

5:32:02 PM PIT &gt;&gt; INFO : MINION : 5:32:02 PM PIT &gt;&gt; INFO : 12 tests received

5:32:03 PM PIT &gt;&gt; INFO : Calculated coverage in 0 seconds.
</system-err>
  </testcase>
  <testcase classname="eu.stamp_project.automaticbuilder.MavenAutomaticBuilderTest" name="testOnAbstractClass" time="6.219">
    <skipped/>
  </testcase>
  <testcase classname="eu.stamp_project.automaticbuilder.MavenAutomaticBuilderTest" name="testSpecificClass" time="3.466">
    <error message="java.lang.RuntimeException: Maven build failed! Enable verbose mode for more information (--verbose)" type="java.lang.RuntimeException">java.lang.RuntimeException: java.lang.RuntimeException: Maven build failed! Enable verbose mode for more information (--verbose)
	at eu.stamp_project.automaticbuilder.MavenAutomaticBuilder.runPit(MavenAutomaticBuilder.java:142)
	at eu.stamp_project.automaticbuilder.MavenAutomaticBuilderTest.testSpecificClass(MavenAutomaticBuilderTest.java:99)
	at sun.reflect.NativeMethodAccessorImpl.invoke0(Native Method)
	at sun.reflect.NativeMethodAccessorImpl.invoke(NativeMethodAccessorImpl.java:62)
	at sun.reflect.DelegatingMethodAccessorImpl.invoke(DelegatingMethodAccessorImpl.java:43)
	at java.lang.reflect.Method.invoke(Method.java:498)
	at org.junit.runners.model.FrameworkMethod$1.runReflectiveCall(FrameworkMethod.java:50)
	at org.junit.internal.runners.model.ReflectiveCallable.run(ReflectiveCallable.java:12)
	at org.junit.runners.model.FrameworkMethod.invokeExplosively(FrameworkMethod.java:47)
	at org.junit.internal.runners.statements.InvokeMethod.evaluate(InvokeMethod.java:17)
	at org.junit.internal.runners.statements.RunBefores.evaluate(RunBefores.java:26)
	at org.junit.internal.runners.statements.RunAfters.evaluate(RunAfters.java:27)
	at org.junit.runners.ParentRunner.runLeaf(ParentRunner.java:325)
	at org.junit.runners.BlockJUnit4ClassRunner.runChild(BlockJUnit4ClassRunner.java:78)
	at org.junit.runners.BlockJUnit4ClassRunner.runChild(BlockJUnit4ClassRunner.java:57)
	at org.junit.runners.ParentRunner$3.run(ParentRunner.java:290)
	at org.junit.runners.ParentRunner$1.schedule(ParentRunner.java:71)
	at org.junit.runners.ParentRunner.runChildren(ParentRunner.java:288)
	at org.junit.runners.ParentRunner.access$000(ParentRunner.java:58)
	at org.junit.runners.ParentRunner$2.evaluate(ParentRunner.java:268)
	at org.junit.runners.ParentRunner.run(ParentRunner.java:363)
	at org.apache.maven.surefire.junit4.JUnit4Provider.execute(JUnit4Provider.java:252)
	at org.apache.maven.surefire.junit4.JUnit4Provider.executeTestSet(JUnit4Provider.java:141)
	at org.apache.maven.surefire.junit4.JUnit4Provider.invoke(JUnit4Provider.java:112)
	at sun.reflect.NativeMethodAccessorImpl.invoke0(Native Method)
	at sun.reflect.NativeMethodAccessorImpl.invoke(NativeMethodAccessorImpl.java:62)
	at sun.reflect.DelegatingMethodAccessorImpl.invoke(DelegatingMethodAccessorImpl.java:43)
	at java.lang.reflect.Method.invoke(Method.java:498)
	at org.apache.maven.surefire.util.ReflectionUtils.invokeMethodWithArray(ReflectionUtils.java:189)
	at org.apache.maven.surefire.booter.ProviderFactory$ProviderProxy.invoke(ProviderFactory.java:165)
	at org.apache.maven.surefire.booter.ProviderFactory.invokeProvider(ProviderFactory.java:85)
	at org.apache.maven.surefire.booter.ForkedBooter.runSuitesInProcess(ForkedBooter.java:115)
	at org.apache.maven.surefire.booter.ForkedBooter.main(ForkedBooter.java:75)
Caused by: java.lang.RuntimeException: Maven build failed! Enable verbose mode for more information (--verbose)
	at eu.stamp_project.automaticbuilder.MavenAutomaticBuilder.runPit(MavenAutomaticBuilder.java:139)
	... 32 more
</error>
    <system-out>[266440] INFO MavenAutomaticBuilder - run maven org.pitest:pitest-maven:1.4.0:mutationCoverage -DwithHistory -DtargetClasses=example.* -DreportsDirectory=target/pit-reports -DoutputFormats=CSV,HTML -DtimeoutConst=10000 -DjvmArgs=16G -DtargetTests=example.TestSuiteExample2 -DadditionalClasspathElements=target/dspot/dependencies/ -DmutationEngines=gregor -Dmutators=ALL 
[WARN] Maven will be executed in interactive mode, but no input stream has been configured for this MavenInvoker instance.
[INFO] Scanning for projects...
[INFO]                                                                         
[INFO] ------------------------------------------------------------------------
[INFO] Building test-projects 0.0.1-SNAPSHOT
[INFO] ------------------------------------------------------------------------
[INFO] 
[INFO] --- pitest-maven:1.4.0:mutationCoverage (default-cli) @ example ---
[INFO] Found plugin : Default csv report plugin
[INFO] Found plugin : Default xml report plugin
[INFO] Found plugin : Default html report plugin
[INFO] Found plugin : Static initializer code detector plugin
[INFO] Found plugin : Static initializer filter plugin
[INFO] Found plugin : Excluded annotations plugin
[INFO] Found plugin : Inlined finally block filter plugin
[INFO] Found plugin : Try with resources filter
[INFO] Found plugin : Implicit null check filter
[INFO] Found plugin : For each loop filter
[INFO] Found plugin : Logging calls filter
[INFO] Found plugin : Infinite for loop filter
[INFO] Found plugin : Long running iterator loop filter
[INFO] Found plugin : For loop counter filter
[INFO] Found plugin : Kotlin junk mutations filter
[INFO] Found plugin : Max mutations per class limit
[INFO] Found plugin : Equals shortcut equivalent mutant filter
[INFO] Found plugin : Trivial return vals equivalence filter
[INFO] Found plugin : Mutant export plugin
[INFO] Found shared classpath plugin : Default mutation engine
[INFO] Found shared classpath plugin : JUnit plugin
[INFO] Found shared classpath plugin : TestNG plugin
[INFO] Adding org.pitest:pitest to SUT classpath
[INFO] Mutating from /root/workspace/STAMP-project/dspot/384780427/dspot/src/test/resources/test-projects/target/classes
[INFO] Will read and write history at /tmp/example.example.0.0.1-SNAPSHOT_pitest_history.bin
&amp;#8;/&amp;#8;-&amp;#8;\&amp;#8;|&amp;#8;/&amp;#8;-[INFO] ------------------------------------------------------------------------
[INFO] BUILD FAILURE
[INFO] ------------------------------------------------------------------------
[INFO] Total time: 1.964 s
[INFO] Finished at: 2018-05-28T17:32:06+02:00
[INFO] Final Memory: 24M/962M
[INFO] ------------------------------------------------------------------------
[ERROR] Failed to execute goal org.pitest:pitest-maven:1.4.0:mutationCoverage (default-cli) on project example: Execution default-cli of goal org.pitest:pitest-maven:1.4.0:mutationCoverage failed: Illegal base64 character 3c -&gt; [Help 1]
[ERROR] 
[ERROR] To see the full stack trace of the errors, re-run Maven with the -e switch.
[ERROR] Re-run Maven using the -X switch to enable full debug logging.
[ERROR] 
[ERROR] For more information about the errors and possible solutions, please read the following articles:
[ERROR] [Help 1] http://cwiki.apache.org/confluence/display/MAVEN/PluginExecutionException
</system-out>
    <system-err>5:32:06 PM PIT &gt;&gt; INFO : Verbose logging is disabled. If you encounter an problem please enable it before reporting an issue.
5:32:06 PM PIT &gt;&gt; INFO : Sending 1 test classes to minion
5:32:06 PM PIT &gt;&gt; INFO : Sent tests to minion
5:32:06 PM PIT &gt;&gt; INFO : MINION : 5:32:06 PM PIT &gt;&gt; INFO : Checking environment

5:32:06 PM PIT &gt;&gt; INFO : MINION : 5:32:06 PM PIT &gt;&gt; INFO : Found  6 tests

5:32:06 PM PIT &gt;&gt; INFO : MINION : 5:32:06 PM PIT &gt;&gt; INFO : Dependency analysis reduced number of potential tests by 0

5:32:06 PM PIT &gt;&gt; INFO : MINION : 5:32:06 PM PIT &gt;&gt; INFO : 6 tests received

5:32:06 PM PIT &gt;&gt; INFO : Calculated coverage in 0 seconds.
</system-err>
  </testcase>
  <testcase classname="eu.stamp_project.automaticbuilder.MavenAutomaticBuilderTest" name="testFailingPit" time="11.189"/>
  <testcase classname="eu.stamp_project.automaticbuilder.MavenAutomaticBuilderTest" name="testGetDependenciesOf" time="3.821"/>
  <testcase classname="eu.stamp_project.automaticbuilder.MavenAutomaticBuilderTest" name="testUsingStarFilter" time="2.593"/>
  <testcase classname="eu.stamp_project.automaticbuilder.MavenAutomaticBuilderTest" name="testOnProjectWithResources" time="11.563"/>
  <testcase classname="eu.stamp_project.automaticbuilder.MavenAutomaticBuilderTest" name="testRunPit" time="11.565">
    <skipped/>
  </testcase>
</testsuite>