<html>
<head>
<title>TestNG:  Surefire test</title>
<link href="../testng.css" rel="stylesheet" type="text/css" />
<link href="../my-testng.css" rel="stylesheet" type="text/css" />

<style type="text/css">
.log { display: none;} 
.stack-trace { display: none;} 
</style>
<script type="text/javascript">
<!--
function flip(e) {
  current = e.style.display;
  if (current == 'block') {
    e.style.display = 'none';
    return 0;
  }
  else {
    e.style.display = 'block';
    return 1;
  }
}

function toggleBox(szDivId, elem, msg1, msg2)
{
  var res = -1;  if (document.getElementById) {
    res = flip(document.getElementById(szDivId));
  }
  else if (document.all) {
    // this is the way old msie versions work
    res = flip(document.all[szDivId]);
  }
  if(elem) {
    if(res == 0) elem.innerHTML = msg1; else elem.innerHTML = msg2;
  }

}

function toggleAllBoxes() {
  if (document.getElementsByTagName) {
    d = document.getElementsByTagName('div');
    for (i = 0; i < d.length; i++) {
      if (d[i].className == 'log') {
        flip(d[i]);
      }
    }
  }
}

// -->
</script>

</head>
<body>
<h2 align='center'>Surefire test</h2><table border='1' align="center">
<tr>
<td>Tests passed/Failed/Skipped:</td><td>169/0/0</td>
</tr><tr>
<td>Started on:</td><td>Fri May 25 11:37:01 CEST 2018</td>
</tr>
<tr><td>Total time:</td><td>3 seconds (3799 ms)</td>
</tr><tr>
<td>Included groups:</td><td></td>
</tr><tr>
<td>Excluded groups:</td><td></td>
</tr>
</table><p/>
<small><i>(Hover the method name to see the test class name)</i></small><p/>
<table width='100%' border='1' class='invocation-passed'>
<tr><td colspan='4' align='center'><b>PASSED TESTS</b></td></tr>
<tr><td><b>Test method</b></td>
<td width="30%"><b>Exception</b></td>
<td width="10%"><b>Time (seconds)</b></td>
<td><b>Instance</b></td>
</tr>
<tr>
<td title='org.molgenis.data.security.user.UserServiceImplTest.MolgenisUserServiceImpl()'><b>MolgenisUserServiceImpl</b><br>Test class: org.molgenis.data.security.user.UserServiceImplTest</td>
<td><div><pre>java.lang.IllegalArgumentException: DataService is null
	at org.molgenis.data.security.user.UserServiceImpl.&lt;init&gt;(UserServiceImpl.java:27)
	at org.molgenis.data.security.user.UserServiceImplTest.MolgenisUserServiceImpl(UserServiceImplTest.java:55)
	at org.springframework.test.context.testng.AbstractTestNGSpringContextTests.run(AbstractTestNGSpringContextTests.java:175)
	at org.apache.maven.surefire.testng.TestNGExecutor.run(TestNGExecutor.java:132)
	at org.apache.maven.surefire.testng.TestNGDirectoryTestSuite.executeMulti(TestNGDirectoryTestSuite.java:193)
	at org.apache.maven.surefire.testng.TestNGDirectoryTestSuite.execute(TestNGDirectoryTestSuite.java:94)
	at org.apache.maven.surefire.testng.TestNGProvider.invoke(TestNGProvider.java:147)
	at org.apache.maven.surefire.booter.ForkedBooter.invokeProviderInSameClassLoader(ForkedBooter.java:290)
	at org.apache.maven.surefire.booter.ForkedBooter.runSuitesInProcess(ForkedBooter.java:242)
	at org.apache.maven.surefire.booter.ForkedBooter.main(ForkedBooter.java:121)
... Removed 26 stack frames</pre></div><a href='#' onClick='toggleBox("stack-trace88764150", this, "Click to show all stack frames", "Click to hide stack frames")'>Click to show all stack frames</a>
<div class='stack-trace' id='stack-trace88764150'><pre>java.lang.IllegalArgumentException: DataService is null
	at org.molgenis.data.security.user.UserServiceImpl.&lt;init&gt;(UserServiceImpl.java:27)
	at org.molgenis.data.security.user.UserServiceImplTest.MolgenisUserServiceImpl(UserServiceImplTest.java:55)
	at sun.reflect.NativeMethodAccessorImpl.invoke0(Native Method)
	at sun.reflect.NativeMethodAccessorImpl.invoke(NativeMethodAccessorImpl.java:62)
	at sun.reflect.DelegatingMethodAccessorImpl.invoke(DelegatingMethodAccessorImpl.java:43)
	at java.lang.reflect.Method.invoke(Method.java:498)
	at org.testng.internal.MethodInvocationHelper.invokeMethod(MethodInvocationHelper.java:80)
	at org.testng.internal.MethodInvocationHelper$1.runTestMethod(MethodInvocationHelper.java:182)
	at org.springframework.test.context.testng.AbstractTestNGSpringContextTests.run(AbstractTestNGSpringContextTests.java:175)
	at sun.reflect.GeneratedMethodAccessor28.invoke(Unknown Source)
	at sun.reflect.DelegatingMethodAccessorImpl.invoke(DelegatingMethodAccessorImpl.java:43)
	at java.lang.reflect.Method.invoke(Method.java:498)
	at org.testng.internal.MethodInvocationHelper.invokeHookable(MethodInvocationHelper.java:194)
	at org.testng.internal.Invoker.invokeMethod(Invoker.java:707)
	at org.testng.internal.Invoker.invokeTestMethod(Invoker.java:901)
	at org.testng.internal.Invoker.invokeTestMethods(Invoker.java:1231)
	at org.testng.internal.TestMethodWorker.invokeTestMethods(TestMethodWorker.java:127)
	at org.testng.internal.TestMethodWorker.run(TestMethodWorker.java:111)
	at org.testng.TestRunner.privateRun(TestRunner.java:767)
	at org.testng.TestRunner.run(TestRunner.java:617)
	at org.testng.SuiteRunner.runTest(SuiteRunner.java:334)
	at org.testng.SuiteRunner.runSequentially(SuiteRunner.java:329)
	at org.testng.SuiteRunner.privateRun(SuiteRunner.java:291)
	at org.testng.SuiteRunner.run(SuiteRunner.java:240)
	at org.testng.SuiteRunnerWorker.runSuite(SuiteRunnerWorker.java:52)
	at org.testng.SuiteRunnerWorker.run(SuiteRunnerWorker.java:86)
	at org.testng.TestNG.runSuitesSequentially(TestNG.java:1198)
	at org.testng.TestNG.runSuitesLocally(TestNG.java:1123)
	at org.testng.TestNG.run(TestNG.java:1031)
	at org.apache.maven.surefire.testng.TestNGExecutor.run(TestNGExecutor.java:132)
	at org.apache.maven.surefire.testng.TestNGDirectoryTestSuite.executeMulti(TestNGDirectoryTestSuite.java:193)
	at org.apache.maven.surefire.testng.TestNGDirectoryTestSuite.execute(TestNGDirectoryTestSuite.java:94)
	at org.apache.maven.surefire.testng.TestNGProvider.invoke(TestNGProvider.java:147)
	at org.apache.maven.surefire.booter.ForkedBooter.invokeProviderInSameClassLoader(ForkedBooter.java:290)
	at org.apache.maven.surefire.booter.ForkedBooter.runSuitesInProcess(ForkedBooter.java:242)
	at org.apache.maven.surefire.booter.ForkedBooter.main(ForkedBooter.java:121)
</pre></div></td>
<td>0</td>
<td>org.molgenis.data.security.user.UserServiceImplTest@544820b7</td></tr>
<tr>
<td title='org.molgenis.data.security.auth.UserRepositoryDecoratorTest.addEntity()'><b>addEntity</b><br>Test class: org.molgenis.data.security.auth.UserRepositoryDecoratorTest</td>
<td></td>
<td>0</td>
<td>org.molgenis.data.security.auth.UserRepositoryDecoratorTest@77d2e85</td></tr>
<tr>
<td title='org.molgenis.data.security.auth.UserRepositoryDecoratorTest.addEntitySu()'><b>addEntitySu</b><br>Test class: org.molgenis.data.security.auth.UserRepositoryDecoratorTest</td>
<td></td>
<td>0</td>
<td>org.molgenis.data.security.auth.UserRepositoryDecoratorTest@77d2e85</td></tr>
<tr>
<td title='org.molgenis.data.security.RepositorySecurityDecoratorTest.addStream()'><b>addStream</b><br>Test class: org.molgenis.data.security.RepositorySecurityDecoratorTest</td>
<td></td>
<td>0</td>
<td>org.molgenis.data.security.RepositorySecurityDecoratorTest@3569fc08</td></tr>
<tr>
<td title='org.molgenis.data.security.owned.OwnedEntityRepositoryDecoratorTest.addStream()'><b>addStream</b><br>Test class: org.molgenis.data.security.owned.OwnedEntityRepositoryDecoratorTest</td>
<td></td>
<td>0</td>
<td>org.molgenis.data.security.owned.OwnedEntityRepositoryDecoratorTest@2e61d218</td></tr>
<tr>
<td title='org.molgenis.data.security.auth.UserRepositoryDecoratorTest.addStream()'><b>addStream</b><br>Test class: org.molgenis.data.security.auth.UserRepositoryDecoratorTest</td>
<td></td>
<td>0</td>
<td>org.molgenis.data.security.auth.UserRepositoryDecoratorTest@77d2e85</td></tr>
<tr>
<td title='org.molgenis.data.security.owned.OwnedEntityRepositoryDecoratorTest.addStreamExtendsOwned()'><b>addStreamExtendsOwned</b><br>Test class: org.molgenis.data.security.owned.OwnedEntityRepositoryDecoratorTest</td>
<td></td>
<td>0</td>
<td>org.molgenis.data.security.owned.OwnedEntityRepositoryDecoratorTest@2e61d218</td></tr>
<tr>
<td title='org.molgenis.data.security.RepositorySecurityDecoratorTest.addStreamNoPermission()'><b>addStreamNoPermission</b><br>Test class: org.molgenis.data.security.RepositorySecurityDecoratorTest</td>
<td><div><pre>org.molgenis.data.MolgenisDataAccessException: No [WRITE] permission on entity type [entity] with id [entityID]
	at org.molgenis.data.security.util.SecurityDecoratorUtils.validatePermission(SecurityDecoratorUtils.java:20)
	at org.molgenis.data.security.RepositorySecurityDecorator.add(RepositorySecurityDecorator.java:183)
	at org.molgenis.data.security.RepositorySecurityDecoratorTest.addStreamNoPermission(RepositorySecurityDecoratorTest.java:71)
	at org.apache.maven.surefire.testng.TestNGExecutor.run(TestNGExecutor.java:132)
	at org.apache.maven.surefire.testng.TestNGDirectoryTestSuite.executeMulti(TestNGDirectoryTestSuite.java:193)
	at org.apache.maven.surefire.testng.TestNGDirectoryTestSuite.execute(TestNGDirectoryTestSuite.java:94)
	at org.apache.maven.surefire.testng.TestNGProvider.invoke(TestNGProvider.java:147)
	at org.apache.maven.surefire.booter.ForkedBooter.invokeProviderInSameClassLoader(ForkedBooter.java:290)
	at org.apache.maven.surefire.booter.ForkedBooter.runSuitesInProcess(ForkedBooter.java:242)
	at org.apache.maven.surefire.booter.ForkedBooter.main(ForkedBooter.java:121)
... Removed 21 stack frames</pre></div><a href='#' onClick='toggleBox("stack-trace1834755909", this, "Click to show all stack frames", "Click to hide stack frames")'>Click to show all stack frames</a>
<div class='stack-trace' id='stack-trace1834755909'><pre>org.molgenis.data.MolgenisDataAccessException: No [WRITE] permission on entity type [entity] with id [entityID]
	at org.molgenis.data.security.util.SecurityDecoratorUtils.validatePermission(SecurityDecoratorUtils.java:20)
	at org.molgenis.data.security.RepositorySecurityDecorator.add(RepositorySecurityDecorator.java:183)
	at org.molgenis.data.security.RepositorySecurityDecoratorTest.addStreamNoPermission(RepositorySecurityDecoratorTest.java:71)
	at sun.reflect.NativeMethodAccessorImpl.invoke0(Native Method)
	at sun.reflect.NativeMethodAccessorImpl.invoke(NativeMethodAccessorImpl.java:62)
	at sun.reflect.DelegatingMethodAccessorImpl.invoke(DelegatingMethodAccessorImpl.java:43)
	at java.lang.reflect.Method.invoke(Method.java:498)
	at org.testng.internal.MethodInvocationHelper.invokeMethod(MethodInvocationHelper.java:80)
	at org.testng.internal.Invoker.invokeMethod(Invoker.java:714)
	at org.testng.internal.Invoker.invokeTestMethod(Invoker.java:901)
	at org.testng.internal.Invoker.invokeTestMethods(Invoker.java:1231)
	at org.testng.internal.TestMethodWorker.invokeTestMethods(TestMethodWorker.java:127)
	at org.testng.internal.TestMethodWorker.run(TestMethodWorker.java:111)
	at org.testng.TestRunner.privateRun(TestRunner.java:767)
	at org.testng.TestRunner.run(TestRunner.java:617)
	at org.testng.SuiteRunner.runTest(SuiteRunner.java:334)
	at org.testng.SuiteRunner.runSequentially(SuiteRunner.java:329)
	at org.testng.SuiteRunner.privateRun(SuiteRunner.java:291)
	at org.testng.SuiteRunner.run(SuiteRunner.java:240)
	at org.testng.SuiteRunnerWorker.runSuite(SuiteRunnerWorker.java:52)
	at org.testng.SuiteRunnerWorker.run(SuiteRunnerWorker.java:86)
	at org.testng.TestNG.runSuitesSequentially(TestNG.java:1198)
	at org.testng.TestNG.runSuitesLocally(TestNG.java:1123)
	at org.testng.TestNG.run(TestNG.java:1031)
	at org.apache.maven.surefire.testng.TestNGExecutor.run(TestNGExecutor.java:132)
	at org.apache.maven.surefire.testng.TestNGDirectoryTestSuite.executeMulti(TestNGDirectoryTestSuite.java:193)
	at org.apache.maven.surefire.testng.TestNGDirectoryTestSuite.execute(TestNGDirectoryTestSuite.java:94)
	at org.apache.maven.surefire.testng.TestNGProvider.invoke(TestNGProvider.java:147)
	at org.apache.maven.surefire.booter.ForkedBooter.invokeProviderInSameClassLoader(ForkedBooter.java:290)
	at org.apache.maven.surefire.booter.ForkedBooter.runSuitesInProcess(ForkedBooter.java:242)
	at org.apache.maven.surefire.booter.ForkedBooter.main(ForkedBooter.java:121)
</pre></div></td>
<td>0</td>
<td>org.molgenis.data.security.RepositorySecurityDecoratorTest@3569fc08</td></tr>
<tr>
<td title='org.molgenis.data.security.meta.EntityTypeRepositorySecurityDecoratorTest.addWithKnownBackend()'><b>addWithKnownBackend</b><br>Test class: org.molgenis.data.security.meta.EntityTypeRepositorySecurityDecoratorTest</td>
<td></td>
<td>0</td>
<td>org.molgenis.data.security.meta.EntityTypeRepositorySecurityDecoratorTest@555cf22</td></tr>
<tr>
<td title='org.molgenis.data.security.RepositorySecurityDecoratorTest.aggregate()'><b>aggregate</b><br>Test class: org.molgenis.data.security.RepositorySecurityDecoratorTest</td>
<td></td>
<td>0</td>
<td>org.molgenis.data.security.RepositorySecurityDecoratorTest@3569fc08</td></tr>
<tr>
<td title='org.molgenis.data.security.RepositorySecurityDecoratorTest.aggregateNoPermission()'><b>aggregateNoPermission</b><br>Test class: org.molgenis.data.security.RepositorySecurityDecoratorTest</td>
<td><div><pre>org.molgenis.data.MolgenisDataAccessException: No [COUNT] permission on entity type [entity] with id [entityID]
	at org.molgenis.data.security.util.SecurityDecoratorUtils.validatePermission(SecurityDecoratorUtils.java:20)
	at org.molgenis.data.security.RepositorySecurityDecorator.aggregate(RepositorySecurityDecorator.java:191)
	at org.molgenis.data.security.RepositorySecurityDecoratorTest.aggregateNoPermission(RepositorySecurityDecoratorTest.java:369)
	at org.apache.maven.surefire.testng.TestNGExecutor.run(TestNGExecutor.java:132)
	at org.apache.maven.surefire.testng.TestNGDirectoryTestSuite.executeMulti(TestNGDirectoryTestSuite.java:193)
	at org.apache.maven.surefire.testng.TestNGDirectoryTestSuite.execute(TestNGDirectoryTestSuite.java:94)
	at org.apache.maven.surefire.testng.TestNGProvider.invoke(TestNGProvider.java:147)
	at org.apache.maven.surefire.booter.ForkedBooter.invokeProviderInSameClassLoader(ForkedBooter.java:290)
	at org.apache.maven.surefire.booter.ForkedBooter.runSuitesInProcess(ForkedBooter.java:242)
	at org.apache.maven.surefire.booter.ForkedBooter.main(ForkedBooter.java:121)
... Removed 21 stack frames</pre></div><a href='#' onClick='toggleBox("stack-trace1064528406", this, "Click to show all stack frames", "Click to hide stack frames")'>Click to show all stack frames</a>
<div class='stack-trace' id='stack-trace1064528406'><pre>org.molgenis.data.MolgenisDataAccessException: No [COUNT] permission on entity type [entity] with id [entityID]
	at org.molgenis.data.security.util.SecurityDecoratorUtils.validatePermission(SecurityDecoratorUtils.java:20)
	at org.molgenis.data.security.RepositorySecurityDecorator.aggregate(RepositorySecurityDecorator.java:191)
	at org.molgenis.data.security.RepositorySecurityDecoratorTest.aggregateNoPermission(RepositorySecurityDecoratorTest.java:369)
	at sun.reflect.NativeMethodAccessorImpl.invoke0(Native Method)
	at sun.reflect.NativeMethodAccessorImpl.invoke(NativeMethodAccessorImpl.java:62)
	at sun.reflect.DelegatingMethodAccessorImpl.invoke(DelegatingMethodAccessorImpl.java:43)
	at java.lang.reflect.Method.invoke(Method.java:498)
	at org.testng.internal.MethodInvocationHelper.invokeMethod(MethodInvocationHelper.java:80)
	at org.testng.internal.Invoker.invokeMethod(Invoker.java:714)
	at org.testng.internal.Invoker.invokeTestMethod(Invoker.java:901)
	at org.testng.internal.Invoker.invokeTestMethods(Invoker.java:1231)
	at org.testng.internal.TestMethodWorker.invokeTestMethods(TestMethodWorker.java:127)
	at org.testng.internal.TestMethodWorker.run(TestMethodWorker.java:111)
	at org.testng.TestRunner.privateRun(TestRunner.java:767)
	at org.testng.TestRunner.run(TestRunner.java:617)
	at org.testng.SuiteRunner.runTest(SuiteRunner.java:334)
	at org.testng.SuiteRunner.runSequentially(SuiteRunner.java:329)
	at org.testng.SuiteRunner.privateRun(SuiteRunner.java:291)
	at org.testng.SuiteRunner.run(SuiteRunner.java:240)
	at org.testng.SuiteRunnerWorker.runSuite(SuiteRunnerWorker.java:52)
	at org.testng.SuiteRunnerWorker.run(SuiteRunnerWorker.java:86)
	at org.testng.TestNG.runSuitesSequentially(TestNG.java:1198)
	at org.testng.TestNG.runSuitesLocally(TestNG.java:1123)
	at org.testng.TestNG.run(TestNG.java:1031)
	at org.apache.maven.surefire.testng.TestNGExecutor.run(TestNGExecutor.java:132)
	at org.apache.maven.surefire.testng.TestNGDirectoryTestSuite.executeMulti(TestNGDirectoryTestSuite.java:193)
	at org.apache.maven.surefire.testng.TestNGDirectoryTestSuite.execute(TestNGDirectoryTestSuite.java:94)
	at org.apache.maven.surefire.testng.TestNGProvider.invoke(TestNGProvider.java:147)
	at org.apache.maven.surefire.booter.ForkedBooter.invokeProviderInSameClassLoader(ForkedBooter.java:290)
	at org.apache.maven.surefire.booter.ForkedBooter.runSuitesInProcess(ForkedBooter.java:242)
	at org.apache.maven.surefire.booter.ForkedBooter.main(ForkedBooter.java:121)
</pre></div></td>
<td>0</td>
<td>org.molgenis.data.security.RepositorySecurityDecoratorTest@3569fc08</td></tr>
<tr>
<td title='org.molgenis.data.security.aggregation.AggregateAnonymizerRepositoryDecoratorTest.aggregateNoThreshold()'><b>aggregateNoThreshold</b><br>Test class: org.molgenis.data.security.aggregation.AggregateAnonymizerRepositoryDecoratorTest</td>
<td></td>
<td>0</td>
<td>org.molgenis.data.security.aggregation.AggregateAnonymizerRepositoryDecoratorTest@180da663</td></tr>
<tr>
<td title='org.molgenis.data.security.meta.EntityTypeRepositorySecurityDecoratorTest.aggregateSu()'><b>aggregateSu</b><br>Test class: org.molgenis.data.security.meta.EntityTypeRepositorySecurityDecoratorTest</td>
<td></td>
<td>0</td>
<td>org.molgenis.data.security.meta.EntityTypeRepositorySecurityDecoratorTest@555cf22</td></tr>
<tr>
<td title='org.molgenis.data.security.meta.AttributeRepositorySecurityDecoratorTest.aggregateSu()'><b>aggregateSu</b><br>Test class: org.molgenis.data.security.meta.AttributeRepositorySecurityDecoratorTest</td>
<td></td>
<td>0</td>
<td>org.molgenis.data.security.meta.AttributeRepositorySecurityDecoratorTest@4c5474f5</td></tr>
<tr>
<td title='org.molgenis.data.security.meta.EntityTypeRepositorySecurityDecoratorTest.aggregateSystem()'><b>aggregateSystem</b><br>Test class: org.molgenis.data.security.meta.EntityTypeRepositorySecurityDecoratorTest</td>
<td></td>
<td>0</td>
<td>org.molgenis.data.security.meta.EntityTypeRepositorySecurityDecoratorTest@555cf22</td></tr>
<tr>
<td title='org.molgenis.data.security.meta.AttributeRepositorySecurityDecoratorTest.aggregateSystem()'><b>aggregateSystem</b><br>Test class: org.molgenis.data.security.meta.AttributeRepositorySecurityDecoratorTest</td>
<td></td>
<td>0</td>
<td>org.molgenis.data.security.meta.AttributeRepositorySecurityDecoratorTest@4c5474f5</td></tr>
<tr>
<td title='org.molgenis.data.security.aggregation.AggregateAnonymizerRepositoryDecoratorTest.aggregateThreshold()'><b>aggregateThreshold</b><br>Test class: org.molgenis.data.security.aggregation.AggregateAnonymizerRepositoryDecoratorTest</td>
<td></td>
<td>0</td>
<td>org.molgenis.data.security.aggregation.AggregateAnonymizerRepositoryDecoratorTest@180da663</td></tr>
<tr>
<td title='org.molgenis.data.security.meta.EntityTypeRepositorySecurityDecoratorTest.aggregateUser()'><b>aggregateUser</b><br>Test class: org.molgenis.data.security.meta.EntityTypeRepositorySecurityDecoratorTest</td>
<td><div><pre>org.molgenis.data.MolgenisDataAccessException: Aggregation on entity [null] not allowed
	at org.molgenis.data.security.meta.EntityTypeRepositorySecurityDecorator.aggregate(EntityTypeRepositorySecurityDecorator.java:230)
	at org.molgenis.data.security.meta.EntityTypeRepositorySecurityDecoratorTest.aggregateUser(EntityTypeRepositorySecurityDecoratorTest.java:615)
	at org.springframework.test.context.testng.AbstractTestNGSpringContextTests.run(AbstractTestNGSpringContextTests.java:175)
	at org.apache.maven.surefire.testng.TestNGExecutor.run(TestNGExecutor.java:132)
	at org.apache.maven.surefire.testng.TestNGDirectoryTestSuite.executeMulti(TestNGDirectoryTestSuite.java:193)
	at org.apache.maven.surefire.testng.TestNGDirectoryTestSuite.execute(TestNGDirectoryTestSuite.java:94)
	at org.apache.maven.surefire.testng.TestNGProvider.invoke(TestNGProvider.java:147)
	at org.apache.maven.surefire.booter.ForkedBooter.invokeProviderInSameClassLoader(ForkedBooter.java:290)
	at org.apache.maven.surefire.booter.ForkedBooter.runSuitesInProcess(ForkedBooter.java:242)
	at org.apache.maven.surefire.booter.ForkedBooter.main(ForkedBooter.java:121)
... Removed 27 stack frames</pre></div><a href='#' onClick='toggleBox("stack-trace1739986996", this, "Click to show all stack frames", "Click to hide stack frames")'>Click to show all stack frames</a>
<div class='stack-trace' id='stack-trace1739986996'><pre>org.molgenis.data.MolgenisDataAccessException: Aggregation on entity [null] not allowed
	at org.molgenis.data.security.meta.EntityTypeRepositorySecurityDecorator.aggregate(EntityTypeRepositorySecurityDecorator.java:230)
	at org.molgenis.data.security.meta.EntityTypeRepositorySecurityDecoratorTest.aggregateUser(EntityTypeRepositorySecurityDecoratorTest.java:615)
	at sun.reflect.NativeMethodAccessorImpl.invoke0(Native Method)
	at sun.reflect.NativeMethodAccessorImpl.invoke(NativeMethodAccessorImpl.java:62)
	at sun.reflect.DelegatingMethodAccessorImpl.invoke(DelegatingMethodAccessorImpl.java:43)
	at java.lang.reflect.Method.invoke(Method.java:498)
	at org.testng.internal.MethodInvocationHelper.invokeMethod(MethodInvocationHelper.java:80)
	at org.testng.internal.MethodInvocationHelper$1.runTestMethod(MethodInvocationHelper.java:182)
	at org.springframework.test.context.testng.AbstractTestNGSpringContextTests.run(AbstractTestNGSpringContextTests.java:175)
	at sun.reflect.NativeMethodAccessorImpl.invoke0(Native Method)
	at sun.reflect.NativeMethodAccessorImpl.invoke(NativeMethodAccessorImpl.java:62)
	at sun.reflect.DelegatingMethodAccessorImpl.invoke(DelegatingMethodAccessorImpl.java:43)
	at java.lang.reflect.Method.invoke(Method.java:498)
	at org.testng.internal.MethodInvocationHelper.invokeHookable(MethodInvocationHelper.java:194)
	at org.testng.internal.Invoker.invokeMethod(Invoker.java:707)
	at org.testng.internal.Invoker.invokeTestMethod(Invoker.java:901)
	at org.testng.internal.Invoker.invokeTestMethods(Invoker.java:1231)
	at org.testng.internal.TestMethodWorker.invokeTestMethods(TestMethodWorker.java:127)
	at org.testng.internal.TestMethodWorker.run(TestMethodWorker.java:111)
	at org.testng.TestRunner.privateRun(TestRunner.java:767)
	at org.testng.TestRunner.run(TestRunner.java:617)
	at org.testng.SuiteRunner.runTest(SuiteRunner.java:334)
	at org.testng.SuiteRunner.runSequentially(SuiteRunner.java:329)
	at org.testng.SuiteRunner.privateRun(SuiteRunner.java:291)
	at org.testng.SuiteRunner.run(SuiteRunner.java:240)
	at org.testng.SuiteRunnerWorker.runSuite(SuiteRunnerWorker.java:52)
	at org.testng.SuiteRunnerWorker.run(SuiteRunnerWorker.java:86)
	at org.testng.TestNG.runSuitesSequentially(TestNG.java:1198)
	at org.testng.TestNG.runSuitesLocally(TestNG.java:1123)
	at org.testng.TestNG.run(TestNG.java:1031)
	at org.apache.maven.surefire.testng.TestNGExecutor.run(TestNGExecutor.java:132)
	at org.apache.maven.surefire.testng.TestNGDirectoryTestSuite.executeMulti(TestNGDirectoryTestSuite.java:193)
	at org.apache.maven.surefire.testng.TestNGDirectoryTestSuite.execute(TestNGDirectoryTestSuite.java:94)
	at org.apache.maven.surefire.testng.TestNGProvider.invoke(TestNGProvider.java:147)
	at org.apache.maven.surefire.booter.ForkedBooter.invokeProviderInSameClassLoader(ForkedBooter.java:290)
	at org.apache.maven.surefire.booter.ForkedBooter.runSuitesInProcess(ForkedBooter.java:242)
	at org.apache.maven.surefire.booter.ForkedBooter.main(ForkedBooter.java:121)
</pre></div></td>
<td>0</td>
<td>org.molgenis.data.security.meta.EntityTypeRepositorySecurityDecoratorTest@555cf22</td></tr>
<tr>
<td title='org.molgenis.data.security.meta.AttributeRepositorySecurityDecoratorTest.aggregateUser()'><b>aggregateUser</b><br>Test class: org.molgenis.data.security.meta.AttributeRepositorySecurityDecoratorTest</td>
<td><div><pre>org.molgenis.data.MolgenisDataAccessException: Aggregation on entity [null] not allowed
	at org.molgenis.data.security.meta.AttributeRepositorySecurityDecorator.aggregate(AttributeRepositorySecurityDecorator.java:220)
	at org.molgenis.data.security.meta.AttributeRepositorySecurityDecoratorTest.aggregateUser(AttributeRepositorySecurityDecoratorTest.java:661)
	at org.springframework.test.context.testng.AbstractTestNGSpringContextTests.run(AbstractTestNGSpringContextTests.java:175)
	at org.apache.maven.surefire.testng.TestNGExecutor.run(TestNGExecutor.java:132)
	at org.apache.maven.surefire.testng.TestNGDirectoryTestSuite.executeMulti(TestNGDirectoryTestSuite.java:193)
	at org.apache.maven.surefire.testng.TestNGDirectoryTestSuite.execute(TestNGDirectoryTestSuite.java:94)
	at org.apache.maven.surefire.testng.TestNGProvider.invoke(TestNGProvider.java:147)
	at org.apache.maven.surefire.booter.ForkedBooter.invokeProviderInSameClassLoader(ForkedBooter.java:290)
	at org.apache.maven.surefire.booter.ForkedBooter.runSuitesInProcess(ForkedBooter.java:242)
	at org.apache.maven.surefire.booter.ForkedBooter.main(ForkedBooter.java:121)
... Removed 26 stack frames</pre></div><a href='#' onClick='toggleBox("stack-trace2017997342", this, "Click to show all stack frames", "Click to hide stack frames")'>Click to show all stack frames</a>
<div class='stack-trace' id='stack-trace2017997342'><pre>org.molgenis.data.MolgenisDataAccessException: Aggregation on entity [null] not allowed
	at org.molgenis.data.security.meta.AttributeRepositorySecurityDecorator.aggregate(AttributeRepositorySecurityDecorator.java:220)
	at org.molgenis.data.security.meta.AttributeRepositorySecurityDecoratorTest.aggregateUser(AttributeRepositorySecurityDecoratorTest.java:661)
	at sun.reflect.NativeMethodAccessorImpl.invoke0(Native Method)
	at sun.reflect.NativeMethodAccessorImpl.invoke(NativeMethodAccessorImpl.java:62)
	at sun.reflect.DelegatingMethodAccessorImpl.invoke(DelegatingMethodAccessorImpl.java:43)
	at java.lang.reflect.Method.invoke(Method.java:498)
	at org.testng.internal.MethodInvocationHelper.invokeMethod(MethodInvocationHelper.java:80)
	at org.testng.internal.MethodInvocationHelper$1.runTestMethod(MethodInvocationHelper.java:182)
	at org.springframework.test.context.testng.AbstractTestNGSpringContextTests.run(AbstractTestNGSpringContextTests.java:175)
	at sun.reflect.GeneratedMethodAccessor28.invoke(Unknown Source)
	at sun.reflect.DelegatingMethodAccessorImpl.invoke(DelegatingMethodAccessorImpl.java:43)
	at java.lang.reflect.Method.invoke(Method.java:498)
	at org.testng.internal.MethodInvocationHelper.invokeHookable(MethodInvocationHelper.java:194)
	at org.testng.internal.Invoker.invokeMethod(Invoker.java:707)
	at org.testng.internal.Invoker.invokeTestMethod(Invoker.java:901)
	at org.testng.internal.Invoker.invokeTestMethods(Invoker.java:1231)
	at org.testng.internal.TestMethodWorker.invokeTestMethods(TestMethodWorker.java:127)
	at org.testng.internal.TestMethodWorker.run(TestMethodWorker.java:111)
	at org.testng.TestRunner.privateRun(TestRunner.java:767)
	at org.testng.TestRunner.run(TestRunner.java:617)
	at org.testng.SuiteRunner.runTest(SuiteRunner.java:334)
	at org.testng.SuiteRunner.runSequentially(SuiteRunner.java:329)
	at org.testng.SuiteRunner.privateRun(SuiteRunner.java:291)
	at org.testng.SuiteRunner.run(SuiteRunner.java:240)
	at org.testng.SuiteRunnerWorker.runSuite(SuiteRunnerWorker.java:52)
	at org.testng.SuiteRunnerWorker.run(SuiteRunnerWorker.java:86)
	at org.testng.TestNG.runSuitesSequentially(TestNG.java:1198)
	at org.testng.TestNG.runSuitesLocally(TestNG.java:1123)
	at org.testng.TestNG.run(TestNG.java:1031)
	at org.apache.maven.surefire.testng.TestNGExecutor.run(TestNGExecutor.java:132)
	at org.apache.maven.surefire.testng.TestNGDirectoryTestSuite.executeMulti(TestNGDirectoryTestSuite.java:193)
	at org.apache.maven.surefire.testng.TestNGDirectoryTestSuite.execute(TestNGDirectoryTestSuite.java:94)
	at org.apache.maven.surefire.testng.TestNGProvider.invoke(TestNGProvider.java:147)
	at org.apache.maven.surefire.booter.ForkedBooter.invokeProviderInSameClassLoader(ForkedBooter.java:290)
	at org.apache.maven.surefire.booter.ForkedBooter.runSuitesInProcess(ForkedBooter.java:242)
	at org.apache.maven.surefire.booter.ForkedBooter.main(ForkedBooter.java:121)
</pre></div></td>
<td>0</td>
<td>org.molgenis.data.security.meta.AttributeRepositorySecurityDecoratorTest@4c5474f5</td></tr>
<tr>
<td title='org.molgenis.data.security.aggregation.AggregateAnonymizerImplTest.anonymize()'><b>anonymize</b><br>Test class: org.molgenis.data.security.aggregation.AggregateAnonymizerImplTest</td>
<td></td>
<td>0</td>
<td>org.molgenis.data.security.aggregation.AggregateAnonymizerImplTest@3ecd267f</td></tr>
<tr>
<td title='org.molgenis.data.security.owned.OwnedEntityRepositoryDecoratorTest.consumeBatchedExtendsOwned()'><b>consumeBatchedExtendsOwned</b><br>Test class: org.molgenis.data.security.owned.OwnedEntityRepositoryDecoratorTest</td>
<td></td>
<td>0</td>
<td>org.molgenis.data.security.owned.OwnedEntityRepositoryDecoratorTest@2e61d218</td></tr>
<tr>
<td title='org.molgenis.data.security.owned.OwnedEntityRepositoryDecoratorTest.consumeBatchedOwnedBySomeoneElse()'><b>consumeBatchedOwnedBySomeoneElse</b><br>Test class: org.molgenis.data.security.owned.OwnedEntityRepositoryDecoratorTest</td>
<td></td>
<td>0</td>
<td>org.molgenis.data.security.owned.OwnedEntityRepositoryDecoratorTest@2e61d218</td></tr>
<tr>
<td title='org.molgenis.data.security.meta.EntityTypeRepositorySecurityDecoratorTest.countQuerySu()'><b>countQuerySu</b><br>Test class: org.molgenis.data.security.meta.EntityTypeRepositorySecurityDecoratorTest</td>
<td></td>
<td>0</td>
<td>org.molgenis.data.security.meta.EntityTypeRepositorySecurityDecoratorTest@555cf22</td></tr>
<tr>
<td title='org.molgenis.data.security.meta.AttributeRepositorySecurityDecoratorTest.countQuerySu()'><b>countQuerySu</b><br>Test class: org.molgenis.data.security.meta.AttributeRepositorySecurityDecoratorTest</td>
<td></td>
<td>0</td>
<td>org.molgenis.data.security.meta.AttributeRepositorySecurityDecoratorTest@4c5474f5</td></tr>
<tr>
<td title='org.molgenis.data.security.meta.EntityTypeRepositorySecurityDecoratorTest.countQuerySystem()'><b>countQuerySystem</b><br>Test class: org.molgenis.data.security.meta.EntityTypeRepositorySecurityDecoratorTest</td>
<td></td>
<td>0</td>
<td>org.molgenis.data.security.meta.EntityTypeRepositorySecurityDecoratorTest@555cf22</td></tr>
<tr>
<td title='org.molgenis.data.security.meta.AttributeRepositorySecurityDecoratorTest.countQuerySystem()'><b>countQuerySystem</b><br>Test class: org.molgenis.data.security.meta.AttributeRepositorySecurityDecoratorTest</td>
<td></td>
<td>0</td>
<td>org.molgenis.data.security.meta.AttributeRepositorySecurityDecoratorTest@4c5474f5</td></tr>
<tr>
<td title='org.molgenis.data.security.meta.EntityTypeRepositorySecurityDecoratorTest.countQueryUser()'><b>countQueryUser</b><br>Test class: org.molgenis.data.security.meta.EntityTypeRepositorySecurityDecoratorTest</td>
<td></td>
<td>0</td>
<td>org.molgenis.data.security.meta.EntityTypeRepositorySecurityDecoratorTest@555cf22</td></tr>
<tr>
<td title='org.molgenis.data.security.meta.AttributeRepositorySecurityDecoratorTest.countQueryUser()'><b>countQueryUser</b><br>Test class: org.molgenis.data.security.meta.AttributeRepositorySecurityDecoratorTest</td>
<td></td>
<td>0</td>
<td>org.molgenis.data.security.meta.AttributeRepositorySecurityDecoratorTest@4c5474f5</td></tr>
<tr>
<td title='org.molgenis.data.security.meta.EntityTypeRepositorySecurityDecoratorTest.countSu()'><b>countSu</b><br>Test class: org.molgenis.data.security.meta.EntityTypeRepositorySecurityDecoratorTest</td>
<td></td>
<td>0</td>
<td>org.molgenis.data.security.meta.EntityTypeRepositorySecurityDecoratorTest@555cf22</td></tr>
<tr>
<td title='org.molgenis.data.security.meta.AttributeRepositorySecurityDecoratorTest.countSu()'><b>countSu</b><br>Test class: org.molgenis.data.security.meta.AttributeRepositorySecurityDecoratorTest</td>
<td></td>
<td>0</td>
<td>org.molgenis.data.security.meta.AttributeRepositorySecurityDecoratorTest@4c5474f5</td></tr>
<tr>
<td title='org.molgenis.data.security.meta.EntityTypeRepositorySecurityDecoratorTest.countSystem()'><b>countSystem</b><br>Test class: org.molgenis.data.security.meta.EntityTypeRepositorySecurityDecoratorTest</td>
<td></td>
<td>0</td>
<td>org.molgenis.data.security.meta.EntityTypeRepositorySecurityDecoratorTest@555cf22</td></tr>
<tr>
<td title='org.molgenis.data.security.meta.AttributeRepositorySecurityDecoratorTest.countSystem()'><b>countSystem</b><br>Test class: org.molgenis.data.security.meta.AttributeRepositorySecurityDecoratorTest</td>
<td></td>
<td>0</td>
<td>org.molgenis.data.security.meta.AttributeRepositorySecurityDecoratorTest@4c5474f5</td></tr>
<tr>
<td title='org.molgenis.data.security.meta.EntityTypeRepositorySecurityDecoratorTest.countUser()'><b>countUser</b><br>Test class: org.molgenis.data.security.meta.EntityTypeRepositorySecurityDecoratorTest</td>
<td></td>
<td>0</td>
<td>org.molgenis.data.security.meta.EntityTypeRepositorySecurityDecoratorTest@555cf22</td></tr>
<tr>
<td title='org.molgenis.data.security.meta.AttributeRepositorySecurityDecoratorTest.countUser()'><b>countUser</b><br>Test class: org.molgenis.data.security.meta.AttributeRepositorySecurityDecoratorTest</td>
<td></td>
<td>0</td>
<td>org.molgenis.data.security.meta.AttributeRepositorySecurityDecoratorTest@4c5474f5</td></tr>
<tr>
<td title='org.molgenis.data.security.meta.AttributeRepositorySecurityDecoratorTest.delete()'><b>delete</b><br>Test class: org.molgenis.data.security.meta.AttributeRepositorySecurityDecoratorTest</td>
<td></td>
<td>0</td>
<td>org.molgenis.data.security.meta.AttributeRepositorySecurityDecoratorTest@4c5474f5</td></tr>
<tr>
<td title='org.molgenis.data.security.auth.UserRepositoryDecoratorTest.delete()'><b>delete</b><br>Test class: org.molgenis.data.security.auth.UserRepositoryDecoratorTest</td>
<td></td>
<td>0</td>
<td>org.molgenis.data.security.auth.UserRepositoryDecoratorTest@77d2e85</td></tr>
<tr>
<td title='org.molgenis.data.security.auth.UserRepositoryDecoratorTest.deleteAll()'><b>deleteAll</b><br>Test class: org.molgenis.data.security.auth.UserRepositoryDecoratorTest</td>
<td><div><pre>java.lang.UnsupportedOperationException: Deleting all users is not supported.
	at org.molgenis.data.security.auth.UserRepositoryDecorator.deleteAll(UserRepositoryDecorator.java:189)
	at org.molgenis.data.security.auth.UserRepositoryDecoratorTest.deleteAll(UserRepositoryDecoratorTest.java:176)
	at org.apache.maven.surefire.testng.TestNGExecutor.run(TestNGExecutor.java:132)
	at org.apache.maven.surefire.testng.TestNGDirectoryTestSuite.executeMulti(TestNGDirectoryTestSuite.java:193)
	at org.apache.maven.surefire.testng.TestNGDirectoryTestSuite.execute(TestNGDirectoryTestSuite.java:94)
	at org.apache.maven.surefire.testng.TestNGProvider.invoke(TestNGProvider.java:147)
	at org.apache.maven.surefire.booter.ForkedBooter.invokeProviderInSameClassLoader(ForkedBooter.java:290)
	at org.apache.maven.surefire.booter.ForkedBooter.runSuitesInProcess(ForkedBooter.java:242)
	at org.apache.maven.surefire.booter.ForkedBooter.main(ForkedBooter.java:121)
... Removed 21 stack frames</pre></div><a href='#' onClick='toggleBox("stack-trace2011941350", this, "Click to show all stack frames", "Click to hide stack frames")'>Click to show all stack frames</a>
<div class='stack-trace' id='stack-trace2011941350'><pre>java.lang.UnsupportedOperationException: Deleting all users is not supported.
	at org.molgenis.data.security.auth.UserRepositoryDecorator.deleteAll(UserRepositoryDecorator.java:189)
	at org.molgenis.data.security.auth.UserRepositoryDecoratorTest.deleteAll(UserRepositoryDecoratorTest.java:176)
	at sun.reflect.NativeMethodAccessorImpl.invoke0(Native Method)
	at sun.reflect.NativeMethodAccessorImpl.invoke(NativeMethodAccessorImpl.java:62)
	at sun.reflect.DelegatingMethodAccessorImpl.invoke(DelegatingMethodAccessorImpl.java:43)
	at java.lang.reflect.Method.invoke(Method.java:498)
	at org.testng.internal.MethodInvocationHelper.invokeMethod(MethodInvocationHelper.java:80)
	at org.testng.internal.Invoker.invokeMethod(Invoker.java:714)
	at org.testng.internal.Invoker.invokeTestMethod(Invoker.java:901)
	at org.testng.internal.Invoker.invokeTestMethods(Invoker.java:1231)
	at org.testng.internal.TestMethodWorker.invokeTestMethods(TestMethodWorker.java:127)
	at org.testng.internal.TestMethodWorker.run(TestMethodWorker.java:111)
	at org.testng.TestRunner.privateRun(TestRunner.java:767)
	at org.testng.TestRunner.run(TestRunner.java:617)
	at org.testng.SuiteRunner.runTest(SuiteRunner.java:334)
	at org.testng.SuiteRunner.runSequentially(SuiteRunner.java:329)
	at org.testng.SuiteRunner.privateRun(SuiteRunner.java:291)
	at org.testng.SuiteRunner.run(SuiteRunner.java:240)
	at org.testng.SuiteRunnerWorker.runSuite(SuiteRunnerWorker.java:52)
	at org.testng.SuiteRunnerWorker.run(SuiteRunnerWorker.java:86)
	at org.testng.TestNG.runSuitesSequentially(TestNG.java:1198)
	at org.testng.TestNG.runSuitesLocally(TestNG.java:1123)
	at org.testng.TestNG.run(TestNG.java:1031)
	at org.apache.maven.surefire.testng.TestNGExecutor.run(TestNGExecutor.java:132)
	at org.apache.maven.surefire.testng.TestNGDirectoryTestSuite.executeMulti(TestNGDirectoryTestSuite.java:193)
	at org.apache.maven.surefire.testng.TestNGDirectoryTestSuite.execute(TestNGDirectoryTestSuite.java:94)
	at org.apache.maven.surefire.testng.TestNGProvider.invoke(TestNGProvider.java:147)
	at org.apache.maven.surefire.booter.ForkedBooter.invokeProviderInSameClassLoader(ForkedBooter.java:290)
	at org.apache.maven.surefire.booter.ForkedBooter.runSuitesInProcess(ForkedBooter.java:242)
	at org.apache.maven.surefire.booter.ForkedBooter.main(ForkedBooter.java:121)
</pre></div></td>
<td>0</td>
<td>org.molgenis.data.security.auth.UserRepositoryDecoratorTest@77d2e85</td></tr>
<tr>
<td title='org.molgenis.data.security.auth.UserRepositoryDecoratorTest.deleteAllStream()'><b>deleteAllStream</b><br>Test class: org.molgenis.data.security.auth.UserRepositoryDecoratorTest</td>
<td></td>
<td>0</td>
<td>org.molgenis.data.security.auth.UserRepositoryDecoratorTest@77d2e85</td></tr>
<tr>
<td title='org.molgenis.data.security.auth.UserRepositoryDecoratorTest.deleteById()'><b>deleteById</b><br>Test class: org.molgenis.data.security.auth.UserRepositoryDecoratorTest</td>
<td></td>
<td>0</td>
<td>org.molgenis.data.security.auth.UserRepositoryDecoratorTest@77d2e85</td></tr>
<tr>
<td title='org.molgenis.data.security.RepositorySecurityDecoratorTest.deleteStream()'><b>deleteStream</b><br>Test class: org.molgenis.data.security.RepositorySecurityDecoratorTest</td>
<td></td>
<td>0</td>
<td>org.molgenis.data.security.RepositorySecurityDecoratorTest@3569fc08</td></tr>
<tr>
<td title='org.molgenis.data.security.meta.AttributeRepositorySecurityDecoratorTest.deleteStream()'><b>deleteStream</b><br>Test class: org.molgenis.data.security.meta.AttributeRepositorySecurityDecoratorTest</td>
<td></td>
<td>0</td>
<td>org.molgenis.data.security.meta.AttributeRepositorySecurityDecoratorTest@4c5474f5</td></tr>
<tr>
<td title='org.molgenis.data.security.owned.OwnedEntityRepositoryDecoratorTest.deleteStream()'><b>deleteStream</b><br>Test class: org.molgenis.data.security.owned.OwnedEntityRepositoryDecoratorTest</td>
<td></td>
<td>0</td>
<td>org.molgenis.data.security.owned.OwnedEntityRepositoryDecoratorTest@2e61d218</td></tr>
<tr>
<td title='org.molgenis.data.security.auth.UserRepositoryDecoratorTest.deleteStream()'><b>deleteStream</b><br>Test class: org.molgenis.data.security.auth.UserRepositoryDecoratorTest</td>
<td></td>
<td>0</td>
<td>org.molgenis.data.security.auth.UserRepositoryDecoratorTest@77d2e85</td></tr>
<tr>
<td title='org.molgenis.data.security.owned.OwnedEntityRepositoryDecoratorTest.deleteStreamEntityExtendsOwned()'><b>deleteStreamEntityExtendsOwned</b><br>Test class: org.molgenis.data.security.owned.OwnedEntityRepositoryDecoratorTest</td>
<td></td>
<td>0</td>
<td>org.molgenis.data.security.owned.OwnedEntityRepositoryDecoratorTest@2e61d218</td></tr>
<tr>
<td title='org.molgenis.data.security.RepositorySecurityDecoratorTest.deleteStreamNoPermission()'><b>deleteStreamNoPermission</b><br>Test class: org.molgenis.data.security.RepositorySecurityDecoratorTest</td>
<td><div><pre>org.molgenis.data.MolgenisDataAccessException: No [WRITE] permission on entity type [entity] with id [entityID]
	at org.molgenis.data.security.util.SecurityDecoratorUtils.validatePermission(SecurityDecoratorUtils.java:20)
	at org.molgenis.data.security.RepositorySecurityDecorator.delete(RepositorySecurityDecorator.java:143)
	at org.molgenis.data.security.RepositorySecurityDecoratorTest.deleteStreamNoPermission(RepositorySecurityDecoratorTest.java:123)
	at org.apache.maven.surefire.testng.TestNGExecutor.run(TestNGExecutor.java:132)
	at org.apache.maven.surefire.testng.TestNGDirectoryTestSuite.executeMulti(TestNGDirectoryTestSuite.java:193)
	at org.apache.maven.surefire.testng.TestNGDirectoryTestSuite.execute(TestNGDirectoryTestSuite.java:94)
	at org.apache.maven.surefire.testng.TestNGProvider.invoke(TestNGProvider.java:147)
	at org.apache.maven.surefire.booter.ForkedBooter.invokeProviderInSameClassLoader(ForkedBooter.java:290)
	at org.apache.maven.surefire.booter.ForkedBooter.runSuitesInProcess(ForkedBooter.java:242)
	at org.apache.maven.surefire.booter.ForkedBooter.main(ForkedBooter.java:121)
... Removed 21 stack frames</pre></div><a href='#' onClick='toggleBox("stack-trace135002781", this, "Click to show all stack frames", "Click to hide stack frames")'>Click to show all stack frames</a>
<div class='stack-trace' id='stack-trace135002781'><pre>org.molgenis.data.MolgenisDataAccessException: No [WRITE] permission on entity type [entity] with id [entityID]
	at org.molgenis.data.security.util.SecurityDecoratorUtils.validatePermission(SecurityDecoratorUtils.java:20)
	at org.molgenis.data.security.RepositorySecurityDecorator.delete(RepositorySecurityDecorator.java:143)
	at org.molgenis.data.security.RepositorySecurityDecoratorTest.deleteStreamNoPermission(RepositorySecurityDecoratorTest.java:123)
	at sun.reflect.NativeMethodAccessorImpl.invoke0(Native Method)
	at sun.reflect.NativeMethodAccessorImpl.invoke(NativeMethodAccessorImpl.java:62)
	at sun.reflect.DelegatingMethodAccessorImpl.invoke(DelegatingMethodAccessorImpl.java:43)
	at java.lang.reflect.Method.invoke(Method.java:498)
	at org.testng.internal.MethodInvocationHelper.invokeMethod(MethodInvocationHelper.java:80)
	at org.testng.internal.Invoker.invokeMethod(Invoker.java:714)
	at org.testng.internal.Invoker.invokeTestMethod(Invoker.java:901)
	at org.testng.internal.Invoker.invokeTestMethods(Invoker.java:1231)
	at org.testng.internal.TestMethodWorker.invokeTestMethods(TestMethodWorker.java:127)
	at org.testng.internal.TestMethodWorker.run(TestMethodWorker.java:111)
	at org.testng.TestRunner.privateRun(TestRunner.java:767)
	at org.testng.TestRunner.run(TestRunner.java:617)
	at org.testng.SuiteRunner.runTest(SuiteRunner.java:334)
	at org.testng.SuiteRunner.runSequentially(SuiteRunner.java:329)
	at org.testng.SuiteRunner.privateRun(SuiteRunner.java:291)
	at org.testng.SuiteRunner.run(SuiteRunner.java:240)
	at org.testng.SuiteRunnerWorker.runSuite(SuiteRunnerWorker.java:52)
	at org.testng.SuiteRunnerWorker.run(SuiteRunnerWorker.java:86)
	at org.testng.TestNG.runSuitesSequentially(TestNG.java:1198)
	at org.testng.TestNG.runSuitesLocally(TestNG.java:1123)
	at org.testng.TestNG.run(TestNG.java:1031)
	at org.apache.maven.surefire.testng.TestNGExecutor.run(TestNGExecutor.java:132)
	at org.apache.maven.surefire.testng.TestNGDirectoryTestSuite.executeMulti(TestNGDirectoryTestSuite.java:193)
	at org.apache.maven.surefire.testng.TestNGDirectoryTestSuite.execute(TestNGDirectoryTestSuite.java:94)
	at org.apache.maven.surefire.testng.TestNGProvider.invoke(TestNGProvider.java:147)
	at org.apache.maven.surefire.booter.ForkedBooter.invokeProviderInSameClassLoader(ForkedBooter.java:290)
	at org.apache.maven.surefire.booter.ForkedBooter.runSuitesInProcess(ForkedBooter.java:242)
	at org.apache.maven.surefire.booter.ForkedBooter.main(ForkedBooter.java:121)
</pre></div></td>
<td>0</td>
<td>org.molgenis.data.security.RepositorySecurityDecoratorTest@3569fc08</td></tr>
<tr>
<td title='org.molgenis.data.security.meta.EntityTypeRepositorySecurityDecoratorTest.deleteSu()'><b>deleteSu</b><br>Test class: org.molgenis.data.security.meta.EntityTypeRepositorySecurityDecoratorTest</td>
<td></td>
<td>0</td>
<td>org.molgenis.data.security.meta.EntityTypeRepositorySecurityDecoratorTest@555cf22</td></tr>
<tr>
<td title='org.molgenis.data.security.meta.EntityTypeRepositorySecurityDecoratorTest.deleteSystem()'><b>deleteSystem</b><br>Test class: org.molgenis.data.security.meta.EntityTypeRepositorySecurityDecoratorTest</td>
<td></td>
<td>0</td>
<td>org.molgenis.data.security.meta.EntityTypeRepositorySecurityDecoratorTest@555cf22</td></tr>
<tr>
<td title='org.molgenis.data.security.meta.AttributeRepositorySecurityDecoratorTest.deleteSystemAttribute()'><b>deleteSystemAttribute</b><br>Test class: org.molgenis.data.security.meta.AttributeRepositorySecurityDecoratorTest</td>
<td><div><pre>org.molgenis.data.MolgenisDataException: Deleting system entity attribute [attrName] is not allowed
	at org.molgenis.data.security.meta.AttributeRepositorySecurityDecorator.validateDeleteAllowed(AttributeRepositorySecurityDecorator.java:317)
	at org.molgenis.data.security.meta.AttributeRepositorySecurityDecorator.delete(AttributeRepositorySecurityDecorator.java:244)
	at org.molgenis.data.security.meta.AttributeRepositorySecurityDecoratorTest.deleteSystemAttribute(AttributeRepositorySecurityDecoratorTest.java:681)
	at org.springframework.test.context.testng.AbstractTestNGSpringContextTests.run(AbstractTestNGSpringContextTests.java:175)
	at org.apache.maven.surefire.testng.TestNGExecutor.run(TestNGExecutor.java:132)
	at org.apache.maven.surefire.testng.TestNGDirectoryTestSuite.executeMulti(TestNGDirectoryTestSuite.java:193)
	at org.apache.maven.surefire.testng.TestNGDirectoryTestSuite.execute(TestNGDirectoryTestSuite.java:94)
	at org.apache.maven.surefire.testng.TestNGProvider.invoke(TestNGProvider.java:147)
	at org.apache.maven.surefire.booter.ForkedBooter.invokeProviderInSameClassLoader(ForkedBooter.java:290)
	at org.apache.maven.surefire.booter.ForkedBooter.runSuitesInProcess(ForkedBooter.java:242)
	at org.apache.maven.surefire.booter.ForkedBooter.main(ForkedBooter.java:121)
... Removed 26 stack frames</pre></div><a href='#' onClick='toggleBox("stack-trace1032671934", this, "Click to show all stack frames", "Click to hide stack frames")'>Click to show all stack frames</a>
<div class='stack-trace' id='stack-trace1032671934'><pre>org.molgenis.data.MolgenisDataException: Deleting system entity attribute [attrName] is not allowed
	at org.molgenis.data.security.meta.AttributeRepositorySecurityDecorator.validateDeleteAllowed(AttributeRepositorySecurityDecorator.java:317)
	at org.molgenis.data.security.meta.AttributeRepositorySecurityDecorator.delete(AttributeRepositorySecurityDecorator.java:244)
	at org.molgenis.data.security.meta.AttributeRepositorySecurityDecoratorTest.deleteSystemAttribute(AttributeRepositorySecurityDecoratorTest.java:681)
	at sun.reflect.NativeMethodAccessorImpl.invoke0(Native Method)
	at sun.reflect.NativeMethodAccessorImpl.invoke(NativeMethodAccessorImpl.java:62)
	at sun.reflect.DelegatingMethodAccessorImpl.invoke(DelegatingMethodAccessorImpl.java:43)
	at java.lang.reflect.Method.invoke(Method.java:498)
	at org.testng.internal.MethodInvocationHelper.invokeMethod(MethodInvocationHelper.java:80)
	at org.testng.internal.MethodInvocationHelper$1.runTestMethod(MethodInvocationHelper.java:182)
	at org.springframework.test.context.testng.AbstractTestNGSpringContextTests.run(AbstractTestNGSpringContextTests.java:175)
	at sun.reflect.GeneratedMethodAccessor28.invoke(Unknown Source)
	at sun.reflect.DelegatingMethodAccessorImpl.invoke(DelegatingMethodAccessorImpl.java:43)
	at java.lang.reflect.Method.invoke(Method.java:498)
	at org.testng.internal.MethodInvocationHelper.invokeHookable(MethodInvocationHelper.java:194)
	at org.testng.internal.Invoker.invokeMethod(Invoker.java:707)
	at org.testng.internal.Invoker.invokeTestMethod(Invoker.java:901)
	at org.testng.internal.Invoker.invokeTestMethods(Invoker.java:1231)
	at org.testng.internal.TestMethodWorker.invokeTestMethods(TestMethodWorker.java:127)
	at org.testng.internal.TestMethodWorker.run(TestMethodWorker.java:111)
	at org.testng.TestRunner.privateRun(TestRunner.java:767)
	at org.testng.TestRunner.run(TestRunner.java:617)
	at org.testng.SuiteRunner.runTest(SuiteRunner.java:334)
	at org.testng.SuiteRunner.runSequentially(SuiteRunner.java:329)
	at org.testng.SuiteRunner.privateRun(SuiteRunner.java:291)
	at org.testng.SuiteRunner.run(SuiteRunner.java:240)
	at org.testng.SuiteRunnerWorker.runSuite(SuiteRunnerWorker.java:52)
	at org.testng.SuiteRunnerWorker.run(SuiteRunnerWorker.java:86)
	at org.testng.TestNG.runSuitesSequentially(TestNG.java:1198)
	at org.testng.TestNG.runSuitesLocally(TestNG.java:1123)
	at org.testng.TestNG.run(TestNG.java:1031)
	at org.apache.maven.surefire.testng.TestNGExecutor.run(TestNGExecutor.java:132)
	at org.apache.maven.surefire.testng.TestNGDirectoryTestSuite.executeMulti(TestNGDirectoryTestSuite.java:193)
	at org.apache.maven.surefire.testng.TestNGDirectoryTestSuite.execute(TestNGDirectoryTestSuite.java:94)
	at org.apache.maven.surefire.testng.TestNGProvider.invoke(TestNGProvider.java:147)
	at org.apache.maven.surefire.booter.ForkedBooter.invokeProviderInSameClassLoader(ForkedBooter.java:290)
	at org.apache.maven.surefire.booter.ForkedBooter.runSuitesInProcess(ForkedBooter.java:242)
	at org.apache.maven.surefire.booter.ForkedBooter.main(ForkedBooter.java:121)
</pre></div></td>
<td>0</td>
<td>org.molgenis.data.security.meta.AttributeRepositorySecurityDecoratorTest@4c5474f5</td></tr>
<tr>
<td title='org.molgenis.data.security.meta.EntityTypeRepositorySecurityDecoratorTest.deleteSystemEntityType()'><b>deleteSystemEntityType</b><br>Test class: org.molgenis.data.security.meta.EntityTypeRepositorySecurityDecoratorTest</td>
<td><div><pre>org.molgenis.data.MolgenisDataException: Deleting system entity meta data [entity] is not allowed
	at org.molgenis.data.security.meta.EntityTypeRepositorySecurityDecorator.validateDeleteAllowed(EntityTypeRepositorySecurityDecorator.java:380)
	at org.molgenis.data.security.meta.EntityTypeRepositorySecurityDecorator.delete(EntityTypeRepositorySecurityDecorator.java:254)
	at org.molgenis.data.security.meta.EntityTypeRepositorySecurityDecoratorTest.delete(EntityTypeRepositorySecurityDecoratorTest.java:676)
	at org.molgenis.data.security.meta.EntityTypeRepositorySecurityDecoratorTest.deleteSystemEntityType(EntityTypeRepositorySecurityDecoratorTest.java:651)
	at org.springframework.test.context.testng.AbstractTestNGSpringContextTests.run(AbstractTestNGSpringContextTests.java:175)
	at org.apache.maven.surefire.testng.TestNGExecutor.run(TestNGExecutor.java:132)
	at org.apache.maven.surefire.testng.TestNGDirectoryTestSuite.executeMulti(TestNGDirectoryTestSuite.java:193)
	at org.apache.maven.surefire.testng.TestNGDirectoryTestSuite.execute(TestNGDirectoryTestSuite.java:94)
	at org.apache.maven.surefire.testng.TestNGProvider.invoke(TestNGProvider.java:147)
	at org.apache.maven.surefire.booter.ForkedBooter.invokeProviderInSameClassLoader(ForkedBooter.java:290)
	at org.apache.maven.surefire.booter.ForkedBooter.runSuitesInProcess(ForkedBooter.java:242)
	at org.apache.maven.surefire.booter.ForkedBooter.main(ForkedBooter.java:121)
... Removed 26 stack frames</pre></div><a href='#' onClick='toggleBox("stack-trace1821310436", this, "Click to show all stack frames", "Click to hide stack frames")'>Click to show all stack frames</a>
<div class='stack-trace' id='stack-trace1821310436'><pre>org.molgenis.data.MolgenisDataException: Deleting system entity meta data [entity] is not allowed
	at org.molgenis.data.security.meta.EntityTypeRepositorySecurityDecorator.validateDeleteAllowed(EntityTypeRepositorySecurityDecorator.java:380)
	at org.molgenis.data.security.meta.EntityTypeRepositorySecurityDecorator.delete(EntityTypeRepositorySecurityDecorator.java:254)
	at org.molgenis.data.security.meta.EntityTypeRepositorySecurityDecoratorTest.delete(EntityTypeRepositorySecurityDecoratorTest.java:676)
	at org.molgenis.data.security.meta.EntityTypeRepositorySecurityDecoratorTest.deleteSystemEntityType(EntityTypeRepositorySecurityDecoratorTest.java:651)
	at sun.reflect.NativeMethodAccessorImpl.invoke0(Native Method)
	at sun.reflect.NativeMethodAccessorImpl.invoke(NativeMethodAccessorImpl.java:62)
	at sun.reflect.DelegatingMethodAccessorImpl.invoke(DelegatingMethodAccessorImpl.java:43)
	at java.lang.reflect.Method.invoke(Method.java:498)
	at org.testng.internal.MethodInvocationHelper.invokeMethod(MethodInvocationHelper.java:80)
	at org.testng.internal.MethodInvocationHelper$1.runTestMethod(MethodInvocationHelper.java:182)
	at org.springframework.test.context.testng.AbstractTestNGSpringContextTests.run(AbstractTestNGSpringContextTests.java:175)
	at sun.reflect.GeneratedMethodAccessor28.invoke(Unknown Source)
	at sun.reflect.DelegatingMethodAccessorImpl.invoke(DelegatingMethodAccessorImpl.java:43)
	at java.lang.reflect.Method.invoke(Method.java:498)
	at org.testng.internal.MethodInvocationHelper.invokeHookable(MethodInvocationHelper.java:194)
	at org.testng.internal.Invoker.invokeMethod(Invoker.java:707)
	at org.testng.internal.Invoker.invokeTestMethod(Invoker.java:901)
	at org.testng.internal.Invoker.invokeTestMethods(Invoker.java:1231)
	at org.testng.internal.TestMethodWorker.invokeTestMethods(TestMethodWorker.java:127)
	at org.testng.internal.TestMethodWorker.run(TestMethodWorker.java:111)
	at org.testng.TestRunner.privateRun(TestRunner.java:767)
	at org.testng.TestRunner.run(TestRunner.java:617)
	at org.testng.SuiteRunner.runTest(SuiteRunner.java:334)
	at org.testng.SuiteRunner.runSequentially(SuiteRunner.java:329)
	at org.testng.SuiteRunner.privateRun(SuiteRunner.java:291)
	at org.testng.SuiteRunner.run(SuiteRunner.java:240)
	at org.testng.SuiteRunnerWorker.runSuite(SuiteRunnerWorker.java:52)
	at org.testng.SuiteRunnerWorker.run(SuiteRunnerWorker.java:86)
	at org.testng.TestNG.runSuitesSequentially(TestNG.java:1198)
	at org.testng.TestNG.runSuitesLocally(TestNG.java:1123)
	at org.testng.TestNG.run(TestNG.java:1031)
	at org.apache.maven.surefire.testng.TestNGExecutor.run(TestNGExecutor.java:132)
	at org.apache.maven.surefire.testng.TestNGDirectoryTestSuite.executeMulti(TestNGDirectoryTestSuite.java:193)
	at org.apache.maven.surefire.testng.TestNGDirectoryTestSuite.execute(TestNGDirectoryTestSuite.java:94)
	at org.apache.maven.surefire.testng.TestNGProvider.invoke(TestNGProvider.java:147)
	at org.apache.maven.surefire.booter.ForkedBooter.invokeProviderInSameClassLoader(ForkedBooter.java:290)
	at org.apache.maven.surefire.booter.ForkedBooter.runSuitesInProcess(ForkedBooter.java:242)
	at org.apache.maven.surefire.booter.ForkedBooter.main(ForkedBooter.java:121)
</pre></div></td>
<td>0</td>
<td>org.molgenis.data.security.meta.EntityTypeRepositorySecurityDecoratorTest@555cf22</td></tr>
<tr>
<td title='org.molgenis.data.security.meta.EntityTypeRepositorySecurityDecoratorTest.deleteUser()'><b>deleteUser</b><br>Test class: org.molgenis.data.security.meta.EntityTypeRepositorySecurityDecoratorTest</td>
<td></td>
<td>0</td>
<td>org.molgenis.data.security.meta.EntityTypeRepositorySecurityDecoratorTest@555cf22</td></tr>
<tr>
<td title='org.molgenis.data.security.meta.EntityTypeRepositorySecurityDecoratorTest.deleteUserNotAllowed()'><b>deleteUserNotAllowed</b><br>Test class: org.molgenis.data.security.meta.EntityTypeRepositorySecurityDecoratorTest</td>
<td><div><pre>org.molgenis.data.MolgenisDataAccessException: No [WRITEMETA] permission on entity type [entity] with id [entity]
	at org.molgenis.data.security.util.SecurityDecoratorUtils.validatePermission(SecurityDecoratorUtils.java:20)
	at org.molgenis.data.security.meta.EntityTypeRepositorySecurityDecorator.validateDeleteAllowed(EntityTypeRepositorySecurityDecorator.java:373)
	at org.molgenis.data.security.meta.EntityTypeRepositorySecurityDecorator.delete(EntityTypeRepositorySecurityDecorator.java:254)
	at org.molgenis.data.security.meta.EntityTypeRepositorySecurityDecoratorTest.delete(EntityTypeRepositorySecurityDecoratorTest.java:676)
	at org.molgenis.data.security.meta.EntityTypeRepositorySecurityDecoratorTest.deleteUserNotAllowed(EntityTypeRepositorySecurityDecoratorTest.java:643)
	at org.springframework.test.context.testng.AbstractTestNGSpringContextTests.run(AbstractTestNGSpringContextTests.java:175)
	at org.apache.maven.surefire.testng.TestNGExecutor.run(TestNGExecutor.java:132)
	at org.apache.maven.surefire.testng.TestNGDirectoryTestSuite.executeMulti(TestNGDirectoryTestSuite.java:193)
	at org.apache.maven.surefire.testng.TestNGDirectoryTestSuite.execute(TestNGDirectoryTestSuite.java:94)
	at org.apache.maven.surefire.testng.TestNGProvider.invoke(TestNGProvider.java:147)
	at org.apache.maven.surefire.booter.ForkedBooter.invokeProviderInSameClassLoader(ForkedBooter.java:290)
	at org.apache.maven.surefire.booter.ForkedBooter.runSuitesInProcess(ForkedBooter.java:242)
	at org.apache.maven.surefire.booter.ForkedBooter.main(ForkedBooter.java:121)
... Removed 26 stack frames</pre></div><a href='#' onClick='toggleBox("stack-trace1505006316", this, "Click to show all stack frames", "Click to hide stack frames")'>Click to show all stack frames</a>
<div class='stack-trace' id='stack-trace1505006316'><pre>org.molgenis.data.MolgenisDataAccessException: No [WRITEMETA] permission on entity type [entity] with id [entity]
	at org.molgenis.data.security.util.SecurityDecoratorUtils.validatePermission(SecurityDecoratorUtils.java:20)
	at org.molgenis.data.security.meta.EntityTypeRepositorySecurityDecorator.validateDeleteAllowed(EntityTypeRepositorySecurityDecorator.java:373)
	at org.molgenis.data.security.meta.EntityTypeRepositorySecurityDecorator.delete(EntityTypeRepositorySecurityDecorator.java:254)
	at org.molgenis.data.security.meta.EntityTypeRepositorySecurityDecoratorTest.delete(EntityTypeRepositorySecurityDecoratorTest.java:676)
	at org.molgenis.data.security.meta.EntityTypeRepositorySecurityDecoratorTest.deleteUserNotAllowed(EntityTypeRepositorySecurityDecoratorTest.java:643)
	at sun.reflect.NativeMethodAccessorImpl.invoke0(Native Method)
	at sun.reflect.NativeMethodAccessorImpl.invoke(NativeMethodAccessorImpl.java:62)
	at sun.reflect.DelegatingMethodAccessorImpl.invoke(DelegatingMethodAccessorImpl.java:43)
	at java.lang.reflect.Method.invoke(Method.java:498)
	at org.testng.internal.MethodInvocationHelper.invokeMethod(MethodInvocationHelper.java:80)
	at org.testng.internal.MethodInvocationHelper$1.runTestMethod(MethodInvocationHelper.java:182)
	at org.springframework.test.context.testng.AbstractTestNGSpringContextTests.run(AbstractTestNGSpringContextTests.java:175)
	at sun.reflect.GeneratedMethodAccessor28.invoke(Unknown Source)
	at sun.reflect.DelegatingMethodAccessorImpl.invoke(DelegatingMethodAccessorImpl.java:43)
	at java.lang.reflect.Method.invoke(Method.java:498)
	at org.testng.internal.MethodInvocationHelper.invokeHookable(MethodInvocationHelper.java:194)
	at org.testng.internal.Invoker.invokeMethod(Invoker.java:707)
	at org.testng.internal.Invoker.invokeTestMethod(Invoker.java:901)
	at org.testng.internal.Invoker.invokeTestMethods(Invoker.java:1231)
	at org.testng.internal.TestMethodWorker.invokeTestMethods(TestMethodWorker.java:127)
	at org.testng.internal.TestMethodWorker.run(TestMethodWorker.java:111)
	at org.testng.TestRunner.privateRun(TestRunner.java:767)
	at org.testng.TestRunner.run(TestRunner.java:617)
	at org.testng.SuiteRunner.runTest(SuiteRunner.java:334)
	at org.testng.SuiteRunner.runSequentially(SuiteRunner.java:329)
	at org.testng.SuiteRunner.privateRun(SuiteRunner.java:291)
	at org.testng.SuiteRunner.run(SuiteRunner.java:240)
	at org.testng.SuiteRunnerWorker.runSuite(SuiteRunnerWorker.java:52)
	at org.testng.SuiteRunnerWorker.run(SuiteRunnerWorker.java:86)
	at org.testng.TestNG.runSuitesSequentially(TestNG.java:1198)
	at org.testng.TestNG.runSuitesLocally(TestNG.java:1123)
	at org.testng.TestNG.run(TestNG.java:1031)
	at org.apache.maven.surefire.testng.TestNGExecutor.run(TestNGExecutor.java:132)
	at org.apache.maven.surefire.testng.TestNGDirectoryTestSuite.executeMulti(TestNGDirectoryTestSuite.java:193)
	at org.apache.maven.surefire.testng.TestNGDirectoryTestSuite.execute(TestNGDirectoryTestSuite.java:94)
	at org.apache.maven.surefire.testng.TestNGProvider.invoke(TestNGProvider.java:147)
	at org.apache.maven.surefire.booter.ForkedBooter.invokeProviderInSameClassLoader(ForkedBooter.java:290)
	at org.apache.maven.surefire.booter.ForkedBooter.runSuitesInProcess(ForkedBooter.java:242)
	at org.apache.maven.surefire.booter.ForkedBooter.main(ForkedBooter.java:121)
</pre></div></td>
<td>0</td>
<td>org.molgenis.data.security.meta.EntityTypeRepositorySecurityDecoratorTest@555cf22</td></tr>
<tr>
<td title='org.molgenis.data.security.owned.OwnedEntityRepositoryDecoratorTest.findAllAsStreamExtendsOwned()'><b>findAllAsStreamExtendsOwned</b><br>Test class: org.molgenis.data.security.owned.OwnedEntityRepositoryDecoratorTest</td>
<td></td>
<td>0</td>
<td>org.molgenis.data.security.owned.OwnedEntityRepositoryDecoratorTest@2e61d218</td></tr>
<tr>
<td title='org.molgenis.data.security.RepositorySecurityDecoratorTest.findAllAsStreamNoPermission()'><b>findAllAsStreamNoPermission</b><br>Test class: org.molgenis.data.security.RepositorySecurityDecoratorTest</td>
<td><div><pre>org.molgenis.data.MolgenisDataAccessException: No [READ] permission on entity type [entity] with id [entityID]
	at org.molgenis.data.security.util.SecurityDecoratorUtils.validatePermission(SecurityDecoratorUtils.java:20)
	at org.molgenis.data.security.RepositorySecurityDecorator.findAll(RepositorySecurityDecorator.java:63)
	at org.molgenis.data.security.RepositorySecurityDecoratorTest.findAllAsStreamNoPermission(RepositorySecurityDecoratorTest.java:312)
	at org.apache.maven.surefire.testng.TestNGExecutor.run(TestNGExecutor.java:132)
	at org.apache.maven.surefire.testng.TestNGDirectoryTestSuite.executeMulti(TestNGDirectoryTestSuite.java:193)
	at org.apache.maven.surefire.testng.TestNGDirectoryTestSuite.execute(TestNGDirectoryTestSuite.java:94)
	at org.apache.maven.surefire.testng.TestNGProvider.invoke(TestNGProvider.java:147)
	at org.apache.maven.surefire.booter.ForkedBooter.invokeProviderInSameClassLoader(ForkedBooter.java:290)
	at org.apache.maven.surefire.booter.ForkedBooter.runSuitesInProcess(ForkedBooter.java:242)
	at org.apache.maven.surefire.booter.ForkedBooter.main(ForkedBooter.java:121)
... Removed 21 stack frames</pre></div><a href='#' onClick='toggleBox("stack-trace1250848393", this, "Click to show all stack frames", "Click to hide stack frames")'>Click to show all stack frames</a>
<div class='stack-trace' id='stack-trace1250848393'><pre>org.molgenis.data.MolgenisDataAccessException: No [READ] permission on entity type [entity] with id [entityID]
	at org.molgenis.data.security.util.SecurityDecoratorUtils.validatePermission(SecurityDecoratorUtils.java:20)
	at org.molgenis.data.security.RepositorySecurityDecorator.findAll(RepositorySecurityDecorator.java:63)
	at org.molgenis.data.security.RepositorySecurityDecoratorTest.findAllAsStreamNoPermission(RepositorySecurityDecoratorTest.java:312)
	at sun.reflect.NativeMethodAccessorImpl.invoke0(Native Method)
	at sun.reflect.NativeMethodAccessorImpl.invoke(NativeMethodAccessorImpl.java:62)
	at sun.reflect.DelegatingMethodAccessorImpl.invoke(DelegatingMethodAccessorImpl.java:43)
	at java.lang.reflect.Method.invoke(Method.java:498)
	at org.testng.internal.MethodInvocationHelper.invokeMethod(MethodInvocationHelper.java:80)
	at org.testng.internal.Invoker.invokeMethod(Invoker.java:714)
	at org.testng.internal.Invoker.invokeTestMethod(Invoker.java:901)
	at org.testng.internal.Invoker.invokeTestMethods(Invoker.java:1231)
	at org.testng.internal.TestMethodWorker.invokeTestMethods(TestMethodWorker.java:127)
	at org.testng.internal.TestMethodWorker.run(TestMethodWorker.java:111)
	at org.testng.TestRunner.privateRun(TestRunner.java:767)
	at org.testng.TestRunner.run(TestRunner.java:617)
	at org.testng.SuiteRunner.runTest(SuiteRunner.java:334)
	at org.testng.SuiteRunner.runSequentially(SuiteRunner.java:329)
	at org.testng.SuiteRunner.privateRun(SuiteRunner.java:291)
	at org.testng.SuiteRunner.run(SuiteRunner.java:240)
	at org.testng.SuiteRunnerWorker.runSuite(SuiteRunnerWorker.java:52)
	at org.testng.SuiteRunnerWorker.run(SuiteRunnerWorker.java:86)
	at org.testng.TestNG.runSuitesSequentially(TestNG.java:1198)
	at org.testng.TestNG.runSuitesLocally(TestNG.java:1123)
	at org.testng.TestNG.run(TestNG.java:1031)
	at org.apache.maven.surefire.testng.TestNGExecutor.run(TestNGExecutor.java:132)
	at org.apache.maven.surefire.testng.TestNGDirectoryTestSuite.executeMulti(TestNGDirectoryTestSuite.java:193)
	at org.apache.maven.surefire.testng.TestNGDirectoryTestSuite.execute(TestNGDirectoryTestSuite.java:94)
	at org.apache.maven.surefire.testng.TestNGProvider.invoke(TestNGProvider.java:147)
	at org.apache.maven.surefire.booter.ForkedBooter.invokeProviderInSameClassLoader(ForkedBooter.java:290)
	at org.apache.maven.surefire.booter.ForkedBooter.runSuitesInProcess(ForkedBooter.java:242)
	at org.apache.maven.surefire.booter.ForkedBooter.main(ForkedBooter.java:121)
</pre></div></td>
<td>0</td>
<td>org.molgenis.data.security.RepositorySecurityDecoratorTest@3569fc08</td></tr>
<tr>
<td title='org.molgenis.data.security.owned.OwnedEntityRepositoryDecoratorTest.findAllAsStreamNotExtendsOwned()'><b>findAllAsStreamNotExtendsOwned</b><br>Test class: org.molgenis.data.security.owned.OwnedEntityRepositoryDecoratorTest</td>
<td></td>
<td>0</td>
<td>org.molgenis.data.security.owned.OwnedEntityRepositoryDecoratorTest@2e61d218</td></tr>
<tr>
<td title='org.molgenis.data.security.RepositorySecurityDecoratorTest.findAllAsStreamPermission()'><b>findAllAsStreamPermission</b><br>Test class: org.molgenis.data.security.RepositorySecurityDecoratorTest</td>
<td></td>
<td>0</td>
<td>org.molgenis.data.security.RepositorySecurityDecoratorTest@3569fc08</td></tr>
<tr>
<td title='org.molgenis.data.security.meta.EntityTypeRepositorySecurityDecoratorTest.findAllIdsFetchSu()'><b>findAllIdsFetchSu</b><br>Test class: org.molgenis.data.security.meta.EntityTypeRepositorySecurityDecoratorTest</td>
<td></td>
<td>0</td>
<td>org.molgenis.data.security.meta.EntityTypeRepositorySecurityDecoratorTest@555cf22</td></tr>
<tr>
<td title='org.molgenis.data.security.meta.AttributeRepositorySecurityDecoratorTest.findAllIdsFetchSu()'><b>findAllIdsFetchSu</b><br>Test class: org.molgenis.data.security.meta.AttributeRepositorySecurityDecoratorTest</td>
<td></td>
<td>0</td>
<td>org.molgenis.data.security.meta.AttributeRepositorySecurityDecoratorTest@4c5474f5</td></tr>
<tr>
<td title='org.molgenis.data.security.meta.EntityTypeRepositorySecurityDecoratorTest.findAllIdsFetchSystem()'><b>findAllIdsFetchSystem</b><br>Test class: org.molgenis.data.security.meta.EntityTypeRepositorySecurityDecoratorTest</td>
<td></td>
<td>0</td>
<td>org.molgenis.data.security.meta.EntityTypeRepositorySecurityDecoratorTest@555cf22</td></tr>
<tr>
<td title='org.molgenis.data.security.meta.AttributeRepositorySecurityDecoratorTest.findAllIdsFetchSystem()'><b>findAllIdsFetchSystem</b><br>Test class: org.molgenis.data.security.meta.AttributeRepositorySecurityDecoratorTest</td>
<td></td>
<td>0</td>
<td>org.molgenis.data.security.meta.AttributeRepositorySecurityDecoratorTest@4c5474f5</td></tr>
<tr>
<td title='org.molgenis.data.security.meta.EntityTypeRepositorySecurityDecoratorTest.findAllIdsFetchUser()'><b>findAllIdsFetchUser</b><br>Test class: org.molgenis.data.security.meta.EntityTypeRepositorySecurityDecoratorTest</td>
<td></td>
<td>0</td>
<td>org.molgenis.data.security.meta.EntityTypeRepositorySecurityDecoratorTest@555cf22</td></tr>
<tr>
<td title='org.molgenis.data.security.meta.AttributeRepositorySecurityDecoratorTest.findAllIdsFetchUser()'><b>findAllIdsFetchUser</b><br>Test class: org.molgenis.data.security.meta.AttributeRepositorySecurityDecoratorTest</td>
<td></td>
<td>0</td>
<td>org.molgenis.data.security.meta.AttributeRepositorySecurityDecoratorTest@4c5474f5</td></tr>
<tr>
<td title='org.molgenis.data.security.meta.EntityTypeRepositorySecurityDecoratorTest.findAllIdsSu()'><b>findAllIdsSu</b><br>Test class: org.molgenis.data.security.meta.EntityTypeRepositorySecurityDecoratorTest</td>
<td></td>
<td>0</td>
<td>org.molgenis.data.security.meta.EntityTypeRepositorySecurityDecoratorTest@555cf22</td></tr>
<tr>
<td title='org.molgenis.data.security.meta.AttributeRepositorySecurityDecoratorTest.findAllIdsSu()'><b>findAllIdsSu</b><br>Test class: org.molgenis.data.security.meta.AttributeRepositorySecurityDecoratorTest</td>
<td></td>
<td>0</td>
<td>org.molgenis.data.security.meta.AttributeRepositorySecurityDecoratorTest@4c5474f5</td></tr>
<tr>
<td title='org.molgenis.data.security.meta.EntityTypeRepositorySecurityDecoratorTest.findAllIdsSystem()'><b>findAllIdsSystem</b><br>Test class: org.molgenis.data.security.meta.EntityTypeRepositorySecurityDecoratorTest</td>
<td></td>
<td>0</td>
<td>org.molgenis.data.security.meta.EntityTypeRepositorySecurityDecoratorTest@555cf22</td></tr>
<tr>
<td title='org.molgenis.data.security.meta.AttributeRepositorySecurityDecoratorTest.findAllIdsSystem()'><b>findAllIdsSystem</b><br>Test class: org.molgenis.data.security.meta.AttributeRepositorySecurityDecoratorTest</td>
<td></td>
<td>0</td>
<td>org.molgenis.data.security.meta.AttributeRepositorySecurityDecoratorTest@4c5474f5</td></tr>
<tr>
<td title='org.molgenis.data.security.meta.EntityTypeRepositorySecurityDecoratorTest.findAllIdsUser()'><b>findAllIdsUser</b><br>Test class: org.molgenis.data.security.meta.EntityTypeRepositorySecurityDecoratorTest</td>
<td></td>
<td>0</td>
<td>org.molgenis.data.security.meta.EntityTypeRepositorySecurityDecoratorTest@555cf22</td></tr>
<tr>
<td title='org.molgenis.data.security.meta.AttributeRepositorySecurityDecoratorTest.findAllIdsUser()'><b>findAllIdsUser</b><br>Test class: org.molgenis.data.security.meta.AttributeRepositorySecurityDecoratorTest</td>
<td></td>
<td>0</td>
<td>org.molgenis.data.security.meta.AttributeRepositorySecurityDecoratorTest@4c5474f5</td></tr>
<tr>
<td title='org.molgenis.data.security.RepositorySecurityDecoratorTest.findAllNoPermission()'><b>findAllNoPermission</b><br>Test class: org.molgenis.data.security.RepositorySecurityDecoratorTest</td>
<td><div><pre>org.molgenis.data.MolgenisDataAccessException: No [READ] permission on entity type [entity] with id [entityID]
	at org.molgenis.data.security.util.SecurityDecoratorUtils.validatePermission(SecurityDecoratorUtils.java:20)
	at org.molgenis.data.security.RepositorySecurityDecorator.findAll(RepositorySecurityDecorator.java:103)
	at org.molgenis.data.security.RepositorySecurityDecoratorTest.findAllNoPermission(RepositorySecurityDecoratorTest.java:252)
	at org.apache.maven.surefire.testng.TestNGExecutor.run(TestNGExecutor.java:132)
	at org.apache.maven.surefire.testng.TestNGDirectoryTestSuite.executeMulti(TestNGDirectoryTestSuite.java:193)
	at org.apache.maven.surefire.testng.TestNGDirectoryTestSuite.execute(TestNGDirectoryTestSuite.java:94)
	at org.apache.maven.surefire.testng.TestNGProvider.invoke(TestNGProvider.java:147)
	at org.apache.maven.surefire.booter.ForkedBooter.invokeProviderInSameClassLoader(ForkedBooter.java:290)
	at org.apache.maven.surefire.booter.ForkedBooter.runSuitesInProcess(ForkedBooter.java:242)
	at org.apache.maven.surefire.booter.ForkedBooter.main(ForkedBooter.java:121)
... Removed 21 stack frames</pre></div><a href='#' onClick='toggleBox("stack-trace823775087", this, "Click to show all stack frames", "Click to hide stack frames")'>Click to show all stack frames</a>
<div class='stack-trace' id='stack-trace823775087'><pre>org.molgenis.data.MolgenisDataAccessException: No [READ] permission on entity type [entity] with id [entityID]
	at org.molgenis.data.security.util.SecurityDecoratorUtils.validatePermission(SecurityDecoratorUtils.java:20)
	at org.molgenis.data.security.RepositorySecurityDecorator.findAll(RepositorySecurityDecorator.java:103)
	at org.molgenis.data.security.RepositorySecurityDecoratorTest.findAllNoPermission(RepositorySecurityDecoratorTest.java:252)
	at sun.reflect.NativeMethodAccessorImpl.invoke0(Native Method)
	at sun.reflect.NativeMethodAccessorImpl.invoke(NativeMethodAccessorImpl.java:62)
	at sun.reflect.DelegatingMethodAccessorImpl.invoke(DelegatingMethodAccessorImpl.java:43)
	at java.lang.reflect.Method.invoke(Method.java:498)
	at org.testng.internal.MethodInvocationHelper.invokeMethod(MethodInvocationHelper.java:80)
	at org.testng.internal.Invoker.invokeMethod(Invoker.java:714)
	at org.testng.internal.Invoker.invokeTestMethod(Invoker.java:901)
	at org.testng.internal.Invoker.invokeTestMethods(Invoker.java:1231)
	at org.testng.internal.TestMethodWorker.invokeTestMethods(TestMethodWorker.java:127)
	at org.testng.internal.TestMethodWorker.run(TestMethodWorker.java:111)
	at org.testng.TestRunner.privateRun(TestRunner.java:767)
	at org.testng.TestRunner.run(TestRunner.java:617)
	at org.testng.SuiteRunner.runTest(SuiteRunner.java:334)
	at org.testng.SuiteRunner.runSequentially(SuiteRunner.java:329)
	at org.testng.SuiteRunner.privateRun(SuiteRunner.java:291)
	at org.testng.SuiteRunner.run(SuiteRunner.java:240)
	at org.testng.SuiteRunnerWorker.runSuite(SuiteRunnerWorker.java:52)
	at org.testng.SuiteRunnerWorker.run(SuiteRunnerWorker.java:86)
	at org.testng.TestNG.runSuitesSequentially(TestNG.java:1198)
	at org.testng.TestNG.runSuitesLocally(TestNG.java:1123)
	at org.testng.TestNG.run(TestNG.java:1031)
	at org.apache.maven.surefire.testng.TestNGExecutor.run(TestNGExecutor.java:132)
	at org.apache.maven.surefire.testng.TestNGDirectoryTestSuite.executeMulti(TestNGDirectoryTestSuite.java:193)
	at org.apache.maven.surefire.testng.TestNGDirectoryTestSuite.execute(TestNGDirectoryTestSuite.java:94)
	at org.apache.maven.surefire.testng.TestNGProvider.invoke(TestNGProvider.java:147)
	at org.apache.maven.surefire.booter.ForkedBooter.invokeProviderInSameClassLoader(ForkedBooter.java:290)
	at org.apache.maven.surefire.booter.ForkedBooter.runSuitesInProcess(ForkedBooter.java:242)
	at org.apache.maven.surefire.booter.ForkedBooter.main(ForkedBooter.java:121)
</pre></div></td>
<td>0</td>
<td>org.molgenis.data.security.RepositorySecurityDecoratorTest@3569fc08</td></tr>
<tr>
<td title='org.molgenis.data.security.RepositorySecurityDecoratorTest.findAllPermission()'><b>findAllPermission</b><br>Test class: org.molgenis.data.security.RepositorySecurityDecoratorTest</td>
<td></td>
<td>0</td>
<td>org.molgenis.data.security.RepositorySecurityDecoratorTest@3569fc08</td></tr>
<tr>
<td title='org.molgenis.data.security.meta.EntityTypeRepositorySecurityDecoratorTest.findAllQuerySu()'><b>findAllQuerySu</b><br>Test class: org.molgenis.data.security.meta.EntityTypeRepositorySecurityDecoratorTest</td>
<td></td>
<td>0</td>
<td>org.molgenis.data.security.meta.EntityTypeRepositorySecurityDecoratorTest@555cf22</td></tr>
<tr>
<td title='org.molgenis.data.security.meta.AttributeRepositorySecurityDecoratorTest.findAllQuerySu()'><b>findAllQuerySu</b><br>Test class: org.molgenis.data.security.meta.AttributeRepositorySecurityDecoratorTest</td>
<td></td>
<td>0</td>
<td>org.molgenis.data.security.meta.AttributeRepositorySecurityDecoratorTest@4c5474f5</td></tr>
<tr>
<td title='org.molgenis.data.security.meta.EntityTypeRepositorySecurityDecoratorTest.findAllQuerySystem()'><b>findAllQuerySystem</b><br>Test class: org.molgenis.data.security.meta.EntityTypeRepositorySecurityDecoratorTest</td>
<td></td>
<td>0</td>
<td>org.molgenis.data.security.meta.EntityTypeRepositorySecurityDecoratorTest@555cf22</td></tr>
<tr>
<td title='org.molgenis.data.security.meta.AttributeRepositorySecurityDecoratorTest.findAllQuerySystem()'><b>findAllQuerySystem</b><br>Test class: org.molgenis.data.security.meta.AttributeRepositorySecurityDecoratorTest</td>
<td></td>
<td>0</td>
<td>org.molgenis.data.security.meta.AttributeRepositorySecurityDecoratorTest@4c5474f5</td></tr>
<tr>
<td title='org.molgenis.data.security.meta.EntityTypeRepositorySecurityDecoratorTest.findAllQueryUser()'><b>findAllQueryUser</b><br>Test class: org.molgenis.data.security.meta.EntityTypeRepositorySecurityDecoratorTest</td>
<td></td>
<td>0</td>
<td>org.molgenis.data.security.meta.EntityTypeRepositorySecurityDecoratorTest@555cf22</td></tr>
<tr>
<td title='org.molgenis.data.security.meta.AttributeRepositorySecurityDecoratorTest.findAllQueryUser()'><b>findAllQueryUser</b><br>Test class: org.molgenis.data.security.meta.AttributeRepositorySecurityDecoratorTest</td>
<td></td>
<td>0</td>
<td>org.molgenis.data.security.meta.AttributeRepositorySecurityDecoratorTest@4c5474f5</td></tr>
<tr>
<td title='org.molgenis.data.security.meta.EntityTypeRepositorySecurityDecoratorTest.findAllQueryUserOffsetLimit()'><b>findAllQueryUserOffsetLimit</b><br>Test class: org.molgenis.data.security.meta.EntityTypeRepositorySecurityDecoratorTest</td>
<td></td>
<td>0</td>
<td>org.molgenis.data.security.meta.EntityTypeRepositorySecurityDecoratorTest@555cf22</td></tr>
<tr>
<td title='org.molgenis.data.security.meta.AttributeRepositorySecurityDecoratorTest.findAllQueryUserOffsetLimit()'><b>findAllQueryUserOffsetLimit</b><br>Test class: org.molgenis.data.security.meta.AttributeRepositorySecurityDecoratorTest</td>
<td></td>
<td>0</td>
<td>org.molgenis.data.security.meta.AttributeRepositorySecurityDecoratorTest@4c5474f5</td></tr>
<tr>
<td title='org.molgenis.data.security.RepositorySecurityDecoratorTest.findAllStream()'><b>findAllStream</b><br>Test class: org.molgenis.data.security.RepositorySecurityDecoratorTest</td>
<td></td>
<td>0</td>
<td>org.molgenis.data.security.RepositorySecurityDecoratorTest@3569fc08</td></tr>
<tr>
<td title='org.molgenis.data.security.owned.OwnedEntityRepositoryDecoratorTest.findAllStreamExtendsOwned()'><b>findAllStreamExtendsOwned</b><br>Test class: org.molgenis.data.security.owned.OwnedEntityRepositoryDecoratorTest</td>
<td></td>
<td>0</td>
<td>org.molgenis.data.security.owned.OwnedEntityRepositoryDecoratorTest@2e61d218</td></tr>
<tr>
<td title='org.molgenis.data.security.owned.OwnedEntityRepositoryDecoratorTest.findAllStreamExtendsOwnedBySomeoneElse()'><b>findAllStreamExtendsOwnedBySomeoneElse</b><br>Test class: org.molgenis.data.security.owned.OwnedEntityRepositoryDecoratorTest</td>
<td></td>
<td>0</td>
<td>org.molgenis.data.security.owned.OwnedEntityRepositoryDecoratorTest@2e61d218</td></tr>
<tr>
<td title='org.molgenis.data.security.RepositorySecurityDecoratorTest.findAllStreamFetch()'><b>findAllStreamFetch</b><br>Test class: org.molgenis.data.security.RepositorySecurityDecoratorTest</td>
<td></td>
<td>0</td>
<td>org.molgenis.data.security.RepositorySecurityDecoratorTest@3569fc08</td></tr>
<tr>
<td title='org.molgenis.data.security.owned.OwnedEntityRepositoryDecoratorTest.findAllStreamFetchExtendsOwned()'><b>findAllStreamFetchExtendsOwned</b><br>Test class: org.molgenis.data.security.owned.OwnedEntityRepositoryDecoratorTest</td>
<td></td>
<td>0</td>
<td>org.molgenis.data.security.owned.OwnedEntityRepositoryDecoratorTest@2e61d218</td></tr>
<tr>
<td title='org.molgenis.data.security.owned.OwnedEntityRepositoryDecoratorTest.findAllStreamFetchExtendsOwnedBySomeoneElse()'><b>findAllStreamFetchExtendsOwnedBySomeoneElse</b><br>Test class: org.molgenis.data.security.owned.OwnedEntityRepositoryDecoratorTest</td>
<td></td>
<td>0</td>
<td>org.molgenis.data.security.owned.OwnedEntityRepositoryDecoratorTest@2e61d218</td></tr>
<tr>
<td title='org.molgenis.data.security.RepositorySecurityDecoratorTest.findAllStreamFetchNoPermission()'><b>findAllStreamFetchNoPermission</b><br>Test class: org.molgenis.data.security.RepositorySecurityDecoratorTest</td>
<td><div><pre>org.molgenis.data.MolgenisDataAccessException: No [READ] permission on entity type [entity] with id [entityID]
	at org.molgenis.data.security.util.SecurityDecoratorUtils.validatePermission(SecurityDecoratorUtils.java:20)
	at org.molgenis.data.security.RepositorySecurityDecorator.findAll(RepositorySecurityDecorator.java:103)
	at org.molgenis.data.security.RepositorySecurityDecoratorTest.findAllStreamFetchNoPermission(RepositorySecurityDecoratorTest.java:238)
	at org.apache.maven.surefire.testng.TestNGExecutor.run(TestNGExecutor.java:132)
	at org.apache.maven.surefire.testng.TestNGDirectoryTestSuite.executeMulti(TestNGDirectoryTestSuite.java:193)
	at org.apache.maven.surefire.testng.TestNGDirectoryTestSuite.execute(TestNGDirectoryTestSuite.java:94)
	at org.apache.maven.surefire.testng.TestNGProvider.invoke(TestNGProvider.java:147)
	at org.apache.maven.surefire.booter.ForkedBooter.invokeProviderInSameClassLoader(ForkedBooter.java:290)
	at org.apache.maven.surefire.booter.ForkedBooter.runSuitesInProcess(ForkedBooter.java:242)
	at org.apache.maven.surefire.booter.ForkedBooter.main(ForkedBooter.java:121)
... Removed 21 stack frames</pre></div><a href='#' onClick='toggleBox("stack-trace121113063", this, "Click to show all stack frames", "Click to hide stack frames")'>Click to show all stack frames</a>
<div class='stack-trace' id='stack-trace121113063'><pre>org.molgenis.data.MolgenisDataAccessException: No [READ] permission on entity type [entity] with id [entityID]
	at org.molgenis.data.security.util.SecurityDecoratorUtils.validatePermission(SecurityDecoratorUtils.java:20)
	at org.molgenis.data.security.RepositorySecurityDecorator.findAll(RepositorySecurityDecorator.java:103)
	at org.molgenis.data.security.RepositorySecurityDecoratorTest.findAllStreamFetchNoPermission(RepositorySecurityDecoratorTest.java:238)
	at sun.reflect.NativeMethodAccessorImpl.invoke0(Native Method)
	at sun.reflect.NativeMethodAccessorImpl.invoke(NativeMethodAccessorImpl.java:62)
	at sun.reflect.DelegatingMethodAccessorImpl.invoke(DelegatingMethodAccessorImpl.java:43)
	at java.lang.reflect.Method.invoke(Method.java:498)
	at org.testng.internal.MethodInvocationHelper.invokeMethod(MethodInvocationHelper.java:80)
	at org.testng.internal.Invoker.invokeMethod(Invoker.java:714)
	at org.testng.internal.Invoker.invokeTestMethod(Invoker.java:901)
	at org.testng.internal.Invoker.invokeTestMethods(Invoker.java:1231)
	at org.testng.internal.TestMethodWorker.invokeTestMethods(TestMethodWorker.java:127)
	at org.testng.internal.TestMethodWorker.run(TestMethodWorker.java:111)
	at org.testng.TestRunner.privateRun(TestRunner.java:767)
	at org.testng.TestRunner.run(TestRunner.java:617)
	at org.testng.SuiteRunner.runTest(SuiteRunner.java:334)
	at org.testng.SuiteRunner.runSequentially(SuiteRunner.java:329)
	at org.testng.SuiteRunner.privateRun(SuiteRunner.java:291)
	at org.testng.SuiteRunner.run(SuiteRunner.java:240)
	at org.testng.SuiteRunnerWorker.runSuite(SuiteRunnerWorker.java:52)
	at org.testng.SuiteRunnerWorker.run(SuiteRunnerWorker.java:86)
	at org.testng.TestNG.runSuitesSequentially(TestNG.java:1198)
	at org.testng.TestNG.runSuitesLocally(TestNG.java:1123)
	at org.testng.TestNG.run(TestNG.java:1031)
	at org.apache.maven.surefire.testng.TestNGExecutor.run(TestNGExecutor.java:132)
	at org.apache.maven.surefire.testng.TestNGDirectoryTestSuite.executeMulti(TestNGDirectoryTestSuite.java:193)
	at org.apache.maven.surefire.testng.TestNGDirectoryTestSuite.execute(TestNGDirectoryTestSuite.java:94)
	at org.apache.maven.surefire.testng.TestNGProvider.invoke(TestNGProvider.java:147)
	at org.apache.maven.surefire.booter.ForkedBooter.invokeProviderInSameClassLoader(ForkedBooter.java:290)
	at org.apache.maven.surefire.booter.ForkedBooter.runSuitesInProcess(ForkedBooter.java:242)
	at org.apache.maven.surefire.booter.ForkedBooter.main(ForkedBooter.java:121)
</pre></div></td>
<td>0</td>
<td>org.molgenis.data.security.RepositorySecurityDecoratorTest@3569fc08</td></tr>
<tr>
<td title='org.molgenis.data.security.owned.OwnedEntityRepositoryDecoratorTest.findAllStreamFetchNotExtendsOwned()'><b>findAllStreamFetchNotExtendsOwned</b><br>Test class: org.molgenis.data.security.owned.OwnedEntityRepositoryDecoratorTest</td>
<td></td>
<td>0</td>
<td>org.molgenis.data.security.owned.OwnedEntityRepositoryDecoratorTest@2e61d218</td></tr>
<tr>
<td title='org.molgenis.data.security.RepositorySecurityDecoratorTest.findAllStreamNoPermission()'><b>findAllStreamNoPermission</b><br>Test class: org.molgenis.data.security.RepositorySecurityDecoratorTest</td>
<td><div><pre>org.molgenis.data.MolgenisDataAccessException: No [READ] permission on entity type [entity] with id [entityID]
	at org.molgenis.data.security.util.SecurityDecoratorUtils.validatePermission(SecurityDecoratorUtils.java:20)
	at org.molgenis.data.security.RepositorySecurityDecorator.findAll(RepositorySecurityDecorator.java:95)
	at org.molgenis.data.security.RepositorySecurityDecoratorTest.findAllStreamNoPermission(RepositorySecurityDecoratorTest.java:202)
	at org.apache.maven.surefire.testng.TestNGExecutor.run(TestNGExecutor.java:132)
	at org.apache.maven.surefire.testng.TestNGDirectoryTestSuite.executeMulti(TestNGDirectoryTestSuite.java:193)
	at org.apache.maven.surefire.testng.TestNGDirectoryTestSuite.execute(TestNGDirectoryTestSuite.java:94)
	at org.apache.maven.surefire.testng.TestNGProvider.invoke(TestNGProvider.java:147)
	at org.apache.maven.surefire.booter.ForkedBooter.invokeProviderInSameClassLoader(ForkedBooter.java:290)
	at org.apache.maven.surefire.booter.ForkedBooter.runSuitesInProcess(ForkedBooter.java:242)
	at org.apache.maven.surefire.booter.ForkedBooter.main(ForkedBooter.java:121)
... Removed 21 stack frames</pre></div><a href='#' onClick='toggleBox("stack-trace1222590577", this, "Click to show all stack frames", "Click to hide stack frames")'>Click to show all stack frames</a>
<div class='stack-trace' id='stack-trace1222590577'><pre>org.molgenis.data.MolgenisDataAccessException: No [READ] permission on entity type [entity] with id [entityID]
	at org.molgenis.data.security.util.SecurityDecoratorUtils.validatePermission(SecurityDecoratorUtils.java:20)
	at org.molgenis.data.security.RepositorySecurityDecorator.findAll(RepositorySecurityDecorator.java:95)
	at org.molgenis.data.security.RepositorySecurityDecoratorTest.findAllStreamNoPermission(RepositorySecurityDecoratorTest.java:202)
	at sun.reflect.NativeMethodAccessorImpl.invoke0(Native Method)
	at sun.reflect.NativeMethodAccessorImpl.invoke(NativeMethodAccessorImpl.java:62)
	at sun.reflect.DelegatingMethodAccessorImpl.invoke(DelegatingMethodAccessorImpl.java:43)
	at java.lang.reflect.Method.invoke(Method.java:498)
	at org.testng.internal.MethodInvocationHelper.invokeMethod(MethodInvocationHelper.java:80)
	at org.testng.internal.Invoker.invokeMethod(Invoker.java:714)
	at org.testng.internal.Invoker.invokeTestMethod(Invoker.java:901)
	at org.testng.internal.Invoker.invokeTestMethods(Invoker.java:1231)
	at org.testng.internal.TestMethodWorker.invokeTestMethods(TestMethodWorker.java:127)
	at org.testng.internal.TestMethodWorker.run(TestMethodWorker.java:111)
	at org.testng.TestRunner.privateRun(TestRunner.java:767)
	at org.testng.TestRunner.run(TestRunner.java:617)
	at org.testng.SuiteRunner.runTest(SuiteRunner.java:334)
	at org.testng.SuiteRunner.runSequentially(SuiteRunner.java:329)
	at org.testng.SuiteRunner.privateRun(SuiteRunner.java:291)
	at org.testng.SuiteRunner.run(SuiteRunner.java:240)
	at org.testng.SuiteRunnerWorker.runSuite(SuiteRunnerWorker.java:52)
	at org.testng.SuiteRunnerWorker.run(SuiteRunnerWorker.java:86)
	at org.testng.TestNG.runSuitesSequentially(TestNG.java:1198)
	at org.testng.TestNG.runSuitesLocally(TestNG.java:1123)
	at org.testng.TestNG.run(TestNG.java:1031)
	at org.apache.maven.surefire.testng.TestNGExecutor.run(TestNGExecutor.java:132)
	at org.apache.maven.surefire.testng.TestNGDirectoryTestSuite.executeMulti(TestNGDirectoryTestSuite.java:193)
	at org.apache.maven.surefire.testng.TestNGDirectoryTestSuite.execute(TestNGDirectoryTestSuite.java:94)
	at org.apache.maven.surefire.testng.TestNGProvider.invoke(TestNGProvider.java:147)
	at org.apache.maven.surefire.booter.ForkedBooter.invokeProviderInSameClassLoader(ForkedBooter.java:290)
	at org.apache.maven.surefire.booter.ForkedBooter.runSuitesInProcess(ForkedBooter.java:242)
	at org.apache.maven.surefire.booter.ForkedBooter.main(ForkedBooter.java:121)
</pre></div></td>
<td>0</td>
<td>org.molgenis.data.security.RepositorySecurityDecoratorTest@3569fc08</td></tr>
<tr>
<td title='org.molgenis.data.security.owned.OwnedEntityRepositoryDecoratorTest.findAllStreamNotExtendsOwned()'><b>findAllStreamNotExtendsOwned</b><br>Test class: org.molgenis.data.security.owned.OwnedEntityRepositoryDecoratorTest</td>
<td></td>
<td>0</td>
<td>org.molgenis.data.security.owned.OwnedEntityRepositoryDecoratorTest@2e61d218</td></tr>
<tr>
<td title='org.molgenis.data.security.meta.EntityTypeRepositorySecurityDecoratorTest.findOneByIdFetchSu()'><b>findOneByIdFetchSu</b><br>Test class: org.molgenis.data.security.meta.EntityTypeRepositorySecurityDecoratorTest</td>
<td></td>
<td>0</td>
<td>org.molgenis.data.security.meta.EntityTypeRepositorySecurityDecoratorTest@555cf22</td></tr>
<tr>
<td title='org.molgenis.data.security.meta.AttributeRepositorySecurityDecoratorTest.findOneByIdFetchSu()'><b>findOneByIdFetchSu</b><br>Test class: org.molgenis.data.security.meta.AttributeRepositorySecurityDecoratorTest</td>
<td></td>
<td>0</td>
<td>org.molgenis.data.security.meta.AttributeRepositorySecurityDecoratorTest@4c5474f5</td></tr>
<tr>
<td title='org.molgenis.data.security.meta.EntityTypeRepositorySecurityDecoratorTest.findOneByIdFetchSystem()'><b>findOneByIdFetchSystem</b><br>Test class: org.molgenis.data.security.meta.EntityTypeRepositorySecurityDecoratorTest</td>
<td></td>
<td>0</td>
<td>org.molgenis.data.security.meta.EntityTypeRepositorySecurityDecoratorTest@555cf22</td></tr>
<tr>
<td title='org.molgenis.data.security.meta.AttributeRepositorySecurityDecoratorTest.findOneByIdFetchSystem()'><b>findOneByIdFetchSystem</b><br>Test class: org.molgenis.data.security.meta.AttributeRepositorySecurityDecoratorTest</td>
<td></td>
<td>0</td>
<td>org.molgenis.data.security.meta.AttributeRepositorySecurityDecoratorTest@4c5474f5</td></tr>
<tr>
<td title='org.molgenis.data.security.meta.EntityTypeRepositorySecurityDecoratorTest.findOneByIdFetchUserPermissionAllowed()'><b>findOneByIdFetchUserPermissionAllowed</b><br>Test class: org.molgenis.data.security.meta.EntityTypeRepositorySecurityDecoratorTest</td>
<td></td>
<td>0</td>
<td>org.molgenis.data.security.meta.EntityTypeRepositorySecurityDecoratorTest@555cf22</td></tr>
<tr>
<td title='org.molgenis.data.security.meta.AttributeRepositorySecurityDecoratorTest.findOneByIdFetchUserPermissionAllowed()'><b>findOneByIdFetchUserPermissionAllowed</b><br>Test class: org.molgenis.data.security.meta.AttributeRepositorySecurityDecoratorTest</td>
<td></td>
<td>0</td>
<td>org.molgenis.data.security.meta.AttributeRepositorySecurityDecoratorTest@4c5474f5</td></tr>
<tr>
<td title='org.molgenis.data.security.meta.EntityTypeRepositorySecurityDecoratorTest.findOneByIdFetchUserPermissionDenied()'><b>findOneByIdFetchUserPermissionDenied</b><br>Test class: org.molgenis.data.security.meta.EntityTypeRepositorySecurityDecoratorTest</td>
<td></td>
<td>0</td>
<td>org.molgenis.data.security.meta.EntityTypeRepositorySecurityDecoratorTest@555cf22</td></tr>
<tr>
<td title='org.molgenis.data.security.meta.AttributeRepositorySecurityDecoratorTest.findOneByIdFetchUserPermissionDenied()'><b>findOneByIdFetchUserPermissionDenied</b><br>Test class: org.molgenis.data.security.meta.AttributeRepositorySecurityDecoratorTest</td>
<td></td>
<td>0</td>
<td>org.molgenis.data.security.meta.AttributeRepositorySecurityDecoratorTest@4c5474f5</td></tr>
<tr>
<td title='org.molgenis.data.security.owned.OwnedEntityRepositoryDecoratorTest.findOneByIdObjectFetchExtendsOwned()'><b>findOneByIdObjectFetchExtendsOwned</b><br>Test class: org.molgenis.data.security.owned.OwnedEntityRepositoryDecoratorTest</td>
<td></td>
<td>0</td>
<td>org.molgenis.data.security.owned.OwnedEntityRepositoryDecoratorTest@2e61d218</td></tr>
<tr>
<td title='org.molgenis.data.security.owned.OwnedEntityRepositoryDecoratorTest.findOneByIdObjectFetchExtendsOwnedBySomeoneElse()'><b>findOneByIdObjectFetchExtendsOwnedBySomeoneElse</b><br>Test class: org.molgenis.data.security.owned.OwnedEntityRepositoryDecoratorTest</td>
<td></td>
<td>0</td>
<td>org.molgenis.data.security.owned.OwnedEntityRepositoryDecoratorTest@2e61d218</td></tr>
<tr>
<td title='org.molgenis.data.security.owned.OwnedEntityRepositoryDecoratorTest.findOneByIdObjectFetchNotExtendsOwned()'><b>findOneByIdObjectFetchNotExtendsOwned</b><br>Test class: org.molgenis.data.security.owned.OwnedEntityRepositoryDecoratorTest</td>
<td></td>
<td>0</td>
<td>org.molgenis.data.security.owned.OwnedEntityRepositoryDecoratorTest@2e61d218</td></tr>
<tr>
<td title='org.molgenis.data.security.meta.EntityTypeRepositorySecurityDecoratorTest.findOneByIdSu()'><b>findOneByIdSu</b><br>Test class: org.molgenis.data.security.meta.EntityTypeRepositorySecurityDecoratorTest</td>
<td></td>
<td>0</td>
<td>org.molgenis.data.security.meta.EntityTypeRepositorySecurityDecoratorTest@555cf22</td></tr>
<tr>
<td title='org.molgenis.data.security.meta.AttributeRepositorySecurityDecoratorTest.findOneByIdSu()'><b>findOneByIdSu</b><br>Test class: org.molgenis.data.security.meta.AttributeRepositorySecurityDecoratorTest</td>
<td></td>
<td>0</td>
<td>org.molgenis.data.security.meta.AttributeRepositorySecurityDecoratorTest@4c5474f5</td></tr>
<tr>
<td title='org.molgenis.data.security.meta.EntityTypeRepositorySecurityDecoratorTest.findOneByIdSystem()'><b>findOneByIdSystem</b><br>Test class: org.molgenis.data.security.meta.EntityTypeRepositorySecurityDecoratorTest</td>
<td></td>
<td>0</td>
<td>org.molgenis.data.security.meta.EntityTypeRepositorySecurityDecoratorTest@555cf22</td></tr>
<tr>
<td title='org.molgenis.data.security.meta.AttributeRepositorySecurityDecoratorTest.findOneByIdSystem()'><b>findOneByIdSystem</b><br>Test class: org.molgenis.data.security.meta.AttributeRepositorySecurityDecoratorTest</td>
<td></td>
<td>0</td>
<td>org.molgenis.data.security.meta.AttributeRepositorySecurityDecoratorTest@4c5474f5</td></tr>
<tr>
<td title='org.molgenis.data.security.meta.EntityTypeRepositorySecurityDecoratorTest.findOneByIdUserPermissionAllowed()'><b>findOneByIdUserPermissionAllowed</b><br>Test class: org.molgenis.data.security.meta.EntityTypeRepositorySecurityDecoratorTest</td>
<td></td>
<td>0</td>
<td>org.molgenis.data.security.meta.EntityTypeRepositorySecurityDecoratorTest@555cf22</td></tr>
<tr>
<td title='org.molgenis.data.security.meta.AttributeRepositorySecurityDecoratorTest.findOneByIdUserPermissionAllowed()'><b>findOneByIdUserPermissionAllowed</b><br>Test class: org.molgenis.data.security.meta.AttributeRepositorySecurityDecoratorTest</td>
<td></td>
<td>0</td>
<td>org.molgenis.data.security.meta.AttributeRepositorySecurityDecoratorTest@4c5474f5</td></tr>
<tr>
<td title='org.molgenis.data.security.meta.AttributeRepositorySecurityDecoratorTest.findOneByIdUserPermissionAllowedAttrInCompoundWithOneAttr()'><b>findOneByIdUserPermissionAllowedAttrInCompoundWithOneAttr</b><br>Test class: org.molgenis.data.security.meta.AttributeRepositorySecurityDecoratorTest</td>
<td></td>
<td>0</td>
<td>org.molgenis.data.security.meta.AttributeRepositorySecurityDecoratorTest@4c5474f5</td></tr>
<tr>
<td title='org.molgenis.data.security.meta.EntityTypeRepositorySecurityDecoratorTest.findOneByIdUserPermissionDenied()'><b>findOneByIdUserPermissionDenied</b><br>Test class: org.molgenis.data.security.meta.EntityTypeRepositorySecurityDecoratorTest</td>
<td></td>
<td>0</td>
<td>org.molgenis.data.security.meta.EntityTypeRepositorySecurityDecoratorTest@555cf22</td></tr>
<tr>
<td title='org.molgenis.data.security.meta.AttributeRepositorySecurityDecoratorTest.findOneByIdUserPermissionDenied()'><b>findOneByIdUserPermissionDenied</b><br>Test class: org.molgenis.data.security.meta.AttributeRepositorySecurityDecoratorTest</td>
<td></td>
<td>0</td>
<td>org.molgenis.data.security.meta.AttributeRepositorySecurityDecoratorTest@4c5474f5</td></tr>
<tr>
<td title='org.molgenis.data.security.RepositorySecurityDecoratorTest.findOneNoPermission()'><b>findOneNoPermission</b><br>Test class: org.molgenis.data.security.RepositorySecurityDecoratorTest</td>
<td><div><pre>org.molgenis.data.MolgenisDataAccessException: No [READ] permission on entity type [entity] with id [entityID]
	at org.molgenis.data.security.util.SecurityDecoratorUtils.validatePermission(SecurityDecoratorUtils.java:20)
	at org.molgenis.data.security.RepositorySecurityDecorator.findOneById(RepositorySecurityDecorator.java:87)
	at org.molgenis.data.security.RepositorySecurityDecoratorTest.findOneNoPermission(RepositorySecurityDecoratorTest.java:282)
	at org.apache.maven.surefire.testng.TestNGExecutor.run(TestNGExecutor.java:132)
	at org.apache.maven.surefire.testng.TestNGDirectoryTestSuite.executeMulti(TestNGDirectoryTestSuite.java:193)
	at org.apache.maven.surefire.testng.TestNGDirectoryTestSuite.execute(TestNGDirectoryTestSuite.java:94)
	at org.apache.maven.surefire.testng.TestNGProvider.invoke(TestNGProvider.java:147)
	at org.apache.maven.surefire.booter.ForkedBooter.invokeProviderInSameClassLoader(ForkedBooter.java:290)
	at org.apache.maven.surefire.booter.ForkedBooter.runSuitesInProcess(ForkedBooter.java:242)
	at org.apache.maven.surefire.booter.ForkedBooter.main(ForkedBooter.java:121)
... Removed 21 stack frames</pre></div><a href='#' onClick='toggleBox("stack-trace1849610076", this, "Click to show all stack frames", "Click to hide stack frames")'>Click to show all stack frames</a>
<div class='stack-trace' id='stack-trace1849610076'><pre>org.molgenis.data.MolgenisDataAccessException: No [READ] permission on entity type [entity] with id [entityID]
	at org.molgenis.data.security.util.SecurityDecoratorUtils.validatePermission(SecurityDecoratorUtils.java:20)
	at org.molgenis.data.security.RepositorySecurityDecorator.findOneById(RepositorySecurityDecorator.java:87)
	at org.molgenis.data.security.RepositorySecurityDecoratorTest.findOneNoPermission(RepositorySecurityDecoratorTest.java:282)
	at sun.reflect.NativeMethodAccessorImpl.invoke0(Native Method)
	at sun.reflect.NativeMethodAccessorImpl.invoke(NativeMethodAccessorImpl.java:62)
	at sun.reflect.DelegatingMethodAccessorImpl.invoke(DelegatingMethodAccessorImpl.java:43)
	at java.lang.reflect.Method.invoke(Method.java:498)
	at org.testng.internal.MethodInvocationHelper.invokeMethod(MethodInvocationHelper.java:80)
	at org.testng.internal.Invoker.invokeMethod(Invoker.java:714)
	at org.testng.internal.Invoker.invokeTestMethod(Invoker.java:901)
	at org.testng.internal.Invoker.invokeTestMethods(Invoker.java:1231)
	at org.testng.internal.TestMethodWorker.invokeTestMethods(TestMethodWorker.java:127)
	at org.testng.internal.TestMethodWorker.run(TestMethodWorker.java:111)
	at org.testng.TestRunner.privateRun(TestRunner.java:767)
	at org.testng.TestRunner.run(TestRunner.java:617)
	at org.testng.SuiteRunner.runTest(SuiteRunner.java:334)
	at org.testng.SuiteRunner.runSequentially(SuiteRunner.java:329)
	at org.testng.SuiteRunner.privateRun(SuiteRunner.java:291)
	at org.testng.SuiteRunner.run(SuiteRunner.java:240)
	at org.testng.SuiteRunnerWorker.runSuite(SuiteRunnerWorker.java:52)
	at org.testng.SuiteRunnerWorker.run(SuiteRunnerWorker.java:86)
	at org.testng.TestNG.runSuitesSequentially(TestNG.java:1198)
	at org.testng.TestNG.runSuitesLocally(TestNG.java:1123)
	at org.testng.TestNG.run(TestNG.java:1031)
	at org.apache.maven.surefire.testng.TestNGExecutor.run(TestNGExecutor.java:132)
	at org.apache.maven.surefire.testng.TestNGDirectoryTestSuite.executeMulti(TestNGDirectoryTestSuite.java:193)
	at org.apache.maven.surefire.testng.TestNGDirectoryTestSuite.execute(TestNGDirectoryTestSuite.java:94)
	at org.apache.maven.surefire.testng.TestNGProvider.invoke(TestNGProvider.java:147)
	at org.apache.maven.surefire.booter.ForkedBooter.invokeProviderInSameClassLoader(ForkedBooter.java:290)
	at org.apache.maven.surefire.booter.ForkedBooter.runSuitesInProcess(ForkedBooter.java:242)
	at org.apache.maven.surefire.booter.ForkedBooter.main(ForkedBooter.java:121)
</pre></div></td>
<td>0</td>
<td>org.molgenis.data.security.RepositorySecurityDecoratorTest@3569fc08</td></tr>
<tr>
<td title='org.molgenis.data.security.RepositorySecurityDecoratorTest.findOnePermission()'><b>findOnePermission</b><br>Test class: org.molgenis.data.security.RepositorySecurityDecoratorTest</td>
<td></td>
<td>0</td>
<td>org.molgenis.data.security.RepositorySecurityDecoratorTest@3569fc08</td></tr>
<tr>
<td title='org.molgenis.data.security.meta.EntityTypeRepositorySecurityDecoratorTest.findOneQuerySu()'><b>findOneQuerySu</b><br>Test class: org.molgenis.data.security.meta.EntityTypeRepositorySecurityDecoratorTest</td>
<td></td>
<td>0</td>
<td>org.molgenis.data.security.meta.EntityTypeRepositorySecurityDecoratorTest@555cf22</td></tr>
<tr>
<td title='org.molgenis.data.security.meta.AttributeRepositorySecurityDecoratorTest.findOneQuerySu()'><b>findOneQuerySu</b><br>Test class: org.molgenis.data.security.meta.AttributeRepositorySecurityDecoratorTest</td>
<td></td>
<td>0</td>
<td>org.molgenis.data.security.meta.AttributeRepositorySecurityDecoratorTest@4c5474f5</td></tr>
<tr>
<td title='org.molgenis.data.security.meta.EntityTypeRepositorySecurityDecoratorTest.findOneQuerySystem()'><b>findOneQuerySystem</b><br>Test class: org.molgenis.data.security.meta.EntityTypeRepositorySecurityDecoratorTest</td>
<td></td>
<td>0</td>
<td>org.molgenis.data.security.meta.EntityTypeRepositorySecurityDecoratorTest@555cf22</td></tr>
<tr>
<td title='org.molgenis.data.security.meta.AttributeRepositorySecurityDecoratorTest.findOneQuerySystem()'><b>findOneQuerySystem</b><br>Test class: org.molgenis.data.security.meta.AttributeRepositorySecurityDecoratorTest</td>
<td></td>
<td>0</td>
<td>org.molgenis.data.security.meta.AttributeRepositorySecurityDecoratorTest@4c5474f5</td></tr>
<tr>
<td title='org.molgenis.data.security.meta.EntityTypeRepositorySecurityDecoratorTest.findOneQueryUserPermissionAllowed()'><b>findOneQueryUserPermissionAllowed</b><br>Test class: org.molgenis.data.security.meta.EntityTypeRepositorySecurityDecoratorTest</td>
<td></td>
<td>0</td>
<td>org.molgenis.data.security.meta.EntityTypeRepositorySecurityDecoratorTest@555cf22</td></tr>
<tr>
<td title='org.molgenis.data.security.meta.AttributeRepositorySecurityDecoratorTest.findOneQueryUserPermissionAllowed()'><b>findOneQueryUserPermissionAllowed</b><br>Test class: org.molgenis.data.security.meta.AttributeRepositorySecurityDecoratorTest</td>
<td></td>
<td>0</td>
<td>org.molgenis.data.security.meta.AttributeRepositorySecurityDecoratorTest@4c5474f5</td></tr>
<tr>
<td title='org.molgenis.data.security.meta.EntityTypeRepositorySecurityDecoratorTest.findOneQueryUserPermissionDenied()'><b>findOneQueryUserPermissionDenied</b><br>Test class: org.molgenis.data.security.meta.EntityTypeRepositorySecurityDecoratorTest</td>
<td></td>
<td>0</td>
<td>org.molgenis.data.security.meta.EntityTypeRepositorySecurityDecoratorTest@555cf22</td></tr>
<tr>
<td title='org.molgenis.data.security.meta.AttributeRepositorySecurityDecoratorTest.findOneQueryUserPermissionDenied()'><b>findOneQueryUserPermissionDenied</b><br>Test class: org.molgenis.data.security.meta.AttributeRepositorySecurityDecoratorTest</td>
<td></td>
<td>0</td>
<td>org.molgenis.data.security.meta.AttributeRepositorySecurityDecoratorTest@4c5474f5</td></tr>
<tr>
<td title='org.molgenis.data.security.meta.EntityTypeRepositorySecurityDecoratorTest.forEachBatchedSu()'><b>forEachBatchedSu</b><br>Test class: org.molgenis.data.security.meta.EntityTypeRepositorySecurityDecoratorTest</td>
<td></td>
<td>0</td>
<td>org.molgenis.data.security.meta.EntityTypeRepositorySecurityDecoratorTest@555cf22</td></tr>
<tr>
<td title='org.molgenis.data.security.meta.AttributeRepositorySecurityDecoratorTest.forEachBatchedSu()'><b>forEachBatchedSu</b><br>Test class: org.molgenis.data.security.meta.AttributeRepositorySecurityDecoratorTest</td>
<td></td>
<td>0</td>
<td>org.molgenis.data.security.meta.AttributeRepositorySecurityDecoratorTest@4c5474f5</td></tr>
<tr>
<td title='org.molgenis.data.security.meta.EntityTypeRepositorySecurityDecoratorTest.forEachBatchedSystem()'><b>forEachBatchedSystem</b><br>Test class: org.molgenis.data.security.meta.EntityTypeRepositorySecurityDecoratorTest</td>
<td></td>
<td>0</td>
<td>org.molgenis.data.security.meta.EntityTypeRepositorySecurityDecoratorTest@555cf22</td></tr>
<tr>
<td title='org.molgenis.data.security.meta.AttributeRepositorySecurityDecoratorTest.forEachBatchedSystem()'><b>forEachBatchedSystem</b><br>Test class: org.molgenis.data.security.meta.AttributeRepositorySecurityDecoratorTest</td>
<td></td>
<td>0</td>
<td>org.molgenis.data.security.meta.AttributeRepositorySecurityDecoratorTest@4c5474f5</td></tr>
<tr>
<td title='org.molgenis.data.security.meta.EntityTypeRepositorySecurityDecoratorTest.forEachBatchedUser()'><b>forEachBatchedUser</b><br>Test class: org.molgenis.data.security.meta.EntityTypeRepositorySecurityDecoratorTest</td>
<td></td>
<td>0</td>
<td>org.molgenis.data.security.meta.EntityTypeRepositorySecurityDecoratorTest@555cf22</td></tr>
<tr>
<td title='org.molgenis.data.security.meta.AttributeRepositorySecurityDecoratorTest.forEachBatchedUser()'><b>forEachBatchedUser</b><br>Test class: org.molgenis.data.security.meta.AttributeRepositorySecurityDecoratorTest</td>
<td></td>
<td>0</td>
<td>org.molgenis.data.security.meta.AttributeRepositorySecurityDecoratorTest@4c5474f5</td></tr>
<tr>
<td title='org.molgenis.data.security.user.UserServiceImplTest.getUser()'><b>getUser</b><br>Test class: org.molgenis.data.security.user.UserServiceImplTest</td>
<td></td>
<td>0</td>
<td>org.molgenis.data.security.user.UserServiceImplTest@544820b7</td></tr>
<tr>
<td title='org.molgenis.data.security.meta.EntityTypeRepositorySecurityDecoratorTest.iteratorSu()'><b>iteratorSu</b><br>Test class: org.molgenis.data.security.meta.EntityTypeRepositorySecurityDecoratorTest</td>
<td></td>
<td>0</td>
<td>org.molgenis.data.security.meta.EntityTypeRepositorySecurityDecoratorTest@555cf22</td></tr>
<tr>
<td title='org.molgenis.data.security.meta.AttributeRepositorySecurityDecoratorTest.iteratorSu()'><b>iteratorSu</b><br>Test class: org.molgenis.data.security.meta.AttributeRepositorySecurityDecoratorTest</td>
<td></td>
<td>0</td>
<td>org.molgenis.data.security.meta.AttributeRepositorySecurityDecoratorTest@4c5474f5</td></tr>
<tr>
<td title='org.molgenis.data.security.meta.EntityTypeRepositorySecurityDecoratorTest.iteratorSystem()'><b>iteratorSystem</b><br>Test class: org.molgenis.data.security.meta.EntityTypeRepositorySecurityDecoratorTest</td>
<td></td>
<td>0</td>
<td>org.molgenis.data.security.meta.EntityTypeRepositorySecurityDecoratorTest@555cf22</td></tr>
<tr>
<td title='org.molgenis.data.security.meta.AttributeRepositorySecurityDecoratorTest.iteratorSystem()'><b>iteratorSystem</b><br>Test class: org.molgenis.data.security.meta.AttributeRepositorySecurityDecoratorTest</td>
<td></td>
<td>0</td>
<td>org.molgenis.data.security.meta.AttributeRepositorySecurityDecoratorTest@4c5474f5</td></tr>
<tr>
<td title='org.molgenis.data.security.meta.EntityTypeRepositorySecurityDecoratorTest.iteratorUser()'><b>iteratorUser</b><br>Test class: org.molgenis.data.security.meta.EntityTypeRepositorySecurityDecoratorTest</td>
<td></td>
<td>0</td>
<td>org.molgenis.data.security.meta.EntityTypeRepositorySecurityDecoratorTest@555cf22</td></tr>
<tr>
<td title='org.molgenis.data.security.meta.AttributeRepositorySecurityDecoratorTest.iteratorUser()'><b>iteratorUser</b><br>Test class: org.molgenis.data.security.meta.AttributeRepositorySecurityDecoratorTest</td>
<td></td>
<td>0</td>
<td>org.molgenis.data.security.meta.AttributeRepositorySecurityDecoratorTest@4c5474f5</td></tr>
<tr>
<td title='org.molgenis.data.security.meta.EntityTypeRepositorySecurityDecoratorTest.query()'><b>query</b><br>Test class: org.molgenis.data.security.meta.EntityTypeRepositorySecurityDecoratorTest</td>
<td></td>
<td>0</td>
<td>org.molgenis.data.security.meta.EntityTypeRepositorySecurityDecoratorTest@555cf22</td></tr>
<tr>
<td title='org.molgenis.data.security.owned.OwnedEntityRepositoryDecoratorTest.query()'><b>query</b><br>Test class: org.molgenis.data.security.owned.OwnedEntityRepositoryDecoratorTest</td>
<td></td>
<td>0</td>
<td>org.molgenis.data.security.owned.OwnedEntityRepositoryDecoratorTest@2e61d218</td></tr>
<tr>
<td title='org.molgenis.data.security.RepositorySecurityDecoratorTest.streamFetch()'><b>streamFetch</b><br>Test class: org.molgenis.data.security.RepositorySecurityDecoratorTest</td>
<td></td>
<td>0</td>
<td>org.molgenis.data.security.RepositorySecurityDecoratorTest@3569fc08</td></tr>
<tr>
<td title='org.molgenis.data.security.RepositorySecurityDecoratorTest.streamFetchNoPermission()'><b>streamFetchNoPermission</b><br>Test class: org.molgenis.data.security.RepositorySecurityDecoratorTest</td>
<td><div><pre>org.molgenis.data.MolgenisDataAccessException: No [READ] permission on entity type [entity] with id [entityID]
	at org.molgenis.data.security.util.SecurityDecoratorUtils.validatePermission(SecurityDecoratorUtils.java:20)
	at org.molgenis.data.security.RepositorySecurityDecorator.forEachBatched(RepositorySecurityDecorator.java:39)
	at org.molgenis.data.security.RepositorySecurityDecoratorTest.streamFetchNoPermission(RepositorySecurityDecoratorTest.java:342)
	at org.apache.maven.surefire.testng.TestNGExecutor.run(TestNGExecutor.java:132)
	at org.apache.maven.surefire.testng.TestNGDirectoryTestSuite.executeMulti(TestNGDirectoryTestSuite.java:193)
	at org.apache.maven.surefire.testng.TestNGDirectoryTestSuite.execute(TestNGDirectoryTestSuite.java:94)
	at org.apache.maven.surefire.testng.TestNGProvider.invoke(TestNGProvider.java:147)
	at org.apache.maven.surefire.booter.ForkedBooter.invokeProviderInSameClassLoader(ForkedBooter.java:290)
	at org.apache.maven.surefire.booter.ForkedBooter.runSuitesInProcess(ForkedBooter.java:242)
	at org.apache.maven.surefire.booter.ForkedBooter.main(ForkedBooter.java:121)
... Removed 21 stack frames</pre></div><a href='#' onClick='toggleBox("stack-trace2137034273", this, "Click to show all stack frames", "Click to hide stack frames")'>Click to show all stack frames</a>
<div class='stack-trace' id='stack-trace2137034273'><pre>org.molgenis.data.MolgenisDataAccessException: No [READ] permission on entity type [entity] with id [entityID]
	at org.molgenis.data.security.util.SecurityDecoratorUtils.validatePermission(SecurityDecoratorUtils.java:20)
	at org.molgenis.data.security.RepositorySecurityDecorator.forEachBatched(RepositorySecurityDecorator.java:39)
	at org.molgenis.data.security.RepositorySecurityDecoratorTest.streamFetchNoPermission(RepositorySecurityDecoratorTest.java:342)
	at sun.reflect.NativeMethodAccessorImpl.invoke0(Native Method)
	at sun.reflect.NativeMethodAccessorImpl.invoke(NativeMethodAccessorImpl.java:62)
	at sun.reflect.DelegatingMethodAccessorImpl.invoke(DelegatingMethodAccessorImpl.java:43)
	at java.lang.reflect.Method.invoke(Method.java:498)
	at org.testng.internal.MethodInvocationHelper.invokeMethod(MethodInvocationHelper.java:80)
	at org.testng.internal.Invoker.invokeMethod(Invoker.java:714)
	at org.testng.internal.Invoker.invokeTestMethod(Invoker.java:901)
	at org.testng.internal.Invoker.invokeTestMethods(Invoker.java:1231)
	at org.testng.internal.TestMethodWorker.invokeTestMethods(TestMethodWorker.java:127)
	at org.testng.internal.TestMethodWorker.run(TestMethodWorker.java:111)
	at org.testng.TestRunner.privateRun(TestRunner.java:767)
	at org.testng.TestRunner.run(TestRunner.java:617)
	at org.testng.SuiteRunner.runTest(SuiteRunner.java:334)
	at org.testng.SuiteRunner.runSequentially(SuiteRunner.java:329)
	at org.testng.SuiteRunner.privateRun(SuiteRunner.java:291)
	at org.testng.SuiteRunner.run(SuiteRunner.java:240)
	at org.testng.SuiteRunnerWorker.runSuite(SuiteRunnerWorker.java:52)
	at org.testng.SuiteRunnerWorker.run(SuiteRunnerWorker.java:86)
	at org.testng.TestNG.runSuitesSequentially(TestNG.java:1198)
	at org.testng.TestNG.runSuitesLocally(TestNG.java:1123)
	at org.testng.TestNG.run(TestNG.java:1031)
	at org.apache.maven.surefire.testng.TestNGExecutor.run(TestNGExecutor.java:132)
	at org.apache.maven.surefire.testng.TestNGDirectoryTestSuite.executeMulti(TestNGDirectoryTestSuite.java:193)
	at org.apache.maven.surefire.testng.TestNGDirectoryTestSuite.execute(TestNGDirectoryTestSuite.java:94)
	at org.apache.maven.surefire.testng.TestNGProvider.invoke(TestNGProvider.java:147)
	at org.apache.maven.surefire.booter.ForkedBooter.invokeProviderInSameClassLoader(ForkedBooter.java:290)
	at org.apache.maven.surefire.booter.ForkedBooter.runSuitesInProcess(ForkedBooter.java:242)
	at org.apache.maven.surefire.booter.ForkedBooter.main(ForkedBooter.java:121)
</pre></div></td>
<td>0</td>
<td>org.molgenis.data.security.RepositorySecurityDecoratorTest@3569fc08</td></tr>
<tr>
<td title='org.molgenis.data.security.SystemEntityTypeRegistryImplTest.testGetSystemAttributeCompound()'><b>testGetSystemAttributeCompound</b><br>Test class: org.molgenis.data.security.SystemEntityTypeRegistryImplTest</td>
<td></td>
<td>0</td>
<td>org.molgenis.data.security.SystemEntityTypeRegistryImplTest@655ef322</td></tr>
<tr>
<td title='org.molgenis.data.security.SystemEntityTypeRegistryImplTest.testGetSystemAttributeCompoundNotExists()'><b>testGetSystemAttributeCompoundNotExists</b><br>Test class: org.molgenis.data.security.SystemEntityTypeRegistryImplTest</td>
<td></td>
<td>0</td>
<td>org.molgenis.data.security.SystemEntityTypeRegistryImplTest@655ef322</td></tr>
<tr>
<td title='org.molgenis.data.security.SystemEntityTypeRegistryImplTest.testGetSystemAttributeNotPermitted()'><b>testGetSystemAttributeNotPermitted</b><br>Test class: org.molgenis.data.security.SystemEntityTypeRegistryImplTest</td>
<td><div><pre>org.molgenis.data.MolgenisDataAccessException: No read permission on entity type &apos;null&apos; with id &apos;entityType&apos;
	at org.molgenis.data.security.SystemEntityTypeRegistryImpl.validateReadPermission(SystemEntityTypeRegistryImpl.java:103)
	at org.molgenis.data.security.SystemEntityTypeRegistryImpl.lambda$getSystemAttribute$1(SystemEntityTypeRegistryImpl.java:84)
	at java.util.stream.ReferencePipeline$3$1.accept(ReferencePipeline.java:193)
	at java.util.HashMap$ValueSpliterator.tryAdvance(HashMap.java:1641)
	at java.util.stream.ReferencePipeline.forEachWithCancel(ReferencePipeline.java:126)
	at java.util.stream.AbstractPipeline.copyIntoWithCancel(AbstractPipeline.java:498)
	at java.util.stream.AbstractPipeline.copyInto(AbstractPipeline.java:485)
	at java.util.stream.AbstractPipeline.wrapAndCopyInto(AbstractPipeline.java:471)
	at java.util.stream.FindOps$FindOp.evaluateSequential(FindOps.java:152)
	at java.util.stream.AbstractPipeline.evaluate(AbstractPipeline.java:234)
	at java.util.stream.ReferencePipeline.findFirst(ReferencePipeline.java:464)
	at org.molgenis.data.security.SystemEntityTypeRegistryImpl.getSystemAttribute(SystemEntityTypeRegistryImpl.java:87)
	at org.molgenis.data.security.SystemEntityTypeRegistryImplTest.testGetSystemAttributeNotPermitted(SystemEntityTypeRegistryImplTest.java:158)
	at org.apache.maven.surefire.testng.TestNGExecutor.run(TestNGExecutor.java:132)
	at org.apache.maven.surefire.testng.TestNGDirectoryTestSuite.executeMulti(TestNGDirectoryTestSuite.java:193)
	at org.apache.maven.surefire.testng.TestNGDirectoryTestSuite.execute(TestNGDirectoryTestSuite.java:94)
	at org.apache.maven.surefire.testng.TestNGProvider.invoke(TestNGProvider.java:147)
	at org.apache.maven.surefire.booter.ForkedBooter.invokeProviderInSameClassLoader(ForkedBooter.java:290)
	at org.apache.maven.surefire.booter.ForkedBooter.runSuitesInProcess(ForkedBooter.java:242)
	at org.apache.maven.surefire.booter.ForkedBooter.main(ForkedBooter.java:121)
... Removed 21 stack frames</pre></div><a href='#' onClick='toggleBox("stack-trace1571580867", this, "Click to show all stack frames", "Click to hide stack frames")'>Click to show all stack frames</a>
<div class='stack-trace' id='stack-trace1571580867'><pre>org.molgenis.data.MolgenisDataAccessException: No read permission on entity type &apos;null&apos; with id &apos;entityType&apos;
	at org.molgenis.data.security.SystemEntityTypeRegistryImpl.validateReadPermission(SystemEntityTypeRegistryImpl.java:103)
	at org.molgenis.data.security.SystemEntityTypeRegistryImpl.lambda$getSystemAttribute$1(SystemEntityTypeRegistryImpl.java:84)
	at java.util.stream.ReferencePipeline$3$1.accept(ReferencePipeline.java:193)
	at java.util.HashMap$ValueSpliterator.tryAdvance(HashMap.java:1641)
	at java.util.stream.ReferencePipeline.forEachWithCancel(ReferencePipeline.java:126)
	at java.util.stream.AbstractPipeline.copyIntoWithCancel(AbstractPipeline.java:498)
	at java.util.stream.AbstractPipeline.copyInto(AbstractPipeline.java:485)
	at java.util.stream.AbstractPipeline.wrapAndCopyInto(AbstractPipeline.java:471)
	at java.util.stream.FindOps$FindOp.evaluateSequential(FindOps.java:152)
	at java.util.stream.AbstractPipeline.evaluate(AbstractPipeline.java:234)
	at java.util.stream.ReferencePipeline.findFirst(ReferencePipeline.java:464)
	at org.molgenis.data.security.SystemEntityTypeRegistryImpl.getSystemAttribute(SystemEntityTypeRegistryImpl.java:87)
	at org.molgenis.data.security.SystemEntityTypeRegistryImplTest.testGetSystemAttributeNotPermitted(SystemEntityTypeRegistryImplTest.java:158)
	at sun.reflect.NativeMethodAccessorImpl.invoke0(Native Method)
	at sun.reflect.NativeMethodAccessorImpl.invoke(NativeMethodAccessorImpl.java:62)
	at sun.reflect.DelegatingMethodAccessorImpl.invoke(DelegatingMethodAccessorImpl.java:43)
	at java.lang.reflect.Method.invoke(Method.java:498)
	at org.testng.internal.MethodInvocationHelper.invokeMethod(MethodInvocationHelper.java:80)
	at org.testng.internal.Invoker.invokeMethod(Invoker.java:714)
	at org.testng.internal.Invoker.invokeTestMethod(Invoker.java:901)
	at org.testng.internal.Invoker.invokeTestMethods(Invoker.java:1231)
	at org.testng.internal.TestMethodWorker.invokeTestMethods(TestMethodWorker.java:127)
	at org.testng.internal.TestMethodWorker.run(TestMethodWorker.java:111)
	at org.testng.TestRunner.privateRun(TestRunner.java:767)
	at org.testng.TestRunner.run(TestRunner.java:617)
	at org.testng.SuiteRunner.runTest(SuiteRunner.java:334)
	at org.testng.SuiteRunner.runSequentially(SuiteRunner.java:329)
	at org.testng.SuiteRunner.privateRun(SuiteRunner.java:291)
	at org.testng.SuiteRunner.run(SuiteRunner.java:240)
	at org.testng.SuiteRunnerWorker.runSuite(SuiteRunnerWorker.java:52)
	at org.testng.SuiteRunnerWorker.run(SuiteRunnerWorker.java:86)
	at org.testng.TestNG.runSuitesSequentially(TestNG.java:1198)
	at org.testng.TestNG.runSuitesLocally(TestNG.java:1123)
	at org.testng.TestNG.run(TestNG.java:1031)
	at org.apache.maven.surefire.testng.TestNGExecutor.run(TestNGExecutor.java:132)
	at org.apache.maven.surefire.testng.TestNGDirectoryTestSuite.executeMulti(TestNGDirectoryTestSuite.java:193)
	at org.apache.maven.surefire.testng.TestNGDirectoryTestSuite.execute(TestNGDirectoryTestSuite.java:94)
	at org.apache.maven.surefire.testng.TestNGProvider.invoke(TestNGProvider.java:147)
	at org.apache.maven.surefire.booter.ForkedBooter.invokeProviderInSameClassLoader(ForkedBooter.java:290)
	at org.apache.maven.surefire.booter.ForkedBooter.runSuitesInProcess(ForkedBooter.java:242)
	at org.apache.maven.surefire.booter.ForkedBooter.main(ForkedBooter.java:121)
</pre></div></td>
<td>0</td>
<td>org.molgenis.data.security.SystemEntityTypeRegistryImplTest@655ef322</td></tr>
<tr>
<td title='org.molgenis.data.security.SystemEntityTypeRegistryImplTest.testGetSystemAttributePermittedExists()'><b>testGetSystemAttributePermittedExists</b><br>Test class: org.molgenis.data.security.SystemEntityTypeRegistryImplTest</td>
<td></td>
<td>0</td>
<td>org.molgenis.data.security.SystemEntityTypeRegistryImplTest@655ef322</td></tr>
<tr>
<td title='org.molgenis.data.security.SystemEntityTypeRegistryImplTest.testGetSystemAttributePermittedNotExists()'><b>testGetSystemAttributePermittedNotExists</b><br>Test class: org.molgenis.data.security.SystemEntityTypeRegistryImplTest</td>
<td></td>
<td>0</td>
<td>org.molgenis.data.security.SystemEntityTypeRegistryImplTest@655ef322</td></tr>
<tr>
<td title='org.molgenis.data.security.SystemEntityTypeRegistryImplTest.testGetSystemEntityTypeNotExists()'><b>testGetSystemEntityTypeNotExists</b><br>Test class: org.molgenis.data.security.SystemEntityTypeRegistryImplTest</td>
<td></td>
<td>0</td>
<td>org.molgenis.data.security.SystemEntityTypeRegistryImplTest@655ef322</td></tr>
<tr>
<td title='org.molgenis.data.security.SystemEntityTypeRegistryImplTest.testGetSystemEntityTypeNotPermitted()'><b>testGetSystemEntityTypeNotPermitted</b><br>Test class: org.molgenis.data.security.SystemEntityTypeRegistryImplTest</td>
<td><div><pre>org.molgenis.data.MolgenisDataAccessException: No read permission on entity type &apos;null&apos; with id &apos;entityType&apos;
	at org.molgenis.data.security.SystemEntityTypeRegistryImpl.validateReadPermission(SystemEntityTypeRegistryImpl.java:103)
	at org.molgenis.data.security.SystemEntityTypeRegistryImpl.getSystemEntityType(SystemEntityTypeRegistryImpl.java:42)
	at org.molgenis.data.security.SystemEntityTypeRegistryImplTest.testGetSystemEntityTypeNotPermitted(SystemEntityTypeRegistryImplTest.java:76)
	at org.apache.maven.surefire.testng.TestNGExecutor.run(TestNGExecutor.java:132)
	at org.apache.maven.surefire.testng.TestNGDirectoryTestSuite.executeMulti(TestNGDirectoryTestSuite.java:193)
	at org.apache.maven.surefire.testng.TestNGDirectoryTestSuite.execute(TestNGDirectoryTestSuite.java:94)
	at org.apache.maven.surefire.testng.TestNGProvider.invoke(TestNGProvider.java:147)
	at org.apache.maven.surefire.booter.ForkedBooter.invokeProviderInSameClassLoader(ForkedBooter.java:290)
	at org.apache.maven.surefire.booter.ForkedBooter.runSuitesInProcess(ForkedBooter.java:242)
	at org.apache.maven.surefire.booter.ForkedBooter.main(ForkedBooter.java:121)
... Removed 21 stack frames</pre></div><a href='#' onClick='toggleBox("stack-trace914718002", this, "Click to show all stack frames", "Click to hide stack frames")'>Click to show all stack frames</a>
<div class='stack-trace' id='stack-trace914718002'><pre>org.molgenis.data.MolgenisDataAccessException: No read permission on entity type &apos;null&apos; with id &apos;entityType&apos;
	at org.molgenis.data.security.SystemEntityTypeRegistryImpl.validateReadPermission(SystemEntityTypeRegistryImpl.java:103)
	at org.molgenis.data.security.SystemEntityTypeRegistryImpl.getSystemEntityType(SystemEntityTypeRegistryImpl.java:42)
	at org.molgenis.data.security.SystemEntityTypeRegistryImplTest.testGetSystemEntityTypeNotPermitted(SystemEntityTypeRegistryImplTest.java:76)
	at sun.reflect.NativeMethodAccessorImpl.invoke0(Native Method)
	at sun.reflect.NativeMethodAccessorImpl.invoke(NativeMethodAccessorImpl.java:62)
	at sun.reflect.DelegatingMethodAccessorImpl.invoke(DelegatingMethodAccessorImpl.java:43)
	at java.lang.reflect.Method.invoke(Method.java:498)
	at org.testng.internal.MethodInvocationHelper.invokeMethod(MethodInvocationHelper.java:80)
	at org.testng.internal.Invoker.invokeMethod(Invoker.java:714)
	at org.testng.internal.Invoker.invokeTestMethod(Invoker.java:901)
	at org.testng.internal.Invoker.invokeTestMethods(Invoker.java:1231)
	at org.testng.internal.TestMethodWorker.invokeTestMethods(TestMethodWorker.java:127)
	at org.testng.internal.TestMethodWorker.run(TestMethodWorker.java:111)
	at org.testng.TestRunner.privateRun(TestRunner.java:767)
	at org.testng.TestRunner.run(TestRunner.java:617)
	at org.testng.SuiteRunner.runTest(SuiteRunner.java:334)
	at org.testng.SuiteRunner.runSequentially(SuiteRunner.java:329)
	at org.testng.SuiteRunner.privateRun(SuiteRunner.java:291)
	at org.testng.SuiteRunner.run(SuiteRunner.java:240)
	at org.testng.SuiteRunnerWorker.runSuite(SuiteRunnerWorker.java:52)
	at org.testng.SuiteRunnerWorker.run(SuiteRunnerWorker.java:86)
	at org.testng.TestNG.runSuitesSequentially(TestNG.java:1198)
	at org.testng.TestNG.runSuitesLocally(TestNG.java:1123)
	at org.testng.TestNG.run(TestNG.java:1031)
	at org.apache.maven.surefire.testng.TestNGExecutor.run(TestNGExecutor.java:132)
	at org.apache.maven.surefire.testng.TestNGDirectoryTestSuite.executeMulti(TestNGDirectoryTestSuite.java:193)
	at org.apache.maven.surefire.testng.TestNGDirectoryTestSuite.execute(TestNGDirectoryTestSuite.java:94)
	at org.apache.maven.surefire.testng.TestNGProvider.invoke(TestNGProvider.java:147)
	at org.apache.maven.surefire.booter.ForkedBooter.invokeProviderInSameClassLoader(ForkedBooter.java:290)
	at org.apache.maven.surefire.booter.ForkedBooter.runSuitesInProcess(ForkedBooter.java:242)
	at org.apache.maven.surefire.booter.ForkedBooter.main(ForkedBooter.java:121)
</pre></div></td>
<td>0</td>
<td>org.molgenis.data.security.SystemEntityTypeRegistryImplTest@655ef322</td></tr>
<tr>
<td title='org.molgenis.data.security.SystemEntityTypeRegistryImplTest.testGetSystemEntityTypePermitted()'><b>testGetSystemEntityTypePermitted</b><br>Test class: org.molgenis.data.security.SystemEntityTypeRegistryImplTest</td>
<td></td>
<td>0</td>
<td>org.molgenis.data.security.SystemEntityTypeRegistryImplTest@655ef322</td></tr>
<tr>
<td title='org.molgenis.data.security.SystemEntityTypeRegistryImplTest.testGetSystemEntityTypesNotPermitted()'><b>testGetSystemEntityTypesNotPermitted</b><br>Test class: org.molgenis.data.security.SystemEntityTypeRegistryImplTest</td>
<td></td>
<td>0</td>
<td>org.molgenis.data.security.SystemEntityTypeRegistryImplTest@655ef322</td></tr>
<tr>
<td title='org.molgenis.data.security.SystemEntityTypeRegistryImplTest.testGetSystemEntityTypesPermitted()'><b>testGetSystemEntityTypesPermitted</b><br>Test class: org.molgenis.data.security.SystemEntityTypeRegistryImplTest</td>
<td></td>
<td>0</td>
<td>org.molgenis.data.security.SystemEntityTypeRegistryImplTest@655ef322</td></tr>
<tr>
<td title='org.molgenis.data.security.SystemEntityTypeRegistryImplTest.testHasSystemAttributeNotPermitted()'><b>testHasSystemAttributeNotPermitted</b><br>Test class: org.molgenis.data.security.SystemEntityTypeRegistryImplTest</td>
<td></td>
<td>0</td>
<td>org.molgenis.data.security.SystemEntityTypeRegistryImplTest@655ef322</td></tr>
<tr>
<td title='org.molgenis.data.security.SystemEntityTypeRegistryImplTest.testHasSystemAttributePermittedExists()'><b>testHasSystemAttributePermittedExists</b><br>Test class: org.molgenis.data.security.SystemEntityTypeRegistryImplTest</td>
<td></td>
<td>0</td>
<td>org.molgenis.data.security.SystemEntityTypeRegistryImplTest@655ef322</td></tr>
<tr>
<td title='org.molgenis.data.security.SystemEntityTypeRegistryImplTest.testHasSystemAttributePermittedNotExists()'><b>testHasSystemAttributePermittedNotExists</b><br>Test class: org.molgenis.data.security.SystemEntityTypeRegistryImplTest</td>
<td></td>
<td>0</td>
<td>org.molgenis.data.security.SystemEntityTypeRegistryImplTest@655ef322</td></tr>
<tr>
<td title='org.molgenis.data.security.SystemEntityTypeRegistryImplTest.testHasSystemEntityTypeExists()'><b>testHasSystemEntityTypeExists</b><br>Test class: org.molgenis.data.security.SystemEntityTypeRegistryImplTest</td>
<td></td>
<td>0</td>
<td>org.molgenis.data.security.SystemEntityTypeRegistryImplTest@655ef322</td></tr>
<tr>
<td title='org.molgenis.data.security.SystemEntityTypeRegistryImplTest.testHasSystemEntityTypeNotExists()'><b>testHasSystemEntityTypeNotExists</b><br>Test class: org.molgenis.data.security.SystemEntityTypeRegistryImplTest</td>
<td></td>
<td>0</td>
<td>org.molgenis.data.security.SystemEntityTypeRegistryImplTest@655ef322</td></tr>
<tr>
<td title='org.molgenis.data.security.auth.TokenTest.testIsExpiredExpirationDateInFuture()'><b>testIsExpiredExpirationDateInFuture</b><br>Test class: org.molgenis.data.security.auth.TokenTest</td>
<td></td>
<td>0</td>
<td>org.molgenis.data.security.auth.TokenTest@2cc3ad05</td></tr>
<tr>
<td title='org.molgenis.data.security.auth.TokenTest.testIsExpiredExpirationDateInPast()'><b>testIsExpiredExpirationDateInPast</b><br>Test class: org.molgenis.data.security.auth.TokenTest</td>
<td></td>
<td>0</td>
<td>org.molgenis.data.security.auth.TokenTest@2cc3ad05</td></tr>
<tr>
<td title='org.molgenis.data.security.auth.TokenTest.testIsExpiredNoExpirationDate()'><b>testIsExpiredNoExpirationDate</b><br>Test class: org.molgenis.data.security.auth.TokenTest</td>
<td></td>
<td>0</td>
<td>org.molgenis.data.security.auth.TokenTest@2cc3ad05</td></tr>
<tr>
<td title='org.molgenis.data.security.SystemEntityTypeRegistryImplTest.testSystemEntityTypeRegistryImpl()'><b>testSystemEntityTypeRegistryImpl</b><br>Test class: org.molgenis.data.security.SystemEntityTypeRegistryImplTest</td>
<td><div><pre>java.lang.NullPointerException
	at java.util.Objects.requireNonNull(Objects.java:203)
	at org.molgenis.data.security.SystemEntityTypeRegistryImpl.&lt;init&gt;(SystemEntityTypeRegistryImpl.java:32)
	at org.molgenis.data.security.SystemEntityTypeRegistryImplTest.testSystemEntityTypeRegistryImpl(SystemEntityTypeRegistryImplTest.java:46)
	at org.apache.maven.surefire.testng.TestNGExecutor.run(TestNGExecutor.java:132)
	at org.apache.maven.surefire.testng.TestNGDirectoryTestSuite.executeMulti(TestNGDirectoryTestSuite.java:193)
	at org.apache.maven.surefire.testng.TestNGDirectoryTestSuite.execute(TestNGDirectoryTestSuite.java:94)
	at org.apache.maven.surefire.testng.TestNGProvider.invoke(TestNGProvider.java:147)
	at org.apache.maven.surefire.booter.ForkedBooter.invokeProviderInSameClassLoader(ForkedBooter.java:290)
	at org.apache.maven.surefire.booter.ForkedBooter.runSuitesInProcess(ForkedBooter.java:242)
	at org.apache.maven.surefire.booter.ForkedBooter.main(ForkedBooter.java:121)
... Removed 21 stack frames</pre></div><a href='#' onClick='toggleBox("stack-trace689036161", this, "Click to show all stack frames", "Click to hide stack frames")'>Click to show all stack frames</a>
<div class='stack-trace' id='stack-trace689036161'><pre>java.lang.NullPointerException
	at java.util.Objects.requireNonNull(Objects.java:203)
	at org.molgenis.data.security.SystemEntityTypeRegistryImpl.&lt;init&gt;(SystemEntityTypeRegistryImpl.java:32)
	at org.molgenis.data.security.SystemEntityTypeRegistryImplTest.testSystemEntityTypeRegistryImpl(SystemEntityTypeRegistryImplTest.java:46)
	at sun.reflect.NativeMethodAccessorImpl.invoke0(Native Method)
	at sun.reflect.NativeMethodAccessorImpl.invoke(NativeMethodAccessorImpl.java:62)
	at sun.reflect.DelegatingMethodAccessorImpl.invoke(DelegatingMethodAccessorImpl.java:43)
	at java.lang.reflect.Method.invoke(Method.java:498)
	at org.testng.internal.MethodInvocationHelper.invokeMethod(MethodInvocationHelper.java:80)
	at org.testng.internal.Invoker.invokeMethod(Invoker.java:714)
	at org.testng.internal.Invoker.invokeTestMethod(Invoker.java:901)
	at org.testng.internal.Invoker.invokeTestMethods(Invoker.java:1231)
	at org.testng.internal.TestMethodWorker.invokeTestMethods(TestMethodWorker.java:127)
	at org.testng.internal.TestMethodWorker.run(TestMethodWorker.java:111)
	at org.testng.TestRunner.privateRun(TestRunner.java:767)
	at org.testng.TestRunner.run(TestRunner.java:617)
	at org.testng.SuiteRunner.runTest(SuiteRunner.java:334)
	at org.testng.SuiteRunner.runSequentially(SuiteRunner.java:329)
	at org.testng.SuiteRunner.privateRun(SuiteRunner.java:291)
	at org.testng.SuiteRunner.run(SuiteRunner.java:240)
	at org.testng.SuiteRunnerWorker.runSuite(SuiteRunnerWorker.java:52)
	at org.testng.SuiteRunnerWorker.run(SuiteRunnerWorker.java:86)
	at org.testng.TestNG.runSuitesSequentially(TestNG.java:1198)
	at org.testng.TestNG.runSuitesLocally(TestNG.java:1123)
	at org.testng.TestNG.run(TestNG.java:1031)
	at org.apache.maven.surefire.testng.TestNGExecutor.run(TestNGExecutor.java:132)
	at org.apache.maven.surefire.testng.TestNGDirectoryTestSuite.executeMulti(TestNGDirectoryTestSuite.java:193)
	at org.apache.maven.surefire.testng.TestNGDirectoryTestSuite.execute(TestNGDirectoryTestSuite.java:94)
	at org.apache.maven.surefire.testng.TestNGProvider.invoke(TestNGProvider.java:147)
	at org.apache.maven.surefire.booter.ForkedBooter.invokeProviderInSameClassLoader(ForkedBooter.java:290)
	at org.apache.maven.surefire.booter.ForkedBooter.runSuitesInProcess(ForkedBooter.java:242)
	at org.apache.maven.surefire.booter.ForkedBooter.main(ForkedBooter.java:121)
</pre></div></td>
<td>0</td>
<td>org.molgenis.data.security.SystemEntityTypeRegistryImplTest@655ef322</td></tr>
<tr>
<td title='org.molgenis.data.security.SecurityDecoratorUtilsTest.testValidatePermissionSuperuser()'><b>testValidatePermissionSuperuser</b><br>Test class: org.molgenis.data.security.SecurityDecoratorUtilsTest</td>
<td></td>
<td>0</td>
<td>org.molgenis.data.security.SecurityDecoratorUtilsTest@25e2ab5a</td></tr>
<tr>
<td title='org.molgenis.data.security.SecurityDecoratorUtilsTest.testValidatePermissionSystemUser()'><b>testValidatePermissionSystemUser</b><br>Test class: org.molgenis.data.security.SecurityDecoratorUtilsTest</td>
<td></td>
<td>0</td>
<td>org.molgenis.data.security.SecurityDecoratorUtilsTest@25e2ab5a</td></tr>
<tr>
<td title='org.molgenis.data.security.SecurityDecoratorUtilsTest.testValidatePermissionUser()'><b>testValidatePermissionUser</b><br>Test class: org.molgenis.data.security.SecurityDecoratorUtilsTest</td>
<td></td>
<td>0</td>
<td>org.molgenis.data.security.SecurityDecoratorUtilsTest@25e2ab5a</td></tr>
<tr>
<td title='org.molgenis.data.security.SecurityDecoratorUtilsTest.testValidatePermissionUserDifferentEntityType()'><b>testValidatePermissionUserDifferentEntityType</b><br>Test class: org.molgenis.data.security.SecurityDecoratorUtilsTest</td>
<td><div><pre>org.molgenis.data.MolgenisDataAccessException: No [COUNT] permission on entity type [entityTypeLabel] with id [entityTypeId]
	at org.molgenis.data.security.util.SecurityDecoratorUtils.validatePermission(SecurityDecoratorUtils.java:20)
	at org.molgenis.data.security.SecurityDecoratorUtilsTest.testValidatePermissionUserDifferentEntityType(SecurityDecoratorUtilsTest.java:53)
	at org.springframework.test.context.testng.AbstractTestNGSpringContextTests.run(AbstractTestNGSpringContextTests.java:175)
	at org.apache.maven.surefire.testng.TestNGExecutor.run(TestNGExecutor.java:132)
	at org.apache.maven.surefire.testng.TestNGDirectoryTestSuite.executeMulti(TestNGDirectoryTestSuite.java:193)
	at org.apache.maven.surefire.testng.TestNGDirectoryTestSuite.execute(TestNGDirectoryTestSuite.java:94)
	at org.apache.maven.surefire.testng.TestNGProvider.invoke(TestNGProvider.java:147)
	at org.apache.maven.surefire.booter.ForkedBooter.invokeProviderInSameClassLoader(ForkedBooter.java:290)
	at org.apache.maven.surefire.booter.ForkedBooter.runSuitesInProcess(ForkedBooter.java:242)
	at org.apache.maven.surefire.booter.ForkedBooter.main(ForkedBooter.java:121)
... Removed 27 stack frames</pre></div><a href='#' onClick='toggleBox("stack-trace1413306467", this, "Click to show all stack frames", "Click to hide stack frames")'>Click to show all stack frames</a>
<div class='stack-trace' id='stack-trace1413306467'><pre>org.molgenis.data.MolgenisDataAccessException: No [COUNT] permission on entity type [entityTypeLabel] with id [entityTypeId]
	at org.molgenis.data.security.util.SecurityDecoratorUtils.validatePermission(SecurityDecoratorUtils.java:20)
	at org.molgenis.data.security.SecurityDecoratorUtilsTest.testValidatePermissionUserDifferentEntityType(SecurityDecoratorUtilsTest.java:53)
	at sun.reflect.NativeMethodAccessorImpl.invoke0(Native Method)
	at sun.reflect.NativeMethodAccessorImpl.invoke(NativeMethodAccessorImpl.java:62)
	at sun.reflect.DelegatingMethodAccessorImpl.invoke(DelegatingMethodAccessorImpl.java:43)
	at java.lang.reflect.Method.invoke(Method.java:498)
	at org.testng.internal.MethodInvocationHelper.invokeMethod(MethodInvocationHelper.java:80)
	at org.testng.internal.MethodInvocationHelper$1.runTestMethod(MethodInvocationHelper.java:182)
	at org.springframework.test.context.testng.AbstractTestNGSpringContextTests.run(AbstractTestNGSpringContextTests.java:175)
	at sun.reflect.NativeMethodAccessorImpl.invoke0(Native Method)
	at sun.reflect.NativeMethodAccessorImpl.invoke(NativeMethodAccessorImpl.java:62)
	at sun.reflect.DelegatingMethodAccessorImpl.invoke(DelegatingMethodAccessorImpl.java:43)
	at java.lang.reflect.Method.invoke(Method.java:498)
	at org.testng.internal.MethodInvocationHelper.invokeHookable(MethodInvocationHelper.java:194)
	at org.testng.internal.Invoker.invokeMethod(Invoker.java:707)
	at org.testng.internal.Invoker.invokeTestMethod(Invoker.java:901)
	at org.testng.internal.Invoker.invokeTestMethods(Invoker.java:1231)
	at org.testng.internal.TestMethodWorker.invokeTestMethods(TestMethodWorker.java:127)
	at org.testng.internal.TestMethodWorker.run(TestMethodWorker.java:111)
	at org.testng.TestRunner.privateRun(TestRunner.java:767)
	at org.testng.TestRunner.run(TestRunner.java:617)
	at org.testng.SuiteRunner.runTest(SuiteRunner.java:334)
	at org.testng.SuiteRunner.runSequentially(SuiteRunner.java:329)
	at org.testng.SuiteRunner.privateRun(SuiteRunner.java:291)
	at org.testng.SuiteRunner.run(SuiteRunner.java:240)
	at org.testng.SuiteRunnerWorker.runSuite(SuiteRunnerWorker.java:52)
	at org.testng.SuiteRunnerWorker.run(SuiteRunnerWorker.java:86)
	at org.testng.TestNG.runSuitesSequentially(TestNG.java:1198)
	at org.testng.TestNG.runSuitesLocally(TestNG.java:1123)
	at org.testng.TestNG.run(TestNG.java:1031)
	at org.apache.maven.surefire.testng.TestNGExecutor.run(TestNGExecutor.java:132)
	at org.apache.maven.surefire.testng.TestNGDirectoryTestSuite.executeMulti(TestNGDirectoryTestSuite.java:193)
	at org.apache.maven.surefire.testng.TestNGDirectoryTestSuite.execute(TestNGDirectoryTestSuite.java:94)
	at org.apache.maven.surefire.testng.TestNGProvider.invoke(TestNGProvider.java:147)
	at org.apache.maven.surefire.booter.ForkedBooter.invokeProviderInSameClassLoader(ForkedBooter.java:290)
	at org.apache.maven.surefire.booter.ForkedBooter.runSuitesInProcess(ForkedBooter.java:242)
	at org.apache.maven.surefire.booter.ForkedBooter.main(ForkedBooter.java:121)
</pre></div></td>
<td>0</td>
<td>org.molgenis.data.security.SecurityDecoratorUtilsTest@25e2ab5a</td></tr>
<tr>
<td title='org.molgenis.data.security.SecurityDecoratorUtilsTest.testValidatePermissionUserDifferentPermission()'><b>testValidatePermissionUserDifferentPermission</b><br>Test class: org.molgenis.data.security.SecurityDecoratorUtilsTest</td>
<td><div><pre>org.molgenis.data.MolgenisDataAccessException: No [READ] permission on entity type [entityTypeLabel] with id [entityTypeId]
	at org.molgenis.data.security.util.SecurityDecoratorUtils.validatePermission(SecurityDecoratorUtils.java:20)
	at org.molgenis.data.security.SecurityDecoratorUtilsTest.testValidatePermissionUserDifferentPermission(SecurityDecoratorUtilsTest.java:46)
	at org.springframework.test.context.testng.AbstractTestNGSpringContextTests.run(AbstractTestNGSpringContextTests.java:175)
	at org.apache.maven.surefire.testng.TestNGExecutor.run(TestNGExecutor.java:132)
	at org.apache.maven.surefire.testng.TestNGDirectoryTestSuite.executeMulti(TestNGDirectoryTestSuite.java:193)
	at org.apache.maven.surefire.testng.TestNGDirectoryTestSuite.execute(TestNGDirectoryTestSuite.java:94)
	at org.apache.maven.surefire.testng.TestNGProvider.invoke(TestNGProvider.java:147)
	at org.apache.maven.surefire.booter.ForkedBooter.invokeProviderInSameClassLoader(ForkedBooter.java:290)
	at org.apache.maven.surefire.booter.ForkedBooter.runSuitesInProcess(ForkedBooter.java:242)
	at org.apache.maven.surefire.booter.ForkedBooter.main(ForkedBooter.java:121)
... Removed 27 stack frames</pre></div><a href='#' onClick='toggleBox("stack-trace1029790510", this, "Click to show all stack frames", "Click to hide stack frames")'>Click to show all stack frames</a>
<div class='stack-trace' id='stack-trace1029790510'><pre>org.molgenis.data.MolgenisDataAccessException: No [READ] permission on entity type [entityTypeLabel] with id [entityTypeId]
	at org.molgenis.data.security.util.SecurityDecoratorUtils.validatePermission(SecurityDecoratorUtils.java:20)
	at org.molgenis.data.security.SecurityDecoratorUtilsTest.testValidatePermissionUserDifferentPermission(SecurityDecoratorUtilsTest.java:46)
	at sun.reflect.NativeMethodAccessorImpl.invoke0(Native Method)
	at sun.reflect.NativeMethodAccessorImpl.invoke(NativeMethodAccessorImpl.java:62)
	at sun.reflect.DelegatingMethodAccessorImpl.invoke(DelegatingMethodAccessorImpl.java:43)
	at java.lang.reflect.Method.invoke(Method.java:498)
	at org.testng.internal.MethodInvocationHelper.invokeMethod(MethodInvocationHelper.java:80)
	at org.testng.internal.MethodInvocationHelper$1.runTestMethod(MethodInvocationHelper.java:182)
	at org.springframework.test.context.testng.AbstractTestNGSpringContextTests.run(AbstractTestNGSpringContextTests.java:175)
	at sun.reflect.NativeMethodAccessorImpl.invoke0(Native Method)
	at sun.reflect.NativeMethodAccessorImpl.invoke(NativeMethodAccessorImpl.java:62)
	at sun.reflect.DelegatingMethodAccessorImpl.invoke(DelegatingMethodAccessorImpl.java:43)
	at java.lang.reflect.Method.invoke(Method.java:498)
	at org.testng.internal.MethodInvocationHelper.invokeHookable(MethodInvocationHelper.java:194)
	at org.testng.internal.Invoker.invokeMethod(Invoker.java:707)
	at org.testng.internal.Invoker.invokeTestMethod(Invoker.java:901)
	at org.testng.internal.Invoker.invokeTestMethods(Invoker.java:1231)
	at org.testng.internal.TestMethodWorker.invokeTestMethods(TestMethodWorker.java:127)
	at org.testng.internal.TestMethodWorker.run(TestMethodWorker.java:111)
	at org.testng.TestRunner.privateRun(TestRunner.java:767)
	at org.testng.TestRunner.run(TestRunner.java:617)
	at org.testng.SuiteRunner.runTest(SuiteRunner.java:334)
	at org.testng.SuiteRunner.runSequentially(SuiteRunner.java:329)
	at org.testng.SuiteRunner.privateRun(SuiteRunner.java:291)
	at org.testng.SuiteRunner.run(SuiteRunner.java:240)
	at org.testng.SuiteRunnerWorker.runSuite(SuiteRunnerWorker.java:52)
	at org.testng.SuiteRunnerWorker.run(SuiteRunnerWorker.java:86)
	at org.testng.TestNG.runSuitesSequentially(TestNG.java:1198)
	at org.testng.TestNG.runSuitesLocally(TestNG.java:1123)
	at org.testng.TestNG.run(TestNG.java:1031)
	at org.apache.maven.surefire.testng.TestNGExecutor.run(TestNGExecutor.java:132)
	at org.apache.maven.surefire.testng.TestNGDirectoryTestSuite.executeMulti(TestNGDirectoryTestSuite.java:193)
	at org.apache.maven.surefire.testng.TestNGDirectoryTestSuite.execute(TestNGDirectoryTestSuite.java:94)
	at org.apache.maven.surefire.testng.TestNGProvider.invoke(TestNGProvider.java:147)
	at org.apache.maven.surefire.booter.ForkedBooter.invokeProviderInSameClassLoader(ForkedBooter.java:290)
	at org.apache.maven.surefire.booter.ForkedBooter.runSuitesInProcess(ForkedBooter.java:242)
	at org.apache.maven.surefire.booter.ForkedBooter.main(ForkedBooter.java:121)
</pre></div></td>
<td>0</td>
<td>org.molgenis.data.security.SecurityDecoratorUtilsTest@25e2ab5a</td></tr>
<tr>
<td title='org.molgenis.data.security.RepositorySecurityDecoratorTest.updateStream()'><b>updateStream</b><br>Test class: org.molgenis.data.security.RepositorySecurityDecoratorTest</td>
<td></td>
<td>0</td>
<td>org.molgenis.data.security.RepositorySecurityDecoratorTest@3569fc08</td></tr>
<tr>
<td title='org.molgenis.data.security.owned.OwnedEntityRepositoryDecoratorTest.updateStream()'><b>updateStream</b><br>Test class: org.molgenis.data.security.owned.OwnedEntityRepositoryDecoratorTest</td>
<td></td>
<td>0</td>
<td>org.molgenis.data.security.owned.OwnedEntityRepositoryDecoratorTest@2e61d218</td></tr>
<tr>
<td title='org.molgenis.data.security.auth.UserRepositoryDecoratorTest.updateStream()'><b>updateStream</b><br>Test class: org.molgenis.data.security.auth.UserRepositoryDecoratorTest</td>
<td></td>
<td>0</td>
<td>org.molgenis.data.security.auth.UserRepositoryDecoratorTest@77d2e85</td></tr>
<tr>
<td title='org.molgenis.data.security.owned.OwnedEntityRepositoryDecoratorTest.updateStreamExtendsOwned()'><b>updateStreamExtendsOwned</b><br>Test class: org.molgenis.data.security.owned.OwnedEntityRepositoryDecoratorTest</td>
<td></td>
<td>0</td>
<td>org.molgenis.data.security.owned.OwnedEntityRepositoryDecoratorTest@2e61d218</td></tr>
<tr>
<td title='org.molgenis.data.security.RepositorySecurityDecoratorTest.updateStreamNoPermission()'><b>updateStreamNoPermission</b><br>Test class: org.molgenis.data.security.RepositorySecurityDecoratorTest</td>
<td><div><pre>org.molgenis.data.MolgenisDataAccessException: No [WRITE] permission on entity type [entity] with id [entityID]
	at org.molgenis.data.security.util.SecurityDecoratorUtils.validatePermission(SecurityDecoratorUtils.java:20)
	at org.molgenis.data.security.RepositorySecurityDecorator.update(RepositorySecurityDecorator.java:127)
	at org.molgenis.data.security.RepositorySecurityDecoratorTest.updateStreamNoPermission(RepositorySecurityDecoratorTest.java:161)
	at org.apache.maven.surefire.testng.TestNGExecutor.run(TestNGExecutor.java:132)
	at org.apache.maven.surefire.testng.TestNGDirectoryTestSuite.executeMulti(TestNGDirectoryTestSuite.java:193)
	at org.apache.maven.surefire.testng.TestNGDirectoryTestSuite.execute(TestNGDirectoryTestSuite.java:94)
	at org.apache.maven.surefire.testng.TestNGProvider.invoke(TestNGProvider.java:147)
	at org.apache.maven.surefire.booter.ForkedBooter.invokeProviderInSameClassLoader(ForkedBooter.java:290)
	at org.apache.maven.surefire.booter.ForkedBooter.runSuitesInProcess(ForkedBooter.java:242)
	at org.apache.maven.surefire.booter.ForkedBooter.main(ForkedBooter.java:121)
... Removed 21 stack frames</pre></div><a href='#' onClick='toggleBox("stack-trace886333120", this, "Click to show all stack frames", "Click to hide stack frames")'>Click to show all stack frames</a>
<div class='stack-trace' id='stack-trace886333120'><pre>org.molgenis.data.MolgenisDataAccessException: No [WRITE] permission on entity type [entity] with id [entityID]
	at org.molgenis.data.security.util.SecurityDecoratorUtils.validatePermission(SecurityDecoratorUtils.java:20)
	at org.molgenis.data.security.RepositorySecurityDecorator.update(RepositorySecurityDecorator.java:127)
	at org.molgenis.data.security.RepositorySecurityDecoratorTest.updateStreamNoPermission(RepositorySecurityDecoratorTest.java:161)
	at sun.reflect.NativeMethodAccessorImpl.invoke0(Native Method)
	at sun.reflect.NativeMethodAccessorImpl.invoke(NativeMethodAccessorImpl.java:62)
	at sun.reflect.DelegatingMethodAccessorImpl.invoke(DelegatingMethodAccessorImpl.java:43)
	at java.lang.reflect.Method.invoke(Method.java:498)
	at org.testng.internal.MethodInvocationHelper.invokeMethod(MethodInvocationHelper.java:80)
	at org.testng.internal.Invoker.invokeMethod(Invoker.java:714)
	at org.testng.internal.Invoker.invokeTestMethod(Invoker.java:901)
	at org.testng.internal.Invoker.invokeTestMethods(Invoker.java:1231)
	at org.testng.internal.TestMethodWorker.invokeTestMethods(TestMethodWorker.java:127)
	at org.testng.internal.TestMethodWorker.run(TestMethodWorker.java:111)
	at org.testng.TestRunner.privateRun(TestRunner.java:767)
	at org.testng.TestRunner.run(TestRunner.java:617)
	at org.testng.SuiteRunner.runTest(SuiteRunner.java:334)
	at org.testng.SuiteRunner.runSequentially(SuiteRunner.java:329)
	at org.testng.SuiteRunner.privateRun(SuiteRunner.java:291)
	at org.testng.SuiteRunner.run(SuiteRunner.java:240)
	at org.testng.SuiteRunnerWorker.runSuite(SuiteRunnerWorker.java:52)
	at org.testng.SuiteRunnerWorker.run(SuiteRunnerWorker.java:86)
	at org.testng.TestNG.runSuitesSequentially(TestNG.java:1198)
	at org.testng.TestNG.runSuitesLocally(TestNG.java:1123)
	at org.testng.TestNG.run(TestNG.java:1031)
	at org.apache.maven.surefire.testng.TestNGExecutor.run(TestNGExecutor.java:132)
	at org.apache.maven.surefire.testng.TestNGDirectoryTestSuite.executeMulti(TestNGDirectoryTestSuite.java:193)
	at org.apache.maven.surefire.testng.TestNGDirectoryTestSuite.execute(TestNGDirectoryTestSuite.java:94)
	at org.apache.maven.surefire.testng.TestNGProvider.invoke(TestNGProvider.java:147)
	at org.apache.maven.surefire.booter.ForkedBooter.invokeProviderInSameClassLoader(ForkedBooter.java:290)
	at org.apache.maven.surefire.booter.ForkedBooter.runSuitesInProcess(ForkedBooter.java:242)
	at org.apache.maven.surefire.booter.ForkedBooter.main(ForkedBooter.java:121)
</pre></div></td>
<td>0</td>
<td>org.molgenis.data.security.RepositorySecurityDecoratorTest@3569fc08</td></tr>
<tr>
<td title='org.molgenis.data.security.auth.UserRepositoryDecoratorTest.updateStreamUnchangedPassword()'><b>updateStreamUnchangedPassword</b><br>Test class: org.molgenis.data.security.auth.UserRepositoryDecoratorTest</td>
<td></td>
<td>0</td>
<td>org.molgenis.data.security.auth.UserRepositoryDecoratorTest@77d2e85</td></tr>
<tr>
<td title='org.molgenis.data.security.meta.EntityTypeRepositorySecurityDecoratorTest.updateSu()'><b>updateSu</b><br>Test class: org.molgenis.data.security.meta.EntityTypeRepositorySecurityDecoratorTest</td>
<td></td>
<td>0</td>
<td>org.molgenis.data.security.meta.EntityTypeRepositorySecurityDecoratorTest@555cf22</td></tr>
<tr>
<td title='org.molgenis.data.security.meta.EntityTypeRepositorySecurityDecoratorTest.updateSystem()'><b>updateSystem</b><br>Test class: org.molgenis.data.security.meta.EntityTypeRepositorySecurityDecoratorTest</td>
<td></td>
<td>0</td>
<td>org.molgenis.data.security.meta.EntityTypeRepositorySecurityDecoratorTest@555cf22</td></tr>
<tr>
<td title='org.molgenis.data.security.meta.AttributeRepositorySecurityDecoratorTest.updateSystemEntity()'><b>updateSystemEntity</b><br>Test class: org.molgenis.data.security.meta.AttributeRepositorySecurityDecoratorTest</td>
<td><div><pre>org.molgenis.data.MolgenisDataException: Updating system entity attribute [attributeName] is not allowed
	at org.molgenis.data.security.meta.AttributeRepositorySecurityDecorator.validateUpdateAllowed(AttributeRepositorySecurityDecorator.java:302)
	at org.molgenis.data.security.meta.AttributeRepositorySecurityDecorator.update(AttributeRepositorySecurityDecorator.java:227)
	at org.molgenis.data.security.meta.AttributeRepositorySecurityDecoratorTest.updateSystemEntity(AttributeRepositorySecurityDecoratorTest.java:704)
	at org.springframework.test.context.testng.AbstractTestNGSpringContextTests.run(AbstractTestNGSpringContextTests.java:175)
	at org.apache.maven.surefire.testng.TestNGExecutor.run(TestNGExecutor.java:132)
	at org.apache.maven.surefire.testng.TestNGDirectoryTestSuite.executeMulti(TestNGDirectoryTestSuite.java:193)
	at org.apache.maven.surefire.testng.TestNGDirectoryTestSuite.execute(TestNGDirectoryTestSuite.java:94)
	at org.apache.maven.surefire.testng.TestNGProvider.invoke(TestNGProvider.java:147)
	at org.apache.maven.surefire.booter.ForkedBooter.invokeProviderInSameClassLoader(ForkedBooter.java:290)
	at org.apache.maven.surefire.booter.ForkedBooter.runSuitesInProcess(ForkedBooter.java:242)
	at org.apache.maven.surefire.booter.ForkedBooter.main(ForkedBooter.java:121)
... Removed 26 stack frames</pre></div><a href='#' onClick='toggleBox("stack-trace243821743", this, "Click to show all stack frames", "Click to hide stack frames")'>Click to show all stack frames</a>
<div class='stack-trace' id='stack-trace243821743'><pre>org.molgenis.data.MolgenisDataException: Updating system entity attribute [attributeName] is not allowed
	at org.molgenis.data.security.meta.AttributeRepositorySecurityDecorator.validateUpdateAllowed(AttributeRepositorySecurityDecorator.java:302)
	at org.molgenis.data.security.meta.AttributeRepositorySecurityDecorator.update(AttributeRepositorySecurityDecorator.java:227)
	at org.molgenis.data.security.meta.AttributeRepositorySecurityDecoratorTest.updateSystemEntity(AttributeRepositorySecurityDecoratorTest.java:704)
	at sun.reflect.NativeMethodAccessorImpl.invoke0(Native Method)
	at sun.reflect.NativeMethodAccessorImpl.invoke(NativeMethodAccessorImpl.java:62)
	at sun.reflect.DelegatingMethodAccessorImpl.invoke(DelegatingMethodAccessorImpl.java:43)
	at java.lang.reflect.Method.invoke(Method.java:498)
	at org.testng.internal.MethodInvocationHelper.invokeMethod(MethodInvocationHelper.java:80)
	at org.testng.internal.MethodInvocationHelper$1.runTestMethod(MethodInvocationHelper.java:182)
	at org.springframework.test.context.testng.AbstractTestNGSpringContextTests.run(AbstractTestNGSpringContextTests.java:175)
	at sun.reflect.GeneratedMethodAccessor28.invoke(Unknown Source)
	at sun.reflect.DelegatingMethodAccessorImpl.invoke(DelegatingMethodAccessorImpl.java:43)
	at java.lang.reflect.Method.invoke(Method.java:498)
	at org.testng.internal.MethodInvocationHelper.invokeHookable(MethodInvocationHelper.java:194)
	at org.testng.internal.Invoker.invokeMethod(Invoker.java:707)
	at org.testng.internal.Invoker.invokeTestMethod(Invoker.java:901)
	at org.testng.internal.Invoker.invokeTestMethods(Invoker.java:1231)
	at org.testng.internal.TestMethodWorker.invokeTestMethods(TestMethodWorker.java:127)
	at org.testng.internal.TestMethodWorker.run(TestMethodWorker.java:111)
	at org.testng.TestRunner.privateRun(TestRunner.java:767)
	at org.testng.TestRunner.run(TestRunner.java:617)
	at org.testng.SuiteRunner.runTest(SuiteRunner.java:334)
	at org.testng.SuiteRunner.runSequentially(SuiteRunner.java:329)
	at org.testng.SuiteRunner.privateRun(SuiteRunner.java:291)
	at org.testng.SuiteRunner.run(SuiteRunner.java:240)
	at org.testng.SuiteRunnerWorker.runSuite(SuiteRunnerWorker.java:52)
	at org.testng.SuiteRunnerWorker.run(SuiteRunnerWorker.java:86)
	at org.testng.TestNG.runSuitesSequentially(TestNG.java:1198)
	at org.testng.TestNG.runSuitesLocally(TestNG.java:1123)
	at org.testng.TestNG.run(TestNG.java:1031)
	at org.apache.maven.surefire.testng.TestNGExecutor.run(TestNGExecutor.java:132)
	at org.apache.maven.surefire.testng.TestNGDirectoryTestSuite.executeMulti(TestNGDirectoryTestSuite.java:193)
	at org.apache.maven.surefire.testng.TestNGDirectoryTestSuite.execute(TestNGDirectoryTestSuite.java:94)
	at org.apache.maven.surefire.testng.TestNGProvider.invoke(TestNGProvider.java:147)
	at org.apache.maven.surefire.booter.ForkedBooter.invokeProviderInSameClassLoader(ForkedBooter.java:290)
	at org.apache.maven.surefire.booter.ForkedBooter.runSuitesInProcess(ForkedBooter.java:242)
	at org.apache.maven.surefire.booter.ForkedBooter.main(ForkedBooter.java:121)
</pre></div></td>
<td>0</td>
<td>org.molgenis.data.security.meta.AttributeRepositorySecurityDecoratorTest@4c5474f5</td></tr>
<tr>
<td title='org.molgenis.data.security.meta.EntityTypeRepositorySecurityDecoratorTest.updateSystemEntityType()'><b>updateSystemEntityType</b><br>Test class: org.molgenis.data.security.meta.EntityTypeRepositorySecurityDecoratorTest</td>
<td><div><pre>org.molgenis.data.MolgenisDataException: Updating system entity meta data [entity] is not allowed
	at org.molgenis.data.security.meta.EntityTypeRepositorySecurityDecorator.validateUpdateAllowed(EntityTypeRepositorySecurityDecorator.java:367)
	at org.molgenis.data.security.meta.EntityTypeRepositorySecurityDecorator.update(EntityTypeRepositorySecurityDecorator.java:237)
	at org.molgenis.data.security.meta.EntityTypeRepositorySecurityDecoratorTest.update(EntityTypeRepositorySecurityDecoratorTest.java:715)
	at org.molgenis.data.security.meta.EntityTypeRepositorySecurityDecoratorTest.updateSystemEntityType(EntityTypeRepositorySecurityDecoratorTest.java:707)
	at org.springframework.test.context.testng.AbstractTestNGSpringContextTests.run(AbstractTestNGSpringContextTests.java:175)
	at org.apache.maven.surefire.testng.TestNGExecutor.run(TestNGExecutor.java:132)
	at org.apache.maven.surefire.testng.TestNGDirectoryTestSuite.executeMulti(TestNGDirectoryTestSuite.java:193)
	at org.apache.maven.surefire.testng.TestNGDirectoryTestSuite.execute(TestNGDirectoryTestSuite.java:94)
	at org.apache.maven.surefire.testng.TestNGProvider.invoke(TestNGProvider.java:147)
	at org.apache.maven.surefire.booter.ForkedBooter.invokeProviderInSameClassLoader(ForkedBooter.java:290)
	at org.apache.maven.surefire.booter.ForkedBooter.runSuitesInProcess(ForkedBooter.java:242)
	at org.apache.maven.surefire.booter.ForkedBooter.main(ForkedBooter.java:121)
... Removed 26 stack frames</pre></div><a href='#' onClick='toggleBox("stack-trace2078510778", this, "Click to show all stack frames", "Click to hide stack frames")'>Click to show all stack frames</a>
<div class='stack-trace' id='stack-trace2078510778'><pre>org.molgenis.data.MolgenisDataException: Updating system entity meta data [entity] is not allowed
	at org.molgenis.data.security.meta.EntityTypeRepositorySecurityDecorator.validateUpdateAllowed(EntityTypeRepositorySecurityDecorator.java:367)
	at org.molgenis.data.security.meta.EntityTypeRepositorySecurityDecorator.update(EntityTypeRepositorySecurityDecorator.java:237)
	at org.molgenis.data.security.meta.EntityTypeRepositorySecurityDecoratorTest.update(EntityTypeRepositorySecurityDecoratorTest.java:715)
	at org.molgenis.data.security.meta.EntityTypeRepositorySecurityDecoratorTest.updateSystemEntityType(EntityTypeRepositorySecurityDecoratorTest.java:707)
	at sun.reflect.NativeMethodAccessorImpl.invoke0(Native Method)
	at sun.reflect.NativeMethodAccessorImpl.invoke(NativeMethodAccessorImpl.java:62)
	at sun.reflect.DelegatingMethodAccessorImpl.invoke(DelegatingMethodAccessorImpl.java:43)
	at java.lang.reflect.Method.invoke(Method.java:498)
	at org.testng.internal.MethodInvocationHelper.invokeMethod(MethodInvocationHelper.java:80)
	at org.testng.internal.MethodInvocationHelper$1.runTestMethod(MethodInvocationHelper.java:182)
	at org.springframework.test.context.testng.AbstractTestNGSpringContextTests.run(AbstractTestNGSpringContextTests.java:175)
	at sun.reflect.GeneratedMethodAccessor28.invoke(Unknown Source)
	at sun.reflect.DelegatingMethodAccessorImpl.invoke(DelegatingMethodAccessorImpl.java:43)
	at java.lang.reflect.Method.invoke(Method.java:498)
	at org.testng.internal.MethodInvocationHelper.invokeHookable(MethodInvocationHelper.java:194)
	at org.testng.internal.Invoker.invokeMethod(Invoker.java:707)
	at org.testng.internal.Invoker.invokeTestMethod(Invoker.java:901)
	at org.testng.internal.Invoker.invokeTestMethods(Invoker.java:1231)
	at org.testng.internal.TestMethodWorker.invokeTestMethods(TestMethodWorker.java:127)
	at org.testng.internal.TestMethodWorker.run(TestMethodWorker.java:111)
	at org.testng.TestRunner.privateRun(TestRunner.java:767)
	at org.testng.TestRunner.run(TestRunner.java:617)
	at org.testng.SuiteRunner.runTest(SuiteRunner.java:334)
	at org.testng.SuiteRunner.runSequentially(SuiteRunner.java:329)
	at org.testng.SuiteRunner.privateRun(SuiteRunner.java:291)
	at org.testng.SuiteRunner.run(SuiteRunner.java:240)
	at org.testng.SuiteRunnerWorker.runSuite(SuiteRunnerWorker.java:52)
	at org.testng.SuiteRunnerWorker.run(SuiteRunnerWorker.java:86)
	at org.testng.TestNG.runSuitesSequentially(TestNG.java:1198)
	at org.testng.TestNG.runSuitesLocally(TestNG.java:1123)
	at org.testng.TestNG.run(TestNG.java:1031)
	at org.apache.maven.surefire.testng.TestNGExecutor.run(TestNGExecutor.java:132)
	at org.apache.maven.surefire.testng.TestNGDirectoryTestSuite.executeMulti(TestNGDirectoryTestSuite.java:193)
	at org.apache.maven.surefire.testng.TestNGDirectoryTestSuite.execute(TestNGDirectoryTestSuite.java:94)
	at org.apache.maven.surefire.testng.TestNGProvider.invoke(TestNGProvider.java:147)
	at org.apache.maven.surefire.booter.ForkedBooter.invokeProviderInSameClassLoader(ForkedBooter.java:290)
	at org.apache.maven.surefire.booter.ForkedBooter.runSuitesInProcess(ForkedBooter.java:242)
	at org.apache.maven.surefire.booter.ForkedBooter.main(ForkedBooter.java:121)
</pre></div></td>
<td>0</td>
<td>org.molgenis.data.security.meta.EntityTypeRepositorySecurityDecoratorTest@555cf22</td></tr>
<tr>
<td title='org.molgenis.data.security.meta.EntityTypeRepositorySecurityDecoratorTest.updateUser()'><b>updateUser</b><br>Test class: org.molgenis.data.security.meta.EntityTypeRepositorySecurityDecoratorTest</td>
<td></td>
<td>0</td>
<td>org.molgenis.data.security.meta.EntityTypeRepositorySecurityDecoratorTest@555cf22</td></tr>
</table><p>
</body>
</html>