<?xml version="1.0" encoding="UTF-8"?>
<testng-results skipped="0" failed="0" total="58" passed="58">
  <reporter-output>
  </reporter-output>
  <suite name="Surefire suite" duration-ms="3622" started-at="2018-05-30T13:30:55Z" finished-at="2018-05-30T13:30:59Z">
    <groups>
    </groups>
    <test name="Surefire test" duration-ms="3622" started-at="2018-05-30T13:30:55Z" finished-at="2018-05-30T13:30:59Z">
      <class name="org.molgenis.web.support.EntitySerializerTest">
        <test-method status="PASS" signature="setUpBeforeMethod()[pri:0, instance:org.molgenis.web.support.EntitySerializerTest@1c7f6e96]" name="setUpBeforeMethod" is-config="true" duration-ms="1" started-at="2018-05-30T15:30:57Z" finished-at="2018-05-30T15:30:57Z">
          <reporter-output>
          </reporter-output>
        </test-method> <!-- setUpBeforeMethod -->
        <test-method status="PASS" signature="testSerialize()[pri:0, instance:org.molgenis.web.support.EntitySerializerTest@1c7f6e96]" name="testSerialize" duration-ms="57" started-at="2018-05-30T15:30:57Z" finished-at="2018-05-30T15:30:57Z">
          <reporter-output>
          </reporter-output>
        </test-method> <!-- testSerialize -->
      </class> <!-- org.molgenis.web.support.EntitySerializerTest -->
      <class name="org.molgenis.web.rsql.MolgenisRSQLTest">
        <test-method status="PASS" signature="initMocks()[pri:0, instance:org.molgenis.web.rsql.MolgenisRSQLTest@65844c96]" name="initMocks" is-config="true" duration-ms="206" started-at="2018-05-30T15:30:56Z" finished-at="2018-05-30T15:30:57Z">
          <reporter-output>
          </reporter-output>
        </test-method> <!-- initMocks -->
        <test-method status="PASS" signature="beforeMethod()[pri:0, instance:org.molgenis.web.rsql.MolgenisRSQLTest@65844c96]" name="beforeMethod" is-config="true" duration-ms="220" started-at="2018-05-30T15:30:57Z" finished-at="2018-05-30T15:30:57Z">
          <reporter-output>
          </reporter-output>
        </test-method> <!-- beforeMethod -->
        <test-method status="PASS" signature="testAnd()[pri:0, instance:org.molgenis.web.rsql.MolgenisRSQLTest@65844c96]" name="testAnd" duration-ms="18" started-at="2018-05-30T15:30:57Z" finished-at="2018-05-30T15:30:57Z">
          <reporter-output>
          </reporter-output>
        </test-method> <!-- testAnd -->
        <test-method status="PASS" signature="tearDownAfterMethod()[pri:0, instance:org.molgenis.web.rsql.MolgenisRSQLTest@65844c96]" name="tearDownAfterMethod" is-config="true" duration-ms="10" started-at="2018-05-30T15:30:57Z" finished-at="2018-05-30T15:30:57Z">
          <reporter-output>
          </reporter-output>
        </test-method> <!-- tearDownAfterMethod -->
        <test-method status="PASS" signature="initMocks()[pri:0, instance:org.molgenis.web.rsql.MolgenisRSQLTest@65844c96]" name="initMocks" is-config="true" duration-ms="0" started-at="2018-05-30T15:30:57Z" finished-at="2018-05-30T15:30:57Z">
          <reporter-output>
          </reporter-output>
        </test-method> <!-- initMocks -->
        <test-method status="PASS" signature="beforeMethod()[pri:0, instance:org.molgenis.web.rsql.MolgenisRSQLTest@65844c96]" name="beforeMethod" is-config="true" duration-ms="2" started-at="2018-05-30T15:30:57Z" finished-at="2018-05-30T15:30:57Z">
          <reporter-output>
          </reporter-output>
        </test-method> <!-- beforeMethod -->
        <test-method status="PASS" signature="testComplexQuery()[pri:0, instance:org.molgenis.web.rsql.MolgenisRSQLTest@65844c96]" name="testComplexQuery" duration-ms="2" started-at="2018-05-30T15:30:57Z" finished-at="2018-05-30T15:30:57Z">
          <reporter-output>
          </reporter-output>
        </test-method> <!-- testComplexQuery -->
        <test-method status="PASS" signature="tearDownAfterMethod()[pri:0, instance:org.molgenis.web.rsql.MolgenisRSQLTest@65844c96]" name="tearDownAfterMethod" is-config="true" duration-ms="1" started-at="2018-05-30T15:30:57Z" finished-at="2018-05-30T15:30:57Z">
          <reporter-output>
          </reporter-output>
        </test-method> <!-- tearDownAfterMethod -->
        <test-method status="PASS" signature="initMocks()[pri:0, instance:org.molgenis.web.rsql.MolgenisRSQLTest@65844c96]" name="initMocks" is-config="true" duration-ms="1" started-at="2018-05-30T15:30:57Z" finished-at="2018-05-30T15:30:57Z">
          <reporter-output>
          </reporter-output>
        </test-method> <!-- initMocks -->
        <test-method status="PASS" signature="beforeMethod()[pri:0, instance:org.molgenis.web.rsql.MolgenisRSQLTest@65844c96]" name="beforeMethod" is-config="true" duration-ms="1" started-at="2018-05-30T15:30:57Z" finished-at="2018-05-30T15:30:57Z">
          <reporter-output>
          </reporter-output>
        </test-method> <!-- beforeMethod -->
        <test-method status="PASS" signature="testEquals()[pri:0, instance:org.molgenis.web.rsql.MolgenisRSQLTest@65844c96]" name="testEquals" duration-ms="1" started-at="2018-05-30T15:30:57Z" finished-at="2018-05-30T15:30:57Z">
          <reporter-output>
          </reporter-output>
        </test-method> <!-- testEquals -->
        <test-method status="PASS" signature="tearDownAfterMethod()[pri:0, instance:org.molgenis.web.rsql.MolgenisRSQLTest@65844c96]" name="tearDownAfterMethod" is-config="true" duration-ms="2" started-at="2018-05-30T15:30:57Z" finished-at="2018-05-30T15:30:57Z">
          <reporter-output>
          </reporter-output>
        </test-method> <!-- tearDownAfterMethod -->
        <test-method status="PASS" signature="initMocks()[pri:0, instance:org.molgenis.web.rsql.MolgenisRSQLTest@65844c96]" name="initMocks" is-config="true" duration-ms="0" started-at="2018-05-30T15:30:57Z" finished-at="2018-05-30T15:30:57Z">
          <reporter-output>
          </reporter-output>
        </test-method> <!-- initMocks -->
        <test-method status="PASS" signature="beforeMethod()[pri:0, instance:org.molgenis.web.rsql.MolgenisRSQLTest@65844c96]" name="beforeMethod" is-config="true" duration-ms="2" started-at="2018-05-30T15:30:57Z" finished-at="2018-05-30T15:30:57Z">
          <reporter-output>
          </reporter-output>
        </test-method> <!-- beforeMethod -->
        <test-method status="PASS" signature="testGreaterThan()[pri:0, instance:org.molgenis.web.rsql.MolgenisRSQLTest@65844c96]" name="testGreaterThan" duration-ms="1" started-at="2018-05-30T15:30:57Z" finished-at="2018-05-30T15:30:57Z">
          <reporter-output>
          </reporter-output>
        </test-method> <!-- testGreaterThan -->
        <test-method status="PASS" signature="tearDownAfterMethod()[pri:0, instance:org.molgenis.web.rsql.MolgenisRSQLTest@65844c96]" name="tearDownAfterMethod" is-config="true" duration-ms="1" started-at="2018-05-30T15:30:57Z" finished-at="2018-05-30T15:30:57Z">
          <reporter-output>
          </reporter-output>
        </test-method> <!-- tearDownAfterMethod -->
        <test-method status="PASS" signature="initMocks()[pri:0, instance:org.molgenis.web.rsql.MolgenisRSQLTest@65844c96]" name="initMocks" is-config="true" duration-ms="1" started-at="2018-05-30T15:30:57Z" finished-at="2018-05-30T15:30:57Z">
          <reporter-output>
          </reporter-output>
        </test-method> <!-- initMocks -->
        <test-method status="PASS" signature="beforeMethod()[pri:0, instance:org.molgenis.web.rsql.MolgenisRSQLTest@65844c96]" name="beforeMethod" is-config="true" duration-ms="1" started-at="2018-05-30T15:30:57Z" finished-at="2018-05-30T15:30:57Z">
          <reporter-output>
          </reporter-output>
        </test-method> <!-- beforeMethod -->
        <test-method status="PASS" signature="testGreaterThanOnNonNumericalAttribute()[pri:0, instance:org.molgenis.web.rsql.MolgenisRSQLTest@65844c96]" name="testGreaterThanOnNonNumericalAttribute" duration-ms="0" started-at="2018-05-30T15:30:57Z" finished-at="2018-05-30T15:30:57Z">
          <exception class="java.lang.IllegalArgumentException">
            <message>
              <![CDATA[Can't perform operator '" + symbol + "' on attribute '"name"]]>
            </message>
            <full-stacktrace>
              <![CDATA[java.lang.IllegalArgumentException: Can't perform operator '" + symbol + "' on attribute '"name"
	at org.molgenis.web.rsql.MolgenisRSQLVisitor.validateNumericOrDate(MolgenisRSQLVisitor.java:174)
	at org.molgenis.web.rsql.MolgenisRSQLVisitor.visit(MolgenisRSQLVisitor.java:123)
	at org.molgenis.web.rsql.MolgenisRSQLVisitor.visit(MolgenisRSQLVisitor.java:22)
	at cz.jirutka.rsql.parser.ast.NoArgRSQLVisitorAdapter.visit(NoArgRSQLVisitorAdapter.java:50)
	at cz.jirutka.rsql.parser.ast.NoArgRSQLVisitorAdapter.visit(NoArgRSQLVisitorAdapter.java:1)
	at cz.jirutka.rsql.parser.ast.ComparisonNode.accept(ComparisonNode.java:70)
	at cz.jirutka.rsql.parser.ast.AbstractNode.accept(AbstractNode.java:34)
	at org.molgenis.web.rsql.MolgenisRSQL.createQuery(MolgenisRSQL.java:34)
	at org.molgenis.web.rsql.MolgenisRSQLTest.testGreaterThanOnNonNumericalAttribute(MolgenisRSQLTest.java:132)
	at sun.reflect.NativeMethodAccessorImpl.invoke0(Native Method)
	at sun.reflect.NativeMethodAccessorImpl.invoke(NativeMethodAccessorImpl.java:62)
	at sun.reflect.DelegatingMethodAccessorImpl.invoke(DelegatingMethodAccessorImpl.java:43)
	at java.lang.reflect.Method.invoke(Method.java:498)
	at org.testng.internal.MethodInvocationHelper.invokeMethod(MethodInvocationHelper.java:80)
	at org.testng.internal.Invoker.invokeMethod(Invoker.java:714)
	at org.testng.internal.Invoker.invokeTestMethod(Invoker.java:901)
	at org.testng.internal.Invoker.invokeTestMethods(Invoker.java:1231)
	at org.testng.internal.TestMethodWorker.invokeTestMethods(TestMethodWorker.java:127)
	at org.testng.internal.TestMethodWorker.run(TestMethodWorker.java:111)
	at org.testng.TestRunner.privateRun(TestRunner.java:767)
	at org.testng.TestRunner.run(TestRunner.java:617)
	at org.testng.SuiteRunner.runTest(SuiteRunner.java:334)
	at org.testng.SuiteRunner.runSequentially(SuiteRunner.java:329)
	at org.testng.SuiteRunner.privateRun(SuiteRunner.java:291)
	at org.testng.SuiteRunner.run(SuiteRunner.java:240)
	at org.testng.SuiteRunnerWorker.runSuite(SuiteRunnerWorker.java:52)
	at org.testng.SuiteRunnerWorker.run(SuiteRunnerWorker.java:86)
	at org.testng.TestNG.runSuitesSequentially(TestNG.java:1198)
	at org.testng.TestNG.runSuitesLocally(TestNG.java:1123)
	at org.testng.TestNG.run(TestNG.java:1031)
	at org.apache.maven.surefire.testng.TestNGExecutor.run(TestNGExecutor.java:135)
	at org.apache.maven.surefire.testng.TestNGDirectoryTestSuite.executeMulti(TestNGDirectoryTestSuite.java:193)
	at org.apache.maven.surefire.testng.TestNGDirectoryTestSuite.execute(TestNGDirectoryTestSuite.java:94)
	at org.apache.maven.surefire.testng.TestNGProvider.invoke(TestNGProvider.java:146)
	at org.apache.maven.surefire.booter.ForkedBooter.invokeProviderInSameClassLoader(ForkedBooter.java:379)
	at org.apache.maven.surefire.booter.ForkedBooter.runSuitesInProcess(ForkedBooter.java:340)
	at org.apache.maven.surefire.booter.ForkedBooter.execute(ForkedBooter.java:125)
	at org.apache.maven.surefire.booter.ForkedBooter.main(ForkedBooter.java:413)
]]>
            </full-stacktrace>
          </exception> <!-- java.lang.IllegalArgumentException -->
          <reporter-output>
          </reporter-output>
        </test-method> <!-- testGreaterThanOnNonNumericalAttribute -->
        <test-method status="PASS" signature="tearDownAfterMethod()[pri:0, instance:org.molgenis.web.rsql.MolgenisRSQLTest@65844c96]" name="tearDownAfterMethod" is-config="true" duration-ms="1" started-at="2018-05-30T15:30:57Z" finished-at="2018-05-30T15:30:57Z">
          <reporter-output>
          </reporter-output>
        </test-method> <!-- tearDownAfterMethod -->
        <test-method status="PASS" signature="initMocks()[pri:0, instance:org.molgenis.web.rsql.MolgenisRSQLTest@65844c96]" name="initMocks" is-config="true" duration-ms="1" started-at="2018-05-30T15:30:57Z" finished-at="2018-05-30T15:30:57Z">
          <reporter-output>
          </reporter-output>
        </test-method> <!-- initMocks -->
        <test-method status="PASS" signature="beforeMethod()[pri:0, instance:org.molgenis.web.rsql.MolgenisRSQLTest@65844c96]" name="beforeMethod" is-config="true" duration-ms="1" started-at="2018-05-30T15:30:57Z" finished-at="2018-05-30T15:30:57Z">
          <reporter-output>
          </reporter-output>
        </test-method> <!-- beforeMethod -->
        <test-method status="PASS" signature="testGreaterThanOrEqual()[pri:0, instance:org.molgenis.web.rsql.MolgenisRSQLTest@65844c96]" name="testGreaterThanOrEqual" duration-ms="1" started-at="2018-05-30T15:30:57Z" finished-at="2018-05-30T15:30:57Z">
          <reporter-output>
          </reporter-output>
        </test-method> <!-- testGreaterThanOrEqual -->
        <test-method status="PASS" signature="tearDownAfterMethod()[pri:0, instance:org.molgenis.web.rsql.MolgenisRSQLTest@65844c96]" name="tearDownAfterMethod" is-config="true" duration-ms="1" started-at="2018-05-30T15:30:57Z" finished-at="2018-05-30T15:30:57Z">
          <reporter-output>
          </reporter-output>
        </test-method> <!-- tearDownAfterMethod -->
        <test-method status="PASS" signature="initMocks()[pri:0, instance:org.molgenis.web.rsql.MolgenisRSQLTest@65844c96]" name="initMocks" is-config="true" duration-ms="0" started-at="2018-05-30T15:30:57Z" finished-at="2018-05-30T15:30:57Z">
          <reporter-output>
          </reporter-output>
        </test-method> <!-- initMocks -->
        <test-method status="PASS" signature="beforeMethod()[pri:0, instance:org.molgenis.web.rsql.MolgenisRSQLTest@65844c96]" name="beforeMethod" is-config="true" duration-ms="1" started-at="2018-05-30T15:30:57Z" finished-at="2018-05-30T15:30:57Z">
          <reporter-output>
          </reporter-output>
        </test-method> <!-- beforeMethod -->
        <test-method status="PASS" signature="tearDownAfterMethod()[pri:0, instance:org.molgenis.web.rsql.MolgenisRSQLTest@65844c96]" name="tearDownAfterMethod" is-config="true" duration-ms="2" started-at="2018-05-30T15:30:57Z" finished-at="2018-05-30T15:30:57Z">
          <reporter-output>
          </reporter-output>
        </test-method> <!-- tearDownAfterMethod -->
        <test-method status="PASS" signature="testGreaterThanWithNonNumericalArg()[pri:0, instance:org.molgenis.web.rsql.MolgenisRSQLTest@65844c96]" name="testGreaterThanWithNonNumericalArg" duration-ms="0" started-at="2018-05-30T15:30:57Z" finished-at="2018-05-30T15:30:57Z">
          <exception class="java.lang.NumberFormatException">
            <message>
              <![CDATA[For input string: "bogus"]]>
            </message>
            <full-stacktrace>
              <![CDATA[java.lang.NumberFormatException: For input string: "bogus"
	at java.lang.NumberFormatException.forInputString(NumberFormatException.java:65)
	at java.lang.Integer.parseInt(Integer.java:580)
	at java.lang.Integer.valueOf(Integer.java:766)
	at org.molgenis.web.rsql.RSQLValueParser.parse(RSQLValueParser.java:57)
	at org.molgenis.web.rsql.MolgenisRSQLVisitor.visit(MolgenisRSQLVisitor.java:124)
	at org.molgenis.web.rsql.MolgenisRSQLVisitor.visit(MolgenisRSQLVisitor.java:22)
	at cz.jirutka.rsql.parser.ast.NoArgRSQLVisitorAdapter.visit(NoArgRSQLVisitorAdapter.java:50)
	at cz.jirutka.rsql.parser.ast.NoArgRSQLVisitorAdapter.visit(NoArgRSQLVisitorAdapter.java:1)
	at cz.jirutka.rsql.parser.ast.ComparisonNode.accept(ComparisonNode.java:70)
	at cz.jirutka.rsql.parser.ast.AbstractNode.accept(AbstractNode.java:34)
	at org.molgenis.web.rsql.MolgenisRSQL.createQuery(MolgenisRSQL.java:34)
	at org.molgenis.web.rsql.MolgenisRSQLTest.testGreaterThanWithNonNumericalArg(MolgenisRSQLTest.java:138)
	at sun.reflect.NativeMethodAccessorImpl.invoke0(Native Method)
	at sun.reflect.NativeMethodAccessorImpl.invoke(NativeMethodAccessorImpl.java:62)
	at sun.reflect.DelegatingMethodAccessorImpl.invoke(DelegatingMethodAccessorImpl.java:43)
	at java.lang.reflect.Method.invoke(Method.java:498)
	at org.testng.internal.MethodInvocationHelper.invokeMethod(MethodInvocationHelper.java:80)
	at org.testng.internal.Invoker.invokeMethod(Invoker.java:714)
	at org.testng.internal.Invoker.invokeTestMethod(Invoker.java:901)
	at org.testng.internal.Invoker.invokeTestMethods(Invoker.java:1231)
	at org.testng.internal.TestMethodWorker.invokeTestMethods(TestMethodWorker.java:127)
	at org.testng.internal.TestMethodWorker.run(TestMethodWorker.java:111)
	at org.testng.TestRunner.privateRun(TestRunner.java:767)
	at org.testng.TestRunner.run(TestRunner.java:617)
	at org.testng.SuiteRunner.runTest(SuiteRunner.java:334)
	at org.testng.SuiteRunner.runSequentially(SuiteRunner.java:329)
	at org.testng.SuiteRunner.privateRun(SuiteRunner.java:291)
	at org.testng.SuiteRunner.run(SuiteRunner.java:240)
	at org.testng.SuiteRunnerWorker.runSuite(SuiteRunnerWorker.java:52)
	at org.testng.SuiteRunnerWorker.run(SuiteRunnerWorker.java:86)
	at org.testng.TestNG.runSuitesSequentially(TestNG.java:1198)
	at org.testng.TestNG.runSuitesLocally(TestNG.java:1123)
	at org.testng.TestNG.run(TestNG.java:1031)
	at org.apache.maven.surefire.testng.TestNGExecutor.run(TestNGExecutor.java:135)
	at org.apache.maven.surefire.testng.TestNGDirectoryTestSuite.executeMulti(TestNGDirectoryTestSuite.java:193)
	at org.apache.maven.surefire.testng.TestNGDirectoryTestSuite.execute(TestNGDirectoryTestSuite.java:94)
	at org.apache.maven.surefire.testng.TestNGProvider.invoke(TestNGProvider.java:146)
	at org.apache.maven.surefire.booter.ForkedBooter.invokeProviderInSameClassLoader(ForkedBooter.java:379)
	at org.apache.maven.surefire.booter.ForkedBooter.runSuitesInProcess(ForkedBooter.java:340)
	at org.apache.maven.surefire.booter.ForkedBooter.execute(ForkedBooter.java:125)
	at org.apache.maven.surefire.booter.ForkedBooter.main(ForkedBooter.java:413)
]]>
            </full-stacktrace>
          </exception> <!-- java.lang.NumberFormatException -->
          <reporter-output>
          </reporter-output>
        </test-method> <!-- testGreaterThanWithNonNumericalArg -->
        <test-method status="PASS" signature="initMocks()[pri:0, instance:org.molgenis.web.rsql.MolgenisRSQLTest@65844c96]" name="initMocks" is-config="true" duration-ms="1" started-at="2018-05-30T15:30:57Z" finished-at="2018-05-30T15:30:57Z">
          <reporter-output>
          </reporter-output>
        </test-method> <!-- initMocks -->
        <test-method status="PASS" signature="beforeMethod()[pri:0, instance:org.molgenis.web.rsql.MolgenisRSQLTest@65844c96]" name="beforeMethod" is-config="true" duration-ms="1" started-at="2018-05-30T15:30:57Z" finished-at="2018-05-30T15:30:57Z">
          <reporter-output>
          </reporter-output>
        </test-method> <!-- beforeMethod -->
        <test-method status="PASS" signature="testLessThan()[pri:0, instance:org.molgenis.web.rsql.MolgenisRSQLTest@65844c96]" name="testLessThan" duration-ms="1" started-at="2018-05-30T15:30:57Z" finished-at="2018-05-30T15:30:57Z">
          <reporter-output>
          </reporter-output>
        </test-method> <!-- testLessThan -->
        <test-method status="PASS" signature="tearDownAfterMethod()[pri:0, instance:org.molgenis.web.rsql.MolgenisRSQLTest@65844c96]" name="tearDownAfterMethod" is-config="true" duration-ms="1" started-at="2018-05-30T15:30:57Z" finished-at="2018-05-30T15:30:57Z">
          <reporter-output>
          </reporter-output>
        </test-method> <!-- tearDownAfterMethod -->
        <test-method status="PASS" signature="initMocks()[pri:0, instance:org.molgenis.web.rsql.MolgenisRSQLTest@65844c96]" name="initMocks" is-config="true" duration-ms="1" started-at="2018-05-30T15:30:57Z" finished-at="2018-05-30T15:30:57Z">
          <reporter-output>
          </reporter-output>
        </test-method> <!-- initMocks -->
        <test-method status="PASS" signature="beforeMethod()[pri:0, instance:org.molgenis.web.rsql.MolgenisRSQLTest@65844c96]" name="beforeMethod" is-config="true" duration-ms="1" started-at="2018-05-30T15:30:57Z" finished-at="2018-05-30T15:30:57Z">
          <reporter-output>
          </reporter-output>
        </test-method> <!-- beforeMethod -->
        <test-method status="PASS" signature="testLessThanOrEqual()[pri:0, instance:org.molgenis.web.rsql.MolgenisRSQLTest@65844c96]" name="testLessThanOrEqual" duration-ms="0" started-at="2018-05-30T15:30:57Z" finished-at="2018-05-30T15:30:57Z">
          <reporter-output>
          </reporter-output>
        </test-method> <!-- testLessThanOrEqual -->
        <test-method status="PASS" signature="tearDownAfterMethod()[pri:0, instance:org.molgenis.web.rsql.MolgenisRSQLTest@65844c96]" name="tearDownAfterMethod" is-config="true" duration-ms="2" started-at="2018-05-30T15:30:57Z" finished-at="2018-05-30T15:30:57Z">
          <reporter-output>
          </reporter-output>
        </test-method> <!-- tearDownAfterMethod -->
        <test-method status="PASS" signature="beforeMethod()[pri:0, instance:org.molgenis.web.rsql.MolgenisRSQLTest@65844c96]" name="beforeMethod" is-config="true" duration-ms="2" started-at="2018-05-30T15:30:57Z" finished-at="2018-05-30T15:30:57Z">
          <reporter-output>
          </reporter-output>
        </test-method> <!-- beforeMethod -->
        <test-method status="PASS" signature="initMocks()[pri:0, instance:org.molgenis.web.rsql.MolgenisRSQLTest@65844c96]" name="initMocks" is-config="true" duration-ms="0" started-at="2018-05-30T15:30:57Z" finished-at="2018-05-30T15:30:57Z">
          <reporter-output>
          </reporter-output>
        </test-method> <!-- initMocks -->
        <test-method status="PASS" signature="testOr()[pri:0, instance:org.molgenis.web.rsql.MolgenisRSQLTest@65844c96]" name="testOr" duration-ms="1" started-at="2018-05-30T15:30:57Z" finished-at="2018-05-30T15:30:57Z">
          <reporter-output>
          </reporter-output>
        </test-method> <!-- testOr -->
        <test-method status="PASS" signature="tearDownAfterMethod()[pri:0, instance:org.molgenis.web.rsql.MolgenisRSQLTest@65844c96]" name="tearDownAfterMethod" is-config="true" duration-ms="1" started-at="2018-05-30T15:30:57Z" finished-at="2018-05-30T15:30:57Z">
          <reporter-output>
          </reporter-output>
        </test-method> <!-- tearDownAfterMethod -->
        <test-method status="PASS" signature="initMocks()[pri:0, instance:org.molgenis.web.rsql.MolgenisRSQLTest@65844c96]" name="initMocks" is-config="true" duration-ms="0" started-at="2018-05-30T15:30:57Z" finished-at="2018-05-30T15:30:57Z">
          <reporter-output>
          </reporter-output>
        </test-method> <!-- initMocks -->
        <test-method status="PASS" signature="beforeMethod()[pri:0, instance:org.molgenis.web.rsql.MolgenisRSQLTest@65844c96]" name="beforeMethod" is-config="true" duration-ms="2" started-at="2018-05-30T15:30:57Z" finished-at="2018-05-30T15:30:57Z">
          <reporter-output>
          </reporter-output>
        </test-method> <!-- beforeMethod -->
        <test-method status="PASS" signature="testUnknowAttribute()[pri:0, instance:org.molgenis.web.rsql.MolgenisRSQLTest@65844c96]" name="testUnknowAttribute" duration-ms="1" started-at="2018-05-30T15:30:57Z" finished-at="2018-05-30T15:30:57Z">
          <exception class="org.molgenis.data.UnknownAttributeException">
            <message>
              <![CDATA[type:Person attribute:nonexistingattribute]]>
            </message>
            <full-stacktrace>
              <![CDATA[org.molgenis.data.UnknownAttributeException: type:Person attribute:nonexistingattribute
	at org.molgenis.web.rsql.MolgenisRSQLVisitor.getAttribute(MolgenisRSQLVisitor.java:186)
	at org.molgenis.web.rsql.MolgenisRSQLVisitor.visit(MolgenisRSQLVisitor.java:99)
	at org.molgenis.web.rsql.MolgenisRSQLVisitor.visit(MolgenisRSQLVisitor.java:22)
	at cz.jirutka.rsql.parser.ast.NoArgRSQLVisitorAdapter.visit(NoArgRSQLVisitorAdapter.java:50)
	at cz.jirutka.rsql.parser.ast.NoArgRSQLVisitorAdapter.visit(NoArgRSQLVisitorAdapter.java:1)
	at cz.jirutka.rsql.parser.ast.ComparisonNode.accept(ComparisonNode.java:70)
	at cz.jirutka.rsql.parser.ast.AbstractNode.accept(AbstractNode.java:34)
	at org.molgenis.web.rsql.MolgenisRSQL.createQuery(MolgenisRSQL.java:34)
	at org.molgenis.web.rsql.MolgenisRSQLTest.testUnknowAttribute(MolgenisRSQLTest.java:74)
	at sun.reflect.NativeMethodAccessorImpl.invoke0(Native Method)
	at sun.reflect.NativeMethodAccessorImpl.invoke(NativeMethodAccessorImpl.java:62)
	at sun.reflect.DelegatingMethodAccessorImpl.invoke(DelegatingMethodAccessorImpl.java:43)
	at java.lang.reflect.Method.invoke(Method.java:498)
	at org.testng.internal.MethodInvocationHelper.invokeMethod(MethodInvocationHelper.java:80)
	at org.testng.internal.Invoker.invokeMethod(Invoker.java:714)
	at org.testng.internal.Invoker.invokeTestMethod(Invoker.java:901)
	at org.testng.internal.Invoker.invokeTestMethods(Invoker.java:1231)
	at org.testng.internal.TestMethodWorker.invokeTestMethods(TestMethodWorker.java:127)
	at org.testng.internal.TestMethodWorker.run(TestMethodWorker.java:111)
	at org.testng.TestRunner.privateRun(TestRunner.java:767)
	at org.testng.TestRunner.run(TestRunner.java:617)
	at org.testng.SuiteRunner.runTest(SuiteRunner.java:334)
	at org.testng.SuiteRunner.runSequentially(SuiteRunner.java:329)
	at org.testng.SuiteRunner.privateRun(SuiteRunner.java:291)
	at org.testng.SuiteRunner.run(SuiteRunner.java:240)
	at org.testng.SuiteRunnerWorker.runSuite(SuiteRunnerWorker.java:52)
	at org.testng.SuiteRunnerWorker.run(SuiteRunnerWorker.java:86)
	at org.testng.TestNG.runSuitesSequentially(TestNG.java:1198)
	at org.testng.TestNG.runSuitesLocally(TestNG.java:1123)
	at org.testng.TestNG.run(TestNG.java:1031)
	at org.apache.maven.surefire.testng.TestNGExecutor.run(TestNGExecutor.java:135)
	at org.apache.maven.surefire.testng.TestNGDirectoryTestSuite.executeMulti(TestNGDirectoryTestSuite.java:193)
	at org.apache.maven.surefire.testng.TestNGDirectoryTestSuite.execute(TestNGDirectoryTestSuite.java:94)
	at org.apache.maven.surefire.testng.TestNGProvider.invoke(TestNGProvider.java:146)
	at org.apache.maven.surefire.booter.ForkedBooter.invokeProviderInSameClassLoader(ForkedBooter.java:379)
	at org.apache.maven.surefire.booter.ForkedBooter.runSuitesInProcess(ForkedBooter.java:340)
	at org.apache.maven.surefire.booter.ForkedBooter.execute(ForkedBooter.java:125)
	at org.apache.maven.surefire.booter.ForkedBooter.main(ForkedBooter.java:413)
]]>
            </full-stacktrace>
          </exception> <!-- org.molgenis.data.UnknownAttributeException -->
          <reporter-output>
          </reporter-output>
        </test-method> <!-- testUnknowAttribute -->
        <test-method status="PASS" signature="tearDownAfterMethod()[pri:0, instance:org.molgenis.web.rsql.MolgenisRSQLTest@65844c96]" name="tearDownAfterMethod" is-config="true" duration-ms="2" started-at="2018-05-30T15:30:57Z" finished-at="2018-05-30T15:30:57Z">
          <reporter-output>
          </reporter-output>
        </test-method> <!-- tearDownAfterMethod -->
        <test-method status="PASS" signature="initMocks()[pri:0, instance:org.molgenis.web.rsql.MolgenisRSQLTest@65844c96]" name="initMocks" is-config="true" duration-ms="0" started-at="2018-05-30T15:30:57Z" finished-at="2018-05-30T15:30:57Z">
          <reporter-output>
          </reporter-output>
        </test-method> <!-- initMocks -->
        <test-method status="PASS" signature="beforeMethod()[pri:0, instance:org.molgenis.web.rsql.MolgenisRSQLTest@65844c96]" name="beforeMethod" is-config="true" duration-ms="2" started-at="2018-05-30T15:30:57Z" finished-at="2018-05-30T15:30:57Z">
          <reporter-output>
          </reporter-output>
        </test-method> <!-- beforeMethod -->
        <test-method status="PASS" signature="tearDownAfterMethod()[pri:0, instance:org.molgenis.web.rsql.MolgenisRSQLTest@65844c96]" name="tearDownAfterMethod" is-config="true" duration-ms="2" started-at="2018-05-30T15:30:57Z" finished-at="2018-05-30T15:30:57Z">
          <reporter-output>
          </reporter-output>
        </test-method> <!-- tearDownAfterMethod -->
        <test-method status="PASS" signature="testXrefIntegerIdValue()[pri:0, instance:org.molgenis.web.rsql.MolgenisRSQLTest@65844c96]" name="testXrefIntegerIdValue" duration-ms="0" started-at="2018-05-30T15:30:57Z" finished-at="2018-05-30T15:30:57Z">
          <reporter-output>
          </reporter-output>
        </test-method> <!-- testXrefIntegerIdValue -->
      </class> <!-- org.molgenis.web.rsql.MolgenisRSQLTest -->
      <class name="org.molgenis.web.exception.SpringExceptionHandlerTest">
        <test-method status="PASS" signature="beforeClass()[pri:0, instance:org.molgenis.web.exception.SpringExceptionHandlerTest@1805383]" name="beforeClass" is-config="true" duration-ms="12" started-at="2018-05-30T15:30:58Z" finished-at="2018-05-30T15:30:58Z">
          <reporter-output>
          </reporter-output>
        </test-method> <!-- beforeClass -->
        <test-method status="PASS" signature="initMocks()[pri:0, instance:org.molgenis.web.exception.SpringExceptionHandlerTest@1805383]" name="initMocks" is-config="true" duration-ms="368" started-at="2018-05-30T15:30:58Z" finished-at="2018-05-30T15:30:59Z">
          <reporter-output>
          </reporter-output>
        </test-method> <!-- initMocks -->
        <test-method status="PASS" signature="setUp()[pri:0, instance:org.molgenis.web.exception.SpringExceptionHandlerTest@1805383]" name="setUp" is-config="true" duration-ms="1" started-at="2018-05-30T15:30:59Z" finished-at="2018-05-30T15:30:59Z">
          <reporter-output>
          </reporter-output>
        </test-method> <!-- setUp -->
        <test-method status="PASS" signature="AsyncRequestTimeoutException()[pri:0, instance:org.molgenis.web.exception.SpringExceptionHandlerTest@1805383]" name="AsyncRequestTimeoutException" duration-ms="3" started-at="2018-05-30T15:30:59Z" finished-at="2018-05-30T15:30:59Z">
          <reporter-output>
          </reporter-output>
        </test-method> <!-- AsyncRequestTimeoutException -->
        <test-method status="PASS" signature="initMocks()[pri:0, instance:org.molgenis.web.exception.SpringExceptionHandlerTest@1805383]" name="initMocks" is-config="true" duration-ms="2" started-at="2018-05-30T15:30:59Z" finished-at="2018-05-30T15:30:59Z">
          <reporter-output>
          </reporter-output>
        </test-method> <!-- initMocks -->
        <test-method status="PASS" signature="tearDownAfterMethod()[pri:0, instance:org.molgenis.web.exception.SpringExceptionHandlerTest@1805383]" name="tearDownAfterMethod" is-config="true" duration-ms="0" started-at="2018-05-30T15:30:59Z" finished-at="2018-05-30T15:30:59Z">
          <reporter-output>
          </reporter-output>
        </test-method> <!-- tearDownAfterMethod -->
        <test-method status="PASS" signature="testBindException()[pri:0, instance:org.molgenis.web.exception.SpringExceptionHandlerTest@1805383]" name="testBindException" duration-ms="17" started-at="2018-05-30T15:30:59Z" finished-at="2018-05-30T15:30:59Z">
          <reporter-output>
          </reporter-output>
        </test-method> <!-- testBindException -->
        <test-method status="PASS" signature="setUp()[pri:0, instance:org.molgenis.web.exception.SpringExceptionHandlerTest@1805383]" name="setUp" is-config="true" duration-ms="0" started-at="2018-05-30T15:30:59Z" finished-at="2018-05-30T15:30:59Z">
          <reporter-output>
          </reporter-output>
        </test-method> <!-- setUp -->
        <test-method status="PASS" signature="initMocks()[pri:0, instance:org.molgenis.web.exception.SpringExceptionHandlerTest@1805383]" name="initMocks" is-config="true" duration-ms="1" started-at="2018-05-30T15:30:59Z" finished-at="2018-05-30T15:30:59Z">
          <reporter-output>
          </reporter-output>
        </test-method> <!-- initMocks -->
        <test-method status="PASS" signature="tearDownAfterMethod()[pri:0, instance:org.molgenis.web.exception.SpringExceptionHandlerTest@1805383]" name="tearDownAfterMethod" is-config="true" duration-ms="0" started-at="2018-05-30T15:30:59Z" finished-at="2018-05-30T15:30:59Z">
          <reporter-output>
          </reporter-output>
        </test-method> <!-- tearDownAfterMethod -->
        <test-method status="PASS" signature="testConversionNotSupportedException()[pri:0, instance:org.molgenis.web.exception.SpringExceptionHandlerTest@1805383]" name="testConversionNotSupportedException" duration-ms="2" started-at="2018-05-30T15:30:59Z" finished-at="2018-05-30T15:30:59Z">
          <reporter-output>
          </reporter-output>
        </test-method> <!-- testConversionNotSupportedException -->
        <test-method status="PASS" signature="setUp()[pri:0, instance:org.molgenis.web.exception.SpringExceptionHandlerTest@1805383]" name="setUp" is-config="true" duration-ms="0" started-at="2018-05-30T15:30:59Z" finished-at="2018-05-30T15:30:59Z">
          <reporter-output>
          </reporter-output>
        </test-method> <!-- setUp -->
        <test-method status="PASS" signature="tearDownAfterMethod()[pri:0, instance:org.molgenis.web.exception.SpringExceptionHandlerTest@1805383]" name="tearDownAfterMethod" is-config="true" duration-ms="0" started-at="2018-05-30T15:30:59Z" finished-at="2018-05-30T15:30:59Z">
          <reporter-output>
          </reporter-output>
        </test-method> <!-- tearDownAfterMethod -->
        <test-method status="PASS" signature="initMocks()[pri:0, instance:org.molgenis.web.exception.SpringExceptionHandlerTest@1805383]" name="initMocks" is-config="true" duration-ms="2" started-at="2018-05-30T15:30:59Z" finished-at="2018-05-30T15:30:59Z">
          <reporter-output>
          </reporter-output>
        </test-method> <!-- initMocks -->
        <test-method status="PASS" signature="setUp()[pri:0, instance:org.molgenis.web.exception.SpringExceptionHandlerTest@1805383]" name="setUp" is-config="true" duration-ms="0" started-at="2018-05-30T15:30:59Z" finished-at="2018-05-30T15:30:59Z">
          <reporter-output>
          </reporter-output>
        </test-method> <!-- setUp -->
        <test-method status="PASS" signature="testHttpMediaTypeNotAcceptableException()[pri:0, instance:org.molgenis.web.exception.SpringExceptionHandlerTest@1805383]" name="testHttpMediaTypeNotAcceptableException" duration-ms="1" started-at="2018-05-30T15:30:59Z" finished-at="2018-05-30T15:30:59Z">
          <reporter-output>
          </reporter-output>
        </test-method> <!-- testHttpMediaTypeNotAcceptableException -->
        <test-method status="PASS" signature="tearDownAfterMethod()[pri:0, instance:org.molgenis.web.exception.SpringExceptionHandlerTest@1805383]" name="tearDownAfterMethod" is-config="true" duration-ms="1" started-at="2018-05-30T15:30:59Z" finished-at="2018-05-30T15:30:59Z">
          <reporter-output>
          </reporter-output>
        </test-method> <!-- tearDownAfterMethod -->
        <test-method status="PASS" signature="initMocks()[pri:0, instance:org.molgenis.web.exception.SpringExceptionHandlerTest@1805383]" name="initMocks" is-config="true" duration-ms="2" started-at="2018-05-30T15:30:59Z" finished-at="2018-05-30T15:30:59Z">
          <reporter-output>
          </reporter-output>
        </test-method> <!-- initMocks -->
        <test-method status="PASS" signature="setUp()[pri:0, instance:org.molgenis.web.exception.SpringExceptionHandlerTest@1805383]" name="setUp" is-config="true" duration-ms="0" started-at="2018-05-30T15:30:59Z" finished-at="2018-05-30T15:30:59Z">
          <reporter-output>
          </reporter-output>
        </test-method> <!-- setUp -->
        <test-method status="PASS" signature="testHttpMediaTypeNotSupportedException()[pri:0, instance:org.molgenis.web.exception.SpringExceptionHandlerTest@1805383]" name="testHttpMediaTypeNotSupportedException" duration-ms="2" started-at="2018-05-30T15:30:59Z" finished-at="2018-05-30T15:30:59Z">
          <reporter-output>
          </reporter-output>
        </test-method> <!-- testHttpMediaTypeNotSupportedException -->
        <test-method status="PASS" signature="initMocks()[pri:0, instance:org.molgenis.web.exception.SpringExceptionHandlerTest@1805383]" name="initMocks" is-config="true" duration-ms="2" started-at="2018-05-30T15:30:59Z" finished-at="2018-05-30T15:30:59Z">
          <reporter-output>
          </reporter-output>
        </test-method> <!-- initMocks -->
        <test-method status="PASS" signature="tearDownAfterMethod()[pri:0, instance:org.molgenis.web.exception.SpringExceptionHandlerTest@1805383]" name="tearDownAfterMethod" is-config="true" duration-ms="0" started-at="2018-05-30T15:30:59Z" finished-at="2018-05-30T15:30:59Z">
          <reporter-output>
          </reporter-output>
        </test-method> <!-- tearDownAfterMethod -->
        <test-method status="PASS" signature="testHttpMessageNotReadableException()[pri:0, instance:org.molgenis.web.exception.SpringExceptionHandlerTest@1805383]" name="testHttpMessageNotReadableException" duration-ms="1" started-at="2018-05-30T15:30:59Z" finished-at="2018-05-30T15:30:59Z">
          <reporter-output>
          </reporter-output>
        </test-method> <!-- testHttpMessageNotReadableException -->
        <test-method status="PASS" signature="setUp()[pri:0, instance:org.molgenis.web.exception.SpringExceptionHandlerTest@1805383]" name="setUp" is-config="true" duration-ms="0" started-at="2018-05-30T15:30:59Z" finished-at="2018-05-30T15:30:59Z">
          <reporter-output>
          </reporter-output>
        </test-method> <!-- setUp -->
        <test-method status="PASS" signature="tearDownAfterMethod()[pri:0, instance:org.molgenis.web.exception.SpringExceptionHandlerTest@1805383]" name="tearDownAfterMethod" is-config="true" duration-ms="0" started-at="2018-05-30T15:30:59Z" finished-at="2018-05-30T15:30:59Z">
          <reporter-output>
          </reporter-output>
        </test-method> <!-- tearDownAfterMethod -->
        <test-method status="PASS" signature="initMocks()[pri:0, instance:org.molgenis.web.exception.SpringExceptionHandlerTest@1805383]" name="initMocks" is-config="true" duration-ms="1" started-at="2018-05-30T15:30:59Z" finished-at="2018-05-30T15:30:59Z">
          <reporter-output>
          </reporter-output>
        </test-method> <!-- initMocks -->
        <test-method status="PASS" signature="setUp()[pri:0, instance:org.molgenis.web.exception.SpringExceptionHandlerTest@1805383]" name="setUp" is-config="true" duration-ms="0" started-at="2018-05-30T15:30:59Z" finished-at="2018-05-30T15:30:59Z">
          <reporter-output>
          </reporter-output>
        </test-method> <!-- setUp -->
        <test-method status="PASS" signature="testHttpMessageNotWritableException()[pri:0, instance:org.molgenis.web.exception.SpringExceptionHandlerTest@1805383]" name="testHttpMessageNotWritableException" duration-ms="1" started-at="2018-05-30T15:30:59Z" finished-at="2018-05-30T15:30:59Z">
          <reporter-output>
          </reporter-output>
        </test-method> <!-- testHttpMessageNotWritableException -->
        <test-method status="PASS" signature="tearDownAfterMethod()[pri:0, instance:org.molgenis.web.exception.SpringExceptionHandlerTest@1805383]" name="tearDownAfterMethod" is-config="true" duration-ms="1" started-at="2018-05-30T15:30:59Z" finished-at="2018-05-30T15:30:59Z">
          <reporter-output>
          </reporter-output>
        </test-method> <!-- tearDownAfterMethod -->
        <test-method status="PASS" signature="initMocks()[pri:0, instance:org.molgenis.web.exception.SpringExceptionHandlerTest@1805383]" name="initMocks" is-config="true" duration-ms="1" started-at="2018-05-30T15:30:59Z" finished-at="2018-05-30T15:30:59Z">
          <reporter-output>
          </reporter-output>
        </test-method> <!-- initMocks -->
        <test-method status="PASS" signature="testMethodArgumentNotValidException()[pri:0, instance:org.molgenis.web.exception.SpringExceptionHandlerTest@1805383]" name="testMethodArgumentNotValidException" duration-ms="2" started-at="2018-05-30T15:30:59Z" finished-at="2018-05-30T15:30:59Z">
          <reporter-output>
          </reporter-output>
        </test-method> <!-- testMethodArgumentNotValidException -->
        <test-method status="PASS" signature="setUp()[pri:0, instance:org.molgenis.web.exception.SpringExceptionHandlerTest@1805383]" name="setUp" is-config="true" duration-ms="0" started-at="2018-05-30T15:30:59Z" finished-at="2018-05-30T15:30:59Z">
          <reporter-output>
          </reporter-output>
        </test-method> <!-- setUp -->
        <test-method status="PASS" signature="tearDownAfterMethod()[pri:0, instance:org.molgenis.web.exception.SpringExceptionHandlerTest@1805383]" name="tearDownAfterMethod" is-config="true" duration-ms="0" started-at="2018-05-30T15:30:59Z" finished-at="2018-05-30T15:30:59Z">
          <reporter-output>
          </reporter-output>
        </test-method> <!-- tearDownAfterMethod -->
        <test-method status="PASS" signature="initMocks()[pri:0, instance:org.molgenis.web.exception.SpringExceptionHandlerTest@1805383]" name="initMocks" is-config="true" duration-ms="1" started-at="2018-05-30T15:30:59Z" finished-at="2018-05-30T15:30:59Z">
          <reporter-output>
          </reporter-output>
        </test-method> <!-- initMocks -->
        <test-method status="PASS" signature="testMissingPathVariableException()[pri:0, instance:org.molgenis.web.exception.SpringExceptionHandlerTest@1805383]" name="testMissingPathVariableException" duration-ms="1" started-at="2018-05-30T15:30:59Z" finished-at="2018-05-30T15:30:59Z">
          <reporter-output>
          </reporter-output>
        </test-method> <!-- testMissingPathVariableException -->
        <test-method status="PASS" signature="setUp()[pri:0, instance:org.molgenis.web.exception.SpringExceptionHandlerTest@1805383]" name="setUp" is-config="true" duration-ms="0" started-at="2018-05-30T15:30:59Z" finished-at="2018-05-30T15:30:59Z">
          <reporter-output>
          </reporter-output>
        </test-method> <!-- setUp -->
        <test-method status="PASS" signature="tearDownAfterMethod()[pri:0, instance:org.molgenis.web.exception.SpringExceptionHandlerTest@1805383]" name="tearDownAfterMethod" is-config="true" duration-ms="0" started-at="2018-05-30T15:30:59Z" finished-at="2018-05-30T15:30:59Z">
          <reporter-output>
          </reporter-output>
        </test-method> <!-- tearDownAfterMethod -->
        <test-method status="PASS" signature="initMocks()[pri:0, instance:org.molgenis.web.exception.SpringExceptionHandlerTest@1805383]" name="initMocks" is-config="true" duration-ms="1" started-at="2018-05-30T15:30:59Z" finished-at="2018-05-30T15:30:59Z">
          <reporter-output>
          </reporter-output>
        </test-method> <!-- initMocks -->
        <test-method status="PASS" signature="setUp()[pri:0, instance:org.molgenis.web.exception.SpringExceptionHandlerTest@1805383]" name="setUp" is-config="true" duration-ms="1" started-at="2018-05-30T15:30:59Z" finished-at="2018-05-30T15:30:59Z">
          <reporter-output>
          </reporter-output>
        </test-method> <!-- setUp -->
        <test-method status="PASS" signature="testMissingServletRequestParameterExceptionn()[pri:0, instance:org.molgenis.web.exception.SpringExceptionHandlerTest@1805383]" name="testMissingServletRequestParameterExceptionn" duration-ms="0" started-at="2018-05-30T15:30:59Z" finished-at="2018-05-30T15:30:59Z">
          <reporter-output>
          </reporter-output>
        </test-method> <!-- testMissingServletRequestParameterExceptionn -->
        <test-method status="PASS" signature="initMocks()[pri:0, instance:org.molgenis.web.exception.SpringExceptionHandlerTest@1805383]" name="initMocks" is-config="true" duration-ms="1" started-at="2018-05-30T15:30:59Z" finished-at="2018-05-30T15:30:59Z">
          <reporter-output>
          </reporter-output>
        </test-method> <!-- initMocks -->
        <test-method status="PASS" signature="tearDownAfterMethod()[pri:0, instance:org.molgenis.web.exception.SpringExceptionHandlerTest@1805383]" name="tearDownAfterMethod" is-config="true" duration-ms="0" started-at="2018-05-30T15:30:59Z" finished-at="2018-05-30T15:30:59Z">
          <reporter-output>
          </reporter-output>
        </test-method> <!-- tearDownAfterMethod -->
        <test-method status="PASS" signature="testMissingServletRequestPartException()[pri:0, instance:org.molgenis.web.exception.SpringExceptionHandlerTest@1805383]" name="testMissingServletRequestPartException" duration-ms="1" started-at="2018-05-30T15:30:59Z" finished-at="2018-05-30T15:30:59Z">
          <reporter-output>
          </reporter-output>
        </test-method> <!-- testMissingServletRequestPartException -->
        <test-method status="PASS" signature="setUp()[pri:0, instance:org.molgenis.web.exception.SpringExceptionHandlerTest@1805383]" name="setUp" is-config="true" duration-ms="0" started-at="2018-05-30T15:30:59Z" finished-at="2018-05-30T15:30:59Z">
          <reporter-output>
          </reporter-output>
        </test-method> <!-- setUp -->
        <test-method status="PASS" signature="initMocks()[pri:0, instance:org.molgenis.web.exception.SpringExceptionHandlerTest@1805383]" name="initMocks" is-config="true" duration-ms="2" started-at="2018-05-30T15:30:59Z" finished-at="2018-05-30T15:30:59Z">
          <reporter-output>
          </reporter-output>
        </test-method> <!-- initMocks -->
        <test-method status="PASS" signature="tearDownAfterMethod()[pri:0, instance:org.molgenis.web.exception.SpringExceptionHandlerTest@1805383]" name="tearDownAfterMethod" is-config="true" duration-ms="0" started-at="2018-05-30T15:30:59Z" finished-at="2018-05-30T15:30:59Z">
          <reporter-output>
          </reporter-output>
        </test-method> <!-- tearDownAfterMethod -->
        <test-method status="PASS" signature="setUp()[pri:0, instance:org.molgenis.web.exception.SpringExceptionHandlerTest@1805383]" name="setUp" is-config="true" duration-ms="0" started-at="2018-05-30T15:30:59Z" finished-at="2018-05-30T15:30:59Z">
          <reporter-output>
          </reporter-output>
        </test-method> <!-- setUp -->
        <test-method status="PASS" signature="testNoHandlerFoundException()[pri:0, instance:org.molgenis.web.exception.SpringExceptionHandlerTest@1805383]" name="testNoHandlerFoundException" duration-ms="1" started-at="2018-05-30T15:30:59Z" finished-at="2018-05-30T15:30:59Z">
          <reporter-output>
          </reporter-output>
        </test-method> <!-- testNoHandlerFoundException -->
        <test-method status="PASS" signature="initMocks()[pri:0, instance:org.molgenis.web.exception.SpringExceptionHandlerTest@1805383]" name="initMocks" is-config="true" duration-ms="2" started-at="2018-05-30T15:30:59Z" finished-at="2018-05-30T15:30:59Z">
          <reporter-output>
          </reporter-output>
        </test-method> <!-- initMocks -->
        <test-method status="PASS" signature="tearDownAfterMethod()[pri:0, instance:org.molgenis.web.exception.SpringExceptionHandlerTest@1805383]" name="tearDownAfterMethod" is-config="true" duration-ms="0" started-at="2018-05-30T15:30:59Z" finished-at="2018-05-30T15:30:59Z">
          <reporter-output>
          </reporter-output>
        </test-method> <!-- tearDownAfterMethod -->
        <test-method status="PASS" signature="setUp()[pri:0, instance:org.molgenis.web.exception.SpringExceptionHandlerTest@1805383]" name="setUp" is-config="true" duration-ms="0" started-at="2018-05-30T15:30:59Z" finished-at="2018-05-30T15:30:59Z">
          <reporter-output>
          </reporter-output>
        </test-method> <!-- setUp -->
        <test-method status="PASS" signature="testServletRequestBindingException()[pri:0, instance:org.molgenis.web.exception.SpringExceptionHandlerTest@1805383]" name="testServletRequestBindingException" duration-ms="2" started-at="2018-05-30T15:30:59Z" finished-at="2018-05-30T15:30:59Z">
          <reporter-output>
          </reporter-output>
        </test-method> <!-- testServletRequestBindingException -->
        <test-method status="PASS" signature="tearDownAfterMethod()[pri:0, instance:org.molgenis.web.exception.SpringExceptionHandlerTest@1805383]" name="tearDownAfterMethod" is-config="true" duration-ms="0" started-at="2018-05-30T15:30:59Z" finished-at="2018-05-30T15:30:59Z">
          <reporter-output>
          </reporter-output>
        </test-method> <!-- tearDownAfterMethod -->
        <test-method status="PASS" signature="initMocks()[pri:0, instance:org.molgenis.web.exception.SpringExceptionHandlerTest@1805383]" name="initMocks" is-config="true" duration-ms="2" started-at="2018-05-30T15:30:59Z" finished-at="2018-05-30T15:30:59Z">
          <reporter-output>
          </reporter-output>
        </test-method> <!-- initMocks -->
        <test-method status="PASS" signature="setUp()[pri:0, instance:org.molgenis.web.exception.SpringExceptionHandlerTest@1805383]" name="setUp" is-config="true" duration-ms="0" started-at="2018-05-30T15:30:59Z" finished-at="2018-05-30T15:30:59Z">
          <reporter-output>
          </reporter-output>
        </test-method> <!-- setUp -->
        <test-method status="PASS" signature="testTypeMismatchException()[pri:0, instance:org.molgenis.web.exception.SpringExceptionHandlerTest@1805383]" name="testTypeMismatchException" duration-ms="1" started-at="2018-05-30T15:30:59Z" finished-at="2018-05-30T15:30:59Z">
          <reporter-output>
          </reporter-output>
        </test-method> <!-- testTypeMismatchException -->
        <test-method status="PASS" signature="tearDownAfterMethod()[pri:0, instance:org.molgenis.web.exception.SpringExceptionHandlerTest@1805383]" name="tearDownAfterMethod" is-config="true" duration-ms="0" started-at="2018-05-30T15:30:59Z" finished-at="2018-05-30T15:30:59Z">
          <reporter-output>
          </reporter-output>
        </test-method> <!-- tearDownAfterMethod -->
      </class> <!-- org.molgenis.web.exception.SpringExceptionHandlerTest -->
      <class name="org.molgenis.web.rsql.RSQLValueParserTest">
        <test-method status="PASS" signature="setUpBeforeMethod()[pri:0, instance:org.molgenis.web.rsql.RSQLValueParserTest@5a06904]" name="setUpBeforeMethod" is-config="true" duration-ms="1" started-at="2018-05-30T15:30:57Z" finished-at="2018-05-30T15:30:57Z">
          <reporter-output>
          </reporter-output>
        </test-method> <!-- setUpBeforeMethod -->
        <test-method status="PASS" signature="parse(org.molgenis.data.meta.AttributeType, org.molgenis.data.meta.AttributeType, java.lang.Object)[pri:0, instance:org.molgenis.web.rsql.RSQLValueParserTest@5a06904]" name="parse" duration-ms="1" started-at="2018-05-30T15:30:57Z" data-provider="parseProvider" finished-at="2018-05-30T15:30:57Z">
          <params>
            <param index="0">
              <value>
                <![CDATA[ONE_TO_MANY]]>
              </value>
            </param>
            <param index="1">
              <value>
                <![CDATA[INT]]>
              </value>
            </param>
            <param index="2">
              <value>
                <![CDATA[1]]>
              </value>
            </param>
          </params>
          <reporter-output>
          </reporter-output>
        </test-method> <!-- parse -->
        <test-method status="PASS" signature="parse(org.molgenis.data.meta.AttributeType, org.molgenis.data.meta.AttributeType, java.lang.Object)[pri:0, instance:org.molgenis.web.rsql.RSQLValueParserTest@5a06904]" name="parse" duration-ms="0" started-at="2018-05-30T15:30:57Z" data-provider="parseProvider" finished-at="2018-05-30T15:30:57Z">
          <params>
            <param index="0">
              <value>
                <![CDATA[ONE_TO_MANY]]>
              </value>
            </param>
            <param index="1">
              <value>
                <![CDATA[STRING]]>
              </value>
            </param>
            <param index="2">
              <value>
                <![CDATA[1]]>
              </value>
            </param>
          </params>
          <reporter-output>
          </reporter-output>
        </test-method> <!-- parse -->
        <test-method status="PASS" signature="setUpBeforeMethod()[pri:0, instance:org.molgenis.web.rsql.RSQLValueParserTest@5a06904]" name="setUpBeforeMethod" is-config="true" duration-ms="0" started-at="2018-05-30T15:30:57Z" finished-at="2018-05-30T15:30:57Z">
          <reporter-output>
          </reporter-output>
        </test-method> <!-- setUpBeforeMethod -->
        <test-method status="PASS" signature="setUpBeforeMethod()[pri:0, instance:org.molgenis.web.rsql.RSQLValueParserTest@5a06904]" name="setUpBeforeMethod" is-config="true" duration-ms="1" started-at="2018-05-30T15:30:57Z" finished-at="2018-05-30T15:30:57Z">
          <reporter-output>
          </reporter-output>
        </test-method> <!-- setUpBeforeMethod -->
        <test-method status="PASS" signature="parse(org.molgenis.data.meta.AttributeType, org.molgenis.data.meta.AttributeType, java.lang.Object)[pri:0, instance:org.molgenis.web.rsql.RSQLValueParserTest@5a06904]" name="parse" duration-ms="0" started-at="2018-05-30T15:30:57Z" data-provider="parseProvider" finished-at="2018-05-30T15:30:57Z">
          <params>
            <param index="0">
              <value>
                <![CDATA[XREF]]>
              </value>
            </param>
            <param index="1">
              <value>
                <![CDATA[INT]]>
              </value>
            </param>
            <param index="2">
              <value>
                <![CDATA[1]]>
              </value>
            </param>
          </params>
          <reporter-output>
          </reporter-output>
        </test-method> <!-- parse -->
        <test-method status="PASS" signature="setUpBeforeMethod()[pri:0, instance:org.molgenis.web.rsql.RSQLValueParserTest@5a06904]" name="setUpBeforeMethod" is-config="true" duration-ms="0" started-at="2018-05-30T15:30:57Z" finished-at="2018-05-30T15:30:57Z">
          <reporter-output>
          </reporter-output>
        </test-method> <!-- setUpBeforeMethod -->
        <test-method status="PASS" signature="parse(org.molgenis.data.meta.AttributeType, org.molgenis.data.meta.AttributeType, java.lang.Object)[pri:0, instance:org.molgenis.web.rsql.RSQLValueParserTest@5a06904]" name="parse" duration-ms="0" started-at="2018-05-30T15:30:57Z" data-provider="parseProvider" finished-at="2018-05-30T15:30:57Z">
          <params>
            <param index="0">
              <value>
                <![CDATA[XREF]]>
              </value>
            </param>
            <param index="1">
              <value>
                <![CDATA[STRING]]>
              </value>
            </param>
            <param index="2">
              <value>
                <![CDATA[1]]>
              </value>
            </param>
          </params>
          <reporter-output>
          </reporter-output>
        </test-method> <!-- parse -->
      </class> <!-- org.molgenis.web.rsql.RSQLValueParserTest -->
      <class name="org.molgenis.web.PluginInterceptorTest">
        <test-method status="PASS" signature="setUp()[pri:0, instance:org.molgenis.web.PluginInterceptorTest@63f2e0b]" name="setUp" is-config="true" duration-ms="792" started-at="2018-05-30T15:30:55Z" finished-at="2018-05-30T15:30:56Z">
          <reporter-output>
          </reporter-output>
        </test-method> <!-- setUp -->
        <test-method status="PASS" signature="MolgenisPluginInterceptor()[pri:0, instance:org.molgenis.web.PluginInterceptorTest@63f2e0b]" name="MolgenisPluginInterceptor" duration-ms="3" started-at="2018-05-30T15:30:56Z" finished-at="2018-05-30T15:30:56Z">
          <exception class="java.lang.NullPointerException">
            <full-stacktrace>
              <![CDATA[java.lang.NullPointerException
	at java.util.Objects.requireNonNull(Objects.java:203)
	at org.molgenis.web.PluginInterceptor.<init>(PluginInterceptor.java:27)
	at org.molgenis.web.PluginInterceptorTest.MolgenisPluginInterceptor(PluginInterceptorTest.java:38)
	at sun.reflect.NativeMethodAccessorImpl.invoke0(Native Method)
	at sun.reflect.NativeMethodAccessorImpl.invoke(NativeMethodAccessorImpl.java:62)
	at sun.reflect.DelegatingMethodAccessorImpl.invoke(DelegatingMethodAccessorImpl.java:43)
	at java.lang.reflect.Method.invoke(Method.java:498)
	at org.testng.internal.MethodInvocationHelper.invokeMethod(MethodInvocationHelper.java:80)
	at org.testng.internal.Invoker.invokeMethod(Invoker.java:714)
	at org.testng.internal.Invoker.invokeTestMethod(Invoker.java:901)
	at org.testng.internal.Invoker.invokeTestMethods(Invoker.java:1231)
	at org.testng.internal.TestMethodWorker.invokeTestMethods(TestMethodWorker.java:127)
	at org.testng.internal.TestMethodWorker.run(TestMethodWorker.java:111)
	at org.testng.TestRunner.privateRun(TestRunner.java:767)
	at org.testng.TestRunner.run(TestRunner.java:617)
	at org.testng.SuiteRunner.runTest(SuiteRunner.java:334)
	at org.testng.SuiteRunner.runSequentially(SuiteRunner.java:329)
	at org.testng.SuiteRunner.privateRun(SuiteRunner.java:291)
	at org.testng.SuiteRunner.run(SuiteRunner.java:240)
	at org.testng.SuiteRunnerWorker.runSuite(SuiteRunnerWorker.java:52)
	at org.testng.SuiteRunnerWorker.run(SuiteRunnerWorker.java:86)
	at org.testng.TestNG.runSuitesSequentially(TestNG.java:1198)
	at org.testng.TestNG.runSuitesLocally(TestNG.java:1123)
	at org.testng.TestNG.run(TestNG.java:1031)
	at org.apache.maven.surefire.testng.TestNGExecutor.run(TestNGExecutor.java:135)
	at org.apache.maven.surefire.testng.TestNGDirectoryTestSuite.executeMulti(TestNGDirectoryTestSuite.java:193)
	at org.apache.maven.surefire.testng.TestNGDirectoryTestSuite.execute(TestNGDirectoryTestSuite.java:94)
	at org.apache.maven.surefire.testng.TestNGProvider.invoke(TestNGProvider.java:146)
	at org.apache.maven.surefire.booter.ForkedBooter.invokeProviderInSameClassLoader(ForkedBooter.java:379)
	at org.apache.maven.surefire.booter.ForkedBooter.runSuitesInProcess(ForkedBooter.java:340)
	at org.apache.maven.surefire.booter.ForkedBooter.execute(ForkedBooter.java:125)
	at org.apache.maven.surefire.booter.ForkedBooter.main(ForkedBooter.java:413)
]]>
            </full-stacktrace>
          </exception> <!-- java.lang.NullPointerException -->
          <reporter-output>
          </reporter-output>
        </test-method> <!-- MolgenisPluginInterceptor -->
        <test-method status="PASS" signature="setUp()[pri:0, instance:org.molgenis.web.PluginInterceptorTest@63f2e0b]" name="setUp" is-config="true" duration-ms="1" started-at="2018-05-30T15:30:56Z" finished-at="2018-05-30T15:30:56Z">
          <reporter-output>
          </reporter-output>
        </test-method> <!-- setUp -->
        <test-method status="PASS" signature="postHandle()[pri:0, instance:org.molgenis.web.PluginInterceptorTest@63f2e0b]" name="postHandle" duration-ms="225" started-at="2018-05-30T15:30:56Z" finished-at="2018-05-30T15:30:56Z">
          <reporter-output>
          </reporter-output>
        </test-method> <!-- postHandle -->
        <test-method status="PASS" signature="setUp()[pri:0, instance:org.molgenis.web.PluginInterceptorTest@63f2e0b]" name="setUp" is-config="true" duration-ms="1" started-at="2018-05-30T15:30:56Z" finished-at="2018-05-30T15:30:56Z">
          <reporter-output>
          </reporter-output>
        </test-method> <!-- setUp -->
        <test-method status="PASS" signature="postHandlePluginidWithQueryString()[pri:0, instance:org.molgenis.web.PluginInterceptorTest@63f2e0b]" name="postHandlePluginidWithQueryString" duration-ms="90" started-at="2018-05-30T15:30:56Z" finished-at="2018-05-30T15:30:56Z">
          <reporter-output>
          </reporter-output>
        </test-method> <!-- postHandlePluginidWithQueryString -->
        <test-method status="PASS" signature="setUp()[pri:0, instance:org.molgenis.web.PluginInterceptorTest@63f2e0b]" name="setUp" is-config="true" duration-ms="0" started-at="2018-05-30T15:30:56Z" finished-at="2018-05-30T15:30:56Z">
          <reporter-output>
          </reporter-output>
        </test-method> <!-- setUp -->
        <test-method status="PASS" signature="postHandle_authenticated()[pri:0, instance:org.molgenis.web.PluginInterceptorTest@63f2e0b]" name="postHandle_authenticated" duration-ms="1" started-at="2018-05-30T15:30:56Z" finished-at="2018-05-30T15:30:56Z">
          <reporter-output>
          </reporter-output>
        </test-method> <!-- postHandle_authenticated -->
        <test-method status="PASS" signature="postHandle_notAuthenticated()[pri:0, instance:org.molgenis.web.PluginInterceptorTest@63f2e0b]" name="postHandle_notAuthenticated" duration-ms="1" started-at="2018-05-30T15:30:56Z" finished-at="2018-05-30T15:30:56Z">
          <reporter-output>
          </reporter-output>
        </test-method> <!-- postHandle_notAuthenticated -->
        <test-method status="PASS" signature="setUp()[pri:0, instance:org.molgenis.web.PluginInterceptorTest@63f2e0b]" name="setUp" is-config="true" duration-ms="0" started-at="2018-05-30T15:30:56Z" finished-at="2018-05-30T15:30:56Z">
          <reporter-output>
          </reporter-output>
        </test-method> <!-- setUp -->
        <test-method status="PASS" signature="postHandle_pluginIdExists()[pri:0, instance:org.molgenis.web.PluginInterceptorTest@63f2e0b]" name="postHandle_pluginIdExists" duration-ms="1" started-at="2018-05-30T15:30:56Z" finished-at="2018-05-30T15:30:56Z">
          <reporter-output>
          </reporter-output>
        </test-method> <!-- postHandle_pluginIdExists -->
        <test-method status="PASS" signature="setUp()[pri:0, instance:org.molgenis.web.PluginInterceptorTest@63f2e0b]" name="setUp" is-config="true" duration-ms="0" started-at="2018-05-30T15:30:56Z" finished-at="2018-05-30T15:30:56Z">
          <reporter-output>
          </reporter-output>
        </test-method> <!-- setUp -->
        <test-method status="PASS" signature="setUp()[pri:0, instance:org.molgenis.web.PluginInterceptorTest@63f2e0b]" name="setUp" is-config="true" duration-ms="0" started-at="2018-05-30T15:30:56Z" finished-at="2018-05-30T15:30:56Z">
          <reporter-output>
          </reporter-output>
        </test-method> <!-- setUp -->
        <test-method status="PASS" signature="preHandle()[pri:0, instance:org.molgenis.web.PluginInterceptorTest@63f2e0b]" name="preHandle" duration-ms="59" started-at="2018-05-30T15:30:56Z" finished-at="2018-05-30T15:30:56Z">
          <reporter-output>
          </reporter-output>
        </test-method> <!-- preHandle -->
        <test-method status="PASS" signature="setUp()[pri:0, instance:org.molgenis.web.PluginInterceptorTest@63f2e0b]" name="setUp" is-config="true" duration-ms="1" started-at="2018-05-30T15:30:56Z" finished-at="2018-05-30T15:30:56Z">
          <reporter-output>
          </reporter-output>
        </test-method> <!-- setUp -->
        <test-method status="PASS" signature="preHandle_hasContextUrl()[pri:0, instance:org.molgenis.web.PluginInterceptorTest@63f2e0b]" name="preHandle_hasContextUrl" duration-ms="0" started-at="2018-05-30T15:30:56Z" finished-at="2018-05-30T15:30:56Z">
          <reporter-output>
          </reporter-output>
        </test-method> <!-- preHandle_hasContextUrl -->
      </class> <!-- org.molgenis.web.PluginInterceptorTest -->
      <class name="org.molgenis.web.converter.MolgenisGsonHttpMessageConverterTest">
        <test-method status="PASS" signature="setUp()[pri:0, instance:org.molgenis.web.converter.MolgenisGsonHttpMessageConverterTest@4fd80300]" name="setUp" is-config="true" duration-ms="107" started-at="2018-05-30T15:30:55Z" finished-at="2018-05-30T15:30:55Z">
          <reporter-output>
          </reporter-output>
        </test-method> <!-- setUp -->
        <test-method status="PASS" signature="getSupportedMediaTypes()[pri:0, instance:org.molgenis.web.converter.MolgenisGsonHttpMessageConverterTest@4fd80300]" name="getSupportedMediaTypes" duration-ms="4" started-at="2018-05-30T15:30:55Z" finished-at="2018-05-30T15:30:55Z">
          <reporter-output>
          </reporter-output>
        </test-method> <!-- getSupportedMediaTypes -->
      </class> <!-- org.molgenis.web.converter.MolgenisGsonHttpMessageConverterTest -->
      <class name="org.molgenis.web.i18n.MolgenisLocaleResolverTest">
        <test-method status="PASS" signature="springTestContextBeforeTestClass()[pri:0, instance:org.molgenis.web.i18n.MolgenisLocaleResolverTest@7d88fa9c]" name="springTestContextBeforeTestClass" is-config="true" duration-ms="1" started-at="2018-05-30T15:30:57Z" finished-at="2018-05-30T15:30:57Z">
          <reporter-output>
          </reporter-output>
        </test-method> <!-- springTestContextBeforeTestClass -->
        <test-method status="PASS" signature="springTestContextPrepareTestInstance()[pri:0, instance:org.molgenis.web.i18n.MolgenisLocaleResolverTest@7d88fa9c]" name="springTestContextPrepareTestInstance" is-config="true" duration-ms="694" started-at="2018-05-30T15:30:57Z" depends-on-methods="org.springframework.test.context.testng.AbstractTestNGSpringContextTests.springTestContextBeforeTestClass" finished-at="2018-05-30T15:30:58Z">
          <reporter-output>
          </reporter-output>
        </test-method> <!-- springTestContextPrepareTestInstance -->
        <test-method status="PASS" signature="abstractMolgenisSpringTestBeforeClass()[pri:0, instance:org.molgenis.web.i18n.MolgenisLocaleResolverTest@7d88fa9c]" name="abstractMolgenisSpringTestBeforeClass" is-config="true" duration-ms="67" started-at="2018-05-30T15:30:58Z" finished-at="2018-05-30T15:30:58Z">
          <reporter-output>
          </reporter-output>
        </test-method> <!-- abstractMolgenisSpringTestBeforeClass -->
        <test-method status="PASS" signature="springTestContextBeforeTestMethod(java.lang.reflect.Method)[pri:0, instance:org.molgenis.web.i18n.MolgenisLocaleResolverTest@7d88fa9c]" name="springTestContextBeforeTestMethod" is-config="true" duration-ms="8" started-at="2018-05-30T15:30:58Z" finished-at="2018-05-30T15:30:58Z">
          <params>
            <param index="0">
              <value>
                <![CDATA[public void org.molgenis.web.i18n.MolgenisLocaleResolverTest.testResolveLocaleAnonymous()]]>
              </value>
            </param>
          </params>
          <reporter-output>
          </reporter-output>
        </test-method> <!-- springTestContextBeforeTestMethod -->
        <test-method status="PASS" signature="abstractMolgenisSpringTestBeforeMethod()[pri:0, instance:org.molgenis.web.i18n.MolgenisLocaleResolverTest@7d88fa9c]" name="abstractMolgenisSpringTestBeforeMethod" is-config="true" duration-ms="159" started-at="2018-05-30T15:30:58Z" finished-at="2018-05-30T15:30:58Z">
          <reporter-output>
          </reporter-output>
        </test-method> <!-- abstractMolgenisSpringTestBeforeMethod -->
        <test-method status="PASS" signature="setUp()[pri:0, instance:org.molgenis.web.i18n.MolgenisLocaleResolverTest@7d88fa9c]" name="setUp" is-config="true" duration-ms="0" started-at="2018-05-30T15:30:58Z" finished-at="2018-05-30T15:30:58Z">
          <reporter-output>
          </reporter-output>
        </test-method> <!-- setUp -->
        <test-method status="PASS" signature="testResolveLocaleAnonymous()[pri:0, instance:org.molgenis.web.i18n.MolgenisLocaleResolverTest@7d88fa9c]" name="testResolveLocaleAnonymous" duration-ms="13" started-at="2018-05-30T15:30:58Z" finished-at="2018-05-30T15:30:58Z">
          <reporter-output>
          </reporter-output>
        </test-method> <!-- testResolveLocaleAnonymous -->
        <test-method status="PASS" signature="abstractMolgenisSpringTestAfterMethod()[pri:0, instance:org.molgenis.web.i18n.MolgenisLocaleResolverTest@7d88fa9c]" name="abstractMolgenisSpringTestAfterMethod" is-config="true" duration-ms="0" started-at="2018-05-30T15:30:58Z" finished-at="2018-05-30T15:30:58Z">
          <reporter-output>
          </reporter-output>
        </test-method> <!-- abstractMolgenisSpringTestAfterMethod -->
        <test-method status="PASS" signature="springTestContextAfterTestMethod(java.lang.reflect.Method)[pri:0, instance:org.molgenis.web.i18n.MolgenisLocaleResolverTest@7d88fa9c]" name="springTestContextAfterTestMethod" is-config="true" duration-ms="1" started-at="2018-05-30T15:30:58Z" finished-at="2018-05-30T15:30:58Z">
          <params>
            <param index="0">
              <value>
                <![CDATA[public void org.molgenis.web.i18n.MolgenisLocaleResolverTest.testResolveLocaleAnonymous()]]>
              </value>
            </param>
          </params>
          <reporter-output>
          </reporter-output>
        </test-method> <!-- springTestContextAfterTestMethod -->
        <test-method status="PASS" signature="springTestContextBeforeTestMethod(java.lang.reflect.Method)[pri:0, instance:org.molgenis.web.i18n.MolgenisLocaleResolverTest@7d88fa9c]" name="springTestContextBeforeTestMethod" is-config="true" duration-ms="3" started-at="2018-05-30T15:30:58Z" finished-at="2018-05-30T15:30:58Z">
          <params>
            <param index="0">
              <value>
                <![CDATA[public void org.molgenis.web.i18n.MolgenisLocaleResolverTest.testResolveLocaleAuthenticated()]]>
              </value>
            </param>
          </params>
          <reporter-output>
          </reporter-output>
        </test-method> <!-- springTestContextBeforeTestMethod -->
        <test-method status="PASS" signature="abstractMolgenisSpringTestBeforeMethod()[pri:0, instance:org.molgenis.web.i18n.MolgenisLocaleResolverTest@7d88fa9c]" name="abstractMolgenisSpringTestBeforeMethod" is-config="true" duration-ms="1" started-at="2018-05-30T15:30:58Z" finished-at="2018-05-30T15:30:58Z">
          <reporter-output>
          </reporter-output>
        </test-method> <!-- abstractMolgenisSpringTestBeforeMethod -->
        <test-method status="PASS" signature="testResolveLocaleAuthenticated()[pri:0, instance:org.molgenis.web.i18n.MolgenisLocaleResolverTest@7d88fa9c]" name="testResolveLocaleAuthenticated" duration-ms="41" started-at="2018-05-30T15:30:58Z" finished-at="2018-05-30T15:30:58Z">
          <reporter-output>
          </reporter-output>
        </test-method> <!-- testResolveLocaleAuthenticated -->
        <test-method status="PASS" signature="setUp()[pri:0, instance:org.molgenis.web.i18n.MolgenisLocaleResolverTest@7d88fa9c]" name="setUp" is-config="true" duration-ms="0" started-at="2018-05-30T15:30:58Z" finished-at="2018-05-30T15:30:58Z">
          <reporter-output>
          </reporter-output>
        </test-method> <!-- setUp -->
        <test-method status="PASS" signature="springTestContextAfterTestMethod(java.lang.reflect.Method)[pri:0, instance:org.molgenis.web.i18n.MolgenisLocaleResolverTest@7d88fa9c]" name="springTestContextAfterTestMethod" is-config="true" duration-ms="1" started-at="2018-05-30T15:30:58Z" finished-at="2018-05-30T15:30:58Z">
          <params>
            <param index="0">
              <value>
                <![CDATA[public void org.molgenis.web.i18n.MolgenisLocaleResolverTest.testResolveLocaleAuthenticated()]]>
              </value>
            </param>
          </params>
          <reporter-output>
          </reporter-output>
        </test-method> <!-- springTestContextAfterTestMethod -->
        <test-method status="PASS" signature="abstractMolgenisSpringTestAfterMethod()[pri:0, instance:org.molgenis.web.i18n.MolgenisLocaleResolverTest@7d88fa9c]" name="abstractMolgenisSpringTestAfterMethod" is-config="true" duration-ms="0" started-at="2018-05-30T15:30:58Z" finished-at="2018-05-30T15:30:58Z">
          <reporter-output>
          </reporter-output>
        </test-method> <!-- abstractMolgenisSpringTestAfterMethod -->
        <test-method status="PASS" signature="springTestContextBeforeTestMethod(java.lang.reflect.Method)[pri:0, instance:org.molgenis.web.i18n.MolgenisLocaleResolverTest@7d88fa9c]" name="springTestContextBeforeTestMethod" is-config="true" duration-ms="0" started-at="2018-05-30T15:30:58Z" finished-at="2018-05-30T15:30:58Z">
          <params>
            <param index="0">
              <value>
                <![CDATA[public void org.molgenis.web.i18n.MolgenisLocaleResolverTest.testResolveLocaleNotAuthenticated()]]>
              </value>
            </param>
          </params>
          <reporter-output>
          </reporter-output>
        </test-method> <!-- springTestContextBeforeTestMethod -->
        <test-method status="PASS" signature="abstractMolgenisSpringTestBeforeMethod()[pri:0, instance:org.molgenis.web.i18n.MolgenisLocaleResolverTest@7d88fa9c]" name="abstractMolgenisSpringTestBeforeMethod" is-config="true" duration-ms="1" started-at="2018-05-30T15:30:58Z" finished-at="2018-05-30T15:30:58Z">
          <reporter-output>
          </reporter-output>
        </test-method> <!-- abstractMolgenisSpringTestBeforeMethod -->
        <test-method status="PASS" signature="setUp()[pri:0, instance:org.molgenis.web.i18n.MolgenisLocaleResolverTest@7d88fa9c]" name="setUp" is-config="true" duration-ms="0" started-at="2018-05-30T15:30:58Z" finished-at="2018-05-30T15:30:58Z">
          <reporter-output>
          </reporter-output>
        </test-method> <!-- setUp -->
        <test-method status="PASS" signature="testResolveLocaleNotAuthenticated()[pri:0, instance:org.molgenis.web.i18n.MolgenisLocaleResolverTest@7d88fa9c]" name="testResolveLocaleNotAuthenticated" duration-ms="1" started-at="2018-05-30T15:30:58Z" finished-at="2018-05-30T15:30:58Z">
          <reporter-output>
          </reporter-output>
        </test-method> <!-- testResolveLocaleNotAuthenticated -->
        <test-method status="PASS" signature="abstractMolgenisSpringTestAfterMethod()[pri:0, instance:org.molgenis.web.i18n.MolgenisLocaleResolverTest@7d88fa9c]" name="abstractMolgenisSpringTestAfterMethod" is-config="true" duration-ms="0" started-at="2018-05-30T15:30:58Z" finished-at="2018-05-30T15:30:58Z">
          <reporter-output>
          </reporter-output>
        </test-method> <!-- abstractMolgenisSpringTestAfterMethod -->
        <test-method status="PASS" signature="springTestContextAfterTestMethod(java.lang.reflect.Method)[pri:0, instance:org.molgenis.web.i18n.MolgenisLocaleResolverTest@7d88fa9c]" name="springTestContextAfterTestMethod" is-config="true" duration-ms="1" started-at="2018-05-30T15:30:58Z" finished-at="2018-05-30T15:30:58Z">
          <params>
            <param index="0">
              <value>
                <![CDATA[public void org.molgenis.web.i18n.MolgenisLocaleResolverTest.testResolveLocaleNotAuthenticated()]]>
              </value>
            </param>
          </params>
          <reporter-output>
          </reporter-output>
        </test-method> <!-- springTestContextAfterTestMethod -->
        <test-method status="PASS" signature="abstractMolgenisSpringTestBeforeMethod()[pri:0, instance:org.molgenis.web.i18n.MolgenisLocaleResolverTest@7d88fa9c]" name="abstractMolgenisSpringTestBeforeMethod" is-config="true" duration-ms="1" started-at="2018-05-30T15:30:58Z" finished-at="2018-05-30T15:30:58Z">
          <reporter-output>
          </reporter-output>
        </test-method> <!-- abstractMolgenisSpringTestBeforeMethod -->
        <test-method status="PASS" signature="springTestContextBeforeTestMethod(java.lang.reflect.Method)[pri:0, instance:org.molgenis.web.i18n.MolgenisLocaleResolverTest@7d88fa9c]" name="springTestContextBeforeTestMethod" is-config="true" duration-ms="0" started-at="2018-05-30T15:30:58Z" finished-at="2018-05-30T15:30:58Z">
          <params>
            <param index="0">
              <value>
                <![CDATA[public void org.molgenis.web.i18n.MolgenisLocaleResolverTest.testSetLocale()]]>
              </value>
            </param>
          </params>
          <reporter-output>
          </reporter-output>
        </test-method> <!-- springTestContextBeforeTestMethod -->
        <test-method status="PASS" signature="setUp()[pri:0, instance:org.molgenis.web.i18n.MolgenisLocaleResolverTest@7d88fa9c]" name="setUp" is-config="true" duration-ms="0" started-at="2018-05-30T15:30:58Z" finished-at="2018-05-30T15:30:58Z">
          <reporter-output>
          </reporter-output>
        </test-method> <!-- setUp -->
        <test-method status="PASS" signature="testSetLocale()[pri:0, instance:org.molgenis.web.i18n.MolgenisLocaleResolverTest@7d88fa9c]" name="testSetLocale" duration-ms="9" started-at="2018-05-30T15:30:58Z" finished-at="2018-05-30T15:30:58Z">
          <reporter-output>
          </reporter-output>
        </test-method> <!-- testSetLocale -->
        <test-method status="PASS" signature="springTestContextAfterTestMethod(java.lang.reflect.Method)[pri:0, instance:org.molgenis.web.i18n.MolgenisLocaleResolverTest@7d88fa9c]" name="springTestContextAfterTestMethod" is-config="true" duration-ms="0" started-at="2018-05-30T15:30:58Z" finished-at="2018-05-30T15:30:58Z">
          <params>
            <param index="0">
              <value>
                <![CDATA[public void org.molgenis.web.i18n.MolgenisLocaleResolverTest.testSetLocale()]]>
              </value>
            </param>
          </params>
          <reporter-output>
          </reporter-output>
        </test-method> <!-- springTestContextAfterTestMethod -->
        <test-method status="PASS" signature="springTestContextBeforeTestMethod(java.lang.reflect.Method)[pri:0, instance:org.molgenis.web.i18n.MolgenisLocaleResolverTest@7d88fa9c]" name="springTestContextBeforeTestMethod" is-config="true" duration-ms="1" started-at="2018-05-30T15:30:58Z" finished-at="2018-05-30T15:30:58Z">
          <params>
            <param index="0">
              <value>
                <![CDATA[public void org.molgenis.web.i18n.MolgenisLocaleResolverTest.testSetLocaleNotAuthenticated()]]>
              </value>
            </param>
          </params>
          <reporter-output>
          </reporter-output>
        </test-method> <!-- springTestContextBeforeTestMethod -->
        <test-method status="PASS" signature="abstractMolgenisSpringTestAfterMethod()[pri:0, instance:org.molgenis.web.i18n.MolgenisLocaleResolverTest@7d88fa9c]" name="abstractMolgenisSpringTestAfterMethod" is-config="true" duration-ms="0" started-at="2018-05-30T15:30:58Z" finished-at="2018-05-30T15:30:58Z">
          <reporter-output>
          </reporter-output>
        </test-method> <!-- abstractMolgenisSpringTestAfterMethod -->
        <test-method status="PASS" signature="testSetLocaleNotAuthenticated()[pri:0, instance:org.molgenis.web.i18n.MolgenisLocaleResolverTest@7d88fa9c]" name="testSetLocaleNotAuthenticated" duration-ms="1" started-at="2018-05-30T15:30:58Z" finished-at="2018-05-30T15:30:58Z">
          <exception class="java.lang.UnsupportedOperationException">
            <message>
              <![CDATA[Cannot change language if not logged in]]>
            </message>
            <full-stacktrace>
              <![CDATA[java.lang.UnsupportedOperationException: Cannot change language if not logged in
	at org.molgenis.web.i18n.MolgenisLocaleResolver.lambda$setLocale$6(MolgenisLocaleResolver.java:68)
	at java.util.Optional.orElseThrow(Optional.java:290)
	at org.molgenis.web.i18n.MolgenisLocaleResolver.setLocale(MolgenisLocaleResolver.java:67)
	at org.molgenis.web.i18n.MolgenisLocaleResolverTest.testSetLocaleNotAuthenticated(MolgenisLocaleResolverTest.java:80)
	at sun.reflect.NativeMethodAccessorImpl.invoke0(Native Method)
	at sun.reflect.NativeMethodAccessorImpl.invoke(NativeMethodAccessorImpl.java:62)
	at sun.reflect.DelegatingMethodAccessorImpl.invoke(DelegatingMethodAccessorImpl.java:43)
	at java.lang.reflect.Method.invoke(Method.java:498)
	at org.testng.internal.MethodInvocationHelper.invokeMethod(MethodInvocationHelper.java:80)
	at org.testng.internal.MethodInvocationHelper$1.runTestMethod(MethodInvocationHelper.java:182)
	at org.springframework.test.context.testng.AbstractTestNGSpringContextTests.run(AbstractTestNGSpringContextTests.java:180)
	at sun.reflect.NativeMethodAccessorImpl.invoke0(Native Method)
	at sun.reflect.NativeMethodAccessorImpl.invoke(NativeMethodAccessorImpl.java:62)
	at sun.reflect.DelegatingMethodAccessorImpl.invoke(DelegatingMethodAccessorImpl.java:43)
	at java.lang.reflect.Method.invoke(Method.java:498)
	at org.testng.internal.MethodInvocationHelper.invokeHookable(MethodInvocationHelper.java:194)
	at org.testng.internal.Invoker.invokeMethod(Invoker.java:707)
	at org.testng.internal.Invoker.invokeTestMethod(Invoker.java:901)
	at org.testng.internal.Invoker.invokeTestMethods(Invoker.java:1231)
	at org.testng.internal.TestMethodWorker.invokeTestMethods(TestMethodWorker.java:127)
	at org.testng.internal.TestMethodWorker.run(TestMethodWorker.java:111)
	at org.testng.TestRunner.privateRun(TestRunner.java:767)
	at org.testng.TestRunner.run(TestRunner.java:617)
	at org.testng.SuiteRunner.runTest(SuiteRunner.java:334)
	at org.testng.SuiteRunner.runSequentially(SuiteRunner.java:329)
	at org.testng.SuiteRunner.privateRun(SuiteRunner.java:291)
	at org.testng.SuiteRunner.run(SuiteRunner.java:240)
	at org.testng.SuiteRunnerWorker.runSuite(SuiteRunnerWorker.java:52)
	at org.testng.SuiteRunnerWorker.run(SuiteRunnerWorker.java:86)
	at org.testng.TestNG.runSuitesSequentially(TestNG.java:1198)
	at org.testng.TestNG.runSuitesLocally(TestNG.java:1123)
	at org.testng.TestNG.run(TestNG.java:1031)
	at org.apache.maven.surefire.testng.TestNGExecutor.run(TestNGExecutor.java:135)
	at org.apache.maven.surefire.testng.TestNGDirectoryTestSuite.executeMulti(TestNGDirectoryTestSuite.java:193)
	at org.apache.maven.surefire.testng.TestNGDirectoryTestSuite.execute(TestNGDirectoryTestSuite.java:94)
	at org.apache.maven.surefire.testng.TestNGProvider.invoke(TestNGProvider.java:146)
	at org.apache.maven.surefire.booter.ForkedBooter.invokeProviderInSameClassLoader(ForkedBooter.java:379)
	at org.apache.maven.surefire.booter.ForkedBooter.runSuitesInProcess(ForkedBooter.java:340)
	at org.apache.maven.surefire.booter.ForkedBooter.execute(ForkedBooter.java:125)
	at org.apache.maven.surefire.booter.ForkedBooter.main(ForkedBooter.java:413)
]]>
            </full-stacktrace>
          </exception> <!-- java.lang.UnsupportedOperationException -->
          <reporter-output>
          </reporter-output>
        </test-method> <!-- testSetLocaleNotAuthenticated -->
        <test-method status="PASS" signature="abstractMolgenisSpringTestBeforeMethod()[pri:0, instance:org.molgenis.web.i18n.MolgenisLocaleResolverTest@7d88fa9c]" name="abstractMolgenisSpringTestBeforeMethod" is-config="true" duration-ms="0" started-at="2018-05-30T15:30:58Z" finished-at="2018-05-30T15:30:58Z">
          <reporter-output>
          </reporter-output>
        </test-method> <!-- abstractMolgenisSpringTestBeforeMethod -->
        <test-method status="PASS" signature="setUp()[pri:0, instance:org.molgenis.web.i18n.MolgenisLocaleResolverTest@7d88fa9c]" name="setUp" is-config="true" duration-ms="0" started-at="2018-05-30T15:30:58Z" finished-at="2018-05-30T15:30:58Z">
          <reporter-output>
          </reporter-output>
        </test-method> <!-- setUp -->
        <test-method status="PASS" signature="abstractMolgenisSpringTestAfterMethod()[pri:0, instance:org.molgenis.web.i18n.MolgenisLocaleResolverTest@7d88fa9c]" name="abstractMolgenisSpringTestAfterMethod" is-config="true" duration-ms="0" started-at="2018-05-30T15:30:58Z" finished-at="2018-05-30T15:30:58Z">
          <reporter-output>
          </reporter-output>
        </test-method> <!-- abstractMolgenisSpringTestAfterMethod -->
        <test-method status="PASS" signature="springTestContextBeforeTestMethod(java.lang.reflect.Method)[pri:0, instance:org.molgenis.web.i18n.MolgenisLocaleResolverTest@7d88fa9c]" name="springTestContextBeforeTestMethod" is-config="true" duration-ms="1" started-at="2018-05-30T15:30:58Z" finished-at="2018-05-30T15:30:58Z">
          <params>
            <param index="0">
              <value>
                <![CDATA[public void org.molgenis.web.i18n.MolgenisLocaleResolverTest.testSetLocaleUnusedLanguage()]]>
              </value>
            </param>
          </params>
          <reporter-output>
          </reporter-output>
        </test-method> <!-- springTestContextBeforeTestMethod -->
        <test-method status="PASS" signature="springTestContextAfterTestMethod(java.lang.reflect.Method)[pri:0, instance:org.molgenis.web.i18n.MolgenisLocaleResolverTest@7d88fa9c]" name="springTestContextAfterTestMethod" is-config="true" duration-ms="0" started-at="2018-05-30T15:30:58Z" finished-at="2018-05-30T15:30:58Z">
          <params>
            <param index="0">
              <value>
                <![CDATA[public void org.molgenis.web.i18n.MolgenisLocaleResolverTest.testSetLocaleNotAuthenticated()]]>
              </value>
            </param>
          </params>
          <reporter-output>
          </reporter-output>
        </test-method> <!-- springTestContextAfterTestMethod -->
        <test-method status="PASS" signature="abstractMolgenisSpringTestBeforeMethod()[pri:0, instance:org.molgenis.web.i18n.MolgenisLocaleResolverTest@7d88fa9c]" name="abstractMolgenisSpringTestBeforeMethod" is-config="true" duration-ms="1" started-at="2018-05-30T15:30:58Z" finished-at="2018-05-30T15:30:58Z">
          <reporter-output>
          </reporter-output>
        </test-method> <!-- abstractMolgenisSpringTestBeforeMethod -->
        <test-method status="PASS" signature="springTestContextAfterTestMethod(java.lang.reflect.Method)[pri:0, instance:org.molgenis.web.i18n.MolgenisLocaleResolverTest@7d88fa9c]" name="springTestContextAfterTestMethod" is-config="true" duration-ms="0" started-at="2018-05-30T15:30:58Z" finished-at="2018-05-30T15:30:58Z">
          <params>
            <param index="0">
              <value>
                <![CDATA[public void org.molgenis.web.i18n.MolgenisLocaleResolverTest.testSetLocaleUnusedLanguage()]]>
              </value>
            </param>
          </params>
          <reporter-output>
          </reporter-output>
        </test-method> <!-- springTestContextAfterTestMethod -->
        <test-method status="PASS" signature="testSetLocaleUnusedLanguage()[pri:0, instance:org.molgenis.web.i18n.MolgenisLocaleResolverTest@7d88fa9c]" name="testSetLocaleUnusedLanguage" duration-ms="0" started-at="2018-05-30T15:30:58Z" finished-at="2018-05-30T15:30:58Z">
          <exception class="java.lang.UnsupportedOperationException">
            <message>
              <![CDATA[Cannot set language to unsupported languageCode]]>
            </message>
            <full-stacktrace>
              <![CDATA[java.lang.UnsupportedOperationException: Cannot set language to unsupported languageCode
	at org.molgenis.web.i18n.MolgenisLocaleResolver.setLocale(MolgenisLocaleResolver.java:65)
	at org.molgenis.web.i18n.MolgenisLocaleResolverTest.testSetLocaleUnusedLanguage(MolgenisLocaleResolverTest.java:74)
	at sun.reflect.NativeMethodAccessorImpl.invoke0(Native Method)
	at sun.reflect.NativeMethodAccessorImpl.invoke(NativeMethodAccessorImpl.java:62)
	at sun.reflect.DelegatingMethodAccessorImpl.invoke(DelegatingMethodAccessorImpl.java:43)
	at java.lang.reflect.Method.invoke(Method.java:498)
	at org.testng.internal.MethodInvocationHelper.invokeMethod(MethodInvocationHelper.java:80)
	at org.testng.internal.MethodInvocationHelper$1.runTestMethod(MethodInvocationHelper.java:182)
	at org.springframework.test.context.testng.AbstractTestNGSpringContextTests.run(AbstractTestNGSpringContextTests.java:180)
	at sun.reflect.NativeMethodAccessorImpl.invoke0(Native Method)
	at sun.reflect.NativeMethodAccessorImpl.invoke(NativeMethodAccessorImpl.java:62)
	at sun.reflect.DelegatingMethodAccessorImpl.invoke(DelegatingMethodAccessorImpl.java:43)
	at java.lang.reflect.Method.invoke(Method.java:498)
	at org.testng.internal.MethodInvocationHelper.invokeHookable(MethodInvocationHelper.java:194)
	at org.testng.internal.Invoker.invokeMethod(Invoker.java:707)
	at org.testng.internal.Invoker.invokeTestMethod(Invoker.java:901)
	at org.testng.internal.Invoker.invokeTestMethods(Invoker.java:1231)
	at org.testng.internal.TestMethodWorker.invokeTestMethods(TestMethodWorker.java:127)
	at org.testng.internal.TestMethodWorker.run(TestMethodWorker.java:111)
	at org.testng.TestRunner.privateRun(TestRunner.java:767)
	at org.testng.TestRunner.run(TestRunner.java:617)
	at org.testng.SuiteRunner.runTest(SuiteRunner.java:334)
	at org.testng.SuiteRunner.runSequentially(SuiteRunner.java:329)
	at org.testng.SuiteRunner.privateRun(SuiteRunner.java:291)
	at org.testng.SuiteRunner.run(SuiteRunner.java:240)
	at org.testng.SuiteRunnerWorker.runSuite(SuiteRunnerWorker.java:52)
	at org.testng.SuiteRunnerWorker.run(SuiteRunnerWorker.java:86)
	at org.testng.TestNG.runSuitesSequentially(TestNG.java:1198)
	at org.testng.TestNG.runSuitesLocally(TestNG.java:1123)
	at org.testng.TestNG.run(TestNG.java:1031)
	at org.apache.maven.surefire.testng.TestNGExecutor.run(TestNGExecutor.java:135)
	at org.apache.maven.surefire.testng.TestNGDirectoryTestSuite.executeMulti(TestNGDirectoryTestSuite.java:193)
	at org.apache.maven.surefire.testng.TestNGDirectoryTestSuite.execute(TestNGDirectoryTestSuite.java:94)
	at org.apache.maven.surefire.testng.TestNGProvider.invoke(TestNGProvider.java:146)
	at org.apache.maven.surefire.booter.ForkedBooter.invokeProviderInSameClassLoader(ForkedBooter.java:379)
	at org.apache.maven.surefire.booter.ForkedBooter.runSuitesInProcess(ForkedBooter.java:340)
	at org.apache.maven.surefire.booter.ForkedBooter.execute(ForkedBooter.java:125)
	at org.apache.maven.surefire.booter.ForkedBooter.main(ForkedBooter.java:413)
]]>
            </full-stacktrace>
          </exception> <!-- java.lang.UnsupportedOperationException -->
          <reporter-output>
          </reporter-output>
        </test-method> <!-- testSetLocaleUnusedLanguage -->
        <test-method status="PASS" signature="setUp()[pri:0, instance:org.molgenis.web.i18n.MolgenisLocaleResolverTest@7d88fa9c]" name="setUp" is-config="true" duration-ms="0" started-at="2018-05-30T15:30:58Z" finished-at="2018-05-30T15:30:58Z">
          <reporter-output>
          </reporter-output>
        </test-method> <!-- setUp -->
        <test-method status="PASS" signature="abstractMolgenisSpringTestAfterMethod()[pri:0, instance:org.molgenis.web.i18n.MolgenisLocaleResolverTest@7d88fa9c]" name="abstractMolgenisSpringTestAfterMethod" is-config="true" duration-ms="0" started-at="2018-05-30T15:30:58Z" finished-at="2018-05-30T15:30:58Z">
          <reporter-output>
          </reporter-output>
        </test-method> <!-- abstractMolgenisSpringTestAfterMethod -->
        <test-method status="PASS" signature="springTestContextAfterTestClass()[pri:0, instance:org.molgenis.web.i18n.MolgenisLocaleResolverTest@7d88fa9c]" name="springTestContextAfterTestClass" is-config="true" duration-ms="1" started-at="2018-05-30T15:30:58Z" finished-at="2018-05-30T15:30:58Z">
          <reporter-output>
          </reporter-output>
        </test-method> <!-- springTestContextAfterTestClass -->
      </class> <!-- org.molgenis.web.i18n.MolgenisLocaleResolverTest -->
      <class name="org.molgenis.web.ErrorMessageResponseTest">
        <test-method status="PASS" signature="ErrorMessageResponse()[pri:0, instance:org.molgenis.web.ErrorMessageResponseTest@ba4f370]" name="ErrorMessageResponse" duration-ms="0" started-at="2018-05-30T15:30:59Z" finished-at="2018-05-30T15:30:59Z">
          <reporter-output>
          </reporter-output>
        </test-method> <!-- ErrorMessageResponse -->
        <test-method status="PASS" signature="ErrorMessageResponseErrorMessage()[pri:0, instance:org.molgenis.web.ErrorMessageResponseTest@ba4f370]" name="ErrorMessageResponseErrorMessage" duration-ms="0" started-at="2018-05-30T15:30:59Z" finished-at="2018-05-30T15:30:59Z">
          <reporter-output>
          </reporter-output>
        </test-method> <!-- ErrorMessageResponseErrorMessage -->
        <test-method status="PASS" signature="ErrorMessageResponseListErrorMessage()[pri:0, instance:org.molgenis.web.ErrorMessageResponseTest@ba4f370]" name="ErrorMessageResponseListErrorMessage" duration-ms="0" started-at="2018-05-30T15:30:59Z" finished-at="2018-05-30T15:30:59Z">
          <reporter-output>
          </reporter-output>
        </test-method> <!-- ErrorMessageResponseListErrorMessage -->
        <test-method status="PASS" signature="addErrorMessage()[pri:0, instance:org.molgenis.web.ErrorMessageResponseTest@ba4f370]" name="addErrorMessage" duration-ms="0" started-at="2018-05-30T15:30:59Z" finished-at="2018-05-30T15:30:59Z">
          <reporter-output>
          </reporter-output>
        </test-method> <!-- addErrorMessage -->
        <test-method status="PASS" signature="addErrorMessages()[pri:0, instance:org.molgenis.web.ErrorMessageResponseTest@ba4f370]" name="addErrorMessages" duration-ms="0" started-at="2018-05-30T15:30:59Z" finished-at="2018-05-30T15:30:59Z">
          <reporter-output>
          </reporter-output>
        </test-method> <!-- addErrorMessages -->
      </class> <!-- org.molgenis.web.ErrorMessageResponseTest -->
      <class name="org.molgenis.web.PluginControllerTest">
        <test-method status="PASS" signature="MolgenisPlugin()[pri:0, instance:org.molgenis.web.PluginControllerTest@2ba024cb]" name="MolgenisPlugin" duration-ms="1" started-at="2018-05-30T15:30:57Z" finished-at="2018-05-30T15:30:57Z">
          <exception class="java.lang.IllegalArgumentException">
            <message>
              <![CDATA[uri does not start with /plugin/]]>
            </message>
            <full-stacktrace>
              <![CDATA[java.lang.IllegalArgumentException: uri does not start with /plugin/
	at org.molgenis.web.PluginController.<init>(PluginController.java:29)
	at org.molgenis.web.PluginControllerTest$1.<init>(PluginControllerTest.java:14)
	at org.molgenis.web.PluginControllerTest.MolgenisPlugin(PluginControllerTest.java:13)
	at sun.reflect.NativeMethodAccessorImpl.invoke0(Native Method)
	at sun.reflect.NativeMethodAccessorImpl.invoke(NativeMethodAccessorImpl.java:62)
	at sun.reflect.DelegatingMethodAccessorImpl.invoke(DelegatingMethodAccessorImpl.java:43)
	at java.lang.reflect.Method.invoke(Method.java:498)
	at org.testng.internal.MethodInvocationHelper.invokeMethod(MethodInvocationHelper.java:80)
	at org.testng.internal.Invoker.invokeMethod(Invoker.java:714)
	at org.testng.internal.Invoker.invokeTestMethod(Invoker.java:901)
	at org.testng.internal.Invoker.invokeTestMethods(Invoker.java:1231)
	at org.testng.internal.TestMethodWorker.invokeTestMethods(TestMethodWorker.java:127)
	at org.testng.internal.TestMethodWorker.run(TestMethodWorker.java:111)
	at org.testng.TestRunner.privateRun(TestRunner.java:767)
	at org.testng.TestRunner.run(TestRunner.java:617)
	at org.testng.SuiteRunner.runTest(SuiteRunner.java:334)
	at org.testng.SuiteRunner.runSequentially(SuiteRunner.java:329)
	at org.testng.SuiteRunner.privateRun(SuiteRunner.java:291)
	at org.testng.SuiteRunner.run(SuiteRunner.java:240)
	at org.testng.SuiteRunnerWorker.runSuite(SuiteRunnerWorker.java:52)
	at org.testng.SuiteRunnerWorker.run(SuiteRunnerWorker.java:86)
	at org.testng.TestNG.runSuitesSequentially(TestNG.java:1198)
	at org.testng.TestNG.runSuitesLocally(TestNG.java:1123)
	at org.testng.TestNG.run(TestNG.java:1031)
	at org.apache.maven.surefire.testng.TestNGExecutor.run(TestNGExecutor.java:135)
	at org.apache.maven.surefire.testng.TestNGDirectoryTestSuite.executeMulti(TestNGDirectoryTestSuite.java:193)
	at org.apache.maven.surefire.testng.TestNGDirectoryTestSuite.execute(TestNGDirectoryTestSuite.java:94)
	at org.apache.maven.surefire.testng.TestNGProvider.invoke(TestNGProvider.java:146)
	at org.apache.maven.surefire.booter.ForkedBooter.invokeProviderInSameClassLoader(ForkedBooter.java:379)
	at org.apache.maven.surefire.booter.ForkedBooter.runSuitesInProcess(ForkedBooter.java:340)
	at org.apache.maven.surefire.booter.ForkedBooter.execute(ForkedBooter.java:125)
	at org.apache.maven.surefire.booter.ForkedBooter.main(ForkedBooter.java:413)
]]>
            </full-stacktrace>
          </exception> <!-- java.lang.IllegalArgumentException -->
          <reporter-output>
          </reporter-output>
        </test-method> <!-- MolgenisPlugin -->
        <test-method status="PASS" signature="getId()[pri:0, instance:org.molgenis.web.PluginControllerTest@2ba024cb]" name="getId" duration-ms="0" started-at="2018-05-30T15:30:57Z" finished-at="2018-05-30T15:30:57Z">
          <reporter-output>
          </reporter-output>
        </test-method> <!-- getId -->
        <test-method status="PASS" signature="getUri()[pri:0, instance:org.molgenis.web.PluginControllerTest@2ba024cb]" name="getUri" duration-ms="0" started-at="2018-05-30T15:30:57Z" finished-at="2018-05-30T15:30:57Z">
          <reporter-output>
          </reporter-output>
        </test-method> <!-- getUri -->
      </class> <!-- org.molgenis.web.PluginControllerTest -->
      <class name="org.molgenis.web.exception.ExceptionHandlerUtilsTest">
        <test-method status="PASS" signature="testHandleExceptionHtmlRequest()[pri:0, instance:org.molgenis.web.exception.ExceptionHandlerUtilsTest@10dfa7ef]" name="testHandleExceptionHtmlRequest" duration-ms="73" started-at="2018-05-30T15:30:58Z" finished-at="2018-05-30T15:30:58Z">
          <reporter-output>
          </reporter-output>
        </test-method> <!-- testHandleExceptionHtmlRequest -->
        <test-method status="PASS" signature="testHandleExceptionHtmlRequestDev()[pri:0, instance:org.molgenis.web.exception.ExceptionHandlerUtilsTest@10dfa7ef]" name="testHandleExceptionHtmlRequestDev" duration-ms="22" started-at="2018-05-30T15:30:58Z" finished-at="2018-05-30T15:30:58Z">
          <reporter-output>
          </reporter-output>
        </test-method> <!-- testHandleExceptionHtmlRequestDev -->
        <test-method status="PASS" signature="testHandleExceptionNonHtmlRequest()[pri:0, instance:org.molgenis.web.exception.ExceptionHandlerUtilsTest@10dfa7ef]" name="testHandleExceptionNonHtmlRequest" duration-ms="22" started-at="2018-05-30T15:30:58Z" finished-at="2018-05-30T15:30:58Z">
          <reporter-output>
          </reporter-output>
        </test-method> <!-- testHandleExceptionNonHtmlRequest -->
      </class> <!-- org.molgenis.web.exception.ExceptionHandlerUtilsTest -->
      <class name="org.molgenis.web.bootstrap.PluginPopulatorTest">
        <test-method status="PASS" signature="initMocks()[pri:0, instance:org.molgenis.web.bootstrap.PluginPopulatorTest@7af0d91b]" name="initMocks" is-config="true" duration-ms="53" started-at="2018-05-30T15:30:59Z" finished-at="2018-05-30T15:30:59Z">
          <reporter-output>
          </reporter-output>
        </test-method> <!-- initMocks -->
        <test-method status="PASS" signature="setUpBeforeMethod()[pri:0, instance:org.molgenis.web.bootstrap.PluginPopulatorTest@7af0d91b]" name="setUpBeforeMethod" is-config="true" duration-ms="1" started-at="2018-05-30T15:30:59Z" finished-at="2018-05-30T15:30:59Z">
          <reporter-output>
          </reporter-output>
        </test-method> <!-- setUpBeforeMethod -->
        <test-method status="PASS" signature="testPopulate()[pri:0, instance:org.molgenis.web.bootstrap.PluginPopulatorTest@7af0d91b]" name="testPopulate" duration-ms="99" started-at="2018-05-30T15:30:59Z" finished-at="2018-05-30T15:30:59Z">
          <reporter-output>
          </reporter-output>
        </test-method> <!-- testPopulate -->
        <test-method status="PASS" signature="tearDownAfterMethod()[pri:0, instance:org.molgenis.web.bootstrap.PluginPopulatorTest@7af0d91b]" name="tearDownAfterMethod" is-config="true" duration-ms="1" started-at="2018-05-30T15:30:59Z" finished-at="2018-05-30T15:30:59Z">
          <reporter-output>
          </reporter-output>
        </test-method> <!-- tearDownAfterMethod -->
      </class> <!-- org.molgenis.web.bootstrap.PluginPopulatorTest -->
    </test> <!-- Surefire test -->
  </suite> <!-- Surefire suite -->
</testng-results>
