<?xml version="1.0" encoding="UTF-8"?>
<testng-results skipped="0" failed="0" total="25" passed="25">
  <reporter-output>
  </reporter-output>
  <suite name="Surefire suite" duration-ms="2060" started-at="2018-05-30T12:44:40Z" finished-at="2018-05-30T12:44:42Z">
    <groups>
    </groups>
    <test name="Surefire test" duration-ms="2060" started-at="2018-05-30T12:44:40Z" finished-at="2018-05-30T12:44:42Z">
      <class name="org.molgenis.data.file.processor.AbstractCellProcessorTest">
        <test-method status="PASS" signature="setUp()[pri:0, instance:org.molgenis.data.file.processor.AbstractCellProcessorTest@35835fa]" name="setUp" is-config="true" duration-ms="771" started-at="2018-05-30T14:44:40Z" finished-at="2018-05-30T14:44:41Z">
          <reporter-output>
          </reporter-output>
        </test-method> <!-- setUp -->
        <test-method status="PASS" signature="processCell_data()[pri:0, instance:org.molgenis.data.file.processor.AbstractCellProcessorTest@35835fa]" name="processCell_data" duration-ms="6" started-at="2018-05-30T14:44:41Z" finished-at="2018-05-30T14:44:41Z">
          <reporter-output>
          </reporter-output>
        </test-method> <!-- processCell_data -->
        <test-method status="PASS" signature="processCell_header()[pri:0, instance:org.molgenis.data.file.processor.AbstractCellProcessorTest@35835fa]" name="processCell_header" duration-ms="1" started-at="2018-05-30T14:44:41Z" finished-at="2018-05-30T14:44:41Z">
          <reporter-output>
          </reporter-output>
        </test-method> <!-- processCell_header -->
        <test-method status="PASS" signature="setUp()[pri:0, instance:org.molgenis.data.file.processor.AbstractCellProcessorTest@35835fa]" name="setUp" is-config="true" duration-ms="0" started-at="2018-05-30T14:44:41Z" finished-at="2018-05-30T14:44:41Z">
          <reporter-output>
          </reporter-output>
        </test-method> <!-- setUp -->
        <test-method status="PASS" signature="setUp()[pri:0, instance:org.molgenis.data.file.processor.AbstractCellProcessorTest@35835fa]" name="setUp" is-config="true" duration-ms="1" started-at="2018-05-30T14:44:41Z" finished-at="2018-05-30T14:44:41Z">
          <reporter-output>
          </reporter-output>
        </test-method> <!-- setUp -->
        <test-method status="PASS" signature="processCell_null()[pri:0, instance:org.molgenis.data.file.processor.AbstractCellProcessorTest@35835fa]" name="processCell_null" duration-ms="0" started-at="2018-05-30T14:44:41Z" finished-at="2018-05-30T14:44:41Z">
          <reporter-output>
          </reporter-output>
        </test-method> <!-- processCell_null -->
      </class> <!-- org.molgenis.data.file.processor.AbstractCellProcessorTest -->
      <class name="org.molgenis.data.file.processor.LowerCaseProcessorTest">
        <test-method status="PASS" signature="process()[pri:0, instance:org.molgenis.data.file.processor.LowerCaseProcessorTest@6136998b]" name="process" duration-ms="1" started-at="2018-05-30T14:44:40Z" finished-at="2018-05-30T14:44:40Z">
          <reporter-output>
          </reporter-output>
        </test-method> <!-- process -->
        <test-method status="PASS" signature="processNull()[pri:0, instance:org.molgenis.data.file.processor.LowerCaseProcessorTest@6136998b]" name="processNull" duration-ms="0" started-at="2018-05-30T14:44:40Z" finished-at="2018-05-30T14:44:40Z">
          <reporter-output>
          </reporter-output>
        </test-method> <!-- processNull -->
      </class> <!-- org.molgenis.data.file.processor.LowerCaseProcessorTest -->
      <class name="org.molgenis.data.file.processor.MissingValueProcessorTest">
        <test-method status="PASS" signature="equals()[pri:0, instance:org.molgenis.data.file.processor.MissingValueProcessorTest@322803db]" name="equals" duration-ms="6" started-at="2018-05-30T14:44:40Z" finished-at="2018-05-30T14:44:40Z">
          <reporter-output>
          </reporter-output>
        </test-method> <!-- equals -->
        <test-method status="PASS" signature="process()[pri:0, instance:org.molgenis.data.file.processor.MissingValueProcessorTest@322803db]" name="process" duration-ms="0" started-at="2018-05-30T14:44:40Z" finished-at="2018-05-30T14:44:40Z">
          <reporter-output>
          </reporter-output>
        </test-method> <!-- process -->
        <test-method status="PASS" signature="processEmpty()[pri:0, instance:org.molgenis.data.file.processor.MissingValueProcessorTest@322803db]" name="processEmpty" duration-ms="0" started-at="2018-05-30T14:44:40Z" finished-at="2018-05-30T14:44:40Z">
          <reporter-output>
          </reporter-output>
        </test-method> <!-- processEmpty -->
        <test-method status="PASS" signature="processEmpty_processEmpty()[pri:0, instance:org.molgenis.data.file.processor.MissingValueProcessorTest@322803db]" name="processEmpty_processEmpty" duration-ms="1" started-at="2018-05-30T14:44:40Z" finished-at="2018-05-30T14:44:40Z">
          <reporter-output>
          </reporter-output>
        </test-method> <!-- processEmpty_processEmpty -->
        <test-method status="PASS" signature="processNull_processEmpty()[pri:0, instance:org.molgenis.data.file.processor.MissingValueProcessorTest@322803db]" name="processNull_processEmpty" duration-ms="1" started-at="2018-05-30T14:44:40Z" finished-at="2018-05-30T14:44:40Z">
          <reporter-output>
          </reporter-output>
        </test-method> <!-- processNull_processEmpty -->
        <test-method status="PASS" signature="processNull()[pri:0, instance:org.molgenis.data.file.processor.MissingValueProcessorTest@322803db]" name="processNull" duration-ms="0" started-at="2018-05-30T14:44:40Z" finished-at="2018-05-30T14:44:40Z">
          <reporter-output>
          </reporter-output>
        </test-method> <!-- processNull -->
        <test-method status="PASS" signature="process_processEmpty()[pri:0, instance:org.molgenis.data.file.processor.MissingValueProcessorTest@322803db]" name="process_processEmpty" duration-ms="0" started-at="2018-05-30T14:44:40Z" finished-at="2018-05-30T14:44:40Z">
          <reporter-output>
          </reporter-output>
        </test-method> <!-- process_processEmpty -->
      </class> <!-- org.molgenis.data.file.processor.MissingValueProcessorTest -->
      <class name="org.molgenis.data.file.processor.TrimProcessorTest">
        <test-method status="PASS" signature="process()[pri:0, instance:org.molgenis.data.file.processor.TrimProcessorTest@b8a7e43]" name="process" duration-ms="1" started-at="2018-05-30T14:44:41Z" finished-at="2018-05-30T14:44:41Z">
          <reporter-output>
          </reporter-output>
        </test-method> <!-- process -->
        <test-method status="PASS" signature="processNull()[pri:0, instance:org.molgenis.data.file.processor.TrimProcessorTest@b8a7e43]" name="processNull" duration-ms="0" started-at="2018-05-30T14:44:41Z" finished-at="2018-05-30T14:44:41Z">
          <reporter-output>
          </reporter-output>
        </test-method> <!-- processNull -->
      </class> <!-- org.molgenis.data.file.processor.TrimProcessorTest -->
      <class name="org.molgenis.data.file.FileMetaRepositoryDecoratorTest">
        <test-method status="PASS" signature="initMocks()[pri:0, instance:org.molgenis.data.file.FileMetaRepositoryDecoratorTest@545607f2]" name="initMocks" is-config="true" duration-ms="236" started-at="2018-05-30T14:44:41Z" finished-at="2018-05-30T14:44:41Z">
          <reporter-output>
          </reporter-output>
        </test-method> <!-- initMocks -->
        <test-method status="PASS" signature="setUpBeforeMethod()[pri:0, instance:org.molgenis.data.file.FileMetaRepositoryDecoratorTest@545607f2]" name="setUpBeforeMethod" is-config="true" duration-ms="278" started-at="2018-05-30T14:44:41Z" finished-at="2018-05-30T14:44:42Z">
          <reporter-output>
          </reporter-output>
        </test-method> <!-- setUpBeforeMethod -->
        <test-method status="PASS" signature="testAppRepositoryDecorator()[pri:0, instance:org.molgenis.data.file.FileMetaRepositoryDecoratorTest@545607f2]" name="testAppRepositoryDecorator" duration-ms="1" started-at="2018-05-30T14:44:42Z" finished-at="2018-05-30T14:44:42Z">
          <exception class="java.lang.NullPointerException">
            <full-stacktrace>
              <![CDATA[java.lang.NullPointerException
	at java.util.Objects.requireNonNull(Objects.java:203)
	at org.molgenis.data.AbstractRepositoryDecorator.<init>(AbstractRepositoryDecorator.java:28)
	at org.molgenis.data.file.FileMetaRepositoryDecorator.<init>(FileMetaRepositoryDecorator.java:25)
	at org.molgenis.data.file.FileMetaRepositoryDecoratorTest.testAppRepositoryDecorator(FileMetaRepositoryDecoratorTest.java:41)
	at sun.reflect.NativeMethodAccessorImpl.invoke0(Native Method)
	at sun.reflect.NativeMethodAccessorImpl.invoke(NativeMethodAccessorImpl.java:62)
	at sun.reflect.DelegatingMethodAccessorImpl.invoke(DelegatingMethodAccessorImpl.java:43)
	at java.lang.reflect.Method.invoke(Method.java:498)
	at org.testng.internal.MethodInvocationHelper.invokeMethod(MethodInvocationHelper.java:80)
	at org.testng.internal.Invoker.invokeMethod(Invoker.java:714)
	at org.testng.internal.Invoker.invokeTestMethod(Invoker.java:901)
	at org.testng.internal.Invoker.invokeTestMethods(Invoker.java:1231)
	at org.testng.internal.TestMethodWorker.invokeTestMethods(TestMethodWorker.java:127)
	at org.testng.internal.TestMethodWorker.run(TestMethodWorker.java:111)
	at org.testng.TestRunner.privateRun(TestRunner.java:767)
	at org.testng.TestRunner.run(TestRunner.java:617)
	at org.testng.SuiteRunner.runTest(SuiteRunner.java:334)
	at org.testng.SuiteRunner.runSequentially(SuiteRunner.java:329)
	at org.testng.SuiteRunner.privateRun(SuiteRunner.java:291)
	at org.testng.SuiteRunner.run(SuiteRunner.java:240)
	at org.testng.SuiteRunnerWorker.runSuite(SuiteRunnerWorker.java:52)
	at org.testng.SuiteRunnerWorker.run(SuiteRunnerWorker.java:86)
	at org.testng.TestNG.runSuitesSequentially(TestNG.java:1198)
	at org.testng.TestNG.runSuitesLocally(TestNG.java:1123)
	at org.testng.TestNG.run(TestNG.java:1031)
	at org.apache.maven.surefire.testng.TestNGExecutor.run(TestNGExecutor.java:135)
	at org.apache.maven.surefire.testng.TestNGDirectoryTestSuite.executeMulti(TestNGDirectoryTestSuite.java:193)
	at org.apache.maven.surefire.testng.TestNGDirectoryTestSuite.execute(TestNGDirectoryTestSuite.java:94)
	at org.apache.maven.surefire.testng.TestNGProvider.invoke(TestNGProvider.java:146)
	at org.apache.maven.surefire.booter.ForkedBooter.invokeProviderInSameClassLoader(ForkedBooter.java:379)
	at org.apache.maven.surefire.booter.ForkedBooter.runSuitesInProcess(ForkedBooter.java:340)
	at org.apache.maven.surefire.booter.ForkedBooter.execute(ForkedBooter.java:125)
	at org.apache.maven.surefire.booter.ForkedBooter.main(ForkedBooter.java:413)
]]>
            </full-stacktrace>
          </exception> <!-- java.lang.NullPointerException -->
          <reporter-output>
          </reporter-output>
        </test-method> <!-- testAppRepositoryDecorator -->
        <test-method status="PASS" signature="tearDownAfterMethod()[pri:0, instance:org.molgenis.data.file.FileMetaRepositoryDecoratorTest@545607f2]" name="tearDownAfterMethod" is-config="true" duration-ms="11" started-at="2018-05-30T14:44:42Z" finished-at="2018-05-30T14:44:42Z">
          <reporter-output>
          </reporter-output>
        </test-method> <!-- tearDownAfterMethod -->
        <test-method status="PASS" signature="initMocks()[pri:0, instance:org.molgenis.data.file.FileMetaRepositoryDecoratorTest@545607f2]" name="initMocks" is-config="true" duration-ms="2" started-at="2018-05-30T14:44:42Z" finished-at="2018-05-30T14:44:42Z">
          <reporter-output>
          </reporter-output>
        </test-method> <!-- initMocks -->
        <test-method status="PASS" signature="setUpBeforeMethod()[pri:0, instance:org.molgenis.data.file.FileMetaRepositoryDecoratorTest@545607f2]" name="setUpBeforeMethod" is-config="true" duration-ms="0" started-at="2018-05-30T14:44:42Z" finished-at="2018-05-30T14:44:42Z">
          <reporter-output>
          </reporter-output>
        </test-method> <!-- setUpBeforeMethod -->
        <test-method status="PASS" signature="testDelete()[pri:0, instance:org.molgenis.data.file.FileMetaRepositoryDecoratorTest@545607f2]" name="testDelete" duration-ms="221" started-at="2018-05-30T14:44:42Z" finished-at="2018-05-30T14:44:42Z">
          <reporter-output>
          </reporter-output>
        </test-method> <!-- testDelete -->
        <test-method status="PASS" signature="tearDownAfterMethod()[pri:0, instance:org.molgenis.data.file.FileMetaRepositoryDecoratorTest@545607f2]" name="tearDownAfterMethod" is-config="true" duration-ms="1" started-at="2018-05-30T14:44:42Z" finished-at="2018-05-30T14:44:42Z">
          <reporter-output>
          </reporter-output>
        </test-method> <!-- tearDownAfterMethod -->
        <test-method status="PASS" signature="initMocks()[pri:0, instance:org.molgenis.data.file.FileMetaRepositoryDecoratorTest@545607f2]" name="initMocks" is-config="true" duration-ms="1" started-at="2018-05-30T14:44:42Z" finished-at="2018-05-30T14:44:42Z">
          <reporter-output>
          </reporter-output>
        </test-method> <!-- initMocks -->
        <test-method status="PASS" signature="testDeleteAll()[pri:0, instance:org.molgenis.data.file.FileMetaRepositoryDecoratorTest@545607f2]" name="testDeleteAll" duration-ms="12" started-at="2018-05-30T14:44:42Z" finished-at="2018-05-30T14:44:42Z">
          <reporter-output>
          </reporter-output>
        </test-method> <!-- testDeleteAll -->
        <test-method status="PASS" signature="setUpBeforeMethod()[pri:0, instance:org.molgenis.data.file.FileMetaRepositoryDecoratorTest@545607f2]" name="setUpBeforeMethod" is-config="true" duration-ms="0" started-at="2018-05-30T14:44:42Z" finished-at="2018-05-30T14:44:42Z">
          <reporter-output>
          </reporter-output>
        </test-method> <!-- setUpBeforeMethod -->
        <test-method status="PASS" signature="tearDownAfterMethod()[pri:0, instance:org.molgenis.data.file.FileMetaRepositoryDecoratorTest@545607f2]" name="tearDownAfterMethod" is-config="true" duration-ms="0" started-at="2018-05-30T14:44:42Z" finished-at="2018-05-30T14:44:42Z">
          <reporter-output>
          </reporter-output>
        </test-method> <!-- tearDownAfterMethod -->
        <test-method status="PASS" signature="initMocks()[pri:0, instance:org.molgenis.data.file.FileMetaRepositoryDecoratorTest@545607f2]" name="initMocks" is-config="true" duration-ms="1" started-at="2018-05-30T14:44:42Z" finished-at="2018-05-30T14:44:42Z">
          <reporter-output>
          </reporter-output>
        </test-method> <!-- initMocks -->
        <test-method status="PASS" signature="testDeleteAllStream()[pri:0, instance:org.molgenis.data.file.FileMetaRepositoryDecoratorTest@545607f2]" name="testDeleteAllStream" duration-ms="10" started-at="2018-05-30T14:44:42Z" finished-at="2018-05-30T14:44:42Z">
          <reporter-output>
          </reporter-output>
        </test-method> <!-- testDeleteAllStream -->
        <test-method status="PASS" signature="setUpBeforeMethod()[pri:0, instance:org.molgenis.data.file.FileMetaRepositoryDecoratorTest@545607f2]" name="setUpBeforeMethod" is-config="true" duration-ms="0" started-at="2018-05-30T14:44:42Z" finished-at="2018-05-30T14:44:42Z">
          <reporter-output>
          </reporter-output>
        </test-method> <!-- setUpBeforeMethod -->
        <test-method status="PASS" signature="initMocks()[pri:0, instance:org.molgenis.data.file.FileMetaRepositoryDecoratorTest@545607f2]" name="initMocks" is-config="true" duration-ms="1" started-at="2018-05-30T14:44:42Z" finished-at="2018-05-30T14:44:42Z">
          <reporter-output>
          </reporter-output>
        </test-method> <!-- initMocks -->
        <test-method status="PASS" signature="tearDownAfterMethod()[pri:0, instance:org.molgenis.data.file.FileMetaRepositoryDecoratorTest@545607f2]" name="tearDownAfterMethod" is-config="true" duration-ms="0" started-at="2018-05-30T14:44:42Z" finished-at="2018-05-30T14:44:42Z">
          <reporter-output>
          </reporter-output>
        </test-method> <!-- tearDownAfterMethod -->
        <test-method status="PASS" signature="setUpBeforeMethod()[pri:0, instance:org.molgenis.data.file.FileMetaRepositoryDecoratorTest@545607f2]" name="setUpBeforeMethod" is-config="true" duration-ms="1" started-at="2018-05-30T14:44:42Z" finished-at="2018-05-30T14:44:42Z">
          <reporter-output>
          </reporter-output>
        </test-method> <!-- setUpBeforeMethod -->
        <test-method status="PASS" signature="testDeleteById()[pri:0, instance:org.molgenis.data.file.FileMetaRepositoryDecoratorTest@545607f2]" name="testDeleteById" duration-ms="1" started-at="2018-05-30T14:44:42Z" finished-at="2018-05-30T14:44:42Z">
          <reporter-output>
          </reporter-output>
        </test-method> <!-- testDeleteById -->
        <test-method status="PASS" signature="tearDownAfterMethod()[pri:0, instance:org.molgenis.data.file.FileMetaRepositoryDecoratorTest@545607f2]" name="tearDownAfterMethod" is-config="true" duration-ms="0" started-at="2018-05-30T14:44:42Z" finished-at="2018-05-30T14:44:42Z">
          <reporter-output>
          </reporter-output>
        </test-method> <!-- tearDownAfterMethod -->
        <test-method status="PASS" signature="initMocks()[pri:0, instance:org.molgenis.data.file.FileMetaRepositoryDecoratorTest@545607f2]" name="initMocks" is-config="true" duration-ms="1" started-at="2018-05-30T14:44:42Z" finished-at="2018-05-30T14:44:42Z">
          <reporter-output>
          </reporter-output>
        </test-method> <!-- initMocks -->
        <test-method status="PASS" signature="setUpBeforeMethod()[pri:0, instance:org.molgenis.data.file.FileMetaRepositoryDecoratorTest@545607f2]" name="setUpBeforeMethod" is-config="true" duration-ms="0" started-at="2018-05-30T14:44:42Z" finished-at="2018-05-30T14:44:42Z">
          <reporter-output>
          </reporter-output>
        </test-method> <!-- setUpBeforeMethod -->
        <test-method status="PASS" signature="testDeleteByIdUnknownId()[pri:0, instance:org.molgenis.data.file.FileMetaRepositoryDecoratorTest@545607f2]" name="testDeleteByIdUnknownId" duration-ms="415" started-at="2018-05-30T14:44:42Z" finished-at="2018-05-30T14:44:42Z">
          <exception class="org.molgenis.data.UnknownEntityException">
            <message>
              <![CDATA[type:sys_file_FileMeta id:id attribute:idAttribute]]>
            </message>
            <full-stacktrace>
              <![CDATA[org.molgenis.data.UnknownEntityException: FAILED TO FORMAT LOCALIZED MESSAGE FOR ERROR CODE D02.%nFallback message: type:sys_file_FileMeta id:id attribute:idAttribute
	at org.molgenis.data.file.FileMetaRepositoryDecorator.getFileMeta(FileMetaRepositoryDecorator.java:84)
	at org.molgenis.data.file.FileMetaRepositoryDecorator.deleteById(FileMetaRepositoryDecorator.java:39)
	at org.molgenis.data.file.FileMetaRepositoryDecoratorTest.testDeleteByIdUnknownId(FileMetaRepositoryDecoratorTest.java:85)
	at sun.reflect.NativeMethodAccessorImpl.invoke0(Native Method)
	at sun.reflect.NativeMethodAccessorImpl.invoke(NativeMethodAccessorImpl.java:62)
	at sun.reflect.DelegatingMethodAccessorImpl.invoke(DelegatingMethodAccessorImpl.java:43)
	at java.lang.reflect.Method.invoke(Method.java:498)
	at org.testng.internal.MethodInvocationHelper.invokeMethod(MethodInvocationHelper.java:80)
	at org.testng.internal.Invoker.invokeMethod(Invoker.java:714)
	at org.testng.internal.Invoker.invokeTestMethod(Invoker.java:901)
	at org.testng.internal.Invoker.invokeTestMethods(Invoker.java:1231)
	at org.testng.internal.TestMethodWorker.invokeTestMethods(TestMethodWorker.java:127)
	at org.testng.internal.TestMethodWorker.run(TestMethodWorker.java:111)
	at org.testng.TestRunner.privateRun(TestRunner.java:767)
	at org.testng.TestRunner.run(TestRunner.java:617)
	at org.testng.SuiteRunner.runTest(SuiteRunner.java:334)
	at org.testng.SuiteRunner.runSequentially(SuiteRunner.java:329)
	at org.testng.SuiteRunner.privateRun(SuiteRunner.java:291)
	at org.testng.SuiteRunner.run(SuiteRunner.java:240)
	at org.testng.SuiteRunnerWorker.runSuite(SuiteRunnerWorker.java:52)
	at org.testng.SuiteRunnerWorker.run(SuiteRunnerWorker.java:86)
	at org.testng.TestNG.runSuitesSequentially(TestNG.java:1198)
	at org.testng.TestNG.runSuitesLocally(TestNG.java:1123)
	at org.testng.TestNG.run(TestNG.java:1031)
	at org.apache.maven.surefire.testng.TestNGExecutor.run(TestNGExecutor.java:135)
	at org.apache.maven.surefire.testng.TestNGDirectoryTestSuite.executeMulti(TestNGDirectoryTestSuite.java:193)
	at org.apache.maven.surefire.testng.TestNGDirectoryTestSuite.execute(TestNGDirectoryTestSuite.java:94)
	at org.apache.maven.surefire.testng.TestNGProvider.invoke(TestNGProvider.java:146)
	at org.apache.maven.surefire.booter.ForkedBooter.invokeProviderInSameClassLoader(ForkedBooter.java:379)
	at org.apache.maven.surefire.booter.ForkedBooter.runSuitesInProcess(ForkedBooter.java:340)
	at org.apache.maven.surefire.booter.ForkedBooter.execute(ForkedBooter.java:125)
	at org.apache.maven.surefire.booter.ForkedBooter.main(ForkedBooter.java:413)
]]>
            </full-stacktrace>
          </exception> <!-- org.molgenis.data.UnknownEntityException -->
          <reporter-output>
          </reporter-output>
        </test-method> <!-- testDeleteByIdUnknownId -->
        <test-method status="PASS" signature="tearDownAfterMethod()[pri:0, instance:org.molgenis.data.file.FileMetaRepositoryDecoratorTest@545607f2]" name="tearDownAfterMethod" is-config="true" duration-ms="1" started-at="2018-05-30T14:44:42Z" finished-at="2018-05-30T14:44:42Z">
          <reporter-output>
          </reporter-output>
        </test-method> <!-- tearDownAfterMethod -->
        <test-method status="PASS" signature="initMocks()[pri:0, instance:org.molgenis.data.file.FileMetaRepositoryDecoratorTest@545607f2]" name="initMocks" is-config="true" duration-ms="1" started-at="2018-05-30T14:44:42Z" finished-at="2018-05-30T14:44:42Z">
          <reporter-output>
          </reporter-output>
        </test-method> <!-- initMocks -->
        <test-method status="PASS" signature="setUpBeforeMethod()[pri:0, instance:org.molgenis.data.file.FileMetaRepositoryDecoratorTest@545607f2]" name="setUpBeforeMethod" is-config="true" duration-ms="0" started-at="2018-05-30T14:44:42Z" finished-at="2018-05-30T14:44:42Z">
          <reporter-output>
          </reporter-output>
        </test-method> <!-- setUpBeforeMethod -->
        <test-method status="PASS" signature="testDeleteStream()[pri:0, instance:org.molgenis.data.file.FileMetaRepositoryDecoratorTest@545607f2]" name="testDeleteStream" duration-ms="3" started-at="2018-05-30T14:44:42Z" finished-at="2018-05-30T14:44:42Z">
          <reporter-output>
          </reporter-output>
        </test-method> <!-- testDeleteStream -->
        <test-method status="PASS" signature="tearDownAfterMethod()[pri:0, instance:org.molgenis.data.file.FileMetaRepositoryDecoratorTest@545607f2]" name="tearDownAfterMethod" is-config="true" duration-ms="0" started-at="2018-05-30T14:44:42Z" finished-at="2018-05-30T14:44:42Z">
          <reporter-output>
          </reporter-output>
        </test-method> <!-- tearDownAfterMethod -->
      </class> <!-- org.molgenis.data.file.FileMetaRepositoryDecoratorTest -->
      <class name="org.molgenis.data.file.FileStoreTest">
        <test-method status="PASS" signature="beforeTest()[pri:0, instance:org.molgenis.data.file.FileStoreTest@57ce634f]" name="beforeTest" is-config="true" duration-ms="32" started-at="2018-05-30T14:44:40Z" finished-at="2018-05-30T14:44:40Z">
          <reporter-output>
          </reporter-output>
        </test-method> <!-- beforeTest -->
        <test-method status="PASS" signature="FileStore()[pri:0, instance:org.molgenis.data.file.FileStoreTest@57ce634f]" name="FileStore" duration-ms="1" started-at="2018-05-30T14:44:42Z" finished-at="2018-05-30T14:44:42Z">
          <exception class="java.lang.IllegalArgumentException">
            <message>
              <![CDATA[storage dir is null]]>
            </message>
            <full-stacktrace>
              <![CDATA[java.lang.IllegalArgumentException: storage dir is null
	at org.molgenis.data.file.FileStore.<init>(FileStore.java:19)
	at org.molgenis.data.file.FileStoreTest.FileStore(FileStoreTest.java:28)
	at sun.reflect.NativeMethodAccessorImpl.invoke0(Native Method)
	at sun.reflect.NativeMethodAccessorImpl.invoke(NativeMethodAccessorImpl.java:62)
	at sun.reflect.DelegatingMethodAccessorImpl.invoke(DelegatingMethodAccessorImpl.java:43)
	at java.lang.reflect.Method.invoke(Method.java:498)
	at org.testng.internal.MethodInvocationHelper.invokeMethod(MethodInvocationHelper.java:80)
	at org.testng.internal.Invoker.invokeMethod(Invoker.java:714)
	at org.testng.internal.Invoker.invokeTestMethod(Invoker.java:901)
	at org.testng.internal.Invoker.invokeTestMethods(Invoker.java:1231)
	at org.testng.internal.TestMethodWorker.invokeTestMethods(TestMethodWorker.java:127)
	at org.testng.internal.TestMethodWorker.run(TestMethodWorker.java:111)
	at org.testng.TestRunner.privateRun(TestRunner.java:767)
	at org.testng.TestRunner.run(TestRunner.java:617)
	at org.testng.SuiteRunner.runTest(SuiteRunner.java:334)
	at org.testng.SuiteRunner.runSequentially(SuiteRunner.java:329)
	at org.testng.SuiteRunner.privateRun(SuiteRunner.java:291)
	at org.testng.SuiteRunner.run(SuiteRunner.java:240)
	at org.testng.SuiteRunnerWorker.runSuite(SuiteRunnerWorker.java:52)
	at org.testng.SuiteRunnerWorker.run(SuiteRunnerWorker.java:86)
	at org.testng.TestNG.runSuitesSequentially(TestNG.java:1198)
	at org.testng.TestNG.runSuitesLocally(TestNG.java:1123)
	at org.testng.TestNG.run(TestNG.java:1031)
	at org.apache.maven.surefire.testng.TestNGExecutor.run(TestNGExecutor.java:135)
	at org.apache.maven.surefire.testng.TestNGDirectoryTestSuite.executeMulti(TestNGDirectoryTestSuite.java:193)
	at org.apache.maven.surefire.testng.TestNGDirectoryTestSuite.execute(TestNGDirectoryTestSuite.java:94)
	at org.apache.maven.surefire.testng.TestNGProvider.invoke(TestNGProvider.java:146)
	at org.apache.maven.surefire.booter.ForkedBooter.invokeProviderInSameClassLoader(ForkedBooter.java:379)
	at org.apache.maven.surefire.booter.ForkedBooter.runSuitesInProcess(ForkedBooter.java:340)
	at org.apache.maven.surefire.booter.ForkedBooter.execute(ForkedBooter.java:125)
	at org.apache.maven.surefire.booter.ForkedBooter.main(ForkedBooter.java:413)
]]>
            </full-stacktrace>
          </exception> <!-- java.lang.IllegalArgumentException -->
          <reporter-output>
          </reporter-output>
        </test-method> <!-- FileStore -->
        <test-method status="PASS" signature="createDirectory()[pri:0, instance:org.molgenis.data.file.FileStoreTest@57ce634f]" name="createDirectory" duration-ms="0" started-at="2018-05-30T14:44:42Z" finished-at="2018-05-30T14:44:42Z">
          <reporter-output>
          </reporter-output>
        </test-method> <!-- createDirectory -->
        <test-method status="PASS" signature="getFile()[pri:0, instance:org.molgenis.data.file.FileStoreTest@57ce634f]" name="getFile" duration-ms="7" started-at="2018-05-30T14:44:42Z" finished-at="2018-05-30T14:44:42Z">
          <reporter-output>
          </reporter-output>
        </test-method> <!-- getFile -->
        <test-method status="PASS" signature="store()[pri:0, instance:org.molgenis.data.file.FileStoreTest@57ce634f]" name="store" duration-ms="9" started-at="2018-05-30T14:44:42Z" finished-at="2018-05-30T14:44:42Z">
          <reporter-output>
          </reporter-output>
        </test-method> <!-- store -->
      </class> <!-- org.molgenis.data.file.FileStoreTest -->
    </test> <!-- Surefire test -->
  </suite> <!-- Surefire suite -->
</testng-results>
