<?xml version="1.0" encoding="UTF-8"?><testsuite failures="1" name="cucumber.runtime.formatter.JUnitFormatter" skipped="0" tests="1" time="0.139883">
<testcase classname="First feature" name="Etsy Login" time="0.139883">
<failure message="java.lang.IllegalArgumentException: /root/workspace/mooltipass/extension/402957381/sauce_labs_tests/chrome_extension.crx does not exist&#10;&#9;at com.google.common.base.Preconditions.checkArgument(Preconditions.java:210)&#10;&#9;at org.openqa.selenium.chrome.ChromeOptions.addExtensions(ChromeOptions.java:166)&#10;&#9;at org.openqa.selenium.chrome.ChromeOptions.addExtensions(ChromeOptions.java:153)&#10;&#9;at mooltipass.automatedTests.config.WebDriverFactory.remoteChrome(WebDriverFactory.java:85)&#10;&#9;at mooltipass.automatedTests.config.WebDriverFactory.createDriver(WebDriverFactory.java:178)&#10;&#9;at mooltipass.automatedTests.config.WebDriverFactory.get(WebDriverFactory.java:35)&#10;&#9;at mooltipass.automatedTests.config.WebDriverFactory.get(WebDriverFactory.java:41)&#10;&#9;at mooltipass.automatedTests.config.BeforeAfter.getNewBrowser(BeforeAfter.java:45)&#10;&#9;at mooltipass.automatedTests.config.BeforeAfter.beforeScenario(BeforeAfter.java:22)&#10;&#9;at sun.reflect.NativeMethodAccessorImpl.invoke0(Native Method)&#10;&#9;at sun.reflect.NativeMethodAccessorImpl.invoke(NativeMethodAccessorImpl.java:62)&#10;&#9;at sun.reflect.DelegatingMethodAccessorImpl.invoke(DelegatingMethodAccessorImpl.java:43)&#10;&#9;at java.lang.reflect.Method.invoke(Method.java:498)&#10;&#9;at cucumber.runtime.Utils$1.call(Utils.java:37)&#10;&#9;at cucumber.runtime.Timeout.timeout(Timeout.java:13)&#10;&#9;at cucumber.runtime.Utils.invoke(Utils.java:31)&#10;&#9;at cucumber.runtime.java.JavaHookDefinition.execute(JavaHookDefinition.java:60)&#10;&#9;at cucumber.runtime.Runtime.runHookIfTagsMatch(Runtime.java:223)&#10;&#9;at cucumber.runtime.Runtime.runHooks(Runtime.java:211)&#10;&#9;at cucumber.runtime.Runtime.runBeforeHooks(Runtime.java:201)&#10;&#9;at cucumber.runtime.model.CucumberScenario.run(CucumberScenario.java:40)&#10;&#9;at cucumber.runtime.junit.ExecutionUnitRunner.run(ExecutionUnitRunner.java:91)&#10;&#9;at cucumber.runtime.junit.FeatureRunner.runChild(FeatureRunner.java:63)&#10;&#9;at cucumber.runtime.junit.FeatureRunner.runChild(FeatureRunner.java:18)&#10;&#9;at org.junit.runners.ParentRunner$3.run(ParentRunner.java:290)&#10;&#9;at org.junit.runners.ParentRunner$1.schedule(ParentRunner.java:71)&#10;&#9;at org.junit.runners.ParentRunner.runChildren(ParentRunner.java:288)&#10;&#9;at org.junit.runners.ParentRunner.access$000(ParentRunner.java:58)&#10;&#9;at org.junit.runners.ParentRunner$2.evaluate(ParentRunner.java:268)&#10;&#9;at org.junit.runners.ParentRunner.run(ParentRunner.java:363)&#10;&#9;at cucumber.runtime.junit.FeatureRunner.run(FeatureRunner.java:70)&#10;&#9;at cucumber.api.junit.Cucumber.runChild(Cucumber.java:93)&#10;&#9;at cucumber.api.junit.Cucumber.runChild(Cucumber.java:37)&#10;&#9;at org.junit.runners.ParentRunner$3.run(ParentRunner.java:290)&#10;&#9;at org.junit.runners.ParentRunner$1.schedule(ParentRunner.java:71)&#10;&#9;at org.junit.runners.ParentRunner.runChildren(ParentRunner.java:288)&#10;&#9;at org.junit.runners.ParentRunner.access$000(ParentRunner.java:58)&#10;&#9;at org.junit.runners.ParentRunner$2.evaluate(ParentRunner.java:268)&#10;&#9;at org.junit.runners.ParentRunner.run(ParentRunner.java:363)&#10;&#9;at cucumber.api.junit.Cucumber.run(Cucumber.java:98)&#10;&#9;at org.apache.maven.surefire.junit4.JUnit4Provider.execute(JUnit4Provider.java:252)&#10;&#9;at org.apache.maven.surefire.junit4.JUnit4Provider.executeTestSet(JUnit4Provider.java:141)&#10;&#9;at org.apache.maven.surefire.junit4.JUnit4Provider.invoke(JUnit4Provider.java:112)&#10;&#9;at sun.reflect.NativeMethodAccessorImpl.invoke0(Native Method)&#10;&#9;at sun.reflect.NativeMethodAccessorImpl.invoke(NativeMethodAccessorImpl.java:62)&#10;&#9;at sun.reflect.DelegatingMethodAccessorImpl.invoke(DelegatingMethodAccessorImpl.java:43)&#10;&#9;at java.lang.reflect.Method.invoke(Method.java:498)&#10;&#9;at org.apache.maven.surefire.util.ReflectionUtils.invokeMethodWithArray(ReflectionUtils.java:189)&#10;&#9;at org.apache.maven.surefire.booter.ProviderFactory$ProviderProxy.invoke(ProviderFactory.java:165)&#10;&#9;at org.apache.maven.surefire.booter.ProviderFactory.invokeProvider(ProviderFactory.java:85)&#10;&#9;at org.apache.maven.surefire.booter.ForkedBooter.runSuitesInProcess(ForkedBooter.java:115)&#10;&#9;at org.apache.maven.surefire.booter.ForkedBooter.main(ForkedBooter.java:75)&#10;"><![CDATA[Given I navigate to 'http://etsy_login.mooltipass-tests.com/ci/etsy_login/'.skipped
When I go to Etsy login page................................................skipped
When I login to Etsy Login with 'mooltipass'................................skipped
Then I should be logged in Etsy Login.......................................skipped
Given I navigate to 'http://etsy_login.mooltipass-tests.com/ci/etsy_login/'.skipped
When I go to Etsy login page................................................skipped
Then I should be logged in Etsy Login.......................................skipped

StackTrace:
java.lang.IllegalArgumentException: /root/workspace/mooltipass/extension/402957381/sauce_labs_tests/chrome_extension.crx does not exist
	at com.google.common.base.Preconditions.checkArgument(Preconditions.java:210)
	at org.openqa.selenium.chrome.ChromeOptions.addExtensions(ChromeOptions.java:166)
	at org.openqa.selenium.chrome.ChromeOptions.addExtensions(ChromeOptions.java:153)
	at mooltipass.automatedTests.config.WebDriverFactory.remoteChrome(WebDriverFactory.java:85)
	at mooltipass.automatedTests.config.WebDriverFactory.createDriver(WebDriverFactory.java:178)
	at mooltipass.automatedTests.config.WebDriverFactory.get(WebDriverFactory.java:35)
	at mooltipass.automatedTests.config.WebDriverFactory.get(WebDriverFactory.java:41)
	at mooltipass.automatedTests.config.BeforeAfter.getNewBrowser(BeforeAfter.java:45)
	at mooltipass.automatedTests.config.BeforeAfter.beforeScenario(BeforeAfter.java:22)
	at sun.reflect.NativeMethodAccessorImpl.invoke0(Native Method)
	at sun.reflect.NativeMethodAccessorImpl.invoke(NativeMethodAccessorImpl.java:62)
	at sun.reflect.DelegatingMethodAccessorImpl.invoke(DelegatingMethodAccessorImpl.java:43)
	at java.lang.reflect.Method.invoke(Method.java:498)
	at cucumber.runtime.Utils$1.call(Utils.java:37)
	at cucumber.runtime.Timeout.timeout(Timeout.java:13)
	at cucumber.runtime.Utils.invoke(Utils.java:31)
	at cucumber.runtime.java.JavaHookDefinition.execute(JavaHookDefinition.java:60)
	at cucumber.runtime.Runtime.runHookIfTagsMatch(Runtime.java:223)
	at cucumber.runtime.Runtime.runHooks(Runtime.java:211)
	at cucumber.runtime.Runtime.runBeforeHooks(Runtime.java:201)
	at cucumber.runtime.model.CucumberScenario.run(CucumberScenario.java:40)
	at cucumber.runtime.junit.ExecutionUnitRunner.run(ExecutionUnitRunner.java:91)
	at cucumber.runtime.junit.FeatureRunner.runChild(FeatureRunner.java:63)
	at cucumber.runtime.junit.FeatureRunner.runChild(FeatureRunner.java:18)
	at org.junit.runners.ParentRunner$3.run(ParentRunner.java:290)
	at org.junit.runners.ParentRunner$1.schedule(ParentRunner.java:71)
	at org.junit.runners.ParentRunner.runChildren(ParentRunner.java:288)
	at org.junit.runners.ParentRunner.access$000(ParentRunner.java:58)
	at org.junit.runners.ParentRunner$2.evaluate(ParentRunner.java:268)
	at org.junit.runners.ParentRunner.run(ParentRunner.java:363)
	at cucumber.runtime.junit.FeatureRunner.run(FeatureRunner.java:70)
	at cucumber.api.junit.Cucumber.runChild(Cucumber.java:93)
	at cucumber.api.junit.Cucumber.runChild(Cucumber.java:37)
	at org.junit.runners.ParentRunner$3.run(ParentRunner.java:290)
	at org.junit.runners.ParentRunner$1.schedule(ParentRunner.java:71)
	at org.junit.runners.ParentRunner.runChildren(ParentRunner.java:288)
	at org.junit.runners.ParentRunner.access$000(ParentRunner.java:58)
	at org.junit.runners.ParentRunner$2.evaluate(ParentRunner.java:268)
	at org.junit.runners.ParentRunner.run(ParentRunner.java:363)
	at cucumber.api.junit.Cucumber.run(Cucumber.java:98)
	at org.apache.maven.surefire.junit4.JUnit4Provider.execute(JUnit4Provider.java:252)
	at org.apache.maven.surefire.junit4.JUnit4Provider.executeTestSet(JUnit4Provider.java:141)
	at org.apache.maven.surefire.junit4.JUnit4Provider.invoke(JUnit4Provider.java:112)
	at sun.reflect.NativeMethodAccessorImpl.invoke0(Native Method)
	at sun.reflect.NativeMethodAccessorImpl.invoke(NativeMethodAccessorImpl.java:62)
	at sun.reflect.DelegatingMethodAccessorImpl.invoke(DelegatingMethodAccessorImpl.java:43)
	at java.lang.reflect.Method.invoke(Method.java:498)
	at org.apache.maven.surefire.util.ReflectionUtils.invokeMethodWithArray(ReflectionUtils.java:189)
	at org.apache.maven.surefire.booter.ProviderFactory$ProviderProxy.invoke(ProviderFactory.java:165)
	at org.apache.maven.surefire.booter.ProviderFactory.invokeProvider(ProviderFactory.java:85)
	at org.apache.maven.surefire.booter.ForkedBooter.runSuitesInProcess(ForkedBooter.java:115)
	at org.apache.maven.surefire.booter.ForkedBooter.main(ForkedBooter.java:75)
]]></failure>
</testcase>
</testsuite>
