<?xml version="1.0" encoding="UTF-8"?>
<!-- Generated by org.testng.reporters.JUnitXMLReporter -->
<testsuite hostname="spirals-vortex.lille.inria.fr" ignored="0" name="Command line test" tests="7" failures="0" timestamp="05 Mar 2018 13:45:54 GMT" time="0.073" errors="0">
  <testcase name="@BeforeClass setup" time="0.052" classname="TestCourse.BaseTest">
    <failure type="java.lang.IllegalStateException" message="The driver is not executable: /root/workspace/niken725/test-course/349296291/chromedriver.exe">
      <![CDATA[java.lang.IllegalStateException: The driver is not executable: /root/workspace/niken725/test-course/349296291/chromedriver.exeat com.google.common.base.Preconditions.checkState(Preconditions.java:534)at org.openqa.selenium.remote.service.DriverService.checkExecutable(DriverService.java:140)at org.openqa.selenium.remote.service.DriverService.findExecutable(DriverService.java:131)at org.openqa.selenium.chrome.ChromeDriverService.access$000(ChromeDriverService.java:32)at org.openqa.selenium.chrome.ChromeDriverService$Builder.findDefaultExecutable(ChromeDriverService.java:137)at org.openqa.selenium.remote.service.DriverService$Builder.build(DriverService.java:339)at org.openqa.selenium.chrome.ChromeDriverService.createDefaultService(ChromeDriverService.java:88)at org.openqa.selenium.chrome.ChromeDriver.<init>(ChromeDriver.java:123)at TestCourse.BaseTest.setup(BaseTest.java:18)... Removed 36 stack frames]]>
    </failure>
  </testcase> <!-- @BeforeClass setup -->
  <testcase name="@BeforeClass beforeTest" time="0.0" classname="TestCourse.MarketTest">
    <skipped/>
  </testcase> <!-- @BeforeClass beforeTest -->
  <testcase name="@AfterClass tearDown" time="0.0" classname="TestCourse.BaseTest">
    <skipped/>
  </testcase> <!-- @AfterClass tearDown -->
  <testcase name="@BeforeClass setup" time="0.0" classname="TestCourse.BaseTest">
    <skipped/>
  </testcase> <!-- @BeforeClass setup -->
  <testcase name="@BeforeClass beforeTest" time="0.0" classname="TestCourse.LngTest">
    <skipped/>
  </testcase> <!-- @BeforeClass beforeTest -->
  <testcase name="@AfterClass tearDown" time="0.0" classname="TestCourse.BaseTest">
    <skipped/>
  </testcase> <!-- @AfterClass tearDown -->
  <testcase name="@BeforeClass setup" time="0.0" classname="TestCourse.BaseTest">
    <skipped/>
  </testcase> <!-- @BeforeClass setup -->
  <testcase name="@BeforeClass beforeTest" time="0.0" classname="TestCourse.YaTest">
    <skipped/>
  </testcase> <!-- @BeforeClass beforeTest -->
  <testcase name="@AfterClass tearDown" time="0.0" classname="TestCourse.BaseTest">
    <skipped/>
  </testcase> <!-- @AfterClass tearDown -->
  <testcase name="marketTest" time="0.0" classname="TestCourse.MarketTest">
    <skipped/>
  </testcase> <!-- marketTest -->
  <testcase name="sortPriceAscIconTest" time="0.0" classname="TestCourse.MarketTest">
    <skipped/>
  </testcase> <!-- sortPriceAscIconTest -->
  <testcase name="sortPriceAscTest" time="0.0" classname="TestCourse.MarketTest">
    <skipped/>
  </testcase> <!-- sortPriceAscTest -->
  <testcase name="sortPriceDescIconTest" time="0.0" classname="TestCourse.MarketTest">
    <skipped/>
  </testcase> <!-- sortPriceDescIconTest -->
  <testcase name="sortPriceDescTest" time="0.0" classname="TestCourse.MarketTest">
    <skipped/>
  </testcase> <!-- sortPriceDescTest -->
  <testcase name="lngTest" time="0.0" classname="TestCourse.LngTest">
    <skipped/>
  </testcase> <!-- lngTest -->
  <testcase name="searchTest" time="0.0" classname="TestCourse.YaTest">
    <skipped/>
  </testcase> <!-- searchTest -->
</testsuite> <!-- Command line test -->
