<?xml version="1.0" encoding="UTF-8"?>
<testng-results skipped="0" failed="0" total="25" passed="25">
  <reporter-output>
  </reporter-output>
  <suite name="Surefire suite" duration-ms="5298" started-at="2018-06-01T11:19:37Z" finished-at="2018-06-01T11:19:42Z">
    <groups>
    </groups>
    <test name="Surefire test" duration-ms="5298" started-at="2018-06-01T11:19:37Z" finished-at="2018-06-01T11:19:42Z">
      <class name="org.molgenis.app.manager.service.AppManagerServiceTest">
        <test-method status="PASS" signature="beforeClass()[pri:0, instance:org.molgenis.app.manager.service.AppManagerServiceTest@19eea77c]" name="beforeClass" is-config="true" duration-ms="79" started-at="2018-06-01T13:19:37Z" finished-at="2018-06-01T13:19:37Z">
          <reporter-output>
          </reporter-output>
        </test-method> <!-- beforeClass -->
        <test-method status="PASS" signature="beforeMethod()[pri:0, instance:org.molgenis.app.manager.service.AppManagerServiceTest@19eea77c]" name="beforeMethod" is-config="true" duration-ms="1509" started-at="2018-06-01T13:19:37Z" finished-at="2018-06-01T13:19:38Z">
          <reporter-output>
          </reporter-output>
        </test-method> <!-- beforeMethod -->
        <test-method status="PASS" signature="testActivateApp()[pri:0, instance:org.molgenis.app.manager.service.AppManagerServiceTest@19eea77c]" name="testActivateApp" duration-ms="115" started-at="2018-06-01T13:19:38Z" finished-at="2018-06-01T13:19:38Z">
          <reporter-output>
          </reporter-output>
        </test-method> <!-- testActivateApp -->
        <test-method status="PASS" signature="beforeMethod()[pri:0, instance:org.molgenis.app.manager.service.AppManagerServiceTest@19eea77c]" name="beforeMethod" is-config="true" duration-ms="2" started-at="2018-06-01T13:19:38Z" finished-at="2018-06-01T13:19:38Z">
          <reporter-output>
          </reporter-output>
        </test-method> <!-- beforeMethod -->
        <test-method status="PASS" signature="testAppIdDoesNotExist()[pri:0, instance:org.molgenis.app.manager.service.AppManagerServiceTest@19eea77c]" name="testAppIdDoesNotExist" duration-ms="3" started-at="2018-06-01T13:19:38Z" finished-at="2018-06-01T13:19:38Z">
          <reporter-output>
          </reporter-output>
        </test-method> <!-- testAppIdDoesNotExist -->
        <test-method status="PASS" signature="beforeMethod()[pri:0, instance:org.molgenis.app.manager.service.AppManagerServiceTest@19eea77c]" name="beforeMethod" is-config="true" duration-ms="1" started-at="2018-06-01T13:19:38Z" finished-at="2018-06-01T13:19:38Z">
          <reporter-output>
          </reporter-output>
        </test-method> <!-- beforeMethod -->
        <test-method status="PASS" signature="testAppUriDoesNotExist()[pri:0, instance:org.molgenis.app.manager.service.AppManagerServiceTest@19eea77c]" name="testAppUriDoesNotExist" duration-ms="6" started-at="2018-06-01T13:19:38Z" finished-at="2018-06-01T13:19:38Z">
          <reporter-output>
          </reporter-output>
        </test-method> <!-- testAppUriDoesNotExist -->
        <test-method status="PASS" signature="beforeMethod()[pri:0, instance:org.molgenis.app.manager.service.AppManagerServiceTest@19eea77c]" name="beforeMethod" is-config="true" duration-ms="2" started-at="2018-06-01T13:19:38Z" finished-at="2018-06-01T13:19:38Z">
          <reporter-output>
          </reporter-output>
        </test-method> <!-- beforeMethod -->
        <test-method status="PASS" signature="testDeactivateApp()[pri:0, instance:org.molgenis.app.manager.service.AppManagerServiceTest@19eea77c]" name="testDeactivateApp" duration-ms="1" started-at="2018-06-01T13:19:38Z" finished-at="2018-06-01T13:19:38Z">
          <reporter-output>
          </reporter-output>
        </test-method> <!-- testDeactivateApp -->
        <test-method status="PASS" signature="beforeMethod()[pri:0, instance:org.molgenis.app.manager.service.AppManagerServiceTest@19eea77c]" name="beforeMethod" is-config="true" duration-ms="2" started-at="2018-06-01T13:19:38Z" finished-at="2018-06-01T13:19:38Z">
          <reporter-output>
          </reporter-output>
        </test-method> <!-- beforeMethod -->
        <test-method status="PASS" signature="testDeleteApp()[pri:0, instance:org.molgenis.app.manager.service.AppManagerServiceTest@19eea77c]" name="testDeleteApp" duration-ms="9" started-at="2018-06-01T13:19:38Z" finished-at="2018-06-01T13:19:38Z">
          <reporter-output>
          </reporter-output>
        </test-method> <!-- testDeleteApp -->
        <test-method status="PASS" signature="beforeMethod()[pri:0, instance:org.molgenis.app.manager.service.AppManagerServiceTest@19eea77c]" name="beforeMethod" is-config="true" duration-ms="1" started-at="2018-06-01T13:19:38Z" finished-at="2018-06-01T13:19:38Z">
          <reporter-output>
          </reporter-output>
        </test-method> <!-- beforeMethod -->
        <test-method status="PASS" signature="testGetAppByUri()[pri:0, instance:org.molgenis.app.manager.service.AppManagerServiceTest@19eea77c]" name="testGetAppByUri" duration-ms="3" started-at="2018-06-01T13:19:38Z" finished-at="2018-06-01T13:19:38Z">
          <reporter-output>
          </reporter-output>
        </test-method> <!-- testGetAppByUri -->
        <test-method status="PASS" signature="beforeMethod()[pri:0, instance:org.molgenis.app.manager.service.AppManagerServiceTest@19eea77c]" name="beforeMethod" is-config="true" duration-ms="2" started-at="2018-06-01T13:19:38Z" finished-at="2018-06-01T13:19:38Z">
          <reporter-output>
          </reporter-output>
        </test-method> <!-- beforeMethod -->
        <test-method status="PASS" signature="testGetApps()[pri:0, instance:org.molgenis.app.manager.service.AppManagerServiceTest@19eea77c]" name="testGetApps" duration-ms="13" started-at="2018-06-01T13:19:38Z" finished-at="2018-06-01T13:19:38Z">
          <reporter-output>
          </reporter-output>
        </test-method> <!-- testGetApps -->
        <test-method status="PASS" signature="beforeMethod()[pri:0, instance:org.molgenis.app.manager.service.AppManagerServiceTest@19eea77c]" name="beforeMethod" is-config="true" duration-ms="1" started-at="2018-06-01T13:19:38Z" finished-at="2018-06-01T13:19:38Z">
          <reporter-output>
          </reporter-output>
        </test-method> <!-- beforeMethod -->
        <test-method status="PASS" signature="testUploadApp()[pri:0, instance:org.molgenis.app.manager.service.AppManagerServiceTest@19eea77c]" name="testUploadApp" duration-ms="60" started-at="2018-06-01T13:19:38Z" finished-at="2018-06-01T13:19:38Z">
          <reporter-output>
          </reporter-output>
        </test-method> <!-- testUploadApp -->
        <test-method status="PASS" signature="beforeMethod()[pri:0, instance:org.molgenis.app.manager.service.AppManagerServiceTest@19eea77c]" name="beforeMethod" is-config="true" duration-ms="1" started-at="2018-06-01T13:19:38Z" finished-at="2018-06-01T13:19:38Z">
          <reporter-output>
          </reporter-output>
        </test-method> <!-- beforeMethod -->
        <test-method status="PASS" signature="testUploadAppEmptyRuntimeOptions()[pri:0, instance:org.molgenis.app.manager.service.AppManagerServiceTest@19eea77c]" name="testUploadAppEmptyRuntimeOptions" duration-ms="13" started-at="2018-06-01T13:19:38Z" finished-at="2018-06-01T13:19:38Z">
          <reporter-output>
          </reporter-output>
        </test-method> <!-- testUploadAppEmptyRuntimeOptions -->
        <test-method status="PASS" signature="beforeMethod()[pri:0, instance:org.molgenis.app.manager.service.AppManagerServiceTest@19eea77c]" name="beforeMethod" is-config="true" duration-ms="2" started-at="2018-06-01T13:19:38Z" finished-at="2018-06-01T13:19:38Z">
          <reporter-output>
          </reporter-output>
        </test-method> <!-- beforeMethod -->
        <test-method status="PASS" signature="testUploadAppInvalidJsonConfigFile()[pri:0, instance:org.molgenis.app.manager.service.AppManagerServiceTest@19eea77c]" name="testUploadAppInvalidJsonConfigFile" duration-ms="5" started-at="2018-06-01T13:19:38Z" finished-at="2018-06-01T13:19:38Z">
          <exception class="org.molgenis.app.manager.exception.InvalidAppConfigException">
            <full-stacktrace>
              <![CDATA[org.molgenis.app.manager.exception.InvalidAppConfigException: FAILED TO FORMAT LOCALIZED MESSAGE FOR ERROR CODE AM04.%nFallback message: null
	at org.molgenis.app.manager.service.impl.AppManagerServiceImpl.uploadApp(AppManagerServiceImpl.java:150)
	at org.molgenis.app.manager.service.AppManagerServiceTest.testUploadAppInvalidJsonConfigFile(AppManagerServiceTest.java:291)
	at sun.reflect.NativeMethodAccessorImpl.invoke0(Native Method)
	at sun.reflect.NativeMethodAccessorImpl.invoke(NativeMethodAccessorImpl.java:62)
	at sun.reflect.DelegatingMethodAccessorImpl.invoke(DelegatingMethodAccessorImpl.java:43)
	at java.lang.reflect.Method.invoke(Method.java:498)
	at org.testng.internal.MethodInvocationHelper.invokeMethod(MethodInvocationHelper.java:80)
	at org.testng.internal.Invoker.invokeMethod(Invoker.java:714)
	at org.testng.internal.Invoker.invokeTestMethod(Invoker.java:901)
	at org.testng.internal.Invoker.invokeTestMethods(Invoker.java:1231)
	at org.testng.internal.TestMethodWorker.invokeTestMethods(TestMethodWorker.java:127)
	at org.testng.internal.TestMethodWorker.run(TestMethodWorker.java:111)
	at org.testng.TestRunner.privateRun(TestRunner.java:767)
	at org.testng.TestRunner.run(TestRunner.java:617)
	at org.testng.SuiteRunner.runTest(SuiteRunner.java:334)
	at org.testng.SuiteRunner.runSequentially(SuiteRunner.java:329)
	at org.testng.SuiteRunner.privateRun(SuiteRunner.java:291)
	at org.testng.SuiteRunner.run(SuiteRunner.java:240)
	at org.testng.SuiteRunnerWorker.runSuite(SuiteRunnerWorker.java:52)
	at org.testng.SuiteRunnerWorker.run(SuiteRunnerWorker.java:86)
	at org.testng.TestNG.runSuitesSequentially(TestNG.java:1198)
	at org.testng.TestNG.runSuitesLocally(TestNG.java:1123)
	at org.testng.TestNG.run(TestNG.java:1031)
	at org.apache.maven.surefire.testng.TestNGExecutor.run(TestNGExecutor.java:135)
	at org.apache.maven.surefire.testng.TestNGDirectoryTestSuite.executeMulti(TestNGDirectoryTestSuite.java:193)
	at org.apache.maven.surefire.testng.TestNGDirectoryTestSuite.execute(TestNGDirectoryTestSuite.java:94)
	at org.apache.maven.surefire.testng.TestNGProvider.invoke(TestNGProvider.java:146)
	at org.apache.maven.surefire.booter.ForkedBooter.invokeProviderInSameClassLoader(ForkedBooter.java:379)
	at org.apache.maven.surefire.booter.ForkedBooter.runSuitesInProcess(ForkedBooter.java:340)
	at org.apache.maven.surefire.booter.ForkedBooter.execute(ForkedBooter.java:125)
	at org.apache.maven.surefire.booter.ForkedBooter.main(ForkedBooter.java:413)
]]>
            </full-stacktrace>
          </exception> <!-- org.molgenis.app.manager.exception.InvalidAppConfigException -->
          <reporter-output>
          </reporter-output>
        </test-method> <!-- testUploadAppInvalidJsonConfigFile -->
        <test-method status="PASS" signature="beforeMethod()[pri:0, instance:org.molgenis.app.manager.service.AppManagerServiceTest@19eea77c]" name="beforeMethod" is-config="true" duration-ms="1" started-at="2018-06-01T13:19:38Z" finished-at="2018-06-01T13:19:38Z">
          <reporter-output>
          </reporter-output>
        </test-method> <!-- beforeMethod -->
        <test-method status="PASS" signature="testUploadAppInvalidZip()[pri:0, instance:org.molgenis.app.manager.service.AppManagerServiceTest@19eea77c]" name="testUploadAppInvalidZip" duration-ms="1" started-at="2018-06-01T13:19:38Z" finished-at="2018-06-01T13:19:38Z">
          <exception class="org.molgenis.app.manager.exception.InvalidAppArchiveException">
            <full-stacktrace>
              <![CDATA[org.molgenis.app.manager.exception.InvalidAppArchiveException: FAILED TO FORMAT LOCALIZED MESSAGE FOR ERROR CODE AM01.%nFallback message: null
	at org.molgenis.app.manager.service.impl.AppManagerServiceImpl.uploadApp(AppManagerServiceImpl.java:130)
	at org.molgenis.app.manager.service.AppManagerServiceTest.testUploadAppInvalidZip(AppManagerServiceTest.java:246)
	at sun.reflect.NativeMethodAccessorImpl.invoke0(Native Method)
	at sun.reflect.NativeMethodAccessorImpl.invoke(NativeMethodAccessorImpl.java:62)
	at sun.reflect.DelegatingMethodAccessorImpl.invoke(DelegatingMethodAccessorImpl.java:43)
	at java.lang.reflect.Method.invoke(Method.java:498)
	at org.testng.internal.MethodInvocationHelper.invokeMethod(MethodInvocationHelper.java:80)
	at org.testng.internal.Invoker.invokeMethod(Invoker.java:714)
	at org.testng.internal.Invoker.invokeTestMethod(Invoker.java:901)
	at org.testng.internal.Invoker.invokeTestMethods(Invoker.java:1231)
	at org.testng.internal.TestMethodWorker.invokeTestMethods(TestMethodWorker.java:127)
	at org.testng.internal.TestMethodWorker.run(TestMethodWorker.java:111)
	at org.testng.TestRunner.privateRun(TestRunner.java:767)
	at org.testng.TestRunner.run(TestRunner.java:617)
	at org.testng.SuiteRunner.runTest(SuiteRunner.java:334)
	at org.testng.SuiteRunner.runSequentially(SuiteRunner.java:329)
	at org.testng.SuiteRunner.privateRun(SuiteRunner.java:291)
	at org.testng.SuiteRunner.run(SuiteRunner.java:240)
	at org.testng.SuiteRunnerWorker.runSuite(SuiteRunnerWorker.java:52)
	at org.testng.SuiteRunnerWorker.run(SuiteRunnerWorker.java:86)
	at org.testng.TestNG.runSuitesSequentially(TestNG.java:1198)
	at org.testng.TestNG.runSuitesLocally(TestNG.java:1123)
	at org.testng.TestNG.run(TestNG.java:1031)
	at org.apache.maven.surefire.testng.TestNGExecutor.run(TestNGExecutor.java:135)
	at org.apache.maven.surefire.testng.TestNGDirectoryTestSuite.executeMulti(TestNGDirectoryTestSuite.java:193)
	at org.apache.maven.surefire.testng.TestNGDirectoryTestSuite.execute(TestNGDirectoryTestSuite.java:94)
	at org.apache.maven.surefire.testng.TestNGProvider.invoke(TestNGProvider.java:146)
	at org.apache.maven.surefire.booter.ForkedBooter.invokeProviderInSameClassLoader(ForkedBooter.java:379)
	at org.apache.maven.surefire.booter.ForkedBooter.runSuitesInProcess(ForkedBooter.java:340)
	at org.apache.maven.surefire.booter.ForkedBooter.execute(ForkedBooter.java:125)
	at org.apache.maven.surefire.booter.ForkedBooter.main(ForkedBooter.java:413)
]]>
            </full-stacktrace>
          </exception> <!-- org.molgenis.app.manager.exception.InvalidAppArchiveException -->
          <reporter-output>
          </reporter-output>
        </test-method> <!-- testUploadAppInvalidZip -->
        <test-method status="PASS" signature="beforeMethod()[pri:0, instance:org.molgenis.app.manager.service.AppManagerServiceTest@19eea77c]" name="beforeMethod" is-config="true" duration-ms="2" started-at="2018-06-01T13:19:38Z" finished-at="2018-06-01T13:19:38Z">
          <reporter-output>
          </reporter-output>
        </test-method> <!-- beforeMethod -->
        <test-method status="PASS" signature="testUploadAppMissingRequiredConfigFile()[pri:0, instance:org.molgenis.app.manager.service.AppManagerServiceTest@19eea77c]" name="testUploadAppMissingRequiredConfigFile" duration-ms="2" started-at="2018-06-01T13:19:38Z" finished-at="2018-06-01T13:19:38Z">
          <exception class="org.molgenis.app.manager.exception.AppArchiveMissingFilesException">
            <message>
              <![CDATA[missingFromArchive:[config.json]]]>
            </message>
            <full-stacktrace>
              <![CDATA[org.molgenis.app.manager.exception.AppArchiveMissingFilesException: FAILED TO FORMAT LOCALIZED MESSAGE FOR ERROR CODE AM02.%nFallback message: missingFromArchive:[config.json]
	at org.molgenis.app.manager.service.impl.AppManagerServiceImpl.uploadApp(AppManagerServiceImpl.java:141)
	at org.molgenis.app.manager.service.AppManagerServiceTest.testUploadAppMissingRequiredConfigFile(AppManagerServiceTest.java:277)
	at sun.reflect.NativeMethodAccessorImpl.invoke0(Native Method)
	at sun.reflect.NativeMethodAccessorImpl.invoke(NativeMethodAccessorImpl.java:62)
	at sun.reflect.DelegatingMethodAccessorImpl.invoke(DelegatingMethodAccessorImpl.java:43)
	at java.lang.reflect.Method.invoke(Method.java:498)
	at org.testng.internal.MethodInvocationHelper.invokeMethod(MethodInvocationHelper.java:80)
	at org.testng.internal.Invoker.invokeMethod(Invoker.java:714)
	at org.testng.internal.Invoker.invokeTestMethod(Invoker.java:901)
	at org.testng.internal.Invoker.invokeTestMethods(Invoker.java:1231)
	at org.testng.internal.TestMethodWorker.invokeTestMethods(TestMethodWorker.java:127)
	at org.testng.internal.TestMethodWorker.run(TestMethodWorker.java:111)
	at org.testng.TestRunner.privateRun(TestRunner.java:767)
	at org.testng.TestRunner.run(TestRunner.java:617)
	at org.testng.SuiteRunner.runTest(SuiteRunner.java:334)
	at org.testng.SuiteRunner.runSequentially(SuiteRunner.java:329)
	at org.testng.SuiteRunner.privateRun(SuiteRunner.java:291)
	at org.testng.SuiteRunner.run(SuiteRunner.java:240)
	at org.testng.SuiteRunnerWorker.runSuite(SuiteRunnerWorker.java:52)
	at org.testng.SuiteRunnerWorker.run(SuiteRunnerWorker.java:86)
	at org.testng.TestNG.runSuitesSequentially(TestNG.java:1198)
	at org.testng.TestNG.runSuitesLocally(TestNG.java:1123)
	at org.testng.TestNG.run(TestNG.java:1031)
	at org.apache.maven.surefire.testng.TestNGExecutor.run(TestNGExecutor.java:135)
	at org.apache.maven.surefire.testng.TestNGDirectoryTestSuite.executeMulti(TestNGDirectoryTestSuite.java:193)
	at org.apache.maven.surefire.testng.TestNGDirectoryTestSuite.execute(TestNGDirectoryTestSuite.java:94)
	at org.apache.maven.surefire.testng.TestNGProvider.invoke(TestNGProvider.java:146)
	at org.apache.maven.surefire.booter.ForkedBooter.invokeProviderInSameClassLoader(ForkedBooter.java:379)
	at org.apache.maven.surefire.booter.ForkedBooter.runSuitesInProcess(ForkedBooter.java:340)
	at org.apache.maven.surefire.booter.ForkedBooter.execute(ForkedBooter.java:125)
	at org.apache.maven.surefire.booter.ForkedBooter.main(ForkedBooter.java:413)
]]>
            </full-stacktrace>
          </exception> <!-- org.molgenis.app.manager.exception.AppArchiveMissingFilesException -->
          <reporter-output>
          </reporter-output>
        </test-method> <!-- testUploadAppMissingRequiredConfigFile -->
        <test-method status="PASS" signature="beforeMethod()[pri:0, instance:org.molgenis.app.manager.service.AppManagerServiceTest@19eea77c]" name="beforeMethod" is-config="true" duration-ms="1" started-at="2018-06-01T13:19:38Z" finished-at="2018-06-01T13:19:38Z">
          <reporter-output>
          </reporter-output>
        </test-method> <!-- beforeMethod -->
        <test-method status="PASS" signature="testUploadAppMissingRequiredConfigParameters()[pri:0, instance:org.molgenis.app.manager.service.AppManagerServiceTest@19eea77c]" name="testUploadAppMissingRequiredConfigParameters" duration-ms="3" started-at="2018-06-01T13:19:38Z" finished-at="2018-06-01T13:19:38Z">
          <exception class="org.molgenis.app.manager.exception.AppConfigMissingParametersException">
            <message>
              <![CDATA[missingConfigParameters:[label, description, includeMenuAndFooter, uri, version]]]>
            </message>
            <full-stacktrace>
              <![CDATA[org.molgenis.app.manager.exception.AppConfigMissingParametersException: FAILED TO FORMAT LOCALIZED MESSAGE FOR ERROR CODE AM03.%nFallback message: missingConfigParameters:[label, description, includeMenuAndFooter, uri, version]
	at org.molgenis.app.manager.service.impl.AppManagerServiceImpl.uploadApp(AppManagerServiceImpl.java:158)
	at org.molgenis.app.manager.service.AppManagerServiceTest.testUploadAppMissingRequiredConfigParameters(AppManagerServiceTest.java:306)
	at sun.reflect.NativeMethodAccessorImpl.invoke0(Native Method)
	at sun.reflect.NativeMethodAccessorImpl.invoke(NativeMethodAccessorImpl.java:62)
	at sun.reflect.DelegatingMethodAccessorImpl.invoke(DelegatingMethodAccessorImpl.java:43)
	at java.lang.reflect.Method.invoke(Method.java:498)
	at org.testng.internal.MethodInvocationHelper.invokeMethod(MethodInvocationHelper.java:80)
	at org.testng.internal.Invoker.invokeMethod(Invoker.java:714)
	at org.testng.internal.Invoker.invokeTestMethod(Invoker.java:901)
	at org.testng.internal.Invoker.invokeTestMethods(Invoker.java:1231)
	at org.testng.internal.TestMethodWorker.invokeTestMethods(TestMethodWorker.java:127)
	at org.testng.internal.TestMethodWorker.run(TestMethodWorker.java:111)
	at org.testng.TestRunner.privateRun(TestRunner.java:767)
	at org.testng.TestRunner.run(TestRunner.java:617)
	at org.testng.SuiteRunner.runTest(SuiteRunner.java:334)
	at org.testng.SuiteRunner.runSequentially(SuiteRunner.java:329)
	at org.testng.SuiteRunner.privateRun(SuiteRunner.java:291)
	at org.testng.SuiteRunner.run(SuiteRunner.java:240)
	at org.testng.SuiteRunnerWorker.runSuite(SuiteRunnerWorker.java:52)
	at org.testng.SuiteRunnerWorker.run(SuiteRunnerWorker.java:86)
	at org.testng.TestNG.runSuitesSequentially(TestNG.java:1198)
	at org.testng.TestNG.runSuitesLocally(TestNG.java:1123)
	at org.testng.TestNG.run(TestNG.java:1031)
	at org.apache.maven.surefire.testng.TestNGExecutor.run(TestNGExecutor.java:135)
	at org.apache.maven.surefire.testng.TestNGDirectoryTestSuite.executeMulti(TestNGDirectoryTestSuite.java:193)
	at org.apache.maven.surefire.testng.TestNGDirectoryTestSuite.execute(TestNGDirectoryTestSuite.java:94)
	at org.apache.maven.surefire.testng.TestNGProvider.invoke(TestNGProvider.java:146)
	at org.apache.maven.surefire.booter.ForkedBooter.invokeProviderInSameClassLoader(ForkedBooter.java:379)
	at org.apache.maven.surefire.booter.ForkedBooter.runSuitesInProcess(ForkedBooter.java:340)
	at org.apache.maven.surefire.booter.ForkedBooter.execute(ForkedBooter.java:125)
	at org.apache.maven.surefire.booter.ForkedBooter.main(ForkedBooter.java:413)
]]>
            </full-stacktrace>
          </exception> <!-- org.molgenis.app.manager.exception.AppConfigMissingParametersException -->
          <reporter-output>
          </reporter-output>
        </test-method> <!-- testUploadAppMissingRequiredConfigParameters -->
        <test-method status="PASS" signature="beforeMethod()[pri:0, instance:org.molgenis.app.manager.service.AppManagerServiceTest@19eea77c]" name="beforeMethod" is-config="true" duration-ms="1" started-at="2018-06-01T13:19:38Z" finished-at="2018-06-01T13:19:38Z">
          <reporter-output>
          </reporter-output>
        </test-method> <!-- beforeMethod -->
        <test-method status="PASS" signature="testUploadAppMissingRequiredIndexFile()[pri:0, instance:org.molgenis.app.manager.service.AppManagerServiceTest@19eea77c]" name="testUploadAppMissingRequiredIndexFile" duration-ms="2" started-at="2018-06-01T13:19:38Z" finished-at="2018-06-01T13:19:38Z">
          <exception class="org.molgenis.app.manager.exception.AppArchiveMissingFilesException">
            <message>
              <![CDATA[missingFromArchive:[index.html]]]>
            </message>
            <full-stacktrace>
              <![CDATA[org.molgenis.app.manager.exception.AppArchiveMissingFilesException: FAILED TO FORMAT LOCALIZED MESSAGE FOR ERROR CODE AM02.%nFallback message: missingFromArchive:[index.html]
	at org.molgenis.app.manager.service.impl.AppManagerServiceImpl.uploadApp(AppManagerServiceImpl.java:141)
	at org.molgenis.app.manager.service.AppManagerServiceTest.testUploadAppMissingRequiredIndexFile(AppManagerServiceTest.java:262)
	at sun.reflect.NativeMethodAccessorImpl.invoke0(Native Method)
	at sun.reflect.NativeMethodAccessorImpl.invoke(NativeMethodAccessorImpl.java:62)
	at sun.reflect.DelegatingMethodAccessorImpl.invoke(DelegatingMethodAccessorImpl.java:43)
	at java.lang.reflect.Method.invoke(Method.java:498)
	at org.testng.internal.MethodInvocationHelper.invokeMethod(MethodInvocationHelper.java:80)
	at org.testng.internal.Invoker.invokeMethod(Invoker.java:714)
	at org.testng.internal.Invoker.invokeTestMethod(Invoker.java:901)
	at org.testng.internal.Invoker.invokeTestMethods(Invoker.java:1231)
	at org.testng.internal.TestMethodWorker.invokeTestMethods(TestMethodWorker.java:127)
	at org.testng.internal.TestMethodWorker.run(TestMethodWorker.java:111)
	at org.testng.TestRunner.privateRun(TestRunner.java:767)
	at org.testng.TestRunner.run(TestRunner.java:617)
	at org.testng.SuiteRunner.runTest(SuiteRunner.java:334)
	at org.testng.SuiteRunner.runSequentially(SuiteRunner.java:329)
	at org.testng.SuiteRunner.privateRun(SuiteRunner.java:291)
	at org.testng.SuiteRunner.run(SuiteRunner.java:240)
	at org.testng.SuiteRunnerWorker.runSuite(SuiteRunnerWorker.java:52)
	at org.testng.SuiteRunnerWorker.run(SuiteRunnerWorker.java:86)
	at org.testng.TestNG.runSuitesSequentially(TestNG.java:1198)
	at org.testng.TestNG.runSuitesLocally(TestNG.java:1123)
	at org.testng.TestNG.run(TestNG.java:1031)
	at org.apache.maven.surefire.testng.TestNGExecutor.run(TestNGExecutor.java:135)
	at org.apache.maven.surefire.testng.TestNGDirectoryTestSuite.executeMulti(TestNGDirectoryTestSuite.java:193)
	at org.apache.maven.surefire.testng.TestNGDirectoryTestSuite.execute(TestNGDirectoryTestSuite.java:94)
	at org.apache.maven.surefire.testng.TestNGProvider.invoke(TestNGProvider.java:146)
	at org.apache.maven.surefire.booter.ForkedBooter.invokeProviderInSameClassLoader(ForkedBooter.java:379)
	at org.apache.maven.surefire.booter.ForkedBooter.runSuitesInProcess(ForkedBooter.java:340)
	at org.apache.maven.surefire.booter.ForkedBooter.execute(ForkedBooter.java:125)
	at org.apache.maven.surefire.booter.ForkedBooter.main(ForkedBooter.java:413)
]]>
            </full-stacktrace>
          </exception> <!-- org.molgenis.app.manager.exception.AppArchiveMissingFilesException -->
          <reporter-output>
          </reporter-output>
        </test-method> <!-- testUploadAppMissingRequiredIndexFile -->
        <test-method status="PASS" signature="cleanup()[pri:0, instance:org.molgenis.app.manager.service.AppManagerServiceTest@19eea77c]" name="cleanup" is-config="true" duration-ms="8" started-at="2018-06-01T13:19:38Z" finished-at="2018-06-01T13:19:38Z">
          <reporter-output>
          </reporter-output>
        </test-method> <!-- cleanup -->
        <test-method status="PASS" signature="afterClass()[pri:0, instance:org.molgenis.app.manager.service.AppManagerServiceTest@19eea77c]" name="afterClass" is-config="true" duration-ms="0" started-at="2018-06-01T13:19:38Z" finished-at="2018-06-01T13:19:38Z">
          <reporter-output>
          </reporter-output>
        </test-method> <!-- afterClass -->
      </class> <!-- org.molgenis.app.manager.service.AppManagerServiceTest -->
      <class name="org.molgenis.app.manager.controller.AppControllerTest">
        <test-method status="PASS" signature="springTestContextBeforeTestClass()[pri:0, instance:org.molgenis.app.manager.controller.AppControllerTest@7cd3e0da]" name="springTestContextBeforeTestClass" is-config="true" duration-ms="2" started-at="2018-06-01T13:19:38Z" finished-at="2018-06-01T13:19:39Z">
          <reporter-output>
          </reporter-output>
        </test-method> <!-- springTestContextBeforeTestClass -->
        <test-method status="PASS" signature="springTestContextPrepareTestInstance()[pri:0, instance:org.molgenis.app.manager.controller.AppControllerTest@7cd3e0da]" name="springTestContextPrepareTestInstance" is-config="true" duration-ms="2643" started-at="2018-06-01T13:19:39Z" depends-on-methods="org.springframework.test.context.testng.AbstractTestNGSpringContextTests.springTestContextBeforeTestClass" finished-at="2018-06-01T13:19:41Z">
          <reporter-output>
          </reporter-output>
        </test-method> <!-- springTestContextPrepareTestInstance -->
        <test-method status="PASS" signature="beforeClass()[pri:0, instance:org.molgenis.app.manager.controller.AppControllerTest@7cd3e0da]" name="beforeClass" is-config="true" duration-ms="0" started-at="2018-06-01T13:19:41Z" finished-at="2018-06-01T13:19:41Z">
          <reporter-output>
          </reporter-output>
        </test-method> <!-- beforeClass -->
        <test-method status="PASS" signature="springTestContextBeforeTestMethod(java.lang.reflect.Method)[pri:0, instance:org.molgenis.app.manager.controller.AppControllerTest@7cd3e0da]" name="springTestContextBeforeTestMethod" is-config="true" duration-ms="1" started-at="2018-06-01T13:19:41Z" finished-at="2018-06-01T13:19:41Z">
          <params>
            <param index="0">
              <value>
                <![CDATA[public void org.molgenis.app.manager.controller.AppControllerTest.testServeApp() throws java.lang.Exception]]>
              </value>
            </param>
          </params>
          <reporter-output>
          </reporter-output>
        </test-method> <!-- springTestContextBeforeTestMethod -->
        <test-method status="PASS" signature="beforeMethod()[pri:0, instance:org.molgenis.app.manager.controller.AppControllerTest@7cd3e0da]" name="beforeMethod" is-config="true" duration-ms="128" started-at="2018-06-01T13:19:41Z" finished-at="2018-06-01T13:19:41Z">
          <reporter-output>
          </reporter-output>
        </test-method> <!-- beforeMethod -->
        <test-method status="PASS" signature="testServeApp()[pri:0, instance:org.molgenis.app.manager.controller.AppControllerTest@7cd3e0da]" name="testServeApp" duration-ms="101" started-at="2018-06-01T13:19:41Z" finished-at="2018-06-01T13:19:41Z">
          <reporter-output>
          </reporter-output>
        </test-method> <!-- testServeApp -->
        <test-method status="PASS" signature="afterMethod()[pri:0, instance:org.molgenis.app.manager.controller.AppControllerTest@7cd3e0da]" name="afterMethod" is-config="true" duration-ms="0" started-at="2018-06-01T13:19:41Z" finished-at="2018-06-01T13:19:41Z">
          <reporter-output>
          </reporter-output>
        </test-method> <!-- afterMethod -->
        <test-method status="PASS" signature="springTestContextAfterTestMethod(java.lang.reflect.Method)[pri:0, instance:org.molgenis.app.manager.controller.AppControllerTest@7cd3e0da]" name="springTestContextAfterTestMethod" is-config="true" duration-ms="0" started-at="2018-06-01T13:19:41Z" finished-at="2018-06-01T13:19:41Z">
          <params>
            <param index="0">
              <value>
                <![CDATA[public void org.molgenis.app.manager.controller.AppControllerTest.testServeApp() throws java.lang.Exception]]>
              </value>
            </param>
          </params>
          <reporter-output>
          </reporter-output>
        </test-method> <!-- springTestContextAfterTestMethod -->
        <test-method status="PASS" signature="springTestContextBeforeTestMethod(java.lang.reflect.Method)[pri:0, instance:org.molgenis.app.manager.controller.AppControllerTest@7cd3e0da]" name="springTestContextBeforeTestMethod" is-config="true" duration-ms="0" started-at="2018-06-01T13:19:41Z" finished-at="2018-06-01T13:19:41Z">
          <params>
            <param index="0">
              <value>
                <![CDATA[public void org.molgenis.app.manager.controller.AppControllerTest.testServeAppInactiveApp() throws java.lang.Exception]]>
              </value>
            </param>
          </params>
          <reporter-output>
          </reporter-output>
        </test-method> <!-- springTestContextBeforeTestMethod -->
        <test-method status="PASS" signature="beforeMethod()[pri:0, instance:org.molgenis.app.manager.controller.AppControllerTest@7cd3e0da]" name="beforeMethod" is-config="true" duration-ms="27" started-at="2018-06-01T13:19:41Z" finished-at="2018-06-01T13:19:41Z">
          <reporter-output>
          </reporter-output>
        </test-method> <!-- beforeMethod -->
        <test-method status="PASS" signature="testServeAppInactiveApp()[pri:0, instance:org.molgenis.app.manager.controller.AppControllerTest@7cd3e0da]" name="testServeAppInactiveApp" duration-ms="84" started-at="2018-06-01T13:19:41Z" finished-at="2018-06-01T13:19:41Z">
          <reporter-output>
          </reporter-output>
        </test-method> <!-- testServeAppInactiveApp -->
        <test-method status="PASS" signature="springTestContextAfterTestMethod(java.lang.reflect.Method)[pri:0, instance:org.molgenis.app.manager.controller.AppControllerTest@7cd3e0da]" name="springTestContextAfterTestMethod" is-config="true" duration-ms="1" started-at="2018-06-01T13:19:41Z" finished-at="2018-06-01T13:19:41Z">
          <params>
            <param index="0">
              <value>
                <![CDATA[public void org.molgenis.app.manager.controller.AppControllerTest.testServeAppInactiveApp() throws java.lang.Exception]]>
              </value>
            </param>
          </params>
          <reporter-output>
          </reporter-output>
        </test-method> <!-- springTestContextAfterTestMethod -->
        <test-method status="PASS" signature="afterMethod()[pri:0, instance:org.molgenis.app.manager.controller.AppControllerTest@7cd3e0da]" name="afterMethod" is-config="true" duration-ms="0" started-at="2018-06-01T13:19:41Z" finished-at="2018-06-01T13:19:41Z">
          <reporter-output>
          </reporter-output>
        </test-method> <!-- afterMethod -->
        <test-method status="PASS" signature="beforeMethod()[pri:0, instance:org.molgenis.app.manager.controller.AppControllerTest@7cd3e0da]" name="beforeMethod" is-config="true" duration-ms="44" started-at="2018-06-01T13:19:41Z" finished-at="2018-06-01T13:19:42Z">
          <reporter-output>
          </reporter-output>
        </test-method> <!-- beforeMethod -->
        <test-method status="PASS" signature="springTestContextBeforeTestMethod(java.lang.reflect.Method)[pri:0, instance:org.molgenis.app.manager.controller.AppControllerTest@7cd3e0da]" name="springTestContextBeforeTestMethod" is-config="true" duration-ms="0" started-at="2018-06-01T13:19:41Z" finished-at="2018-06-01T13:19:41Z">
          <params>
            <param index="0">
              <value>
                <![CDATA[public void org.molgenis.app.manager.controller.AppControllerTest.testServeAppNoPermissions() throws java.lang.Exception]]>
              </value>
            </param>
          </params>
          <reporter-output>
          </reporter-output>
        </test-method> <!-- springTestContextBeforeTestMethod -->
        <test-method status="PASS" signature="testServeAppNoPermissions()[pri:0, instance:org.molgenis.app.manager.controller.AppControllerTest@7cd3e0da]" name="testServeAppNoPermissions" duration-ms="18" started-at="2018-06-01T13:19:42Z" finished-at="2018-06-01T13:19:42Z">
          <reporter-output>
          </reporter-output>
        </test-method> <!-- testServeAppNoPermissions -->
        <test-method status="PASS" signature="springTestContextBeforeTestMethod(java.lang.reflect.Method)[pri:0, instance:org.molgenis.app.manager.controller.AppControllerTest@7cd3e0da]" name="springTestContextBeforeTestMethod" is-config="true" duration-ms="1" started-at="2018-06-01T13:19:42Z" finished-at="2018-06-01T13:19:42Z">
          <params>
            <param index="0">
              <value>
                <![CDATA[public void org.molgenis.app.manager.controller.AppControllerTest.testServeAppRedirectToApp() throws java.lang.Exception]]>
              </value>
            </param>
          </params>
          <reporter-output>
          </reporter-output>
        </test-method> <!-- springTestContextBeforeTestMethod -->
        <test-method status="PASS" signature="springTestContextAfterTestMethod(java.lang.reflect.Method)[pri:0, instance:org.molgenis.app.manager.controller.AppControllerTest@7cd3e0da]" name="springTestContextAfterTestMethod" is-config="true" duration-ms="0" started-at="2018-06-01T13:19:42Z" finished-at="2018-06-01T13:19:42Z">
          <params>
            <param index="0">
              <value>
                <![CDATA[public void org.molgenis.app.manager.controller.AppControllerTest.testServeAppNoPermissions() throws java.lang.Exception]]>
              </value>
            </param>
          </params>
          <reporter-output>
          </reporter-output>
        </test-method> <!-- springTestContextAfterTestMethod -->
        <test-method status="PASS" signature="afterMethod()[pri:0, instance:org.molgenis.app.manager.controller.AppControllerTest@7cd3e0da]" name="afterMethod" is-config="true" duration-ms="0" started-at="2018-06-01T13:19:42Z" finished-at="2018-06-01T13:19:42Z">
          <reporter-output>
          </reporter-output>
        </test-method> <!-- afterMethod -->
        <test-method status="PASS" signature="beforeMethod()[pri:0, instance:org.molgenis.app.manager.controller.AppControllerTest@7cd3e0da]" name="beforeMethod" is-config="true" duration-ms="41" started-at="2018-06-01T13:19:42Z" finished-at="2018-06-01T13:19:42Z">
          <reporter-output>
          </reporter-output>
        </test-method> <!-- beforeMethod -->
        <test-method status="PASS" signature="testServeAppRedirectToApp()[pri:0, instance:org.molgenis.app.manager.controller.AppControllerTest@7cd3e0da]" name="testServeAppRedirectToApp" duration-ms="5" started-at="2018-06-01T13:19:42Z" finished-at="2018-06-01T13:19:42Z">
          <reporter-output>
          </reporter-output>
        </test-method> <!-- testServeAppRedirectToApp -->
        <test-method status="PASS" signature="springTestContextAfterTestMethod(java.lang.reflect.Method)[pri:0, instance:org.molgenis.app.manager.controller.AppControllerTest@7cd3e0da]" name="springTestContextAfterTestMethod" is-config="true" duration-ms="0" started-at="2018-06-01T13:19:42Z" finished-at="2018-06-01T13:19:42Z">
          <params>
            <param index="0">
              <value>
                <![CDATA[public void org.molgenis.app.manager.controller.AppControllerTest.testServeAppRedirectToApp() throws java.lang.Exception]]>
              </value>
            </param>
          </params>
          <reporter-output>
          </reporter-output>
        </test-method> <!-- springTestContextAfterTestMethod -->
        <test-method status="PASS" signature="afterMethod()[pri:0, instance:org.molgenis.app.manager.controller.AppControllerTest@7cd3e0da]" name="afterMethod" is-config="true" duration-ms="0" started-at="2018-06-01T13:19:42Z" finished-at="2018-06-01T13:19:42Z">
          <reporter-output>
          </reporter-output>
        </test-method> <!-- afterMethod -->
        <test-method status="PASS" signature="springTestContextBeforeTestMethod(java.lang.reflect.Method)[pri:0, instance:org.molgenis.app.manager.controller.AppControllerTest@7cd3e0da]" name="springTestContextBeforeTestMethod" is-config="true" duration-ms="1" started-at="2018-06-01T13:19:42Z" finished-at="2018-06-01T13:19:42Z">
          <params>
            <param index="0">
              <value>
                <![CDATA[public void org.molgenis.app.manager.controller.AppControllerTest.testServeResource() throws java.lang.Exception]]>
              </value>
            </param>
          </params>
          <reporter-output>
          </reporter-output>
        </test-method> <!-- springTestContextBeforeTestMethod -->
        <test-method status="PASS" signature="beforeMethod()[pri:0, instance:org.molgenis.app.manager.controller.AppControllerTest@7cd3e0da]" name="beforeMethod" is-config="true" duration-ms="41" started-at="2018-06-01T13:19:42Z" finished-at="2018-06-01T13:19:42Z">
          <reporter-output>
          </reporter-output>
        </test-method> <!-- beforeMethod -->
        <test-method status="PASS" signature="testServeResource()[pri:0, instance:org.molgenis.app.manager.controller.AppControllerTest@7cd3e0da]" name="testServeResource" duration-ms="4" started-at="2018-06-01T13:19:42Z" finished-at="2018-06-01T13:19:42Z">
          <reporter-output>
          </reporter-output>
        </test-method> <!-- testServeResource -->
        <test-method status="PASS" signature="springTestContextAfterTestClass()[pri:0, instance:org.molgenis.app.manager.controller.AppControllerTest@7cd3e0da]" name="springTestContextAfterTestClass" is-config="true" duration-ms="0" started-at="2018-06-01T13:19:42Z" finished-at="2018-06-01T13:19:42Z">
          <reporter-output>
          </reporter-output>
        </test-method> <!-- springTestContextAfterTestClass -->
        <test-method status="PASS" signature="afterClass()[pri:0, instance:org.molgenis.app.manager.controller.AppControllerTest@7cd3e0da]" name="afterClass" is-config="true" duration-ms="0" started-at="2018-06-01T13:19:42Z" finished-at="2018-06-01T13:19:42Z">
          <reporter-output>
          </reporter-output>
        </test-method> <!-- afterClass -->
        <test-method status="PASS" signature="springTestContextAfterTestMethod(java.lang.reflect.Method)[pri:0, instance:org.molgenis.app.manager.controller.AppControllerTest@7cd3e0da]" name="springTestContextAfterTestMethod" is-config="true" duration-ms="0" started-at="2018-06-01T13:19:42Z" finished-at="2018-06-01T13:19:42Z">
          <params>
            <param index="0">
              <value>
                <![CDATA[public void org.molgenis.app.manager.controller.AppControllerTest.testServeResource() throws java.lang.Exception]]>
              </value>
            </param>
          </params>
          <reporter-output>
          </reporter-output>
        </test-method> <!-- springTestContextAfterTestMethod -->
        <test-method status="PASS" signature="afterMethod()[pri:0, instance:org.molgenis.app.manager.controller.AppControllerTest@7cd3e0da]" name="afterMethod" is-config="true" duration-ms="0" started-at="2018-06-01T13:19:42Z" finished-at="2018-06-01T13:19:42Z">
          <reporter-output>
          </reporter-output>
        </test-method> <!-- afterMethod -->
      </class> <!-- org.molgenis.app.manager.controller.AppControllerTest -->
      <class name="org.molgenis.app.manager.controller.AppManagerControllerTest">
        <test-method status="PASS" signature="beforeMethod()[pri:0, instance:org.molgenis.app.manager.controller.AppManagerControllerTest@1d1bf7bf]" name="beforeMethod" is-config="true" duration-ms="45" started-at="2018-06-01T13:19:42Z" finished-at="2018-06-01T13:19:42Z">
          <reporter-output>
          </reporter-output>
        </test-method> <!-- beforeMethod -->
        <test-method status="PASS" signature="testActivateApp()[pri:0, instance:org.molgenis.app.manager.controller.AppManagerControllerTest@1d1bf7bf]" name="testActivateApp" duration-ms="4" started-at="2018-06-01T13:19:42Z" finished-at="2018-06-01T13:19:42Z">
          <reporter-output>
          </reporter-output>
        </test-method> <!-- testActivateApp -->
        <test-method status="PASS" signature="beforeMethod()[pri:0, instance:org.molgenis.app.manager.controller.AppManagerControllerTest@1d1bf7bf]" name="beforeMethod" is-config="true" duration-ms="30" started-at="2018-06-01T13:19:42Z" finished-at="2018-06-01T13:19:42Z">
          <reporter-output>
          </reporter-output>
        </test-method> <!-- beforeMethod -->
        <test-method status="PASS" signature="testDeactivateApp()[pri:0, instance:org.molgenis.app.manager.controller.AppManagerControllerTest@1d1bf7bf]" name="testDeactivateApp" duration-ms="3" started-at="2018-06-01T13:19:42Z" finished-at="2018-06-01T13:19:42Z">
          <reporter-output>
          </reporter-output>
        </test-method> <!-- testDeactivateApp -->
        <test-method status="PASS" signature="beforeMethod()[pri:0, instance:org.molgenis.app.manager.controller.AppManagerControllerTest@1d1bf7bf]" name="beforeMethod" is-config="true" duration-ms="38" started-at="2018-06-01T13:19:42Z" finished-at="2018-06-01T13:19:42Z">
          <reporter-output>
          </reporter-output>
        </test-method> <!-- beforeMethod -->
        <test-method status="PASS" signature="testDeleteApp()[pri:0, instance:org.molgenis.app.manager.controller.AppManagerControllerTest@1d1bf7bf]" name="testDeleteApp" duration-ms="2" started-at="2018-06-01T13:19:42Z" finished-at="2018-06-01T13:19:42Z">
          <reporter-output>
          </reporter-output>
        </test-method> <!-- testDeleteApp -->
        <test-method status="PASS" signature="beforeMethod()[pri:0, instance:org.molgenis.app.manager.controller.AppManagerControllerTest@1d1bf7bf]" name="beforeMethod" is-config="true" duration-ms="33" started-at="2018-06-01T13:19:42Z" finished-at="2018-06-01T13:19:42Z">
          <reporter-output>
          </reporter-output>
        </test-method> <!-- beforeMethod -->
        <test-method status="PASS" signature="testGetApps()[pri:0, instance:org.molgenis.app.manager.controller.AppManagerControllerTest@1d1bf7bf]" name="testGetApps" duration-ms="37" started-at="2018-06-01T13:19:42Z" finished-at="2018-06-01T13:19:42Z">
          <reporter-output>
          </reporter-output>
        </test-method> <!-- testGetApps -->
        <test-method status="PASS" signature="beforeMethod()[pri:0, instance:org.molgenis.app.manager.controller.AppManagerControllerTest@1d1bf7bf]" name="beforeMethod" is-config="true" duration-ms="35" started-at="2018-06-01T13:19:42Z" finished-at="2018-06-01T13:19:42Z">
          <reporter-output>
          </reporter-output>
        </test-method> <!-- beforeMethod -->
        <test-method status="PASS" signature="testInit()[pri:0, instance:org.molgenis.app.manager.controller.AppManagerControllerTest@1d1bf7bf]" name="testInit" duration-ms="2" started-at="2018-06-01T13:19:42Z" finished-at="2018-06-01T13:19:42Z">
          <reporter-output>
          </reporter-output>
        </test-method> <!-- testInit -->
        <test-method status="PASS" signature="beforeMethod()[pri:0, instance:org.molgenis.app.manager.controller.AppManagerControllerTest@1d1bf7bf]" name="beforeMethod" is-config="true" duration-ms="34" started-at="2018-06-01T13:19:42Z" finished-at="2018-06-01T13:19:42Z">
          <reporter-output>
          </reporter-output>
        </test-method> <!-- beforeMethod -->
        <test-method status="PASS" signature="testUploadApp()[pri:0, instance:org.molgenis.app.manager.controller.AppManagerControllerTest@1d1bf7bf]" name="testUploadApp" duration-ms="11" started-at="2018-06-01T13:19:42Z" finished-at="2018-06-01T13:19:42Z">
          <reporter-output>
          </reporter-output>
        </test-method> <!-- testUploadApp -->
      </class> <!-- org.molgenis.app.manager.controller.AppManagerControllerTest -->
    </test> <!-- Surefire test -->
  </suite> <!-- Surefire suite -->
</testng-results>
