<?xml version="1.0" encoding="UTF-8"?>
<!-- Generated by org.testng.reporters.JUnitReportReporter -->
<testsuite hostname="spirals-vortex.lille.inria.fr" name="org.molgenis.data.security.SystemEntityTypeRegistryImplTest" tests="16" failures="16" timestamp="30 May 2018 09:54:54 GMT" time="0.003" errors="0">
  <testcase name="testHasSystemEntityTypeExists" time="0.000" classname="org.molgenis.data.security.SystemEntityTypeRegistryImplTest">
    <failure type="org.mockito.exceptions.misusing.UnnecessaryStubbingException" message="
Unnecessary stubbings detected.
Clean &amp; maintainable test code requires zero unnecessary code.
Following stubbings are unnecessary (click to navigate to relevant line of code):
  1. -&gt; at org.molgenis.data.security.permission.RoleMembershipServiceImplTest.addUserToNonExistingRole(RoleMembershipServiceImplTest.java:82)
  2. -&gt; at org.molgenis.data.security.permission.RoleMembershipServiceImplTest.addUserToNonExistingRole(RoleMembershipServiceImplTest.java:83)
  3. -&gt; at org.molgenis.data.security.permission.RoleMembershipServiceImplTest.addUserToNonExistingRole(RoleMembershipServiceImplTest.java:84)
Please remove unnecessary stubbings or use &#039;silent&#039; option. More info: javadoc for UnnecessaryStubbingException class.">
      <![CDATA[org.mockito.exceptions.misusing.UnnecessaryStubbingException: 
Unnecessary stubbings detected.
Clean & maintainable test code requires zero unnecessary code.
Following stubbings are unnecessary (click to navigate to relevant line of code):
  1. -> at org.molgenis.data.security.permission.RoleMembershipServiceImplTest.addUserToNonExistingRole(RoleMembershipServiceImplTest.java:82)
  2. -> at org.molgenis.data.security.permission.RoleMembershipServiceImplTest.addUserToNonExistingRole(RoleMembershipServiceImplTest.java:83)
  3. -> at org.molgenis.data.security.permission.RoleMembershipServiceImplTest.addUserToNonExistingRole(RoleMembershipServiceImplTest.java:84)
Please remove unnecessary stubbings or use 'silent' option. More info: javadoc for UnnecessaryStubbingException class.
	at org.molgenis.test.AbstractMockitoTest.tearDownAfterMethod(AbstractMockitoTest.java:37)
	at sun.reflect.NativeMethodAccessorImpl.invoke0(Native Method)
	at sun.reflect.NativeMethodAccessorImpl.invoke(NativeMethodAccessorImpl.java:62)
	at sun.reflect.DelegatingMethodAccessorImpl.invoke(DelegatingMethodAccessorImpl.java:43)
	at java.lang.reflect.Method.invoke(Method.java:498)
	at org.testng.internal.MethodInvocationHelper.invokeMethod(MethodInvocationHelper.java:80)
	at org.testng.internal.Invoker.invokeConfigurationMethod(Invoker.java:564)
	at org.testng.internal.Invoker.invokeConfigurations(Invoker.java:213)
	at org.testng.internal.Invoker.invokeMethod(Invoker.java:786)
	at org.testng.internal.Invoker.invokeTestMethod(Invoker.java:901)
	at org.testng.internal.Invoker.invokeTestMethods(Invoker.java:1231)
	at org.testng.internal.TestMethodWorker.invokeTestMethods(TestMethodWorker.java:127)
	at org.testng.internal.TestMethodWorker.run(TestMethodWorker.java:111)
	at org.testng.TestRunner.privateRun(TestRunner.java:767)
	at org.testng.TestRunner.run(TestRunner.java:617)
	at org.testng.SuiteRunner.runTest(SuiteRunner.java:334)
	at org.testng.SuiteRunner.runSequentially(SuiteRunner.java:329)
	at org.testng.SuiteRunner.privateRun(SuiteRunner.java:291)
	at org.testng.SuiteRunner.run(SuiteRunner.java:240)
	at org.testng.SuiteRunnerWorker.runSuite(SuiteRunnerWorker.java:52)
	at org.testng.SuiteRunnerWorker.run(SuiteRunnerWorker.java:86)
	at org.testng.TestNG.runSuitesSequentially(TestNG.java:1198)
	at org.testng.TestNG.runSuitesLocally(TestNG.java:1123)
	at org.testng.TestNG.run(TestNG.java:1031)
	at org.apache.maven.surefire.testng.TestNGExecutor.run(TestNGExecutor.java:135)
	at org.apache.maven.surefire.testng.TestNGDirectoryTestSuite.executeMulti(TestNGDirectoryTestSuite.java:193)
	at org.apache.maven.surefire.testng.TestNGDirectoryTestSuite.execute(TestNGDirectoryTestSuite.java:94)
	at org.apache.maven.surefire.testng.TestNGProvider.invoke(TestNGProvider.java:146)
	at org.apache.maven.surefire.booter.ForkedBooter.invokeProviderInSameClassLoader(ForkedBooter.java:379)
	at org.apache.maven.surefire.booter.ForkedBooter.runSuitesInProcess(ForkedBooter.java:340)
	at org.apache.maven.surefire.booter.ForkedBooter.execute(ForkedBooter.java:125)
	at org.apache.maven.surefire.booter.ForkedBooter.main(ForkedBooter.java:413)
]]>
    </failure>
  </testcase> <!-- testHasSystemEntityTypeExists -->
  <testcase name="testGetSystemEntityTypeNotExists" time="0.000" classname="org.molgenis.data.security.SystemEntityTypeRegistryImplTest">
    <failure type="org.mockito.exceptions.misusing.UnnecessaryStubbingException" message="
Unnecessary stubbings detected.
Clean &amp; maintainable test code requires zero unnecessary code.
Following stubbings are unnecessary (click to navigate to relevant line of code):
  1. -&gt; at org.molgenis.data.security.permission.RoleMembershipServiceImplTest.addUserToNonExistingRole(RoleMembershipServiceImplTest.java:82)
  2. -&gt; at org.molgenis.data.security.permission.RoleMembershipServiceImplTest.addUserToNonExistingRole(RoleMembershipServiceImplTest.java:83)
  3. -&gt; at org.molgenis.data.security.permission.RoleMembershipServiceImplTest.addUserToNonExistingRole(RoleMembershipServiceImplTest.java:84)
Please remove unnecessary stubbings or use &#039;silent&#039; option. More info: javadoc for UnnecessaryStubbingException class.">
      <![CDATA[org.mockito.exceptions.misusing.UnnecessaryStubbingException: 
Unnecessary stubbings detected.
Clean & maintainable test code requires zero unnecessary code.
Following stubbings are unnecessary (click to navigate to relevant line of code):
  1. -> at org.molgenis.data.security.permission.RoleMembershipServiceImplTest.addUserToNonExistingRole(RoleMembershipServiceImplTest.java:82)
  2. -> at org.molgenis.data.security.permission.RoleMembershipServiceImplTest.addUserToNonExistingRole(RoleMembershipServiceImplTest.java:83)
  3. -> at org.molgenis.data.security.permission.RoleMembershipServiceImplTest.addUserToNonExistingRole(RoleMembershipServiceImplTest.java:84)
Please remove unnecessary stubbings or use 'silent' option. More info: javadoc for UnnecessaryStubbingException class.
	at org.molgenis.test.AbstractMockitoTest.tearDownAfterMethod(AbstractMockitoTest.java:37)
	at sun.reflect.NativeMethodAccessorImpl.invoke0(Native Method)
	at sun.reflect.NativeMethodAccessorImpl.invoke(NativeMethodAccessorImpl.java:62)
	at sun.reflect.DelegatingMethodAccessorImpl.invoke(DelegatingMethodAccessorImpl.java:43)
	at java.lang.reflect.Method.invoke(Method.java:498)
	at org.testng.internal.MethodInvocationHelper.invokeMethod(MethodInvocationHelper.java:80)
	at org.testng.internal.Invoker.invokeConfigurationMethod(Invoker.java:564)
	at org.testng.internal.Invoker.invokeConfigurations(Invoker.java:213)
	at org.testng.internal.Invoker.invokeMethod(Invoker.java:786)
	at org.testng.internal.Invoker.invokeTestMethod(Invoker.java:901)
	at org.testng.internal.Invoker.invokeTestMethods(Invoker.java:1231)
	at org.testng.internal.TestMethodWorker.invokeTestMethods(TestMethodWorker.java:127)
	at org.testng.internal.TestMethodWorker.run(TestMethodWorker.java:111)
	at org.testng.TestRunner.privateRun(TestRunner.java:767)
	at org.testng.TestRunner.run(TestRunner.java:617)
	at org.testng.SuiteRunner.runTest(SuiteRunner.java:334)
	at org.testng.SuiteRunner.runSequentially(SuiteRunner.java:329)
	at org.testng.SuiteRunner.privateRun(SuiteRunner.java:291)
	at org.testng.SuiteRunner.run(SuiteRunner.java:240)
	at org.testng.SuiteRunnerWorker.runSuite(SuiteRunnerWorker.java:52)
	at org.testng.SuiteRunnerWorker.run(SuiteRunnerWorker.java:86)
	at org.testng.TestNG.runSuitesSequentially(TestNG.java:1198)
	at org.testng.TestNG.runSuitesLocally(TestNG.java:1123)
	at org.testng.TestNG.run(TestNG.java:1031)
	at org.apache.maven.surefire.testng.TestNGExecutor.run(TestNGExecutor.java:135)
	at org.apache.maven.surefire.testng.TestNGDirectoryTestSuite.executeMulti(TestNGDirectoryTestSuite.java:193)
	at org.apache.maven.surefire.testng.TestNGDirectoryTestSuite.execute(TestNGDirectoryTestSuite.java:94)
	at org.apache.maven.surefire.testng.TestNGProvider.invoke(TestNGProvider.java:146)
	at org.apache.maven.surefire.booter.ForkedBooter.invokeProviderInSameClassLoader(ForkedBooter.java:379)
	at org.apache.maven.surefire.booter.ForkedBooter.runSuitesInProcess(ForkedBooter.java:340)
	at org.apache.maven.surefire.booter.ForkedBooter.execute(ForkedBooter.java:125)
	at org.apache.maven.surefire.booter.ForkedBooter.main(ForkedBooter.java:413)
]]>
    </failure>
  </testcase> <!-- testGetSystemEntityTypeNotExists -->
  <testcase name="testHasSystemAttributePermittedExists" time="0.000" classname="org.molgenis.data.security.SystemEntityTypeRegistryImplTest">
    <failure type="org.mockito.exceptions.misusing.UnnecessaryStubbingException" message="
Unnecessary stubbings detected.
Clean &amp; maintainable test code requires zero unnecessary code.
Following stubbings are unnecessary (click to navigate to relevant line of code):
  1. -&gt; at org.molgenis.data.security.permission.RoleMembershipServiceImplTest.addUserToNonExistingRole(RoleMembershipServiceImplTest.java:82)
  2. -&gt; at org.molgenis.data.security.permission.RoleMembershipServiceImplTest.addUserToNonExistingRole(RoleMembershipServiceImplTest.java:83)
  3. -&gt; at org.molgenis.data.security.permission.RoleMembershipServiceImplTest.addUserToNonExistingRole(RoleMembershipServiceImplTest.java:84)
Please remove unnecessary stubbings or use &#039;silent&#039; option. More info: javadoc for UnnecessaryStubbingException class.">
      <![CDATA[org.mockito.exceptions.misusing.UnnecessaryStubbingException: 
Unnecessary stubbings detected.
Clean & maintainable test code requires zero unnecessary code.
Following stubbings are unnecessary (click to navigate to relevant line of code):
  1. -> at org.molgenis.data.security.permission.RoleMembershipServiceImplTest.addUserToNonExistingRole(RoleMembershipServiceImplTest.java:82)
  2. -> at org.molgenis.data.security.permission.RoleMembershipServiceImplTest.addUserToNonExistingRole(RoleMembershipServiceImplTest.java:83)
  3. -> at org.molgenis.data.security.permission.RoleMembershipServiceImplTest.addUserToNonExistingRole(RoleMembershipServiceImplTest.java:84)
Please remove unnecessary stubbings or use 'silent' option. More info: javadoc for UnnecessaryStubbingException class.
	at org.molgenis.test.AbstractMockitoTest.tearDownAfterMethod(AbstractMockitoTest.java:37)
	at sun.reflect.NativeMethodAccessorImpl.invoke0(Native Method)
	at sun.reflect.NativeMethodAccessorImpl.invoke(NativeMethodAccessorImpl.java:62)
	at sun.reflect.DelegatingMethodAccessorImpl.invoke(DelegatingMethodAccessorImpl.java:43)
	at java.lang.reflect.Method.invoke(Method.java:498)
	at org.testng.internal.MethodInvocationHelper.invokeMethod(MethodInvocationHelper.java:80)
	at org.testng.internal.Invoker.invokeConfigurationMethod(Invoker.java:564)
	at org.testng.internal.Invoker.invokeConfigurations(Invoker.java:213)
	at org.testng.internal.Invoker.invokeMethod(Invoker.java:786)
	at org.testng.internal.Invoker.invokeTestMethod(Invoker.java:901)
	at org.testng.internal.Invoker.invokeTestMethods(Invoker.java:1231)
	at org.testng.internal.TestMethodWorker.invokeTestMethods(TestMethodWorker.java:127)
	at org.testng.internal.TestMethodWorker.run(TestMethodWorker.java:111)
	at org.testng.TestRunner.privateRun(TestRunner.java:767)
	at org.testng.TestRunner.run(TestRunner.java:617)
	at org.testng.SuiteRunner.runTest(SuiteRunner.java:334)
	at org.testng.SuiteRunner.runSequentially(SuiteRunner.java:329)
	at org.testng.SuiteRunner.privateRun(SuiteRunner.java:291)
	at org.testng.SuiteRunner.run(SuiteRunner.java:240)
	at org.testng.SuiteRunnerWorker.runSuite(SuiteRunnerWorker.java:52)
	at org.testng.SuiteRunnerWorker.run(SuiteRunnerWorker.java:86)
	at org.testng.TestNG.runSuitesSequentially(TestNG.java:1198)
	at org.testng.TestNG.runSuitesLocally(TestNG.java:1123)
	at org.testng.TestNG.run(TestNG.java:1031)
	at org.apache.maven.surefire.testng.TestNGExecutor.run(TestNGExecutor.java:135)
	at org.apache.maven.surefire.testng.TestNGDirectoryTestSuite.executeMulti(TestNGDirectoryTestSuite.java:193)
	at org.apache.maven.surefire.testng.TestNGDirectoryTestSuite.execute(TestNGDirectoryTestSuite.java:94)
	at org.apache.maven.surefire.testng.TestNGProvider.invoke(TestNGProvider.java:146)
	at org.apache.maven.surefire.booter.ForkedBooter.invokeProviderInSameClassLoader(ForkedBooter.java:379)
	at org.apache.maven.surefire.booter.ForkedBooter.runSuitesInProcess(ForkedBooter.java:340)
	at org.apache.maven.surefire.booter.ForkedBooter.execute(ForkedBooter.java:125)
	at org.apache.maven.surefire.booter.ForkedBooter.main(ForkedBooter.java:413)
]]>
    </failure>
  </testcase> <!-- testHasSystemAttributePermittedExists -->
  <testcase name="testHasSystemEntityTypeNotExists" time="0.000" classname="org.molgenis.data.security.SystemEntityTypeRegistryImplTest">
    <failure type="org.mockito.exceptions.misusing.UnnecessaryStubbingException" message="
Unnecessary stubbings detected.
Clean &amp; maintainable test code requires zero unnecessary code.
Following stubbings are unnecessary (click to navigate to relevant line of code):
  1. -&gt; at org.molgenis.data.security.permission.RoleMembershipServiceImplTest.addUserToNonExistingRole(RoleMembershipServiceImplTest.java:82)
  2. -&gt; at org.molgenis.data.security.permission.RoleMembershipServiceImplTest.addUserToNonExistingRole(RoleMembershipServiceImplTest.java:83)
  3. -&gt; at org.molgenis.data.security.permission.RoleMembershipServiceImplTest.addUserToNonExistingRole(RoleMembershipServiceImplTest.java:84)
Please remove unnecessary stubbings or use &#039;silent&#039; option. More info: javadoc for UnnecessaryStubbingException class.">
      <![CDATA[org.mockito.exceptions.misusing.UnnecessaryStubbingException: 
Unnecessary stubbings detected.
Clean & maintainable test code requires zero unnecessary code.
Following stubbings are unnecessary (click to navigate to relevant line of code):
  1. -> at org.molgenis.data.security.permission.RoleMembershipServiceImplTest.addUserToNonExistingRole(RoleMembershipServiceImplTest.java:82)
  2. -> at org.molgenis.data.security.permission.RoleMembershipServiceImplTest.addUserToNonExistingRole(RoleMembershipServiceImplTest.java:83)
  3. -> at org.molgenis.data.security.permission.RoleMembershipServiceImplTest.addUserToNonExistingRole(RoleMembershipServiceImplTest.java:84)
Please remove unnecessary stubbings or use 'silent' option. More info: javadoc for UnnecessaryStubbingException class.
	at org.molgenis.test.AbstractMockitoTest.tearDownAfterMethod(AbstractMockitoTest.java:37)
	at sun.reflect.NativeMethodAccessorImpl.invoke0(Native Method)
	at sun.reflect.NativeMethodAccessorImpl.invoke(NativeMethodAccessorImpl.java:62)
	at sun.reflect.DelegatingMethodAccessorImpl.invoke(DelegatingMethodAccessorImpl.java:43)
	at java.lang.reflect.Method.invoke(Method.java:498)
	at org.testng.internal.MethodInvocationHelper.invokeMethod(MethodInvocationHelper.java:80)
	at org.testng.internal.Invoker.invokeConfigurationMethod(Invoker.java:564)
	at org.testng.internal.Invoker.invokeConfigurations(Invoker.java:213)
	at org.testng.internal.Invoker.invokeMethod(Invoker.java:786)
	at org.testng.internal.Invoker.invokeTestMethod(Invoker.java:901)
	at org.testng.internal.Invoker.invokeTestMethods(Invoker.java:1231)
	at org.testng.internal.TestMethodWorker.invokeTestMethods(TestMethodWorker.java:127)
	at org.testng.internal.TestMethodWorker.run(TestMethodWorker.java:111)
	at org.testng.TestRunner.privateRun(TestRunner.java:767)
	at org.testng.TestRunner.run(TestRunner.java:617)
	at org.testng.SuiteRunner.runTest(SuiteRunner.java:334)
	at org.testng.SuiteRunner.runSequentially(SuiteRunner.java:329)
	at org.testng.SuiteRunner.privateRun(SuiteRunner.java:291)
	at org.testng.SuiteRunner.run(SuiteRunner.java:240)
	at org.testng.SuiteRunnerWorker.runSuite(SuiteRunnerWorker.java:52)
	at org.testng.SuiteRunnerWorker.run(SuiteRunnerWorker.java:86)
	at org.testng.TestNG.runSuitesSequentially(TestNG.java:1198)
	at org.testng.TestNG.runSuitesLocally(TestNG.java:1123)
	at org.testng.TestNG.run(TestNG.java:1031)
	at org.apache.maven.surefire.testng.TestNGExecutor.run(TestNGExecutor.java:135)
	at org.apache.maven.surefire.testng.TestNGDirectoryTestSuite.executeMulti(TestNGDirectoryTestSuite.java:193)
	at org.apache.maven.surefire.testng.TestNGDirectoryTestSuite.execute(TestNGDirectoryTestSuite.java:94)
	at org.apache.maven.surefire.testng.TestNGProvider.invoke(TestNGProvider.java:146)
	at org.apache.maven.surefire.booter.ForkedBooter.invokeProviderInSameClassLoader(ForkedBooter.java:379)
	at org.apache.maven.surefire.booter.ForkedBooter.runSuitesInProcess(ForkedBooter.java:340)
	at org.apache.maven.surefire.booter.ForkedBooter.execute(ForkedBooter.java:125)
	at org.apache.maven.surefire.booter.ForkedBooter.main(ForkedBooter.java:413)
]]>
    </failure>
  </testcase> <!-- testHasSystemEntityTypeNotExists -->
  <testcase name="testGetSystemEntityTypePermitted" time="0.000" classname="org.molgenis.data.security.SystemEntityTypeRegistryImplTest">
    <failure type="org.mockito.exceptions.misusing.UnnecessaryStubbingException" message="
Unnecessary stubbings detected.
Clean &amp; maintainable test code requires zero unnecessary code.
Following stubbings are unnecessary (click to navigate to relevant line of code):
  1. -&gt; at org.molgenis.data.security.permission.RoleMembershipServiceImplTest.addUserToNonExistingRole(RoleMembershipServiceImplTest.java:82)
  2. -&gt; at org.molgenis.data.security.permission.RoleMembershipServiceImplTest.addUserToNonExistingRole(RoleMembershipServiceImplTest.java:83)
  3. -&gt; at org.molgenis.data.security.permission.RoleMembershipServiceImplTest.addUserToNonExistingRole(RoleMembershipServiceImplTest.java:84)
Please remove unnecessary stubbings or use &#039;silent&#039; option. More info: javadoc for UnnecessaryStubbingException class.">
      <![CDATA[org.mockito.exceptions.misusing.UnnecessaryStubbingException: 
Unnecessary stubbings detected.
Clean & maintainable test code requires zero unnecessary code.
Following stubbings are unnecessary (click to navigate to relevant line of code):
  1. -> at org.molgenis.data.security.permission.RoleMembershipServiceImplTest.addUserToNonExistingRole(RoleMembershipServiceImplTest.java:82)
  2. -> at org.molgenis.data.security.permission.RoleMembershipServiceImplTest.addUserToNonExistingRole(RoleMembershipServiceImplTest.java:83)
  3. -> at org.molgenis.data.security.permission.RoleMembershipServiceImplTest.addUserToNonExistingRole(RoleMembershipServiceImplTest.java:84)
Please remove unnecessary stubbings or use 'silent' option. More info: javadoc for UnnecessaryStubbingException class.
	at org.molgenis.test.AbstractMockitoTest.tearDownAfterMethod(AbstractMockitoTest.java:37)
	at sun.reflect.NativeMethodAccessorImpl.invoke0(Native Method)
	at sun.reflect.NativeMethodAccessorImpl.invoke(NativeMethodAccessorImpl.java:62)
	at sun.reflect.DelegatingMethodAccessorImpl.invoke(DelegatingMethodAccessorImpl.java:43)
	at java.lang.reflect.Method.invoke(Method.java:498)
	at org.testng.internal.MethodInvocationHelper.invokeMethod(MethodInvocationHelper.java:80)
	at org.testng.internal.Invoker.invokeConfigurationMethod(Invoker.java:564)
	at org.testng.internal.Invoker.invokeConfigurations(Invoker.java:213)
	at org.testng.internal.Invoker.invokeMethod(Invoker.java:786)
	at org.testng.internal.Invoker.invokeTestMethod(Invoker.java:901)
	at org.testng.internal.Invoker.invokeTestMethods(Invoker.java:1231)
	at org.testng.internal.TestMethodWorker.invokeTestMethods(TestMethodWorker.java:127)
	at org.testng.internal.TestMethodWorker.run(TestMethodWorker.java:111)
	at org.testng.TestRunner.privateRun(TestRunner.java:767)
	at org.testng.TestRunner.run(TestRunner.java:617)
	at org.testng.SuiteRunner.runTest(SuiteRunner.java:334)
	at org.testng.SuiteRunner.runSequentially(SuiteRunner.java:329)
	at org.testng.SuiteRunner.privateRun(SuiteRunner.java:291)
	at org.testng.SuiteRunner.run(SuiteRunner.java:240)
	at org.testng.SuiteRunnerWorker.runSuite(SuiteRunnerWorker.java:52)
	at org.testng.SuiteRunnerWorker.run(SuiteRunnerWorker.java:86)
	at org.testng.TestNG.runSuitesSequentially(TestNG.java:1198)
	at org.testng.TestNG.runSuitesLocally(TestNG.java:1123)
	at org.testng.TestNG.run(TestNG.java:1031)
	at org.apache.maven.surefire.testng.TestNGExecutor.run(TestNGExecutor.java:135)
	at org.apache.maven.surefire.testng.TestNGDirectoryTestSuite.executeMulti(TestNGDirectoryTestSuite.java:193)
	at org.apache.maven.surefire.testng.TestNGDirectoryTestSuite.execute(TestNGDirectoryTestSuite.java:94)
	at org.apache.maven.surefire.testng.TestNGProvider.invoke(TestNGProvider.java:146)
	at org.apache.maven.surefire.booter.ForkedBooter.invokeProviderInSameClassLoader(ForkedBooter.java:379)
	at org.apache.maven.surefire.booter.ForkedBooter.runSuitesInProcess(ForkedBooter.java:340)
	at org.apache.maven.surefire.booter.ForkedBooter.execute(ForkedBooter.java:125)
	at org.apache.maven.surefire.booter.ForkedBooter.main(ForkedBooter.java:413)
]]>
    </failure>
  </testcase> <!-- testGetSystemEntityTypePermitted -->
  <testcase name="testGetSystemAttributePermittedExists" time="0.001" classname="org.molgenis.data.security.SystemEntityTypeRegistryImplTest">
    <failure type="org.mockito.exceptions.misusing.UnnecessaryStubbingException" message="
Unnecessary stubbings detected.
Clean &amp; maintainable test code requires zero unnecessary code.
Following stubbings are unnecessary (click to navigate to relevant line of code):
  1. -&gt; at org.molgenis.data.security.permission.RoleMembershipServiceImplTest.addUserToNonExistingRole(RoleMembershipServiceImplTest.java:82)
  2. -&gt; at org.molgenis.data.security.permission.RoleMembershipServiceImplTest.addUserToNonExistingRole(RoleMembershipServiceImplTest.java:83)
  3. -&gt; at org.molgenis.data.security.permission.RoleMembershipServiceImplTest.addUserToNonExistingRole(RoleMembershipServiceImplTest.java:84)
Please remove unnecessary stubbings or use &#039;silent&#039; option. More info: javadoc for UnnecessaryStubbingException class.">
      <![CDATA[org.mockito.exceptions.misusing.UnnecessaryStubbingException: 
Unnecessary stubbings detected.
Clean & maintainable test code requires zero unnecessary code.
Following stubbings are unnecessary (click to navigate to relevant line of code):
  1. -> at org.molgenis.data.security.permission.RoleMembershipServiceImplTest.addUserToNonExistingRole(RoleMembershipServiceImplTest.java:82)
  2. -> at org.molgenis.data.security.permission.RoleMembershipServiceImplTest.addUserToNonExistingRole(RoleMembershipServiceImplTest.java:83)
  3. -> at org.molgenis.data.security.permission.RoleMembershipServiceImplTest.addUserToNonExistingRole(RoleMembershipServiceImplTest.java:84)
Please remove unnecessary stubbings or use 'silent' option. More info: javadoc for UnnecessaryStubbingException class.
	at org.molgenis.test.AbstractMockitoTest.tearDownAfterMethod(AbstractMockitoTest.java:37)
	at sun.reflect.NativeMethodAccessorImpl.invoke0(Native Method)
	at sun.reflect.NativeMethodAccessorImpl.invoke(NativeMethodAccessorImpl.java:62)
	at sun.reflect.DelegatingMethodAccessorImpl.invoke(DelegatingMethodAccessorImpl.java:43)
	at java.lang.reflect.Method.invoke(Method.java:498)
	at org.testng.internal.MethodInvocationHelper.invokeMethod(MethodInvocationHelper.java:80)
	at org.testng.internal.Invoker.invokeConfigurationMethod(Invoker.java:564)
	at org.testng.internal.Invoker.invokeConfigurations(Invoker.java:213)
	at org.testng.internal.Invoker.invokeMethod(Invoker.java:786)
	at org.testng.internal.Invoker.invokeTestMethod(Invoker.java:901)
	at org.testng.internal.Invoker.invokeTestMethods(Invoker.java:1231)
	at org.testng.internal.TestMethodWorker.invokeTestMethods(TestMethodWorker.java:127)
	at org.testng.internal.TestMethodWorker.run(TestMethodWorker.java:111)
	at org.testng.TestRunner.privateRun(TestRunner.java:767)
	at org.testng.TestRunner.run(TestRunner.java:617)
	at org.testng.SuiteRunner.runTest(SuiteRunner.java:334)
	at org.testng.SuiteRunner.runSequentially(SuiteRunner.java:329)
	at org.testng.SuiteRunner.privateRun(SuiteRunner.java:291)
	at org.testng.SuiteRunner.run(SuiteRunner.java:240)
	at org.testng.SuiteRunnerWorker.runSuite(SuiteRunnerWorker.java:52)
	at org.testng.SuiteRunnerWorker.run(SuiteRunnerWorker.java:86)
	at org.testng.TestNG.runSuitesSequentially(TestNG.java:1198)
	at org.testng.TestNG.runSuitesLocally(TestNG.java:1123)
	at org.testng.TestNG.run(TestNG.java:1031)
	at org.apache.maven.surefire.testng.TestNGExecutor.run(TestNGExecutor.java:135)
	at org.apache.maven.surefire.testng.TestNGDirectoryTestSuite.executeMulti(TestNGDirectoryTestSuite.java:193)
	at org.apache.maven.surefire.testng.TestNGDirectoryTestSuite.execute(TestNGDirectoryTestSuite.java:94)
	at org.apache.maven.surefire.testng.TestNGProvider.invoke(TestNGProvider.java:146)
	at org.apache.maven.surefire.booter.ForkedBooter.invokeProviderInSameClassLoader(ForkedBooter.java:379)
	at org.apache.maven.surefire.booter.ForkedBooter.runSuitesInProcess(ForkedBooter.java:340)
	at org.apache.maven.surefire.booter.ForkedBooter.execute(ForkedBooter.java:125)
	at org.apache.maven.surefire.booter.ForkedBooter.main(ForkedBooter.java:413)
]]>
    </failure>
  </testcase> <!-- testGetSystemAttributePermittedExists -->
  <testcase name="testGetSystemAttributeCompoundNotExists" time="0.000" classname="org.molgenis.data.security.SystemEntityTypeRegistryImplTest">
    <failure type="org.mockito.exceptions.misusing.UnnecessaryStubbingException" message="
Unnecessary stubbings detected.
Clean &amp; maintainable test code requires zero unnecessary code.
Following stubbings are unnecessary (click to navigate to relevant line of code):
  1. -&gt; at org.molgenis.data.security.permission.RoleMembershipServiceImplTest.addUserToNonExistingRole(RoleMembershipServiceImplTest.java:82)
  2. -&gt; at org.molgenis.data.security.permission.RoleMembershipServiceImplTest.addUserToNonExistingRole(RoleMembershipServiceImplTest.java:83)
  3. -&gt; at org.molgenis.data.security.permission.RoleMembershipServiceImplTest.addUserToNonExistingRole(RoleMembershipServiceImplTest.java:84)
Please remove unnecessary stubbings or use &#039;silent&#039; option. More info: javadoc for UnnecessaryStubbingException class.">
      <![CDATA[org.mockito.exceptions.misusing.UnnecessaryStubbingException: 
Unnecessary stubbings detected.
Clean & maintainable test code requires zero unnecessary code.
Following stubbings are unnecessary (click to navigate to relevant line of code):
  1. -> at org.molgenis.data.security.permission.RoleMembershipServiceImplTest.addUserToNonExistingRole(RoleMembershipServiceImplTest.java:82)
  2. -> at org.molgenis.data.security.permission.RoleMembershipServiceImplTest.addUserToNonExistingRole(RoleMembershipServiceImplTest.java:83)
  3. -> at org.molgenis.data.security.permission.RoleMembershipServiceImplTest.addUserToNonExistingRole(RoleMembershipServiceImplTest.java:84)
Please remove unnecessary stubbings or use 'silent' option. More info: javadoc for UnnecessaryStubbingException class.
	at org.molgenis.test.AbstractMockitoTest.tearDownAfterMethod(AbstractMockitoTest.java:37)
	at sun.reflect.NativeMethodAccessorImpl.invoke0(Native Method)
	at sun.reflect.NativeMethodAccessorImpl.invoke(NativeMethodAccessorImpl.java:62)
	at sun.reflect.DelegatingMethodAccessorImpl.invoke(DelegatingMethodAccessorImpl.java:43)
	at java.lang.reflect.Method.invoke(Method.java:498)
	at org.testng.internal.MethodInvocationHelper.invokeMethod(MethodInvocationHelper.java:80)
	at org.testng.internal.Invoker.invokeConfigurationMethod(Invoker.java:564)
	at org.testng.internal.Invoker.invokeConfigurations(Invoker.java:213)
	at org.testng.internal.Invoker.invokeMethod(Invoker.java:786)
	at org.testng.internal.Invoker.invokeTestMethod(Invoker.java:901)
	at org.testng.internal.Invoker.invokeTestMethods(Invoker.java:1231)
	at org.testng.internal.TestMethodWorker.invokeTestMethods(TestMethodWorker.java:127)
	at org.testng.internal.TestMethodWorker.run(TestMethodWorker.java:111)
	at org.testng.TestRunner.privateRun(TestRunner.java:767)
	at org.testng.TestRunner.run(TestRunner.java:617)
	at org.testng.SuiteRunner.runTest(SuiteRunner.java:334)
	at org.testng.SuiteRunner.runSequentially(SuiteRunner.java:329)
	at org.testng.SuiteRunner.privateRun(SuiteRunner.java:291)
	at org.testng.SuiteRunner.run(SuiteRunner.java:240)
	at org.testng.SuiteRunnerWorker.runSuite(SuiteRunnerWorker.java:52)
	at org.testng.SuiteRunnerWorker.run(SuiteRunnerWorker.java:86)
	at org.testng.TestNG.runSuitesSequentially(TestNG.java:1198)
	at org.testng.TestNG.runSuitesLocally(TestNG.java:1123)
	at org.testng.TestNG.run(TestNG.java:1031)
	at org.apache.maven.surefire.testng.TestNGExecutor.run(TestNGExecutor.java:135)
	at org.apache.maven.surefire.testng.TestNGDirectoryTestSuite.executeMulti(TestNGDirectoryTestSuite.java:193)
	at org.apache.maven.surefire.testng.TestNGDirectoryTestSuite.execute(TestNGDirectoryTestSuite.java:94)
	at org.apache.maven.surefire.testng.TestNGProvider.invoke(TestNGProvider.java:146)
	at org.apache.maven.surefire.booter.ForkedBooter.invokeProviderInSameClassLoader(ForkedBooter.java:379)
	at org.apache.maven.surefire.booter.ForkedBooter.runSuitesInProcess(ForkedBooter.java:340)
	at org.apache.maven.surefire.booter.ForkedBooter.execute(ForkedBooter.java:125)
	at org.apache.maven.surefire.booter.ForkedBooter.main(ForkedBooter.java:413)
]]>
    </failure>
  </testcase> <!-- testGetSystemAttributeCompoundNotExists -->
  <testcase name="testHasSystemAttributeNotPermitted" time="0.000" classname="org.molgenis.data.security.SystemEntityTypeRegistryImplTest">
    <failure type="org.mockito.exceptions.misusing.UnnecessaryStubbingException" message="
Unnecessary stubbings detected.
Clean &amp; maintainable test code requires zero unnecessary code.
Following stubbings are unnecessary (click to navigate to relevant line of code):
  1. -&gt; at org.molgenis.data.security.permission.RoleMembershipServiceImplTest.addUserToNonExistingRole(RoleMembershipServiceImplTest.java:82)
  2. -&gt; at org.molgenis.data.security.permission.RoleMembershipServiceImplTest.addUserToNonExistingRole(RoleMembershipServiceImplTest.java:83)
  3. -&gt; at org.molgenis.data.security.permission.RoleMembershipServiceImplTest.addUserToNonExistingRole(RoleMembershipServiceImplTest.java:84)
Please remove unnecessary stubbings or use &#039;silent&#039; option. More info: javadoc for UnnecessaryStubbingException class.">
      <![CDATA[org.mockito.exceptions.misusing.UnnecessaryStubbingException: 
Unnecessary stubbings detected.
Clean & maintainable test code requires zero unnecessary code.
Following stubbings are unnecessary (click to navigate to relevant line of code):
  1. -> at org.molgenis.data.security.permission.RoleMembershipServiceImplTest.addUserToNonExistingRole(RoleMembershipServiceImplTest.java:82)
  2. -> at org.molgenis.data.security.permission.RoleMembershipServiceImplTest.addUserToNonExistingRole(RoleMembershipServiceImplTest.java:83)
  3. -> at org.molgenis.data.security.permission.RoleMembershipServiceImplTest.addUserToNonExistingRole(RoleMembershipServiceImplTest.java:84)
Please remove unnecessary stubbings or use 'silent' option. More info: javadoc for UnnecessaryStubbingException class.
	at org.molgenis.test.AbstractMockitoTest.tearDownAfterMethod(AbstractMockitoTest.java:37)
	at sun.reflect.NativeMethodAccessorImpl.invoke0(Native Method)
	at sun.reflect.NativeMethodAccessorImpl.invoke(NativeMethodAccessorImpl.java:62)
	at sun.reflect.DelegatingMethodAccessorImpl.invoke(DelegatingMethodAccessorImpl.java:43)
	at java.lang.reflect.Method.invoke(Method.java:498)
	at org.testng.internal.MethodInvocationHelper.invokeMethod(MethodInvocationHelper.java:80)
	at org.testng.internal.Invoker.invokeConfigurationMethod(Invoker.java:564)
	at org.testng.internal.Invoker.invokeConfigurations(Invoker.java:213)
	at org.testng.internal.Invoker.invokeMethod(Invoker.java:786)
	at org.testng.internal.Invoker.invokeTestMethod(Invoker.java:901)
	at org.testng.internal.Invoker.invokeTestMethods(Invoker.java:1231)
	at org.testng.internal.TestMethodWorker.invokeTestMethods(TestMethodWorker.java:127)
	at org.testng.internal.TestMethodWorker.run(TestMethodWorker.java:111)
	at org.testng.TestRunner.privateRun(TestRunner.java:767)
	at org.testng.TestRunner.run(TestRunner.java:617)
	at org.testng.SuiteRunner.runTest(SuiteRunner.java:334)
	at org.testng.SuiteRunner.runSequentially(SuiteRunner.java:329)
	at org.testng.SuiteRunner.privateRun(SuiteRunner.java:291)
	at org.testng.SuiteRunner.run(SuiteRunner.java:240)
	at org.testng.SuiteRunnerWorker.runSuite(SuiteRunnerWorker.java:52)
	at org.testng.SuiteRunnerWorker.run(SuiteRunnerWorker.java:86)
	at org.testng.TestNG.runSuitesSequentially(TestNG.java:1198)
	at org.testng.TestNG.runSuitesLocally(TestNG.java:1123)
	at org.testng.TestNG.run(TestNG.java:1031)
	at org.apache.maven.surefire.testng.TestNGExecutor.run(TestNGExecutor.java:135)
	at org.apache.maven.surefire.testng.TestNGDirectoryTestSuite.executeMulti(TestNGDirectoryTestSuite.java:193)
	at org.apache.maven.surefire.testng.TestNGDirectoryTestSuite.execute(TestNGDirectoryTestSuite.java:94)
	at org.apache.maven.surefire.testng.TestNGProvider.invoke(TestNGProvider.java:146)
	at org.apache.maven.surefire.booter.ForkedBooter.invokeProviderInSameClassLoader(ForkedBooter.java:379)
	at org.apache.maven.surefire.booter.ForkedBooter.runSuitesInProcess(ForkedBooter.java:340)
	at org.apache.maven.surefire.booter.ForkedBooter.execute(ForkedBooter.java:125)
	at org.apache.maven.surefire.booter.ForkedBooter.main(ForkedBooter.java:413)
]]>
    </failure>
  </testcase> <!-- testHasSystemAttributeNotPermitted -->
  <testcase name="testGetSystemEntityTypesPermitted" time="0.000" classname="org.molgenis.data.security.SystemEntityTypeRegistryImplTest">
    <failure type="org.mockito.exceptions.misusing.UnnecessaryStubbingException" message="
Unnecessary stubbings detected.
Clean &amp; maintainable test code requires zero unnecessary code.
Following stubbings are unnecessary (click to navigate to relevant line of code):
  1. -&gt; at org.molgenis.data.security.permission.RoleMembershipServiceImplTest.addUserToNonExistingRole(RoleMembershipServiceImplTest.java:82)
  2. -&gt; at org.molgenis.data.security.permission.RoleMembershipServiceImplTest.addUserToNonExistingRole(RoleMembershipServiceImplTest.java:83)
  3. -&gt; at org.molgenis.data.security.permission.RoleMembershipServiceImplTest.addUserToNonExistingRole(RoleMembershipServiceImplTest.java:84)
Please remove unnecessary stubbings or use &#039;silent&#039; option. More info: javadoc for UnnecessaryStubbingException class.">
      <![CDATA[org.mockito.exceptions.misusing.UnnecessaryStubbingException: 
Unnecessary stubbings detected.
Clean & maintainable test code requires zero unnecessary code.
Following stubbings are unnecessary (click to navigate to relevant line of code):
  1. -> at org.molgenis.data.security.permission.RoleMembershipServiceImplTest.addUserToNonExistingRole(RoleMembershipServiceImplTest.java:82)
  2. -> at org.molgenis.data.security.permission.RoleMembershipServiceImplTest.addUserToNonExistingRole(RoleMembershipServiceImplTest.java:83)
  3. -> at org.molgenis.data.security.permission.RoleMembershipServiceImplTest.addUserToNonExistingRole(RoleMembershipServiceImplTest.java:84)
Please remove unnecessary stubbings or use 'silent' option. More info: javadoc for UnnecessaryStubbingException class.
	at org.molgenis.test.AbstractMockitoTest.tearDownAfterMethod(AbstractMockitoTest.java:37)
	at sun.reflect.NativeMethodAccessorImpl.invoke0(Native Method)
	at sun.reflect.NativeMethodAccessorImpl.invoke(NativeMethodAccessorImpl.java:62)
	at sun.reflect.DelegatingMethodAccessorImpl.invoke(DelegatingMethodAccessorImpl.java:43)
	at java.lang.reflect.Method.invoke(Method.java:498)
	at org.testng.internal.MethodInvocationHelper.invokeMethod(MethodInvocationHelper.java:80)
	at org.testng.internal.Invoker.invokeConfigurationMethod(Invoker.java:564)
	at org.testng.internal.Invoker.invokeConfigurations(Invoker.java:213)
	at org.testng.internal.Invoker.invokeMethod(Invoker.java:786)
	at org.testng.internal.Invoker.invokeTestMethod(Invoker.java:901)
	at org.testng.internal.Invoker.invokeTestMethods(Invoker.java:1231)
	at org.testng.internal.TestMethodWorker.invokeTestMethods(TestMethodWorker.java:127)
	at org.testng.internal.TestMethodWorker.run(TestMethodWorker.java:111)
	at org.testng.TestRunner.privateRun(TestRunner.java:767)
	at org.testng.TestRunner.run(TestRunner.java:617)
	at org.testng.SuiteRunner.runTest(SuiteRunner.java:334)
	at org.testng.SuiteRunner.runSequentially(SuiteRunner.java:329)
	at org.testng.SuiteRunner.privateRun(SuiteRunner.java:291)
	at org.testng.SuiteRunner.run(SuiteRunner.java:240)
	at org.testng.SuiteRunnerWorker.runSuite(SuiteRunnerWorker.java:52)
	at org.testng.SuiteRunnerWorker.run(SuiteRunnerWorker.java:86)
	at org.testng.TestNG.runSuitesSequentially(TestNG.java:1198)
	at org.testng.TestNG.runSuitesLocally(TestNG.java:1123)
	at org.testng.TestNG.run(TestNG.java:1031)
	at org.apache.maven.surefire.testng.TestNGExecutor.run(TestNGExecutor.java:135)
	at org.apache.maven.surefire.testng.TestNGDirectoryTestSuite.executeMulti(TestNGDirectoryTestSuite.java:193)
	at org.apache.maven.surefire.testng.TestNGDirectoryTestSuite.execute(TestNGDirectoryTestSuite.java:94)
	at org.apache.maven.surefire.testng.TestNGProvider.invoke(TestNGProvider.java:146)
	at org.apache.maven.surefire.booter.ForkedBooter.invokeProviderInSameClassLoader(ForkedBooter.java:379)
	at org.apache.maven.surefire.booter.ForkedBooter.runSuitesInProcess(ForkedBooter.java:340)
	at org.apache.maven.surefire.booter.ForkedBooter.execute(ForkedBooter.java:125)
	at org.apache.maven.surefire.booter.ForkedBooter.main(ForkedBooter.java:413)
]]>
    </failure>
  </testcase> <!-- testGetSystemEntityTypesPermitted -->
  <testcase name="testGetSystemAttributePermittedNotExists" time="0.001" classname="org.molgenis.data.security.SystemEntityTypeRegistryImplTest">
    <failure type="org.mockito.exceptions.misusing.UnnecessaryStubbingException" message="
Unnecessary stubbings detected.
Clean &amp; maintainable test code requires zero unnecessary code.
Following stubbings are unnecessary (click to navigate to relevant line of code):
  1. -&gt; at org.molgenis.data.security.permission.RoleMembershipServiceImplTest.addUserToNonExistingRole(RoleMembershipServiceImplTest.java:82)
  2. -&gt; at org.molgenis.data.security.permission.RoleMembershipServiceImplTest.addUserToNonExistingRole(RoleMembershipServiceImplTest.java:83)
  3. -&gt; at org.molgenis.data.security.permission.RoleMembershipServiceImplTest.addUserToNonExistingRole(RoleMembershipServiceImplTest.java:84)
Please remove unnecessary stubbings or use &#039;silent&#039; option. More info: javadoc for UnnecessaryStubbingException class.">
      <![CDATA[org.mockito.exceptions.misusing.UnnecessaryStubbingException: 
Unnecessary stubbings detected.
Clean & maintainable test code requires zero unnecessary code.
Following stubbings are unnecessary (click to navigate to relevant line of code):
  1. -> at org.molgenis.data.security.permission.RoleMembershipServiceImplTest.addUserToNonExistingRole(RoleMembershipServiceImplTest.java:82)
  2. -> at org.molgenis.data.security.permission.RoleMembershipServiceImplTest.addUserToNonExistingRole(RoleMembershipServiceImplTest.java:83)
  3. -> at org.molgenis.data.security.permission.RoleMembershipServiceImplTest.addUserToNonExistingRole(RoleMembershipServiceImplTest.java:84)
Please remove unnecessary stubbings or use 'silent' option. More info: javadoc for UnnecessaryStubbingException class.
	at org.molgenis.test.AbstractMockitoTest.tearDownAfterMethod(AbstractMockitoTest.java:37)
	at sun.reflect.NativeMethodAccessorImpl.invoke0(Native Method)
	at sun.reflect.NativeMethodAccessorImpl.invoke(NativeMethodAccessorImpl.java:62)
	at sun.reflect.DelegatingMethodAccessorImpl.invoke(DelegatingMethodAccessorImpl.java:43)
	at java.lang.reflect.Method.invoke(Method.java:498)
	at org.testng.internal.MethodInvocationHelper.invokeMethod(MethodInvocationHelper.java:80)
	at org.testng.internal.Invoker.invokeConfigurationMethod(Invoker.java:564)
	at org.testng.internal.Invoker.invokeConfigurations(Invoker.java:213)
	at org.testng.internal.Invoker.invokeMethod(Invoker.java:786)
	at org.testng.internal.Invoker.invokeTestMethod(Invoker.java:901)
	at org.testng.internal.Invoker.invokeTestMethods(Invoker.java:1231)
	at org.testng.internal.TestMethodWorker.invokeTestMethods(TestMethodWorker.java:127)
	at org.testng.internal.TestMethodWorker.run(TestMethodWorker.java:111)
	at org.testng.TestRunner.privateRun(TestRunner.java:767)
	at org.testng.TestRunner.run(TestRunner.java:617)
	at org.testng.SuiteRunner.runTest(SuiteRunner.java:334)
	at org.testng.SuiteRunner.runSequentially(SuiteRunner.java:329)
	at org.testng.SuiteRunner.privateRun(SuiteRunner.java:291)
	at org.testng.SuiteRunner.run(SuiteRunner.java:240)
	at org.testng.SuiteRunnerWorker.runSuite(SuiteRunnerWorker.java:52)
	at org.testng.SuiteRunnerWorker.run(SuiteRunnerWorker.java:86)
	at org.testng.TestNG.runSuitesSequentially(TestNG.java:1198)
	at org.testng.TestNG.runSuitesLocally(TestNG.java:1123)
	at org.testng.TestNG.run(TestNG.java:1031)
	at org.apache.maven.surefire.testng.TestNGExecutor.run(TestNGExecutor.java:135)
	at org.apache.maven.surefire.testng.TestNGDirectoryTestSuite.executeMulti(TestNGDirectoryTestSuite.java:193)
	at org.apache.maven.surefire.testng.TestNGDirectoryTestSuite.execute(TestNGDirectoryTestSuite.java:94)
	at org.apache.maven.surefire.testng.TestNGProvider.invoke(TestNGProvider.java:146)
	at org.apache.maven.surefire.booter.ForkedBooter.invokeProviderInSameClassLoader(ForkedBooter.java:379)
	at org.apache.maven.surefire.booter.ForkedBooter.runSuitesInProcess(ForkedBooter.java:340)
	at org.apache.maven.surefire.booter.ForkedBooter.execute(ForkedBooter.java:125)
	at org.apache.maven.surefire.booter.ForkedBooter.main(ForkedBooter.java:413)
]]>
    </failure>
  </testcase> <!-- testGetSystemAttributePermittedNotExists -->
  <testcase name="testGetSystemAttributeNotPermitted" time="0.000" classname="org.molgenis.data.security.SystemEntityTypeRegistryImplTest">
    <failure type="org.mockito.exceptions.misusing.UnnecessaryStubbingException" message="
Unnecessary stubbings detected.
Clean &amp; maintainable test code requires zero unnecessary code.
Following stubbings are unnecessary (click to navigate to relevant line of code):
  1. -&gt; at org.molgenis.data.security.permission.RoleMembershipServiceImplTest.addUserToNonExistingRole(RoleMembershipServiceImplTest.java:82)
  2. -&gt; at org.molgenis.data.security.permission.RoleMembershipServiceImplTest.addUserToNonExistingRole(RoleMembershipServiceImplTest.java:83)
  3. -&gt; at org.molgenis.data.security.permission.RoleMembershipServiceImplTest.addUserToNonExistingRole(RoleMembershipServiceImplTest.java:84)
Please remove unnecessary stubbings or use &#039;silent&#039; option. More info: javadoc for UnnecessaryStubbingException class.">
      <![CDATA[org.mockito.exceptions.misusing.UnnecessaryStubbingException: 
Unnecessary stubbings detected.
Clean & maintainable test code requires zero unnecessary code.
Following stubbings are unnecessary (click to navigate to relevant line of code):
  1. -> at org.molgenis.data.security.permission.RoleMembershipServiceImplTest.addUserToNonExistingRole(RoleMembershipServiceImplTest.java:82)
  2. -> at org.molgenis.data.security.permission.RoleMembershipServiceImplTest.addUserToNonExistingRole(RoleMembershipServiceImplTest.java:83)
  3. -> at org.molgenis.data.security.permission.RoleMembershipServiceImplTest.addUserToNonExistingRole(RoleMembershipServiceImplTest.java:84)
Please remove unnecessary stubbings or use 'silent' option. More info: javadoc for UnnecessaryStubbingException class.
	at org.molgenis.test.AbstractMockitoTest.tearDownAfterMethod(AbstractMockitoTest.java:37)
	at sun.reflect.NativeMethodAccessorImpl.invoke0(Native Method)
	at sun.reflect.NativeMethodAccessorImpl.invoke(NativeMethodAccessorImpl.java:62)
	at sun.reflect.DelegatingMethodAccessorImpl.invoke(DelegatingMethodAccessorImpl.java:43)
	at java.lang.reflect.Method.invoke(Method.java:498)
	at org.testng.internal.MethodInvocationHelper.invokeMethod(MethodInvocationHelper.java:80)
	at org.testng.internal.Invoker.invokeConfigurationMethod(Invoker.java:564)
	at org.testng.internal.Invoker.invokeConfigurations(Invoker.java:213)
	at org.testng.internal.Invoker.invokeMethod(Invoker.java:786)
	at org.testng.internal.Invoker.invokeTestMethod(Invoker.java:901)
	at org.testng.internal.Invoker.invokeTestMethods(Invoker.java:1231)
	at org.testng.internal.TestMethodWorker.invokeTestMethods(TestMethodWorker.java:127)
	at org.testng.internal.TestMethodWorker.run(TestMethodWorker.java:111)
	at org.testng.TestRunner.privateRun(TestRunner.java:767)
	at org.testng.TestRunner.run(TestRunner.java:617)
	at org.testng.SuiteRunner.runTest(SuiteRunner.java:334)
	at org.testng.SuiteRunner.runSequentially(SuiteRunner.java:329)
	at org.testng.SuiteRunner.privateRun(SuiteRunner.java:291)
	at org.testng.SuiteRunner.run(SuiteRunner.java:240)
	at org.testng.SuiteRunnerWorker.runSuite(SuiteRunnerWorker.java:52)
	at org.testng.SuiteRunnerWorker.run(SuiteRunnerWorker.java:86)
	at org.testng.TestNG.runSuitesSequentially(TestNG.java:1198)
	at org.testng.TestNG.runSuitesLocally(TestNG.java:1123)
	at org.testng.TestNG.run(TestNG.java:1031)
	at org.apache.maven.surefire.testng.TestNGExecutor.run(TestNGExecutor.java:135)
	at org.apache.maven.surefire.testng.TestNGDirectoryTestSuite.executeMulti(TestNGDirectoryTestSuite.java:193)
	at org.apache.maven.surefire.testng.TestNGDirectoryTestSuite.execute(TestNGDirectoryTestSuite.java:94)
	at org.apache.maven.surefire.testng.TestNGProvider.invoke(TestNGProvider.java:146)
	at org.apache.maven.surefire.booter.ForkedBooter.invokeProviderInSameClassLoader(ForkedBooter.java:379)
	at org.apache.maven.surefire.booter.ForkedBooter.runSuitesInProcess(ForkedBooter.java:340)
	at org.apache.maven.surefire.booter.ForkedBooter.execute(ForkedBooter.java:125)
	at org.apache.maven.surefire.booter.ForkedBooter.main(ForkedBooter.java:413)
]]>
    </failure>
  </testcase> <!-- testGetSystemAttributeNotPermitted -->
  <testcase name="testGetSystemAttributeCompound" time="0.000" classname="org.molgenis.data.security.SystemEntityTypeRegistryImplTest">
    <failure type="org.mockito.exceptions.misusing.UnnecessaryStubbingException" message="
Unnecessary stubbings detected.
Clean &amp; maintainable test code requires zero unnecessary code.
Following stubbings are unnecessary (click to navigate to relevant line of code):
  1. -&gt; at org.molgenis.data.security.permission.RoleMembershipServiceImplTest.addUserToNonExistingRole(RoleMembershipServiceImplTest.java:82)
  2. -&gt; at org.molgenis.data.security.permission.RoleMembershipServiceImplTest.addUserToNonExistingRole(RoleMembershipServiceImplTest.java:83)
  3. -&gt; at org.molgenis.data.security.permission.RoleMembershipServiceImplTest.addUserToNonExistingRole(RoleMembershipServiceImplTest.java:84)
Please remove unnecessary stubbings or use &#039;silent&#039; option. More info: javadoc for UnnecessaryStubbingException class.">
      <![CDATA[org.mockito.exceptions.misusing.UnnecessaryStubbingException: 
Unnecessary stubbings detected.
Clean & maintainable test code requires zero unnecessary code.
Following stubbings are unnecessary (click to navigate to relevant line of code):
  1. -> at org.molgenis.data.security.permission.RoleMembershipServiceImplTest.addUserToNonExistingRole(RoleMembershipServiceImplTest.java:82)
  2. -> at org.molgenis.data.security.permission.RoleMembershipServiceImplTest.addUserToNonExistingRole(RoleMembershipServiceImplTest.java:83)
  3. -> at org.molgenis.data.security.permission.RoleMembershipServiceImplTest.addUserToNonExistingRole(RoleMembershipServiceImplTest.java:84)
Please remove unnecessary stubbings or use 'silent' option. More info: javadoc for UnnecessaryStubbingException class.
	at org.molgenis.test.AbstractMockitoTest.tearDownAfterMethod(AbstractMockitoTest.java:37)
	at sun.reflect.NativeMethodAccessorImpl.invoke0(Native Method)
	at sun.reflect.NativeMethodAccessorImpl.invoke(NativeMethodAccessorImpl.java:62)
	at sun.reflect.DelegatingMethodAccessorImpl.invoke(DelegatingMethodAccessorImpl.java:43)
	at java.lang.reflect.Method.invoke(Method.java:498)
	at org.testng.internal.MethodInvocationHelper.invokeMethod(MethodInvocationHelper.java:80)
	at org.testng.internal.Invoker.invokeConfigurationMethod(Invoker.java:564)
	at org.testng.internal.Invoker.invokeConfigurations(Invoker.java:213)
	at org.testng.internal.Invoker.invokeMethod(Invoker.java:786)
	at org.testng.internal.Invoker.invokeTestMethod(Invoker.java:901)
	at org.testng.internal.Invoker.invokeTestMethods(Invoker.java:1231)
	at org.testng.internal.TestMethodWorker.invokeTestMethods(TestMethodWorker.java:127)
	at org.testng.internal.TestMethodWorker.run(TestMethodWorker.java:111)
	at org.testng.TestRunner.privateRun(TestRunner.java:767)
	at org.testng.TestRunner.run(TestRunner.java:617)
	at org.testng.SuiteRunner.runTest(SuiteRunner.java:334)
	at org.testng.SuiteRunner.runSequentially(SuiteRunner.java:329)
	at org.testng.SuiteRunner.privateRun(SuiteRunner.java:291)
	at org.testng.SuiteRunner.run(SuiteRunner.java:240)
	at org.testng.SuiteRunnerWorker.runSuite(SuiteRunnerWorker.java:52)
	at org.testng.SuiteRunnerWorker.run(SuiteRunnerWorker.java:86)
	at org.testng.TestNG.runSuitesSequentially(TestNG.java:1198)
	at org.testng.TestNG.runSuitesLocally(TestNG.java:1123)
	at org.testng.TestNG.run(TestNG.java:1031)
	at org.apache.maven.surefire.testng.TestNGExecutor.run(TestNGExecutor.java:135)
	at org.apache.maven.surefire.testng.TestNGDirectoryTestSuite.executeMulti(TestNGDirectoryTestSuite.java:193)
	at org.apache.maven.surefire.testng.TestNGDirectoryTestSuite.execute(TestNGDirectoryTestSuite.java:94)
	at org.apache.maven.surefire.testng.TestNGProvider.invoke(TestNGProvider.java:146)
	at org.apache.maven.surefire.booter.ForkedBooter.invokeProviderInSameClassLoader(ForkedBooter.java:379)
	at org.apache.maven.surefire.booter.ForkedBooter.runSuitesInProcess(ForkedBooter.java:340)
	at org.apache.maven.surefire.booter.ForkedBooter.execute(ForkedBooter.java:125)
	at org.apache.maven.surefire.booter.ForkedBooter.main(ForkedBooter.java:413)
]]>
    </failure>
  </testcase> <!-- testGetSystemAttributeCompound -->
  <testcase name="testGetSystemEntityTypeNotPermitted" time="0.000" classname="org.molgenis.data.security.SystemEntityTypeRegistryImplTest">
    <failure type="org.mockito.exceptions.misusing.UnnecessaryStubbingException" message="
Unnecessary stubbings detected.
Clean &amp; maintainable test code requires zero unnecessary code.
Following stubbings are unnecessary (click to navigate to relevant line of code):
  1. -&gt; at org.molgenis.data.security.permission.RoleMembershipServiceImplTest.addUserToNonExistingRole(RoleMembershipServiceImplTest.java:82)
  2. -&gt; at org.molgenis.data.security.permission.RoleMembershipServiceImplTest.addUserToNonExistingRole(RoleMembershipServiceImplTest.java:83)
  3. -&gt; at org.molgenis.data.security.permission.RoleMembershipServiceImplTest.addUserToNonExistingRole(RoleMembershipServiceImplTest.java:84)
Please remove unnecessary stubbings or use &#039;silent&#039; option. More info: javadoc for UnnecessaryStubbingException class.">
      <![CDATA[org.mockito.exceptions.misusing.UnnecessaryStubbingException: 
Unnecessary stubbings detected.
Clean & maintainable test code requires zero unnecessary code.
Following stubbings are unnecessary (click to navigate to relevant line of code):
  1. -> at org.molgenis.data.security.permission.RoleMembershipServiceImplTest.addUserToNonExistingRole(RoleMembershipServiceImplTest.java:82)
  2. -> at org.molgenis.data.security.permission.RoleMembershipServiceImplTest.addUserToNonExistingRole(RoleMembershipServiceImplTest.java:83)
  3. -> at org.molgenis.data.security.permission.RoleMembershipServiceImplTest.addUserToNonExistingRole(RoleMembershipServiceImplTest.java:84)
Please remove unnecessary stubbings or use 'silent' option. More info: javadoc for UnnecessaryStubbingException class.
	at org.molgenis.test.AbstractMockitoTest.tearDownAfterMethod(AbstractMockitoTest.java:37)
	at sun.reflect.NativeMethodAccessorImpl.invoke0(Native Method)
	at sun.reflect.NativeMethodAccessorImpl.invoke(NativeMethodAccessorImpl.java:62)
	at sun.reflect.DelegatingMethodAccessorImpl.invoke(DelegatingMethodAccessorImpl.java:43)
	at java.lang.reflect.Method.invoke(Method.java:498)
	at org.testng.internal.MethodInvocationHelper.invokeMethod(MethodInvocationHelper.java:80)
	at org.testng.internal.Invoker.invokeConfigurationMethod(Invoker.java:564)
	at org.testng.internal.Invoker.invokeConfigurations(Invoker.java:213)
	at org.testng.internal.Invoker.invokeMethod(Invoker.java:786)
	at org.testng.internal.Invoker.invokeTestMethod(Invoker.java:901)
	at org.testng.internal.Invoker.invokeTestMethods(Invoker.java:1231)
	at org.testng.internal.TestMethodWorker.invokeTestMethods(TestMethodWorker.java:127)
	at org.testng.internal.TestMethodWorker.run(TestMethodWorker.java:111)
	at org.testng.TestRunner.privateRun(TestRunner.java:767)
	at org.testng.TestRunner.run(TestRunner.java:617)
	at org.testng.SuiteRunner.runTest(SuiteRunner.java:334)
	at org.testng.SuiteRunner.runSequentially(SuiteRunner.java:329)
	at org.testng.SuiteRunner.privateRun(SuiteRunner.java:291)
	at org.testng.SuiteRunner.run(SuiteRunner.java:240)
	at org.testng.SuiteRunnerWorker.runSuite(SuiteRunnerWorker.java:52)
	at org.testng.SuiteRunnerWorker.run(SuiteRunnerWorker.java:86)
	at org.testng.TestNG.runSuitesSequentially(TestNG.java:1198)
	at org.testng.TestNG.runSuitesLocally(TestNG.java:1123)
	at org.testng.TestNG.run(TestNG.java:1031)
	at org.apache.maven.surefire.testng.TestNGExecutor.run(TestNGExecutor.java:135)
	at org.apache.maven.surefire.testng.TestNGDirectoryTestSuite.executeMulti(TestNGDirectoryTestSuite.java:193)
	at org.apache.maven.surefire.testng.TestNGDirectoryTestSuite.execute(TestNGDirectoryTestSuite.java:94)
	at org.apache.maven.surefire.testng.TestNGProvider.invoke(TestNGProvider.java:146)
	at org.apache.maven.surefire.booter.ForkedBooter.invokeProviderInSameClassLoader(ForkedBooter.java:379)
	at org.apache.maven.surefire.booter.ForkedBooter.runSuitesInProcess(ForkedBooter.java:340)
	at org.apache.maven.surefire.booter.ForkedBooter.execute(ForkedBooter.java:125)
	at org.apache.maven.surefire.booter.ForkedBooter.main(ForkedBooter.java:413)
]]>
    </failure>
  </testcase> <!-- testGetSystemEntityTypeNotPermitted -->
  <testcase name="testHasSystemAttributePermittedNotExists" time="0.001" classname="org.molgenis.data.security.SystemEntityTypeRegistryImplTest">
    <failure type="org.mockito.exceptions.misusing.UnnecessaryStubbingException" message="
Unnecessary stubbings detected.
Clean &amp; maintainable test code requires zero unnecessary code.
Following stubbings are unnecessary (click to navigate to relevant line of code):
  1. -&gt; at org.molgenis.data.security.permission.RoleMembershipServiceImplTest.addUserToNonExistingRole(RoleMembershipServiceImplTest.java:82)
  2. -&gt; at org.molgenis.data.security.permission.RoleMembershipServiceImplTest.addUserToNonExistingRole(RoleMembershipServiceImplTest.java:83)
  3. -&gt; at org.molgenis.data.security.permission.RoleMembershipServiceImplTest.addUserToNonExistingRole(RoleMembershipServiceImplTest.java:84)
Please remove unnecessary stubbings or use &#039;silent&#039; option. More info: javadoc for UnnecessaryStubbingException class.">
      <![CDATA[org.mockito.exceptions.misusing.UnnecessaryStubbingException: 
Unnecessary stubbings detected.
Clean & maintainable test code requires zero unnecessary code.
Following stubbings are unnecessary (click to navigate to relevant line of code):
  1. -> at org.molgenis.data.security.permission.RoleMembershipServiceImplTest.addUserToNonExistingRole(RoleMembershipServiceImplTest.java:82)
  2. -> at org.molgenis.data.security.permission.RoleMembershipServiceImplTest.addUserToNonExistingRole(RoleMembershipServiceImplTest.java:83)
  3. -> at org.molgenis.data.security.permission.RoleMembershipServiceImplTest.addUserToNonExistingRole(RoleMembershipServiceImplTest.java:84)
Please remove unnecessary stubbings or use 'silent' option. More info: javadoc for UnnecessaryStubbingException class.
	at org.molgenis.test.AbstractMockitoTest.tearDownAfterMethod(AbstractMockitoTest.java:37)
	at sun.reflect.NativeMethodAccessorImpl.invoke0(Native Method)
	at sun.reflect.NativeMethodAccessorImpl.invoke(NativeMethodAccessorImpl.java:62)
	at sun.reflect.DelegatingMethodAccessorImpl.invoke(DelegatingMethodAccessorImpl.java:43)
	at java.lang.reflect.Method.invoke(Method.java:498)
	at org.testng.internal.MethodInvocationHelper.invokeMethod(MethodInvocationHelper.java:80)
	at org.testng.internal.Invoker.invokeConfigurationMethod(Invoker.java:564)
	at org.testng.internal.Invoker.invokeConfigurations(Invoker.java:213)
	at org.testng.internal.Invoker.invokeMethod(Invoker.java:786)
	at org.testng.internal.Invoker.invokeTestMethod(Invoker.java:901)
	at org.testng.internal.Invoker.invokeTestMethods(Invoker.java:1231)
	at org.testng.internal.TestMethodWorker.invokeTestMethods(TestMethodWorker.java:127)
	at org.testng.internal.TestMethodWorker.run(TestMethodWorker.java:111)
	at org.testng.TestRunner.privateRun(TestRunner.java:767)
	at org.testng.TestRunner.run(TestRunner.java:617)
	at org.testng.SuiteRunner.runTest(SuiteRunner.java:334)
	at org.testng.SuiteRunner.runSequentially(SuiteRunner.java:329)
	at org.testng.SuiteRunner.privateRun(SuiteRunner.java:291)
	at org.testng.SuiteRunner.run(SuiteRunner.java:240)
	at org.testng.SuiteRunnerWorker.runSuite(SuiteRunnerWorker.java:52)
	at org.testng.SuiteRunnerWorker.run(SuiteRunnerWorker.java:86)
	at org.testng.TestNG.runSuitesSequentially(TestNG.java:1198)
	at org.testng.TestNG.runSuitesLocally(TestNG.java:1123)
	at org.testng.TestNG.run(TestNG.java:1031)
	at org.apache.maven.surefire.testng.TestNGExecutor.run(TestNGExecutor.java:135)
	at org.apache.maven.surefire.testng.TestNGDirectoryTestSuite.executeMulti(TestNGDirectoryTestSuite.java:193)
	at org.apache.maven.surefire.testng.TestNGDirectoryTestSuite.execute(TestNGDirectoryTestSuite.java:94)
	at org.apache.maven.surefire.testng.TestNGProvider.invoke(TestNGProvider.java:146)
	at org.apache.maven.surefire.booter.ForkedBooter.invokeProviderInSameClassLoader(ForkedBooter.java:379)
	at org.apache.maven.surefire.booter.ForkedBooter.runSuitesInProcess(ForkedBooter.java:340)
	at org.apache.maven.surefire.booter.ForkedBooter.execute(ForkedBooter.java:125)
	at org.apache.maven.surefire.booter.ForkedBooter.main(ForkedBooter.java:413)
]]>
    </failure>
  </testcase> <!-- testHasSystemAttributePermittedNotExists -->
  <testcase name="testSystemEntityTypeRegistryImpl" time="0.000" classname="org.molgenis.data.security.SystemEntityTypeRegistryImplTest">
    <failure type="org.mockito.exceptions.misusing.UnnecessaryStubbingException" message="
Unnecessary stubbings detected.
Clean &amp; maintainable test code requires zero unnecessary code.
Following stubbings are unnecessary (click to navigate to relevant line of code):
  1. -&gt; at org.molgenis.data.security.permission.RoleMembershipServiceImplTest.addUserToNonExistingRole(RoleMembershipServiceImplTest.java:82)
  2. -&gt; at org.molgenis.data.security.permission.RoleMembershipServiceImplTest.addUserToNonExistingRole(RoleMembershipServiceImplTest.java:83)
  3. -&gt; at org.molgenis.data.security.permission.RoleMembershipServiceImplTest.addUserToNonExistingRole(RoleMembershipServiceImplTest.java:84)
Please remove unnecessary stubbings or use &#039;silent&#039; option. More info: javadoc for UnnecessaryStubbingException class.">
      <![CDATA[org.mockito.exceptions.misusing.UnnecessaryStubbingException: 
Unnecessary stubbings detected.
Clean & maintainable test code requires zero unnecessary code.
Following stubbings are unnecessary (click to navigate to relevant line of code):
  1. -> at org.molgenis.data.security.permission.RoleMembershipServiceImplTest.addUserToNonExistingRole(RoleMembershipServiceImplTest.java:82)
  2. -> at org.molgenis.data.security.permission.RoleMembershipServiceImplTest.addUserToNonExistingRole(RoleMembershipServiceImplTest.java:83)
  3. -> at org.molgenis.data.security.permission.RoleMembershipServiceImplTest.addUserToNonExistingRole(RoleMembershipServiceImplTest.java:84)
Please remove unnecessary stubbings or use 'silent' option. More info: javadoc for UnnecessaryStubbingException class.
	at org.molgenis.test.AbstractMockitoTest.tearDownAfterMethod(AbstractMockitoTest.java:37)
	at sun.reflect.NativeMethodAccessorImpl.invoke0(Native Method)
	at sun.reflect.NativeMethodAccessorImpl.invoke(NativeMethodAccessorImpl.java:62)
	at sun.reflect.DelegatingMethodAccessorImpl.invoke(DelegatingMethodAccessorImpl.java:43)
	at java.lang.reflect.Method.invoke(Method.java:498)
	at org.testng.internal.MethodInvocationHelper.invokeMethod(MethodInvocationHelper.java:80)
	at org.testng.internal.Invoker.invokeConfigurationMethod(Invoker.java:564)
	at org.testng.internal.Invoker.invokeConfigurations(Invoker.java:213)
	at org.testng.internal.Invoker.invokeMethod(Invoker.java:786)
	at org.testng.internal.Invoker.invokeTestMethod(Invoker.java:901)
	at org.testng.internal.Invoker.invokeTestMethods(Invoker.java:1231)
	at org.testng.internal.TestMethodWorker.invokeTestMethods(TestMethodWorker.java:127)
	at org.testng.internal.TestMethodWorker.run(TestMethodWorker.java:111)
	at org.testng.TestRunner.privateRun(TestRunner.java:767)
	at org.testng.TestRunner.run(TestRunner.java:617)
	at org.testng.SuiteRunner.runTest(SuiteRunner.java:334)
	at org.testng.SuiteRunner.runSequentially(SuiteRunner.java:329)
	at org.testng.SuiteRunner.privateRun(SuiteRunner.java:291)
	at org.testng.SuiteRunner.run(SuiteRunner.java:240)
	at org.testng.SuiteRunnerWorker.runSuite(SuiteRunnerWorker.java:52)
	at org.testng.SuiteRunnerWorker.run(SuiteRunnerWorker.java:86)
	at org.testng.TestNG.runSuitesSequentially(TestNG.java:1198)
	at org.testng.TestNG.runSuitesLocally(TestNG.java:1123)
	at org.testng.TestNG.run(TestNG.java:1031)
	at org.apache.maven.surefire.testng.TestNGExecutor.run(TestNGExecutor.java:135)
	at org.apache.maven.surefire.testng.TestNGDirectoryTestSuite.executeMulti(TestNGDirectoryTestSuite.java:193)
	at org.apache.maven.surefire.testng.TestNGDirectoryTestSuite.execute(TestNGDirectoryTestSuite.java:94)
	at org.apache.maven.surefire.testng.TestNGProvider.invoke(TestNGProvider.java:146)
	at org.apache.maven.surefire.booter.ForkedBooter.invokeProviderInSameClassLoader(ForkedBooter.java:379)
	at org.apache.maven.surefire.booter.ForkedBooter.runSuitesInProcess(ForkedBooter.java:340)
	at org.apache.maven.surefire.booter.ForkedBooter.execute(ForkedBooter.java:125)
	at org.apache.maven.surefire.booter.ForkedBooter.main(ForkedBooter.java:413)
]]>
    </failure>
  </testcase> <!-- testSystemEntityTypeRegistryImpl -->
  <testcase name="testGetSystemEntityTypesNotPermitted" time="0.000" classname="org.molgenis.data.security.SystemEntityTypeRegistryImplTest">
    <failure type="org.mockito.exceptions.misusing.UnnecessaryStubbingException" message="
Unnecessary stubbings detected.
Clean &amp; maintainable test code requires zero unnecessary code.
Following stubbings are unnecessary (click to navigate to relevant line of code):
  1. -&gt; at org.molgenis.data.security.permission.RoleMembershipServiceImplTest.addUserToNonExistingRole(RoleMembershipServiceImplTest.java:82)
  2. -&gt; at org.molgenis.data.security.permission.RoleMembershipServiceImplTest.addUserToNonExistingRole(RoleMembershipServiceImplTest.java:83)
  3. -&gt; at org.molgenis.data.security.permission.RoleMembershipServiceImplTest.addUserToNonExistingRole(RoleMembershipServiceImplTest.java:84)
Please remove unnecessary stubbings or use &#039;silent&#039; option. More info: javadoc for UnnecessaryStubbingException class.">
      <![CDATA[org.mockito.exceptions.misusing.UnnecessaryStubbingException: 
Unnecessary stubbings detected.
Clean & maintainable test code requires zero unnecessary code.
Following stubbings are unnecessary (click to navigate to relevant line of code):
  1. -> at org.molgenis.data.security.permission.RoleMembershipServiceImplTest.addUserToNonExistingRole(RoleMembershipServiceImplTest.java:82)
  2. -> at org.molgenis.data.security.permission.RoleMembershipServiceImplTest.addUserToNonExistingRole(RoleMembershipServiceImplTest.java:83)
  3. -> at org.molgenis.data.security.permission.RoleMembershipServiceImplTest.addUserToNonExistingRole(RoleMembershipServiceImplTest.java:84)
Please remove unnecessary stubbings or use 'silent' option. More info: javadoc for UnnecessaryStubbingException class.
	at org.molgenis.test.AbstractMockitoTest.tearDownAfterMethod(AbstractMockitoTest.java:37)
	at sun.reflect.NativeMethodAccessorImpl.invoke0(Native Method)
	at sun.reflect.NativeMethodAccessorImpl.invoke(NativeMethodAccessorImpl.java:62)
	at sun.reflect.DelegatingMethodAccessorImpl.invoke(DelegatingMethodAccessorImpl.java:43)
	at java.lang.reflect.Method.invoke(Method.java:498)
	at org.testng.internal.MethodInvocationHelper.invokeMethod(MethodInvocationHelper.java:80)
	at org.testng.internal.Invoker.invokeConfigurationMethod(Invoker.java:564)
	at org.testng.internal.Invoker.invokeConfigurations(Invoker.java:213)
	at org.testng.internal.Invoker.invokeMethod(Invoker.java:786)
	at org.testng.internal.Invoker.invokeTestMethod(Invoker.java:901)
	at org.testng.internal.Invoker.invokeTestMethods(Invoker.java:1231)
	at org.testng.internal.TestMethodWorker.invokeTestMethods(TestMethodWorker.java:127)
	at org.testng.internal.TestMethodWorker.run(TestMethodWorker.java:111)
	at org.testng.TestRunner.privateRun(TestRunner.java:767)
	at org.testng.TestRunner.run(TestRunner.java:617)
	at org.testng.SuiteRunner.runTest(SuiteRunner.java:334)
	at org.testng.SuiteRunner.runSequentially(SuiteRunner.java:329)
	at org.testng.SuiteRunner.privateRun(SuiteRunner.java:291)
	at org.testng.SuiteRunner.run(SuiteRunner.java:240)
	at org.testng.SuiteRunnerWorker.runSuite(SuiteRunnerWorker.java:52)
	at org.testng.SuiteRunnerWorker.run(SuiteRunnerWorker.java:86)
	at org.testng.TestNG.runSuitesSequentially(TestNG.java:1198)
	at org.testng.TestNG.runSuitesLocally(TestNG.java:1123)
	at org.testng.TestNG.run(TestNG.java:1031)
	at org.apache.maven.surefire.testng.TestNGExecutor.run(TestNGExecutor.java:135)
	at org.apache.maven.surefire.testng.TestNGDirectoryTestSuite.executeMulti(TestNGDirectoryTestSuite.java:193)
	at org.apache.maven.surefire.testng.TestNGDirectoryTestSuite.execute(TestNGDirectoryTestSuite.java:94)
	at org.apache.maven.surefire.testng.TestNGProvider.invoke(TestNGProvider.java:146)
	at org.apache.maven.surefire.booter.ForkedBooter.invokeProviderInSameClassLoader(ForkedBooter.java:379)
	at org.apache.maven.surefire.booter.ForkedBooter.runSuitesInProcess(ForkedBooter.java:340)
	at org.apache.maven.surefire.booter.ForkedBooter.execute(ForkedBooter.java:125)
	at org.apache.maven.surefire.booter.ForkedBooter.main(ForkedBooter.java:413)
]]>
    </failure>
  </testcase> <!-- testGetSystemEntityTypesNotPermitted -->
</testsuite> <!-- org.molgenis.data.security.SystemEntityTypeRegistryImplTest -->
