<?xml version="1.0" encoding="UTF-8"?>
<testng-results skipped="21" failed="0" ignored="4" total="25" passed="0">
  <reporter-output>
  </reporter-output>
  <suite name="MongoDBConnector_IntegrationTest_Suite" duration-ms="24578" started-at="2018-07-18T09:24:46Z" finished-at="2018-07-18T09:25:11Z">
    <groups>
    </groups>
    <test name="Cassandra-Connector-Tests" duration-ms="24578" started-at="2018-07-18T09:24:46Z" finished-at="2018-07-18T09:25:11Z">
      <class name="org.ballerinalang.cassandra.actions.CassandraActionsTest">
        <test-method status="FAIL" signature="setup()[pri:0, instance:org.ballerinalang.cassandra.actions.CassandraActionsTest@3c6aa04a]" name="setup" is-config="true" duration-ms="23457" started-at="2018-07-18T11:24:46Z" finished-at="2018-07-18T11:25:10Z">
          <exception class="java.lang.NullPointerException">
            <full-stacktrace>
              <![CDATA[java.lang.NullPointerExceptionat org.ballerinalang.cassandra.actions.CassandraActionsTest.populateDatabase(CassandraActionsTest.java:52)at org.ballerinalang.cassandra.actions.CassandraActionsTest.setup(CassandraActionsTest.java:48)at sun.reflect.NativeMethodAccessorImpl.invoke0(Native Method)at sun.reflect.NativeMethodAccessorImpl.invoke(NativeMethodAccessorImpl.java:62)at sun.reflect.DelegatingMethodAccessorImpl.invoke(DelegatingMethodAccessorImpl.java:43)at java.lang.reflect.Method.invoke(Method.java:498)at org.testng.internal.MethodInvocationHelper.invokeMethod(MethodInvocationHelper.java:124)at org.testng.internal.MethodInvocationHelper.invokeMethodConsideringTimeout(MethodInvocationHelper.java:59)at org.testng.internal.Invoker.invokeConfigurationMethod(Invoker.java:451)at org.testng.internal.Invoker.invokeConfigurations(Invoker.java:222)at org.testng.internal.Invoker.invokeConfigurations(Invoker.java:142)at org.testng.internal.TestMethodWorker.invokeBeforeClassMethods(TestMethodWorker.java:163)at org.testng.internal.TestMethodWorker.run(TestMethodWorker.java:105)at org.testng.TestRunner.privateRun(TestRunner.java:648)at org.testng.TestRunner.run(TestRunner.java:505)at org.testng.SuiteRunner.runTest(SuiteRunner.java:455)at org.testng.SuiteRunner.runSequentially(SuiteRunner.java:450)at org.testng.SuiteRunner.privateRun(SuiteRunner.java:415)at org.testng.SuiteRunner.run(SuiteRunner.java:364)at org.testng.SuiteRunnerWorker.runSuite(SuiteRunnerWorker.java:52)at org.testng.SuiteRunnerWorker.run(SuiteRunnerWorker.java:84)at org.testng.TestNG.runSuitesSequentially(TestNG.java:1187)at org.testng.TestNG.runSuitesLocally(TestNG.java:1116)at org.testng.TestNG.runSuites(TestNG.java:1028)at org.testng.TestNG.run(TestNG.java:996)at org.apache.maven.surefire.testng.TestNGExecutor.run(TestNGExecutor.java:283)at org.apache.maven.surefire.testng.TestNGXmlTestSuite.execute(TestNGXmlTestSuite.java:75)at org.apache.maven.surefire.testng.TestNGProvider.invoke(TestNGProvider.java:120)at org.apache.maven.surefire.booter.ForkedBooter.invokeProviderInSameClassLoader(ForkedBooter.java:373)at org.apache.maven.surefire.booter.ForkedBooter.runSuitesInProcess(ForkedBooter.java:334)at org.apache.maven.surefire.booter.ForkedBooter.execute(ForkedBooter.java:119)at org.apache.maven.surefire.booter.ForkedBooter.main(ForkedBooter.java:407)]]>
            </full-stacktrace>
          </exception> <!-- java.lang.NullPointerException -->
          <reporter-output>
          </reporter-output>
        </test-method> <!-- setup -->
        <test-method status="SKIP" signature="testInsertRawParams()[pri:0, instance:org.ballerinalang.cassandra.actions.CassandraActionsTest@3c6aa04a]" name="testInsertRawParams" duration-ms="0" started-at="2018-07-18T11:25:10Z" description="This method tests insertion of raw params to Cassandra database" finished-at="2018-07-18T11:25:10Z">
          <exception class="java.lang.NullPointerException">
            <full-stacktrace>
              <![CDATA[java.lang.NullPointerExceptionat org.ballerinalang.cassandra.actions.CassandraActionsTest.populateDatabase(CassandraActionsTest.java:52)at org.ballerinalang.cassandra.actions.CassandraActionsTest.setup(CassandraActionsTest.java:48)at sun.reflect.NativeMethodAccessorImpl.invoke0(Native Method)at sun.reflect.NativeMethodAccessorImpl.invoke(NativeMethodAccessorImpl.java:62)at sun.reflect.DelegatingMethodAccessorImpl.invoke(DelegatingMethodAccessorImpl.java:43)at java.lang.reflect.Method.invoke(Method.java:498)at org.testng.internal.MethodInvocationHelper.invokeMethod(MethodInvocationHelper.java:124)at org.testng.internal.MethodInvocationHelper.invokeMethodConsideringTimeout(MethodInvocationHelper.java:59)at org.testng.internal.Invoker.invokeConfigurationMethod(Invoker.java:451)at org.testng.internal.Invoker.invokeConfigurations(Invoker.java:222)at org.testng.internal.Invoker.invokeConfigurations(Invoker.java:142)at org.testng.internal.TestMethodWorker.invokeBeforeClassMethods(TestMethodWorker.java:163)at org.testng.internal.TestMethodWorker.run(TestMethodWorker.java:105)at org.testng.TestRunner.privateRun(TestRunner.java:648)at org.testng.TestRunner.run(TestRunner.java:505)at org.testng.SuiteRunner.runTest(SuiteRunner.java:455)at org.testng.SuiteRunner.runSequentially(SuiteRunner.java:450)at org.testng.SuiteRunner.privateRun(SuiteRunner.java:415)at org.testng.SuiteRunner.run(SuiteRunner.java:364)at org.testng.SuiteRunnerWorker.runSuite(SuiteRunnerWorker.java:52)at org.testng.SuiteRunnerWorker.run(SuiteRunnerWorker.java:84)at org.testng.TestNG.runSuitesSequentially(TestNG.java:1187)at org.testng.TestNG.runSuitesLocally(TestNG.java:1116)at org.testng.TestNG.runSuites(TestNG.java:1028)at org.testng.TestNG.run(TestNG.java:996)at org.apache.maven.surefire.testng.TestNGExecutor.run(TestNGExecutor.java:283)at org.apache.maven.surefire.testng.TestNGXmlTestSuite.execute(TestNGXmlTestSuite.java:75)at org.apache.maven.surefire.testng.TestNGProvider.invoke(TestNGProvider.java:120)at org.apache.maven.surefire.booter.ForkedBooter.invokeProviderInSameClassLoader(ForkedBooter.java:373)at org.apache.maven.surefire.booter.ForkedBooter.runSuitesInProcess(ForkedBooter.java:334)at org.apache.maven.surefire.booter.ForkedBooter.execute(ForkedBooter.java:119)at org.apache.maven.surefire.booter.ForkedBooter.main(ForkedBooter.java:407)]]>
            </full-stacktrace>
          </exception> <!-- java.lang.NullPointerException -->
          <reporter-output>
          </reporter-output>
        </test-method> <!-- testInsertRawParams -->
        <test-method status="SKIP" signature="testKeySpaceCreation()[pri:0, instance:org.ballerinalang.cassandra.actions.CassandraActionsTest@3c6aa04a]" name="testKeySpaceCreation" duration-ms="0" started-at="2018-07-18T11:25:10Z" description="This method tests Cassandra key space creation" finished-at="2018-07-18T11:25:10Z">
          <exception class="java.lang.NullPointerException">
            <full-stacktrace>
              <![CDATA[java.lang.NullPointerExceptionat org.ballerinalang.cassandra.actions.CassandraActionsTest.populateDatabase(CassandraActionsTest.java:52)at org.ballerinalang.cassandra.actions.CassandraActionsTest.setup(CassandraActionsTest.java:48)at sun.reflect.NativeMethodAccessorImpl.invoke0(Native Method)at sun.reflect.NativeMethodAccessorImpl.invoke(NativeMethodAccessorImpl.java:62)at sun.reflect.DelegatingMethodAccessorImpl.invoke(DelegatingMethodAccessorImpl.java:43)at java.lang.reflect.Method.invoke(Method.java:498)at org.testng.internal.MethodInvocationHelper.invokeMethod(MethodInvocationHelper.java:124)at org.testng.internal.MethodInvocationHelper.invokeMethodConsideringTimeout(MethodInvocationHelper.java:59)at org.testng.internal.Invoker.invokeConfigurationMethod(Invoker.java:451)at org.testng.internal.Invoker.invokeConfigurations(Invoker.java:222)at org.testng.internal.Invoker.invokeConfigurations(Invoker.java:142)at org.testng.internal.TestMethodWorker.invokeBeforeClassMethods(TestMethodWorker.java:163)at org.testng.internal.TestMethodWorker.run(TestMethodWorker.java:105)at org.testng.TestRunner.privateRun(TestRunner.java:648)at org.testng.TestRunner.run(TestRunner.java:505)at org.testng.SuiteRunner.runTest(SuiteRunner.java:455)at org.testng.SuiteRunner.runSequentially(SuiteRunner.java:450)at org.testng.SuiteRunner.privateRun(SuiteRunner.java:415)at org.testng.SuiteRunner.run(SuiteRunner.java:364)at org.testng.SuiteRunnerWorker.runSuite(SuiteRunnerWorker.java:52)at org.testng.SuiteRunnerWorker.run(SuiteRunnerWorker.java:84)at org.testng.TestNG.runSuitesSequentially(TestNG.java:1187)at org.testng.TestNG.runSuitesLocally(TestNG.java:1116)at org.testng.TestNG.runSuites(TestNG.java:1028)at org.testng.TestNG.run(TestNG.java:996)at org.apache.maven.surefire.testng.TestNGExecutor.run(TestNGExecutor.java:283)at org.apache.maven.surefire.testng.TestNGXmlTestSuite.execute(TestNGXmlTestSuite.java:75)at org.apache.maven.surefire.testng.TestNGProvider.invoke(TestNGProvider.java:120)at org.apache.maven.surefire.booter.ForkedBooter.invokeProviderInSameClassLoader(ForkedBooter.java:373)at org.apache.maven.surefire.booter.ForkedBooter.runSuitesInProcess(ForkedBooter.java:334)at org.apache.maven.surefire.booter.ForkedBooter.execute(ForkedBooter.java:119)at org.apache.maven.surefire.booter.ForkedBooter.main(ForkedBooter.java:407)]]>
            </full-stacktrace>
          </exception> <!-- java.lang.NullPointerException -->
          <reporter-output>
          </reporter-output>
        </test-method> <!-- testKeySpaceCreation -->
        <test-method status="SKIP" signature="testSelect()[pri:0, instance:org.ballerinalang.cassandra.actions.CassandraActionsTest@3c6aa04a]" name="testSelect" duration-ms="0" started-at="2018-07-18T11:25:10Z" description="This method tests selection from Cassandra database" finished-at="2018-07-18T11:25:10Z">
          <exception class="java.lang.NullPointerException">
            <full-stacktrace>
              <![CDATA[java.lang.NullPointerExceptionat org.ballerinalang.cassandra.actions.CassandraActionsTest.populateDatabase(CassandraActionsTest.java:52)at org.ballerinalang.cassandra.actions.CassandraActionsTest.setup(CassandraActionsTest.java:48)at sun.reflect.NativeMethodAccessorImpl.invoke0(Native Method)at sun.reflect.NativeMethodAccessorImpl.invoke(NativeMethodAccessorImpl.java:62)at sun.reflect.DelegatingMethodAccessorImpl.invoke(DelegatingMethodAccessorImpl.java:43)at java.lang.reflect.Method.invoke(Method.java:498)at org.testng.internal.MethodInvocationHelper.invokeMethod(MethodInvocationHelper.java:124)at org.testng.internal.MethodInvocationHelper.invokeMethodConsideringTimeout(MethodInvocationHelper.java:59)at org.testng.internal.Invoker.invokeConfigurationMethod(Invoker.java:451)at org.testng.internal.Invoker.invokeConfigurations(Invoker.java:222)at org.testng.internal.Invoker.invokeConfigurations(Invoker.java:142)at org.testng.internal.TestMethodWorker.invokeBeforeClassMethods(TestMethodWorker.java:163)at org.testng.internal.TestMethodWorker.run(TestMethodWorker.java:105)at org.testng.TestRunner.privateRun(TestRunner.java:648)at org.testng.TestRunner.run(TestRunner.java:505)at org.testng.SuiteRunner.runTest(SuiteRunner.java:455)at org.testng.SuiteRunner.runSequentially(SuiteRunner.java:450)at org.testng.SuiteRunner.privateRun(SuiteRunner.java:415)at org.testng.SuiteRunner.run(SuiteRunner.java:364)at org.testng.SuiteRunnerWorker.runSuite(SuiteRunnerWorker.java:52)at org.testng.SuiteRunnerWorker.run(SuiteRunnerWorker.java:84)at org.testng.TestNG.runSuitesSequentially(TestNG.java:1187)at org.testng.TestNG.runSuitesLocally(TestNG.java:1116)at org.testng.TestNG.runSuites(TestNG.java:1028)at org.testng.TestNG.run(TestNG.java:996)at org.apache.maven.surefire.testng.TestNGExecutor.run(TestNGExecutor.java:283)at org.apache.maven.surefire.testng.TestNGXmlTestSuite.execute(TestNGXmlTestSuite.java:75)at org.apache.maven.surefire.testng.TestNGProvider.invoke(TestNGProvider.java:120)at org.apache.maven.surefire.booter.ForkedBooter.invokeProviderInSameClassLoader(ForkedBooter.java:373)at org.apache.maven.surefire.booter.ForkedBooter.runSuitesInProcess(ForkedBooter.java:334)at org.apache.maven.surefire.booter.ForkedBooter.execute(ForkedBooter.java:119)at org.apache.maven.surefire.booter.ForkedBooter.main(ForkedBooter.java:407)]]>
            </full-stacktrace>
          </exception> <!-- java.lang.NullPointerException -->
          <reporter-output>
          </reporter-output>
        </test-method> <!-- testSelect -->
        <test-method status="SKIP" signature="testSelectExceptionScenario()[pri:0, instance:org.ballerinalang.cassandra.actions.CassandraActionsTest@3c6aa04a]" name="testSelectExceptionScenario" duration-ms="0" started-at="2018-07-18T11:25:10Z" description="This method tests selection failure from Cassandra database" finished-at="2018-07-18T11:25:10Z">
          <exception class="java.lang.NullPointerException">
            <full-stacktrace>
              <![CDATA[java.lang.NullPointerExceptionat org.ballerinalang.cassandra.actions.CassandraActionsTest.populateDatabase(CassandraActionsTest.java:52)at org.ballerinalang.cassandra.actions.CassandraActionsTest.setup(CassandraActionsTest.java:48)at sun.reflect.NativeMethodAccessorImpl.invoke0(Native Method)at sun.reflect.NativeMethodAccessorImpl.invoke(NativeMethodAccessorImpl.java:62)at sun.reflect.DelegatingMethodAccessorImpl.invoke(DelegatingMethodAccessorImpl.java:43)at java.lang.reflect.Method.invoke(Method.java:498)at org.testng.internal.MethodInvocationHelper.invokeMethod(MethodInvocationHelper.java:124)at org.testng.internal.MethodInvocationHelper.invokeMethodConsideringTimeout(MethodInvocationHelper.java:59)at org.testng.internal.Invoker.invokeConfigurationMethod(Invoker.java:451)at org.testng.internal.Invoker.invokeConfigurations(Invoker.java:222)at org.testng.internal.Invoker.invokeConfigurations(Invoker.java:142)at org.testng.internal.TestMethodWorker.invokeBeforeClassMethods(TestMethodWorker.java:163)at org.testng.internal.TestMethodWorker.run(TestMethodWorker.java:105)at org.testng.TestRunner.privateRun(TestRunner.java:648)at org.testng.TestRunner.run(TestRunner.java:505)at org.testng.SuiteRunner.runTest(SuiteRunner.java:455)at org.testng.SuiteRunner.runSequentially(SuiteRunner.java:450)at org.testng.SuiteRunner.privateRun(SuiteRunner.java:415)at org.testng.SuiteRunner.run(SuiteRunner.java:364)at org.testng.SuiteRunnerWorker.runSuite(SuiteRunnerWorker.java:52)at org.testng.SuiteRunnerWorker.run(SuiteRunnerWorker.java:84)at org.testng.TestNG.runSuitesSequentially(TestNG.java:1187)at org.testng.TestNG.runSuitesLocally(TestNG.java:1116)at org.testng.TestNG.runSuites(TestNG.java:1028)at org.testng.TestNG.run(TestNG.java:996)at org.apache.maven.surefire.testng.TestNGExecutor.run(TestNGExecutor.java:283)at org.apache.maven.surefire.testng.TestNGXmlTestSuite.execute(TestNGXmlTestSuite.java:75)at org.apache.maven.surefire.testng.TestNGProvider.invoke(TestNGProvider.java:120)at org.apache.maven.surefire.booter.ForkedBooter.invokeProviderInSameClassLoader(ForkedBooter.java:373)at org.apache.maven.surefire.booter.ForkedBooter.runSuitesInProcess(ForkedBooter.java:334)at org.apache.maven.surefire.booter.ForkedBooter.execute(ForkedBooter.java:119)at org.apache.maven.surefire.booter.ForkedBooter.main(ForkedBooter.java:407)]]>
            </full-stacktrace>
          </exception> <!-- java.lang.NullPointerException -->
          <reporter-output>
          </reporter-output>
        </test-method> <!-- testSelectExceptionScenario -->
        <test-method status="SKIP" signature="testSelectWithNilParams()[pri:0, instance:org.ballerinalang.cassandra.actions.CassandraActionsTest@3c6aa04a]" name="testSelectWithNilParams" duration-ms="0" started-at="2018-07-18T11:25:10Z" description="This method tests selection from Cassandra database with nil param array" finished-at="2018-07-18T11:25:10Z">
          <exception class="java.lang.NullPointerException">
            <full-stacktrace>
              <![CDATA[java.lang.NullPointerExceptionat org.ballerinalang.cassandra.actions.CassandraActionsTest.populateDatabase(CassandraActionsTest.java:52)at org.ballerinalang.cassandra.actions.CassandraActionsTest.setup(CassandraActionsTest.java:48)at sun.reflect.NativeMethodAccessorImpl.invoke0(Native Method)at sun.reflect.NativeMethodAccessorImpl.invoke(NativeMethodAccessorImpl.java:62)at sun.reflect.DelegatingMethodAccessorImpl.invoke(DelegatingMethodAccessorImpl.java:43)at java.lang.reflect.Method.invoke(Method.java:498)at org.testng.internal.MethodInvocationHelper.invokeMethod(MethodInvocationHelper.java:124)at org.testng.internal.MethodInvocationHelper.invokeMethodConsideringTimeout(MethodInvocationHelper.java:59)at org.testng.internal.Invoker.invokeConfigurationMethod(Invoker.java:451)at org.testng.internal.Invoker.invokeConfigurations(Invoker.java:222)at org.testng.internal.Invoker.invokeConfigurations(Invoker.java:142)at org.testng.internal.TestMethodWorker.invokeBeforeClassMethods(TestMethodWorker.java:163)at org.testng.internal.TestMethodWorker.run(TestMethodWorker.java:105)at org.testng.TestRunner.privateRun(TestRunner.java:648)at org.testng.TestRunner.run(TestRunner.java:505)at org.testng.SuiteRunner.runTest(SuiteRunner.java:455)at org.testng.SuiteRunner.runSequentially(SuiteRunner.java:450)at org.testng.SuiteRunner.privateRun(SuiteRunner.java:415)at org.testng.SuiteRunner.run(SuiteRunner.java:364)at org.testng.SuiteRunnerWorker.runSuite(SuiteRunnerWorker.java:52)at org.testng.SuiteRunnerWorker.run(SuiteRunnerWorker.java:84)at org.testng.TestNG.runSuitesSequentially(TestNG.java:1187)at org.testng.TestNG.runSuitesLocally(TestNG.java:1116)at org.testng.TestNG.runSuites(TestNG.java:1028)at org.testng.TestNG.run(TestNG.java:996)at org.apache.maven.surefire.testng.TestNGExecutor.run(TestNGExecutor.java:283)at org.apache.maven.surefire.testng.TestNGXmlTestSuite.execute(TestNGXmlTestSuite.java:75)at org.apache.maven.surefire.testng.TestNGProvider.invoke(TestNGProvider.java:120)at org.apache.maven.surefire.booter.ForkedBooter.invokeProviderInSameClassLoader(ForkedBooter.java:373)at org.apache.maven.surefire.booter.ForkedBooter.runSuitesInProcess(ForkedBooter.java:334)at org.apache.maven.surefire.booter.ForkedBooter.execute(ForkedBooter.java:119)at org.apache.maven.surefire.booter.ForkedBooter.main(ForkedBooter.java:407)]]>
            </full-stacktrace>
          </exception> <!-- java.lang.NullPointerException -->
          <reporter-output>
          </reporter-output>
        </test-method> <!-- testSelectWithNilParams -->
        <test-method status="SKIP" signature="testSelectWithParamArray()[pri:0, instance:org.ballerinalang.cassandra.actions.CassandraActionsTest@3c6aa04a]" name="testSelectWithParamArray" duration-ms="0" started-at="2018-07-18T11:25:10Z" description="This method tests select action with parameter arrays" finished-at="2018-07-18T11:25:10Z">
          <exception class="java.lang.NullPointerException">
            <full-stacktrace>
              <![CDATA[java.lang.NullPointerExceptionat org.ballerinalang.cassandra.actions.CassandraActionsTest.populateDatabase(CassandraActionsTest.java:52)at org.ballerinalang.cassandra.actions.CassandraActionsTest.setup(CassandraActionsTest.java:48)at sun.reflect.NativeMethodAccessorImpl.invoke0(Native Method)at sun.reflect.NativeMethodAccessorImpl.invoke(NativeMethodAccessorImpl.java:62)at sun.reflect.DelegatingMethodAccessorImpl.invoke(DelegatingMethodAccessorImpl.java:43)at java.lang.reflect.Method.invoke(Method.java:498)at org.testng.internal.MethodInvocationHelper.invokeMethod(MethodInvocationHelper.java:124)at org.testng.internal.MethodInvocationHelper.invokeMethodConsideringTimeout(MethodInvocationHelper.java:59)at org.testng.internal.Invoker.invokeConfigurationMethod(Invoker.java:451)at org.testng.internal.Invoker.invokeConfigurations(Invoker.java:222)at org.testng.internal.Invoker.invokeConfigurations(Invoker.java:142)at org.testng.internal.TestMethodWorker.invokeBeforeClassMethods(TestMethodWorker.java:163)at org.testng.internal.TestMethodWorker.run(TestMethodWorker.java:105)at org.testng.TestRunner.privateRun(TestRunner.java:648)at org.testng.TestRunner.run(TestRunner.java:505)at org.testng.SuiteRunner.runTest(SuiteRunner.java:455)at org.testng.SuiteRunner.runSequentially(SuiteRunner.java:450)at org.testng.SuiteRunner.privateRun(SuiteRunner.java:415)at org.testng.SuiteRunner.run(SuiteRunner.java:364)at org.testng.SuiteRunnerWorker.runSuite(SuiteRunnerWorker.java:52)at org.testng.SuiteRunnerWorker.run(SuiteRunnerWorker.java:84)at org.testng.TestNG.runSuitesSequentially(TestNG.java:1187)at org.testng.TestNG.runSuitesLocally(TestNG.java:1116)at org.testng.TestNG.runSuites(TestNG.java:1028)at org.testng.TestNG.run(TestNG.java:996)at org.apache.maven.surefire.testng.TestNGExecutor.run(TestNGExecutor.java:283)at org.apache.maven.surefire.testng.TestNGXmlTestSuite.execute(TestNGXmlTestSuite.java:75)at org.apache.maven.surefire.testng.TestNGProvider.invoke(TestNGProvider.java:120)at org.apache.maven.surefire.booter.ForkedBooter.invokeProviderInSameClassLoader(ForkedBooter.java:373)at org.apache.maven.surefire.booter.ForkedBooter.runSuitesInProcess(ForkedBooter.java:334)at org.apache.maven.surefire.booter.ForkedBooter.execute(ForkedBooter.java:119)at org.apache.maven.surefire.booter.ForkedBooter.main(ForkedBooter.java:407)]]>
            </full-stacktrace>
          </exception> <!-- java.lang.NullPointerException -->
          <reporter-output>
          </reporter-output>
        </test-method> <!-- testSelectWithParamArray -->
        <test-method status="SKIP" signature="testTableCreation()[pri:0, instance:org.ballerinalang.cassandra.actions.CassandraActionsTest@3c6aa04a]" name="testTableCreation" duration-ms="0" started-at="2018-07-18T11:25:10Z" description="This method tests table creation in a Cassandra database" finished-at="2018-07-18T11:25:10Z">
          <exception class="java.lang.NullPointerException">
            <full-stacktrace>
              <![CDATA[java.lang.NullPointerExceptionat org.ballerinalang.cassandra.actions.CassandraActionsTest.populateDatabase(CassandraActionsTest.java:52)at org.ballerinalang.cassandra.actions.CassandraActionsTest.setup(CassandraActionsTest.java:48)at sun.reflect.NativeMethodAccessorImpl.invoke0(Native Method)at sun.reflect.NativeMethodAccessorImpl.invoke(NativeMethodAccessorImpl.java:62)at sun.reflect.DelegatingMethodAccessorImpl.invoke(DelegatingMethodAccessorImpl.java:43)at java.lang.reflect.Method.invoke(Method.java:498)at org.testng.internal.MethodInvocationHelper.invokeMethod(MethodInvocationHelper.java:124)at org.testng.internal.MethodInvocationHelper.invokeMethodConsideringTimeout(MethodInvocationHelper.java:59)at org.testng.internal.Invoker.invokeConfigurationMethod(Invoker.java:451)at org.testng.internal.Invoker.invokeConfigurations(Invoker.java:222)at org.testng.internal.Invoker.invokeConfigurations(Invoker.java:142)at org.testng.internal.TestMethodWorker.invokeBeforeClassMethods(TestMethodWorker.java:163)at org.testng.internal.TestMethodWorker.run(TestMethodWorker.java:105)at org.testng.TestRunner.privateRun(TestRunner.java:648)at org.testng.TestRunner.run(TestRunner.java:505)at org.testng.SuiteRunner.runTest(SuiteRunner.java:455)at org.testng.SuiteRunner.runSequentially(SuiteRunner.java:450)at org.testng.SuiteRunner.privateRun(SuiteRunner.java:415)at org.testng.SuiteRunner.run(SuiteRunner.java:364)at org.testng.SuiteRunnerWorker.runSuite(SuiteRunnerWorker.java:52)at org.testng.SuiteRunnerWorker.run(SuiteRunnerWorker.java:84)at org.testng.TestNG.runSuitesSequentially(TestNG.java:1187)at org.testng.TestNG.runSuitesLocally(TestNG.java:1116)at org.testng.TestNG.runSuites(TestNG.java:1028)at org.testng.TestNG.run(TestNG.java:996)at org.apache.maven.surefire.testng.TestNGExecutor.run(TestNGExecutor.java:283)at org.apache.maven.surefire.testng.TestNGXmlTestSuite.execute(TestNGXmlTestSuite.java:75)at org.apache.maven.surefire.testng.TestNGProvider.invoke(TestNGProvider.java:120)at org.apache.maven.surefire.booter.ForkedBooter.invokeProviderInSameClassLoader(ForkedBooter.java:373)at org.apache.maven.surefire.booter.ForkedBooter.runSuitesInProcess(ForkedBooter.java:334)at org.apache.maven.surefire.booter.ForkedBooter.execute(ForkedBooter.java:119)at org.apache.maven.surefire.booter.ForkedBooter.main(ForkedBooter.java:407)]]>
            </full-stacktrace>
          </exception> <!-- java.lang.NullPointerException -->
          <reporter-output>
          </reporter-output>
        </test-method> <!-- testTableCreation -->
        <test-method status="SKIP" signature="testUpdateExceptionScenario()[pri:0, instance:org.ballerinalang.cassandra.actions.CassandraActionsTest@3c6aa04a]" name="testUpdateExceptionScenario" duration-ms="0" started-at="2018-07-18T11:25:10Z" description="This method tests Cassandra update failure scenario" finished-at="2018-07-18T11:25:10Z">
          <exception class="java.lang.NullPointerException">
            <full-stacktrace>
              <![CDATA[java.lang.NullPointerExceptionat org.ballerinalang.cassandra.actions.CassandraActionsTest.populateDatabase(CassandraActionsTest.java:52)at org.ballerinalang.cassandra.actions.CassandraActionsTest.setup(CassandraActionsTest.java:48)at sun.reflect.NativeMethodAccessorImpl.invoke0(Native Method)at sun.reflect.NativeMethodAccessorImpl.invoke(NativeMethodAccessorImpl.java:62)at sun.reflect.DelegatingMethodAccessorImpl.invoke(DelegatingMethodAccessorImpl.java:43)at java.lang.reflect.Method.invoke(Method.java:498)at org.testng.internal.MethodInvocationHelper.invokeMethod(MethodInvocationHelper.java:124)at org.testng.internal.MethodInvocationHelper.invokeMethodConsideringTimeout(MethodInvocationHelper.java:59)at org.testng.internal.Invoker.invokeConfigurationMethod(Invoker.java:451)at org.testng.internal.Invoker.invokeConfigurations(Invoker.java:222)at org.testng.internal.Invoker.invokeConfigurations(Invoker.java:142)at org.testng.internal.TestMethodWorker.invokeBeforeClassMethods(TestMethodWorker.java:163)at org.testng.internal.TestMethodWorker.run(TestMethodWorker.java:105)at org.testng.TestRunner.privateRun(TestRunner.java:648)at org.testng.TestRunner.run(TestRunner.java:505)at org.testng.SuiteRunner.runTest(SuiteRunner.java:455)at org.testng.SuiteRunner.runSequentially(SuiteRunner.java:450)at org.testng.SuiteRunner.privateRun(SuiteRunner.java:415)at org.testng.SuiteRunner.run(SuiteRunner.java:364)at org.testng.SuiteRunnerWorker.runSuite(SuiteRunnerWorker.java:52)at org.testng.SuiteRunnerWorker.run(SuiteRunnerWorker.java:84)at org.testng.TestNG.runSuitesSequentially(TestNG.java:1187)at org.testng.TestNG.runSuitesLocally(TestNG.java:1116)at org.testng.TestNG.runSuites(TestNG.java:1028)at org.testng.TestNG.run(TestNG.java:996)at org.apache.maven.surefire.testng.TestNGExecutor.run(TestNGExecutor.java:283)at org.apache.maven.surefire.testng.TestNGXmlTestSuite.execute(TestNGXmlTestSuite.java:75)at org.apache.maven.surefire.testng.TestNGProvider.invoke(TestNGProvider.java:120)at org.apache.maven.surefire.booter.ForkedBooter.invokeProviderInSameClassLoader(ForkedBooter.java:373)at org.apache.maven.surefire.booter.ForkedBooter.runSuitesInProcess(ForkedBooter.java:334)at org.apache.maven.surefire.booter.ForkedBooter.execute(ForkedBooter.java:119)at org.apache.maven.surefire.booter.ForkedBooter.main(ForkedBooter.java:407)]]>
            </full-stacktrace>
          </exception> <!-- java.lang.NullPointerException -->
          <reporter-output>
          </reporter-output>
        </test-method> <!-- testUpdateExceptionScenario -->
      </class> <!-- org.ballerinalang.cassandra.actions.CassandraActionsTest -->
      <class name="org.ballerinalang.cassandra.actions.CassandraBaseTest">
        <test-method status="FAIL" signature="startAndSetupCassandraServer()[pri:0, instance:org.ballerinalang.cassandra.actions.CassandraBaseTest@17740dae]" name="startAndSetupCassandraServer" is-config="true" duration-ms="33329" started-at="2018-07-18T11:24:13Z" finished-at="2018-07-18T11:24:46Z">
          <exception class="java.lang.AssertionError">
            <message>
              <![CDATA[Cassandra daemon did not start within timeout]]>
            </message>
            <full-stacktrace>
              <![CDATA[java.lang.AssertionError: Cassandra daemon did not start within timeoutat org.cassandraunit.utils.EmbeddedCassandraServerHelper.startEmbeddedCassandra(EmbeddedCassandraServerHelper.java:150)at org.cassandraunit.utils.EmbeddedCassandraServerHelper.startEmbeddedCassandra(EmbeddedCassandraServerHelper.java:102)at org.cassandraunit.utils.EmbeddedCassandraServerHelper.startEmbeddedCassandra(EmbeddedCassandraServerHelper.java:81)at org.cassandraunit.utils.EmbeddedCassandraServerHelper.startEmbeddedCassandra(EmbeddedCassandraServerHelper.java:77)at org.ballerinalang.cassandra.actions.CassandraBaseTest.startAndSetupCassandraServer(CassandraBaseTest.java:45)at sun.reflect.NativeMethodAccessorImpl.invoke0(Native Method)at sun.reflect.NativeMethodAccessorImpl.invoke(NativeMethodAccessorImpl.java:62)at sun.reflect.DelegatingMethodAccessorImpl.invoke(DelegatingMethodAccessorImpl.java:43)at java.lang.reflect.Method.invoke(Method.java:498)at org.testng.internal.MethodInvocationHelper.invokeMethod(MethodInvocationHelper.java:124)at org.testng.internal.MethodInvocationHelper.invokeMethodConsideringTimeout(MethodInvocationHelper.java:59)at org.testng.internal.Invoker.invokeConfigurationMethod(Invoker.java:451)at org.testng.internal.Invoker.invokeConfigurations(Invoker.java:222)at org.testng.internal.Invoker.invokeConfigurations(Invoker.java:142)at org.testng.SuiteRunner.privateRun(SuiteRunner.java:401)at org.testng.SuiteRunner.run(SuiteRunner.java:364)at org.testng.SuiteRunnerWorker.runSuite(SuiteRunnerWorker.java:52)at org.testng.SuiteRunnerWorker.run(SuiteRunnerWorker.java:84)at org.testng.TestNG.runSuitesSequentially(TestNG.java:1187)at org.testng.TestNG.runSuitesLocally(TestNG.java:1116)at org.testng.TestNG.runSuites(TestNG.java:1028)at org.testng.TestNG.run(TestNG.java:996)at org.apache.maven.surefire.testng.TestNGExecutor.run(TestNGExecutor.java:283)at org.apache.maven.surefire.testng.TestNGXmlTestSuite.execute(TestNGXmlTestSuite.java:75)at org.apache.maven.surefire.testng.TestNGProvider.invoke(TestNGProvider.java:120)at org.apache.maven.surefire.booter.ForkedBooter.invokeProviderInSameClassLoader(ForkedBooter.java:373)at org.apache.maven.surefire.booter.ForkedBooter.runSuitesInProcess(ForkedBooter.java:334)at org.apache.maven.surefire.booter.ForkedBooter.execute(ForkedBooter.java:119)at org.apache.maven.surefire.booter.ForkedBooter.main(ForkedBooter.java:407)]]>
            </full-stacktrace>
          </exception> <!-- java.lang.AssertionError -->
          <reporter-output>
          </reporter-output>
        </test-method> <!-- startAndSetupCassandraServer -->
        <test-method status="FAIL" signature="stopCassandraServer()[pri:0, instance:org.ballerinalang.cassandra.actions.CassandraBaseTest@17740dae]" name="stopCassandraServer" is-config="true" duration-ms="3" started-at="2018-07-18T11:25:11Z" finished-at="2018-07-18T11:25:11Z">
          <exception class="java.lang.NullPointerException">
            <full-stacktrace>
              <![CDATA[java.lang.NullPointerExceptionat org.cassandraunit.utils.EmbeddedCassandraServerHelper.dropKeyspacesWithNativeDriver(EmbeddedCassandraServerHelper.java:268)at org.cassandraunit.utils.EmbeddedCassandraServerHelper.dropKeyspaces(EmbeddedCassandraServerHelper.java:264)at org.cassandraunit.utils.EmbeddedCassandraServerHelper.cleanEmbeddedCassandra(EmbeddedCassandraServerHelper.java:200)at org.ballerinalang.cassandra.actions.CassandraBaseTest.stopCassandraServer(CassandraBaseTest.java:55)at sun.reflect.NativeMethodAccessorImpl.invoke0(Native Method)at sun.reflect.NativeMethodAccessorImpl.invoke(NativeMethodAccessorImpl.java:62)at sun.reflect.DelegatingMethodAccessorImpl.invoke(DelegatingMethodAccessorImpl.java:43)at java.lang.reflect.Method.invoke(Method.java:498)at org.testng.internal.MethodInvocationHelper.invokeMethod(MethodInvocationHelper.java:124)at org.testng.internal.MethodInvocationHelper.invokeMethodConsideringTimeout(MethodInvocationHelper.java:59)at org.testng.internal.Invoker.invokeConfigurationMethod(Invoker.java:451)at org.testng.internal.Invoker.invokeConfigurations(Invoker.java:222)at org.testng.internal.Invoker.invokeConfigurations(Invoker.java:142)at org.testng.SuiteRunner.privateRun(SuiteRunner.java:425)at org.testng.SuiteRunner.run(SuiteRunner.java:364)at org.testng.SuiteRunnerWorker.runSuite(SuiteRunnerWorker.java:52)at org.testng.SuiteRunnerWorker.run(SuiteRunnerWorker.java:84)at org.testng.TestNG.runSuitesSequentially(TestNG.java:1187)at org.testng.TestNG.runSuitesLocally(TestNG.java:1116)at org.testng.TestNG.runSuites(TestNG.java:1028)at org.testng.TestNG.run(TestNG.java:996)at org.apache.maven.surefire.testng.TestNGExecutor.run(TestNGExecutor.java:283)at org.apache.maven.surefire.testng.TestNGXmlTestSuite.execute(TestNGXmlTestSuite.java:75)at org.apache.maven.surefire.testng.TestNGProvider.invoke(TestNGProvider.java:120)at org.apache.maven.surefire.booter.ForkedBooter.invokeProviderInSameClassLoader(ForkedBooter.java:373)at org.apache.maven.surefire.booter.ForkedBooter.runSuitesInProcess(ForkedBooter.java:334)at org.apache.maven.surefire.booter.ForkedBooter.execute(ForkedBooter.java:119)at org.apache.maven.surefire.booter.ForkedBooter.main(ForkedBooter.java:407)]]>
            </full-stacktrace>
          </exception> <!-- java.lang.NullPointerException -->
          <reporter-output>
          </reporter-output>
        </test-method> <!-- stopCassandraServer -->
      </class> <!-- org.ballerinalang.cassandra.actions.CassandraBaseTest -->
      <class name="org.ballerinalang.cassandra.actions.CassandraConnectionInitTest">
        <test-method status="PASS" signature="setup()[pri:0, instance:org.ballerinalang.cassandra.actions.CassandraConnectionInitTest@2257fadf]" name="setup" is-config="true" duration-ms="975" started-at="2018-07-18T11:25:10Z" finished-at="2018-07-18T11:25:11Z">
          <reporter-output>
          </reporter-output>
        </test-method> <!-- setup -->
        <test-method status="SKIP" signature="testConnectionInitWithAdditionalConParams()[pri:0, instance:org.ballerinalang.cassandra.actions.CassandraConnectionInitTest@2257fadf]" name="testConnectionInitWithAdditionalConParams" duration-ms="0" started-at="2018-07-18T11:25:11Z" description="This method tests Cassandra Connection Inilialization with additional connection parameters" finished-at="2018-07-18T11:25:11Z">
          <exception class="java.lang.AssertionError">
            <message>
              <![CDATA[Cassandra daemon did not start within timeout]]>
            </message>
            <full-stacktrace>
              <![CDATA[java.lang.AssertionError: Cassandra daemon did not start within timeoutat org.cassandraunit.utils.EmbeddedCassandraServerHelper.startEmbeddedCassandra(EmbeddedCassandraServerHelper.java:150)at org.cassandraunit.utils.EmbeddedCassandraServerHelper.startEmbeddedCassandra(EmbeddedCassandraServerHelper.java:102)at org.cassandraunit.utils.EmbeddedCassandraServerHelper.startEmbeddedCassandra(EmbeddedCassandraServerHelper.java:81)at org.cassandraunit.utils.EmbeddedCassandraServerHelper.startEmbeddedCassandra(EmbeddedCassandraServerHelper.java:77)at org.ballerinalang.cassandra.actions.CassandraBaseTest.startAndSetupCassandraServer(CassandraBaseTest.java:45)at sun.reflect.NativeMethodAccessorImpl.invoke0(Native Method)at sun.reflect.NativeMethodAccessorImpl.invoke(NativeMethodAccessorImpl.java:62)at sun.reflect.DelegatingMethodAccessorImpl.invoke(DelegatingMethodAccessorImpl.java:43)at java.lang.reflect.Method.invoke(Method.java:498)at org.testng.internal.MethodInvocationHelper.invokeMethod(MethodInvocationHelper.java:124)at org.testng.internal.MethodInvocationHelper.invokeMethodConsideringTimeout(MethodInvocationHelper.java:59)at org.testng.internal.Invoker.invokeConfigurationMethod(Invoker.java:451)at org.testng.internal.Invoker.invokeConfigurations(Invoker.java:222)at org.testng.internal.Invoker.invokeConfigurations(Invoker.java:142)at org.testng.SuiteRunner.privateRun(SuiteRunner.java:401)at org.testng.SuiteRunner.run(SuiteRunner.java:364)at org.testng.SuiteRunnerWorker.runSuite(SuiteRunnerWorker.java:52)at org.testng.SuiteRunnerWorker.run(SuiteRunnerWorker.java:84)at org.testng.TestNG.runSuitesSequentially(TestNG.java:1187)at org.testng.TestNG.runSuitesLocally(TestNG.java:1116)at org.testng.TestNG.runSuites(TestNG.java:1028)at org.testng.TestNG.run(TestNG.java:996)at org.apache.maven.surefire.testng.TestNGExecutor.run(TestNGExecutor.java:283)at org.apache.maven.surefire.testng.TestNGXmlTestSuite.execute(TestNGXmlTestSuite.java:75)at org.apache.maven.surefire.testng.TestNGProvider.invoke(TestNGProvider.java:120)at org.apache.maven.surefire.booter.ForkedBooter.invokeProviderInSameClassLoader(ForkedBooter.java:373)at org.apache.maven.surefire.booter.ForkedBooter.runSuitesInProcess(ForkedBooter.java:334)at org.apache.maven.surefire.booter.ForkedBooter.execute(ForkedBooter.java:119)at org.apache.maven.surefire.booter.ForkedBooter.main(ForkedBooter.java:407)]]>
            </full-stacktrace>
          </exception> <!-- java.lang.AssertionError -->
          <reporter-output>
          </reporter-output>
        </test-method> <!-- testConnectionInitWithAdditionalConParams -->
        <test-method status="SKIP" signature="testConnectionInitWithInvalidConsistencyLevel()[pri:0, instance:org.ballerinalang.cassandra.actions.CassandraConnectionInitTest@2257fadf]" name="testConnectionInitWithInvalidConsistencyLevel" duration-ms="0" started-at="2018-07-18T11:25:11Z" description="This method tests Cassandra Connection Inilialization with an invalid Consistency Level" finished-at="2018-07-18T11:25:11Z">
          <exception class="java.lang.AssertionError">
            <message>
              <![CDATA[Cassandra daemon did not start within timeout]]>
            </message>
            <full-stacktrace>
              <![CDATA[java.lang.AssertionError: Cassandra daemon did not start within timeoutat org.cassandraunit.utils.EmbeddedCassandraServerHelper.startEmbeddedCassandra(EmbeddedCassandraServerHelper.java:150)at org.cassandraunit.utils.EmbeddedCassandraServerHelper.startEmbeddedCassandra(EmbeddedCassandraServerHelper.java:102)at org.cassandraunit.utils.EmbeddedCassandraServerHelper.startEmbeddedCassandra(EmbeddedCassandraServerHelper.java:81)at org.cassandraunit.utils.EmbeddedCassandraServerHelper.startEmbeddedCassandra(EmbeddedCassandraServerHelper.java:77)at org.ballerinalang.cassandra.actions.CassandraBaseTest.startAndSetupCassandraServer(CassandraBaseTest.java:45)at sun.reflect.NativeMethodAccessorImpl.invoke0(Native Method)at sun.reflect.NativeMethodAccessorImpl.invoke(NativeMethodAccessorImpl.java:62)at sun.reflect.DelegatingMethodAccessorImpl.invoke(DelegatingMethodAccessorImpl.java:43)at java.lang.reflect.Method.invoke(Method.java:498)at org.testng.internal.MethodInvocationHelper.invokeMethod(MethodInvocationHelper.java:124)at org.testng.internal.MethodInvocationHelper.invokeMethodConsideringTimeout(MethodInvocationHelper.java:59)at org.testng.internal.Invoker.invokeConfigurationMethod(Invoker.java:451)at org.testng.internal.Invoker.invokeConfigurations(Invoker.java:222)at org.testng.internal.Invoker.invokeConfigurations(Invoker.java:142)at org.testng.SuiteRunner.privateRun(SuiteRunner.java:401)at org.testng.SuiteRunner.run(SuiteRunner.java:364)at org.testng.SuiteRunnerWorker.runSuite(SuiteRunnerWorker.java:52)at org.testng.SuiteRunnerWorker.run(SuiteRunnerWorker.java:84)at org.testng.TestNG.runSuitesSequentially(TestNG.java:1187)at org.testng.TestNG.runSuitesLocally(TestNG.java:1116)at org.testng.TestNG.runSuites(TestNG.java:1028)at org.testng.TestNG.run(TestNG.java:996)at org.apache.maven.surefire.testng.TestNGExecutor.run(TestNGExecutor.java:283)at org.apache.maven.surefire.testng.TestNGXmlTestSuite.execute(TestNGXmlTestSuite.java:75)at org.apache.maven.surefire.testng.TestNGProvider.invoke(TestNGProvider.java:120)at org.apache.maven.surefire.booter.ForkedBooter.invokeProviderInSameClassLoader(ForkedBooter.java:373)at org.apache.maven.surefire.booter.ForkedBooter.runSuitesInProcess(ForkedBooter.java:334)at org.apache.maven.surefire.booter.ForkedBooter.execute(ForkedBooter.java:119)at org.apache.maven.surefire.booter.ForkedBooter.main(ForkedBooter.java:407)]]>
            </full-stacktrace>
          </exception> <!-- java.lang.AssertionError -->
          <reporter-output>
          </reporter-output>
        </test-method> <!-- testConnectionInitWithInvalidConsistencyLevel -->
        <test-method status="SKIP" signature="testConnectionInitWithInvalidLBPolicy()[pri:0, instance:org.ballerinalang.cassandra.actions.CassandraConnectionInitTest@2257fadf]" name="testConnectionInitWithInvalidLBPolicy" duration-ms="0" started-at="2018-07-18T11:25:11Z" description="This method tests Cassandra Connection Inilialization with an invalid Load Balancing Policy" finished-at="2018-07-18T11:25:11Z">
          <exception class="java.lang.AssertionError">
            <message>
              <![CDATA[Cassandra daemon did not start within timeout]]>
            </message>
            <full-stacktrace>
              <![CDATA[java.lang.AssertionError: Cassandra daemon did not start within timeoutat org.cassandraunit.utils.EmbeddedCassandraServerHelper.startEmbeddedCassandra(EmbeddedCassandraServerHelper.java:150)at org.cassandraunit.utils.EmbeddedCassandraServerHelper.startEmbeddedCassandra(EmbeddedCassandraServerHelper.java:102)at org.cassandraunit.utils.EmbeddedCassandraServerHelper.startEmbeddedCassandra(EmbeddedCassandraServerHelper.java:81)at org.cassandraunit.utils.EmbeddedCassandraServerHelper.startEmbeddedCassandra(EmbeddedCassandraServerHelper.java:77)at org.ballerinalang.cassandra.actions.CassandraBaseTest.startAndSetupCassandraServer(CassandraBaseTest.java:45)at sun.reflect.NativeMethodAccessorImpl.invoke0(Native Method)at sun.reflect.NativeMethodAccessorImpl.invoke(NativeMethodAccessorImpl.java:62)at sun.reflect.DelegatingMethodAccessorImpl.invoke(DelegatingMethodAccessorImpl.java:43)at java.lang.reflect.Method.invoke(Method.java:498)at org.testng.internal.MethodInvocationHelper.invokeMethod(MethodInvocationHelper.java:124)at org.testng.internal.MethodInvocationHelper.invokeMethodConsideringTimeout(MethodInvocationHelper.java:59)at org.testng.internal.Invoker.invokeConfigurationMethod(Invoker.java:451)at org.testng.internal.Invoker.invokeConfigurations(Invoker.java:222)at org.testng.internal.Invoker.invokeConfigurations(Invoker.java:142)at org.testng.SuiteRunner.privateRun(SuiteRunner.java:401)at org.testng.SuiteRunner.run(SuiteRunner.java:364)at org.testng.SuiteRunnerWorker.runSuite(SuiteRunnerWorker.java:52)at org.testng.SuiteRunnerWorker.run(SuiteRunnerWorker.java:84)at org.testng.TestNG.runSuitesSequentially(TestNG.java:1187)at org.testng.TestNG.runSuitesLocally(TestNG.java:1116)at org.testng.TestNG.runSuites(TestNG.java:1028)at org.testng.TestNG.run(TestNG.java:996)at org.apache.maven.surefire.testng.TestNGExecutor.run(TestNGExecutor.java:283)at org.apache.maven.surefire.testng.TestNGXmlTestSuite.execute(TestNGXmlTestSuite.java:75)at org.apache.maven.surefire.testng.TestNGProvider.invoke(TestNGProvider.java:120)at org.apache.maven.surefire.booter.ForkedBooter.invokeProviderInSameClassLoader(ForkedBooter.java:373)at org.apache.maven.surefire.booter.ForkedBooter.runSuitesInProcess(ForkedBooter.java:334)at org.apache.maven.surefire.booter.ForkedBooter.execute(ForkedBooter.java:119)at org.apache.maven.surefire.booter.ForkedBooter.main(ForkedBooter.java:407)]]>
            </full-stacktrace>
          </exception> <!-- java.lang.AssertionError -->
          <reporter-output>
          </reporter-output>
        </test-method> <!-- testConnectionInitWithInvalidLBPolicy -->
        <test-method status="SKIP" signature="testConnectionInitWithInvalidReconnectionPolicy()[pri:0, instance:org.ballerinalang.cassandra.actions.CassandraConnectionInitTest@2257fadf]" name="testConnectionInitWithInvalidReconnectionPolicy" duration-ms="0" started-at="2018-07-18T11:25:11Z" description="This method tests Cassandra Connection Inilialization with an invalid Reconnection Policy" finished-at="2018-07-18T11:25:11Z">
          <exception class="java.lang.AssertionError">
            <message>
              <![CDATA[Cassandra daemon did not start within timeout]]>
            </message>
            <full-stacktrace>
              <![CDATA[java.lang.AssertionError: Cassandra daemon did not start within timeoutat org.cassandraunit.utils.EmbeddedCassandraServerHelper.startEmbeddedCassandra(EmbeddedCassandraServerHelper.java:150)at org.cassandraunit.utils.EmbeddedCassandraServerHelper.startEmbeddedCassandra(EmbeddedCassandraServerHelper.java:102)at org.cassandraunit.utils.EmbeddedCassandraServerHelper.startEmbeddedCassandra(EmbeddedCassandraServerHelper.java:81)at org.cassandraunit.utils.EmbeddedCassandraServerHelper.startEmbeddedCassandra(EmbeddedCassandraServerHelper.java:77)at org.ballerinalang.cassandra.actions.CassandraBaseTest.startAndSetupCassandraServer(CassandraBaseTest.java:45)at sun.reflect.NativeMethodAccessorImpl.invoke0(Native Method)at sun.reflect.NativeMethodAccessorImpl.invoke(NativeMethodAccessorImpl.java:62)at sun.reflect.DelegatingMethodAccessorImpl.invoke(DelegatingMethodAccessorImpl.java:43)at java.lang.reflect.Method.invoke(Method.java:498)at org.testng.internal.MethodInvocationHelper.invokeMethod(MethodInvocationHelper.java:124)at org.testng.internal.MethodInvocationHelper.invokeMethodConsideringTimeout(MethodInvocationHelper.java:59)at org.testng.internal.Invoker.invokeConfigurationMethod(Invoker.java:451)at org.testng.internal.Invoker.invokeConfigurations(Invoker.java:222)at org.testng.internal.Invoker.invokeConfigurations(Invoker.java:142)at org.testng.SuiteRunner.privateRun(SuiteRunner.java:401)at org.testng.SuiteRunner.run(SuiteRunner.java:364)at org.testng.SuiteRunnerWorker.runSuite(SuiteRunnerWorker.java:52)at org.testng.SuiteRunnerWorker.run(SuiteRunnerWorker.java:84)at org.testng.TestNG.runSuitesSequentially(TestNG.java:1187)at org.testng.TestNG.runSuitesLocally(TestNG.java:1116)at org.testng.TestNG.runSuites(TestNG.java:1028)at org.testng.TestNG.run(TestNG.java:996)at org.apache.maven.surefire.testng.TestNGExecutor.run(TestNGExecutor.java:283)at org.apache.maven.surefire.testng.TestNGXmlTestSuite.execute(TestNGXmlTestSuite.java:75)at org.apache.maven.surefire.testng.TestNGProvider.invoke(TestNGProvider.java:120)at org.apache.maven.surefire.booter.ForkedBooter.invokeProviderInSameClassLoader(ForkedBooter.java:373)at org.apache.maven.surefire.booter.ForkedBooter.runSuitesInProcess(ForkedBooter.java:334)at org.apache.maven.surefire.booter.ForkedBooter.execute(ForkedBooter.java:119)at org.apache.maven.surefire.booter.ForkedBooter.main(ForkedBooter.java:407)]]>
            </full-stacktrace>
          </exception> <!-- java.lang.AssertionError -->
          <reporter-output>
          </reporter-output>
        </test-method> <!-- testConnectionInitWithInvalidReconnectionPolicy -->
        <test-method status="SKIP" signature="testConnectionInitWithInvalidRetryPolicy()[pri:0, instance:org.ballerinalang.cassandra.actions.CassandraConnectionInitTest@2257fadf]" name="testConnectionInitWithInvalidRetryPolicy" duration-ms="0" started-at="2018-07-18T11:25:11Z" description="This method tests Cassandra Connection Inilialization with an invalid Retry Policy" finished-at="2018-07-18T11:25:11Z">
          <exception class="java.lang.AssertionError">
            <message>
              <![CDATA[Cassandra daemon did not start within timeout]]>
            </message>
            <full-stacktrace>
              <![CDATA[java.lang.AssertionError: Cassandra daemon did not start within timeoutat org.cassandraunit.utils.EmbeddedCassandraServerHelper.startEmbeddedCassandra(EmbeddedCassandraServerHelper.java:150)at org.cassandraunit.utils.EmbeddedCassandraServerHelper.startEmbeddedCassandra(EmbeddedCassandraServerHelper.java:102)at org.cassandraunit.utils.EmbeddedCassandraServerHelper.startEmbeddedCassandra(EmbeddedCassandraServerHelper.java:81)at org.cassandraunit.utils.EmbeddedCassandraServerHelper.startEmbeddedCassandra(EmbeddedCassandraServerHelper.java:77)at org.ballerinalang.cassandra.actions.CassandraBaseTest.startAndSetupCassandraServer(CassandraBaseTest.java:45)at sun.reflect.NativeMethodAccessorImpl.invoke0(Native Method)at sun.reflect.NativeMethodAccessorImpl.invoke(NativeMethodAccessorImpl.java:62)at sun.reflect.DelegatingMethodAccessorImpl.invoke(DelegatingMethodAccessorImpl.java:43)at java.lang.reflect.Method.invoke(Method.java:498)at org.testng.internal.MethodInvocationHelper.invokeMethod(MethodInvocationHelper.java:124)at org.testng.internal.MethodInvocationHelper.invokeMethodConsideringTimeout(MethodInvocationHelper.java:59)at org.testng.internal.Invoker.invokeConfigurationMethod(Invoker.java:451)at org.testng.internal.Invoker.invokeConfigurations(Invoker.java:222)at org.testng.internal.Invoker.invokeConfigurations(Invoker.java:142)at org.testng.SuiteRunner.privateRun(SuiteRunner.java:401)at org.testng.SuiteRunner.run(SuiteRunner.java:364)at org.testng.SuiteRunnerWorker.runSuite(SuiteRunnerWorker.java:52)at org.testng.SuiteRunnerWorker.run(SuiteRunnerWorker.java:84)at org.testng.TestNG.runSuitesSequentially(TestNG.java:1187)at org.testng.TestNG.runSuitesLocally(TestNG.java:1116)at org.testng.TestNG.runSuites(TestNG.java:1028)at org.testng.TestNG.run(TestNG.java:996)at org.apache.maven.surefire.testng.TestNGExecutor.run(TestNGExecutor.java:283)at org.apache.maven.surefire.testng.TestNGXmlTestSuite.execute(TestNGXmlTestSuite.java:75)at org.apache.maven.surefire.testng.TestNGProvider.invoke(TestNGProvider.java:120)at org.apache.maven.surefire.booter.ForkedBooter.invokeProviderInSameClassLoader(ForkedBooter.java:373)at org.apache.maven.surefire.booter.ForkedBooter.runSuitesInProcess(ForkedBooter.java:334)at org.apache.maven.surefire.booter.ForkedBooter.execute(ForkedBooter.java:119)at org.apache.maven.surefire.booter.ForkedBooter.main(ForkedBooter.java:407)]]>
            </full-stacktrace>
          </exception> <!-- java.lang.AssertionError -->
          <reporter-output>
          </reporter-output>
        </test-method> <!-- testConnectionInitWithInvalidRetryPolicy -->
        <test-method status="SKIP" signature="testConnectionInitWithInvalidSerialConsistencyLevel()[pri:0, instance:org.ballerinalang.cassandra.actions.CassandraConnectionInitTest@2257fadf]" name="testConnectionInitWithInvalidSerialConsistencyLevel" duration-ms="0" started-at="2018-07-18T11:25:11Z" description="This method tests Cassandra Connection Inilialization with an invalid Serial Consistency Level" finished-at="2018-07-18T11:25:11Z">
          <exception class="java.lang.AssertionError">
            <message>
              <![CDATA[Cassandra daemon did not start within timeout]]>
            </message>
            <full-stacktrace>
              <![CDATA[java.lang.AssertionError: Cassandra daemon did not start within timeoutat org.cassandraunit.utils.EmbeddedCassandraServerHelper.startEmbeddedCassandra(EmbeddedCassandraServerHelper.java:150)at org.cassandraunit.utils.EmbeddedCassandraServerHelper.startEmbeddedCassandra(EmbeddedCassandraServerHelper.java:102)at org.cassandraunit.utils.EmbeddedCassandraServerHelper.startEmbeddedCassandra(EmbeddedCassandraServerHelper.java:81)at org.cassandraunit.utils.EmbeddedCassandraServerHelper.startEmbeddedCassandra(EmbeddedCassandraServerHelper.java:77)at org.ballerinalang.cassandra.actions.CassandraBaseTest.startAndSetupCassandraServer(CassandraBaseTest.java:45)at sun.reflect.NativeMethodAccessorImpl.invoke0(Native Method)at sun.reflect.NativeMethodAccessorImpl.invoke(NativeMethodAccessorImpl.java:62)at sun.reflect.DelegatingMethodAccessorImpl.invoke(DelegatingMethodAccessorImpl.java:43)at java.lang.reflect.Method.invoke(Method.java:498)at org.testng.internal.MethodInvocationHelper.invokeMethod(MethodInvocationHelper.java:124)at org.testng.internal.MethodInvocationHelper.invokeMethodConsideringTimeout(MethodInvocationHelper.java:59)at org.testng.internal.Invoker.invokeConfigurationMethod(Invoker.java:451)at org.testng.internal.Invoker.invokeConfigurations(Invoker.java:222)at org.testng.internal.Invoker.invokeConfigurations(Invoker.java:142)at org.testng.SuiteRunner.privateRun(SuiteRunner.java:401)at org.testng.SuiteRunner.run(SuiteRunner.java:364)at org.testng.SuiteRunnerWorker.runSuite(SuiteRunnerWorker.java:52)at org.testng.SuiteRunnerWorker.run(SuiteRunnerWorker.java:84)at org.testng.TestNG.runSuitesSequentially(TestNG.java:1187)at org.testng.TestNG.runSuitesLocally(TestNG.java:1116)at org.testng.TestNG.runSuites(TestNG.java:1028)at org.testng.TestNG.run(TestNG.java:996)at org.apache.maven.surefire.testng.TestNGExecutor.run(TestNGExecutor.java:283)at org.apache.maven.surefire.testng.TestNGXmlTestSuite.execute(TestNGXmlTestSuite.java:75)at org.apache.maven.surefire.testng.TestNGProvider.invoke(TestNGProvider.java:120)at org.apache.maven.surefire.booter.ForkedBooter.invokeProviderInSameClassLoader(ForkedBooter.java:373)at org.apache.maven.surefire.booter.ForkedBooter.runSuitesInProcess(ForkedBooter.java:334)at org.apache.maven.surefire.booter.ForkedBooter.execute(ForkedBooter.java:119)at org.apache.maven.surefire.booter.ForkedBooter.main(ForkedBooter.java:407)]]>
            </full-stacktrace>
          </exception> <!-- java.lang.AssertionError -->
          <reporter-output>
          </reporter-output>
        </test-method> <!-- testConnectionInitWithInvalidSerialConsistencyLevel -->
        <test-method status="SKIP" signature="testConnectionInitWithLBPolicy()[pri:0, instance:org.ballerinalang.cassandra.actions.CassandraConnectionInitTest@2257fadf]" name="testConnectionInitWithLBPolicy" duration-ms="0" started-at="2018-07-18T11:25:11Z" description="This method tests Cassandra Connection Inilialization with a Load Balancing Policy" finished-at="2018-07-18T11:25:11Z">
          <exception class="java.lang.AssertionError">
            <message>
              <![CDATA[Cassandra daemon did not start within timeout]]>
            </message>
            <full-stacktrace>
              <![CDATA[java.lang.AssertionError: Cassandra daemon did not start within timeoutat org.cassandraunit.utils.EmbeddedCassandraServerHelper.startEmbeddedCassandra(EmbeddedCassandraServerHelper.java:150)at org.cassandraunit.utils.EmbeddedCassandraServerHelper.startEmbeddedCassandra(EmbeddedCassandraServerHelper.java:102)at org.cassandraunit.utils.EmbeddedCassandraServerHelper.startEmbeddedCassandra(EmbeddedCassandraServerHelper.java:81)at org.cassandraunit.utils.EmbeddedCassandraServerHelper.startEmbeddedCassandra(EmbeddedCassandraServerHelper.java:77)at org.ballerinalang.cassandra.actions.CassandraBaseTest.startAndSetupCassandraServer(CassandraBaseTest.java:45)at sun.reflect.NativeMethodAccessorImpl.invoke0(Native Method)at sun.reflect.NativeMethodAccessorImpl.invoke(NativeMethodAccessorImpl.java:62)at sun.reflect.DelegatingMethodAccessorImpl.invoke(DelegatingMethodAccessorImpl.java:43)at java.lang.reflect.Method.invoke(Method.java:498)at org.testng.internal.MethodInvocationHelper.invokeMethod(MethodInvocationHelper.java:124)at org.testng.internal.MethodInvocationHelper.invokeMethodConsideringTimeout(MethodInvocationHelper.java:59)at org.testng.internal.Invoker.invokeConfigurationMethod(Invoker.java:451)at org.testng.internal.Invoker.invokeConfigurations(Invoker.java:222)at org.testng.internal.Invoker.invokeConfigurations(Invoker.java:142)at org.testng.SuiteRunner.privateRun(SuiteRunner.java:401)at org.testng.SuiteRunner.run(SuiteRunner.java:364)at org.testng.SuiteRunnerWorker.runSuite(SuiteRunnerWorker.java:52)at org.testng.SuiteRunnerWorker.run(SuiteRunnerWorker.java:84)at org.testng.TestNG.runSuitesSequentially(TestNG.java:1187)at org.testng.TestNG.runSuitesLocally(TestNG.java:1116)at org.testng.TestNG.runSuites(TestNG.java:1028)at org.testng.TestNG.run(TestNG.java:996)at org.apache.maven.surefire.testng.TestNGExecutor.run(TestNGExecutor.java:283)at org.apache.maven.surefire.testng.TestNGXmlTestSuite.execute(TestNGXmlTestSuite.java:75)at org.apache.maven.surefire.testng.TestNGProvider.invoke(TestNGProvider.java:120)at org.apache.maven.surefire.booter.ForkedBooter.invokeProviderInSameClassLoader(ForkedBooter.java:373)at org.apache.maven.surefire.booter.ForkedBooter.runSuitesInProcess(ForkedBooter.java:334)at org.apache.maven.surefire.booter.ForkedBooter.execute(ForkedBooter.java:119)at org.apache.maven.surefire.booter.ForkedBooter.main(ForkedBooter.java:407)]]>
            </full-stacktrace>
          </exception> <!-- java.lang.AssertionError -->
          <reporter-output>
          </reporter-output>
        </test-method> <!-- testConnectionInitWithLBPolicy -->
        <test-method status="SKIP" signature="testConnectionInitWithPoolingOptions()[pri:0, instance:org.ballerinalang.cassandra.actions.CassandraConnectionInitTest@2257fadf]" name="testConnectionInitWithPoolingOptions" duration-ms="0" started-at="2018-07-18T11:25:11Z" description="This method tests Cassandra Connection Inilialization with Pooling Options" finished-at="2018-07-18T11:25:11Z">
          <exception class="java.lang.AssertionError">
            <message>
              <![CDATA[Cassandra daemon did not start within timeout]]>
            </message>
            <full-stacktrace>
              <![CDATA[java.lang.AssertionError: Cassandra daemon did not start within timeoutat org.cassandraunit.utils.EmbeddedCassandraServerHelper.startEmbeddedCassandra(EmbeddedCassandraServerHelper.java:150)at org.cassandraunit.utils.EmbeddedCassandraServerHelper.startEmbeddedCassandra(EmbeddedCassandraServerHelper.java:102)at org.cassandraunit.utils.EmbeddedCassandraServerHelper.startEmbeddedCassandra(EmbeddedCassandraServerHelper.java:81)at org.cassandraunit.utils.EmbeddedCassandraServerHelper.startEmbeddedCassandra(EmbeddedCassandraServerHelper.java:77)at org.ballerinalang.cassandra.actions.CassandraBaseTest.startAndSetupCassandraServer(CassandraBaseTest.java:45)at sun.reflect.NativeMethodAccessorImpl.invoke0(Native Method)at sun.reflect.NativeMethodAccessorImpl.invoke(NativeMethodAccessorImpl.java:62)at sun.reflect.DelegatingMethodAccessorImpl.invoke(DelegatingMethodAccessorImpl.java:43)at java.lang.reflect.Method.invoke(Method.java:498)at org.testng.internal.MethodInvocationHelper.invokeMethod(MethodInvocationHelper.java:124)at org.testng.internal.MethodInvocationHelper.invokeMethodConsideringTimeout(MethodInvocationHelper.java:59)at org.testng.internal.Invoker.invokeConfigurationMethod(Invoker.java:451)at org.testng.internal.Invoker.invokeConfigurations(Invoker.java:222)at org.testng.internal.Invoker.invokeConfigurations(Invoker.java:142)at org.testng.SuiteRunner.privateRun(SuiteRunner.java:401)at org.testng.SuiteRunner.run(SuiteRunner.java:364)at org.testng.SuiteRunnerWorker.runSuite(SuiteRunnerWorker.java:52)at org.testng.SuiteRunnerWorker.run(SuiteRunnerWorker.java:84)at org.testng.TestNG.runSuitesSequentially(TestNG.java:1187)at org.testng.TestNG.runSuitesLocally(TestNG.java:1116)at org.testng.TestNG.runSuites(TestNG.java:1028)at org.testng.TestNG.run(TestNG.java:996)at org.apache.maven.surefire.testng.TestNGExecutor.run(TestNGExecutor.java:283)at org.apache.maven.surefire.testng.TestNGXmlTestSuite.execute(TestNGXmlTestSuite.java:75)at org.apache.maven.surefire.testng.TestNGProvider.invoke(TestNGProvider.java:120)at org.apache.maven.surefire.booter.ForkedBooter.invokeProviderInSameClassLoader(ForkedBooter.java:373)at org.apache.maven.surefire.booter.ForkedBooter.runSuitesInProcess(ForkedBooter.java:334)at org.apache.maven.surefire.booter.ForkedBooter.execute(ForkedBooter.java:119)at org.apache.maven.surefire.booter.ForkedBooter.main(ForkedBooter.java:407)]]>
            </full-stacktrace>
          </exception> <!-- java.lang.AssertionError -->
          <reporter-output>
          </reporter-output>
        </test-method> <!-- testConnectionInitWithPoolingOptions -->
        <test-method status="SKIP" signature="testConnectionInitWithProtocolOptions()[pri:0, instance:org.ballerinalang.cassandra.actions.CassandraConnectionInitTest@2257fadf]" name="testConnectionInitWithProtocolOptions" duration-ms="0" started-at="2018-07-18T11:25:11Z" description="This method tests Cassandra Connection Inilialization with Protocol Options" finished-at="2018-07-18T11:25:11Z">
          <exception class="java.lang.AssertionError">
            <message>
              <![CDATA[Cassandra daemon did not start within timeout]]>
            </message>
            <full-stacktrace>
              <![CDATA[java.lang.AssertionError: Cassandra daemon did not start within timeoutat org.cassandraunit.utils.EmbeddedCassandraServerHelper.startEmbeddedCassandra(EmbeddedCassandraServerHelper.java:150)at org.cassandraunit.utils.EmbeddedCassandraServerHelper.startEmbeddedCassandra(EmbeddedCassandraServerHelper.java:102)at org.cassandraunit.utils.EmbeddedCassandraServerHelper.startEmbeddedCassandra(EmbeddedCassandraServerHelper.java:81)at org.cassandraunit.utils.EmbeddedCassandraServerHelper.startEmbeddedCassandra(EmbeddedCassandraServerHelper.java:77)at org.ballerinalang.cassandra.actions.CassandraBaseTest.startAndSetupCassandraServer(CassandraBaseTest.java:45)at sun.reflect.NativeMethodAccessorImpl.invoke0(Native Method)at sun.reflect.NativeMethodAccessorImpl.invoke(NativeMethodAccessorImpl.java:62)at sun.reflect.DelegatingMethodAccessorImpl.invoke(DelegatingMethodAccessorImpl.java:43)at java.lang.reflect.Method.invoke(Method.java:498)at org.testng.internal.MethodInvocationHelper.invokeMethod(MethodInvocationHelper.java:124)at org.testng.internal.MethodInvocationHelper.invokeMethodConsideringTimeout(MethodInvocationHelper.java:59)at org.testng.internal.Invoker.invokeConfigurationMethod(Invoker.java:451)at org.testng.internal.Invoker.invokeConfigurations(Invoker.java:222)at org.testng.internal.Invoker.invokeConfigurations(Invoker.java:142)at org.testng.SuiteRunner.privateRun(SuiteRunner.java:401)at org.testng.SuiteRunner.run(SuiteRunner.java:364)at org.testng.SuiteRunnerWorker.runSuite(SuiteRunnerWorker.java:52)at org.testng.SuiteRunnerWorker.run(SuiteRunnerWorker.java:84)at org.testng.TestNG.runSuitesSequentially(TestNG.java:1187)at org.testng.TestNG.runSuitesLocally(TestNG.java:1116)at org.testng.TestNG.runSuites(TestNG.java:1028)at org.testng.TestNG.run(TestNG.java:996)at org.apache.maven.surefire.testng.TestNGExecutor.run(TestNGExecutor.java:283)at org.apache.maven.surefire.testng.TestNGXmlTestSuite.execute(TestNGXmlTestSuite.java:75)at org.apache.maven.surefire.testng.TestNGProvider.invoke(TestNGProvider.java:120)at org.apache.maven.surefire.booter.ForkedBooter.invokeProviderInSameClassLoader(ForkedBooter.java:373)at org.apache.maven.surefire.booter.ForkedBooter.runSuitesInProcess(ForkedBooter.java:334)at org.apache.maven.surefire.booter.ForkedBooter.execute(ForkedBooter.java:119)at org.apache.maven.surefire.booter.ForkedBooter.main(ForkedBooter.java:407)]]>
            </full-stacktrace>
          </exception> <!-- java.lang.AssertionError -->
          <reporter-output>
          </reporter-output>
        </test-method> <!-- testConnectionInitWithProtocolOptions -->
        <test-method status="SKIP" signature="testConnectionInitWithQueryOptions()[pri:0, instance:org.ballerinalang.cassandra.actions.CassandraConnectionInitTest@2257fadf]" name="testConnectionInitWithQueryOptions" duration-ms="0" started-at="2018-07-18T11:25:11Z" description="This method tests Cassandra Connection Inilialization with Query Options" finished-at="2018-07-18T11:25:11Z">
          <exception class="java.lang.AssertionError">
            <message>
              <![CDATA[Cassandra daemon did not start within timeout]]>
            </message>
            <full-stacktrace>
              <![CDATA[java.lang.AssertionError: Cassandra daemon did not start within timeoutat org.cassandraunit.utils.EmbeddedCassandraServerHelper.startEmbeddedCassandra(EmbeddedCassandraServerHelper.java:150)at org.cassandraunit.utils.EmbeddedCassandraServerHelper.startEmbeddedCassandra(EmbeddedCassandraServerHelper.java:102)at org.cassandraunit.utils.EmbeddedCassandraServerHelper.startEmbeddedCassandra(EmbeddedCassandraServerHelper.java:81)at org.cassandraunit.utils.EmbeddedCassandraServerHelper.startEmbeddedCassandra(EmbeddedCassandraServerHelper.java:77)at org.ballerinalang.cassandra.actions.CassandraBaseTest.startAndSetupCassandraServer(CassandraBaseTest.java:45)at sun.reflect.NativeMethodAccessorImpl.invoke0(Native Method)at sun.reflect.NativeMethodAccessorImpl.invoke(NativeMethodAccessorImpl.java:62)at sun.reflect.DelegatingMethodAccessorImpl.invoke(DelegatingMethodAccessorImpl.java:43)at java.lang.reflect.Method.invoke(Method.java:498)at org.testng.internal.MethodInvocationHelper.invokeMethod(MethodInvocationHelper.java:124)at org.testng.internal.MethodInvocationHelper.invokeMethodConsideringTimeout(MethodInvocationHelper.java:59)at org.testng.internal.Invoker.invokeConfigurationMethod(Invoker.java:451)at org.testng.internal.Invoker.invokeConfigurations(Invoker.java:222)at org.testng.internal.Invoker.invokeConfigurations(Invoker.java:142)at org.testng.SuiteRunner.privateRun(SuiteRunner.java:401)at org.testng.SuiteRunner.run(SuiteRunner.java:364)at org.testng.SuiteRunnerWorker.runSuite(SuiteRunnerWorker.java:52)at org.testng.SuiteRunnerWorker.run(SuiteRunnerWorker.java:84)at org.testng.TestNG.runSuitesSequentially(TestNG.java:1187)at org.testng.TestNG.runSuitesLocally(TestNG.java:1116)at org.testng.TestNG.runSuites(TestNG.java:1028)at org.testng.TestNG.run(TestNG.java:996)at org.apache.maven.surefire.testng.TestNGExecutor.run(TestNGExecutor.java:283)at org.apache.maven.surefire.testng.TestNGXmlTestSuite.execute(TestNGXmlTestSuite.java:75)at org.apache.maven.surefire.testng.TestNGProvider.invoke(TestNGProvider.java:120)at org.apache.maven.surefire.booter.ForkedBooter.invokeProviderInSameClassLoader(ForkedBooter.java:373)at org.apache.maven.surefire.booter.ForkedBooter.runSuitesInProcess(ForkedBooter.java:334)at org.apache.maven.surefire.booter.ForkedBooter.execute(ForkedBooter.java:119)at org.apache.maven.surefire.booter.ForkedBooter.main(ForkedBooter.java:407)]]>
            </full-stacktrace>
          </exception> <!-- java.lang.AssertionError -->
          <reporter-output>
          </reporter-output>
        </test-method> <!-- testConnectionInitWithQueryOptions -->
        <test-method status="SKIP" signature="testConnectionInitWithReconnectionPolicy()[pri:0, instance:org.ballerinalang.cassandra.actions.CassandraConnectionInitTest@2257fadf]" name="testConnectionInitWithReconnectionPolicy" duration-ms="0" started-at="2018-07-18T11:25:11Z" description="This method tests Cassandra Connection Inilialization with a Reconnection Policy" finished-at="2018-07-18T11:25:11Z">
          <exception class="java.lang.AssertionError">
            <message>
              <![CDATA[Cassandra daemon did not start within timeout]]>
            </message>
            <full-stacktrace>
              <![CDATA[java.lang.AssertionError: Cassandra daemon did not start within timeoutat org.cassandraunit.utils.EmbeddedCassandraServerHelper.startEmbeddedCassandra(EmbeddedCassandraServerHelper.java:150)at org.cassandraunit.utils.EmbeddedCassandraServerHelper.startEmbeddedCassandra(EmbeddedCassandraServerHelper.java:102)at org.cassandraunit.utils.EmbeddedCassandraServerHelper.startEmbeddedCassandra(EmbeddedCassandraServerHelper.java:81)at org.cassandraunit.utils.EmbeddedCassandraServerHelper.startEmbeddedCassandra(EmbeddedCassandraServerHelper.java:77)at org.ballerinalang.cassandra.actions.CassandraBaseTest.startAndSetupCassandraServer(CassandraBaseTest.java:45)at sun.reflect.NativeMethodAccessorImpl.invoke0(Native Method)at sun.reflect.NativeMethodAccessorImpl.invoke(NativeMethodAccessorImpl.java:62)at sun.reflect.DelegatingMethodAccessorImpl.invoke(DelegatingMethodAccessorImpl.java:43)at java.lang.reflect.Method.invoke(Method.java:498)at org.testng.internal.MethodInvocationHelper.invokeMethod(MethodInvocationHelper.java:124)at org.testng.internal.MethodInvocationHelper.invokeMethodConsideringTimeout(MethodInvocationHelper.java:59)at org.testng.internal.Invoker.invokeConfigurationMethod(Invoker.java:451)at org.testng.internal.Invoker.invokeConfigurations(Invoker.java:222)at org.testng.internal.Invoker.invokeConfigurations(Invoker.java:142)at org.testng.SuiteRunner.privateRun(SuiteRunner.java:401)at org.testng.SuiteRunner.run(SuiteRunner.java:364)at org.testng.SuiteRunnerWorker.runSuite(SuiteRunnerWorker.java:52)at org.testng.SuiteRunnerWorker.run(SuiteRunnerWorker.java:84)at org.testng.TestNG.runSuitesSequentially(TestNG.java:1187)at org.testng.TestNG.runSuitesLocally(TestNG.java:1116)at org.testng.TestNG.runSuites(TestNG.java:1028)at org.testng.TestNG.run(TestNG.java:996)at org.apache.maven.surefire.testng.TestNGExecutor.run(TestNGExecutor.java:283)at org.apache.maven.surefire.testng.TestNGXmlTestSuite.execute(TestNGXmlTestSuite.java:75)at org.apache.maven.surefire.testng.TestNGProvider.invoke(TestNGProvider.java:120)at org.apache.maven.surefire.booter.ForkedBooter.invokeProviderInSameClassLoader(ForkedBooter.java:373)at org.apache.maven.surefire.booter.ForkedBooter.runSuitesInProcess(ForkedBooter.java:334)at org.apache.maven.surefire.booter.ForkedBooter.execute(ForkedBooter.java:119)at org.apache.maven.surefire.booter.ForkedBooter.main(ForkedBooter.java:407)]]>
            </full-stacktrace>
          </exception> <!-- java.lang.AssertionError -->
          <reporter-output>
          </reporter-output>
        </test-method> <!-- testConnectionInitWithReconnectionPolicy -->
        <test-method status="SKIP" signature="testConnectionInitWithRetryPolicy()[pri:0, instance:org.ballerinalang.cassandra.actions.CassandraConnectionInitTest@2257fadf]" name="testConnectionInitWithRetryPolicy" duration-ms="0" started-at="2018-07-18T11:25:11Z" description="This method tests Cassandra Connection Inilialization with a Retry Policy" finished-at="2018-07-18T11:25:11Z">
          <exception class="java.lang.AssertionError">
            <message>
              <![CDATA[Cassandra daemon did not start within timeout]]>
            </message>
            <full-stacktrace>
              <![CDATA[java.lang.AssertionError: Cassandra daemon did not start within timeoutat org.cassandraunit.utils.EmbeddedCassandraServerHelper.startEmbeddedCassandra(EmbeddedCassandraServerHelper.java:150)at org.cassandraunit.utils.EmbeddedCassandraServerHelper.startEmbeddedCassandra(EmbeddedCassandraServerHelper.java:102)at org.cassandraunit.utils.EmbeddedCassandraServerHelper.startEmbeddedCassandra(EmbeddedCassandraServerHelper.java:81)at org.cassandraunit.utils.EmbeddedCassandraServerHelper.startEmbeddedCassandra(EmbeddedCassandraServerHelper.java:77)at org.ballerinalang.cassandra.actions.CassandraBaseTest.startAndSetupCassandraServer(CassandraBaseTest.java:45)at sun.reflect.NativeMethodAccessorImpl.invoke0(Native Method)at sun.reflect.NativeMethodAccessorImpl.invoke(NativeMethodAccessorImpl.java:62)at sun.reflect.DelegatingMethodAccessorImpl.invoke(DelegatingMethodAccessorImpl.java:43)at java.lang.reflect.Method.invoke(Method.java:498)at org.testng.internal.MethodInvocationHelper.invokeMethod(MethodInvocationHelper.java:124)at org.testng.internal.MethodInvocationHelper.invokeMethodConsideringTimeout(MethodInvocationHelper.java:59)at org.testng.internal.Invoker.invokeConfigurationMethod(Invoker.java:451)at org.testng.internal.Invoker.invokeConfigurations(Invoker.java:222)at org.testng.internal.Invoker.invokeConfigurations(Invoker.java:142)at org.testng.SuiteRunner.privateRun(SuiteRunner.java:401)at org.testng.SuiteRunner.run(SuiteRunner.java:364)at org.testng.SuiteRunnerWorker.runSuite(SuiteRunnerWorker.java:52)at org.testng.SuiteRunnerWorker.run(SuiteRunnerWorker.java:84)at org.testng.TestNG.runSuitesSequentially(TestNG.java:1187)at org.testng.TestNG.runSuitesLocally(TestNG.java:1116)at org.testng.TestNG.runSuites(TestNG.java:1028)at org.testng.TestNG.run(TestNG.java:996)at org.apache.maven.surefire.testng.TestNGExecutor.run(TestNGExecutor.java:283)at org.apache.maven.surefire.testng.TestNGXmlTestSuite.execute(TestNGXmlTestSuite.java:75)at org.apache.maven.surefire.testng.TestNGProvider.invoke(TestNGProvider.java:120)at org.apache.maven.surefire.booter.ForkedBooter.invokeProviderInSameClassLoader(ForkedBooter.java:373)at org.apache.maven.surefire.booter.ForkedBooter.runSuitesInProcess(ForkedBooter.java:334)at org.apache.maven.surefire.booter.ForkedBooter.execute(ForkedBooter.java:119)at org.apache.maven.surefire.booter.ForkedBooter.main(ForkedBooter.java:407)]]>
            </full-stacktrace>
          </exception> <!-- java.lang.AssertionError -->
          <reporter-output>
          </reporter-output>
        </test-method> <!-- testConnectionInitWithRetryPolicy -->
        <test-method status="SKIP" signature="testConnectionInitWithSocketOptions()[pri:0, instance:org.ballerinalang.cassandra.actions.CassandraConnectionInitTest@2257fadf]" name="testConnectionInitWithSocketOptions" duration-ms="0" started-at="2018-07-18T11:25:11Z" description="This method tests Cassandra Connection Inilialization with Socket Options" finished-at="2018-07-18T11:25:11Z">
          <exception class="java.lang.AssertionError">
            <message>
              <![CDATA[Cassandra daemon did not start within timeout]]>
            </message>
            <full-stacktrace>
              <![CDATA[java.lang.AssertionError: Cassandra daemon did not start within timeoutat org.cassandraunit.utils.EmbeddedCassandraServerHelper.startEmbeddedCassandra(EmbeddedCassandraServerHelper.java:150)at org.cassandraunit.utils.EmbeddedCassandraServerHelper.startEmbeddedCassandra(EmbeddedCassandraServerHelper.java:102)at org.cassandraunit.utils.EmbeddedCassandraServerHelper.startEmbeddedCassandra(EmbeddedCassandraServerHelper.java:81)at org.cassandraunit.utils.EmbeddedCassandraServerHelper.startEmbeddedCassandra(EmbeddedCassandraServerHelper.java:77)at org.ballerinalang.cassandra.actions.CassandraBaseTest.startAndSetupCassandraServer(CassandraBaseTest.java:45)at sun.reflect.NativeMethodAccessorImpl.invoke0(Native Method)at sun.reflect.NativeMethodAccessorImpl.invoke(NativeMethodAccessorImpl.java:62)at sun.reflect.DelegatingMethodAccessorImpl.invoke(DelegatingMethodAccessorImpl.java:43)at java.lang.reflect.Method.invoke(Method.java:498)at org.testng.internal.MethodInvocationHelper.invokeMethod(MethodInvocationHelper.java:124)at org.testng.internal.MethodInvocationHelper.invokeMethodConsideringTimeout(MethodInvocationHelper.java:59)at org.testng.internal.Invoker.invokeConfigurationMethod(Invoker.java:451)at org.testng.internal.Invoker.invokeConfigurations(Invoker.java:222)at org.testng.internal.Invoker.invokeConfigurations(Invoker.java:142)at org.testng.SuiteRunner.privateRun(SuiteRunner.java:401)at org.testng.SuiteRunner.run(SuiteRunner.java:364)at org.testng.SuiteRunnerWorker.runSuite(SuiteRunnerWorker.java:52)at org.testng.SuiteRunnerWorker.run(SuiteRunnerWorker.java:84)at org.testng.TestNG.runSuitesSequentially(TestNG.java:1187)at org.testng.TestNG.runSuitesLocally(TestNG.java:1116)at org.testng.TestNG.runSuites(TestNG.java:1028)at org.testng.TestNG.run(TestNG.java:996)at org.apache.maven.surefire.testng.TestNGExecutor.run(TestNGExecutor.java:283)at org.apache.maven.surefire.testng.TestNGXmlTestSuite.execute(TestNGXmlTestSuite.java:75)at org.apache.maven.surefire.testng.TestNGProvider.invoke(TestNGProvider.java:120)at org.apache.maven.surefire.booter.ForkedBooter.invokeProviderInSameClassLoader(ForkedBooter.java:373)at org.apache.maven.surefire.booter.ForkedBooter.runSuitesInProcess(ForkedBooter.java:334)at org.apache.maven.surefire.booter.ForkedBooter.execute(ForkedBooter.java:119)at org.apache.maven.surefire.booter.ForkedBooter.main(ForkedBooter.java:407)]]>
            </full-stacktrace>
          </exception> <!-- java.lang.AssertionError -->
          <reporter-output>
          </reporter-output>
        </test-method> <!-- testConnectionInitWithSocketOptions -->
      </class> <!-- org.ballerinalang.cassandra.actions.CassandraConnectionInitTest -->
    </test> <!-- Cassandra-Connector-Tests -->
  </suite> <!-- MongoDBConnector_IntegrationTest_Suite -->
</testng-results>
