-------------------------------------------------------------------------------
Test set: org.openqa.selenium.ImplicitWaitTest
-------------------------------------------------------------------------------
Tests run: 9, Failures: 9, Errors: 0, Skipped: 0, Time elapsed: 0.001 s <<< FAILURE! - in org.openqa.selenium.ImplicitWaitTest
testShouldRetainImplicitlyWaitFromTheReturnedWebDriverOfFrameSwitchTo(org.openqa.selenium.ImplicitWaitTest)  Time elapsed: 0.001 s  <<< FAILURE!
java.lang.AssertionError: 

Expected: is not "spirals-vortex.lille.inria.fr"
     but: was "spirals-vortex.lille.inria.fr"

testShouldImplicitlyWaitUntilAtLeastOneElementIsFoundWhenSearchingForMany(org.openqa.selenium.ImplicitWaitTest)  Time elapsed: 0 s  <<< FAILURE!
java.lang.AssertionError: 

Expected: is not "spirals-vortex.lille.inria.fr"
     but: was "spirals-vortex.lille.inria.fr"

testShouldImplicitlyWaitForAnElementToBeVisibleBeforeInteracting(org.openqa.selenium.ImplicitWaitTest)  Time elapsed: 0 s  <<< FAILURE!
java.lang.AssertionError: 

Expected: is not "spirals-vortex.lille.inria.fr"
     but: was "spirals-vortex.lille.inria.fr"

testShouldStillFailToFindElementsByIdWhenImplicitWaitsAreEnabled(org.openqa.selenium.ImplicitWaitTest)  Time elapsed: 0 s  <<< FAILURE!
java.lang.AssertionError: 

Expected: is not "spirals-vortex.lille.inria.fr"
     but: was "spirals-vortex.lille.inria.fr"

testShouldStillFailToFindAnElementWhenImplicitWaitsAreEnabled(org.openqa.selenium.ImplicitWaitTest)  Time elapsed: 0 s  <<< FAILURE!
java.lang.AssertionError: 

Expected: is not "spirals-vortex.lille.inria.fr"
     but: was "spirals-vortex.lille.inria.fr"

testShouldReturnAfterFirstAttemptToFindManyAfterDisablingImplicitWaits(org.openqa.selenium.ImplicitWaitTest)  Time elapsed: 0 s  <<< FAILURE!
java.lang.AssertionError: 

Expected: is not "spirals-vortex.lille.inria.fr"
     but: was "spirals-vortex.lille.inria.fr"

testShouldStillFailToFindElementsWhenImplicitWaitsAreEnabled(org.openqa.selenium.ImplicitWaitTest)  Time elapsed: 0 s  <<< FAILURE!
java.lang.AssertionError: 

Expected: is not "spirals-vortex.lille.inria.fr"
     but: was "spirals-vortex.lille.inria.fr"

testShouldImplicitlyWaitForASingleElement(org.openqa.selenium.ImplicitWaitTest)  Time elapsed: 0 s  <<< FAILURE!
java.lang.AssertionError: 

Expected: is not "spirals-vortex.lille.inria.fr"
     but: was "spirals-vortex.lille.inria.fr"

testShouldReturnAfterFirstAttemptToFindOneAfterDisablingImplicitWaits(org.openqa.selenium.ImplicitWaitTest)  Time elapsed: 0 s  <<< FAILURE!
java.lang.AssertionError: 

Expected: is not "spirals-vortex.lille.inria.fr"
     but: was "spirals-vortex.lille.inria.fr"

