-------------------------------------------------------------------------------
Test set: org.openqa.selenium.ExecutingAsyncJavascriptTest
-------------------------------------------------------------------------------
Tests run: 24, Failures: 23, Errors: 0, Skipped: 0, Time elapsed: 0.007 s <<< FAILURE! - in org.openqa.selenium.ExecutingAsyncJavascriptTest
shouldNotTimeoutIfScriptCallsbackInsideAZeroTimeout(org.openqa.selenium.ExecutingAsyncJavascriptTest)  Time elapsed: 0.001 s  <<< FAILURE!
java.lang.AssertionError: 

Expected: is not "spirals-vortex.lille.inria.fr"
     but: was "spirals-vortex.lille.inria.fr"

shouldBeAbleToReturnJavascriptPrimitivesFromAsyncScripts_NullAndUndefined(org.openqa.selenium.ExecutingAsyncJavascriptTest)  Time elapsed: 0 s  <<< FAILURE!
java.lang.AssertionError: 

Expected: is not "spirals-vortex.lille.inria.fr"
     but: was "spirals-vortex.lille.inria.fr"

shouldBeAbleToMakeXMLHttpRequestsAndWaitForTheResponse(org.openqa.selenium.ExecutingAsyncJavascriptTest)  Time elapsed: 0 s  <<< FAILURE!
java.lang.AssertionError: 

Expected: is not "spirals-vortex.lille.inria.fr"
     but: was "spirals-vortex.lille.inria.fr"

shouldBeAbleToExecuteAsynchronousScripts(org.openqa.selenium.ExecutingAsyncJavascriptTest)  Time elapsed: 0 s  <<< FAILURE!
java.lang.AssertionError: 

Expected: is not "spirals-vortex.lille.inria.fr"
     but: was "spirals-vortex.lille.inria.fr"

shouldBeAbleToReturnArraysOfWebElementsFromAsyncScripts(org.openqa.selenium.ExecutingAsyncJavascriptTest)  Time elapsed: 0 s  <<< FAILURE!
java.lang.AssertionError: 

Expected: is not "spirals-vortex.lille.inria.fr"
     but: was "spirals-vortex.lille.inria.fr"

shouldBeAbleToReturnWebElementsFromAsyncScripts(org.openqa.selenium.ExecutingAsyncJavascriptTest)  Time elapsed: 0 s  <<< FAILURE!
java.lang.AssertionError: 

Expected: is not "spirals-vortex.lille.inria.fr"
     but: was "spirals-vortex.lille.inria.fr"

shouldCatchErrorsWhenExecutingInitialScript(org.openqa.selenium.ExecutingAsyncJavascriptTest)  Time elapsed: 0 s  <<< FAILURE!
java.lang.AssertionError: 

Expected: is not "spirals-vortex.lille.inria.fr"
     but: was "spirals-vortex.lille.inria.fr"

shouldBeAbleToReturnAnArrayLiteralFromAnAsyncScript(org.openqa.selenium.ExecutingAsyncJavascriptTest)  Time elapsed: 0 s  <<< FAILURE!
java.lang.AssertionError: 

Expected: is not "spirals-vortex.lille.inria.fr"
     but: was "spirals-vortex.lille.inria.fr"

shouldBeAbleToReturnArraysOfPrimitivesFromAsyncScripts(org.openqa.selenium.ExecutingAsyncJavascriptTest)  Time elapsed: 0 s  <<< FAILURE!
java.lang.AssertionError: 

Expected: is not "spirals-vortex.lille.inria.fr"
     but: was "spirals-vortex.lille.inria.fr"

throwsIfScriptTriggersAlertWhichTimesOut(org.openqa.selenium.ExecutingAsyncJavascriptTest)  Time elapsed: 0 s  <<< FAILURE!
java.lang.AssertionError: 

Expected: is not "spirals-vortex.lille.inria.fr"
     but: was "spirals-vortex.lille.inria.fr"

shouldBeAbleToPassMultipleArgumentsToAsyncScripts(org.openqa.selenium.ExecutingAsyncJavascriptTest)  Time elapsed: 0 s  <<< FAILURE!
java.lang.AssertionError: 

Expected: is not "spirals-vortex.lille.inria.fr"
     but: was "spirals-vortex.lille.inria.fr"

shouldDetectPageLoadsWhileWaitingOnAnAsyncScriptAndReturnAnError(org.openqa.selenium.ExecutingAsyncJavascriptTest)  Time elapsed: 0 s  <<< FAILURE!
java.lang.AssertionError: 

Expected: is not "spirals-vortex.lille.inria.fr"
     but: was "spirals-vortex.lille.inria.fr"

includesAlertTextInUnhandledAlertException(org.openqa.selenium.ExecutingAsyncJavascriptTest)  Time elapsed: 0.001 s  <<< FAILURE!
java.lang.AssertionError: 

Expected: is not "spirals-vortex.lille.inria.fr"
     but: was "spirals-vortex.lille.inria.fr"

shouldTimeoutIfScriptDoesNotInvokeCallbackWithAZeroTimeout(org.openqa.selenium.ExecutingAsyncJavascriptTest)  Time elapsed: 0 s  <<< FAILURE!
java.lang.AssertionError: 

Expected: is not "spirals-vortex.lille.inria.fr"
     but: was "spirals-vortex.lille.inria.fr"

shouldBeAbleToReturnJavascriptPrimitivesFromAsyncScripts_NeitherNullNorUndefined(org.openqa.selenium.ExecutingAsyncJavascriptTest)  Time elapsed: 0.001 s  <<< FAILURE!
java.lang.AssertionError: 

Expected: is not "spirals-vortex.lille.inria.fr"
     but: was "spirals-vortex.lille.inria.fr"

shouldTimeoutIfScriptDoesNotInvokeCallbackWithLongTimeout(org.openqa.selenium.ExecutingAsyncJavascriptTest)  Time elapsed: 0 s  <<< FAILURE!
java.lang.AssertionError: 

Expected: is not "spirals-vortex.lille.inria.fr"
     but: was "spirals-vortex.lille.inria.fr"

shouldNotTimeoutIfCallbackInvokedImmediately(org.openqa.selenium.ExecutingAsyncJavascriptTest)  Time elapsed: 0.001 s  <<< FAILURE!
java.lang.AssertionError: 

Expected: is not "spirals-vortex.lille.inria.fr"
     but: was "spirals-vortex.lille.inria.fr"

shouldTimeoutIfScriptDoesNotInvokeCallback(org.openqa.selenium.ExecutingAsyncJavascriptTest)  Time elapsed: 0 s  <<< FAILURE!
java.lang.AssertionError: 

Expected: is not "spirals-vortex.lille.inria.fr"
     but: was "spirals-vortex.lille.inria.fr"

shouldBeAbleToReturnAnArrayObjectFromAnAsyncScript(org.openqa.selenium.ExecutingAsyncJavascriptTest)  Time elapsed: 0.001 s  <<< FAILURE!
java.lang.AssertionError: 

Expected: is not "spirals-vortex.lille.inria.fr"
     but: was "spirals-vortex.lille.inria.fr"

throwsIfAlertHappensDuringScript(org.openqa.selenium.ExecutingAsyncJavascriptTest)  Time elapsed: 0 s  <<< FAILURE!
java.lang.AssertionError: 

Expected: is not "spirals-vortex.lille.inria.fr"
     but: was "spirals-vortex.lille.inria.fr"

shouldNotTimeoutWithMultipleCallsTheFirstOneBeingSynchronous(org.openqa.selenium.ExecutingAsyncJavascriptTest)  Time elapsed: 0.001 s  <<< FAILURE!
java.lang.AssertionError: 

Expected: is not "spirals-vortex.lille.inria.fr"
     but: was "spirals-vortex.lille.inria.fr"

throwsIfAlertHappensDuringScriptWhichTimesOut(org.openqa.selenium.ExecutingAsyncJavascriptTest)  Time elapsed: 0 s  <<< FAILURE!
java.lang.AssertionError: 

Expected: is not "spirals-vortex.lille.inria.fr"
     but: was "spirals-vortex.lille.inria.fr"

throwsIfScriptTriggersAlert(org.openqa.selenium.ExecutingAsyncJavascriptTest)  Time elapsed: 0.001 s  <<< FAILURE!
java.lang.AssertionError: 

Expected: is not "spirals-vortex.lille.inria.fr"
     but: was "spirals-vortex.lille.inria.fr"

