-------------------------------------------------------------------------------
Test set: org.openqa.selenium.ExecutingJavascriptTest
-------------------------------------------------------------------------------
Tests run: 37, Failures: 33, Errors: 0, Skipped: 2, Time elapsed: 0.022 s <<< FAILURE! - in org.openqa.selenium.ExecutingJavascriptTest
testShouldBeAbleToCallFunctionsDefinedOnThePage(org.openqa.selenium.ExecutingJavascriptTest)  Time elapsed: 0 s  <<< FAILURE!
java.lang.AssertionError: 

Expected: is not "spirals-vortex.lille.inria.fr"
     but: was "spirals-vortex.lille.inria.fr"

shouldReturnDocumentElementIfDocumentIsReturned(org.openqa.selenium.ExecutingJavascriptTest)  Time elapsed: 0.001 s  <<< FAILURE!
java.lang.AssertionError: 

Expected: is not "spirals-vortex.lille.inria.fr"
     but: was "spirals-vortex.lille.inria.fr"

testShouldBeAbleToPassInMoreThanOneArgument(org.openqa.selenium.ExecutingJavascriptTest)  Time elapsed: 0 s  <<< FAILURE!
java.lang.AssertionError: 

Expected: is not "spirals-vortex.lille.inria.fr"
     but: was "spirals-vortex.lille.inria.fr"

testShouldBeAbleToCreateAPersistentValue(org.openqa.selenium.ExecutingJavascriptTest)  Time elapsed: 0 s  <<< FAILURE!
java.lang.AssertionError: 

Expected: is not "spirals-vortex.lille.inria.fr"
     but: was "spirals-vortex.lille.inria.fr"

testShouldThrowAnExceptionWhenTheJavascriptIsBad(org.openqa.selenium.ExecutingJavascriptTest)  Time elapsed: 0 s  <<< FAILURE!
java.lang.AssertionError: 

Expected: is not "spirals-vortex.lille.inria.fr"
     but: was "spirals-vortex.lille.inria.fr"

testShouldBeAbleToExecuteSimpleJavascriptAndReturnALong(org.openqa.selenium.ExecutingJavascriptTest)  Time elapsed: 0 s  <<< FAILURE!
java.lang.AssertionError: 

Expected: is not "spirals-vortex.lille.inria.fr"
     but: was "spirals-vortex.lille.inria.fr"

testShouldBeAbleToPassANumberAnAsArgument(org.openqa.selenium.ExecutingJavascriptTest)  Time elapsed: 0 s  <<< FAILURE!
java.lang.AssertionError: 

Expected: is not "spirals-vortex.lille.inria.fr"
     but: was "spirals-vortex.lille.inria.fr"

testShouldBeAbleToExecuteSimpleJavascriptAndReturnAStringsArray(org.openqa.selenium.ExecutingJavascriptTest)  Time elapsed: 0 s  <<< FAILURE!
java.lang.AssertionError: 

Expected: is not "spirals-vortex.lille.inria.fr"
     but: was "spirals-vortex.lille.inria.fr"

testShouldBeAbleToPassAStringAnAsArgument(org.openqa.selenium.ExecutingJavascriptTest)  Time elapsed: 0.001 s  <<< FAILURE!
java.lang.AssertionError: 

Expected: is not "spirals-vortex.lille.inria.fr"
     but: was "spirals-vortex.lille.inria.fr"

testPassingArrayAsOnlyArgumentFlattensArray(org.openqa.selenium.ExecutingJavascriptTest)  Time elapsed: 0 s  <<< FAILURE!
java.lang.AssertionError: 

Expected: is not "spirals-vortex.lille.inria.fr"
     but: was "spirals-vortex.lille.inria.fr"

testShouldBeAbleToReturnADateObject(org.openqa.selenium.ExecutingJavascriptTest)  Time elapsed: 0.001 s  <<< FAILURE!
java.lang.AssertionError: 

Expected: is not "spirals-vortex.lille.inria.fr"
     but: was "spirals-vortex.lille.inria.fr"

testShouldBeAbleToPassACollectionAsArgument(org.openqa.selenium.ExecutingJavascriptTest)  Time elapsed: 0.004 s  <<< FAILURE!
java.lang.AssertionError: 

Expected: is not "spirals-vortex.lille.inria.fr"
     but: was "spirals-vortex.lille.inria.fr"

testShouldBeAbleToPassAnArrayAsAdditionalArgument(org.openqa.selenium.ExecutingJavascriptTest)  Time elapsed: 0 s  <<< FAILURE!
java.lang.AssertionError: 

Expected: is not "spirals-vortex.lille.inria.fr"
     but: was "spirals-vortex.lille.inria.fr"

testShouldBeAbleToExecuteSimpleJavascriptAndReturnAWebElement(org.openqa.selenium.ExecutingJavascriptTest)  Time elapsed: 0 s  <<< FAILURE!
java.lang.AssertionError: 

Expected: is not "spirals-vortex.lille.inria.fr"
     but: was "spirals-vortex.lille.inria.fr"

testCanPassAMapAsAParameter(org.openqa.selenium.ExecutingJavascriptTest)  Time elapsed: 0 s  <<< FAILURE!
java.lang.AssertionError: 

Expected: is not "spirals-vortex.lille.inria.fr"
     but: was "spirals-vortex.lille.inria.fr"

testShouldBeAbleToExecuteJavascriptAndReturnABasicObjectLiteral(org.openqa.selenium.ExecutingJavascriptTest)  Time elapsed: 0 s  <<< FAILURE!
java.lang.AssertionError: 

Expected: is not "spirals-vortex.lille.inria.fr"
     but: was "spirals-vortex.lille.inria.fr"

testShouldBeAbleToExecuteSimpleJavascriptAndReturnAString(org.openqa.selenium.ExecutingJavascriptTest)  Time elapsed: 0.001 s  <<< FAILURE!
java.lang.AssertionError: 

Expected: is not "spirals-vortex.lille.inria.fr"
     but: was "spirals-vortex.lille.inria.fr"

testJavascriptStringHandlingShouldWorkAsExpected(org.openqa.selenium.ExecutingJavascriptTest)  Time elapsed: 0 s  <<< FAILURE!
java.lang.AssertionError: 

Expected: is not "spirals-vortex.lille.inria.fr"
     but: was "spirals-vortex.lille.inria.fr"

testShouldBeAbleToExecuteABigChunkOfJavascriptCode(org.openqa.selenium.ExecutingJavascriptTest)  Time elapsed: 0 s  <<< FAILURE!
java.lang.AssertionError: 

Expected: is not "spirals-vortex.lille.inria.fr"
     but: was "spirals-vortex.lille.inria.fr"

testShouldBeAbleToExecuteSimpleJavascriptAndReturnAComplexObject(org.openqa.selenium.ExecutingJavascriptTest)  Time elapsed: 0.001 s  <<< FAILURE!
java.lang.AssertionError: 

Expected: is not "spirals-vortex.lille.inria.fr"
     but: was "spirals-vortex.lille.inria.fr"

testCanHandleAnArrayOfElementsAsAnObjectArray(org.openqa.selenium.ExecutingJavascriptTest)  Time elapsed: 0 s  <<< FAILURE!
java.lang.AssertionError: 

Expected: is not "spirals-vortex.lille.inria.fr"
     but: was "spirals-vortex.lille.inria.fr"

testShouldBeAbleToPassABooleanAsArgument(org.openqa.selenium.ExecutingJavascriptTest)  Time elapsed: 0 s  <<< FAILURE!
java.lang.AssertionError: 

Expected: is not "spirals-vortex.lille.inria.fr"
     but: was "spirals-vortex.lille.inria.fr"

testShouldBeAbleToExecuteSimpleJavascriptAndReturnAnArray(org.openqa.selenium.ExecutingJavascriptTest)  Time elapsed: 0.001 s  <<< FAILURE!
java.lang.AssertionError: 

Expected: is not "spirals-vortex.lille.inria.fr"
     but: was "spirals-vortex.lille.inria.fr"

testShouldBeAbleToExecuteSimpleJavascriptAndReturnABoolean(org.openqa.selenium.ExecutingJavascriptTest)  Time elapsed: 0 s  <<< FAILURE!
java.lang.AssertionError: 

Expected: is not "spirals-vortex.lille.inria.fr"
     but: was "spirals-vortex.lille.inria.fr"

testShouldThrowAnExceptionIfAnArgumentIsNotValid(org.openqa.selenium.ExecutingJavascriptTest)  Time elapsed: 0.001 s  <<< FAILURE!
java.lang.AssertionError: 

Expected: is not "spirals-vortex.lille.inria.fr"
     but: was "spirals-vortex.lille.inria.fr"

testShouldThrowAnExceptionWhenArgumentsWithStaleElementPassed(org.openqa.selenium.ExecutingJavascriptTest)  Time elapsed: 0 s  <<< FAILURE!
java.lang.AssertionError: 

Expected: is not "spirals-vortex.lille.inria.fr"
     but: was "spirals-vortex.lille.inria.fr"

testShouldBeAbleToExecuteSimpleJavascriptAndReturnAnObjectLiteral(org.openqa.selenium.ExecutingJavascriptTest)  Time elapsed: 0 s  <<< FAILURE!
java.lang.AssertionError: 

Expected: is not "spirals-vortex.lille.inria.fr"
     but: was "spirals-vortex.lille.inria.fr"

testShouldBeAbleToPassAWebElementAsArgument(org.openqa.selenium.ExecutingJavascriptTest)  Time elapsed: 0.001 s  <<< FAILURE!
java.lang.AssertionError: 

Expected: is not "spirals-vortex.lille.inria.fr"
     but: was "spirals-vortex.lille.inria.fr"

testShouldBeAbleToReturnAnArrayOfWebElements(org.openqa.selenium.ExecutingJavascriptTest)  Time elapsed: 0 s  <<< FAILURE!
java.lang.AssertionError: 

Expected: is not "spirals-vortex.lille.inria.fr"
     but: was "spirals-vortex.lille.inria.fr"

testShouldBeAbleToGrabTheBodyOfFrameOnceSwitchedTo(org.openqa.selenium.ExecutingJavascriptTest)  Time elapsed: 0 s  <<< FAILURE!
java.lang.AssertionError: 

Expected: is not "spirals-vortex.lille.inria.fr"
     but: was "spirals-vortex.lille.inria.fr"

testShouldBeAbleToExecuteScriptAndReturnElementsList(org.openqa.selenium.ExecutingJavascriptTest)  Time elapsed: 0.001 s  <<< FAILURE!
java.lang.AssertionError: 

Expected: is not "spirals-vortex.lille.inria.fr"
     but: was "spirals-vortex.lille.inria.fr"

testPassingAndReturningALongShouldReturnAWholeNumber(org.openqa.selenium.ExecutingJavascriptTest)  Time elapsed: 0 s  <<< FAILURE!
java.lang.AssertionError: 

Expected: is not "spirals-vortex.lille.inria.fr"
     but: was "spirals-vortex.lille.inria.fr"

testPassingAndReturningADoubleShouldReturnADecimal(org.openqa.selenium.ExecutingJavascriptTest)  Time elapsed: 0 s  <<< FAILURE!
java.lang.AssertionError: 

Expected: is not "spirals-vortex.lille.inria.fr"
     but: was "spirals-vortex.lille.inria.fr"

