-------------------------------------------------------------------------------
Test set: org.openqa.selenium.CookieImplementationTest
-------------------------------------------------------------------------------
Tests run: 27, Failures: 26, Errors: 0, Skipped: 1, Time elapsed: 0.01 s <<< FAILURE! - in org.openqa.selenium.CookieImplementationTest
testShouldBeAbleToIncludeLeadingPeriodInDomainName(org.openqa.selenium.CookieImplementationTest)  Time elapsed: 0 s  <<< FAILURE!
java.lang.AssertionError: 

Expected: is not "spirals-vortex.lille.inria.fr"
     but: was "spirals-vortex.lille.inria.fr"

testRetainsHttpOnlyFlag(org.openqa.selenium.CookieImplementationTest)  Time elapsed: 0 s  <<< FAILURE!
java.lang.AssertionError: 

Expected: is not "spirals-vortex.lille.inria.fr"
     but: was "spirals-vortex.lille.inria.fr"

testShouldIgnoreThePortNumberOfTheHostWhenSettingTheCookie(org.openqa.selenium.CookieImplementationTest)  Time elapsed: 0 s  <<< FAILURE!
java.lang.AssertionError: 

Expected: is not "spirals-vortex.lille.inria.fr"
     but: was "spirals-vortex.lille.inria.fr"

testGetCookiesInAFrame(org.openqa.selenium.CookieImplementationTest)  Time elapsed: 0.001 s  <<< FAILURE!
java.lang.AssertionError: 

Expected: is not "spirals-vortex.lille.inria.fr"
     but: was "spirals-vortex.lille.inria.fr"

testShouldBeAbleToAddCookie(org.openqa.selenium.CookieImplementationTest)  Time elapsed: 0 s  <<< FAILURE!
java.lang.AssertionError: 

Expected: is not "spirals-vortex.lille.inria.fr"
     but: was "spirals-vortex.lille.inria.fr"

testAddCookiesWithDifferentPathsThatAreRelatedToOurs(org.openqa.selenium.CookieImplementationTest)  Time elapsed: 0 s  <<< FAILURE!
java.lang.AssertionError: 

Expected: is not "spirals-vortex.lille.inria.fr"
     but: was "spirals-vortex.lille.inria.fr"

testCookieEqualityAfterSetAndGet(org.openqa.selenium.CookieImplementationTest)  Time elapsed: 0 s  <<< FAILURE!
java.lang.AssertionError: 

Expected: is not "spirals-vortex.lille.inria.fr"
     but: was "spirals-vortex.lille.inria.fr"

testSettingACookieThatExpiredInThePast(org.openqa.selenium.CookieImplementationTest)  Time elapsed: 0 s  <<< FAILURE!
java.lang.AssertionError: 

Expected: is not "spirals-vortex.lille.inria.fr"
     but: was "spirals-vortex.lille.inria.fr"

testShouldBeAbleToSetDomainToTheCurrentDomain(org.openqa.selenium.CookieImplementationTest)  Time elapsed: 0.001 s  <<< FAILURE!
java.lang.AssertionError: 

Expected: is not "spirals-vortex.lille.inria.fr"
     but: was "spirals-vortex.lille.inria.fr"

testGetAllCookies(org.openqa.selenium.CookieImplementationTest)  Time elapsed: 0 s  <<< FAILURE!
java.lang.AssertionError: 

Expected: is not "spirals-vortex.lille.inria.fr"
     but: was "spirals-vortex.lille.inria.fr"

testShouldBeAbleToAddToADomainWhichIsRelatedToTheCurrentDomain(org.openqa.selenium.CookieImplementationTest)  Time elapsed: 0 s  <<< FAILURE!
java.lang.AssertionError: 

Expected: is not "spirals-vortex.lille.inria.fr"
     but: was "spirals-vortex.lille.inria.fr"

testShouldDeleteOneOfTheCookiesWithTheSameName(org.openqa.selenium.CookieImplementationTest)  Time elapsed: 0.001 s  <<< FAILURE!
java.lang.AssertionError: 

Expected: is not "spirals-vortex.lille.inria.fr"
     but: was "spirals-vortex.lille.inria.fr"

testDeleteAllCookies(org.openqa.selenium.CookieImplementationTest)  Time elapsed: 0 s  <<< FAILURE!
java.lang.AssertionError: 

Expected: is not "spirals-vortex.lille.inria.fr"
     but: was "spirals-vortex.lille.inria.fr"

testCanSetCookieWithoutOptionalFieldsSet(org.openqa.selenium.CookieImplementationTest)  Time elapsed: 0.001 s  <<< FAILURE!
java.lang.AssertionError: 

Expected: is not "spirals-vortex.lille.inria.fr"
     but: was "spirals-vortex.lille.inria.fr"

testShouldNotDeleteCookiesWithASimilarName(org.openqa.selenium.CookieImplementationTest)  Time elapsed: 0 s  <<< FAILURE!
java.lang.AssertionError: 

Expected: is not "spirals-vortex.lille.inria.fr"
     but: was "spirals-vortex.lille.inria.fr"

deleteAllCookies(org.openqa.selenium.CookieImplementationTest)  Time elapsed: 0.001 s  <<< FAILURE!
java.lang.AssertionError: 

Expected: is not "spirals-vortex.lille.inria.fr"
     but: was "spirals-vortex.lille.inria.fr"

testShouldWalkThePathToDeleteACookie(org.openqa.selenium.CookieImplementationTest)  Time elapsed: 0 s  <<< FAILURE!
java.lang.AssertionError: 

Expected: is not "spirals-vortex.lille.inria.fr"
     but: was "spirals-vortex.lille.inria.fr"

testRetainsCookieExpiry(org.openqa.selenium.CookieImplementationTest)  Time elapsed: 0 s  <<< FAILURE!
java.lang.AssertionError: 

Expected: is not "spirals-vortex.lille.inria.fr"
     but: was "spirals-vortex.lille.inria.fr"

testDeleteCookieWithName(org.openqa.selenium.CookieImplementationTest)  Time elapsed: 0.001 s  <<< FAILURE!
java.lang.AssertionError: 

Expected: is not "spirals-vortex.lille.inria.fr"
     but: was "spirals-vortex.lille.inria.fr"

testDeleteNotExistedCookie(org.openqa.selenium.CookieImplementationTest)  Time elapsed: 0 s  <<< FAILURE!
java.lang.AssertionError: 

Expected: is not "spirals-vortex.lille.inria.fr"
     but: was "spirals-vortex.lille.inria.fr"

testRetainsCookieSecure(org.openqa.selenium.CookieImplementationTest)  Time elapsed: 0 s  <<< FAILURE!
java.lang.AssertionError: 

Expected: is not "spirals-vortex.lille.inria.fr"
     but: was "spirals-vortex.lille.inria.fr"

testShouldNotGetCookieOnDifferentDomain(org.openqa.selenium.CookieImplementationTest)  Time elapsed: 0.001 s  <<< FAILURE!
java.lang.AssertionError: 

Expected: is not "spirals-vortex.lille.inria.fr"
     but: was "spirals-vortex.lille.inria.fr"

canHandleSecureCookie(org.openqa.selenium.CookieImplementationTest)  Time elapsed: 0 s  <<< FAILURE!
java.lang.AssertionError: 

Expected: is not "spirals-vortex.lille.inria.fr"
     but: was "spirals-vortex.lille.inria.fr"

canHandleHttpOnlyCookie(org.openqa.selenium.CookieImplementationTest)  Time elapsed: 0.001 s  <<< FAILURE!
java.lang.AssertionError: 

Expected: is not "spirals-vortex.lille.inria.fr"
     but: was "spirals-vortex.lille.inria.fr"

testCannotGetCookiesWithPathDifferingOnlyInCase(org.openqa.selenium.CookieImplementationTest)  Time elapsed: 0 s  <<< FAILURE!
java.lang.AssertionError: 

Expected: is not "spirals-vortex.lille.inria.fr"
     but: was "spirals-vortex.lille.inria.fr"

testShouldGetCookieByName(org.openqa.selenium.CookieImplementationTest)  Time elapsed: 0 s  <<< FAILURE!
java.lang.AssertionError: 

Expected: is not "spirals-vortex.lille.inria.fr"
     but: was "spirals-vortex.lille.inria.fr"

