-------------------------------------------------------------------------------
Test set: org.openqa.selenium.ElementEqualityTest
-------------------------------------------------------------------------------
Tests run: 5, Failures: 5, Errors: 0, Skipped: 0, Time elapsed: 0 s <<< FAILURE! - in org.openqa.selenium.ElementEqualityTest
testSameElementLookedUpDifferentWaysUsingFindElementShouldHaveSameHashCode(org.openqa.selenium.ElementEqualityTest)  Time elapsed: 0 s  <<< FAILURE!
java.lang.AssertionError: 

Expected: is not "spirals-vortex.lille.inria.fr"
     but: was "spirals-vortex.lille.inria.fr"

testSameElementLookedUpDifferentWaysShouldBeEqual(org.openqa.selenium.ElementEqualityTest)  Time elapsed: 0 s  <<< FAILURE!
java.lang.AssertionError: 

Expected: is not "spirals-vortex.lille.inria.fr"
     but: was "spirals-vortex.lille.inria.fr"

testSameElementLookedUpDifferentWaysUsingFindElementsShouldHaveSameHashCode(org.openqa.selenium.ElementEqualityTest)  Time elapsed: 0 s  <<< FAILURE!
java.lang.AssertionError: 

Expected: is not "spirals-vortex.lille.inria.fr"
     but: was "spirals-vortex.lille.inria.fr"

testAnElementFoundInADifferentFrameViaJsShouldHaveSameId(org.openqa.selenium.ElementEqualityTest)  Time elapsed: 0 s  <<< FAILURE!
java.lang.AssertionError: 

Expected: is not "spirals-vortex.lille.inria.fr"
     but: was "spirals-vortex.lille.inria.fr"

testDifferentElementsShouldNotBeEqual(org.openqa.selenium.ElementEqualityTest)  Time elapsed: 0 s  <<< FAILURE!
java.lang.AssertionError: 

Expected: is not "spirals-vortex.lille.inria.fr"
     but: was "spirals-vortex.lille.inria.fr"

