-------------------------------------------------------------------------------
Test set: org.openqa.selenium.TextPagesTest
-------------------------------------------------------------------------------
Tests run: 2, Failures: 2, Errors: 0, Skipped: 0, Time elapsed: 0 s <<< FAILURE! - in org.openqa.selenium.TextPagesTest
testShouldThrowExceptionWhenAddingCookieToAPageThatIsNotHtml(org.openqa.selenium.TextPagesTest)  Time elapsed: 0 s  <<< FAILURE!
java.lang.AssertionError: 

Expected: is not "spirals-vortex.lille.inria.fr"
     but: was "spirals-vortex.lille.inria.fr"

testShouldBeAbleToLoadASimplePageOfText(org.openqa.selenium.TextPagesTest)  Time elapsed: 0 s  <<< FAILURE!
java.lang.AssertionError: 

Expected: is not "spirals-vortex.lille.inria.fr"
     but: was "spirals-vortex.lille.inria.fr"

