-------------------------------------------------------------------------------
Test set: org.openqa.selenium.ErrorsTest
-------------------------------------------------------------------------------
Tests run: 1, Failures: 1, Errors: 0, Skipped: 0, Time elapsed: 0 s <<< FAILURE! - in org.openqa.selenium.ErrorsTest
testShouldNotGenerateErrorsWhenOpeningANewPage(org.openqa.selenium.ErrorsTest)  Time elapsed: 0 s  <<< FAILURE!
java.lang.AssertionError: 

Expected: is not "spirals-vortex.lille.inria.fr"
     but: was "spirals-vortex.lille.inria.fr"

