-------------------------------------------------------------------------------
Test set: org.openqa.selenium.SelectElementHandlingTest
-------------------------------------------------------------------------------
Tests run: 8, Failures: 8, Errors: 0, Skipped: 0, Time elapsed: 0.001 s <<< FAILURE! - in org.openqa.selenium.SelectElementHandlingTest
testCanGetValueFromOptionViaAttributeWhenAttributeIsEmptyString(org.openqa.selenium.SelectElementHandlingTest)  Time elapsed: 0.001 s  <<< FAILURE!
java.lang.AssertionError: 

Expected: is not "spirals-vortex.lille.inria.fr"
     but: was "spirals-vortex.lille.inria.fr"

testCanGetValueFromOptionViaAttributeWhenAttributeDoesntExist(org.openqa.selenium.SelectElementHandlingTest)  Time elapsed: 0 s  <<< FAILURE!
java.lang.AssertionError: 

Expected: is not "spirals-vortex.lille.inria.fr"
     but: was "spirals-vortex.lille.inria.fr"

testCanSelectFromMultipleSelectWhereValueIsBelowVisibleRange(org.openqa.selenium.SelectElementHandlingTest)  Time elapsed: 0 s  <<< FAILURE!
java.lang.AssertionError: 

Expected: is not "spirals-vortex.lille.inria.fr"
     but: was "spirals-vortex.lille.inria.fr"

testShouldBeAbleToChangeTheSelectedOptionInASelect(org.openqa.selenium.SelectElementHandlingTest)  Time elapsed: 0 s  <<< FAILURE!
java.lang.AssertionError: 

Expected: is not "spirals-vortex.lille.inria.fr"
     but: was "spirals-vortex.lille.inria.fr"

testShouldBeAbleToSelectMoreThanOneOptionFromASelectWhichAllowsMultipleChoices(org.openqa.selenium.SelectElementHandlingTest)  Time elapsed: 0 s  <<< FAILURE!
java.lang.AssertionError: 

Expected: is not "spirals-vortex.lille.inria.fr"
     but: was "spirals-vortex.lille.inria.fr"

testShouldSelectFirstOptionByDefaultIfNoneIsSelected(org.openqa.selenium.SelectElementHandlingTest)  Time elapsed: 0 s  <<< FAILURE!
java.lang.AssertionError: 

Expected: is not "spirals-vortex.lille.inria.fr"
     but: was "spirals-vortex.lille.inria.fr"

testShouldBePossibleToDeselectASingleOptionFromASelectWhichAllowsMultipleChoices(org.openqa.selenium.SelectElementHandlingTest)  Time elapsed: 0 s  <<< FAILURE!
java.lang.AssertionError: 

Expected: is not "spirals-vortex.lille.inria.fr"
     but: was "spirals-vortex.lille.inria.fr"

testCanSelectElementsInOptGroups(org.openqa.selenium.SelectElementHandlingTest)  Time elapsed: 0 s  <<< FAILURE!
java.lang.AssertionError: 

Expected: is not "spirals-vortex.lille.inria.fr"
     but: was "spirals-vortex.lille.inria.fr"

