<?xml version="1.0" encoding="UTF-8"?>
<testsuite xmlns:xsi="http://www.w3.org/2001/XMLSchema-instance" xsi:noNamespaceSchemaLocation="https://maven.apache.org/surefire/maven-surefire-plugin/xsd/surefire-test-report.xsd" name="org.openqa.selenium.ElementFindingTest" time="0.038" tests="94" errors="0" skipped="0" failures="94">
  <properties>
    <property name="awt.toolkit" value="sun.awt.X11.XToolkit"/>
    <property name="file.encoding.pkg" value="sun.io"/>
    <property name="java.specification.version" value="1.8"/>
    <property name="sun.cpu.isalist" value=""/>
    <property name="sun.jnu.encoding" value="UTF-8"/>
    <property name="java.class.path" value="/root/workspace/SeleniumHQ/htmlunit-driver/383790305/target/test-classes:/root/workspace/SeleniumHQ/htmlunit-driver/383790305/target/classes:/root/./workspace/SeleniumHQ/htmlunit-driver/383790305/.m2/org/seleniumhq/selenium/selenium-api/3.12.0/selenium-api-3.12.0.jar:/root/./workspace/SeleniumHQ/htmlunit-driver/383790305/.m2/org/seleniumhq/selenium/selenium-support/3.12.0/selenium-support-3.12.0.jar:/root/./workspace/SeleniumHQ/htmlunit-driver/383790305/.m2/org/seleniumhq/selenium/selenium-remote-driver/3.12.0/selenium-remote-driver-3.12.0.jar:/root/./workspace/SeleniumHQ/htmlunit-driver/383790305/.m2/net/bytebuddy/byte-buddy/1.8.3/byte-buddy-1.8.3.jar:/root/./workspace/SeleniumHQ/htmlunit-driver/383790305/.m2/org/apache/commons/commons-exec/1.3/commons-exec-1.3.jar:/root/./workspace/SeleniumHQ/htmlunit-driver/383790305/.m2/commons-codec/commons-codec/1.10/commons-codec-1.10.jar:/root/./workspace/SeleniumHQ/htmlunit-driver/383790305/.m2/commons-logging/commons-logging/1.2/commons-logging-1.2.jar:/root/./workspace/SeleniumHQ/htmlunit-driver/383790305/.m2/com/google/code/gson/gson/2.8.2/gson-2.8.2.jar:/root/./workspace/SeleniumHQ/htmlunit-driver/383790305/.m2/com/google/guava/guava/23.6-jre/guava-23.6-jre.jar:/root/./workspace/SeleniumHQ/htmlunit-driver/383790305/.m2/com/google/code/findbugs/jsr305/1.3.9/jsr305-1.3.9.jar:/root/./workspace/SeleniumHQ/htmlunit-driver/383790305/.m2/org/checkerframework/checker-compat-qual/2.0.0/checker-compat-qual-2.0.0.jar:/root/./workspace/SeleniumHQ/htmlunit-driver/383790305/.m2/com/google/errorprone/error_prone_annotations/2.1.3/error_prone_annotations-2.1.3.jar:/root/./workspace/SeleniumHQ/htmlunit-driver/383790305/.m2/com/google/j2objc/j2objc-annotations/1.1/j2objc-annotations-1.1.jar:/root/./workspace/SeleniumHQ/htmlunit-driver/383790305/.m2/org/codehaus/mojo/animal-sniffer-annotations/1.14/animal-sniffer-annotations-1.14.jar:/root/./workspace/SeleniumHQ/htmlunit-driver/383790305/.m2/com/squareup/okhttp3/okhttp/3.9.1/okhttp-3.9.1.jar:/root/./workspace/SeleniumHQ/htmlunit-driver/383790305/.m2/com/squareup/okio/okio/1.13.0/okio-1.13.0.jar:/root/./workspace/SeleniumHQ/htmlunit-driver/383790305/.m2/org/seleniumhq/selenium/selenium-firefox-driver/3.12.0/selenium-firefox-driver-3.12.0.jar:/root/./workspace/SeleniumHQ/htmlunit-driver/383790305/.m2/org/seleniumhq/selenium/selenium-chrome-driver/3.12.0/selenium-chrome-driver-3.12.0.jar:/root/./workspace/SeleniumHQ/htmlunit-driver/383790305/.m2/org/seleniumhq/selenium/selenium-ie-driver/3.12.0/selenium-ie-driver-3.12.0.jar:/root/./workspace/SeleniumHQ/htmlunit-driver/383790305/.m2/net/sourceforge/htmlunit/htmlunit/2.31/htmlunit-2.31.jar:/root/./workspace/SeleniumHQ/htmlunit-driver/383790305/.m2/xalan/xalan/2.7.2/xalan-2.7.2.jar:/root/./workspace/SeleniumHQ/htmlunit-driver/383790305/.m2/xalan/serializer/2.7.2/serializer-2.7.2.jar:/root/./workspace/SeleniumHQ/htmlunit-driver/383790305/.m2/org/apache/commons/commons-lang3/3.7/commons-lang3-3.7.jar:/root/./workspace/SeleniumHQ/htmlunit-driver/383790305/.m2/org/apache/commons/commons-text/1.3/commons-text-1.3.jar:/root/./workspace/SeleniumHQ/htmlunit-driver/383790305/.m2/org/apache/httpcomponents/httpmime/4.5.5/httpmime-4.5.5.jar:/root/./workspace/SeleniumHQ/htmlunit-driver/383790305/.m2/org/apache/httpcomponents/httpclient/4.5.5/httpclient-4.5.5.jar:/root/./workspace/SeleniumHQ/htmlunit-driver/383790305/.m2/org/apache/httpcomponents/httpcore/4.4.9/httpcore-4.4.9.jar:/root/./workspace/SeleniumHQ/htmlunit-driver/383790305/.m2/net/sourceforge/htmlunit/htmlunit-core-js/2.31/htmlunit-core-js-2.31.jar:/root/./workspace/SeleniumHQ/htmlunit-driver/383790305/.m2/net/sourceforge/htmlunit/neko-htmlunit/2.31/neko-htmlunit-2.31.jar:/root/./workspace/SeleniumHQ/htmlunit-driver/383790305/.m2/xerces/xercesImpl/2.11.0/xercesImpl-2.11.0.jar:/root/./workspace/SeleniumHQ/htmlunit-driver/383790305/.m2/xml-apis/xml-apis/1.4.01/xml-apis-1.4.01.jar:/root/./workspace/SeleniumHQ/htmlunit-driver/383790305/.m2/net/sourceforge/htmlunit/htmlunit-cssparser/1.0.0/htmlunit-cssparser-1.0.0.jar:/root/./workspace/SeleniumHQ/htmlunit-driver/383790305/.m2/commons-io/commons-io/2.6/commons-io-2.6.jar:/root/./workspace/SeleniumHQ/htmlunit-driver/383790305/.m2/commons-net/commons-net/3.6/commons-net-3.6.jar:/root/./workspace/SeleniumHQ/htmlunit-driver/383790305/.m2/org/eclipse/jetty/websocket/websocket-client/9.4.10.v20180503/websocket-client-9.4.10.v20180503.jar:/root/./workspace/SeleniumHQ/htmlunit-driver/383790305/.m2/org/eclipse/jetty/jetty-client/9.4.10.v20180503/jetty-client-9.4.10.v20180503.jar:/root/./workspace/SeleniumHQ/htmlunit-driver/383790305/.m2/org/eclipse/jetty/jetty-xml/9.4.10.v20180503/jetty-xml-9.4.10.v20180503.jar:/root/./workspace/SeleniumHQ/htmlunit-driver/383790305/.m2/org/eclipse/jetty/jetty-io/9.4.10.v20180503/jetty-io-9.4.10.v20180503.jar:/root/./workspace/SeleniumHQ/htmlunit-driver/383790305/.m2/org/eclipse/jetty/websocket/websocket-common/9.4.10.v20180503/websocket-common-9.4.10.v20180503.jar:/root/./workspace/SeleniumHQ/htmlunit-driver/383790305/.m2/org/eclipse/jetty/websocket/websocket-api/9.4.10.v20180503/websocket-api-9.4.10.v20180503.jar:/root/./workspace/SeleniumHQ/htmlunit-driver/383790305/.m2/org/hamcrest/hamcrest-all/1.3/hamcrest-all-1.3.jar:/root/./workspace/SeleniumHQ/htmlunit-driver/383790305/.m2/org/mockito/mockito-core/2.18.3/mockito-core-2.18.3.jar:/root/./workspace/SeleniumHQ/htmlunit-driver/383790305/.m2/net/bytebuddy/byte-buddy-agent/1.8.5/byte-buddy-agent-1.8.5.jar:/root/./workspace/SeleniumHQ/htmlunit-driver/383790305/.m2/org/objenesis/objenesis/2.6/objenesis-2.6.jar:/root/./workspace/SeleniumHQ/htmlunit-driver/383790305/.m2/org/eclipse/jetty/jetty-maven-plugin/9.4.9.v20180320/jetty-maven-plugin-9.4.9.v20180320.jar:/root/./workspace/SeleniumHQ/htmlunit-driver/383790305/.m2/org/apache/maven/maven-core/3.5.0/maven-core-3.5.0.jar:/root/./workspace/SeleniumHQ/htmlunit-driver/383790305/.m2/org/apache/maven/maven-model/3.5.0/maven-model-3.5.0.jar:/root/./workspace/SeleniumHQ/htmlunit-driver/383790305/.m2/org/apache/maven/maven-settings-builder/3.5.0/maven-settings-builder-3.5.0.jar:/root/./workspace/SeleniumHQ/htmlunit-driver/383790305/.m2/org/apache/maven/maven-builder-support/3.5.0/maven-builder-support-3.5.0.jar:/root/./workspace/SeleniumHQ/htmlunit-driver/383790305/.m2/org/apache/maven/maven-model-builder/3.5.0/maven-model-builder-3.5.0.jar:/root/./workspace/SeleniumHQ/htmlunit-driver/383790305/.m2/org/apache/maven/maven-resolver-provider/3.5.0/maven-resolver-provider-3.5.0.jar:/root/./workspace/SeleniumHQ/htmlunit-driver/383790305/.m2/org/apache/maven/resolver/maven-resolver-impl/1.0.3/maven-resolver-impl-1.0.3.jar:/root/./workspace/SeleniumHQ/htmlunit-driver/383790305/.m2/org/apache/maven/resolver/maven-resolver-api/1.0.3/maven-resolver-api-1.0.3.jar:/root/./workspace/SeleniumHQ/htmlunit-driver/383790305/.m2/org/apache/maven/resolver/maven-resolver-spi/1.0.3/maven-resolver-spi-1.0.3.jar:/root/./workspace/SeleniumHQ/htmlunit-driver/383790305/.m2/org/apache/maven/resolver/maven-resolver-util/1.0.3/maven-resolver-util-1.0.3.jar:/root/./workspace/SeleniumHQ/htmlunit-driver/383790305/.m2/org/apache/maven/shared/maven-shared-utils/3.1.0/maven-shared-utils-3.1.0.jar:/root/./workspace/SeleniumHQ/htmlunit-driver/383790305/.m2/org/eclipse/sisu/org.eclipse.sisu.plexus/0.3.3/org.eclipse.sisu.plexus-0.3.3.jar:/root/./workspace/SeleniumHQ/htmlunit-driver/383790305/.m2/javax/enterprise/cdi-api/1.0/cdi-api-1.0.jar:/root/./workspace/SeleniumHQ/htmlunit-driver/383790305/.m2/javax/annotation/jsr250-api/1.0/jsr250-api-1.0.jar:/root/./workspace/SeleniumHQ/htmlunit-driver/383790305/.m2/org/eclipse/sisu/org.eclipse.sisu.inject/0.3.3/org.eclipse.sisu.inject-0.3.3.jar:/root/./workspace/SeleniumHQ/htmlunit-driver/383790305/.m2/com/google/inject/guice/4.0/guice-4.0-no_aop.jar:/root/./workspace/SeleniumHQ/htmlunit-driver/383790305/.m2/javax/inject/javax.inject/1/javax.inject-1.jar:/root/./workspace/SeleniumHQ/htmlunit-driver/383790305/.m2/aopalliance/aopalliance/1.0/aopalliance-1.0.jar:/root/./workspace/SeleniumHQ/htmlunit-driver/383790305/.m2/org/sonatype/plexus/plexus-sec-dispatcher/1.4/plexus-sec-dispatcher-1.4.jar:/root/./workspace/SeleniumHQ/htmlunit-driver/383790305/.m2/org/sonatype/plexus/plexus-cipher/1.4/plexus-cipher-1.4.jar:/root/./workspace/SeleniumHQ/htmlunit-driver/383790305/.m2/org/apache/maven/plugin-tools/maven-plugin-tools-api/3.5/maven-plugin-tools-api-3.5.jar:/root/./workspace/SeleniumHQ/htmlunit-driver/383790305/.m2/org/apache/maven/maven-project/2.2.1/maven-project-2.2.1.jar:/root/./workspace/SeleniumHQ/htmlunit-driver/383790305/.m2/org/apache/maven/maven-profile/2.2.1/maven-profile-2.2.1.jar:/root/./workspace/SeleniumHQ/htmlunit-driver/383790305/.m2/org/apache/maven/maven-artifact-manager/2.2.1/maven-artifact-manager-2.2.1.jar:/root/./workspace/SeleniumHQ/htmlunit-driver/383790305/.m2/org/apache/maven/wagon/wagon-provider-api/1.0-beta-6/wagon-provider-api-1.0-beta-6.jar:/root/./workspace/SeleniumHQ/htmlunit-driver/383790305/.m2/backport-util-concurrent/backport-util-concurrent/3.1/backport-util-concurrent-3.1.jar:/root/./workspace/SeleniumHQ/htmlunit-driver/383790305/.m2/org/apache/maven/maven-plugin-registry/2.2.1/maven-plugin-registry-2.2.1.jar:/root/./workspace/SeleniumHQ/htmlunit-driver/383790305/.m2/org/codehaus/plexus/plexus-container-default/1.0-alpha-9-stable-1/plexus-container-default-1.0-alpha-9-stable-1.jar:/root/./workspace/SeleniumHQ/htmlunit-driver/383790305/.m2/classworlds/classworlds/1.1-alpha-2/classworlds-1.1-alpha-2.jar:/root/./workspace/SeleniumHQ/htmlunit-driver/383790305/.m2/org/apache/maven/maven-plugin-descriptor/2.2.1/maven-plugin-descriptor-2.2.1.jar:/root/./workspace/SeleniumHQ/htmlunit-driver/383790305/.m2/org/apache/maven/shared/maven-artifact-transfer/0.9.1/maven-artifact-transfer-0.9.1.jar:/root/./workspace/SeleniumHQ/htmlunit-driver/383790305/.m2/org/apache/maven/shared/maven-common-artifact-filters/3.0.1/maven-common-artifact-filters-3.0.1.jar:/root/./workspace/SeleniumHQ/htmlunit-driver/383790305/.m2/org/sonatype/sisu/sisu-inject-plexus/1.4.2/sisu-inject-plexus-1.4.2.jar:/root/./workspace/SeleniumHQ/htmlunit-driver/383790305/.m2/org/sonatype/sisu/sisu-inject-bean/1.4.2/sisu-inject-bean-1.4.2.jar:/root/./workspace/SeleniumHQ/htmlunit-driver/383790305/.m2/org/sonatype/sisu/sisu-guice/2.1.7/sisu-guice-2.1.7-noaop.jar:/root/./workspace/SeleniumHQ/htmlunit-driver/383790305/.m2/org/slf4j/slf4j-api/1.7.5/slf4j-api-1.7.5.jar:/root/./workspace/SeleniumHQ/htmlunit-driver/383790305/.m2/org/eclipse/jetty/jetty-util/9.4.9.v20180320/jetty-util-9.4.9.v20180320.jar:/root/./workspace/SeleniumHQ/htmlunit-driver/383790305/.m2/org/eclipse/jetty/jetty-webapp/9.4.9.v20180320/jetty-webapp-9.4.9.v20180320.jar:/root/./workspace/SeleniumHQ/htmlunit-driver/383790305/.m2/org/eclipse/jetty/jetty-servlet/9.4.9.v20180320/jetty-servlet-9.4.9.v20180320.jar:/root/./workspace/SeleniumHQ/htmlunit-driver/383790305/.m2/org/eclipse/jetty/jetty-quickstart/9.4.9.v20180320/jetty-quickstart-9.4.9.v20180320.jar:/root/./workspace/SeleniumHQ/htmlunit-driver/383790305/.m2/org/eclipse/jetty/jetty-jaas/9.4.9.v20180320/jetty-jaas-9.4.9.v20180320.jar:/root/./workspace/SeleniumHQ/htmlunit-driver/383790305/.m2/org/eclipse/jetty/jetty-security/9.4.9.v20180320/jetty-security-9.4.9.v20180320.jar:/root/./workspace/SeleniumHQ/htmlunit-driver/383790305/.m2/org/eclipse/jetty/jetty-plus/9.4.9.v20180320/jetty-plus-9.4.9.v20180320.jar:/root/./workspace/SeleniumHQ/htmlunit-driver/383790305/.m2/org/eclipse/jetty/jetty-jndi/9.4.9.v20180320/jetty-jndi-9.4.9.v20180320.jar:/root/./workspace/SeleniumHQ/htmlunit-driver/383790305/.m2/org/eclipse/jetty/jetty-server/9.4.9.v20180320/jetty-server-9.4.9.v20180320.jar:/root/./workspace/SeleniumHQ/htmlunit-driver/383790305/.m2/javax/servlet/javax.servlet-api/3.1.0/javax.servlet-api-3.1.0.jar:/root/./workspace/SeleniumHQ/htmlunit-driver/383790305/.m2/org/eclipse/jetty/jetty-http/9.4.9.v20180320/jetty-http-9.4.9.v20180320.jar:/root/./workspace/SeleniumHQ/htmlunit-driver/383790305/.m2/org/eclipse/jetty/jetty-jmx/9.4.9.v20180320/jetty-jmx-9.4.9.v20180320.jar:/root/./workspace/SeleniumHQ/htmlunit-driver/383790305/.m2/org/eclipse/jetty/jetty-annotations/9.4.9.v20180320/jetty-annotations-9.4.9.v20180320.jar:/root/./workspace/SeleniumHQ/htmlunit-driver/383790305/.m2/javax/annotation/javax.annotation-api/1.2/javax.annotation-api-1.2.jar:/root/./workspace/SeleniumHQ/htmlunit-driver/383790305/.m2/org/ow2/asm/asm/6.0/asm-6.0.jar:/root/./workspace/SeleniumHQ/htmlunit-driver/383790305/.m2/org/ow2/asm/asm-commons/6.0/asm-commons-6.0.jar:/root/./workspace/SeleniumHQ/htmlunit-driver/383790305/.m2/org/ow2/asm/asm-tree/6.0/asm-tree-6.0.jar:/root/./workspace/SeleniumHQ/htmlunit-driver/383790305/.m2/org/eclipse/jetty/websocket/javax-websocket-server-impl/9.4.9.v20180320/javax-websocket-server-impl-9.4.9.v20180320.jar:/root/./workspace/SeleniumHQ/htmlunit-driver/383790305/.m2/org/eclipse/jetty/websocket/javax-websocket-client-impl/9.4.9.v20180320/javax-websocket-client-impl-9.4.9.v20180320.jar:/root/./workspace/SeleniumHQ/htmlunit-driver/383790305/.m2/javax/websocket/javax.websocket-client-api/1.0/javax.websocket-client-api-1.0.jar:/root/./workspace/SeleniumHQ/htmlunit-driver/383790305/.m2/javax/websocket/javax.websocket-api/1.0/javax.websocket-api-1.0.jar:/root/./workspace/SeleniumHQ/htmlunit-driver/383790305/.m2/org/eclipse/jetty/websocket/websocket-server/9.4.9.v20180320/websocket-server-9.4.9.v20180320.jar:/root/./workspace/SeleniumHQ/htmlunit-driver/383790305/.m2/org/eclipse/jetty/websocket/websocket-servlet/9.4.9.v20180320/websocket-servlet-9.4.9.v20180320.jar:/root/./workspace/SeleniumHQ/htmlunit-driver/383790305/.m2/org/eclipse/jetty/apache-jsp/9.4.9.v20180320/apache-jsp-9.4.9.v20180320.jar:/root/./workspace/SeleniumHQ/htmlunit-driver/383790305/.m2/org/eclipse/jetty/toolchain/jetty-schemas/3.1/jetty-schemas-3.1.jar:/root/./workspace/SeleniumHQ/htmlunit-driver/383790305/.m2/org/mortbay/jasper/apache-jsp/8.5.24.2/apache-jsp-8.5.24.2.jar:/root/./workspace/SeleniumHQ/htmlunit-driver/383790305/.m2/org/mortbay/jasper/apache-el/8.5.24.2/apache-el-8.5.24.2.jar:/root/./workspace/SeleniumHQ/htmlunit-driver/383790305/.m2/org/eclipse/jdt/ecj/3.12.3/ecj-3.12.3.jar:/root/./workspace/SeleniumHQ/htmlunit-driver/383790305/.m2/org/eclipse/jetty/apache-jstl/9.4.9.v20180320/apache-jstl-9.4.9.v20180320.jar:/root/./workspace/SeleniumHQ/htmlunit-driver/383790305/.m2/org/apache/taglibs/taglibs-standard-spec/1.2.5/taglibs-standard-spec-1.2.5.jar:/root/./workspace/SeleniumHQ/htmlunit-driver/383790305/.m2/org/apache/taglibs/taglibs-standard-impl/1.2.5/taglibs-standard-impl-1.2.5.jar:/root/./workspace/SeleniumHQ/htmlunit-driver/383790305/.m2/javax/transaction/javax.transaction-api/1.2/javax.transaction-api-1.2.jar:/root/./workspace/SeleniumHQ/htmlunit-driver/383790305/.m2/junit/junit/4.12/junit-4.12.jar:/root/./workspace/SeleniumHQ/htmlunit-driver/383790305/.m2/org/hamcrest/hamcrest-core/1.3/hamcrest-core-1.3.jar:/root/./workspace/SeleniumHQ/htmlunit-driver/383790305/.m2/org/eclipse/mylyn/github/org.eclipse.egit.github.core/2.1.5/org.eclipse.egit.github.core-2.1.5.jar:"/>
    <property name="java.vm.vendor" value="Oracle Corporation"/>
    <property name="skip.bower" value="true"/>
    <property name="sun.arch.data.model" value="64"/>
    <property name="java.vendor.url" value="http://java.oracle.com/"/>
    <property name="user.timezone" value=""/>
    <property name="java.vm.specification.version" value="1.8"/>
    <property name="os.name" value="Linux"/>
    <property name="rat.skip" value="true"/>
    <property name="gpg.skip" value="true"/>
    <property name="sun.java.launcher" value="SUN_STANDARD"/>
    <property name="sun.boot.library.path" value="/usr/lib/jvm/java-8-openjdk-amd64/jre/lib/amd64"/>
    <property name="skip.gulp" value="true"/>
    <property name="sun.java.command" value="/root/workspace/SeleniumHQ/htmlunit-driver/383790305/target/surefire/surefirebooter452497192439833866.jar /root/workspace/SeleniumHQ/htmlunit-driver/383790305/target/surefire 2018-05-25T18-51-08_066-jvmRun1 surefire3524925762182802519tmp surefire_04354495171885826065tmp"/>
    <property name="dependency-check.skip" value="true"/>
    <property name="surefire.test.class.path" value="/root/workspace/SeleniumHQ/htmlunit-driver/383790305/target/test-classes:/root/workspace/SeleniumHQ/htmlunit-driver/383790305/target/classes:/root/./workspace/SeleniumHQ/htmlunit-driver/383790305/.m2/org/seleniumhq/selenium/selenium-api/3.12.0/selenium-api-3.12.0.jar:/root/./workspace/SeleniumHQ/htmlunit-driver/383790305/.m2/org/seleniumhq/selenium/selenium-support/3.12.0/selenium-support-3.12.0.jar:/root/./workspace/SeleniumHQ/htmlunit-driver/383790305/.m2/org/seleniumhq/selenium/selenium-remote-driver/3.12.0/selenium-remote-driver-3.12.0.jar:/root/./workspace/SeleniumHQ/htmlunit-driver/383790305/.m2/net/bytebuddy/byte-buddy/1.8.3/byte-buddy-1.8.3.jar:/root/./workspace/SeleniumHQ/htmlunit-driver/383790305/.m2/org/apache/commons/commons-exec/1.3/commons-exec-1.3.jar:/root/./workspace/SeleniumHQ/htmlunit-driver/383790305/.m2/commons-codec/commons-codec/1.10/commons-codec-1.10.jar:/root/./workspace/SeleniumHQ/htmlunit-driver/383790305/.m2/commons-logging/commons-logging/1.2/commons-logging-1.2.jar:/root/./workspace/SeleniumHQ/htmlunit-driver/383790305/.m2/com/google/code/gson/gson/2.8.2/gson-2.8.2.jar:/root/./workspace/SeleniumHQ/htmlunit-driver/383790305/.m2/com/google/guava/guava/23.6-jre/guava-23.6-jre.jar:/root/./workspace/SeleniumHQ/htmlunit-driver/383790305/.m2/com/google/code/findbugs/jsr305/1.3.9/jsr305-1.3.9.jar:/root/./workspace/SeleniumHQ/htmlunit-driver/383790305/.m2/org/checkerframework/checker-compat-qual/2.0.0/checker-compat-qual-2.0.0.jar:/root/./workspace/SeleniumHQ/htmlunit-driver/383790305/.m2/com/google/errorprone/error_prone_annotations/2.1.3/error_prone_annotations-2.1.3.jar:/root/./workspace/SeleniumHQ/htmlunit-driver/383790305/.m2/com/google/j2objc/j2objc-annotations/1.1/j2objc-annotations-1.1.jar:/root/./workspace/SeleniumHQ/htmlunit-driver/383790305/.m2/org/codehaus/mojo/animal-sniffer-annotations/1.14/animal-sniffer-annotations-1.14.jar:/root/./workspace/SeleniumHQ/htmlunit-driver/383790305/.m2/com/squareup/okhttp3/okhttp/3.9.1/okhttp-3.9.1.jar:/root/./workspace/SeleniumHQ/htmlunit-driver/383790305/.m2/com/squareup/okio/okio/1.13.0/okio-1.13.0.jar:/root/./workspace/SeleniumHQ/htmlunit-driver/383790305/.m2/org/seleniumhq/selenium/selenium-firefox-driver/3.12.0/selenium-firefox-driver-3.12.0.jar:/root/./workspace/SeleniumHQ/htmlunit-driver/383790305/.m2/org/seleniumhq/selenium/selenium-chrome-driver/3.12.0/selenium-chrome-driver-3.12.0.jar:/root/./workspace/SeleniumHQ/htmlunit-driver/383790305/.m2/org/seleniumhq/selenium/selenium-ie-driver/3.12.0/selenium-ie-driver-3.12.0.jar:/root/./workspace/SeleniumHQ/htmlunit-driver/383790305/.m2/net/sourceforge/htmlunit/htmlunit/2.31/htmlunit-2.31.jar:/root/./workspace/SeleniumHQ/htmlunit-driver/383790305/.m2/xalan/xalan/2.7.2/xalan-2.7.2.jar:/root/./workspace/SeleniumHQ/htmlunit-driver/383790305/.m2/xalan/serializer/2.7.2/serializer-2.7.2.jar:/root/./workspace/SeleniumHQ/htmlunit-driver/383790305/.m2/org/apache/commons/commons-lang3/3.7/commons-lang3-3.7.jar:/root/./workspace/SeleniumHQ/htmlunit-driver/383790305/.m2/org/apache/commons/commons-text/1.3/commons-text-1.3.jar:/root/./workspace/SeleniumHQ/htmlunit-driver/383790305/.m2/org/apache/httpcomponents/httpmime/4.5.5/httpmime-4.5.5.jar:/root/./workspace/SeleniumHQ/htmlunit-driver/383790305/.m2/org/apache/httpcomponents/httpclient/4.5.5/httpclient-4.5.5.jar:/root/./workspace/SeleniumHQ/htmlunit-driver/383790305/.m2/org/apache/httpcomponents/httpcore/4.4.9/httpcore-4.4.9.jar:/root/./workspace/SeleniumHQ/htmlunit-driver/383790305/.m2/net/sourceforge/htmlunit/htmlunit-core-js/2.31/htmlunit-core-js-2.31.jar:/root/./workspace/SeleniumHQ/htmlunit-driver/383790305/.m2/net/sourceforge/htmlunit/neko-htmlunit/2.31/neko-htmlunit-2.31.jar:/root/./workspace/SeleniumHQ/htmlunit-driver/383790305/.m2/xerces/xercesImpl/2.11.0/xercesImpl-2.11.0.jar:/root/./workspace/SeleniumHQ/htmlunit-driver/383790305/.m2/xml-apis/xml-apis/1.4.01/xml-apis-1.4.01.jar:/root/./workspace/SeleniumHQ/htmlunit-driver/383790305/.m2/net/sourceforge/htmlunit/htmlunit-cssparser/1.0.0/htmlunit-cssparser-1.0.0.jar:/root/./workspace/SeleniumHQ/htmlunit-driver/383790305/.m2/commons-io/commons-io/2.6/commons-io-2.6.jar:/root/./workspace/SeleniumHQ/htmlunit-driver/383790305/.m2/commons-net/commons-net/3.6/commons-net-3.6.jar:/root/./workspace/SeleniumHQ/htmlunit-driver/383790305/.m2/org/eclipse/jetty/websocket/websocket-client/9.4.10.v20180503/websocket-client-9.4.10.v20180503.jar:/root/./workspace/SeleniumHQ/htmlunit-driver/383790305/.m2/org/eclipse/jetty/jetty-client/9.4.10.v20180503/jetty-client-9.4.10.v20180503.jar:/root/./workspace/SeleniumHQ/htmlunit-driver/383790305/.m2/org/eclipse/jetty/jetty-xml/9.4.10.v20180503/jetty-xml-9.4.10.v20180503.jar:/root/./workspace/SeleniumHQ/htmlunit-driver/383790305/.m2/org/eclipse/jetty/jetty-io/9.4.10.v20180503/jetty-io-9.4.10.v20180503.jar:/root/./workspace/SeleniumHQ/htmlunit-driver/383790305/.m2/org/eclipse/jetty/websocket/websocket-common/9.4.10.v20180503/websocket-common-9.4.10.v20180503.jar:/root/./workspace/SeleniumHQ/htmlunit-driver/383790305/.m2/org/eclipse/jetty/websocket/websocket-api/9.4.10.v20180503/websocket-api-9.4.10.v20180503.jar:/root/./workspace/SeleniumHQ/htmlunit-driver/383790305/.m2/org/hamcrest/hamcrest-all/1.3/hamcrest-all-1.3.jar:/root/./workspace/SeleniumHQ/htmlunit-driver/383790305/.m2/org/mockito/mockito-core/2.18.3/mockito-core-2.18.3.jar:/root/./workspace/SeleniumHQ/htmlunit-driver/383790305/.m2/net/bytebuddy/byte-buddy-agent/1.8.5/byte-buddy-agent-1.8.5.jar:/root/./workspace/SeleniumHQ/htmlunit-driver/383790305/.m2/org/objenesis/objenesis/2.6/objenesis-2.6.jar:/root/./workspace/SeleniumHQ/htmlunit-driver/383790305/.m2/org/eclipse/jetty/jetty-maven-plugin/9.4.9.v20180320/jetty-maven-plugin-9.4.9.v20180320.jar:/root/./workspace/SeleniumHQ/htmlunit-driver/383790305/.m2/org/apache/maven/maven-core/3.5.0/maven-core-3.5.0.jar:/root/./workspace/SeleniumHQ/htmlunit-driver/383790305/.m2/org/apache/maven/maven-model/3.5.0/maven-model-3.5.0.jar:/root/./workspace/SeleniumHQ/htmlunit-driver/383790305/.m2/org/apache/maven/maven-settings-builder/3.5.0/maven-settings-builder-3.5.0.jar:/root/./workspace/SeleniumHQ/htmlunit-driver/383790305/.m2/org/apache/maven/maven-builder-support/3.5.0/maven-builder-support-3.5.0.jar:/root/./workspace/SeleniumHQ/htmlunit-driver/383790305/.m2/org/apache/maven/maven-model-builder/3.5.0/maven-model-builder-3.5.0.jar:/root/./workspace/SeleniumHQ/htmlunit-driver/383790305/.m2/org/apache/maven/maven-resolver-provider/3.5.0/maven-resolver-provider-3.5.0.jar:/root/./workspace/SeleniumHQ/htmlunit-driver/383790305/.m2/org/apache/maven/resolver/maven-resolver-impl/1.0.3/maven-resolver-impl-1.0.3.jar:/root/./workspace/SeleniumHQ/htmlunit-driver/383790305/.m2/org/apache/maven/resolver/maven-resolver-api/1.0.3/maven-resolver-api-1.0.3.jar:/root/./workspace/SeleniumHQ/htmlunit-driver/383790305/.m2/org/apache/maven/resolver/maven-resolver-spi/1.0.3/maven-resolver-spi-1.0.3.jar:/root/./workspace/SeleniumHQ/htmlunit-driver/383790305/.m2/org/apache/maven/resolver/maven-resolver-util/1.0.3/maven-resolver-util-1.0.3.jar:/root/./workspace/SeleniumHQ/htmlunit-driver/383790305/.m2/org/apache/maven/shared/maven-shared-utils/3.1.0/maven-shared-utils-3.1.0.jar:/root/./workspace/SeleniumHQ/htmlunit-driver/383790305/.m2/org/eclipse/sisu/org.eclipse.sisu.plexus/0.3.3/org.eclipse.sisu.plexus-0.3.3.jar:/root/./workspace/SeleniumHQ/htmlunit-driver/383790305/.m2/javax/enterprise/cdi-api/1.0/cdi-api-1.0.jar:/root/./workspace/SeleniumHQ/htmlunit-driver/383790305/.m2/javax/annotation/jsr250-api/1.0/jsr250-api-1.0.jar:/root/./workspace/SeleniumHQ/htmlunit-driver/383790305/.m2/org/eclipse/sisu/org.eclipse.sisu.inject/0.3.3/org.eclipse.sisu.inject-0.3.3.jar:/root/./workspace/SeleniumHQ/htmlunit-driver/383790305/.m2/com/google/inject/guice/4.0/guice-4.0-no_aop.jar:/root/./workspace/SeleniumHQ/htmlunit-driver/383790305/.m2/javax/inject/javax.inject/1/javax.inject-1.jar:/root/./workspace/SeleniumHQ/htmlunit-driver/383790305/.m2/aopalliance/aopalliance/1.0/aopalliance-1.0.jar:/root/./workspace/SeleniumHQ/htmlunit-driver/383790305/.m2/org/sonatype/plexus/plexus-sec-dispatcher/1.4/plexus-sec-dispatcher-1.4.jar:/root/./workspace/SeleniumHQ/htmlunit-driver/383790305/.m2/org/sonatype/plexus/plexus-cipher/1.4/plexus-cipher-1.4.jar:/root/./workspace/SeleniumHQ/htmlunit-driver/383790305/.m2/org/apache/maven/plugin-tools/maven-plugin-tools-api/3.5/maven-plugin-tools-api-3.5.jar:/root/./workspace/SeleniumHQ/htmlunit-driver/383790305/.m2/org/apache/maven/maven-project/2.2.1/maven-project-2.2.1.jar:/root/./workspace/SeleniumHQ/htmlunit-driver/383790305/.m2/org/apache/maven/maven-profile/2.2.1/maven-profile-2.2.1.jar:/root/./workspace/SeleniumHQ/htmlunit-driver/383790305/.m2/org/apache/maven/maven-artifact-manager/2.2.1/maven-artifact-manager-2.2.1.jar:/root/./workspace/SeleniumHQ/htmlunit-driver/383790305/.m2/org/apache/maven/wagon/wagon-provider-api/1.0-beta-6/wagon-provider-api-1.0-beta-6.jar:/root/./workspace/SeleniumHQ/htmlunit-driver/383790305/.m2/backport-util-concurrent/backport-util-concurrent/3.1/backport-util-concurrent-3.1.jar:/root/./workspace/SeleniumHQ/htmlunit-driver/383790305/.m2/org/apache/maven/maven-plugin-registry/2.2.1/maven-plugin-registry-2.2.1.jar:/root/./workspace/SeleniumHQ/htmlunit-driver/383790305/.m2/org/codehaus/plexus/plexus-container-default/1.0-alpha-9-stable-1/plexus-container-default-1.0-alpha-9-stable-1.jar:/root/./workspace/SeleniumHQ/htmlunit-driver/383790305/.m2/classworlds/classworlds/1.1-alpha-2/classworlds-1.1-alpha-2.jar:/root/./workspace/SeleniumHQ/htmlunit-driver/383790305/.m2/org/apache/maven/maven-plugin-descriptor/2.2.1/maven-plugin-descriptor-2.2.1.jar:/root/./workspace/SeleniumHQ/htmlunit-driver/383790305/.m2/org/apache/maven/shared/maven-artifact-transfer/0.9.1/maven-artifact-transfer-0.9.1.jar:/root/./workspace/SeleniumHQ/htmlunit-driver/383790305/.m2/org/apache/maven/shared/maven-common-artifact-filters/3.0.1/maven-common-artifact-filters-3.0.1.jar:/root/./workspace/SeleniumHQ/htmlunit-driver/383790305/.m2/org/sonatype/sisu/sisu-inject-plexus/1.4.2/sisu-inject-plexus-1.4.2.jar:/root/./workspace/SeleniumHQ/htmlunit-driver/383790305/.m2/org/sonatype/sisu/sisu-inject-bean/1.4.2/sisu-inject-bean-1.4.2.jar:/root/./workspace/SeleniumHQ/htmlunit-driver/383790305/.m2/org/sonatype/sisu/sisu-guice/2.1.7/sisu-guice-2.1.7-noaop.jar:/root/./workspace/SeleniumHQ/htmlunit-driver/383790305/.m2/org/slf4j/slf4j-api/1.7.5/slf4j-api-1.7.5.jar:/root/./workspace/SeleniumHQ/htmlunit-driver/383790305/.m2/org/eclipse/jetty/jetty-util/9.4.9.v20180320/jetty-util-9.4.9.v20180320.jar:/root/./workspace/SeleniumHQ/htmlunit-driver/383790305/.m2/org/eclipse/jetty/jetty-webapp/9.4.9.v20180320/jetty-webapp-9.4.9.v20180320.jar:/root/./workspace/SeleniumHQ/htmlunit-driver/383790305/.m2/org/eclipse/jetty/jetty-servlet/9.4.9.v20180320/jetty-servlet-9.4.9.v20180320.jar:/root/./workspace/SeleniumHQ/htmlunit-driver/383790305/.m2/org/eclipse/jetty/jetty-quickstart/9.4.9.v20180320/jetty-quickstart-9.4.9.v20180320.jar:/root/./workspace/SeleniumHQ/htmlunit-driver/383790305/.m2/org/eclipse/jetty/jetty-jaas/9.4.9.v20180320/jetty-jaas-9.4.9.v20180320.jar:/root/./workspace/SeleniumHQ/htmlunit-driver/383790305/.m2/org/eclipse/jetty/jetty-security/9.4.9.v20180320/jetty-security-9.4.9.v20180320.jar:/root/./workspace/SeleniumHQ/htmlunit-driver/383790305/.m2/org/eclipse/jetty/jetty-plus/9.4.9.v20180320/jetty-plus-9.4.9.v20180320.jar:/root/./workspace/SeleniumHQ/htmlunit-driver/383790305/.m2/org/eclipse/jetty/jetty-jndi/9.4.9.v20180320/jetty-jndi-9.4.9.v20180320.jar:/root/./workspace/SeleniumHQ/htmlunit-driver/383790305/.m2/org/eclipse/jetty/jetty-server/9.4.9.v20180320/jetty-server-9.4.9.v20180320.jar:/root/./workspace/SeleniumHQ/htmlunit-driver/383790305/.m2/javax/servlet/javax.servlet-api/3.1.0/javax.servlet-api-3.1.0.jar:/root/./workspace/SeleniumHQ/htmlunit-driver/383790305/.m2/org/eclipse/jetty/jetty-http/9.4.9.v20180320/jetty-http-9.4.9.v20180320.jar:/root/./workspace/SeleniumHQ/htmlunit-driver/383790305/.m2/org/eclipse/jetty/jetty-jmx/9.4.9.v20180320/jetty-jmx-9.4.9.v20180320.jar:/root/./workspace/SeleniumHQ/htmlunit-driver/383790305/.m2/org/eclipse/jetty/jetty-annotations/9.4.9.v20180320/jetty-annotations-9.4.9.v20180320.jar:/root/./workspace/SeleniumHQ/htmlunit-driver/383790305/.m2/javax/annotation/javax.annotation-api/1.2/javax.annotation-api-1.2.jar:/root/./workspace/SeleniumHQ/htmlunit-driver/383790305/.m2/org/ow2/asm/asm/6.0/asm-6.0.jar:/root/./workspace/SeleniumHQ/htmlunit-driver/383790305/.m2/org/ow2/asm/asm-commons/6.0/asm-commons-6.0.jar:/root/./workspace/SeleniumHQ/htmlunit-driver/383790305/.m2/org/ow2/asm/asm-tree/6.0/asm-tree-6.0.jar:/root/./workspace/SeleniumHQ/htmlunit-driver/383790305/.m2/org/eclipse/jetty/websocket/javax-websocket-server-impl/9.4.9.v20180320/javax-websocket-server-impl-9.4.9.v20180320.jar:/root/./workspace/SeleniumHQ/htmlunit-driver/383790305/.m2/org/eclipse/jetty/websocket/javax-websocket-client-impl/9.4.9.v20180320/javax-websocket-client-impl-9.4.9.v20180320.jar:/root/./workspace/SeleniumHQ/htmlunit-driver/383790305/.m2/javax/websocket/javax.websocket-client-api/1.0/javax.websocket-client-api-1.0.jar:/root/./workspace/SeleniumHQ/htmlunit-driver/383790305/.m2/javax/websocket/javax.websocket-api/1.0/javax.websocket-api-1.0.jar:/root/./workspace/SeleniumHQ/htmlunit-driver/383790305/.m2/org/eclipse/jetty/websocket/websocket-server/9.4.9.v20180320/websocket-server-9.4.9.v20180320.jar:/root/./workspace/SeleniumHQ/htmlunit-driver/383790305/.m2/org/eclipse/jetty/websocket/websocket-servlet/9.4.9.v20180320/websocket-servlet-9.4.9.v20180320.jar:/root/./workspace/SeleniumHQ/htmlunit-driver/383790305/.m2/org/eclipse/jetty/apache-jsp/9.4.9.v20180320/apache-jsp-9.4.9.v20180320.jar:/root/./workspace/SeleniumHQ/htmlunit-driver/383790305/.m2/org/eclipse/jetty/toolchain/jetty-schemas/3.1/jetty-schemas-3.1.jar:/root/./workspace/SeleniumHQ/htmlunit-driver/383790305/.m2/org/mortbay/jasper/apache-jsp/8.5.24.2/apache-jsp-8.5.24.2.jar:/root/./workspace/SeleniumHQ/htmlunit-driver/383790305/.m2/org/mortbay/jasper/apache-el/8.5.24.2/apache-el-8.5.24.2.jar:/root/./workspace/SeleniumHQ/htmlunit-driver/383790305/.m2/org/eclipse/jdt/ecj/3.12.3/ecj-3.12.3.jar:/root/./workspace/SeleniumHQ/htmlunit-driver/383790305/.m2/org/eclipse/jetty/apache-jstl/9.4.9.v20180320/apache-jstl-9.4.9.v20180320.jar:/root/./workspace/SeleniumHQ/htmlunit-driver/383790305/.m2/org/apache/taglibs/taglibs-standard-spec/1.2.5/taglibs-standard-spec-1.2.5.jar:/root/./workspace/SeleniumHQ/htmlunit-driver/383790305/.m2/org/apache/taglibs/taglibs-standard-impl/1.2.5/taglibs-standard-impl-1.2.5.jar:/root/./workspace/SeleniumHQ/htmlunit-driver/383790305/.m2/javax/transaction/javax.transaction-api/1.2/javax.transaction-api-1.2.jar:/root/./workspace/SeleniumHQ/htmlunit-driver/383790305/.m2/junit/junit/4.12/junit-4.12.jar:/root/./workspace/SeleniumHQ/htmlunit-driver/383790305/.m2/org/hamcrest/hamcrest-core/1.3/hamcrest-core-1.3.jar:/root/./workspace/SeleniumHQ/htmlunit-driver/383790305/.m2/org/eclipse/mylyn/github/org.eclipse.egit.github.core/2.1.5/org.eclipse.egit.github.core-2.1.5.jar:"/>
    <property name="sun.cpu.endian" value="little"/>
    <property name="user.home" value="/root"/>
    <property name="user.language" value="en"/>
    <property name="java.specification.vendor" value="Oracle Corporation"/>
    <property name="java.home" value="/usr/lib/jvm/java-8-openjdk-amd64/jre"/>
    <property name="basedir" value="/root/workspace/SeleniumHQ/htmlunit-driver/383790305"/>
    <property name="file.separator" value="/"/>
    <property name="checkstyle.skip" value="true"/>
    <property name="line.separator" value="&#10;"/>
    <property name="skip.npm" value="true"/>
    <property name="java.vm.specification.vendor" value="Oracle Corporation"/>
    <property name="java.specification.name" value="Java Platform API Specification"/>
    <property name="java.awt.graphicsenv" value="sun.awt.X11GraphicsEnvironment"/>
    <property name="skipITs" value="true"/>
    <property name="surefire.real.class.path" value="/root/workspace/SeleniumHQ/htmlunit-driver/383790305/target/surefire/surefirebooter452497192439833866.jar"/>
    <property name="cobertura.skip" value="true"/>
    <property name="sun.boot.class.path" value="/usr/lib/jvm/java-8-openjdk-amd64/jre/lib/resources.jar:/usr/lib/jvm/java-8-openjdk-amd64/jre/lib/rt.jar:/usr/lib/jvm/java-8-openjdk-amd64/jre/lib/sunrsasign.jar:/usr/lib/jvm/java-8-openjdk-amd64/jre/lib/jsse.jar:/usr/lib/jvm/java-8-openjdk-amd64/jre/lib/jce.jar:/usr/lib/jvm/java-8-openjdk-amd64/jre/lib/charsets.jar:/usr/lib/jvm/java-8-openjdk-amd64/jre/lib/jfr.jar:/usr/lib/jvm/java-8-openjdk-amd64/jre/classes"/>
    <property name="sun.management.compiler" value="HotSpot 64-Bit Tiered Compilers"/>
    <property name="java.runtime.version" value="1.8.0_121-8u121-b13-1~bpo8+1-b13"/>
    <property name="user.name" value="root"/>
    <property name="findbugs.skip" value="true"/>
    <property name="path.separator" value=":"/>
    <property name="os.version" value="3.10.0-862.2.3.el7.x86_64"/>
    <property name="java.endorsed.dirs" value="/usr/lib/jvm/java-8-openjdk-amd64/jre/lib/endorsed"/>
    <property name="java.runtime.name" value="OpenJDK Runtime Environment"/>
    <property name="file.encoding" value="UTF-8"/>
    <property name="java.vm.name" value="OpenJDK 64-Bit Server VM"/>
    <property name="localRepository" value="/root/./workspace/SeleniumHQ/htmlunit-driver/383790305/.m2"/>
    <property name="java.vendor.url.bug" value="http://bugreport.sun.com/bugreport/"/>
    <property name="java.io.tmpdir" value="/tmp"/>
    <property name="java.version" value="1.8.0_121"/>
    <property name="user.dir" value="/root/workspace/SeleniumHQ/htmlunit-driver/383790305"/>
    <property name="os.arch" value="amd64"/>
    <property name="license.skip" value="true"/>
    <property name="java.vm.specification.name" value="Java Virtual Machine Specification"/>
    <property name="java.awt.printerjob" value="sun.print.PSPrinterJob"/>
    <property name="sun.os.patch.level" value="unknown"/>
    <property name="java.library.path" value="/usr/java/packages/lib/amd64:/usr/lib/x86_64-linux-gnu/jni:/lib/x86_64-linux-gnu:/usr/lib/x86_64-linux-gnu:/usr/lib/jni:/lib:/usr/lib"/>
    <property name="java.vm.info" value="mixed mode"/>
    <property name="java.vendor" value="Oracle Corporation"/>
    <property name="java.vm.version" value="25.121-b13"/>
    <property name="java.ext.dirs" value="/usr/lib/jvm/java-8-openjdk-amd64/jre/lib/ext:/usr/java/packages/lib/ext"/>
    <property name="sun.io.unicode.encoding" value="UnicodeLittle"/>
    <property name="maven.repo.local" value="/root/./workspace/SeleniumHQ/htmlunit-driver/383790305/.m2"/>
    <property name="enforcer.skip" value="true"/>
    <property name="java.class.version" value="52.0"/>
  </properties>
  <testcase name="testShouldFindElementByLinkTextContainingEqualsSign" classname="org.openqa.selenium.ElementFindingTest" time="0">
    <failure message="&#10;Expected: is not &quot;spirals-vortex.lille.inria.fr&quot;&#10;     but: was &quot;spirals-vortex.lille.inria.fr&quot;" type="java.lang.AssertionError">java.lang.AssertionError: 

Expected: is not "spirals-vortex.lille.inria.fr"
     but: was "spirals-vortex.lille.inria.fr"
</failure>
    <system-err><![CDATA[May 25, 2018 6:51:32 PM org.openqa.selenium.testing.JUnit4TestBase$TraceMethodNameRule starting
INFO: >>> Starting testShouldFindElementByLinkTextContainingEqualsSign(org.openqa.selenium.ElementFindingTest)
May 25, 2018 6:51:32 PM org.openqa.selenium.testing.JUnit4TestBase$TraceMethodNameRule finished
INFO: <<< Finished testShouldFindElementByLinkTextContainingEqualsSign(org.openqa.selenium.ElementFindingTest)
]]></system-err>
  </testcase>
  <testcase name="testFindingMultipleElementsByInvalidClassNameShouldThrow" classname="org.openqa.selenium.ElementFindingTest" time="0">
    <failure message="&#10;Expected: is not &quot;spirals-vortex.lille.inria.fr&quot;&#10;     but: was &quot;spirals-vortex.lille.inria.fr&quot;" type="java.lang.AssertionError">java.lang.AssertionError: 

Expected: is not "spirals-vortex.lille.inria.fr"
     but: was "spirals-vortex.lille.inria.fr"
</failure>
    <system-err><![CDATA[May 25, 2018 6:51:32 PM org.openqa.selenium.testing.JUnit4TestBase$TraceMethodNameRule starting
INFO: >>> Starting testFindingMultipleElementsByInvalidClassNameShouldThrow(org.openqa.selenium.ElementFindingTest)
May 25, 2018 6:51:32 PM org.openqa.selenium.testing.JUnit4TestBase$TraceMethodNameRule finished
INFO: <<< Finished testFindingMultipleElementsByInvalidClassNameShouldThrow(org.openqa.selenium.ElementFindingTest)
]]></system-err>
  </testcase>
  <testcase name="testShouldNotBeAbleToLocateByLinkTextMultipleElementsThatDoNotExist" classname="org.openqa.selenium.ElementFindingTest" time="0">
    <failure message="&#10;Expected: is not &quot;spirals-vortex.lille.inria.fr&quot;&#10;     but: was &quot;spirals-vortex.lille.inria.fr&quot;" type="java.lang.AssertionError">java.lang.AssertionError: 

Expected: is not "spirals-vortex.lille.inria.fr"
     but: was "spirals-vortex.lille.inria.fr"
</failure>
    <system-err><![CDATA[May 25, 2018 6:51:32 PM org.openqa.selenium.testing.JUnit4TestBase$TraceMethodNameRule starting
INFO: >>> Starting testShouldNotBeAbleToLocateByLinkTextMultipleElementsThatDoNotExist(org.openqa.selenium.ElementFindingTest)
May 25, 2018 6:51:32 PM org.openqa.selenium.testing.JUnit4TestBase$TraceMethodNameRule finished
INFO: <<< Finished testShouldNotBeAbleToLocateByLinkTextMultipleElementsThatDoNotExist(org.openqa.selenium.ElementFindingTest)
]]></system-err>
  </testcase>
  <testcase name="testShouldBeAbleToFindASingleElementByClass" classname="org.openqa.selenium.ElementFindingTest" time="0">
    <failure message="&#10;Expected: is not &quot;spirals-vortex.lille.inria.fr&quot;&#10;     but: was &quot;spirals-vortex.lille.inria.fr&quot;" type="java.lang.AssertionError">java.lang.AssertionError: 

Expected: is not "spirals-vortex.lille.inria.fr"
     but: was "spirals-vortex.lille.inria.fr"
</failure>
    <system-err><![CDATA[May 25, 2018 6:51:32 PM org.openqa.selenium.testing.JUnit4TestBase$TraceMethodNameRule starting
INFO: >>> Starting testShouldBeAbleToFindASingleElementByClass(org.openqa.selenium.ElementFindingTest)
May 25, 2018 6:51:32 PM org.openqa.selenium.testing.JUnit4TestBase$TraceMethodNameRule finished
INFO: <<< Finished testShouldBeAbleToFindASingleElementByClass(org.openqa.selenium.ElementFindingTest)
]]></system-err>
  </testcase>
  <testcase name="testShouldBeAbleToFindMultipleElementsByName" classname="org.openqa.selenium.ElementFindingTest" time="0">
    <failure message="&#10;Expected: is not &quot;spirals-vortex.lille.inria.fr&quot;&#10;     but: was &quot;spirals-vortex.lille.inria.fr&quot;" type="java.lang.AssertionError">java.lang.AssertionError: 

Expected: is not "spirals-vortex.lille.inria.fr"
     but: was "spirals-vortex.lille.inria.fr"
</failure>
    <system-err><![CDATA[May 25, 2018 6:51:32 PM org.openqa.selenium.testing.JUnit4TestBase$TraceMethodNameRule starting
INFO: >>> Starting testShouldBeAbleToFindMultipleElementsByName(org.openqa.selenium.ElementFindingTest)
May 25, 2018 6:51:32 PM org.openqa.selenium.testing.JUnit4TestBase$TraceMethodNameRule finished
INFO: <<< Finished testShouldBeAbleToFindMultipleElementsByName(org.openqa.selenium.ElementFindingTest)
]]></system-err>
  </testcase>
  <testcase name="testShouldBeAbleToFindASingleElementByXPath" classname="org.openqa.selenium.ElementFindingTest" time="0">
    <failure message="&#10;Expected: is not &quot;spirals-vortex.lille.inria.fr&quot;&#10;     but: was &quot;spirals-vortex.lille.inria.fr&quot;" type="java.lang.AssertionError">java.lang.AssertionError: 

Expected: is not "spirals-vortex.lille.inria.fr"
     but: was "spirals-vortex.lille.inria.fr"
</failure>
    <system-err><![CDATA[May 25, 2018 6:51:32 PM org.openqa.selenium.testing.JUnit4TestBase$TraceMethodNameRule starting
INFO: >>> Starting testShouldBeAbleToFindASingleElementByXPath(org.openqa.selenium.ElementFindingTest)
May 25, 2018 6:51:32 PM org.openqa.selenium.testing.JUnit4TestBase$TraceMethodNameRule finished
INFO: <<< Finished testShouldBeAbleToFindASingleElementByXPath(org.openqa.selenium.ElementFindingTest)
]]></system-err>
  </testcase>
  <testcase name="testFindingASingleElementByEmptyTagNameShouldThrow" classname="org.openqa.selenium.ElementFindingTest" time="0">
    <failure message="&#10;Expected: is not &quot;spirals-vortex.lille.inria.fr&quot;&#10;     but: was &quot;spirals-vortex.lille.inria.fr&quot;" type="java.lang.AssertionError">java.lang.AssertionError: 

Expected: is not "spirals-vortex.lille.inria.fr"
     but: was "spirals-vortex.lille.inria.fr"
</failure>
    <system-err><![CDATA[May 25, 2018 6:51:32 PM org.openqa.selenium.testing.JUnit4TestBase$TraceMethodNameRule starting
INFO: >>> Starting testFindingASingleElementByEmptyTagNameShouldThrow(org.openqa.selenium.ElementFindingTest)
May 25, 2018 6:51:32 PM org.openqa.selenium.testing.JUnit4TestBase$TraceMethodNameRule finished
INFO: <<< Finished testFindingASingleElementByEmptyTagNameShouldThrow(org.openqa.selenium.ElementFindingTest)
]]></system-err>
  </testcase>
  <testcase name="testShouldNotFindElementsByCssSelectorWhenThereIsNoSuchElement" classname="org.openqa.selenium.ElementFindingTest" time="0">
    <failure message="&#10;Expected: is not &quot;spirals-vortex.lille.inria.fr&quot;&#10;     but: was &quot;spirals-vortex.lille.inria.fr&quot;" type="java.lang.AssertionError">java.lang.AssertionError: 

Expected: is not "spirals-vortex.lille.inria.fr"
     but: was "spirals-vortex.lille.inria.fr"
</failure>
    <system-err><![CDATA[May 25, 2018 6:51:32 PM org.openqa.selenium.testing.JUnit4TestBase$TraceMethodNameRule starting
INFO: >>> Starting testShouldNotFindElementsByCssSelectorWhenThereIsNoSuchElement(org.openqa.selenium.ElementFindingTest)
May 25, 2018 6:51:32 PM org.openqa.selenium.testing.JUnit4TestBase$TraceMethodNameRule finished
INFO: <<< Finished testShouldNotFindElementsByCssSelectorWhenThereIsNoSuchElement(org.openqa.selenium.ElementFindingTest)
]]></system-err>
  </testcase>
  <testcase name="testShouldBeAbleToFindAnElementThatDoesNotSupportTheNameProperty" classname="org.openqa.selenium.ElementFindingTest" time="0">
    <failure message="&#10;Expected: is not &quot;spirals-vortex.lille.inria.fr&quot;&#10;     but: was &quot;spirals-vortex.lille.inria.fr&quot;" type="java.lang.AssertionError">java.lang.AssertionError: 

Expected: is not "spirals-vortex.lille.inria.fr"
     but: was "spirals-vortex.lille.inria.fr"
</failure>
    <system-err><![CDATA[May 25, 2018 6:51:32 PM org.openqa.selenium.testing.JUnit4TestBase$TraceMethodNameRule starting
INFO: >>> Starting testShouldBeAbleToFindAnElementThatDoesNotSupportTheNameProperty(org.openqa.selenium.ElementFindingTest)
May 25, 2018 6:51:32 PM org.openqa.selenium.testing.JUnit4TestBase$TraceMethodNameRule finished
INFO: <<< Finished testShouldBeAbleToFindAnElementThatDoesNotSupportTheNameProperty(org.openqa.selenium.ElementFindingTest)
]]></system-err>
  </testcase>
  <testcase name="testFindingASingleElementByEmptyClassNameShouldThrow" classname="org.openqa.selenium.ElementFindingTest" time="0">
    <failure message="&#10;Expected: is not &quot;spirals-vortex.lille.inria.fr&quot;&#10;     but: was &quot;spirals-vortex.lille.inria.fr&quot;" type="java.lang.AssertionError">java.lang.AssertionError: 

Expected: is not "spirals-vortex.lille.inria.fr"
     but: was "spirals-vortex.lille.inria.fr"
</failure>
    <system-err><![CDATA[May 25, 2018 6:51:32 PM org.openqa.selenium.testing.JUnit4TestBase$TraceMethodNameRule starting
INFO: >>> Starting testFindingASingleElementByEmptyClassNameShouldThrow(org.openqa.selenium.ElementFindingTest)
May 25, 2018 6:51:32 PM org.openqa.selenium.testing.JUnit4TestBase$TraceMethodNameRule finished
INFO: <<< Finished testFindingASingleElementByEmptyClassNameShouldThrow(org.openqa.selenium.ElementFindingTest)
]]></system-err>
  </testcase>
  <testcase name="testShouldBeAbleToFindASingleElementByCompoundCssSelector" classname="org.openqa.selenium.ElementFindingTest" time="0">
    <failure message="&#10;Expected: is not &quot;spirals-vortex.lille.inria.fr&quot;&#10;     but: was &quot;spirals-vortex.lille.inria.fr&quot;" type="java.lang.AssertionError">java.lang.AssertionError: 

Expected: is not "spirals-vortex.lille.inria.fr"
     but: was "spirals-vortex.lille.inria.fr"
</failure>
    <system-err><![CDATA[May 25, 2018 6:51:32 PM org.openqa.selenium.testing.JUnit4TestBase$TraceMethodNameRule starting
INFO: >>> Starting testShouldBeAbleToFindASingleElementByCompoundCssSelector(org.openqa.selenium.ElementFindingTest)
May 25, 2018 6:51:32 PM org.openqa.selenium.testing.JUnit4TestBase$TraceMethodNameRule finished
INFO: <<< Finished testShouldBeAbleToFindASingleElementByCompoundCssSelector(org.openqa.selenium.ElementFindingTest)
]]></system-err>
  </testcase>
  <testcase name="testShouldNotBeAbleToFindAnElementOnABlankPage" classname="org.openqa.selenium.ElementFindingTest" time="0">
    <failure message="&#10;Expected: is not &quot;spirals-vortex.lille.inria.fr&quot;&#10;     but: was &quot;spirals-vortex.lille.inria.fr&quot;" type="java.lang.AssertionError">java.lang.AssertionError: 

Expected: is not "spirals-vortex.lille.inria.fr"
     but: was "spirals-vortex.lille.inria.fr"
</failure>
    <system-err><![CDATA[May 25, 2018 6:51:32 PM org.openqa.selenium.testing.JUnit4TestBase$TraceMethodNameRule starting
INFO: >>> Starting testShouldNotBeAbleToFindAnElementOnABlankPage(org.openqa.selenium.ElementFindingTest)
May 25, 2018 6:51:32 PM org.openqa.selenium.testing.JUnit4TestBase$TraceMethodNameRule finished
INFO: <<< Finished testShouldNotBeAbleToFindAnElementOnABlankPage(org.openqa.selenium.ElementFindingTest)
]]></system-err>
  </testcase>
  <testcase name="testShouldBeAbleToFindASingleElementByPartialLinkText" classname="org.openqa.selenium.ElementFindingTest" time="0">
    <failure message="&#10;Expected: is not &quot;spirals-vortex.lille.inria.fr&quot;&#10;     but: was &quot;spirals-vortex.lille.inria.fr&quot;" type="java.lang.AssertionError">java.lang.AssertionError: 

Expected: is not "spirals-vortex.lille.inria.fr"
     but: was "spirals-vortex.lille.inria.fr"
</failure>
    <system-err><![CDATA[May 25, 2018 6:51:32 PM org.openqa.selenium.testing.JUnit4TestBase$TraceMethodNameRule starting
INFO: >>> Starting testShouldBeAbleToFindASingleElementByPartialLinkText(org.openqa.selenium.ElementFindingTest)
May 25, 2018 6:51:32 PM org.openqa.selenium.testing.JUnit4TestBase$TraceMethodNameRule finished
INFO: <<< Finished testShouldBeAbleToFindASingleElementByPartialLinkText(org.openqa.selenium.ElementFindingTest)
]]></system-err>
  </testcase>
  <testcase name="testShouldBeAbleToFindElementByXPathInXmlDocument" classname="org.openqa.selenium.ElementFindingTest" time="0">
    <failure message="&#10;Expected: is not &quot;spirals-vortex.lille.inria.fr&quot;&#10;     but: was &quot;spirals-vortex.lille.inria.fr&quot;" type="java.lang.AssertionError">java.lang.AssertionError: 

Expected: is not "spirals-vortex.lille.inria.fr"
     but: was "spirals-vortex.lille.inria.fr"
</failure>
    <system-err><![CDATA[May 25, 2018 6:51:32 PM org.openqa.selenium.testing.JUnit4TestBase$TraceMethodNameRule starting
INFO: >>> Starting testShouldBeAbleToFindElementByXPathInXmlDocument(org.openqa.selenium.ElementFindingTest)
May 25, 2018 6:51:32 PM org.openqa.selenium.testing.JUnit4TestBase$TraceMethodNameRule finished
INFO: <<< Finished testShouldBeAbleToFindElementByXPathInXmlDocument(org.openqa.selenium.ElementFindingTest)
]]></system-err>
  </testcase>
  <testcase name="testShouldFindMultipleElementsByPartialLinkTextContainingEqualsSign" classname="org.openqa.selenium.ElementFindingTest" time="0">
    <failure message="&#10;Expected: is not &quot;spirals-vortex.lille.inria.fr&quot;&#10;     but: was &quot;spirals-vortex.lille.inria.fr&quot;" type="java.lang.AssertionError">java.lang.AssertionError: 

Expected: is not "spirals-vortex.lille.inria.fr"
     but: was "spirals-vortex.lille.inria.fr"
</failure>
    <system-err><![CDATA[May 25, 2018 6:51:32 PM org.openqa.selenium.testing.JUnit4TestBase$TraceMethodNameRule starting
INFO: >>> Starting testShouldFindMultipleElementsByPartialLinkTextContainingEqualsSign(org.openqa.selenium.ElementFindingTest)
May 25, 2018 6:51:32 PM org.openqa.selenium.testing.JUnit4TestBase$TraceMethodNameRule finished
INFO: <<< Finished testShouldFindMultipleElementsByPartialLinkTextContainingEqualsSign(org.openqa.selenium.ElementFindingTest)
]]></system-err>
  </testcase>
  <testcase name="testAnElementFoundInADifferentFrameViaJsCanBeUsed" classname="org.openqa.selenium.ElementFindingTest" time="0">
    <failure message="&#10;Expected: is not &quot;spirals-vortex.lille.inria.fr&quot;&#10;     but: was &quot;spirals-vortex.lille.inria.fr&quot;" type="java.lang.AssertionError">java.lang.AssertionError: 

Expected: is not "spirals-vortex.lille.inria.fr"
     but: was "spirals-vortex.lille.inria.fr"
</failure>
    <system-err><![CDATA[May 25, 2018 6:51:32 PM org.openqa.selenium.testing.JUnit4TestBase$TraceMethodNameRule starting
INFO: >>> Starting testAnElementFoundInADifferentFrameViaJsCanBeUsed(org.openqa.selenium.ElementFindingTest)
May 25, 2018 6:51:32 PM org.openqa.selenium.testing.JUnit4TestBase$TraceMethodNameRule finished
INFO: <<< Finished testAnElementFoundInADifferentFrameViaJsCanBeUsed(org.openqa.selenium.ElementFindingTest)
]]></system-err>
  </testcase>
  <testcase name="testFindingMultipleElementsByCompoundClassNameShouldThrow" classname="org.openqa.selenium.ElementFindingTest" time="0">
    <failure message="&#10;Expected: is not &quot;spirals-vortex.lille.inria.fr&quot;&#10;     but: was &quot;spirals-vortex.lille.inria.fr&quot;" type="java.lang.AssertionError">java.lang.AssertionError: 

Expected: is not "spirals-vortex.lille.inria.fr"
     but: was "spirals-vortex.lille.inria.fr"
</failure>
    <system-err><![CDATA[May 25, 2018 6:51:32 PM org.openqa.selenium.testing.JUnit4TestBase$TraceMethodNameRule starting
INFO: >>> Starting testFindingMultipleElementsByCompoundClassNameShouldThrow(org.openqa.selenium.ElementFindingTest)
May 25, 2018 6:51:32 PM org.openqa.selenium.testing.JUnit4TestBase$TraceMethodNameRule finished
INFO: <<< Finished testFindingMultipleElementsByCompoundClassNameShouldThrow(org.openqa.selenium.ElementFindingTest)
]]></system-err>
  </testcase>
  <testcase name="testShouldThrowInvalidSelectorExceptionWhenXPathReturnsWrongTypeInDriverFindElement" classname="org.openqa.selenium.ElementFindingTest" time="0">
    <failure message="&#10;Expected: is not &quot;spirals-vortex.lille.inria.fr&quot;&#10;     but: was &quot;spirals-vortex.lille.inria.fr&quot;" type="java.lang.AssertionError">java.lang.AssertionError: 

Expected: is not "spirals-vortex.lille.inria.fr"
     but: was "spirals-vortex.lille.inria.fr"
</failure>
    <system-err><![CDATA[May 25, 2018 6:51:32 PM org.openqa.selenium.testing.JUnit4TestBase$TraceMethodNameRule starting
INFO: >>> Starting testShouldThrowInvalidSelectorExceptionWhenXPathReturnsWrongTypeInDriverFindElement(org.openqa.selenium.ElementFindingTest)
May 25, 2018 6:51:32 PM org.openqa.selenium.testing.JUnit4TestBase$TraceMethodNameRule finished
INFO: <<< Finished testShouldThrowInvalidSelectorExceptionWhenXPathReturnsWrongTypeInDriverFindElement(org.openqa.selenium.ElementFindingTest)
]]></system-err>
  </testcase>
  <testcase name="testFindingASingleElementByNameWithSpaceShouldThrow" classname="org.openqa.selenium.ElementFindingTest" time="0">
    <failure message="&#10;Expected: is not &quot;spirals-vortex.lille.inria.fr&quot;&#10;     but: was &quot;spirals-vortex.lille.inria.fr&quot;" type="java.lang.AssertionError">java.lang.AssertionError: 

Expected: is not "spirals-vortex.lille.inria.fr"
     but: was "spirals-vortex.lille.inria.fr"
</failure>
    <system-err><![CDATA[May 25, 2018 6:51:32 PM org.openqa.selenium.testing.JUnit4TestBase$TraceMethodNameRule starting
INFO: >>> Starting testFindingASingleElementByNameWithSpaceShouldThrow(org.openqa.selenium.ElementFindingTest)
May 25, 2018 6:51:32 PM org.openqa.selenium.testing.JUnit4TestBase$TraceMethodNameRule finished
INFO: <<< Finished testFindingASingleElementByNameWithSpaceShouldThrow(org.openqa.selenium.ElementFindingTest)
]]></system-err>
  </testcase>
  <testcase name="testDriverCanGetLinkByLinkTestIgnoringTrailingWhitespace" classname="org.openqa.selenium.ElementFindingTest" time="0">
    <failure message="&#10;Expected: is not &quot;spirals-vortex.lille.inria.fr&quot;&#10;     but: was &quot;spirals-vortex.lille.inria.fr&quot;" type="java.lang.AssertionError">java.lang.AssertionError: 

Expected: is not "spirals-vortex.lille.inria.fr"
     but: was "spirals-vortex.lille.inria.fr"
</failure>
    <system-err><![CDATA[May 25, 2018 6:51:32 PM org.openqa.selenium.testing.JUnit4TestBase$TraceMethodNameRule starting
INFO: >>> Starting testDriverCanGetLinkByLinkTestIgnoringTrailingWhitespace(org.openqa.selenium.ElementFindingTest)
May 25, 2018 6:51:32 PM org.openqa.selenium.testing.JUnit4TestBase$TraceMethodNameRule finished
INFO: <<< Finished testDriverCanGetLinkByLinkTestIgnoringTrailingWhitespace(org.openqa.selenium.ElementFindingTest)
]]></system-err>
  </testcase>
  <testcase name="findsByLinkTextOnXhtmlPage" classname="org.openqa.selenium.ElementFindingTest" time="0">
    <failure message="&#10;Expected: is not &quot;spirals-vortex.lille.inria.fr&quot;&#10;     but: was &quot;spirals-vortex.lille.inria.fr&quot;" type="java.lang.AssertionError">java.lang.AssertionError: 

Expected: is not "spirals-vortex.lille.inria.fr"
     but: was "spirals-vortex.lille.inria.fr"
</failure>
    <system-err><![CDATA[May 25, 2018 6:51:32 PM org.openqa.selenium.testing.JUnit4TestBase$TraceMethodNameRule starting
INFO: >>> Starting findsByLinkTextOnXhtmlPage(org.openqa.selenium.ElementFindingTest)
May 25, 2018 6:51:32 PM org.openqa.selenium.testing.JUnit4TestBase$TraceMethodNameRule finished
INFO: <<< Finished findsByLinkTextOnXhtmlPage(org.openqa.selenium.ElementFindingTest)
]]></system-err>
  </testcase>
  <testcase name="testShouldNotBeAbleToLocateByIdMultipleElementsThatDoNotExist" classname="org.openqa.selenium.ElementFindingTest" time="0">
    <failure message="&#10;Expected: is not &quot;spirals-vortex.lille.inria.fr&quot;&#10;     but: was &quot;spirals-vortex.lille.inria.fr&quot;" type="java.lang.AssertionError">java.lang.AssertionError: 

Expected: is not "spirals-vortex.lille.inria.fr"
     but: was "spirals-vortex.lille.inria.fr"
</failure>
    <system-err><![CDATA[May 25, 2018 6:51:32 PM org.openqa.selenium.testing.JUnit4TestBase$TraceMethodNameRule starting
INFO: >>> Starting testShouldNotBeAbleToLocateByIdMultipleElementsThatDoNotExist(org.openqa.selenium.ElementFindingTest)
May 25, 2018 6:51:32 PM org.openqa.selenium.testing.JUnit4TestBase$TraceMethodNameRule finished
INFO: <<< Finished testShouldNotBeAbleToLocateByIdMultipleElementsThatDoNotExist(org.openqa.selenium.ElementFindingTest)
]]></system-err>
  </testcase>
  <testcase name="testShouldBeAbleToFindAHiddenElementsByName" classname="org.openqa.selenium.ElementFindingTest" time="0.001">
    <failure message="&#10;Expected: is not &quot;spirals-vortex.lille.inria.fr&quot;&#10;     but: was &quot;spirals-vortex.lille.inria.fr&quot;" type="java.lang.AssertionError">java.lang.AssertionError: 

Expected: is not "spirals-vortex.lille.inria.fr"
     but: was "spirals-vortex.lille.inria.fr"
</failure>
    <system-err><![CDATA[May 25, 2018 6:51:32 PM org.openqa.selenium.testing.JUnit4TestBase$TraceMethodNameRule starting
INFO: >>> Starting testShouldBeAbleToFindAHiddenElementsByName(org.openqa.selenium.ElementFindingTest)
May 25, 2018 6:51:32 PM org.openqa.selenium.testing.JUnit4TestBase$TraceMethodNameRule finished
INFO: <<< Finished testShouldBeAbleToFindAHiddenElementsByName(org.openqa.selenium.ElementFindingTest)
]]></system-err>
  </testcase>
  <testcase name="testShouldNotBeAbleToLocateByTagNameASingleElementThatDoesNotExist" classname="org.openqa.selenium.ElementFindingTest" time="0">
    <failure message="&#10;Expected: is not &quot;spirals-vortex.lille.inria.fr&quot;&#10;     but: was &quot;spirals-vortex.lille.inria.fr&quot;" type="java.lang.AssertionError">java.lang.AssertionError: 

Expected: is not "spirals-vortex.lille.inria.fr"
     but: was "spirals-vortex.lille.inria.fr"
</failure>
    <system-err><![CDATA[May 25, 2018 6:51:32 PM org.openqa.selenium.testing.JUnit4TestBase$TraceMethodNameRule starting
INFO: >>> Starting testShouldNotBeAbleToLocateByTagNameASingleElementThatDoesNotExist(org.openqa.selenium.ElementFindingTest)
May 25, 2018 6:51:32 PM org.openqa.selenium.testing.JUnit4TestBase$TraceMethodNameRule finished
INFO: <<< Finished testShouldNotBeAbleToLocateByTagNameASingleElementThatDoesNotExist(org.openqa.selenium.ElementFindingTest)
]]></system-err>
  </testcase>
  <testcase name="testShouldFindElementByClassWhenItIsTheFirstNameAmongMany" classname="org.openqa.selenium.ElementFindingTest" time="0.001">
    <failure message="&#10;Expected: is not &quot;spirals-vortex.lille.inria.fr&quot;&#10;     but: was &quot;spirals-vortex.lille.inria.fr&quot;" type="java.lang.AssertionError">java.lang.AssertionError: 

Expected: is not "spirals-vortex.lille.inria.fr"
     but: was "spirals-vortex.lille.inria.fr"
</failure>
    <system-err><![CDATA[May 25, 2018 6:51:32 PM org.openqa.selenium.testing.JUnit4TestBase$TraceMethodNameRule starting
INFO: >>> Starting testShouldFindElementByClassWhenItIsTheFirstNameAmongMany(org.openqa.selenium.ElementFindingTest)
May 25, 2018 6:51:32 PM org.openqa.selenium.testing.JUnit4TestBase$TraceMethodNameRule finished
INFO: <<< Finished testShouldFindElementByClassWhenItIsTheFirstNameAmongMany(org.openqa.selenium.ElementFindingTest)
]]></system-err>
  </testcase>
  <testcase name="testShouldBeAbleToFindMultipleElementsById" classname="org.openqa.selenium.ElementFindingTest" time="0">
    <failure message="&#10;Expected: is not &quot;spirals-vortex.lille.inria.fr&quot;&#10;     but: was &quot;spirals-vortex.lille.inria.fr&quot;" type="java.lang.AssertionError">java.lang.AssertionError: 

Expected: is not "spirals-vortex.lille.inria.fr"
     but: was "spirals-vortex.lille.inria.fr"
</failure>
    <system-err><![CDATA[May 25, 2018 6:51:32 PM org.openqa.selenium.testing.JUnit4TestBase$TraceMethodNameRule starting
INFO: >>> Starting testShouldBeAbleToFindMultipleElementsById(org.openqa.selenium.ElementFindingTest)
May 25, 2018 6:51:32 PM org.openqa.selenium.testing.JUnit4TestBase$TraceMethodNameRule finished
INFO: <<< Finished testShouldBeAbleToFindMultipleElementsById(org.openqa.selenium.ElementFindingTest)
]]></system-err>
  </testcase>
  <testcase name="testFindingMultipleElementsByEmptyNameShouldReturnEmptyList" classname="org.openqa.selenium.ElementFindingTest" time="0">
    <failure message="&#10;Expected: is not &quot;spirals-vortex.lille.inria.fr&quot;&#10;     but: was &quot;spirals-vortex.lille.inria.fr&quot;" type="java.lang.AssertionError">java.lang.AssertionError: 

Expected: is not "spirals-vortex.lille.inria.fr"
     but: was "spirals-vortex.lille.inria.fr"
</failure>
    <system-err><![CDATA[May 25, 2018 6:51:32 PM org.openqa.selenium.testing.JUnit4TestBase$TraceMethodNameRule starting
INFO: >>> Starting testFindingMultipleElementsByEmptyNameShouldReturnEmptyList(org.openqa.selenium.ElementFindingTest)
May 25, 2018 6:51:32 PM org.openqa.selenium.testing.JUnit4TestBase$TraceMethodNameRule finished
INFO: <<< Finished testFindingMultipleElementsByEmptyNameShouldReturnEmptyList(org.openqa.selenium.ElementFindingTest)
]]></system-err>
  </testcase>
  <testcase name="testShouldThrowInvalidSelectorExceptionWhenXPathReturnsWrongTypeInDriverFindElements" classname="org.openqa.selenium.ElementFindingTest" time="0.001">
    <failure message="&#10;Expected: is not &quot;spirals-vortex.lille.inria.fr&quot;&#10;     but: was &quot;spirals-vortex.lille.inria.fr&quot;" type="java.lang.AssertionError">java.lang.AssertionError: 

Expected: is not "spirals-vortex.lille.inria.fr"
     but: was "spirals-vortex.lille.inria.fr"
</failure>
    <system-err><![CDATA[May 25, 2018 6:51:32 PM org.openqa.selenium.testing.JUnit4TestBase$TraceMethodNameRule starting
INFO: >>> Starting testShouldThrowInvalidSelectorExceptionWhenXPathReturnsWrongTypeInDriverFindElements(org.openqa.selenium.ElementFindingTest)
May 25, 2018 6:51:32 PM org.openqa.selenium.testing.JUnit4TestBase$TraceMethodNameRule finished
INFO: <<< Finished testShouldThrowInvalidSelectorExceptionWhenXPathReturnsWrongTypeInDriverFindElements(org.openqa.selenium.ElementFindingTest)
]]></system-err>
  </testcase>
  <testcase name="testShouldThrowAnExceptionWhenThereIsNoLinkToClick" classname="org.openqa.selenium.ElementFindingTest" time="0.002">
    <failure message="&#10;Expected: is not &quot;spirals-vortex.lille.inria.fr&quot;&#10;     but: was &quot;spirals-vortex.lille.inria.fr&quot;" type="java.lang.AssertionError">java.lang.AssertionError: 

Expected: is not "spirals-vortex.lille.inria.fr"
     but: was "spirals-vortex.lille.inria.fr"
</failure>
    <system-err><![CDATA[May 25, 2018 6:51:32 PM org.openqa.selenium.testing.JUnit4TestBase$TraceMethodNameRule starting
INFO: >>> Starting testShouldThrowAnExceptionWhenThereIsNoLinkToClick(org.openqa.selenium.ElementFindingTest)
May 25, 2018 6:51:32 PM org.openqa.selenium.testing.JUnit4TestBase$TraceMethodNameRule finished
INFO: <<< Finished testShouldThrowAnExceptionWhenThereIsNoLinkToClick(org.openqa.selenium.ElementFindingTest)
]]></system-err>
  </testcase>
  <testcase name="testFindingASingleElementByCompoundClassNameShouldThrow" classname="org.openqa.selenium.ElementFindingTest" time="0">
    <failure message="&#10;Expected: is not &quot;spirals-vortex.lille.inria.fr&quot;&#10;     but: was &quot;spirals-vortex.lille.inria.fr&quot;" type="java.lang.AssertionError">java.lang.AssertionError: 

Expected: is not "spirals-vortex.lille.inria.fr"
     but: was "spirals-vortex.lille.inria.fr"
</failure>
    <system-err><![CDATA[May 25, 2018 6:51:32 PM org.openqa.selenium.testing.JUnit4TestBase$TraceMethodNameRule starting
INFO: >>> Starting testFindingASingleElementByCompoundClassNameShouldThrow(org.openqa.selenium.ElementFindingTest)
May 25, 2018 6:51:32 PM org.openqa.selenium.testing.JUnit4TestBase$TraceMethodNameRule finished
INFO: <<< Finished testFindingASingleElementByCompoundClassNameShouldThrow(org.openqa.selenium.ElementFindingTest)
]]></system-err>
  </testcase>
  <testcase name="testWhenFindingByNameShouldNotReturnById" classname="org.openqa.selenium.ElementFindingTest" time="0.001">
    <failure message="&#10;Expected: is not &quot;spirals-vortex.lille.inria.fr&quot;&#10;     but: was &quot;spirals-vortex.lille.inria.fr&quot;" type="java.lang.AssertionError">java.lang.AssertionError: 

Expected: is not "spirals-vortex.lille.inria.fr"
     but: was "spirals-vortex.lille.inria.fr"
</failure>
    <system-err><![CDATA[May 25, 2018 6:51:32 PM org.openqa.selenium.testing.JUnit4TestBase$TraceMethodNameRule starting
INFO: >>> Starting testWhenFindingByNameShouldNotReturnById(org.openqa.selenium.ElementFindingTest)
May 25, 2018 6:51:32 PM org.openqa.selenium.testing.JUnit4TestBase$TraceMethodNameRule finished
INFO: <<< Finished testWhenFindingByNameShouldNotReturnById(org.openqa.selenium.ElementFindingTest)
]]></system-err>
  </testcase>
  <testcase name="testFindingALinkByXpathUsingContainsKeywordShouldWork" classname="org.openqa.selenium.ElementFindingTest" time="0">
    <failure message="&#10;Expected: is not &quot;spirals-vortex.lille.inria.fr&quot;&#10;     but: was &quot;spirals-vortex.lille.inria.fr&quot;" type="java.lang.AssertionError">java.lang.AssertionError: 

Expected: is not "spirals-vortex.lille.inria.fr"
     but: was "spirals-vortex.lille.inria.fr"
</failure>
    <system-err><![CDATA[May 25, 2018 6:51:32 PM org.openqa.selenium.testing.JUnit4TestBase$TraceMethodNameRule starting
INFO: >>> Starting testFindingALinkByXpathUsingContainsKeywordShouldWork(org.openqa.selenium.ElementFindingTest)
May 25, 2018 6:51:32 PM org.openqa.selenium.testing.JUnit4TestBase$TraceMethodNameRule finished
INFO: <<< Finished testFindingALinkByXpathUsingContainsKeywordShouldWork(org.openqa.selenium.ElementFindingTest)
]]></system-err>
  </testcase>
  <testcase name="testFindingASingleElementByInvalidClassNameShouldThrow" classname="org.openqa.selenium.ElementFindingTest" time="0">
    <failure message="&#10;Expected: is not &quot;spirals-vortex.lille.inria.fr&quot;&#10;     but: was &quot;spirals-vortex.lille.inria.fr&quot;" type="java.lang.AssertionError">java.lang.AssertionError: 

Expected: is not "spirals-vortex.lille.inria.fr"
     but: was "spirals-vortex.lille.inria.fr"
</failure>
    <system-err><![CDATA[May 25, 2018 6:51:32 PM org.openqa.selenium.testing.JUnit4TestBase$TraceMethodNameRule starting
INFO: >>> Starting testFindingASingleElementByInvalidClassNameShouldThrow(org.openqa.selenium.ElementFindingTest)
May 25, 2018 6:51:32 PM org.openqa.selenium.testing.JUnit4TestBase$TraceMethodNameRule finished
INFO: <<< Finished testFindingASingleElementByInvalidClassNameShouldThrow(org.openqa.selenium.ElementFindingTest)
]]></system-err>
  </testcase>
  <testcase name="testShouldFindElementByClassWhenItsNameIsSurroundedByWhitespace" classname="org.openqa.selenium.ElementFindingTest" time="0.001">
    <failure message="&#10;Expected: is not &quot;spirals-vortex.lille.inria.fr&quot;&#10;     but: was &quot;spirals-vortex.lille.inria.fr&quot;" type="java.lang.AssertionError">java.lang.AssertionError: 

Expected: is not "spirals-vortex.lille.inria.fr"
     but: was "spirals-vortex.lille.inria.fr"
</failure>
    <system-err><![CDATA[May 25, 2018 6:51:32 PM org.openqa.selenium.testing.JUnit4TestBase$TraceMethodNameRule starting
INFO: >>> Starting testShouldFindElementByClassWhenItsNameIsSurroundedByWhitespace(org.openqa.selenium.ElementFindingTest)
May 25, 2018 6:51:32 PM org.openqa.selenium.testing.JUnit4TestBase$TraceMethodNameRule finished
INFO: <<< Finished testShouldFindElementByClassWhenItsNameIsSurroundedByWhitespace(org.openqa.selenium.ElementFindingTest)
]]></system-err>
  </testcase>
  <testcase name="testShouldBeAbleToFindMultipleElementsByClassName" classname="org.openqa.selenium.ElementFindingTest" time="0.001">
    <failure message="&#10;Expected: is not &quot;spirals-vortex.lille.inria.fr&quot;&#10;     but: was &quot;spirals-vortex.lille.inria.fr&quot;" type="java.lang.AssertionError">java.lang.AssertionError: 

Expected: is not "spirals-vortex.lille.inria.fr"
     but: was "spirals-vortex.lille.inria.fr"
</failure>
    <system-err><![CDATA[May 25, 2018 6:51:32 PM org.openqa.selenium.testing.JUnit4TestBase$TraceMethodNameRule starting
INFO: >>> Starting testShouldBeAbleToFindMultipleElementsByClassName(org.openqa.selenium.ElementFindingTest)
May 25, 2018 6:51:32 PM org.openqa.selenium.testing.JUnit4TestBase$TraceMethodNameRule finished
INFO: <<< Finished testShouldBeAbleToFindMultipleElementsByClassName(org.openqa.selenium.ElementFindingTest)
]]></system-err>
  </testcase>
  <testcase name="testShouldThrowInvalidSelectorExceptionWhenXPathReturnsWrongTypeInElementFindElement" classname="org.openqa.selenium.ElementFindingTest" time="0">
    <failure message="&#10;Expected: is not &quot;spirals-vortex.lille.inria.fr&quot;&#10;     but: was &quot;spirals-vortex.lille.inria.fr&quot;" type="java.lang.AssertionError">java.lang.AssertionError: 

Expected: is not "spirals-vortex.lille.inria.fr"
     but: was "spirals-vortex.lille.inria.fr"
</failure>
    <system-err><![CDATA[May 25, 2018 6:51:32 PM org.openqa.selenium.testing.JUnit4TestBase$TraceMethodNameRule starting
INFO: >>> Starting testShouldThrowInvalidSelectorExceptionWhenXPathReturnsWrongTypeInElementFindElement(org.openqa.selenium.ElementFindingTest)
May 25, 2018 6:51:32 PM org.openqa.selenium.testing.JUnit4TestBase$TraceMethodNameRule finished
INFO: <<< Finished testShouldThrowInvalidSelectorExceptionWhenXPathReturnsWrongTypeInElementFindElement(org.openqa.selenium.ElementFindingTest)
]]></system-err>
  </testcase>
  <testcase name="testShouldThrowInvalidSelectorExceptionWhenXPathIsSyntacticallyInvalidInDriverFindElement" classname="org.openqa.selenium.ElementFindingTest" time="0.001">
    <failure message="&#10;Expected: is not &quot;spirals-vortex.lille.inria.fr&quot;&#10;     but: was &quot;spirals-vortex.lille.inria.fr&quot;" type="java.lang.AssertionError">java.lang.AssertionError: 

Expected: is not "spirals-vortex.lille.inria.fr"
     but: was "spirals-vortex.lille.inria.fr"
</failure>
    <system-err><![CDATA[May 25, 2018 6:51:32 PM org.openqa.selenium.testing.JUnit4TestBase$TraceMethodNameRule starting
INFO: >>> Starting testShouldThrowInvalidSelectorExceptionWhenXPathIsSyntacticallyInvalidInDriverFindElement(org.openqa.selenium.ElementFindingTest)
May 25, 2018 6:51:32 PM org.openqa.selenium.testing.JUnit4TestBase$TraceMethodNameRule finished
INFO: <<< Finished testShouldThrowInvalidSelectorExceptionWhenXPathIsSyntacticallyInvalidInDriverFindElement(org.openqa.selenium.ElementFindingTest)
]]></system-err>
  </testcase>
  <testcase name="testShouldFindElementByClassWhenItIsTheLastNameAmongMany" classname="org.openqa.selenium.ElementFindingTest" time="0">
    <failure message="&#10;Expected: is not &quot;spirals-vortex.lille.inria.fr&quot;&#10;     but: was &quot;spirals-vortex.lille.inria.fr&quot;" type="java.lang.AssertionError">java.lang.AssertionError: 

Expected: is not "spirals-vortex.lille.inria.fr"
     but: was "spirals-vortex.lille.inria.fr"
</failure>
    <system-err><![CDATA[May 25, 2018 6:51:32 PM org.openqa.selenium.testing.JUnit4TestBase$TraceMethodNameRule starting
INFO: >>> Starting testShouldFindElementByClassWhenItIsTheLastNameAmongMany(org.openqa.selenium.ElementFindingTest)
May 25, 2018 6:51:32 PM org.openqa.selenium.testing.JUnit4TestBase$TraceMethodNameRule finished
INFO: <<< Finished testShouldFindElementByClassWhenItIsTheLastNameAmongMany(org.openqa.selenium.ElementFindingTest)
]]></system-err>
  </testcase>
  <testcase name="testShouldNotFindElementByCssSelectorWhenThereIsNoSuchElement" classname="org.openqa.selenium.ElementFindingTest" time="0">
    <failure message="&#10;Expected: is not &quot;spirals-vortex.lille.inria.fr&quot;&#10;     but: was &quot;spirals-vortex.lille.inria.fr&quot;" type="java.lang.AssertionError">java.lang.AssertionError: 

Expected: is not "spirals-vortex.lille.inria.fr"
     but: was "spirals-vortex.lille.inria.fr"
</failure>
    <system-err><![CDATA[May 25, 2018 6:51:32 PM org.openqa.selenium.testing.JUnit4TestBase$TraceMethodNameRule starting
INFO: >>> Starting testShouldNotFindElementByCssSelectorWhenThereIsNoSuchElement(org.openqa.selenium.ElementFindingTest)
May 25, 2018 6:51:32 PM org.openqa.selenium.testing.JUnit4TestBase$TraceMethodNameRule finished
INFO: <<< Finished testShouldNotFindElementByCssSelectorWhenThereIsNoSuchElement(org.openqa.selenium.ElementFindingTest)
]]></system-err>
  </testcase>
  <testcase name="testShouldBeAbleToFindASingleElementByName" classname="org.openqa.selenium.ElementFindingTest" time="0.001">
    <failure message="&#10;Expected: is not &quot;spirals-vortex.lille.inria.fr&quot;&#10;     but: was &quot;spirals-vortex.lille.inria.fr&quot;" type="java.lang.AssertionError">java.lang.AssertionError: 

Expected: is not "spirals-vortex.lille.inria.fr"
     but: was "spirals-vortex.lille.inria.fr"
</failure>
    <system-err><![CDATA[May 25, 2018 6:51:32 PM org.openqa.selenium.testing.JUnit4TestBase$TraceMethodNameRule starting
INFO: >>> Starting testShouldBeAbleToFindASingleElementByName(org.openqa.selenium.ElementFindingTest)
May 25, 2018 6:51:32 PM org.openqa.selenium.testing.JUnit4TestBase$TraceMethodNameRule finished
INFO: <<< Finished testShouldBeAbleToFindASingleElementByName(org.openqa.selenium.ElementFindingTest)
]]></system-err>
  </testcase>
  <testcase name="testShouldBeAbleToFindMultipleElementsByCssSelector" classname="org.openqa.selenium.ElementFindingTest" time="0">
    <failure message="&#10;Expected: is not &quot;spirals-vortex.lille.inria.fr&quot;&#10;     but: was &quot;spirals-vortex.lille.inria.fr&quot;" type="java.lang.AssertionError">java.lang.AssertionError: 

Expected: is not "spirals-vortex.lille.inria.fr"
     but: was "spirals-vortex.lille.inria.fr"
</failure>
    <system-err><![CDATA[May 25, 2018 6:51:32 PM org.openqa.selenium.testing.JUnit4TestBase$TraceMethodNameRule starting
INFO: >>> Starting testShouldBeAbleToFindMultipleElementsByCssSelector(org.openqa.selenium.ElementFindingTest)
May 25, 2018 6:51:32 PM org.openqa.selenium.testing.JUnit4TestBase$TraceMethodNameRule finished
INFO: <<< Finished testShouldBeAbleToFindMultipleElementsByCssSelector(org.openqa.selenium.ElementFindingTest)
]]></system-err>
  </testcase>
  <testcase name="testShouldBeAbleToFindMultipleElementsByIdWithNonAlphanumericCharacters" classname="org.openqa.selenium.ElementFindingTest" time="0">
    <failure message="&#10;Expected: is not &quot;spirals-vortex.lille.inria.fr&quot;&#10;     but: was &quot;spirals-vortex.lille.inria.fr&quot;" type="java.lang.AssertionError">java.lang.AssertionError: 

Expected: is not "spirals-vortex.lille.inria.fr"
     but: was "spirals-vortex.lille.inria.fr"
</failure>
    <system-err><![CDATA[May 25, 2018 6:51:32 PM org.openqa.selenium.testing.JUnit4TestBase$TraceMethodNameRule starting
INFO: >>> Starting testShouldBeAbleToFindMultipleElementsByIdWithNonAlphanumericCharacters(org.openqa.selenium.ElementFindingTest)
May 25, 2018 6:51:32 PM org.openqa.selenium.testing.JUnit4TestBase$TraceMethodNameRule finished
INFO: <<< Finished testShouldBeAbleToFindMultipleElementsByIdWithNonAlphanumericCharacters(org.openqa.selenium.ElementFindingTest)
]]></system-err>
  </testcase>
  <testcase name="testShouldNotBeAbleToLocateByNameASingleElementThatDoesNotExist" classname="org.openqa.selenium.ElementFindingTest" time="0.001">
    <failure message="&#10;Expected: is not &quot;spirals-vortex.lille.inria.fr&quot;&#10;     but: was &quot;spirals-vortex.lille.inria.fr&quot;" type="java.lang.AssertionError">java.lang.AssertionError: 

Expected: is not "spirals-vortex.lille.inria.fr"
     but: was "spirals-vortex.lille.inria.fr"
</failure>
    <system-err><![CDATA[May 25, 2018 6:51:32 PM org.openqa.selenium.testing.JUnit4TestBase$TraceMethodNameRule starting
INFO: >>> Starting testShouldNotBeAbleToLocateByNameASingleElementThatDoesNotExist(org.openqa.selenium.ElementFindingTest)
May 25, 2018 6:51:32 PM org.openqa.selenium.testing.JUnit4TestBase$TraceMethodNameRule finished
INFO: <<< Finished testShouldNotBeAbleToLocateByNameASingleElementThatDoesNotExist(org.openqa.selenium.ElementFindingTest)
]]></system-err>
  </testcase>
  <testcase name="testShouldNotBeAbleToLocateASingleElementOnABlankPage" classname="org.openqa.selenium.ElementFindingTest" time="0.006">
    <failure message="&#10;Expected: is not &quot;spirals-vortex.lille.inria.fr&quot;&#10;     but: was &quot;spirals-vortex.lille.inria.fr&quot;" type="java.lang.AssertionError">java.lang.AssertionError: 

Expected: is not "spirals-vortex.lille.inria.fr"
     but: was "spirals-vortex.lille.inria.fr"
</failure>
    <system-out><![CDATA[Restarting driver before test testShouldNotBeAbleToLocateASingleElementOnABlankPage(org.openqa.selenium.ElementFindingTest)
]]></system-out>
    <system-err><![CDATA[May 25, 2018 6:51:32 PM org.openqa.selenium.testing.JUnit4TestBase$TraceMethodNameRule starting
INFO: >>> Starting testShouldNotBeAbleToLocateASingleElementOnABlankPage(org.openqa.selenium.ElementFindingTest)
May 25, 2018 6:51:32 PM org.openqa.selenium.testing.JUnit4TestBase$TraceMethodNameRule finished
INFO: <<< Finished testShouldNotBeAbleToLocateASingleElementOnABlankPage(org.openqa.selenium.ElementFindingTest)
]]></system-err>
  </testcase>
  <testcase name="testShouldBeAbleToFindAnElementByBooleanAttributeUsingShortCssSelector" classname="org.openqa.selenium.ElementFindingTest" time="0.001">
    <failure message="&#10;Expected: is not &quot;spirals-vortex.lille.inria.fr&quot;&#10;     but: was &quot;spirals-vortex.lille.inria.fr&quot;" type="java.lang.AssertionError">java.lang.AssertionError: 

Expected: is not "spirals-vortex.lille.inria.fr"
     but: was "spirals-vortex.lille.inria.fr"
</failure>
    <system-err><![CDATA[May 25, 2018 6:51:32 PM org.openqa.selenium.testing.JUnit4TestBase$TraceMethodNameRule starting
INFO: >>> Starting testShouldBeAbleToFindAnElementByBooleanAttributeUsingShortCssSelector(org.openqa.selenium.ElementFindingTest)
May 25, 2018 6:51:32 PM org.openqa.selenium.testing.JUnit4TestBase$TraceMethodNameRule finished
INFO: <<< Finished testShouldBeAbleToFindAnElementByBooleanAttributeUsingShortCssSelector(org.openqa.selenium.ElementFindingTest)
]]></system-err>
  </testcase>
  <testcase name="testShouldFindMultipleElementsByLinkTextContainingEqualsSign" classname="org.openqa.selenium.ElementFindingTest" time="0">
    <failure message="&#10;Expected: is not &quot;spirals-vortex.lille.inria.fr&quot;&#10;     but: was &quot;spirals-vortex.lille.inria.fr&quot;" type="java.lang.AssertionError">java.lang.AssertionError: 

Expected: is not "spirals-vortex.lille.inria.fr"
     but: was "spirals-vortex.lille.inria.fr"
</failure>
    <system-err><![CDATA[May 25, 2018 6:51:32 PM org.openqa.selenium.testing.JUnit4TestBase$TraceMethodNameRule starting
INFO: >>> Starting testShouldFindMultipleElementsByLinkTextContainingEqualsSign(org.openqa.selenium.ElementFindingTest)
May 25, 2018 6:51:32 PM org.openqa.selenium.testing.JUnit4TestBase$TraceMethodNameRule finished
INFO: <<< Finished testShouldFindMultipleElementsByLinkTextContainingEqualsSign(org.openqa.selenium.ElementFindingTest)
]]></system-err>
  </testcase>
  <testcase name="testFindingASingleElementByTagNameWithSpaceShouldThrow" classname="org.openqa.selenium.ElementFindingTest" time="0">
    <failure message="&#10;Expected: is not &quot;spirals-vortex.lille.inria.fr&quot;&#10;     but: was &quot;spirals-vortex.lille.inria.fr&quot;" type="java.lang.AssertionError">java.lang.AssertionError: 

Expected: is not "spirals-vortex.lille.inria.fr"
     but: was "spirals-vortex.lille.inria.fr"
</failure>
    <system-err><![CDATA[May 25, 2018 6:51:32 PM org.openqa.selenium.testing.JUnit4TestBase$TraceMethodNameRule starting
INFO: >>> Starting testFindingASingleElementByTagNameWithSpaceShouldThrow(org.openqa.selenium.ElementFindingTest)
May 25, 2018 6:51:32 PM org.openqa.selenium.testing.JUnit4TestBase$TraceMethodNameRule finished
INFO: <<< Finished testFindingASingleElementByTagNameWithSpaceShouldThrow(org.openqa.selenium.ElementFindingTest)
]]></system-err>
  </testcase>
  <testcase name="testShouldBeAbleToFindASingleElementById" classname="org.openqa.selenium.ElementFindingTest" time="0.001">
    <failure message="&#10;Expected: is not &quot;spirals-vortex.lille.inria.fr&quot;&#10;     but: was &quot;spirals-vortex.lille.inria.fr&quot;" type="java.lang.AssertionError">java.lang.AssertionError: 

Expected: is not "spirals-vortex.lille.inria.fr"
     but: was "spirals-vortex.lille.inria.fr"
</failure>
    <system-err><![CDATA[May 25, 2018 6:51:32 PM org.openqa.selenium.testing.JUnit4TestBase$TraceMethodNameRule starting
INFO: >>> Starting testShouldBeAbleToFindASingleElementById(org.openqa.selenium.ElementFindingTest)
May 25, 2018 6:51:32 PM org.openqa.selenium.testing.JUnit4TestBase$TraceMethodNameRule finished
INFO: <<< Finished testShouldBeAbleToFindASingleElementById(org.openqa.selenium.ElementFindingTest)
]]></system-err>
  </testcase>
  <testcase name="testShouldNotBeAbleToLocateByLinkTextASingleElementThatDoesNotExist" classname="org.openqa.selenium.ElementFindingTest" time="0">
    <failure message="&#10;Expected: is not &quot;spirals-vortex.lille.inria.fr&quot;&#10;     but: was &quot;spirals-vortex.lille.inria.fr&quot;" type="java.lang.AssertionError">java.lang.AssertionError: 

Expected: is not "spirals-vortex.lille.inria.fr"
     but: was "spirals-vortex.lille.inria.fr"
</failure>
    <system-err><![CDATA[May 25, 2018 6:51:32 PM org.openqa.selenium.testing.JUnit4TestBase$TraceMethodNameRule starting
INFO: >>> Starting testShouldNotBeAbleToLocateByLinkTextASingleElementThatDoesNotExist(org.openqa.selenium.ElementFindingTest)
May 25, 2018 6:51:32 PM org.openqa.selenium.testing.JUnit4TestBase$TraceMethodNameRule finished
INFO: <<< Finished testShouldNotBeAbleToLocateByLinkTextASingleElementThatDoesNotExist(org.openqa.selenium.ElementFindingTest)
]]></system-err>
  </testcase>
  <testcase name="testShouldNotFindElementByClassWhenTheNameQueriedIsShorterThanCandidateName" classname="org.openqa.selenium.ElementFindingTest" time="0.001">
    <failure message="&#10;Expected: is not &quot;spirals-vortex.lille.inria.fr&quot;&#10;     but: was &quot;spirals-vortex.lille.inria.fr&quot;" type="java.lang.AssertionError">java.lang.AssertionError: 

Expected: is not "spirals-vortex.lille.inria.fr"
     but: was "spirals-vortex.lille.inria.fr"
</failure>
    <system-err><![CDATA[May 25, 2018 6:51:32 PM org.openqa.selenium.testing.JUnit4TestBase$TraceMethodNameRule starting
INFO: >>> Starting testShouldNotFindElementByClassWhenTheNameQueriedIsShorterThanCandidateName(org.openqa.selenium.ElementFindingTest)
May 25, 2018 6:51:32 PM org.openqa.selenium.testing.JUnit4TestBase$TraceMethodNameRule finished
INFO: <<< Finished testShouldNotFindElementByClassWhenTheNameQueriedIsShorterThanCandidateName(org.openqa.selenium.ElementFindingTest)
]]></system-err>
  </testcase>
  <testcase name="testFindingMultipleElementsByIdWithSpaceShouldReturnEmptyList" classname="org.openqa.selenium.ElementFindingTest" time="0">
    <failure message="&#10;Expected: is not &quot;spirals-vortex.lille.inria.fr&quot;&#10;     but: was &quot;spirals-vortex.lille.inria.fr&quot;" type="java.lang.AssertionError">java.lang.AssertionError: 

Expected: is not "spirals-vortex.lille.inria.fr"
     but: was "spirals-vortex.lille.inria.fr"
</failure>
    <system-err><![CDATA[May 25, 2018 6:51:32 PM org.openqa.selenium.testing.JUnit4TestBase$TraceMethodNameRule starting
INFO: >>> Starting testFindingMultipleElementsByIdWithSpaceShouldReturnEmptyList(org.openqa.selenium.ElementFindingTest)
May 25, 2018 6:51:32 PM org.openqa.selenium.testing.JUnit4TestBase$TraceMethodNameRule finished
INFO: <<< Finished testFindingMultipleElementsByIdWithSpaceShouldReturnEmptyList(org.openqa.selenium.ElementFindingTest)
]]></system-err>
  </testcase>
  <testcase name="testShouldFindElementByClassWhenItIsInTheMiddleAmongMany" classname="org.openqa.selenium.ElementFindingTest" time="0.001">
    <failure message="&#10;Expected: is not &quot;spirals-vortex.lille.inria.fr&quot;&#10;     but: was &quot;spirals-vortex.lille.inria.fr&quot;" type="java.lang.AssertionError">java.lang.AssertionError: 

Expected: is not "spirals-vortex.lille.inria.fr"
     but: was "spirals-vortex.lille.inria.fr"
</failure>
    <system-err><![CDATA[May 25, 2018 6:51:32 PM org.openqa.selenium.testing.JUnit4TestBase$TraceMethodNameRule starting
INFO: >>> Starting testShouldFindElementByClassWhenItIsInTheMiddleAmongMany(org.openqa.selenium.ElementFindingTest)
May 25, 2018 6:51:32 PM org.openqa.selenium.testing.JUnit4TestBase$TraceMethodNameRule finished
INFO: <<< Finished testShouldFindElementByClassWhenItIsInTheMiddleAmongMany(org.openqa.selenium.ElementFindingTest)
]]></system-err>
  </testcase>
  <testcase name="testShouldBeAbleToFindManyElementsRepeatedlyByXPath" classname="org.openqa.selenium.ElementFindingTest" time="0">
    <failure message="&#10;Expected: is not &quot;spirals-vortex.lille.inria.fr&quot;&#10;     but: was &quot;spirals-vortex.lille.inria.fr&quot;" type="java.lang.AssertionError">java.lang.AssertionError: 

Expected: is not "spirals-vortex.lille.inria.fr"
     but: was "spirals-vortex.lille.inria.fr"
</failure>
    <system-err><![CDATA[May 25, 2018 6:51:32 PM org.openqa.selenium.testing.JUnit4TestBase$TraceMethodNameRule starting
INFO: >>> Starting testShouldBeAbleToFindManyElementsRepeatedlyByXPath(org.openqa.selenium.ElementFindingTest)
May 25, 2018 6:51:32 PM org.openqa.selenium.testing.JUnit4TestBase$TraceMethodNameRule finished
INFO: <<< Finished testShouldBeAbleToFindManyElementsRepeatedlyByXPath(org.openqa.selenium.ElementFindingTest)
]]></system-err>
  </testcase>
  <testcase name="testFindingMultipleElementsByEmptyTagNameShouldThrow" classname="org.openqa.selenium.ElementFindingTest" time="0">
    <failure message="&#10;Expected: is not &quot;spirals-vortex.lille.inria.fr&quot;&#10;     but: was &quot;spirals-vortex.lille.inria.fr&quot;" type="java.lang.AssertionError">java.lang.AssertionError: 

Expected: is not "spirals-vortex.lille.inria.fr"
     but: was "spirals-vortex.lille.inria.fr"
</failure>
    <system-err><![CDATA[May 25, 2018 6:51:32 PM org.openqa.selenium.testing.JUnit4TestBase$TraceMethodNameRule starting
INFO: >>> Starting testFindingMultipleElementsByEmptyTagNameShouldThrow(org.openqa.selenium.ElementFindingTest)
May 25, 2018 6:51:32 PM org.openqa.selenium.testing.JUnit4TestBase$TraceMethodNameRule finished
INFO: <<< Finished testFindingMultipleElementsByEmptyTagNameShouldThrow(org.openqa.selenium.ElementFindingTest)
]]></system-err>
  </testcase>
  <testcase name="testFindingMultipleElementsByEmptyCssSelectorShouldThrow" classname="org.openqa.selenium.ElementFindingTest" time="0.001">
    <failure message="&#10;Expected: is not &quot;spirals-vortex.lille.inria.fr&quot;&#10;     but: was &quot;spirals-vortex.lille.inria.fr&quot;" type="java.lang.AssertionError">java.lang.AssertionError: 

Expected: is not "spirals-vortex.lille.inria.fr"
     but: was "spirals-vortex.lille.inria.fr"
</failure>
    <system-err><![CDATA[May 25, 2018 6:51:32 PM org.openqa.selenium.testing.JUnit4TestBase$TraceMethodNameRule starting
INFO: >>> Starting testFindingMultipleElementsByEmptyCssSelectorShouldThrow(org.openqa.selenium.ElementFindingTest)
May 25, 2018 6:51:32 PM org.openqa.selenium.testing.JUnit4TestBase$TraceMethodNameRule finished
INFO: <<< Finished testFindingMultipleElementsByEmptyCssSelectorShouldThrow(org.openqa.selenium.ElementFindingTest)
]]></system-err>
  </testcase>
  <testcase name="testFindingMultipleElementsByInvalidCssSelectorShouldThrow" classname="org.openqa.selenium.ElementFindingTest" time="0">
    <failure message="&#10;Expected: is not &quot;spirals-vortex.lille.inria.fr&quot;&#10;     but: was &quot;spirals-vortex.lille.inria.fr&quot;" type="java.lang.AssertionError">java.lang.AssertionError: 

Expected: is not "spirals-vortex.lille.inria.fr"
     but: was "spirals-vortex.lille.inria.fr"
</failure>
    <system-err><![CDATA[May 25, 2018 6:51:32 PM org.openqa.selenium.testing.JUnit4TestBase$TraceMethodNameRule starting
INFO: >>> Starting testFindingMultipleElementsByInvalidCssSelectorShouldThrow(org.openqa.selenium.ElementFindingTest)
May 25, 2018 6:51:32 PM org.openqa.selenium.testing.JUnit4TestBase$TraceMethodNameRule finished
INFO: <<< Finished testFindingMultipleElementsByInvalidCssSelectorShouldThrow(org.openqa.selenium.ElementFindingTest)
]]></system-err>
  </testcase>
  <testcase name="testShouldBeAbleToFindAnElementByXPathWithMultipleAttributes" classname="org.openqa.selenium.ElementFindingTest" time="0">
    <failure message="&#10;Expected: is not &quot;spirals-vortex.lille.inria.fr&quot;&#10;     but: was &quot;spirals-vortex.lille.inria.fr&quot;" type="java.lang.AssertionError">java.lang.AssertionError: 

Expected: is not "spirals-vortex.lille.inria.fr"
     but: was "spirals-vortex.lille.inria.fr"
</failure>
    <system-err><![CDATA[May 25, 2018 6:51:32 PM org.openqa.selenium.testing.JUnit4TestBase$TraceMethodNameRule starting
INFO: >>> Starting testShouldBeAbleToFindAnElementByXPathWithMultipleAttributes(org.openqa.selenium.ElementFindingTest)
May 25, 2018 6:51:32 PM org.openqa.selenium.testing.JUnit4TestBase$TraceMethodNameRule finished
INFO: <<< Finished testShouldBeAbleToFindAnElementByXPathWithMultipleAttributes(org.openqa.selenium.ElementFindingTest)
]]></system-err>
  </testcase>
  <testcase name="testShouldBeAbleToFindElementByXPathWithNamespace" classname="org.openqa.selenium.ElementFindingTest" time="0.001">
    <failure message="&#10;Expected: is not &quot;spirals-vortex.lille.inria.fr&quot;&#10;     but: was &quot;spirals-vortex.lille.inria.fr&quot;" type="java.lang.AssertionError">java.lang.AssertionError: 

Expected: is not "spirals-vortex.lille.inria.fr"
     but: was "spirals-vortex.lille.inria.fr"
</failure>
    <system-err><![CDATA[May 25, 2018 6:51:32 PM org.openqa.selenium.testing.JUnit4TestBase$TraceMethodNameRule starting
INFO: >>> Starting testShouldBeAbleToFindElementByXPathWithNamespace(org.openqa.selenium.ElementFindingTest)
May 25, 2018 6:51:32 PM org.openqa.selenium.testing.JUnit4TestBase$TraceMethodNameRule finished
INFO: <<< Finished testShouldBeAbleToFindElementByXPathWithNamespace(org.openqa.selenium.ElementFindingTest)
]]></system-err>
  </testcase>
  <testcase name="testFindingMultipleElementsByEmptyIdShouldReturnEmptyList" classname="org.openqa.selenium.ElementFindingTest" time="0">
    <failure message="&#10;Expected: is not &quot;spirals-vortex.lille.inria.fr&quot;&#10;     but: was &quot;spirals-vortex.lille.inria.fr&quot;" type="java.lang.AssertionError">java.lang.AssertionError: 

Expected: is not "spirals-vortex.lille.inria.fr"
     but: was "spirals-vortex.lille.inria.fr"
</failure>
    <system-err><![CDATA[May 25, 2018 6:51:32 PM org.openqa.selenium.testing.JUnit4TestBase$TraceMethodNameRule starting
INFO: >>> Starting testFindingMultipleElementsByEmptyIdShouldReturnEmptyList(org.openqa.selenium.ElementFindingTest)
May 25, 2018 6:51:32 PM org.openqa.selenium.testing.JUnit4TestBase$TraceMethodNameRule finished
INFO: <<< Finished testFindingMultipleElementsByEmptyIdShouldReturnEmptyList(org.openqa.selenium.ElementFindingTest)
]]></system-err>
  </testcase>
  <testcase name="testShouldBeAbleToFindASingleElementByIdWithNonAlphanumericCharacters" classname="org.openqa.selenium.ElementFindingTest" time="0">
    <failure message="&#10;Expected: is not &quot;spirals-vortex.lille.inria.fr&quot;&#10;     but: was &quot;spirals-vortex.lille.inria.fr&quot;" type="java.lang.AssertionError">java.lang.AssertionError: 

Expected: is not "spirals-vortex.lille.inria.fr"
     but: was "spirals-vortex.lille.inria.fr"
</failure>
    <system-err><![CDATA[May 25, 2018 6:51:32 PM org.openqa.selenium.testing.JUnit4TestBase$TraceMethodNameRule starting
INFO: >>> Starting testShouldBeAbleToFindASingleElementByIdWithNonAlphanumericCharacters(org.openqa.selenium.ElementFindingTest)
May 25, 2018 6:51:32 PM org.openqa.selenium.testing.JUnit4TestBase$TraceMethodNameRule finished
INFO: <<< Finished testShouldBeAbleToFindASingleElementByIdWithNonAlphanumericCharacters(org.openqa.selenium.ElementFindingTest)
]]></system-err>
  </testcase>
  <testcase name="testShouldThrowInvalidSelectorExceptionWhenXPathReturnsWrongTypeInElementFindElements" classname="org.openqa.selenium.ElementFindingTest" time="0.001">
    <failure message="&#10;Expected: is not &quot;spirals-vortex.lille.inria.fr&quot;&#10;     but: was &quot;spirals-vortex.lille.inria.fr&quot;" type="java.lang.AssertionError">java.lang.AssertionError: 

Expected: is not "spirals-vortex.lille.inria.fr"
     but: was "spirals-vortex.lille.inria.fr"
</failure>
    <system-err><![CDATA[May 25, 2018 6:51:32 PM org.openqa.selenium.testing.JUnit4TestBase$TraceMethodNameRule starting
INFO: >>> Starting testShouldThrowInvalidSelectorExceptionWhenXPathReturnsWrongTypeInElementFindElements(org.openqa.selenium.ElementFindingTest)
May 25, 2018 6:51:32 PM org.openqa.selenium.testing.JUnit4TestBase$TraceMethodNameRule finished
INFO: <<< Finished testShouldThrowInvalidSelectorExceptionWhenXPathReturnsWrongTypeInElementFindElements(org.openqa.selenium.ElementFindingTest)
]]></system-err>
  </testcase>
  <testcase name="testDriverShouldBeAbleToFindElementsAfterLoadingMoreThanOnePageAtATime" classname="org.openqa.selenium.ElementFindingTest" time="0">
    <failure message="&#10;Expected: is not &quot;spirals-vortex.lille.inria.fr&quot;&#10;     but: was &quot;spirals-vortex.lille.inria.fr&quot;" type="java.lang.AssertionError">java.lang.AssertionError: 

Expected: is not "spirals-vortex.lille.inria.fr"
     but: was "spirals-vortex.lille.inria.fr"
</failure>
    <system-err><![CDATA[May 25, 2018 6:51:32 PM org.openqa.selenium.testing.JUnit4TestBase$TraceMethodNameRule starting
INFO: >>> Starting testDriverShouldBeAbleToFindElementsAfterLoadingMoreThanOnePageAtATime(org.openqa.selenium.ElementFindingTest)
May 25, 2018 6:51:32 PM org.openqa.selenium.testing.JUnit4TestBase$TraceMethodNameRule finished
INFO: <<< Finished testDriverShouldBeAbleToFindElementsAfterLoadingMoreThanOnePageAtATime(org.openqa.selenium.ElementFindingTest)
]]></system-err>
  </testcase>
  <testcase name="testShouldNotBeAbleToLocateByIdASingleElementThatDoesNotExist" classname="org.openqa.selenium.ElementFindingTest" time="0">
    <failure message="&#10;Expected: is not &quot;spirals-vortex.lille.inria.fr&quot;&#10;     but: was &quot;spirals-vortex.lille.inria.fr&quot;" type="java.lang.AssertionError">java.lang.AssertionError: 

Expected: is not "spirals-vortex.lille.inria.fr"
     but: was "spirals-vortex.lille.inria.fr"
</failure>
    <system-err><![CDATA[May 25, 2018 6:51:32 PM org.openqa.selenium.testing.JUnit4TestBase$TraceMethodNameRule starting
INFO: >>> Starting testShouldNotBeAbleToLocateByIdASingleElementThatDoesNotExist(org.openqa.selenium.ElementFindingTest)
May 25, 2018 6:51:32 PM org.openqa.selenium.testing.JUnit4TestBase$TraceMethodNameRule finished
INFO: <<< Finished testShouldNotBeAbleToLocateByIdASingleElementThatDoesNotExist(org.openqa.selenium.ElementFindingTest)
]]></system-err>
  </testcase>
  <testcase name="testShouldBeAbleToFindASingleElementByTagName" classname="org.openqa.selenium.ElementFindingTest" time="0">
    <failure message="&#10;Expected: is not &quot;spirals-vortex.lille.inria.fr&quot;&#10;     but: was &quot;spirals-vortex.lille.inria.fr&quot;" type="java.lang.AssertionError">java.lang.AssertionError: 

Expected: is not "spirals-vortex.lille.inria.fr"
     but: was "spirals-vortex.lille.inria.fr"
</failure>
    <system-err><![CDATA[May 25, 2018 6:51:32 PM org.openqa.selenium.testing.JUnit4TestBase$TraceMethodNameRule starting
INFO: >>> Starting testShouldBeAbleToFindASingleElementByTagName(org.openqa.selenium.ElementFindingTest)
May 25, 2018 6:51:32 PM org.openqa.selenium.testing.JUnit4TestBase$TraceMethodNameRule finished
INFO: <<< Finished testShouldBeAbleToFindASingleElementByTagName(org.openqa.selenium.ElementFindingTest)
]]></system-err>
  </testcase>
  <testcase name="testShouldFindElementByPartialLinkTextContainingEqualsSign" classname="org.openqa.selenium.ElementFindingTest" time="0">
    <failure message="&#10;Expected: is not &quot;spirals-vortex.lille.inria.fr&quot;&#10;     but: was &quot;spirals-vortex.lille.inria.fr&quot;" type="java.lang.AssertionError">java.lang.AssertionError: 

Expected: is not "spirals-vortex.lille.inria.fr"
     but: was "spirals-vortex.lille.inria.fr"
</failure>
    <system-err><![CDATA[May 25, 2018 6:51:32 PM org.openqa.selenium.testing.JUnit4TestBase$TraceMethodNameRule starting
INFO: >>> Starting testShouldFindElementByPartialLinkTextContainingEqualsSign(org.openqa.selenium.ElementFindingTest)
May 25, 2018 6:51:32 PM org.openqa.selenium.testing.JUnit4TestBase$TraceMethodNameRule finished
INFO: <<< Finished testShouldFindElementByPartialLinkTextContainingEqualsSign(org.openqa.selenium.ElementFindingTest)
]]></system-err>
  </testcase>
  <testcase name="testShouldBeAbleToFindMultipleLinksByText" classname="org.openqa.selenium.ElementFindingTest" time="0.001">
    <failure message="&#10;Expected: is not &quot;spirals-vortex.lille.inria.fr&quot;&#10;     but: was &quot;spirals-vortex.lille.inria.fr&quot;" type="java.lang.AssertionError">java.lang.AssertionError: 

Expected: is not "spirals-vortex.lille.inria.fr"
     but: was "spirals-vortex.lille.inria.fr"
</failure>
    <system-err><![CDATA[May 25, 2018 6:51:32 PM org.openqa.selenium.testing.JUnit4TestBase$TraceMethodNameRule starting
INFO: >>> Starting testShouldBeAbleToFindMultipleLinksByText(org.openqa.selenium.ElementFindingTest)
May 25, 2018 6:51:32 PM org.openqa.selenium.testing.JUnit4TestBase$TraceMethodNameRule finished
INFO: <<< Finished testShouldBeAbleToFindMultipleLinksByText(org.openqa.selenium.ElementFindingTest)
]]></system-err>
  </testcase>
  <testcase name="testShouldThrowInvalidSelectorExceptionWhenXPathIsSyntacticallyInvalidInDriverFindElements" classname="org.openqa.selenium.ElementFindingTest" time="0">
    <failure message="&#10;Expected: is not &quot;spirals-vortex.lille.inria.fr&quot;&#10;     but: was &quot;spirals-vortex.lille.inria.fr&quot;" type="java.lang.AssertionError">java.lang.AssertionError: 

Expected: is not "spirals-vortex.lille.inria.fr"
     but: was "spirals-vortex.lille.inria.fr"
</failure>
    <system-err><![CDATA[May 25, 2018 6:51:32 PM org.openqa.selenium.testing.JUnit4TestBase$TraceMethodNameRule starting
INFO: >>> Starting testShouldThrowInvalidSelectorExceptionWhenXPathIsSyntacticallyInvalidInDriverFindElements(org.openqa.selenium.ElementFindingTest)
May 25, 2018 6:51:32 PM org.openqa.selenium.testing.JUnit4TestBase$TraceMethodNameRule finished
INFO: <<< Finished testShouldThrowInvalidSelectorExceptionWhenXPathIsSyntacticallyInvalidInDriverFindElements(org.openqa.selenium.ElementFindingTest)
]]></system-err>
  </testcase>
  <testcase name="testShouldBeAbleToFindAnElementByBooleanAttributeUsingShortCssSelectorOnHtml4Page" classname="org.openqa.selenium.ElementFindingTest" time="0">
    <failure message="&#10;Expected: is not &quot;spirals-vortex.lille.inria.fr&quot;&#10;     but: was &quot;spirals-vortex.lille.inria.fr&quot;" type="java.lang.AssertionError">java.lang.AssertionError: 

Expected: is not "spirals-vortex.lille.inria.fr"
     but: was "spirals-vortex.lille.inria.fr"
</failure>
    <system-err><![CDATA[May 25, 2018 6:51:32 PM org.openqa.selenium.testing.JUnit4TestBase$TraceMethodNameRule starting
INFO: >>> Starting testShouldBeAbleToFindAnElementByBooleanAttributeUsingShortCssSelectorOnHtml4Page(org.openqa.selenium.ElementFindingTest)
May 25, 2018 6:51:32 PM org.openqa.selenium.testing.JUnit4TestBase$TraceMethodNameRule finished
INFO: <<< Finished testShouldBeAbleToFindAnElementByBooleanAttributeUsingShortCssSelectorOnHtml4Page(org.openqa.selenium.ElementFindingTest)
]]></system-err>
  </testcase>
  <testcase name="testShouldBeAbleToFindASingleElementByCssSelector" classname="org.openqa.selenium.ElementFindingTest" time="0.001">
    <failure message="&#10;Expected: is not &quot;spirals-vortex.lille.inria.fr&quot;&#10;     but: was &quot;spirals-vortex.lille.inria.fr&quot;" type="java.lang.AssertionError">java.lang.AssertionError: 

Expected: is not "spirals-vortex.lille.inria.fr"
     but: was "spirals-vortex.lille.inria.fr"
</failure>
    <system-err><![CDATA[May 25, 2018 6:51:32 PM org.openqa.selenium.testing.JUnit4TestBase$TraceMethodNameRule starting
INFO: >>> Starting testShouldBeAbleToFindASingleElementByCssSelector(org.openqa.selenium.ElementFindingTest)
May 25, 2018 6:51:32 PM org.openqa.selenium.testing.JUnit4TestBase$TraceMethodNameRule finished
INFO: <<< Finished testShouldBeAbleToFindASingleElementByCssSelector(org.openqa.selenium.ElementFindingTest)
]]></system-err>
  </testcase>
  <testcase name="testShouldFindElementsByClassWhenItsNameIsSurroundedByWhitespace" classname="org.openqa.selenium.ElementFindingTest" time="0">
    <failure message="&#10;Expected: is not &quot;spirals-vortex.lille.inria.fr&quot;&#10;     but: was &quot;spirals-vortex.lille.inria.fr&quot;" type="java.lang.AssertionError">java.lang.AssertionError: 

Expected: is not "spirals-vortex.lille.inria.fr"
     but: was "spirals-vortex.lille.inria.fr"
</failure>
    <system-err><![CDATA[May 25, 2018 6:51:32 PM org.openqa.selenium.testing.JUnit4TestBase$TraceMethodNameRule starting
INFO: >>> Starting testShouldFindElementsByClassWhenItsNameIsSurroundedByWhitespace(org.openqa.selenium.ElementFindingTest)
May 25, 2018 6:51:32 PM org.openqa.selenium.testing.JUnit4TestBase$TraceMethodNameRule finished
INFO: <<< Finished testShouldFindElementsByClassWhenItsNameIsSurroundedByWhitespace(org.openqa.selenium.ElementFindingTest)
]]></system-err>
  </testcase>
  <testcase name="testFindingASingleElementByEmptyNameShouldThrow" classname="org.openqa.selenium.ElementFindingTest" time="0">
    <failure message="&#10;Expected: is not &quot;spirals-vortex.lille.inria.fr&quot;&#10;     but: was &quot;spirals-vortex.lille.inria.fr&quot;" type="java.lang.AssertionError">java.lang.AssertionError: 

Expected: is not "spirals-vortex.lille.inria.fr"
     but: was "spirals-vortex.lille.inria.fr"
</failure>
    <system-err><![CDATA[May 25, 2018 6:51:32 PM org.openqa.selenium.testing.JUnit4TestBase$TraceMethodNameRule starting
INFO: >>> Starting testFindingASingleElementByEmptyNameShouldThrow(org.openqa.selenium.ElementFindingTest)
May 25, 2018 6:51:32 PM org.openqa.selenium.testing.JUnit4TestBase$TraceMethodNameRule finished
INFO: <<< Finished testFindingASingleElementByEmptyNameShouldThrow(org.openqa.selenium.ElementFindingTest)
]]></system-err>
  </testcase>
  <testcase name="testShouldBeAbleToFindMultipleElementsByNumericId" classname="org.openqa.selenium.ElementFindingTest" time="0.001">
    <failure message="&#10;Expected: is not &quot;spirals-vortex.lille.inria.fr&quot;&#10;     but: was &quot;spirals-vortex.lille.inria.fr&quot;" type="java.lang.AssertionError">java.lang.AssertionError: 

Expected: is not "spirals-vortex.lille.inria.fr"
     but: was "spirals-vortex.lille.inria.fr"
</failure>
    <system-err><![CDATA[May 25, 2018 6:51:32 PM org.openqa.selenium.testing.JUnit4TestBase$TraceMethodNameRule starting
INFO: >>> Starting testShouldBeAbleToFindMultipleElementsByNumericId(org.openqa.selenium.ElementFindingTest)
May 25, 2018 6:51:32 PM org.openqa.selenium.testing.JUnit4TestBase$TraceMethodNameRule finished
INFO: <<< Finished testShouldBeAbleToFindMultipleElementsByNumericId(org.openqa.selenium.ElementFindingTest)
]]></system-err>
  </testcase>
  <testcase name="testFindingASingleElementByInvalidCssSelectorShouldThrow" classname="org.openqa.selenium.ElementFindingTest" time="0">
    <failure message="&#10;Expected: is not &quot;spirals-vortex.lille.inria.fr&quot;&#10;     but: was &quot;spirals-vortex.lille.inria.fr&quot;" type="java.lang.AssertionError">java.lang.AssertionError: 

Expected: is not "spirals-vortex.lille.inria.fr"
     but: was "spirals-vortex.lille.inria.fr"
</failure>
    <system-err><![CDATA[May 25, 2018 6:51:32 PM org.openqa.selenium.testing.JUnit4TestBase$TraceMethodNameRule starting
INFO: >>> Starting testFindingASingleElementByInvalidCssSelectorShouldThrow(org.openqa.selenium.ElementFindingTest)
May 25, 2018 6:51:32 PM org.openqa.selenium.testing.JUnit4TestBase$TraceMethodNameRule finished
INFO: <<< Finished testFindingASingleElementByInvalidCssSelectorShouldThrow(org.openqa.selenium.ElementFindingTest)
]]></system-err>
  </testcase>
  <testcase name="testFindingASingleElementByIdWithSpaceShouldThrow" classname="org.openqa.selenium.ElementFindingTest" time="0">
    <failure message="&#10;Expected: is not &quot;spirals-vortex.lille.inria.fr&quot;&#10;     but: was &quot;spirals-vortex.lille.inria.fr&quot;" type="java.lang.AssertionError">java.lang.AssertionError: 

Expected: is not "spirals-vortex.lille.inria.fr"
     but: was "spirals-vortex.lille.inria.fr"
</failure>
    <system-err><![CDATA[May 25, 2018 6:51:32 PM org.openqa.selenium.testing.JUnit4TestBase$TraceMethodNameRule starting
INFO: >>> Starting testFindingASingleElementByIdWithSpaceShouldThrow(org.openqa.selenium.ElementFindingTest)
May 25, 2018 6:51:32 PM org.openqa.selenium.testing.JUnit4TestBase$TraceMethodNameRule finished
INFO: <<< Finished testFindingASingleElementByIdWithSpaceShouldThrow(org.openqa.selenium.ElementFindingTest)
]]></system-err>
  </testcase>
  <testcase name="testShouldNotBeAbleToLocateByTagNameMultipleElementsThatDoNotExist" classname="org.openqa.selenium.ElementFindingTest" time="0.001">
    <failure message="&#10;Expected: is not &quot;spirals-vortex.lille.inria.fr&quot;&#10;     but: was &quot;spirals-vortex.lille.inria.fr&quot;" type="java.lang.AssertionError">java.lang.AssertionError: 

Expected: is not "spirals-vortex.lille.inria.fr"
     but: was "spirals-vortex.lille.inria.fr"
</failure>
    <system-err><![CDATA[May 25, 2018 6:51:32 PM org.openqa.selenium.testing.JUnit4TestBase$TraceMethodNameRule starting
INFO: >>> Starting testShouldNotBeAbleToLocateByTagNameMultipleElementsThatDoNotExist(org.openqa.selenium.ElementFindingTest)
May 25, 2018 6:51:32 PM org.openqa.selenium.testing.JUnit4TestBase$TraceMethodNameRule finished
INFO: <<< Finished testShouldNotBeAbleToLocateByTagNameMultipleElementsThatDoNotExist(org.openqa.selenium.ElementFindingTest)
]]></system-err>
  </testcase>
  <testcase name="testShouldBeAbleToFindAnElementByBooleanAttributeUsingCssSelector" classname="org.openqa.selenium.ElementFindingTest" time="0">
    <failure message="&#10;Expected: is not &quot;spirals-vortex.lille.inria.fr&quot;&#10;     but: was &quot;spirals-vortex.lille.inria.fr&quot;" type="java.lang.AssertionError">java.lang.AssertionError: 

Expected: is not "spirals-vortex.lille.inria.fr"
     but: was "spirals-vortex.lille.inria.fr"
</failure>
    <system-err><![CDATA[May 25, 2018 6:51:32 PM org.openqa.selenium.testing.JUnit4TestBase$TraceMethodNameRule starting
INFO: >>> Starting testShouldBeAbleToFindAnElementByBooleanAttributeUsingCssSelector(org.openqa.selenium.ElementFindingTest)
May 25, 2018 6:51:32 PM org.openqa.selenium.testing.JUnit4TestBase$TraceMethodNameRule finished
INFO: <<< Finished testShouldBeAbleToFindAnElementByBooleanAttributeUsingCssSelector(org.openqa.selenium.ElementFindingTest)
]]></system-err>
  </testcase>
  <testcase name="testLinkWithFormattingTags" classname="org.openqa.selenium.ElementFindingTest" time="0.001">
    <failure message="&#10;Expected: is not &quot;spirals-vortex.lille.inria.fr&quot;&#10;     but: was &quot;spirals-vortex.lille.inria.fr&quot;" type="java.lang.AssertionError">java.lang.AssertionError: 

Expected: is not "spirals-vortex.lille.inria.fr"
     but: was "spirals-vortex.lille.inria.fr"
</failure>
    <system-err><![CDATA[May 25, 2018 6:51:32 PM org.openqa.selenium.testing.JUnit4TestBase$TraceMethodNameRule starting
INFO: >>> Starting testLinkWithFormattingTags(org.openqa.selenium.ElementFindingTest)
May 25, 2018 6:51:32 PM org.openqa.selenium.testing.JUnit4TestBase$TraceMethodNameRule finished
INFO: <<< Finished testLinkWithFormattingTags(org.openqa.selenium.ElementFindingTest)
]]></system-err>
  </testcase>
  <testcase name="testShouldBeAbleToFindALinkByText" classname="org.openqa.selenium.ElementFindingTest" time="0">
    <failure message="&#10;Expected: is not &quot;spirals-vortex.lille.inria.fr&quot;&#10;     but: was &quot;spirals-vortex.lille.inria.fr&quot;" type="java.lang.AssertionError">java.lang.AssertionError: 

Expected: is not "spirals-vortex.lille.inria.fr"
     but: was "spirals-vortex.lille.inria.fr"
</failure>
    <system-err><![CDATA[May 25, 2018 6:51:32 PM org.openqa.selenium.testing.JUnit4TestBase$TraceMethodNameRule starting
INFO: >>> Starting testShouldBeAbleToFindALinkByText(org.openqa.selenium.ElementFindingTest)
May 25, 2018 6:51:32 PM org.openqa.selenium.testing.JUnit4TestBase$TraceMethodNameRule finished
INFO: <<< Finished testShouldBeAbleToFindALinkByText(org.openqa.selenium.ElementFindingTest)
]]></system-err>
  </testcase>
  <testcase name="testAnElementFoundInADifferentFrameIsStale" classname="org.openqa.selenium.ElementFindingTest" time="0">
    <failure message="&#10;Expected: is not &quot;spirals-vortex.lille.inria.fr&quot;&#10;     but: was &quot;spirals-vortex.lille.inria.fr&quot;" type="java.lang.AssertionError">java.lang.AssertionError: 

Expected: is not "spirals-vortex.lille.inria.fr"
     but: was "spirals-vortex.lille.inria.fr"
</failure>
    <system-err><![CDATA[May 25, 2018 6:51:32 PM org.openqa.selenium.testing.JUnit4TestBase$TraceMethodNameRule starting
INFO: >>> Starting testAnElementFoundInADifferentFrameIsStale(org.openqa.selenium.ElementFindingTest)
May 25, 2018 6:51:32 PM org.openqa.selenium.testing.JUnit4TestBase$TraceMethodNameRule finished
INFO: <<< Finished testAnElementFoundInADifferentFrameIsStale(org.openqa.selenium.ElementFindingTest)
]]></system-err>
  </testcase>
  <testcase name="testShouldThrowInvalidSelectorExceptionWhenXPathIsSyntacticallyInvalidInElementFindElement" classname="org.openqa.selenium.ElementFindingTest" time="0.001">
    <failure message="&#10;Expected: is not &quot;spirals-vortex.lille.inria.fr&quot;&#10;     but: was &quot;spirals-vortex.lille.inria.fr&quot;" type="java.lang.AssertionError">java.lang.AssertionError: 

Expected: is not "spirals-vortex.lille.inria.fr"
     but: was "spirals-vortex.lille.inria.fr"
</failure>
    <system-err><![CDATA[May 25, 2018 6:51:32 PM org.openqa.selenium.testing.JUnit4TestBase$TraceMethodNameRule starting
INFO: >>> Starting testShouldThrowInvalidSelectorExceptionWhenXPathIsSyntacticallyInvalidInElementFindElement(org.openqa.selenium.ElementFindingTest)
May 25, 2018 6:51:32 PM org.openqa.selenium.testing.JUnit4TestBase$TraceMethodNameRule finished
INFO: <<< Finished testShouldThrowInvalidSelectorExceptionWhenXPathIsSyntacticallyInvalidInElementFindElement(org.openqa.selenium.ElementFindingTest)
]]></system-err>
  </testcase>
  <testcase name="testFindingASingleElementByEmptyIdShouldThrow" classname="org.openqa.selenium.ElementFindingTest" time="0">
    <failure message="&#10;Expected: is not &quot;spirals-vortex.lille.inria.fr&quot;&#10;     but: was &quot;spirals-vortex.lille.inria.fr&quot;" type="java.lang.AssertionError">java.lang.AssertionError: 

Expected: is not "spirals-vortex.lille.inria.fr"
     but: was "spirals-vortex.lille.inria.fr"
</failure>
    <system-err><![CDATA[May 25, 2018 6:51:32 PM org.openqa.selenium.testing.JUnit4TestBase$TraceMethodNameRule starting
INFO: >>> Starting testFindingASingleElementByEmptyIdShouldThrow(org.openqa.selenium.ElementFindingTest)
May 25, 2018 6:51:32 PM org.openqa.selenium.testing.JUnit4TestBase$TraceMethodNameRule finished
INFO: <<< Finished testFindingASingleElementByEmptyIdShouldThrow(org.openqa.selenium.ElementFindingTest)
]]></system-err>
  </testcase>
  <testcase name="testFindingASingleElementByEmptyCssSelectorShouldThrow" classname="org.openqa.selenium.ElementFindingTest" time="0.001">
    <failure message="&#10;Expected: is not &quot;spirals-vortex.lille.inria.fr&quot;&#10;     but: was &quot;spirals-vortex.lille.inria.fr&quot;" type="java.lang.AssertionError">java.lang.AssertionError: 

Expected: is not "spirals-vortex.lille.inria.fr"
     but: was "spirals-vortex.lille.inria.fr"
</failure>
    <system-err><![CDATA[May 25, 2018 6:51:32 PM org.openqa.selenium.testing.JUnit4TestBase$TraceMethodNameRule starting
INFO: >>> Starting testFindingASingleElementByEmptyCssSelectorShouldThrow(org.openqa.selenium.ElementFindingTest)
May 25, 2018 6:51:32 PM org.openqa.selenium.testing.JUnit4TestBase$TraceMethodNameRule finished
INFO: <<< Finished testFindingASingleElementByEmptyCssSelectorShouldThrow(org.openqa.selenium.ElementFindingTest)
]]></system-err>
  </testcase>
  <testcase name="testShouldThrowInvalidSelectorExceptionWhenXPathIsSyntacticallyInvalidInElementFindElements" classname="org.openqa.selenium.ElementFindingTest" time="0">
    <failure message="&#10;Expected: is not &quot;spirals-vortex.lille.inria.fr&quot;&#10;     but: was &quot;spirals-vortex.lille.inria.fr&quot;" type="java.lang.AssertionError">java.lang.AssertionError: 

Expected: is not "spirals-vortex.lille.inria.fr"
     but: was "spirals-vortex.lille.inria.fr"
</failure>
    <system-err><![CDATA[May 25, 2018 6:51:32 PM org.openqa.selenium.testing.JUnit4TestBase$TraceMethodNameRule starting
INFO: >>> Starting testShouldThrowInvalidSelectorExceptionWhenXPathIsSyntacticallyInvalidInElementFindElements(org.openqa.selenium.ElementFindingTest)
May 25, 2018 6:51:32 PM org.openqa.selenium.testing.JUnit4TestBase$TraceMethodNameRule finished
INFO: <<< Finished testShouldThrowInvalidSelectorExceptionWhenXPathIsSyntacticallyInvalidInElementFindElements(org.openqa.selenium.ElementFindingTest)
]]></system-err>
  </testcase>
  <testcase name="testFindingMultipleElementsByTagNameWithSpaceShouldReturnEmptyList" classname="org.openqa.selenium.ElementFindingTest" time="0">
    <failure message="&#10;Expected: is not &quot;spirals-vortex.lille.inria.fr&quot;&#10;     but: was &quot;spirals-vortex.lille.inria.fr&quot;" type="java.lang.AssertionError">java.lang.AssertionError: 

Expected: is not "spirals-vortex.lille.inria.fr"
     but: was "spirals-vortex.lille.inria.fr"
</failure>
    <system-err><![CDATA[May 25, 2018 6:51:32 PM org.openqa.selenium.testing.JUnit4TestBase$TraceMethodNameRule starting
INFO: >>> Starting testFindingMultipleElementsByTagNameWithSpaceShouldReturnEmptyList(org.openqa.selenium.ElementFindingTest)
May 25, 2018 6:51:32 PM org.openqa.selenium.testing.JUnit4TestBase$TraceMethodNameRule finished
INFO: <<< Finished testFindingMultipleElementsByTagNameWithSpaceShouldReturnEmptyList(org.openqa.selenium.ElementFindingTest)
]]></system-err>
  </testcase>
  <testcase name="testFindingALinkByXpathShouldLocateAnElementWithTheGivenText" classname="org.openqa.selenium.ElementFindingTest" time="0.001">
    <failure message="&#10;Expected: is not &quot;spirals-vortex.lille.inria.fr&quot;&#10;     but: was &quot;spirals-vortex.lille.inria.fr&quot;" type="java.lang.AssertionError">java.lang.AssertionError: 

Expected: is not "spirals-vortex.lille.inria.fr"
     but: was "spirals-vortex.lille.inria.fr"
</failure>
    <system-err><![CDATA[May 25, 2018 6:51:32 PM org.openqa.selenium.testing.JUnit4TestBase$TraceMethodNameRule starting
INFO: >>> Starting testFindingALinkByXpathShouldLocateAnElementWithTheGivenText(org.openqa.selenium.ElementFindingTest)
May 25, 2018 6:51:32 PM org.openqa.selenium.testing.JUnit4TestBase$TraceMethodNameRule finished
INFO: <<< Finished testFindingALinkByXpathShouldLocateAnElementWithTheGivenText(org.openqa.selenium.ElementFindingTest)
]]></system-err>
  </testcase>
  <testcase name="testFindingMultipleElementsByNameWithSpaceShouldReturnEmptyList" classname="org.openqa.selenium.ElementFindingTest" time="0">
    <failure message="&#10;Expected: is not &quot;spirals-vortex.lille.inria.fr&quot;&#10;     but: was &quot;spirals-vortex.lille.inria.fr&quot;" type="java.lang.AssertionError">java.lang.AssertionError: 

Expected: is not "spirals-vortex.lille.inria.fr"
     but: was "spirals-vortex.lille.inria.fr"
</failure>
    <system-err><![CDATA[May 25, 2018 6:51:32 PM org.openqa.selenium.testing.JUnit4TestBase$TraceMethodNameRule starting
INFO: >>> Starting testFindingMultipleElementsByNameWithSpaceShouldReturnEmptyList(org.openqa.selenium.ElementFindingTest)
May 25, 2018 6:51:32 PM org.openqa.selenium.testing.JUnit4TestBase$TraceMethodNameRule finished
INFO: <<< Finished testFindingMultipleElementsByNameWithSpaceShouldReturnEmptyList(org.openqa.selenium.ElementFindingTest)
]]></system-err>
  </testcase>
  <testcase name="testFindingMultipleElementsByEmptyClassNameShouldThrow" classname="org.openqa.selenium.ElementFindingTest" time="0.001">
    <failure message="&#10;Expected: is not &quot;spirals-vortex.lille.inria.fr&quot;&#10;     but: was &quot;spirals-vortex.lille.inria.fr&quot;" type="java.lang.AssertionError">java.lang.AssertionError: 

Expected: is not "spirals-vortex.lille.inria.fr"
     but: was "spirals-vortex.lille.inria.fr"
</failure>
    <system-err><![CDATA[May 25, 2018 6:51:32 PM org.openqa.selenium.testing.JUnit4TestBase$TraceMethodNameRule starting
INFO: >>> Starting testFindingMultipleElementsByEmptyClassNameShouldThrow(org.openqa.selenium.ElementFindingTest)
May 25, 2018 6:51:32 PM org.openqa.selenium.testing.JUnit4TestBase$TraceMethodNameRule finished
INFO: <<< Finished testFindingMultipleElementsByEmptyClassNameShouldThrow(org.openqa.selenium.ElementFindingTest)
]]></system-err>
  </testcase>
  <testcase name="testShouldBeAbleToFindMultipleElementsByXPath" classname="org.openqa.selenium.ElementFindingTest" time="0">
    <failure message="&#10;Expected: is not &quot;spirals-vortex.lille.inria.fr&quot;&#10;     but: was &quot;spirals-vortex.lille.inria.fr&quot;" type="java.lang.AssertionError">java.lang.AssertionError: 

Expected: is not "spirals-vortex.lille.inria.fr"
     but: was "spirals-vortex.lille.inria.fr"
</failure>
    <system-err><![CDATA[May 25, 2018 6:51:32 PM org.openqa.selenium.testing.JUnit4TestBase$TraceMethodNameRule starting
INFO: >>> Starting testShouldBeAbleToFindMultipleElementsByXPath(org.openqa.selenium.ElementFindingTest)
May 25, 2018 6:51:32 PM org.openqa.selenium.testing.JUnit4TestBase$TraceMethodNameRule finished
INFO: <<< Finished testShouldBeAbleToFindMultipleElementsByXPath(org.openqa.selenium.ElementFindingTest)
]]></system-err>
  </testcase>
  <testcase name="testShouldBeAbleToIdentifyElementsByClass" classname="org.openqa.selenium.ElementFindingTest" time="0">
    <failure message="&#10;Expected: is not &quot;spirals-vortex.lille.inria.fr&quot;&#10;     but: was &quot;spirals-vortex.lille.inria.fr&quot;" type="java.lang.AssertionError">java.lang.AssertionError: 

Expected: is not "spirals-vortex.lille.inria.fr"
     but: was "spirals-vortex.lille.inria.fr"
</failure>
    <system-err><![CDATA[May 25, 2018 6:51:32 PM org.openqa.selenium.testing.JUnit4TestBase$TraceMethodNameRule starting
INFO: >>> Starting testShouldBeAbleToIdentifyElementsByClass(org.openqa.selenium.ElementFindingTest)
May 25, 2018 6:51:32 PM org.openqa.selenium.testing.JUnit4TestBase$TraceMethodNameRule finished
INFO: <<< Finished testShouldBeAbleToIdentifyElementsByClass(org.openqa.selenium.ElementFindingTest)
]]></system-err>
  </testcase>
  <testcase name="testShouldBeAbleToFindMultipleElementsByCompoundCssSelector" classname="org.openqa.selenium.ElementFindingTest" time="0">
    <failure message="&#10;Expected: is not &quot;spirals-vortex.lille.inria.fr&quot;&#10;     but: was &quot;spirals-vortex.lille.inria.fr&quot;" type="java.lang.AssertionError">java.lang.AssertionError: 

Expected: is not "spirals-vortex.lille.inria.fr"
     but: was "spirals-vortex.lille.inria.fr"
</failure>
    <system-err><![CDATA[May 25, 2018 6:51:32 PM org.openqa.selenium.testing.JUnit4TestBase$TraceMethodNameRule starting
INFO: >>> Starting testShouldBeAbleToFindMultipleElementsByCompoundCssSelector(org.openqa.selenium.ElementFindingTest)
May 25, 2018 6:51:32 PM org.openqa.selenium.testing.JUnit4TestBase$TraceMethodNameRule finished
INFO: <<< Finished testShouldBeAbleToFindMultipleElementsByCompoundCssSelector(org.openqa.selenium.ElementFindingTest)
]]></system-err>
  </testcase>
  <testcase name="testShouldBeAbleToFindMultipleElementsByTagName" classname="org.openqa.selenium.ElementFindingTest" time="0">
    <failure message="&#10;Expected: is not &quot;spirals-vortex.lille.inria.fr&quot;&#10;     but: was &quot;spirals-vortex.lille.inria.fr&quot;" type="java.lang.AssertionError">java.lang.AssertionError: 

Expected: is not "spirals-vortex.lille.inria.fr"
     but: was "spirals-vortex.lille.inria.fr"
</failure>
    <system-err><![CDATA[May 25, 2018 6:51:32 PM org.openqa.selenium.testing.JUnit4TestBase$TraceMethodNameRule starting
INFO: >>> Starting testShouldBeAbleToFindMultipleElementsByTagName(org.openqa.selenium.ElementFindingTest)
May 25, 2018 6:51:32 PM org.openqa.selenium.testing.JUnit4TestBase$TraceMethodNameRule finished
INFO: <<< Finished testShouldBeAbleToFindMultipleElementsByTagName(org.openqa.selenium.ElementFindingTest)
]]></system-err>
  </testcase>
  <testcase name="testShouldNotBeAbleToLocateByNameMultipleElementsThatDoNotExist" classname="org.openqa.selenium.ElementFindingTest" time="0.001">
    <failure message="&#10;Expected: is not &quot;spirals-vortex.lille.inria.fr&quot;&#10;     but: was &quot;spirals-vortex.lille.inria.fr&quot;" type="java.lang.AssertionError">java.lang.AssertionError: 

Expected: is not "spirals-vortex.lille.inria.fr"
     but: was "spirals-vortex.lille.inria.fr"
</failure>
    <system-err><![CDATA[May 25, 2018 6:51:32 PM org.openqa.selenium.testing.JUnit4TestBase$TraceMethodNameRule starting
INFO: >>> Starting testShouldNotBeAbleToLocateByNameMultipleElementsThatDoNotExist(org.openqa.selenium.ElementFindingTest)
May 25, 2018 6:51:32 PM org.openqa.selenium.testing.JUnit4TestBase$TraceMethodNameRule finished
INFO: <<< Finished testShouldNotBeAbleToLocateByNameMultipleElementsThatDoNotExist(org.openqa.selenium.ElementFindingTest)
]]></system-err>
  </testcase>
  <testcase name="testShouldBeAbleToFindASingleElementByNumericId" classname="org.openqa.selenium.ElementFindingTest" time="0">
    <failure message="&#10;Expected: is not &quot;spirals-vortex.lille.inria.fr&quot;&#10;     but: was &quot;spirals-vortex.lille.inria.fr&quot;" type="java.lang.AssertionError">java.lang.AssertionError: 

Expected: is not "spirals-vortex.lille.inria.fr"
     but: was "spirals-vortex.lille.inria.fr"
</failure>
    <system-err><![CDATA[May 25, 2018 6:51:32 PM org.openqa.selenium.testing.JUnit4TestBase$TraceMethodNameRule starting
INFO: >>> Starting testShouldBeAbleToFindASingleElementByNumericId(org.openqa.selenium.ElementFindingTest)
May 25, 2018 6:51:32 PM org.openqa.selenium.testing.JUnit4TestBase$TraceMethodNameRule finished
INFO: <<< Finished testShouldBeAbleToFindASingleElementByNumericId(org.openqa.selenium.ElementFindingTest)
]]></system-err>
  </testcase>
  <testcase name="testShouldBeAbleToFindMultipleElementsByPartialLinkText" classname="org.openqa.selenium.ElementFindingTest" time="0">
    <failure message="&#10;Expected: is not &quot;spirals-vortex.lille.inria.fr&quot;&#10;     but: was &quot;spirals-vortex.lille.inria.fr&quot;" type="java.lang.AssertionError">java.lang.AssertionError: 

Expected: is not "spirals-vortex.lille.inria.fr"
     but: was "spirals-vortex.lille.inria.fr"
</failure>
    <system-err><![CDATA[May 25, 2018 6:51:32 PM org.openqa.selenium.testing.JUnit4TestBase$TraceMethodNameRule starting
INFO: >>> Starting testShouldBeAbleToFindMultipleElementsByPartialLinkText(org.openqa.selenium.ElementFindingTest)
May 25, 2018 6:51:32 PM org.openqa.selenium.testing.JUnit4TestBase$TraceMethodNameRule finished
INFO: <<< Finished testShouldBeAbleToFindMultipleElementsByPartialLinkText(org.openqa.selenium.ElementFindingTest)
]]></system-err>
  </testcase>
</testsuite>