<?xml version="1.0" encoding="UTF-8"?>
<testsuite xmlns:xsi="http://www.w3.org/2001/XMLSchema-instance" xsi:noNamespaceSchemaLocation="https://maven.apache.org/surefire/maven-surefire-plugin/xsd/surefire-test-report.xsd" name="com.ibanity.apis.client.services.TransactionsServiceTest" time="0.278" tests="7" errors="7" skipped="0" failures="0">
  <properties>
    <property name="awt.toolkit" value="sun.awt.X11.XToolkit"/>
    <property name="file.encoding.pkg" value="sun.io"/>
    <property name="java.specification.version" value="1.8"/>
    <property name="sun.cpu.isalist" value=""/>
    <property name="sun.jnu.encoding" value="UTF-8"/>
    <property name="java.class.path" value="/root/workspace/ibanity/ibanity-java/395527837/target/test-classes:/root/workspace/ibanity/ibanity-java/395527837/target/classes:/root/./workspace/ibanity/ibanity-java/395527837/.m2/org/apache/commons/commons-configuration2/2.2/commons-configuration2-2.2.jar:/root/./workspace/ibanity/ibanity-java/395527837/.m2/org/apache/commons/commons-lang3/3.6/commons-lang3-3.6.jar:/root/./workspace/ibanity/ibanity-java/395527837/.m2/commons-logging/commons-logging/1.2/commons-logging-1.2.jar:/root/./workspace/ibanity/ibanity-java/395527837/.m2/commons-io/commons-io/2.6/commons-io-2.6.jar:/root/./workspace/ibanity/ibanity-java/395527837/.m2/org/apache/commons/commons-math3/3.6.1/commons-math3-3.6.1.jar:/root/./workspace/ibanity/ibanity-java/395527837/.m2/org/apache/logging/log4j/log4j-api/2.11.0/log4j-api-2.11.0.jar:/root/./workspace/ibanity/ibanity-java/395527837/.m2/org/apache/logging/log4j/log4j-core/2.11.0/log4j-core-2.11.0.jar:/root/./workspace/ibanity/ibanity-java/395527837/.m2/commons-beanutils/commons-beanutils/1.9.3/commons-beanutils-1.9.3.jar:/root/./workspace/ibanity/ibanity-java/395527837/.m2/commons-collections/commons-collections/3.2.2/commons-collections-3.2.2.jar:/root/./workspace/ibanity/ibanity-java/395527837/.m2/io/crnk/crnk-client/2.6.20180430102904/crnk-client-2.6.20180430102904.jar:/root/./workspace/ibanity/ibanity-java/395527837/.m2/io/crnk/crnk-core/2.6.20180430102904/crnk-core-2.6.20180430102904.jar:/root/./workspace/ibanity/ibanity-java/395527837/.m2/net/jodah/typetools/0.4.4/typetools-0.4.4.jar:/root/./workspace/ibanity/ibanity-java/395527837/.m2/org/slf4j/slf4j-api/1.7.25/slf4j-api-1.7.25.jar:/root/./workspace/ibanity/ibanity-java/395527837/.m2/org/apache/httpcomponents/httpclient/4.5.5/httpclient-4.5.5.jar:/root/./workspace/ibanity/ibanity-java/395527837/.m2/org/apache/httpcomponents/httpcore/4.4.9/httpcore-4.4.9.jar:/root/./workspace/ibanity/ibanity-java/395527837/.m2/commons-codec/commons-codec/1.10/commons-codec-1.10.jar:/root/./workspace/ibanity/ibanity-java/395527837/.m2/com/fasterxml/jackson/datatype/jackson-datatype-jdk8/2.9.5/jackson-datatype-jdk8-2.9.5.jar:/root/./workspace/ibanity/ibanity-java/395527837/.m2/com/fasterxml/jackson/core/jackson-core/2.9.5/jackson-core-2.9.5.jar:/root/./workspace/ibanity/ibanity-java/395527837/.m2/com/fasterxml/jackson/core/jackson-databind/2.9.5/jackson-databind-2.9.5.jar:/root/./workspace/ibanity/ibanity-java/395527837/.m2/com/fasterxml/jackson/core/jackson-annotations/2.9.5/jackson-annotations-2.9.5.jar:/root/./workspace/ibanity/ibanity-java/395527837/.m2/com/fasterxml/jackson/datatype/jackson-datatype-jsr310/2.9.5/jackson-datatype-jsr310-2.9.5.jar:/root/./workspace/ibanity/ibanity-java/395527837/.m2/org/bouncycastle/bcpkix-jdk14/1.59/bcpkix-jdk14-1.59.jar:/root/./workspace/ibanity/ibanity-java/395527837/.m2/org/bouncycastle/bcprov-jdk14/1.59/bcprov-jdk14-1.59.jar:/root/./workspace/ibanity/ibanity-java/395527837/.m2/org/reflections/reflections/0.9.11/reflections-0.9.11.jar:/root/./workspace/ibanity/ibanity-java/395527837/.m2/com/google/guava/guava/20.0/guava-20.0.jar:/root/./workspace/ibanity/ibanity-java/395527837/.m2/org/javassist/javassist/3.21.0-GA/javassist-3.21.0-GA.jar:/root/./workspace/ibanity/ibanity-java/395527837/.m2/org/iban4j/iban4j/3.2.1/iban4j-3.2.1.jar:/root/./workspace/ibanity/ibanity-java/395527837/.m2/org/junit/jupiter/junit-jupiter-api/5.2.0/junit-jupiter-api-5.2.0.jar:/root/./workspace/ibanity/ibanity-java/395527837/.m2/org/apiguardian/apiguardian-api/1.0.0/apiguardian-api-1.0.0.jar:/root/./workspace/ibanity/ibanity-java/395527837/.m2/org/opentest4j/opentest4j/1.1.0/opentest4j-1.1.0.jar:/root/./workspace/ibanity/ibanity-java/395527837/.m2/org/junit/platform/junit-platform-commons/1.2.0/junit-platform-commons-1.2.0.jar:/root/./workspace/ibanity/ibanity-java/395527837/.m2/org/junit/jupiter/junit-jupiter-engine/5.2.0/junit-jupiter-engine-5.2.0.jar:/root/./workspace/ibanity/ibanity-java/395527837/.m2/org/junit/platform/junit-platform-engine/1.2.0/junit-platform-engine-1.2.0.jar:/root/./workspace/ibanity/ibanity-java/395527837/.m2/org/junit/platform/junit-platform-launcher/1.2.0/junit-platform-launcher-1.2.0.jar:/root/./workspace/ibanity/ibanity-java/395527837/.m2/org/seleniumhq/selenium/selenium-java/3.0.0/selenium-java-3.0.0.jar:/root/./workspace/ibanity/ibanity-java/395527837/.m2/org/seleniumhq/selenium/selenium-chrome-driver/3.0.0/selenium-chrome-driver-3.0.0.jar:/root/./workspace/ibanity/ibanity-java/395527837/.m2/org/seleniumhq/selenium/selenium-remote-driver/3.0.0/selenium-remote-driver-3.0.0.jar:/root/./workspace/ibanity/ibanity-java/395527837/.m2/org/seleniumhq/selenium/selenium-api/3.0.0/selenium-api-3.0.0.jar:/root/./workspace/ibanity/ibanity-java/395527837/.m2/cglib/cglib-nodep/3.2.4/cglib-nodep-3.2.4.jar:/root/./workspace/ibanity/ibanity-java/395527837/.m2/org/apache/commons/commons-exec/1.3/commons-exec-1.3.jar:/root/./workspace/ibanity/ibanity-java/395527837/.m2/com/google/code/gson/gson/2.3.1/gson-2.3.1.jar:/root/./workspace/ibanity/ibanity-java/395527837/.m2/org/apache/httpcomponents/httpmime/4.5.2/httpmime-4.5.2.jar:/root/./workspace/ibanity/ibanity-java/395527837/.m2/net/java/dev/jna/jna-platform/4.1.0/jna-platform-4.1.0.jar:/root/./workspace/ibanity/ibanity-java/395527837/.m2/net/java/dev/jna/jna/4.1.0/jna-4.1.0.jar:/root/./workspace/ibanity/ibanity-java/395527837/.m2/org/seleniumhq/selenium/selenium-edge-driver/3.0.0/selenium-edge-driver-3.0.0.jar:/root/./workspace/ibanity/ibanity-java/395527837/.m2/org/seleniumhq/selenium/selenium-firefox-driver/3.0.0/selenium-firefox-driver-3.0.0.jar:/root/./workspace/ibanity/ibanity-java/395527837/.m2/org/seleniumhq/selenium/selenium-ie-driver/3.0.0/selenium-ie-driver-3.0.0.jar:/root/./workspace/ibanity/ibanity-java/395527837/.m2/org/seleniumhq/selenium/selenium-opera-driver/3.0.0/selenium-opera-driver-3.0.0.jar:/root/./workspace/ibanity/ibanity-java/395527837/.m2/org/seleniumhq/selenium/selenium-safari-driver/3.0.0/selenium-safari-driver-3.0.0.jar:/root/./workspace/ibanity/ibanity-java/395527837/.m2/io/netty/netty/3.5.7.Final/netty-3.5.7.Final.jar:/root/./workspace/ibanity/ibanity-java/395527837/.m2/org/seleniumhq/selenium/selenium-support/3.0.0/selenium-support-3.0.0.jar:/root/./workspace/ibanity/ibanity-java/395527837/.m2/junit/junit/4.12/junit-4.12.jar:/root/./workspace/ibanity/ibanity-java/395527837/.m2/org/hamcrest/hamcrest-core/1.3/hamcrest-core-1.3.jar:/root/./workspace/ibanity/ibanity-java/395527837/.m2/com/codeborne/phantomjsdriver/1.3.0/phantomjsdriver-1.3.0.jar:"/>
    <property name="java.vm.vendor" value="Oracle Corporation"/>
    <property name="skip.bower" value="true"/>
    <property name="sun.arch.data.model" value="64"/>
    <property name="java.vendor.url" value="http://java.oracle.com/"/>
    <property name="user.timezone" value=""/>
    <property name="java.vm.specification.version" value="1.8"/>
    <property name="os.name" value="Linux"/>
    <property name="rat.skip" value="true"/>
    <property name="gpg.skip" value="true"/>
    <property name="sun.java.launcher" value="SUN_STANDARD"/>
    <property name="sun.boot.library.path" value="/usr/lib/jvm/java-8-openjdk-amd64/jre/lib/amd64"/>
    <property name="skip.gulp" value="true"/>
    <property name="sun.java.command" value="/root/workspace/ibanity/ibanity-java/395527837/target/surefire/surefirebooter1949948877319948723.jar /root/workspace/ibanity/ibanity-java/395527837/target/surefire 2018-06-22T18-08-46_044-jvmRun1 surefire601519768986532128tmp surefire_04754136641631388796tmp"/>
    <property name="dependency-check.skip" value="true"/>
    <property name="surefire.test.class.path" value="/root/workspace/ibanity/ibanity-java/395527837/target/test-classes:/root/workspace/ibanity/ibanity-java/395527837/target/classes:/root/./workspace/ibanity/ibanity-java/395527837/.m2/org/apache/commons/commons-configuration2/2.2/commons-configuration2-2.2.jar:/root/./workspace/ibanity/ibanity-java/395527837/.m2/org/apache/commons/commons-lang3/3.6/commons-lang3-3.6.jar:/root/./workspace/ibanity/ibanity-java/395527837/.m2/commons-logging/commons-logging/1.2/commons-logging-1.2.jar:/root/./workspace/ibanity/ibanity-java/395527837/.m2/commons-io/commons-io/2.6/commons-io-2.6.jar:/root/./workspace/ibanity/ibanity-java/395527837/.m2/org/apache/commons/commons-math3/3.6.1/commons-math3-3.6.1.jar:/root/./workspace/ibanity/ibanity-java/395527837/.m2/org/apache/logging/log4j/log4j-api/2.11.0/log4j-api-2.11.0.jar:/root/./workspace/ibanity/ibanity-java/395527837/.m2/org/apache/logging/log4j/log4j-core/2.11.0/log4j-core-2.11.0.jar:/root/./workspace/ibanity/ibanity-java/395527837/.m2/commons-beanutils/commons-beanutils/1.9.3/commons-beanutils-1.9.3.jar:/root/./workspace/ibanity/ibanity-java/395527837/.m2/commons-collections/commons-collections/3.2.2/commons-collections-3.2.2.jar:/root/./workspace/ibanity/ibanity-java/395527837/.m2/io/crnk/crnk-client/2.6.20180430102904/crnk-client-2.6.20180430102904.jar:/root/./workspace/ibanity/ibanity-java/395527837/.m2/io/crnk/crnk-core/2.6.20180430102904/crnk-core-2.6.20180430102904.jar:/root/./workspace/ibanity/ibanity-java/395527837/.m2/net/jodah/typetools/0.4.4/typetools-0.4.4.jar:/root/./workspace/ibanity/ibanity-java/395527837/.m2/org/slf4j/slf4j-api/1.7.25/slf4j-api-1.7.25.jar:/root/./workspace/ibanity/ibanity-java/395527837/.m2/org/apache/httpcomponents/httpclient/4.5.5/httpclient-4.5.5.jar:/root/./workspace/ibanity/ibanity-java/395527837/.m2/org/apache/httpcomponents/httpcore/4.4.9/httpcore-4.4.9.jar:/root/./workspace/ibanity/ibanity-java/395527837/.m2/commons-codec/commons-codec/1.10/commons-codec-1.10.jar:/root/./workspace/ibanity/ibanity-java/395527837/.m2/com/fasterxml/jackson/datatype/jackson-datatype-jdk8/2.9.5/jackson-datatype-jdk8-2.9.5.jar:/root/./workspace/ibanity/ibanity-java/395527837/.m2/com/fasterxml/jackson/core/jackson-core/2.9.5/jackson-core-2.9.5.jar:/root/./workspace/ibanity/ibanity-java/395527837/.m2/com/fasterxml/jackson/core/jackson-databind/2.9.5/jackson-databind-2.9.5.jar:/root/./workspace/ibanity/ibanity-java/395527837/.m2/com/fasterxml/jackson/core/jackson-annotations/2.9.5/jackson-annotations-2.9.5.jar:/root/./workspace/ibanity/ibanity-java/395527837/.m2/com/fasterxml/jackson/datatype/jackson-datatype-jsr310/2.9.5/jackson-datatype-jsr310-2.9.5.jar:/root/./workspace/ibanity/ibanity-java/395527837/.m2/org/bouncycastle/bcpkix-jdk14/1.59/bcpkix-jdk14-1.59.jar:/root/./workspace/ibanity/ibanity-java/395527837/.m2/org/bouncycastle/bcprov-jdk14/1.59/bcprov-jdk14-1.59.jar:/root/./workspace/ibanity/ibanity-java/395527837/.m2/org/reflections/reflections/0.9.11/reflections-0.9.11.jar:/root/./workspace/ibanity/ibanity-java/395527837/.m2/com/google/guava/guava/20.0/guava-20.0.jar:/root/./workspace/ibanity/ibanity-java/395527837/.m2/org/javassist/javassist/3.21.0-GA/javassist-3.21.0-GA.jar:/root/./workspace/ibanity/ibanity-java/395527837/.m2/org/iban4j/iban4j/3.2.1/iban4j-3.2.1.jar:/root/./workspace/ibanity/ibanity-java/395527837/.m2/org/junit/jupiter/junit-jupiter-api/5.2.0/junit-jupiter-api-5.2.0.jar:/root/./workspace/ibanity/ibanity-java/395527837/.m2/org/apiguardian/apiguardian-api/1.0.0/apiguardian-api-1.0.0.jar:/root/./workspace/ibanity/ibanity-java/395527837/.m2/org/opentest4j/opentest4j/1.1.0/opentest4j-1.1.0.jar:/root/./workspace/ibanity/ibanity-java/395527837/.m2/org/junit/platform/junit-platform-commons/1.2.0/junit-platform-commons-1.2.0.jar:/root/./workspace/ibanity/ibanity-java/395527837/.m2/org/junit/jupiter/junit-jupiter-engine/5.2.0/junit-jupiter-engine-5.2.0.jar:/root/./workspace/ibanity/ibanity-java/395527837/.m2/org/junit/platform/junit-platform-engine/1.2.0/junit-platform-engine-1.2.0.jar:/root/./workspace/ibanity/ibanity-java/395527837/.m2/org/junit/platform/junit-platform-launcher/1.2.0/junit-platform-launcher-1.2.0.jar:/root/./workspace/ibanity/ibanity-java/395527837/.m2/org/seleniumhq/selenium/selenium-java/3.0.0/selenium-java-3.0.0.jar:/root/./workspace/ibanity/ibanity-java/395527837/.m2/org/seleniumhq/selenium/selenium-chrome-driver/3.0.0/selenium-chrome-driver-3.0.0.jar:/root/./workspace/ibanity/ibanity-java/395527837/.m2/org/seleniumhq/selenium/selenium-remote-driver/3.0.0/selenium-remote-driver-3.0.0.jar:/root/./workspace/ibanity/ibanity-java/395527837/.m2/org/seleniumhq/selenium/selenium-api/3.0.0/selenium-api-3.0.0.jar:/root/./workspace/ibanity/ibanity-java/395527837/.m2/cglib/cglib-nodep/3.2.4/cglib-nodep-3.2.4.jar:/root/./workspace/ibanity/ibanity-java/395527837/.m2/org/apache/commons/commons-exec/1.3/commons-exec-1.3.jar:/root/./workspace/ibanity/ibanity-java/395527837/.m2/com/google/code/gson/gson/2.3.1/gson-2.3.1.jar:/root/./workspace/ibanity/ibanity-java/395527837/.m2/org/apache/httpcomponents/httpmime/4.5.2/httpmime-4.5.2.jar:/root/./workspace/ibanity/ibanity-java/395527837/.m2/net/java/dev/jna/jna-platform/4.1.0/jna-platform-4.1.0.jar:/root/./workspace/ibanity/ibanity-java/395527837/.m2/net/java/dev/jna/jna/4.1.0/jna-4.1.0.jar:/root/./workspace/ibanity/ibanity-java/395527837/.m2/org/seleniumhq/selenium/selenium-edge-driver/3.0.0/selenium-edge-driver-3.0.0.jar:/root/./workspace/ibanity/ibanity-java/395527837/.m2/org/seleniumhq/selenium/selenium-firefox-driver/3.0.0/selenium-firefox-driver-3.0.0.jar:/root/./workspace/ibanity/ibanity-java/395527837/.m2/org/seleniumhq/selenium/selenium-ie-driver/3.0.0/selenium-ie-driver-3.0.0.jar:/root/./workspace/ibanity/ibanity-java/395527837/.m2/org/seleniumhq/selenium/selenium-opera-driver/3.0.0/selenium-opera-driver-3.0.0.jar:/root/./workspace/ibanity/ibanity-java/395527837/.m2/org/seleniumhq/selenium/selenium-safari-driver/3.0.0/selenium-safari-driver-3.0.0.jar:/root/./workspace/ibanity/ibanity-java/395527837/.m2/io/netty/netty/3.5.7.Final/netty-3.5.7.Final.jar:/root/./workspace/ibanity/ibanity-java/395527837/.m2/org/seleniumhq/selenium/selenium-support/3.0.0/selenium-support-3.0.0.jar:/root/./workspace/ibanity/ibanity-java/395527837/.m2/junit/junit/4.12/junit-4.12.jar:/root/./workspace/ibanity/ibanity-java/395527837/.m2/org/hamcrest/hamcrest-core/1.3/hamcrest-core-1.3.jar:/root/./workspace/ibanity/ibanity-java/395527837/.m2/com/codeborne/phantomjsdriver/1.3.0/phantomjsdriver-1.3.0.jar:"/>
    <property name="sun.cpu.endian" value="little"/>
    <property name="user.home" value="/root"/>
    <property name="user.language" value="en"/>
    <property name="java.specification.vendor" value="Oracle Corporation"/>
    <property name="java.home" value="/usr/lib/jvm/java-8-openjdk-amd64/jre"/>
    <property name="basedir" value="/root/workspace/ibanity/ibanity-java/395527837"/>
    <property name="file.separator" value="/"/>
    <property name="checkstyle.skip" value="true"/>
    <property name="line.separator" value="&#10;"/>
    <property name="skip.npm" value="true"/>
    <property name="java.vm.specification.vendor" value="Oracle Corporation"/>
    <property name="java.specification.name" value="Java Platform API Specification"/>
    <property name="java.awt.graphicsenv" value="sun.awt.X11GraphicsEnvironment"/>
    <property name="skipITs" value="true"/>
    <property name="surefire.real.class.path" value="/root/workspace/ibanity/ibanity-java/395527837/target/surefire/surefirebooter1949948877319948723.jar:/root/./workspace/ibanity/ibanity-java/395527837/.m2/org/jacoco/org.jacoco.agent/0.8.1/org.jacoco.agent-0.8.1-runtime.jar"/>
    <property name="cobertura.skip" value="true"/>
    <property name="sun.boot.class.path" value="/usr/lib/jvm/java-8-openjdk-amd64/jre/lib/resources.jar:/usr/lib/jvm/java-8-openjdk-amd64/jre/lib/rt.jar:/usr/lib/jvm/java-8-openjdk-amd64/jre/lib/sunrsasign.jar:/usr/lib/jvm/java-8-openjdk-amd64/jre/lib/jsse.jar:/usr/lib/jvm/java-8-openjdk-amd64/jre/lib/jce.jar:/usr/lib/jvm/java-8-openjdk-amd64/jre/lib/charsets.jar:/usr/lib/jvm/java-8-openjdk-amd64/jre/lib/jfr.jar:/usr/lib/jvm/java-8-openjdk-amd64/jre/classes"/>
    <property name="sun.management.compiler" value="HotSpot 64-Bit Tiered Compilers"/>
    <property name="java.runtime.version" value="1.8.0_121-8u121-b13-1~bpo8+1-b13"/>
    <property name="user.name" value="root"/>
    <property name="findbugs.skip" value="true"/>
    <property name="path.separator" value=":"/>
    <property name="os.version" value="3.10.0-862.2.3.el7.x86_64"/>
    <property name="java.endorsed.dirs" value="/usr/lib/jvm/java-8-openjdk-amd64/jre/lib/endorsed"/>
    <property name="java.runtime.name" value="OpenJDK Runtime Environment"/>
    <property name="file.encoding" value="UTF-8"/>
    <property name="java.vm.name" value="OpenJDK 64-Bit Server VM"/>
    <property name="localRepository" value="/root/./workspace/ibanity/ibanity-java/395527837/.m2"/>
    <property name="java.vendor.url.bug" value="http://bugreport.sun.com/bugreport/"/>
    <property name="java.io.tmpdir" value="/tmp"/>
    <property name="java.version" value="1.8.0_121"/>
    <property name="user.dir" value="/root/workspace/ibanity/ibanity-java/395527837"/>
    <property name="os.arch" value="amd64"/>
    <property name="license.skip" value="true"/>
    <property name="java.vm.specification.name" value="Java Virtual Machine Specification"/>
    <property name="java.awt.printerjob" value="sun.print.PSPrinterJob"/>
    <property name="sun.os.patch.level" value="unknown"/>
    <property name="java.library.path" value="/usr/java/packages/lib/amd64:/usr/lib/x86_64-linux-gnu/jni:/lib/x86_64-linux-gnu:/usr/lib/x86_64-linux-gnu:/usr/lib/jni:/lib:/usr/lib"/>
    <property name="java.vm.info" value="mixed mode"/>
    <property name="java.vendor" value="Oracle Corporation"/>
    <property name="java.vm.version" value="25.121-b13"/>
    <property name="java.ext.dirs" value="/usr/lib/jvm/java-8-openjdk-amd64/jre/lib/ext:/usr/java/packages/lib/ext"/>
    <property name="sun.io.unicode.encoding" value="UnicodeLittle"/>
    <property name="maven.repo.local" value="/root/./workspace/ibanity/ibanity-java/395527837/.m2"/>
    <property name="enforcer.skip" value="true"/>
    <property name="java.class.version" value="52.0"/>
  </properties>
  <testcase name="testGetAccountTransactionsForCustomerAccessTokenFinancialInstitutionIdAccountIdPagingSpec" classname="com.ibanity.apis.client.services.TransactionsServiceTest" time="0.038">
    <error message="no such session&#10;  (Driver info: chromedriver=2.40.565383 (76257d1ab79276b2d53ee976b2c3e3b9f335cde7),platform=Linux 3.10.0-862.2.3.el7.x86_64 x86_64) (WARNING: The server did not provide any stacktrace information)&#10;Command duration or timeout: 5 milliseconds&#10;Build info: version: &apos;3.0.0&apos;, revision: &apos;350cf60&apos;, time: &apos;2016-10-13 10:48:57 -0700&apos;&#10;System info: host: &apos;spirals-vortex.lille.inria.fr&apos;, ip: &apos;172.17.0.3&apos;, os.name: &apos;Linux&apos;, os.arch: &apos;amd64&apos;, os.version: &apos;3.10.0-862.2.3.el7.x86_64&apos;, java.version: &apos;1.8.0_121&apos;&#10;Driver info: org.openqa.selenium.chrome.ChromeDriver&#10;Capabilities [{message=unknown error: cannot find Chrome binary&#10;  (Driver info: chromedriver=2.40.565383 (76257d1ab79276b2d53ee976b2c3e3b9f335cde7),platform=Linux 3.10.0-862.2.3.el7.x86_64 x86_64), platform=ANY}]&#10;Session ID: 0cdec6de799a240a99cd59ed3c463f22" type="org.openqa.selenium.NoSuchSessionException">org.openqa.selenium.NoSuchSessionException: 
no such session
  (Driver info: chromedriver=2.40.565383 (76257d1ab79276b2d53ee976b2c3e3b9f335cde7),platform=Linux 3.10.0-862.2.3.el7.x86_64 x86_64) (WARNING: The server did not provide any stacktrace information)
Command duration or timeout: 5 milliseconds
Build info: version: '3.0.0', revision: '350cf60', time: '2016-10-13 10:48:57 -0700'
System info: host: 'spirals-vortex.lille.inria.fr', ip: '172.17.0.3', os.name: 'Linux', os.arch: 'amd64', os.version: '3.10.0-862.2.3.el7.x86_64', java.version: '1.8.0_121'
Driver info: org.openqa.selenium.chrome.ChromeDriver
Capabilities [{message=unknown error: cannot find Chrome binary
  (Driver info: chromedriver=2.40.565383 (76257d1ab79276b2d53ee976b2c3e3b9f335cde7),platform=Linux 3.10.0-862.2.3.el7.x86_64 x86_64), platform=ANY}]
Session ID: 0cdec6de799a240a99cd59ed3c463f22
	at com.ibanity.apis.client.services.TransactionsServiceTest.beforeEach(TransactionsServiceTest.java:41)
</error>
    <system-err><![CDATA[Starting ChromeDriver 2.40.565383 (76257d1ab79276b2d53ee976b2c3e3b9f335cde7) on port 1771
Only local connections are allowed.
[1529683733.006][SEVERE]: bind() returned an error, errno=99: Cannot assign requested address (99)
Jun 22, 2018 6:08:53 PM org.openqa.selenium.remote.ProtocolHandshake createSession
INFO: Attempting bi-dialect session, assuming Postel's Law holds true on the remote end
Jun 22, 2018 6:08:53 PM org.openqa.selenium.remote.ProtocolHandshake createSession
INFO: Detected dialect: OSS
]]></system-err>
  </testcase>
  <testcase name="testGetAccountTransactionWithWrongId" classname="com.ibanity.apis.client.services.TransactionsServiceTest" time="0.041">
    <error message="no such session&#10;  (Driver info: chromedriver=2.40.565383 (76257d1ab79276b2d53ee976b2c3e3b9f335cde7),platform=Linux 3.10.0-862.2.3.el7.x86_64 x86_64) (WARNING: The server did not provide any stacktrace information)&#10;Command duration or timeout: 5 milliseconds&#10;Build info: version: &apos;3.0.0&apos;, revision: &apos;350cf60&apos;, time: &apos;2016-10-13 10:48:57 -0700&apos;&#10;System info: host: &apos;spirals-vortex.lille.inria.fr&apos;, ip: &apos;172.17.0.3&apos;, os.name: &apos;Linux&apos;, os.arch: &apos;amd64&apos;, os.version: &apos;3.10.0-862.2.3.el7.x86_64&apos;, java.version: &apos;1.8.0_121&apos;&#10;Driver info: org.openqa.selenium.chrome.ChromeDriver&#10;Capabilities [{message=unknown error: cannot find Chrome binary&#10;  (Driver info: chromedriver=2.40.565383 (76257d1ab79276b2d53ee976b2c3e3b9f335cde7),platform=Linux 3.10.0-862.2.3.el7.x86_64 x86_64), platform=ANY}]&#10;Session ID: 3ba5bbd76d8386b63a8c45e16b0adee4" type="org.openqa.selenium.NoSuchSessionException">org.openqa.selenium.NoSuchSessionException: 
no such session
  (Driver info: chromedriver=2.40.565383 (76257d1ab79276b2d53ee976b2c3e3b9f335cde7),platform=Linux 3.10.0-862.2.3.el7.x86_64 x86_64) (WARNING: The server did not provide any stacktrace information)
Command duration or timeout: 5 milliseconds
Build info: version: '3.0.0', revision: '350cf60', time: '2016-10-13 10:48:57 -0700'
System info: host: 'spirals-vortex.lille.inria.fr', ip: '172.17.0.3', os.name: 'Linux', os.arch: 'amd64', os.version: '3.10.0-862.2.3.el7.x86_64', java.version: '1.8.0_121'
Driver info: org.openqa.selenium.chrome.ChromeDriver
Capabilities [{message=unknown error: cannot find Chrome binary
  (Driver info: chromedriver=2.40.565383 (76257d1ab79276b2d53ee976b2c3e3b9f335cde7),platform=Linux 3.10.0-862.2.3.el7.x86_64 x86_64), platform=ANY}]
Session ID: 3ba5bbd76d8386b63a8c45e16b0adee4
	at com.ibanity.apis.client.services.TransactionsServiceTest.beforeEach(TransactionsServiceTest.java:41)
</error>
    <system-err><![CDATA[Starting ChromeDriver 2.40.565383 (76257d1ab79276b2d53ee976b2c3e3b9f335cde7) on port 28933
Only local connections are allowed.
[1529683733.049][SEVERE]: bind() returned an error, errno=99: Cannot assign requested address (99)
Jun 22, 2018 6:08:53 PM org.openqa.selenium.remote.ProtocolHandshake createSession
INFO: Attempting bi-dialect session, assuming Postel's Law holds true on the remote end
Jun 22, 2018 6:08:53 PM org.openqa.selenium.remote.ProtocolHandshake createSession
INFO: Detected dialect: OSS
]]></system-err>
  </testcase>
  <testcase name="testGetAccountTransaction" classname="com.ibanity.apis.client.services.TransactionsServiceTest" time="0.04">
    <error message="no such session&#10;  (Driver info: chromedriver=2.40.565383 (76257d1ab79276b2d53ee976b2c3e3b9f335cde7),platform=Linux 3.10.0-862.2.3.el7.x86_64 x86_64) (WARNING: The server did not provide any stacktrace information)&#10;Command duration or timeout: 5 milliseconds&#10;Build info: version: &apos;3.0.0&apos;, revision: &apos;350cf60&apos;, time: &apos;2016-10-13 10:48:57 -0700&apos;&#10;System info: host: &apos;spirals-vortex.lille.inria.fr&apos;, ip: &apos;172.17.0.3&apos;, os.name: &apos;Linux&apos;, os.arch: &apos;amd64&apos;, os.version: &apos;3.10.0-862.2.3.el7.x86_64&apos;, java.version: &apos;1.8.0_121&apos;&#10;Driver info: org.openqa.selenium.chrome.ChromeDriver&#10;Capabilities [{message=unknown error: cannot find Chrome binary&#10;  (Driver info: chromedriver=2.40.565383 (76257d1ab79276b2d53ee976b2c3e3b9f335cde7),platform=Linux 3.10.0-862.2.3.el7.x86_64 x86_64), platform=ANY}]&#10;Session ID: b15c8168104cf0bf1af7d9e4d440f61d" type="org.openqa.selenium.NoSuchSessionException">org.openqa.selenium.NoSuchSessionException: 
no such session
  (Driver info: chromedriver=2.40.565383 (76257d1ab79276b2d53ee976b2c3e3b9f335cde7),platform=Linux 3.10.0-862.2.3.el7.x86_64 x86_64) (WARNING: The server did not provide any stacktrace information)
Command duration or timeout: 5 milliseconds
Build info: version: '3.0.0', revision: '350cf60', time: '2016-10-13 10:48:57 -0700'
System info: host: 'spirals-vortex.lille.inria.fr', ip: '172.17.0.3', os.name: 'Linux', os.arch: 'amd64', os.version: '3.10.0-862.2.3.el7.x86_64', java.version: '1.8.0_121'
Driver info: org.openqa.selenium.chrome.ChromeDriver
Capabilities [{message=unknown error: cannot find Chrome binary
  (Driver info: chromedriver=2.40.565383 (76257d1ab79276b2d53ee976b2c3e3b9f335cde7),platform=Linux 3.10.0-862.2.3.el7.x86_64 x86_64), platform=ANY}]
Session ID: b15c8168104cf0bf1af7d9e4d440f61d
	at com.ibanity.apis.client.services.TransactionsServiceTest.beforeEach(TransactionsServiceTest.java:41)
</error>
    <system-err><![CDATA[Starting ChromeDriver 2.40.565383 (76257d1ab79276b2d53ee976b2c3e3b9f335cde7) on port 10385
Only local connections are allowed.
[1529683733.089][SEVERE]: bind() returned an error, errno=99: Cannot assign requested address (99)
Jun 22, 2018 6:08:53 PM org.openqa.selenium.remote.ProtocolHandshake createSession
INFO: Attempting bi-dialect session, assuming Postel's Law holds true on the remote end
Jun 22, 2018 6:08:53 PM org.openqa.selenium.remote.ProtocolHandshake createSession
INFO: Detected dialect: OSS
]]></system-err>
  </testcase>
  <testcase name="testGetAccountTransactionsForCustomerAccessTokenFinancialInstitutionIdAccountIdDefaultPagingSpec" classname="com.ibanity.apis.client.services.TransactionsServiceTest" time="0.039">
    <error message="no such session&#10;  (Driver info: chromedriver=2.40.565383 (76257d1ab79276b2d53ee976b2c3e3b9f335cde7),platform=Linux 3.10.0-862.2.3.el7.x86_64 x86_64) (WARNING: The server did not provide any stacktrace information)&#10;Command duration or timeout: 5 milliseconds&#10;Build info: version: &apos;3.0.0&apos;, revision: &apos;350cf60&apos;, time: &apos;2016-10-13 10:48:57 -0700&apos;&#10;System info: host: &apos;spirals-vortex.lille.inria.fr&apos;, ip: &apos;172.17.0.3&apos;, os.name: &apos;Linux&apos;, os.arch: &apos;amd64&apos;, os.version: &apos;3.10.0-862.2.3.el7.x86_64&apos;, java.version: &apos;1.8.0_121&apos;&#10;Driver info: org.openqa.selenium.chrome.ChromeDriver&#10;Capabilities [{message=unknown error: cannot find Chrome binary&#10;  (Driver info: chromedriver=2.40.565383 (76257d1ab79276b2d53ee976b2c3e3b9f335cde7),platform=Linux 3.10.0-862.2.3.el7.x86_64 x86_64), platform=ANY}]&#10;Session ID: 6448e6a32cbb9cbd8f1e2424b4a6e4db" type="org.openqa.selenium.NoSuchSessionException">org.openqa.selenium.NoSuchSessionException: 
no such session
  (Driver info: chromedriver=2.40.565383 (76257d1ab79276b2d53ee976b2c3e3b9f335cde7),platform=Linux 3.10.0-862.2.3.el7.x86_64 x86_64) (WARNING: The server did not provide any stacktrace information)
Command duration or timeout: 5 milliseconds
Build info: version: '3.0.0', revision: '350cf60', time: '2016-10-13 10:48:57 -0700'
System info: host: 'spirals-vortex.lille.inria.fr', ip: '172.17.0.3', os.name: 'Linux', os.arch: 'amd64', os.version: '3.10.0-862.2.3.el7.x86_64', java.version: '1.8.0_121'
Driver info: org.openqa.selenium.chrome.ChromeDriver
Capabilities [{message=unknown error: cannot find Chrome binary
  (Driver info: chromedriver=2.40.565383 (76257d1ab79276b2d53ee976b2c3e3b9f335cde7),platform=Linux 3.10.0-862.2.3.el7.x86_64 x86_64), platform=ANY}]
Session ID: 6448e6a32cbb9cbd8f1e2424b4a6e4db
	at com.ibanity.apis.client.services.TransactionsServiceTest.beforeEach(TransactionsServiceTest.java:41)
</error>
    <system-err><![CDATA[Starting ChromeDriver 2.40.565383 (76257d1ab79276b2d53ee976b2c3e3b9f335cde7) on port 5670
Only local connections are allowed.
[1529683733.129][SEVERE]: bind() returned an error, errno=99: Cannot assign requested address (99)
Jun 22, 2018 6:08:53 PM org.openqa.selenium.remote.ProtocolHandshake createSession
INFO: Attempting bi-dialect session, assuming Postel's Law holds true on the remote end
Jun 22, 2018 6:08:53 PM org.openqa.selenium.remote.ProtocolHandshake createSession
INFO: Detected dialect: OSS
]]></system-err>
  </testcase>
  <testcase name="testGetAccountTransactionsForCustomerAccessTokenAndWrongFinancialInstitutionIdAccountIdPaginSpec" classname="com.ibanity.apis.client.services.TransactionsServiceTest" time="0.041">
    <error message="no such session&#10;  (Driver info: chromedriver=2.40.565383 (76257d1ab79276b2d53ee976b2c3e3b9f335cde7),platform=Linux 3.10.0-862.2.3.el7.x86_64 x86_64) (WARNING: The server did not provide any stacktrace information)&#10;Command duration or timeout: 5 milliseconds&#10;Build info: version: &apos;3.0.0&apos;, revision: &apos;350cf60&apos;, time: &apos;2016-10-13 10:48:57 -0700&apos;&#10;System info: host: &apos;spirals-vortex.lille.inria.fr&apos;, ip: &apos;172.17.0.3&apos;, os.name: &apos;Linux&apos;, os.arch: &apos;amd64&apos;, os.version: &apos;3.10.0-862.2.3.el7.x86_64&apos;, java.version: &apos;1.8.0_121&apos;&#10;Driver info: org.openqa.selenium.chrome.ChromeDriver&#10;Capabilities [{message=unknown error: cannot find Chrome binary&#10;  (Driver info: chromedriver=2.40.565383 (76257d1ab79276b2d53ee976b2c3e3b9f335cde7),platform=Linux 3.10.0-862.2.3.el7.x86_64 x86_64), platform=ANY}]&#10;Session ID: b311ba4346f53ab2dfdaed611a7801f3" type="org.openqa.selenium.NoSuchSessionException">org.openqa.selenium.NoSuchSessionException: 
no such session
  (Driver info: chromedriver=2.40.565383 (76257d1ab79276b2d53ee976b2c3e3b9f335cde7),platform=Linux 3.10.0-862.2.3.el7.x86_64 x86_64) (WARNING: The server did not provide any stacktrace information)
Command duration or timeout: 5 milliseconds
Build info: version: '3.0.0', revision: '350cf60', time: '2016-10-13 10:48:57 -0700'
System info: host: 'spirals-vortex.lille.inria.fr', ip: '172.17.0.3', os.name: 'Linux', os.arch: 'amd64', os.version: '3.10.0-862.2.3.el7.x86_64', java.version: '1.8.0_121'
Driver info: org.openqa.selenium.chrome.ChromeDriver
Capabilities [{message=unknown error: cannot find Chrome binary
  (Driver info: chromedriver=2.40.565383 (76257d1ab79276b2d53ee976b2c3e3b9f335cde7),platform=Linux 3.10.0-862.2.3.el7.x86_64 x86_64), platform=ANY}]
Session ID: b311ba4346f53ab2dfdaed611a7801f3
	at com.ibanity.apis.client.services.TransactionsServiceTest.beforeEach(TransactionsServiceTest.java:41)
</error>
    <system-err><![CDATA[Starting ChromeDriver 2.40.565383 (76257d1ab79276b2d53ee976b2c3e3b9f335cde7) on port 29367
Only local connections are allowed.
[1529683733.170][SEVERE]: bind() returned an error, errno=99: Cannot assign requested address (99)
Jun 22, 2018 6:08:53 PM org.openqa.selenium.remote.ProtocolHandshake createSession
INFO: Attempting bi-dialect session, assuming Postel's Law holds true on the remote end
Jun 22, 2018 6:08:53 PM org.openqa.selenium.remote.ProtocolHandshake createSession
INFO: Detected dialect: OSS
]]></system-err>
  </testcase>
  <testcase name="testGetAccountTransactionsForCustomerAccessTokenAndWrongFinancialInstitutionIdAccountId" classname="com.ibanity.apis.client.services.TransactionsServiceTest" time="0.039">
    <error message="no such session&#10;  (Driver info: chromedriver=2.40.565383 (76257d1ab79276b2d53ee976b2c3e3b9f335cde7),platform=Linux 3.10.0-862.2.3.el7.x86_64 x86_64) (WARNING: The server did not provide any stacktrace information)&#10;Command duration or timeout: 5 milliseconds&#10;Build info: version: &apos;3.0.0&apos;, revision: &apos;350cf60&apos;, time: &apos;2016-10-13 10:48:57 -0700&apos;&#10;System info: host: &apos;spirals-vortex.lille.inria.fr&apos;, ip: &apos;172.17.0.3&apos;, os.name: &apos;Linux&apos;, os.arch: &apos;amd64&apos;, os.version: &apos;3.10.0-862.2.3.el7.x86_64&apos;, java.version: &apos;1.8.0_121&apos;&#10;Driver info: org.openqa.selenium.chrome.ChromeDriver&#10;Capabilities [{message=unknown error: cannot find Chrome binary&#10;  (Driver info: chromedriver=2.40.565383 (76257d1ab79276b2d53ee976b2c3e3b9f335cde7),platform=Linux 3.10.0-862.2.3.el7.x86_64 x86_64), platform=ANY}]&#10;Session ID: a51e53d133c443dd80a36eeb2274052a" type="org.openqa.selenium.NoSuchSessionException">org.openqa.selenium.NoSuchSessionException: 
no such session
  (Driver info: chromedriver=2.40.565383 (76257d1ab79276b2d53ee976b2c3e3b9f335cde7),platform=Linux 3.10.0-862.2.3.el7.x86_64 x86_64) (WARNING: The server did not provide any stacktrace information)
Command duration or timeout: 5 milliseconds
Build info: version: '3.0.0', revision: '350cf60', time: '2016-10-13 10:48:57 -0700'
System info: host: 'spirals-vortex.lille.inria.fr', ip: '172.17.0.3', os.name: 'Linux', os.arch: 'amd64', os.version: '3.10.0-862.2.3.el7.x86_64', java.version: '1.8.0_121'
Driver info: org.openqa.selenium.chrome.ChromeDriver
Capabilities [{message=unknown error: cannot find Chrome binary
  (Driver info: chromedriver=2.40.565383 (76257d1ab79276b2d53ee976b2c3e3b9f335cde7),platform=Linux 3.10.0-862.2.3.el7.x86_64 x86_64), platform=ANY}]
Session ID: a51e53d133c443dd80a36eeb2274052a
	at com.ibanity.apis.client.services.TransactionsServiceTest.beforeEach(TransactionsServiceTest.java:41)
</error>
    <system-err><![CDATA[Starting ChromeDriver 2.40.565383 (76257d1ab79276b2d53ee976b2c3e3b9f335cde7) on port 27105
Only local connections are allowed.
[1529683733.211][SEVERE]: bind() returned an error, errno=99: Cannot assign requested address (99)
Jun 22, 2018 6:08:53 PM org.openqa.selenium.remote.ProtocolHandshake createSession
INFO: Attempting bi-dialect session, assuming Postel's Law holds true on the remote end
Jun 22, 2018 6:08:53 PM org.openqa.selenium.remote.ProtocolHandshake createSession
INFO: Detected dialect: OSS
]]></system-err>
  </testcase>
  <testcase name="testGetAccountTransactionsForCustomerAccessTokenFinancialInstitutionIdAccountId" classname="com.ibanity.apis.client.services.TransactionsServiceTest" time="0.039">
    <error message="no such session&#10;  (Driver info: chromedriver=2.40.565383 (76257d1ab79276b2d53ee976b2c3e3b9f335cde7),platform=Linux 3.10.0-862.2.3.el7.x86_64 x86_64) (WARNING: The server did not provide any stacktrace information)&#10;Command duration or timeout: 5 milliseconds&#10;Build info: version: &apos;3.0.0&apos;, revision: &apos;350cf60&apos;, time: &apos;2016-10-13 10:48:57 -0700&apos;&#10;System info: host: &apos;spirals-vortex.lille.inria.fr&apos;, ip: &apos;172.17.0.3&apos;, os.name: &apos;Linux&apos;, os.arch: &apos;amd64&apos;, os.version: &apos;3.10.0-862.2.3.el7.x86_64&apos;, java.version: &apos;1.8.0_121&apos;&#10;Driver info: org.openqa.selenium.chrome.ChromeDriver&#10;Capabilities [{message=unknown error: cannot find Chrome binary&#10;  (Driver info: chromedriver=2.40.565383 (76257d1ab79276b2d53ee976b2c3e3b9f335cde7),platform=Linux 3.10.0-862.2.3.el7.x86_64 x86_64), platform=ANY}]&#10;Session ID: b3aa408f556f76600ddc14b3fe878454" type="org.openqa.selenium.NoSuchSessionException">org.openqa.selenium.NoSuchSessionException: 
no such session
  (Driver info: chromedriver=2.40.565383 (76257d1ab79276b2d53ee976b2c3e3b9f335cde7),platform=Linux 3.10.0-862.2.3.el7.x86_64 x86_64) (WARNING: The server did not provide any stacktrace information)
Command duration or timeout: 5 milliseconds
Build info: version: '3.0.0', revision: '350cf60', time: '2016-10-13 10:48:57 -0700'
System info: host: 'spirals-vortex.lille.inria.fr', ip: '172.17.0.3', os.name: 'Linux', os.arch: 'amd64', os.version: '3.10.0-862.2.3.el7.x86_64', java.version: '1.8.0_121'
Driver info: org.openqa.selenium.chrome.ChromeDriver
Capabilities [{message=unknown error: cannot find Chrome binary
  (Driver info: chromedriver=2.40.565383 (76257d1ab79276b2d53ee976b2c3e3b9f335cde7),platform=Linux 3.10.0-862.2.3.el7.x86_64 x86_64), platform=ANY}]
Session ID: b3aa408f556f76600ddc14b3fe878454
	at com.ibanity.apis.client.services.TransactionsServiceTest.beforeEach(TransactionsServiceTest.java:41)
</error>
    <system-err><![CDATA[Starting ChromeDriver 2.40.565383 (76257d1ab79276b2d53ee976b2c3e3b9f335cde7) on port 5291
Only local connections are allowed.
[1529683733.249][SEVERE]: bind() returned an error, errno=99: Cannot assign requested address (99)
Jun 22, 2018 6:08:53 PM org.openqa.selenium.remote.ProtocolHandshake createSession
INFO: Attempting bi-dialect session, assuming Postel's Law holds true on the remote end
Jun 22, 2018 6:08:53 PM org.openqa.selenium.remote.ProtocolHandshake createSession
INFO: Detected dialect: OSS
]]></system-err>
  </testcase>
</testsuite>