<?xml version="1.0" encoding="UTF-8"?>
<testng-results skipped="0" failed="0" total="29" passed="29">
  <reporter-output>
  </reporter-output>
  <suite name="Surefire suite" duration-ms="4881" started-at="2018-05-30T12:47:03Z" finished-at="2018-05-30T12:47:08Z">
    <groups>
    </groups>
    <test name="Surefire test" duration-ms="4881" started-at="2018-05-30T12:47:03Z" finished-at="2018-05-30T12:47:08Z">
      <class name="org.molgenis.apps.AppsControllerTest">
        <test-method status="PASS" signature="springTestContextBeforeTestClass()[pri:0, instance:org.molgenis.apps.AppsControllerTest@7b222230]" name="springTestContextBeforeTestClass" is-config="true" duration-ms="18" started-at="2018-05-30T14:47:03Z" finished-at="2018-05-30T14:47:03Z">
          <reporter-output>
          </reporter-output>
        </test-method> <!-- springTestContextBeforeTestClass -->
        <test-method status="PASS" signature="springTestContextPrepareTestInstance()[pri:0, instance:org.molgenis.apps.AppsControllerTest@7b222230]" name="springTestContextPrepareTestInstance" is-config="true" duration-ms="1090" started-at="2018-05-30T14:47:03Z" depends-on-methods="org.springframework.test.context.testng.AbstractTestNGSpringContextTests.springTestContextBeforeTestClass" finished-at="2018-05-30T14:47:05Z">
          <reporter-output>
          </reporter-output>
        </test-method> <!-- springTestContextPrepareTestInstance -->
        <test-method status="PASS" signature="springTestContextBeforeTestMethod(java.lang.reflect.Method)[pri:0, instance:org.molgenis.apps.AppsControllerTest@7b222230]" name="springTestContextBeforeTestMethod" is-config="true" duration-ms="2" started-at="2018-05-30T14:47:05Z" finished-at="2018-05-30T14:47:05Z">
          <params>
            <param index="0">
              <value>
                <![CDATA[public void org.molgenis.apps.AppsControllerTest.AppsController()]]>
              </value>
            </param>
          </params>
          <reporter-output>
          </reporter-output>
        </test-method> <!-- springTestContextBeforeTestMethod -->
        <test-method status="PASS" signature="initMocks()[pri:0, instance:org.molgenis.apps.AppsControllerTest@7b222230]" name="initMocks" is-config="true" duration-ms="1013" started-at="2018-05-30T14:47:05Z" finished-at="2018-05-30T14:47:06Z">
          <reporter-output>
          </reporter-output>
        </test-method> <!-- initMocks -->
        <test-method status="PASS" signature="setUpBeforeMethod()[pri:0, instance:org.molgenis.apps.AppsControllerTest@7b222230]" name="setUpBeforeMethod" is-config="true" duration-ms="1423" started-at="2018-05-30T14:47:06Z" finished-at="2018-05-30T14:47:07Z">
          <reporter-output>
          </reporter-output>
        </test-method> <!-- setUpBeforeMethod -->
        <test-method status="PASS" signature="AppsController()[pri:0, instance:org.molgenis.apps.AppsControllerTest@7b222230]" name="AppsController" duration-ms="3" started-at="2018-05-30T14:47:07Z" finished-at="2018-05-30T14:47:07Z">
          <exception class="java.lang.NullPointerException">
            <full-stacktrace>
              <![CDATA[java.lang.NullPointerException
	at java.util.Objects.requireNonNull(Objects.java:203)
	at org.molgenis.apps.AppsController.<init>(AppsController.java:51)
	at org.molgenis.apps.AppsControllerTest.AppsController(AppsControllerTest.java:72)
	at sun.reflect.NativeMethodAccessorImpl.invoke0(Native Method)
	at sun.reflect.NativeMethodAccessorImpl.invoke(NativeMethodAccessorImpl.java:62)
	at sun.reflect.DelegatingMethodAccessorImpl.invoke(DelegatingMethodAccessorImpl.java:43)
	at java.lang.reflect.Method.invoke(Method.java:498)
	at org.testng.internal.MethodInvocationHelper.invokeMethod(MethodInvocationHelper.java:80)
	at org.testng.internal.MethodInvocationHelper$1.runTestMethod(MethodInvocationHelper.java:182)
	at org.springframework.test.context.testng.AbstractTestNGSpringContextTests.run(AbstractTestNGSpringContextTests.java:180)
	at sun.reflect.NativeMethodAccessorImpl.invoke0(Native Method)
	at sun.reflect.NativeMethodAccessorImpl.invoke(NativeMethodAccessorImpl.java:62)
	at sun.reflect.DelegatingMethodAccessorImpl.invoke(DelegatingMethodAccessorImpl.java:43)
	at java.lang.reflect.Method.invoke(Method.java:498)
	at org.testng.internal.MethodInvocationHelper.invokeHookable(MethodInvocationHelper.java:194)
	at org.testng.internal.Invoker.invokeMethod(Invoker.java:707)
	at org.testng.internal.Invoker.invokeTestMethod(Invoker.java:901)
	at org.testng.internal.Invoker.invokeTestMethods(Invoker.java:1231)
	at org.testng.internal.TestMethodWorker.invokeTestMethods(TestMethodWorker.java:127)
	at org.testng.internal.TestMethodWorker.run(TestMethodWorker.java:111)
	at org.testng.TestRunner.privateRun(TestRunner.java:767)
	at org.testng.TestRunner.run(TestRunner.java:617)
	at org.testng.SuiteRunner.runTest(SuiteRunner.java:334)
	at org.testng.SuiteRunner.runSequentially(SuiteRunner.java:329)
	at org.testng.SuiteRunner.privateRun(SuiteRunner.java:291)
	at org.testng.SuiteRunner.run(SuiteRunner.java:240)
	at org.testng.SuiteRunnerWorker.runSuite(SuiteRunnerWorker.java:52)
	at org.testng.SuiteRunnerWorker.run(SuiteRunnerWorker.java:86)
	at org.testng.TestNG.runSuitesSequentially(TestNG.java:1198)
	at org.testng.TestNG.runSuitesLocally(TestNG.java:1123)
	at org.testng.TestNG.run(TestNG.java:1031)
	at org.apache.maven.surefire.testng.TestNGExecutor.run(TestNGExecutor.java:135)
	at org.apache.maven.surefire.testng.TestNGDirectoryTestSuite.executeMulti(TestNGDirectoryTestSuite.java:193)
	at org.apache.maven.surefire.testng.TestNGDirectoryTestSuite.execute(TestNGDirectoryTestSuite.java:94)
	at org.apache.maven.surefire.testng.TestNGProvider.invoke(TestNGProvider.java:146)
	at org.apache.maven.surefire.booter.ForkedBooter.invokeProviderInSameClassLoader(ForkedBooter.java:379)
	at org.apache.maven.surefire.booter.ForkedBooter.runSuitesInProcess(ForkedBooter.java:340)
	at org.apache.maven.surefire.booter.ForkedBooter.execute(ForkedBooter.java:125)
	at org.apache.maven.surefire.booter.ForkedBooter.main(ForkedBooter.java:413)
]]>
            </full-stacktrace>
          </exception> <!-- java.lang.NullPointerException -->
          <reporter-output>
          </reporter-output>
        </test-method> <!-- AppsController -->
        <test-method status="PASS" signature="tearDownAfterMethod()[pri:0, instance:org.molgenis.apps.AppsControllerTest@7b222230]" name="tearDownAfterMethod" is-config="true" duration-ms="8" started-at="2018-05-30T14:47:07Z" finished-at="2018-05-30T14:47:07Z">
          <reporter-output>
          </reporter-output>
        </test-method> <!-- tearDownAfterMethod -->
        <test-method status="PASS" signature="springTestContextAfterTestMethod(java.lang.reflect.Method)[pri:0, instance:org.molgenis.apps.AppsControllerTest@7b222230]" name="springTestContextAfterTestMethod" is-config="true" duration-ms="1" started-at="2018-05-30T14:47:07Z" finished-at="2018-05-30T14:47:07Z">
          <params>
            <param index="0">
              <value>
                <![CDATA[public void org.molgenis.apps.AppsControllerTest.AppsController()]]>
              </value>
            </param>
          </params>
          <reporter-output>
          </reporter-output>
        </test-method> <!-- springTestContextAfterTestMethod -->
        <test-method status="PASS" signature="springTestContextBeforeTestMethod(java.lang.reflect.Method)[pri:0, instance:org.molgenis.apps.AppsControllerTest@7b222230]" name="springTestContextBeforeTestMethod" is-config="true" duration-ms="2" started-at="2018-05-30T14:47:07Z" finished-at="2018-05-30T14:47:07Z">
          <params>
            <param index="0">
              <value>
                <![CDATA[public void org.molgenis.apps.AppsControllerTest.testActivateApp() throws java.lang.Exception]]>
              </value>
            </param>
          </params>
          <reporter-output>
          </reporter-output>
        </test-method> <!-- springTestContextBeforeTestMethod -->
        <test-method status="PASS" signature="initMocks()[pri:0, instance:org.molgenis.apps.AppsControllerTest@7b222230]" name="initMocks" is-config="true" duration-ms="2" started-at="2018-05-30T14:47:07Z" finished-at="2018-05-30T14:47:07Z">
          <reporter-output>
          </reporter-output>
        </test-method> <!-- initMocks -->
        <test-method status="PASS" signature="setUpBeforeMethod()[pri:0, instance:org.molgenis.apps.AppsControllerTest@7b222230]" name="setUpBeforeMethod" is-config="true" duration-ms="30" started-at="2018-05-30T14:47:07Z" finished-at="2018-05-30T14:47:07Z">
          <reporter-output>
          </reporter-output>
        </test-method> <!-- setUpBeforeMethod -->
        <test-method status="PASS" signature="testActivateApp()[pri:0, instance:org.molgenis.apps.AppsControllerTest@7b222230]" name="testActivateApp" duration-ms="280" started-at="2018-05-30T14:47:07Z" finished-at="2018-05-30T14:47:07Z">
          <reporter-output>
          </reporter-output>
        </test-method> <!-- testActivateApp -->
        <test-method status="PASS" signature="tearDownAfterMethod()[pri:0, instance:org.molgenis.apps.AppsControllerTest@7b222230]" name="tearDownAfterMethod" is-config="true" duration-ms="0" started-at="2018-05-30T14:47:07Z" finished-at="2018-05-30T14:47:07Z">
          <reporter-output>
          </reporter-output>
        </test-method> <!-- tearDownAfterMethod -->
        <test-method status="PASS" signature="springTestContextAfterTestMethod(java.lang.reflect.Method)[pri:0, instance:org.molgenis.apps.AppsControllerTest@7b222230]" name="springTestContextAfterTestMethod" is-config="true" duration-ms="2" started-at="2018-05-30T14:47:07Z" finished-at="2018-05-30T14:47:07Z">
          <params>
            <param index="0">
              <value>
                <![CDATA[public void org.molgenis.apps.AppsControllerTest.testActivateApp() throws java.lang.Exception]]>
              </value>
            </param>
          </params>
          <reporter-output>
          </reporter-output>
        </test-method> <!-- springTestContextAfterTestMethod -->
        <test-method status="PASS" signature="springTestContextBeforeTestMethod(java.lang.reflect.Method)[pri:0, instance:org.molgenis.apps.AppsControllerTest@7b222230]" name="springTestContextBeforeTestMethod" is-config="true" duration-ms="3" started-at="2018-05-30T14:47:07Z" finished-at="2018-05-30T14:47:07Z">
          <params>
            <param index="0">
              <value>
                <![CDATA[public void org.molgenis.apps.AppsControllerTest.testActivateAppAlreadyActivated() throws java.lang.Exception]]>
              </value>
            </param>
          </params>
          <reporter-output>
          </reporter-output>
        </test-method> <!-- springTestContextBeforeTestMethod -->
        <test-method status="PASS" signature="initMocks()[pri:0, instance:org.molgenis.apps.AppsControllerTest@7b222230]" name="initMocks" is-config="true" duration-ms="1" started-at="2018-05-30T14:47:07Z" finished-at="2018-05-30T14:47:07Z">
          <reporter-output>
          </reporter-output>
        </test-method> <!-- initMocks -->
        <test-method status="PASS" signature="setUpBeforeMethod()[pri:0, instance:org.molgenis.apps.AppsControllerTest@7b222230]" name="setUpBeforeMethod" is-config="true" duration-ms="31" started-at="2018-05-30T14:47:07Z" finished-at="2018-05-30T14:47:07Z">
          <reporter-output>
          </reporter-output>
        </test-method> <!-- setUpBeforeMethod -->
        <test-method status="PASS" signature="testActivateAppAlreadyActivated()[pri:0, instance:org.molgenis.apps.AppsControllerTest@7b222230]" name="testActivateAppAlreadyActivated" duration-ms="43" started-at="2018-05-30T14:47:07Z" finished-at="2018-05-30T14:47:07Z">
          <reporter-output>
          </reporter-output>
        </test-method> <!-- testActivateAppAlreadyActivated -->
        <test-method status="PASS" signature="tearDownAfterMethod()[pri:0, instance:org.molgenis.apps.AppsControllerTest@7b222230]" name="tearDownAfterMethod" is-config="true" duration-ms="0" started-at="2018-05-30T14:47:07Z" finished-at="2018-05-30T14:47:07Z">
          <reporter-output>
          </reporter-output>
        </test-method> <!-- tearDownAfterMethod -->
        <test-method status="PASS" signature="springTestContextAfterTestMethod(java.lang.reflect.Method)[pri:0, instance:org.molgenis.apps.AppsControllerTest@7b222230]" name="springTestContextAfterTestMethod" is-config="true" duration-ms="1" started-at="2018-05-30T14:47:07Z" finished-at="2018-05-30T14:47:07Z">
          <params>
            <param index="0">
              <value>
                <![CDATA[public void org.molgenis.apps.AppsControllerTest.testActivateAppAlreadyActivated() throws java.lang.Exception]]>
              </value>
            </param>
          </params>
          <reporter-output>
          </reporter-output>
        </test-method> <!-- springTestContextAfterTestMethod -->
        <test-method status="PASS" signature="springTestContextBeforeTestMethod(java.lang.reflect.Method)[pri:0, instance:org.molgenis.apps.AppsControllerTest@7b222230]" name="springTestContextBeforeTestMethod" is-config="true" duration-ms="2" started-at="2018-05-30T14:47:07Z" finished-at="2018-05-30T14:47:07Z">
          <params>
            <param index="0">
              <value>
                <![CDATA[public void org.molgenis.apps.AppsControllerTest.testActivateAppUnknownApp() throws java.lang.Exception]]>
              </value>
            </param>
          </params>
          <reporter-output>
          </reporter-output>
        </test-method> <!-- springTestContextBeforeTestMethod -->
        <test-method status="PASS" signature="setUpBeforeMethod()[pri:0, instance:org.molgenis.apps.AppsControllerTest@7b222230]" name="setUpBeforeMethod" is-config="true" duration-ms="28" started-at="2018-05-30T14:47:07Z" finished-at="2018-05-30T14:47:07Z">
          <reporter-output>
          </reporter-output>
        </test-method> <!-- setUpBeforeMethod -->
        <test-method status="PASS" signature="initMocks()[pri:0, instance:org.molgenis.apps.AppsControllerTest@7b222230]" name="initMocks" is-config="true" duration-ms="0" started-at="2018-05-30T14:47:07Z" finished-at="2018-05-30T14:47:07Z">
          <reporter-output>
          </reporter-output>
        </test-method> <!-- initMocks -->
        <test-method status="PASS" signature="testActivateAppUnknownApp()[pri:0, instance:org.molgenis.apps.AppsControllerTest@7b222230]" name="testActivateAppUnknownApp" duration-ms="6" started-at="2018-05-30T14:47:07Z" finished-at="2018-05-30T14:47:07Z">
          <reporter-output>
          </reporter-output>
        </test-method> <!-- testActivateAppUnknownApp -->
        <test-method status="PASS" signature="tearDownAfterMethod()[pri:0, instance:org.molgenis.apps.AppsControllerTest@7b222230]" name="tearDownAfterMethod" is-config="true" duration-ms="1" started-at="2018-05-30T14:47:07Z" finished-at="2018-05-30T14:47:07Z">
          <reporter-output>
          </reporter-output>
        </test-method> <!-- tearDownAfterMethod -->
        <test-method status="PASS" signature="springTestContextAfterTestMethod(java.lang.reflect.Method)[pri:0, instance:org.molgenis.apps.AppsControllerTest@7b222230]" name="springTestContextAfterTestMethod" is-config="true" duration-ms="1" started-at="2018-05-30T14:47:07Z" finished-at="2018-05-30T14:47:07Z">
          <params>
            <param index="0">
              <value>
                <![CDATA[public void org.molgenis.apps.AppsControllerTest.testActivateAppUnknownApp() throws java.lang.Exception]]>
              </value>
            </param>
          </params>
          <reporter-output>
          </reporter-output>
        </test-method> <!-- springTestContextAfterTestMethod -->
        <test-method status="PASS" signature="springTestContextBeforeTestMethod(java.lang.reflect.Method)[pri:0, instance:org.molgenis.apps.AppsControllerTest@7b222230]" name="springTestContextBeforeTestMethod" is-config="true" duration-ms="2" started-at="2018-05-30T14:47:07Z" finished-at="2018-05-30T14:47:07Z">
          <params>
            <param index="0">
              <value>
                <![CDATA[public void org.molgenis.apps.AppsControllerTest.testDeActivateAppAlreadyDeactivated() throws java.lang.Exception]]>
              </value>
            </param>
          </params>
          <reporter-output>
          </reporter-output>
        </test-method> <!-- springTestContextBeforeTestMethod -->
        <test-method status="PASS" signature="initMocks()[pri:0, instance:org.molgenis.apps.AppsControllerTest@7b222230]" name="initMocks" is-config="true" duration-ms="1" started-at="2018-05-30T14:47:07Z" finished-at="2018-05-30T14:47:07Z">
          <reporter-output>
          </reporter-output>
        </test-method> <!-- initMocks -->
        <test-method status="PASS" signature="setUpBeforeMethod()[pri:0, instance:org.molgenis.apps.AppsControllerTest@7b222230]" name="setUpBeforeMethod" is-config="true" duration-ms="22" started-at="2018-05-30T14:47:07Z" finished-at="2018-05-30T14:47:07Z">
          <reporter-output>
          </reporter-output>
        </test-method> <!-- setUpBeforeMethod -->
        <test-method status="PASS" signature="testDeActivateAppAlreadyDeactivated()[pri:0, instance:org.molgenis.apps.AppsControllerTest@7b222230]" name="testDeActivateAppAlreadyDeactivated" duration-ms="7" started-at="2018-05-30T14:47:07Z" finished-at="2018-05-30T14:47:07Z">
          <reporter-output>
          </reporter-output>
        </test-method> <!-- testDeActivateAppAlreadyDeactivated -->
        <test-method status="PASS" signature="springTestContextAfterTestMethod(java.lang.reflect.Method)[pri:0, instance:org.molgenis.apps.AppsControllerTest@7b222230]" name="springTestContextAfterTestMethod" is-config="true" duration-ms="1" started-at="2018-05-30T14:47:07Z" finished-at="2018-05-30T14:47:07Z">
          <params>
            <param index="0">
              <value>
                <![CDATA[public void org.molgenis.apps.AppsControllerTest.testDeActivateAppAlreadyDeactivated() throws java.lang.Exception]]>
              </value>
            </param>
          </params>
          <reporter-output>
          </reporter-output>
        </test-method> <!-- springTestContextAfterTestMethod -->
        <test-method status="PASS" signature="tearDownAfterMethod()[pri:0, instance:org.molgenis.apps.AppsControllerTest@7b222230]" name="tearDownAfterMethod" is-config="true" duration-ms="0" started-at="2018-05-30T14:47:07Z" finished-at="2018-05-30T14:47:07Z">
          <reporter-output>
          </reporter-output>
        </test-method> <!-- tearDownAfterMethod -->
        <test-method status="PASS" signature="springTestContextBeforeTestMethod(java.lang.reflect.Method)[pri:0, instance:org.molgenis.apps.AppsControllerTest@7b222230]" name="springTestContextBeforeTestMethod" is-config="true" duration-ms="1" started-at="2018-05-30T14:47:07Z" finished-at="2018-05-30T14:47:07Z">
          <params>
            <param index="0">
              <value>
                <![CDATA[public void org.molgenis.apps.AppsControllerTest.testDeactivateApp() throws java.lang.Exception]]>
              </value>
            </param>
          </params>
          <reporter-output>
          </reporter-output>
        </test-method> <!-- springTestContextBeforeTestMethod -->
        <test-method status="PASS" signature="initMocks()[pri:0, instance:org.molgenis.apps.AppsControllerTest@7b222230]" name="initMocks" is-config="true" duration-ms="1" started-at="2018-05-30T14:47:07Z" finished-at="2018-05-30T14:47:07Z">
          <reporter-output>
          </reporter-output>
        </test-method> <!-- initMocks -->
        <test-method status="PASS" signature="setUpBeforeMethod()[pri:0, instance:org.molgenis.apps.AppsControllerTest@7b222230]" name="setUpBeforeMethod" is-config="true" duration-ms="21" started-at="2018-05-30T14:47:07Z" finished-at="2018-05-30T14:47:07Z">
          <reporter-output>
          </reporter-output>
        </test-method> <!-- setUpBeforeMethod -->
        <test-method status="PASS" signature="testDeactivateApp()[pri:0, instance:org.molgenis.apps.AppsControllerTest@7b222230]" name="testDeactivateApp" duration-ms="3" started-at="2018-05-30T14:47:07Z" finished-at="2018-05-30T14:47:07Z">
          <reporter-output>
          </reporter-output>
        </test-method> <!-- testDeactivateApp -->
        <test-method status="PASS" signature="tearDownAfterMethod()[pri:0, instance:org.molgenis.apps.AppsControllerTest@7b222230]" name="tearDownAfterMethod" is-config="true" duration-ms="1" started-at="2018-05-30T14:47:07Z" finished-at="2018-05-30T14:47:07Z">
          <reporter-output>
          </reporter-output>
        </test-method> <!-- tearDownAfterMethod -->
        <test-method status="PASS" signature="springTestContextBeforeTestMethod(java.lang.reflect.Method)[pri:0, instance:org.molgenis.apps.AppsControllerTest@7b222230]" name="springTestContextBeforeTestMethod" is-config="true" duration-ms="1" started-at="2018-05-30T14:47:07Z" finished-at="2018-05-30T14:47:07Z">
          <params>
            <param index="0">
              <value>
                <![CDATA[public void org.molgenis.apps.AppsControllerTest.testDeactivateAppUnknownApp() throws java.lang.Exception]]>
              </value>
            </param>
          </params>
          <reporter-output>
          </reporter-output>
        </test-method> <!-- springTestContextBeforeTestMethod -->
        <test-method status="PASS" signature="springTestContextAfterTestMethod(java.lang.reflect.Method)[pri:0, instance:org.molgenis.apps.AppsControllerTest@7b222230]" name="springTestContextAfterTestMethod" is-config="true" duration-ms="0" started-at="2018-05-30T14:47:07Z" finished-at="2018-05-30T14:47:07Z">
          <params>
            <param index="0">
              <value>
                <![CDATA[public void org.molgenis.apps.AppsControllerTest.testDeactivateApp() throws java.lang.Exception]]>
              </value>
            </param>
          </params>
          <reporter-output>
          </reporter-output>
        </test-method> <!-- springTestContextAfterTestMethod -->
        <test-method status="PASS" signature="initMocks()[pri:0, instance:org.molgenis.apps.AppsControllerTest@7b222230]" name="initMocks" is-config="true" duration-ms="1" started-at="2018-05-30T14:47:07Z" finished-at="2018-05-30T14:47:07Z">
          <reporter-output>
          </reporter-output>
        </test-method> <!-- initMocks -->
        <test-method status="PASS" signature="setUpBeforeMethod()[pri:0, instance:org.molgenis.apps.AppsControllerTest@7b222230]" name="setUpBeforeMethod" is-config="true" duration-ms="26" started-at="2018-05-30T14:47:07Z" finished-at="2018-05-30T14:47:07Z">
          <reporter-output>
          </reporter-output>
        </test-method> <!-- setUpBeforeMethod -->
        <test-method status="PASS" signature="testDeactivateAppUnknownApp()[pri:0, instance:org.molgenis.apps.AppsControllerTest@7b222230]" name="testDeactivateAppUnknownApp" duration-ms="4" started-at="2018-05-30T14:47:07Z" finished-at="2018-05-30T14:47:08Z">
          <reporter-output>
          </reporter-output>
        </test-method> <!-- testDeactivateAppUnknownApp -->
        <test-method status="PASS" signature="tearDownAfterMethod()[pri:0, instance:org.molgenis.apps.AppsControllerTest@7b222230]" name="tearDownAfterMethod" is-config="true" duration-ms="1" started-at="2018-05-30T14:47:08Z" finished-at="2018-05-30T14:47:08Z">
          <reporter-output>
          </reporter-output>
        </test-method> <!-- tearDownAfterMethod -->
        <test-method status="PASS" signature="springTestContextAfterTestMethod(java.lang.reflect.Method)[pri:0, instance:org.molgenis.apps.AppsControllerTest@7b222230]" name="springTestContextAfterTestMethod" is-config="true" duration-ms="0" started-at="2018-05-30T14:47:08Z" finished-at="2018-05-30T14:47:08Z">
          <params>
            <param index="0">
              <value>
                <![CDATA[public void org.molgenis.apps.AppsControllerTest.testDeactivateAppUnknownApp() throws java.lang.Exception]]>
              </value>
            </param>
          </params>
          <reporter-output>
          </reporter-output>
        </test-method> <!-- springTestContextAfterTestMethod -->
        <test-method status="PASS" signature="springTestContextBeforeTestMethod(java.lang.reflect.Method)[pri:0, instance:org.molgenis.apps.AppsControllerTest@7b222230]" name="springTestContextBeforeTestMethod" is-config="true" duration-ms="2" started-at="2018-05-30T14:47:08Z" finished-at="2018-05-30T14:47:08Z">
          <params>
            <param index="0">
              <value>
                <![CDATA[public void org.molgenis.apps.AppsControllerTest.testInit(boolean) throws java.lang.Exception]]>
              </value>
            </param>
          </params>
          <reporter-output>
          </reporter-output>
        </test-method> <!-- springTestContextBeforeTestMethod -->
        <test-method status="PASS" signature="initMocks()[pri:0, instance:org.molgenis.apps.AppsControllerTest@7b222230]" name="initMocks" is-config="true" duration-ms="0" started-at="2018-05-30T14:47:08Z" finished-at="2018-05-30T14:47:08Z">
          <reporter-output>
          </reporter-output>
        </test-method> <!-- initMocks -->
        <test-method status="PASS" signature="setUpBeforeMethod()[pri:0, instance:org.molgenis.apps.AppsControllerTest@7b222230]" name="setUpBeforeMethod" is-config="true" duration-ms="27" started-at="2018-05-30T14:47:08Z" finished-at="2018-05-30T14:47:08Z">
          <reporter-output>
          </reporter-output>
        </test-method> <!-- setUpBeforeMethod -->
        <test-method status="PASS" signature="testInit(boolean)[pri:0, instance:org.molgenis.apps.AppsControllerTest@7b222230]" name="testInit" duration-ms="116" started-at="2018-05-30T14:47:08Z" data-provider="testInitProvider" finished-at="2018-05-30T14:47:08Z">
          <params>
            <param index="0">
              <value>
                <![CDATA[true]]>
              </value>
            </param>
          </params>
          <reporter-output>
          </reporter-output>
        </test-method> <!-- testInit -->
        <test-method status="PASS" signature="tearDownAfterMethod()[pri:0, instance:org.molgenis.apps.AppsControllerTest@7b222230]" name="tearDownAfterMethod" is-config="true" duration-ms="1" started-at="2018-05-30T14:47:08Z" finished-at="2018-05-30T14:47:08Z">
          <reporter-output>
          </reporter-output>
        </test-method> <!-- tearDownAfterMethod -->
        <test-method status="PASS" signature="springTestContextAfterTestMethod(java.lang.reflect.Method)[pri:0, instance:org.molgenis.apps.AppsControllerTest@7b222230]" name="springTestContextAfterTestMethod" is-config="true" duration-ms="1" started-at="2018-05-30T14:47:08Z" finished-at="2018-05-30T14:47:08Z">
          <params>
            <param index="0">
              <value>
                <![CDATA[public void org.molgenis.apps.AppsControllerTest.testInit(boolean) throws java.lang.Exception]]>
              </value>
            </param>
          </params>
          <reporter-output>
          </reporter-output>
        </test-method> <!-- springTestContextAfterTestMethod -->
        <test-method status="PASS" signature="springTestContextBeforeTestMethod(java.lang.reflect.Method)[pri:0, instance:org.molgenis.apps.AppsControllerTest@7b222230]" name="springTestContextBeforeTestMethod" is-config="true" duration-ms="1" started-at="2018-05-30T14:47:08Z" finished-at="2018-05-30T14:47:08Z">
          <params>
            <param index="0">
              <value>
                <![CDATA[public void org.molgenis.apps.AppsControllerTest.testInit(boolean) throws java.lang.Exception]]>
              </value>
            </param>
          </params>
          <reporter-output>
          </reporter-output>
        </test-method> <!-- springTestContextBeforeTestMethod -->
        <test-method status="PASS" signature="initMocks()[pri:0, instance:org.molgenis.apps.AppsControllerTest@7b222230]" name="initMocks" is-config="true" duration-ms="1" started-at="2018-05-30T14:47:08Z" finished-at="2018-05-30T14:47:08Z">
          <reporter-output>
          </reporter-output>
        </test-method> <!-- initMocks -->
        <test-method status="PASS" signature="setUpBeforeMethod()[pri:0, instance:org.molgenis.apps.AppsControllerTest@7b222230]" name="setUpBeforeMethod" is-config="true" duration-ms="21" started-at="2018-05-30T14:47:08Z" finished-at="2018-05-30T14:47:08Z">
          <reporter-output>
          </reporter-output>
        </test-method> <!-- setUpBeforeMethod -->
        <test-method status="PASS" signature="testInit(boolean)[pri:0, instance:org.molgenis.apps.AppsControllerTest@7b222230]" name="testInit" duration-ms="5" started-at="2018-05-30T14:47:08Z" data-provider="testInitProvider" finished-at="2018-05-30T14:47:08Z">
          <params>
            <param index="0">
              <value>
                <![CDATA[false]]>
              </value>
            </param>
          </params>
          <reporter-output>
          </reporter-output>
        </test-method> <!-- testInit -->
        <test-method status="PASS" signature="tearDownAfterMethod()[pri:0, instance:org.molgenis.apps.AppsControllerTest@7b222230]" name="tearDownAfterMethod" is-config="true" duration-ms="1" started-at="2018-05-30T14:47:08Z" finished-at="2018-05-30T14:47:08Z">
          <reporter-output>
          </reporter-output>
        </test-method> <!-- tearDownAfterMethod -->
        <test-method status="PASS" signature="springTestContextAfterTestMethod(java.lang.reflect.Method)[pri:0, instance:org.molgenis.apps.AppsControllerTest@7b222230]" name="springTestContextAfterTestMethod" is-config="true" duration-ms="1" started-at="2018-05-30T14:47:08Z" finished-at="2018-05-30T14:47:08Z">
          <params>
            <param index="0">
              <value>
                <![CDATA[public void org.molgenis.apps.AppsControllerTest.testInit(boolean) throws java.lang.Exception]]>
              </value>
            </param>
          </params>
          <reporter-output>
          </reporter-output>
        </test-method> <!-- springTestContextAfterTestMethod -->
        <test-method status="PASS" signature="springTestContextBeforeTestMethod(java.lang.reflect.Method)[pri:0, instance:org.molgenis.apps.AppsControllerTest@7b222230]" name="springTestContextBeforeTestMethod" is-config="true" duration-ms="1" started-at="2018-05-30T14:47:08Z" finished-at="2018-05-30T14:47:08Z">
          <params>
            <param index="0">
              <value>
                <![CDATA[public void org.molgenis.apps.AppsControllerTest.testViewAppDeactivatedApp() throws java.lang.Exception]]>
              </value>
            </param>
          </params>
          <reporter-output>
          </reporter-output>
        </test-method> <!-- springTestContextBeforeTestMethod -->
        <test-method status="PASS" signature="initMocks()[pri:0, instance:org.molgenis.apps.AppsControllerTest@7b222230]" name="initMocks" is-config="true" duration-ms="1" started-at="2018-05-30T14:47:08Z" finished-at="2018-05-30T14:47:08Z">
          <reporter-output>
          </reporter-output>
        </test-method> <!-- initMocks -->
        <test-method status="PASS" signature="setUpBeforeMethod()[pri:0, instance:org.molgenis.apps.AppsControllerTest@7b222230]" name="setUpBeforeMethod" is-config="true" duration-ms="79" started-at="2018-05-30T14:47:08Z" finished-at="2018-05-30T14:47:08Z">
          <reporter-output>
          </reporter-output>
        </test-method> <!-- setUpBeforeMethod -->
        <test-method status="PASS" signature="testViewAppDeactivatedApp()[pri:0, instance:org.molgenis.apps.AppsControllerTest@7b222230]" name="testViewAppDeactivatedApp" duration-ms="5" started-at="2018-05-30T14:47:08Z" finished-at="2018-05-30T14:47:08Z">
          <reporter-output>
          </reporter-output>
        </test-method> <!-- testViewAppDeactivatedApp -->
        <test-method status="PASS" signature="tearDownAfterMethod()[pri:0, instance:org.molgenis.apps.AppsControllerTest@7b222230]" name="tearDownAfterMethod" is-config="true" duration-ms="0" started-at="2018-05-30T14:47:08Z" finished-at="2018-05-30T14:47:08Z">
          <reporter-output>
          </reporter-output>
        </test-method> <!-- tearDownAfterMethod -->
        <test-method status="PASS" signature="springTestContextAfterTestMethod(java.lang.reflect.Method)[pri:0, instance:org.molgenis.apps.AppsControllerTest@7b222230]" name="springTestContextAfterTestMethod" is-config="true" duration-ms="1" started-at="2018-05-30T14:47:08Z" finished-at="2018-05-30T14:47:08Z">
          <params>
            <param index="0">
              <value>
                <![CDATA[public void org.molgenis.apps.AppsControllerTest.testViewAppDeactivatedApp() throws java.lang.Exception]]>
              </value>
            </param>
          </params>
          <reporter-output>
          </reporter-output>
        </test-method> <!-- springTestContextAfterTestMethod -->
        <test-method status="PASS" signature="springTestContextBeforeTestMethod(java.lang.reflect.Method)[pri:0, instance:org.molgenis.apps.AppsControllerTest@7b222230]" name="springTestContextBeforeTestMethod" is-config="true" duration-ms="1" started-at="2018-05-30T14:47:08Z" finished-at="2018-05-30T14:47:08Z">
          <params>
            <param index="0">
              <value>
                <![CDATA[public void org.molgenis.apps.AppsControllerTest.testViewAppUnknownApp() throws java.lang.Exception]]>
              </value>
            </param>
          </params>
          <reporter-output>
          </reporter-output>
        </test-method> <!-- springTestContextBeforeTestMethod -->
        <test-method status="PASS" signature="initMocks()[pri:0, instance:org.molgenis.apps.AppsControllerTest@7b222230]" name="initMocks" is-config="true" duration-ms="1" started-at="2018-05-30T14:47:08Z" finished-at="2018-05-30T14:47:08Z">
          <reporter-output>
          </reporter-output>
        </test-method> <!-- initMocks -->
        <test-method status="PASS" signature="setUpBeforeMethod()[pri:0, instance:org.molgenis.apps.AppsControllerTest@7b222230]" name="setUpBeforeMethod" is-config="true" duration-ms="21" started-at="2018-05-30T14:47:08Z" finished-at="2018-05-30T14:47:08Z">
          <reporter-output>
          </reporter-output>
        </test-method> <!-- setUpBeforeMethod -->
        <test-method status="PASS" signature="testViewAppUnknownApp()[pri:0, instance:org.molgenis.apps.AppsControllerTest@7b222230]" name="testViewAppUnknownApp" duration-ms="3" started-at="2018-05-30T14:47:08Z" finished-at="2018-05-30T14:47:08Z">
          <reporter-output>
          </reporter-output>
        </test-method> <!-- testViewAppUnknownApp -->
        <test-method status="PASS" signature="tearDownAfterMethod()[pri:0, instance:org.molgenis.apps.AppsControllerTest@7b222230]" name="tearDownAfterMethod" is-config="true" duration-ms="1" started-at="2018-05-30T14:47:08Z" finished-at="2018-05-30T14:47:08Z">
          <reporter-output>
          </reporter-output>
        </test-method> <!-- tearDownAfterMethod -->
        <test-method status="PASS" signature="springTestContextAfterTestMethod(java.lang.reflect.Method)[pri:0, instance:org.molgenis.apps.AppsControllerTest@7b222230]" name="springTestContextAfterTestMethod" is-config="true" duration-ms="1" started-at="2018-05-30T14:47:08Z" finished-at="2018-05-30T14:47:08Z">
          <params>
            <param index="0">
              <value>
                <![CDATA[public void org.molgenis.apps.AppsControllerTest.testViewAppUnknownApp() throws java.lang.Exception]]>
              </value>
            </param>
          </params>
          <reporter-output>
          </reporter-output>
        </test-method> <!-- springTestContextAfterTestMethod -->
        <test-method status="PASS" signature="springTestContextBeforeTestMethod(java.lang.reflect.Method)[pri:0, instance:org.molgenis.apps.AppsControllerTest@7b222230]" name="springTestContextBeforeTestMethod" is-config="true" duration-ms="1" started-at="2018-05-30T14:47:08Z" finished-at="2018-05-30T14:47:08Z">
          <params>
            <param index="0">
              <value>
                <![CDATA[public void org.molgenis.apps.AppsControllerTest.testViewAppWithFreeMarkerTemplate() throws java.lang.Exception]]>
              </value>
            </param>
          </params>
          <reporter-output>
          </reporter-output>
        </test-method> <!-- springTestContextBeforeTestMethod -->
        <test-method status="PASS" signature="initMocks()[pri:0, instance:org.molgenis.apps.AppsControllerTest@7b222230]" name="initMocks" is-config="true" duration-ms="1" started-at="2018-05-30T14:47:08Z" finished-at="2018-05-30T14:47:08Z">
          <reporter-output>
          </reporter-output>
        </test-method> <!-- initMocks -->
        <test-method status="PASS" signature="setUpBeforeMethod()[pri:0, instance:org.molgenis.apps.AppsControllerTest@7b222230]" name="setUpBeforeMethod" is-config="true" duration-ms="20" started-at="2018-05-30T14:47:08Z" finished-at="2018-05-30T14:47:08Z">
          <reporter-output>
          </reporter-output>
        </test-method> <!-- setUpBeforeMethod -->
        <test-method status="PASS" signature="testViewAppWithFreeMarkerTemplate()[pri:0, instance:org.molgenis.apps.AppsControllerTest@7b222230]" name="testViewAppWithFreeMarkerTemplate" duration-ms="98" started-at="2018-05-30T14:47:08Z" finished-at="2018-05-30T14:47:08Z">
          <reporter-output>
          </reporter-output>
        </test-method> <!-- testViewAppWithFreeMarkerTemplate -->
        <test-method status="PASS" signature="springTestContextAfterTestMethod(java.lang.reflect.Method)[pri:0, instance:org.molgenis.apps.AppsControllerTest@7b222230]" name="springTestContextAfterTestMethod" is-config="true" duration-ms="0" started-at="2018-05-30T14:47:08Z" finished-at="2018-05-30T14:47:08Z">
          <params>
            <param index="0">
              <value>
                <![CDATA[public void org.molgenis.apps.AppsControllerTest.testViewAppWithFreeMarkerTemplate() throws java.lang.Exception]]>
              </value>
            </param>
          </params>
          <reporter-output>
          </reporter-output>
        </test-method> <!-- springTestContextAfterTestMethod -->
        <test-method status="PASS" signature="tearDownAfterMethod()[pri:0, instance:org.molgenis.apps.AppsControllerTest@7b222230]" name="tearDownAfterMethod" is-config="true" duration-ms="0" started-at="2018-05-30T14:47:08Z" finished-at="2018-05-30T14:47:08Z">
          <reporter-output>
          </reporter-output>
        </test-method> <!-- tearDownAfterMethod -->
        <test-method status="PASS" signature="springTestContextBeforeTestMethod(java.lang.reflect.Method)[pri:0, instance:org.molgenis.apps.AppsControllerTest@7b222230]" name="springTestContextBeforeTestMethod" is-config="true" duration-ms="1" started-at="2018-05-30T14:47:08Z" finished-at="2018-05-30T14:47:08Z">
          <params>
            <param index="0">
              <value>
                <![CDATA[public void org.molgenis.apps.AppsControllerTest.testViewAppWithIndexInAppResultsInRedirect() throws java.lang.Exception]]>
              </value>
            </param>
          </params>
          <reporter-output>
          </reporter-output>
        </test-method> <!-- springTestContextBeforeTestMethod -->
        <test-method status="PASS" signature="initMocks()[pri:0, instance:org.molgenis.apps.AppsControllerTest@7b222230]" name="initMocks" is-config="true" duration-ms="1" started-at="2018-05-30T14:47:08Z" finished-at="2018-05-30T14:47:08Z">
          <reporter-output>
          </reporter-output>
        </test-method> <!-- initMocks -->
        <test-method status="PASS" signature="setUpBeforeMethod()[pri:0, instance:org.molgenis.apps.AppsControllerTest@7b222230]" name="setUpBeforeMethod" is-config="true" duration-ms="21" started-at="2018-05-30T14:47:08Z" finished-at="2018-05-30T14:47:08Z">
          <reporter-output>
          </reporter-output>
        </test-method> <!-- setUpBeforeMethod -->
        <test-method status="PASS" signature="testViewAppWithIndexInAppResultsInRedirect()[pri:0, instance:org.molgenis.apps.AppsControllerTest@7b222230]" name="testViewAppWithIndexInAppResultsInRedirect" duration-ms="6" started-at="2018-05-30T14:47:08Z" finished-at="2018-05-30T14:47:08Z">
          <reporter-output>
          </reporter-output>
        </test-method> <!-- testViewAppWithIndexInAppResultsInRedirect -->
        <test-method status="PASS" signature="tearDownAfterMethod()[pri:0, instance:org.molgenis.apps.AppsControllerTest@7b222230]" name="tearDownAfterMethod" is-config="true" duration-ms="1" started-at="2018-05-30T14:47:08Z" finished-at="2018-05-30T14:47:08Z">
          <reporter-output>
          </reporter-output>
        </test-method> <!-- tearDownAfterMethod -->
        <test-method status="PASS" signature="springTestContextAfterTestMethod(java.lang.reflect.Method)[pri:0, instance:org.molgenis.apps.AppsControllerTest@7b222230]" name="springTestContextAfterTestMethod" is-config="true" duration-ms="0" started-at="2018-05-30T14:47:08Z" finished-at="2018-05-30T14:47:08Z">
          <params>
            <param index="0">
              <value>
                <![CDATA[public void org.molgenis.apps.AppsControllerTest.testViewAppWithIndexInAppResultsInRedirect() throws java.lang.Exception]]>
              </value>
            </param>
          </params>
          <reporter-output>
          </reporter-output>
        </test-method> <!-- springTestContextAfterTestMethod -->
        <test-method status="PASS" signature="springTestContextAfterTestClass()[pri:0, instance:org.molgenis.apps.AppsControllerTest@7b222230]" name="springTestContextAfterTestClass" is-config="true" duration-ms="1" started-at="2018-05-30T14:47:08Z" finished-at="2018-05-30T14:47:08Z">
          <reporter-output>
          </reporter-output>
        </test-method> <!-- springTestContextAfterTestClass -->
      </class> <!-- org.molgenis.apps.AppsControllerTest -->
      <class name="org.molgenis.apps.model.AppRepositoryDecoratorTest">
        <test-method status="PASS" signature="initMocks()[pri:0, instance:org.molgenis.apps.model.AppRepositoryDecoratorTest@67688110]" name="initMocks" is-config="true" duration-ms="82" started-at="2018-05-30T14:47:08Z" finished-at="2018-05-30T14:47:08Z">
          <reporter-output>
          </reporter-output>
        </test-method> <!-- initMocks -->
        <test-method status="PASS" signature="setUpBeforeMethod()[pri:0, instance:org.molgenis.apps.model.AppRepositoryDecoratorTest@67688110]" name="setUpBeforeMethod" is-config="true" duration-ms="2" started-at="2018-05-30T14:47:08Z" finished-at="2018-05-30T14:47:08Z">
          <reporter-output>
          </reporter-output>
        </test-method> <!-- setUpBeforeMethod -->
        <test-method status="PASS" signature="testAddActiveNoResourceZip()[pri:0, instance:org.molgenis.apps.model.AppRepositoryDecoratorTest@67688110]" name="testAddActiveNoResourceZip" duration-ms="1" started-at="2018-05-30T14:47:08Z" finished-at="2018-05-30T14:47:08Z">
          <reporter-output>
          </reporter-output>
        </test-method> <!-- testAddActiveNoResourceZip -->
        <test-method status="PASS" signature="tearDownAfterMethod()[pri:0, instance:org.molgenis.apps.model.AppRepositoryDecoratorTest@67688110]" name="tearDownAfterMethod" is-config="true" duration-ms="1" started-at="2018-05-30T14:47:08Z" finished-at="2018-05-30T14:47:08Z">
          <reporter-output>
          </reporter-output>
        </test-method> <!-- tearDownAfterMethod -->
        <test-method status="PASS" signature="initMocks()[pri:0, instance:org.molgenis.apps.model.AppRepositoryDecoratorTest@67688110]" name="initMocks" is-config="true" duration-ms="1" started-at="2018-05-30T14:47:08Z" finished-at="2018-05-30T14:47:08Z">
          <reporter-output>
          </reporter-output>
        </test-method> <!-- initMocks -->
        <test-method status="PASS" signature="testAddActiveValidResourceZip()[pri:0, instance:org.molgenis.apps.model.AppRepositoryDecoratorTest@67688110]" name="testAddActiveValidResourceZip" duration-ms="124" started-at="2018-05-30T14:47:08Z" finished-at="2018-05-30T14:47:08Z">
          <reporter-output>
          </reporter-output>
        </test-method> <!-- testAddActiveValidResourceZip -->
        <test-method status="PASS" signature="setUpBeforeMethod()[pri:0, instance:org.molgenis.apps.model.AppRepositoryDecoratorTest@67688110]" name="setUpBeforeMethod" is-config="true" duration-ms="0" started-at="2018-05-30T14:47:08Z" finished-at="2018-05-30T14:47:08Z">
          <reporter-output>
          </reporter-output>
        </test-method> <!-- setUpBeforeMethod -->
        <test-method status="PASS" signature="tearDownAfterMethod()[pri:0, instance:org.molgenis.apps.model.AppRepositoryDecoratorTest@67688110]" name="tearDownAfterMethod" is-config="true" duration-ms="1" started-at="2018-05-30T14:47:08Z" finished-at="2018-05-30T14:47:08Z">
          <reporter-output>
          </reporter-output>
        </test-method> <!-- tearDownAfterMethod -->
        <test-method status="PASS" signature="initMocks()[pri:0, instance:org.molgenis.apps.model.AppRepositoryDecoratorTest@67688110]" name="initMocks" is-config="true" duration-ms="1" started-at="2018-05-30T14:47:08Z" finished-at="2018-05-30T14:47:08Z">
          <reporter-output>
          </reporter-output>
        </test-method> <!-- initMocks -->
        <test-method status="PASS" signature="testAddInactiveNoResourceZip()[pri:0, instance:org.molgenis.apps.model.AppRepositoryDecoratorTest@67688110]" name="testAddInactiveNoResourceZip" duration-ms="1" started-at="2018-05-30T14:47:08Z" finished-at="2018-05-30T14:47:08Z">
          <reporter-output>
          </reporter-output>
        </test-method> <!-- testAddInactiveNoResourceZip -->
        <test-method status="PASS" signature="setUpBeforeMethod()[pri:0, instance:org.molgenis.apps.model.AppRepositoryDecoratorTest@67688110]" name="setUpBeforeMethod" is-config="true" duration-ms="0" started-at="2018-05-30T14:47:08Z" finished-at="2018-05-30T14:47:08Z">
          <reporter-output>
          </reporter-output>
        </test-method> <!-- setUpBeforeMethod -->
        <test-method status="PASS" signature="tearDownAfterMethod()[pri:0, instance:org.molgenis.apps.model.AppRepositoryDecoratorTest@67688110]" name="tearDownAfterMethod" is-config="true" duration-ms="0" started-at="2018-05-30T14:47:08Z" finished-at="2018-05-30T14:47:08Z">
          <reporter-output>
          </reporter-output>
        </test-method> <!-- tearDownAfterMethod -->
        <test-method status="PASS" signature="setUpBeforeMethod()[pri:0, instance:org.molgenis.apps.model.AppRepositoryDecoratorTest@67688110]" name="setUpBeforeMethod" is-config="true" duration-ms="0" started-at="2018-05-30T14:47:08Z" finished-at="2018-05-30T14:47:08Z">
          <reporter-output>
          </reporter-output>
        </test-method> <!-- setUpBeforeMethod -->
        <test-method status="PASS" signature="testAddInactiveValidResourceZip()[pri:0, instance:org.molgenis.apps.model.AppRepositoryDecoratorTest@67688110]" name="testAddInactiveValidResourceZip" duration-ms="3" started-at="2018-05-30T14:47:08Z" finished-at="2018-05-30T14:47:08Z">
          <reporter-output>
          </reporter-output>
        </test-method> <!-- testAddInactiveValidResourceZip -->
        <test-method status="PASS" signature="initMocks()[pri:0, instance:org.molgenis.apps.model.AppRepositoryDecoratorTest@67688110]" name="initMocks" is-config="true" duration-ms="0" started-at="2018-05-30T14:47:08Z" finished-at="2018-05-30T14:47:08Z">
          <reporter-output>
          </reporter-output>
        </test-method> <!-- initMocks -->
        <test-method status="PASS" signature="tearDownAfterMethod()[pri:0, instance:org.molgenis.apps.model.AppRepositoryDecoratorTest@67688110]" name="tearDownAfterMethod" is-config="true" duration-ms="1" started-at="2018-05-30T14:47:08Z" finished-at="2018-05-30T14:47:08Z">
          <reporter-output>
          </reporter-output>
        </test-method> <!-- tearDownAfterMethod -->
        <test-method status="PASS" signature="initMocks()[pri:0, instance:org.molgenis.apps.model.AppRepositoryDecoratorTest@67688110]" name="initMocks" is-config="true" duration-ms="1" started-at="2018-05-30T14:47:08Z" finished-at="2018-05-30T14:47:08Z">
          <reporter-output>
          </reporter-output>
        </test-method> <!-- initMocks -->
        <test-method status="PASS" signature="testAddInvalidResourceZip()[pri:0, instance:org.molgenis.apps.model.AppRepositoryDecoratorTest@67688110]" name="testAddInvalidResourceZip" duration-ms="38" started-at="2018-05-30T14:47:08Z" finished-at="2018-05-30T14:47:08Z">
          <exception class="org.molgenis.data.validation.MolgenisValidationException">
            <message>
              <![CDATA['app-invalid.zip' is not a valid zip file.]]>
            </message>
            <full-stacktrace>
              <![CDATA[org.molgenis.data.validation.MolgenisValidationException: 'app-invalid.zip' is not a valid zip file.
	at org.molgenis.apps.model.AppRepositoryDecorator.validateResourceZip(AppRepositoryDecorator.java:264)
	at org.molgenis.apps.model.AppRepositoryDecorator.addApp(AppRepositoryDecorator.java:113)
	at org.molgenis.apps.model.AppRepositoryDecorator.add(AppRepositoryDecorator.java:39)
	at org.molgenis.apps.model.AppRepositoryDecoratorTest.testAddInvalidResourceZip(AppRepositoryDecoratorTest.java:73)
	at sun.reflect.NativeMethodAccessorImpl.invoke0(Native Method)
	at sun.reflect.NativeMethodAccessorImpl.invoke(NativeMethodAccessorImpl.java:62)
	at sun.reflect.DelegatingMethodAccessorImpl.invoke(DelegatingMethodAccessorImpl.java:43)
	at java.lang.reflect.Method.invoke(Method.java:498)
	at org.testng.internal.MethodInvocationHelper.invokeMethod(MethodInvocationHelper.java:80)
	at org.testng.internal.Invoker.invokeMethod(Invoker.java:714)
	at org.testng.internal.Invoker.invokeTestMethod(Invoker.java:901)
	at org.testng.internal.Invoker.invokeTestMethods(Invoker.java:1231)
	at org.testng.internal.TestMethodWorker.invokeTestMethods(TestMethodWorker.java:127)
	at org.testng.internal.TestMethodWorker.run(TestMethodWorker.java:111)
	at org.testng.TestRunner.privateRun(TestRunner.java:767)
	at org.testng.TestRunner.run(TestRunner.java:617)
	at org.testng.SuiteRunner.runTest(SuiteRunner.java:334)
	at org.testng.SuiteRunner.runSequentially(SuiteRunner.java:329)
	at org.testng.SuiteRunner.privateRun(SuiteRunner.java:291)
	at org.testng.SuiteRunner.run(SuiteRunner.java:240)
	at org.testng.SuiteRunnerWorker.runSuite(SuiteRunnerWorker.java:52)
	at org.testng.SuiteRunnerWorker.run(SuiteRunnerWorker.java:86)
	at org.testng.TestNG.runSuitesSequentially(TestNG.java:1198)
	at org.testng.TestNG.runSuitesLocally(TestNG.java:1123)
	at org.testng.TestNG.run(TestNG.java:1031)
	at org.apache.maven.surefire.testng.TestNGExecutor.run(TestNGExecutor.java:135)
	at org.apache.maven.surefire.testng.TestNGDirectoryTestSuite.executeMulti(TestNGDirectoryTestSuite.java:193)
	at org.apache.maven.surefire.testng.TestNGDirectoryTestSuite.execute(TestNGDirectoryTestSuite.java:94)
	at org.apache.maven.surefire.testng.TestNGProvider.invoke(TestNGProvider.java:146)
	at org.apache.maven.surefire.booter.ForkedBooter.invokeProviderInSameClassLoader(ForkedBooter.java:379)
	at org.apache.maven.surefire.booter.ForkedBooter.runSuitesInProcess(ForkedBooter.java:340)
	at org.apache.maven.surefire.booter.ForkedBooter.execute(ForkedBooter.java:125)
	at org.apache.maven.surefire.booter.ForkedBooter.main(ForkedBooter.java:413)
]]>
            </full-stacktrace>
          </exception> <!-- org.molgenis.data.validation.MolgenisValidationException -->
          <reporter-output>
          </reporter-output>
        </test-method> <!-- testAddInvalidResourceZip -->
        <test-method status="PASS" signature="setUpBeforeMethod()[pri:0, instance:org.molgenis.apps.model.AppRepositoryDecoratorTest@67688110]" name="setUpBeforeMethod" is-config="true" duration-ms="0" started-at="2018-05-30T14:47:08Z" finished-at="2018-05-30T14:47:08Z">
          <reporter-output>
          </reporter-output>
        </test-method> <!-- setUpBeforeMethod -->
        <test-method status="PASS" signature="tearDownAfterMethod()[pri:0, instance:org.molgenis.apps.model.AppRepositoryDecoratorTest@67688110]" name="tearDownAfterMethod" is-config="true" duration-ms="1" started-at="2018-05-30T14:47:08Z" finished-at="2018-05-30T14:47:08Z">
          <reporter-output>
          </reporter-output>
        </test-method> <!-- tearDownAfterMethod -->
        <test-method status="PASS" signature="initMocks()[pri:0, instance:org.molgenis.apps.model.AppRepositoryDecoratorTest@67688110]" name="initMocks" is-config="true" duration-ms="1" started-at="2018-05-30T14:47:08Z" finished-at="2018-05-30T14:47:08Z">
          <reporter-output>
          </reporter-output>
        </test-method> <!-- initMocks -->
        <test-method status="PASS" signature="testAddStream()[pri:0, instance:org.molgenis.apps.model.AppRepositoryDecoratorTest@67688110]" name="testAddStream" duration-ms="13" started-at="2018-05-30T14:47:08Z" finished-at="2018-05-30T14:47:08Z">
          <reporter-output>
          </reporter-output>
        </test-method> <!-- testAddStream -->
        <test-method status="PASS" signature="setUpBeforeMethod()[pri:0, instance:org.molgenis.apps.model.AppRepositoryDecoratorTest@67688110]" name="setUpBeforeMethod" is-config="true" duration-ms="0" started-at="2018-05-30T14:47:08Z" finished-at="2018-05-30T14:47:08Z">
          <reporter-output>
          </reporter-output>
        </test-method> <!-- setUpBeforeMethod -->
        <test-method status="PASS" signature="tearDownAfterMethod()[pri:0, instance:org.molgenis.apps.model.AppRepositoryDecoratorTest@67688110]" name="tearDownAfterMethod" is-config="true" duration-ms="2" started-at="2018-05-30T14:47:08Z" finished-at="2018-05-30T14:47:08Z">
          <reporter-output>
          </reporter-output>
        </test-method> <!-- tearDownAfterMethod -->
        <test-method status="PASS" signature="initMocks()[pri:0, instance:org.molgenis.apps.model.AppRepositoryDecoratorTest@67688110]" name="initMocks" is-config="true" duration-ms="1" started-at="2018-05-30T14:47:08Z" finished-at="2018-05-30T14:47:08Z">
          <reporter-output>
          </reporter-output>
        </test-method> <!-- initMocks -->
        <test-method status="PASS" signature="tearDownAfterMethod()[pri:0, instance:org.molgenis.apps.model.AppRepositoryDecoratorTest@67688110]" name="tearDownAfterMethod" is-config="true" duration-ms="0" started-at="2018-05-30T14:47:08Z" finished-at="2018-05-30T14:47:08Z">
          <reporter-output>
          </reporter-output>
        </test-method> <!-- tearDownAfterMethod -->
        <test-method status="PASS" signature="testAppRepositoryDecorator()[pri:0, instance:org.molgenis.apps.model.AppRepositoryDecoratorTest@67688110]" name="testAppRepositoryDecorator" duration-ms="0" started-at="2018-05-30T14:47:08Z" finished-at="2018-05-30T14:47:08Z">
          <exception class="java.lang.NullPointerException">
            <full-stacktrace>
              <![CDATA[java.lang.NullPointerException
	at java.util.Objects.requireNonNull(Objects.java:203)
	at org.molgenis.data.AbstractRepositoryDecorator.<init>(AbstractRepositoryDecorator.java:28)
	at org.molgenis.apps.model.AppRepositoryDecorator.<init>(AppRepositoryDecorator.java:32)
	at org.molgenis.apps.model.AppRepositoryDecoratorTest.testAppRepositoryDecorator(AppRepositoryDecoratorTest.java:50)
	at sun.reflect.NativeMethodAccessorImpl.invoke0(Native Method)
	at sun.reflect.NativeMethodAccessorImpl.invoke(NativeMethodAccessorImpl.java:62)
	at sun.reflect.DelegatingMethodAccessorImpl.invoke(DelegatingMethodAccessorImpl.java:43)
	at java.lang.reflect.Method.invoke(Method.java:498)
	at org.testng.internal.MethodInvocationHelper.invokeMethod(MethodInvocationHelper.java:80)
	at org.testng.internal.Invoker.invokeMethod(Invoker.java:714)
	at org.testng.internal.Invoker.invokeTestMethod(Invoker.java:901)
	at org.testng.internal.Invoker.invokeTestMethods(Invoker.java:1231)
	at org.testng.internal.TestMethodWorker.invokeTestMethods(TestMethodWorker.java:127)
	at org.testng.internal.TestMethodWorker.run(TestMethodWorker.java:111)
	at org.testng.TestRunner.privateRun(TestRunner.java:767)
	at org.testng.TestRunner.run(TestRunner.java:617)
	at org.testng.SuiteRunner.runTest(SuiteRunner.java:334)
	at org.testng.SuiteRunner.runSequentially(SuiteRunner.java:329)
	at org.testng.SuiteRunner.privateRun(SuiteRunner.java:291)
	at org.testng.SuiteRunner.run(SuiteRunner.java:240)
	at org.testng.SuiteRunnerWorker.runSuite(SuiteRunnerWorker.java:52)
	at org.testng.SuiteRunnerWorker.run(SuiteRunnerWorker.java:86)
	at org.testng.TestNG.runSuitesSequentially(TestNG.java:1198)
	at org.testng.TestNG.runSuitesLocally(TestNG.java:1123)
	at org.testng.TestNG.run(TestNG.java:1031)
	at org.apache.maven.surefire.testng.TestNGExecutor.run(TestNGExecutor.java:135)
	at org.apache.maven.surefire.testng.TestNGDirectoryTestSuite.executeMulti(TestNGDirectoryTestSuite.java:193)
	at org.apache.maven.surefire.testng.TestNGDirectoryTestSuite.execute(TestNGDirectoryTestSuite.java:94)
	at org.apache.maven.surefire.testng.TestNGProvider.invoke(TestNGProvider.java:146)
	at org.apache.maven.surefire.booter.ForkedBooter.invokeProviderInSameClassLoader(ForkedBooter.java:379)
	at org.apache.maven.surefire.booter.ForkedBooter.runSuitesInProcess(ForkedBooter.java:340)
	at org.apache.maven.surefire.booter.ForkedBooter.execute(ForkedBooter.java:125)
	at org.apache.maven.surefire.booter.ForkedBooter.main(ForkedBooter.java:413)
]]>
            </full-stacktrace>
          </exception> <!-- java.lang.NullPointerException -->
          <reporter-output>
          </reporter-output>
        </test-method> <!-- testAppRepositoryDecorator -->
        <test-method status="PASS" signature="setUpBeforeMethod()[pri:0, instance:org.molgenis.apps.model.AppRepositoryDecoratorTest@67688110]" name="setUpBeforeMethod" is-config="true" duration-ms="0" started-at="2018-05-30T14:47:08Z" finished-at="2018-05-30T14:47:08Z">
          <reporter-output>
          </reporter-output>
        </test-method> <!-- setUpBeforeMethod -->
        <test-method status="PASS" signature="testDeleteActive()[pri:0, instance:org.molgenis.apps.model.AppRepositoryDecoratorTest@67688110]" name="testDeleteActive" duration-ms="4" started-at="2018-05-30T14:47:08Z" finished-at="2018-05-30T14:47:08Z">
          <reporter-output>
          </reporter-output>
        </test-method> <!-- testDeleteActive -->
        <test-method status="PASS" signature="initMocks()[pri:0, instance:org.molgenis.apps.model.AppRepositoryDecoratorTest@67688110]" name="initMocks" is-config="true" duration-ms="0" started-at="2018-05-30T14:47:08Z" finished-at="2018-05-30T14:47:08Z">
          <reporter-output>
          </reporter-output>
        </test-method> <!-- initMocks -->
        <test-method status="PASS" signature="setUpBeforeMethod()[pri:0, instance:org.molgenis.apps.model.AppRepositoryDecoratorTest@67688110]" name="setUpBeforeMethod" is-config="true" duration-ms="0" started-at="2018-05-30T14:47:08Z" finished-at="2018-05-30T14:47:08Z">
          <reporter-output>
          </reporter-output>
        </test-method> <!-- setUpBeforeMethod -->
        <test-method status="PASS" signature="tearDownAfterMethod()[pri:0, instance:org.molgenis.apps.model.AppRepositoryDecoratorTest@67688110]" name="tearDownAfterMethod" is-config="true" duration-ms="1" started-at="2018-05-30T14:47:08Z" finished-at="2018-05-30T14:47:08Z">
          <reporter-output>
          </reporter-output>
        </test-method> <!-- tearDownAfterMethod -->
        <test-method status="PASS" signature="setUpBeforeMethod()[pri:0, instance:org.molgenis.apps.model.AppRepositoryDecoratorTest@67688110]" name="setUpBeforeMethod" is-config="true" duration-ms="1" started-at="2018-05-30T14:47:08Z" finished-at="2018-05-30T14:47:08Z">
          <reporter-output>
          </reporter-output>
        </test-method> <!-- setUpBeforeMethod -->
        <test-method status="PASS" signature="initMocks()[pri:0, instance:org.molgenis.apps.model.AppRepositoryDecoratorTest@67688110]" name="initMocks" is-config="true" duration-ms="0" started-at="2018-05-30T14:47:08Z" finished-at="2018-05-30T14:47:08Z">
          <reporter-output>
          </reporter-output>
        </test-method> <!-- initMocks -->
        <test-method status="PASS" signature="testDeleteById()[pri:0, instance:org.molgenis.apps.model.AppRepositoryDecoratorTest@67688110]" name="testDeleteById" duration-ms="1" started-at="2018-05-30T14:47:08Z" finished-at="2018-05-30T14:47:08Z">
          <reporter-output>
          </reporter-output>
        </test-method> <!-- testDeleteById -->
        <test-method status="PASS" signature="tearDownAfterMethod()[pri:0, instance:org.molgenis.apps.model.AppRepositoryDecoratorTest@67688110]" name="tearDownAfterMethod" is-config="true" duration-ms="2" started-at="2018-05-30T14:47:08Z" finished-at="2018-05-30T14:47:08Z">
          <reporter-output>
          </reporter-output>
        </test-method> <!-- tearDownAfterMethod -->
        <test-method status="PASS" signature="setUpBeforeMethod()[pri:0, instance:org.molgenis.apps.model.AppRepositoryDecoratorTest@67688110]" name="setUpBeforeMethod" is-config="true" duration-ms="1" started-at="2018-05-30T14:47:08Z" finished-at="2018-05-30T14:47:08Z">
          <reporter-output>
          </reporter-output>
        </test-method> <!-- setUpBeforeMethod -->
        <test-method status="PASS" signature="initMocks()[pri:0, instance:org.molgenis.apps.model.AppRepositoryDecoratorTest@67688110]" name="initMocks" is-config="true" duration-ms="0" started-at="2018-05-30T14:47:08Z" finished-at="2018-05-30T14:47:08Z">
          <reporter-output>
          </reporter-output>
        </test-method> <!-- initMocks -->
        <test-method status="PASS" signature="testDeleteInactive()[pri:0, instance:org.molgenis.apps.model.AppRepositoryDecoratorTest@67688110]" name="testDeleteInactive" duration-ms="1" started-at="2018-05-30T14:47:08Z" finished-at="2018-05-30T14:47:08Z">
          <reporter-output>
          </reporter-output>
        </test-method> <!-- testDeleteInactive -->
        <test-method status="PASS" signature="tearDownAfterMethod()[pri:0, instance:org.molgenis.apps.model.AppRepositoryDecoratorTest@67688110]" name="tearDownAfterMethod" is-config="true" duration-ms="1" started-at="2018-05-30T14:47:08Z" finished-at="2018-05-30T14:47:08Z">
          <reporter-output>
          </reporter-output>
        </test-method> <!-- tearDownAfterMethod -->
        <test-method status="PASS" signature="setUpBeforeMethod()[pri:0, instance:org.molgenis.apps.model.AppRepositoryDecoratorTest@67688110]" name="setUpBeforeMethod" is-config="true" duration-ms="0" started-at="2018-05-30T14:47:08Z" finished-at="2018-05-30T14:47:08Z">
          <reporter-output>
          </reporter-output>
        </test-method> <!-- setUpBeforeMethod -->
        <test-method status="PASS" signature="initMocks()[pri:0, instance:org.molgenis.apps.model.AppRepositoryDecoratorTest@67688110]" name="initMocks" is-config="true" duration-ms="0" started-at="2018-05-30T14:47:08Z" finished-at="2018-05-30T14:47:08Z">
          <reporter-output>
          </reporter-output>
        </test-method> <!-- initMocks -->
        <test-method status="PASS" signature="testDeleteStream()[pri:0, instance:org.molgenis.apps.model.AppRepositoryDecoratorTest@67688110]" name="testDeleteStream" duration-ms="4" started-at="2018-05-30T14:47:08Z" finished-at="2018-05-30T14:47:08Z">
          <reporter-output>
          </reporter-output>
        </test-method> <!-- testDeleteStream -->
        <test-method status="PASS" signature="tearDownAfterMethod()[pri:0, instance:org.molgenis.apps.model.AppRepositoryDecoratorTest@67688110]" name="tearDownAfterMethod" is-config="true" duration-ms="2" started-at="2018-05-30T14:47:08Z" finished-at="2018-05-30T14:47:08Z">
          <reporter-output>
          </reporter-output>
        </test-method> <!-- tearDownAfterMethod -->
        <test-method status="PASS" signature="initMocks()[pri:0, instance:org.molgenis.apps.model.AppRepositoryDecoratorTest@67688110]" name="initMocks" is-config="true" duration-ms="0" started-at="2018-05-30T14:47:08Z" finished-at="2018-05-30T14:47:08Z">
          <reporter-output>
          </reporter-output>
        </test-method> <!-- initMocks -->
        <test-method status="PASS" signature="setUpBeforeMethod()[pri:0, instance:org.molgenis.apps.model.AppRepositoryDecoratorTest@67688110]" name="setUpBeforeMethod" is-config="true" duration-ms="1" started-at="2018-05-30T14:47:08Z" finished-at="2018-05-30T14:47:08Z">
          <reporter-output>
          </reporter-output>
        </test-method> <!-- setUpBeforeMethod -->
        <test-method status="PASS" signature="testUpdateActivatedResourceToActivatedValidResource()[pri:0, instance:org.molgenis.apps.model.AppRepositoryDecoratorTest@67688110]" name="testUpdateActivatedResourceToActivatedValidResource" duration-ms="5" started-at="2018-05-30T14:47:08Z" finished-at="2018-05-30T14:47:08Z">
          <reporter-output>
          </reporter-output>
        </test-method> <!-- testUpdateActivatedResourceToActivatedValidResource -->
        <test-method status="PASS" signature="tearDownAfterMethod()[pri:0, instance:org.molgenis.apps.model.AppRepositoryDecoratorTest@67688110]" name="tearDownAfterMethod" is-config="true" duration-ms="2" started-at="2018-05-30T14:47:08Z" finished-at="2018-05-30T14:47:08Z">
          <reporter-output>
          </reporter-output>
        </test-method> <!-- tearDownAfterMethod -->
        <test-method status="PASS" signature="initMocks()[pri:0, instance:org.molgenis.apps.model.AppRepositoryDecoratorTest@67688110]" name="initMocks" is-config="true" duration-ms="1" started-at="2018-05-30T14:47:08Z" finished-at="2018-05-30T14:47:08Z">
          <reporter-output>
          </reporter-output>
        </test-method> <!-- initMocks -->
        <test-method status="PASS" signature="setUpBeforeMethod()[pri:0, instance:org.molgenis.apps.model.AppRepositoryDecoratorTest@67688110]" name="setUpBeforeMethod" is-config="true" duration-ms="0" started-at="2018-05-30T14:47:08Z" finished-at="2018-05-30T14:47:08Z">
          <reporter-output>
          </reporter-output>
        </test-method> <!-- setUpBeforeMethod -->
        <test-method status="PASS" signature="testUpdateDeactivatedResourceToDeactivatedInvalidResource()[pri:0, instance:org.molgenis.apps.model.AppRepositoryDecoratorTest@67688110]" name="testUpdateDeactivatedResourceToDeactivatedInvalidResource" duration-ms="4" started-at="2018-05-30T14:47:08Z" finished-at="2018-05-30T14:47:08Z">
          <exception class="org.molgenis.data.validation.MolgenisValidationException">
            <message>
              <![CDATA['app-invalid.zip' is not a valid zip file.]]>
            </message>
            <full-stacktrace>
              <![CDATA[org.molgenis.data.validation.MolgenisValidationException: 'app-invalid.zip' is not a valid zip file.
	at org.molgenis.apps.model.AppRepositoryDecorator.validateResourceZip(AppRepositoryDecorator.java:264)
	at org.molgenis.apps.model.AppRepositoryDecorator.updateApp(AppRepositoryDecorator.java:131)
	at org.molgenis.apps.model.AppRepositoryDecorator.update(AppRepositoryDecorator.java:56)
	at org.molgenis.apps.model.AppRepositoryDecoratorTest.testUpdateDeactivatedResourceToDeactivatedInvalidResource(AppRepositoryDecoratorTest.java:147)
	at sun.reflect.NativeMethodAccessorImpl.invoke0(Native Method)
	at sun.reflect.NativeMethodAccessorImpl.invoke(NativeMethodAccessorImpl.java:62)
	at sun.reflect.DelegatingMethodAccessorImpl.invoke(DelegatingMethodAccessorImpl.java:43)
	at java.lang.reflect.Method.invoke(Method.java:498)
	at org.testng.internal.MethodInvocationHelper.invokeMethod(MethodInvocationHelper.java:80)
	at org.testng.internal.Invoker.invokeMethod(Invoker.java:714)
	at org.testng.internal.Invoker.invokeTestMethod(Invoker.java:901)
	at org.testng.internal.Invoker.invokeTestMethods(Invoker.java:1231)
	at org.testng.internal.TestMethodWorker.invokeTestMethods(TestMethodWorker.java:127)
	at org.testng.internal.TestMethodWorker.run(TestMethodWorker.java:111)
	at org.testng.TestRunner.privateRun(TestRunner.java:767)
	at org.testng.TestRunner.run(TestRunner.java:617)
	at org.testng.SuiteRunner.runTest(SuiteRunner.java:334)
	at org.testng.SuiteRunner.runSequentially(SuiteRunner.java:329)
	at org.testng.SuiteRunner.privateRun(SuiteRunner.java:291)
	at org.testng.SuiteRunner.run(SuiteRunner.java:240)
	at org.testng.SuiteRunnerWorker.runSuite(SuiteRunnerWorker.java:52)
	at org.testng.SuiteRunnerWorker.run(SuiteRunnerWorker.java:86)
	at org.testng.TestNG.runSuitesSequentially(TestNG.java:1198)
	at org.testng.TestNG.runSuitesLocally(TestNG.java:1123)
	at org.testng.TestNG.run(TestNG.java:1031)
	at org.apache.maven.surefire.testng.TestNGExecutor.run(TestNGExecutor.java:135)
	at org.apache.maven.surefire.testng.TestNGDirectoryTestSuite.executeMulti(TestNGDirectoryTestSuite.java:193)
	at org.apache.maven.surefire.testng.TestNGDirectoryTestSuite.execute(TestNGDirectoryTestSuite.java:94)
	at org.apache.maven.surefire.testng.TestNGProvider.invoke(TestNGProvider.java:146)
	at org.apache.maven.surefire.booter.ForkedBooter.invokeProviderInSameClassLoader(ForkedBooter.java:379)
	at org.apache.maven.surefire.booter.ForkedBooter.runSuitesInProcess(ForkedBooter.java:340)
	at org.apache.maven.surefire.booter.ForkedBooter.execute(ForkedBooter.java:125)
	at org.apache.maven.surefire.booter.ForkedBooter.main(ForkedBooter.java:413)
]]>
            </full-stacktrace>
          </exception> <!-- org.molgenis.data.validation.MolgenisValidationException -->
          <reporter-output>
          </reporter-output>
        </test-method> <!-- testUpdateDeactivatedResourceToDeactivatedInvalidResource -->
        <test-method status="PASS" signature="tearDownAfterMethod()[pri:0, instance:org.molgenis.apps.model.AppRepositoryDecoratorTest@67688110]" name="tearDownAfterMethod" is-config="true" duration-ms="1" started-at="2018-05-30T14:47:08Z" finished-at="2018-05-30T14:47:08Z">
          <reporter-output>
          </reporter-output>
        </test-method> <!-- tearDownAfterMethod -->
        <test-method status="PASS" signature="initMocks()[pri:0, instance:org.molgenis.apps.model.AppRepositoryDecoratorTest@67688110]" name="initMocks" is-config="true" duration-ms="0" started-at="2018-05-30T14:47:08Z" finished-at="2018-05-30T14:47:08Z">
          <reporter-output>
          </reporter-output>
        </test-method> <!-- initMocks -->
        <test-method status="PASS" signature="testUpdateDeactivatedResourceToDeactivatedValidResource()[pri:0, instance:org.molgenis.apps.model.AppRepositoryDecoratorTest@67688110]" name="testUpdateDeactivatedResourceToDeactivatedValidResource" duration-ms="3" started-at="2018-05-30T14:47:08Z" finished-at="2018-05-30T14:47:08Z">
          <reporter-output>
          </reporter-output>
        </test-method> <!-- testUpdateDeactivatedResourceToDeactivatedValidResource -->
        <test-method status="PASS" signature="setUpBeforeMethod()[pri:0, instance:org.molgenis.apps.model.AppRepositoryDecoratorTest@67688110]" name="setUpBeforeMethod" is-config="true" duration-ms="0" started-at="2018-05-30T14:47:08Z" finished-at="2018-05-30T14:47:08Z">
          <reporter-output>
          </reporter-output>
        </test-method> <!-- setUpBeforeMethod -->
        <test-method status="PASS" signature="tearDownAfterMethod()[pri:0, instance:org.molgenis.apps.model.AppRepositoryDecoratorTest@67688110]" name="tearDownAfterMethod" is-config="true" duration-ms="2" started-at="2018-05-30T14:47:08Z" finished-at="2018-05-30T14:47:08Z">
          <reporter-output>
          </reporter-output>
        </test-method> <!-- tearDownAfterMethod -->
        <test-method status="PASS" signature="initMocks()[pri:0, instance:org.molgenis.apps.model.AppRepositoryDecoratorTest@67688110]" name="initMocks" is-config="true" duration-ms="0" started-at="2018-05-30T14:47:08Z" finished-at="2018-05-30T14:47:08Z">
          <reporter-output>
          </reporter-output>
        </test-method> <!-- initMocks -->
        <test-method status="PASS" signature="setUpBeforeMethod()[pri:0, instance:org.molgenis.apps.model.AppRepositoryDecoratorTest@67688110]" name="setUpBeforeMethod" is-config="true" duration-ms="1" started-at="2018-05-30T14:47:08Z" finished-at="2018-05-30T14:47:08Z">
          <reporter-output>
          </reporter-output>
        </test-method> <!-- setUpBeforeMethod -->
        <test-method status="PASS" signature="testUpdateNoResourceToDeactivatedInvalidResource()[pri:0, instance:org.molgenis.apps.model.AppRepositoryDecoratorTest@67688110]" name="testUpdateNoResourceToDeactivatedInvalidResource" duration-ms="2" started-at="2018-05-30T14:47:08Z" finished-at="2018-05-30T14:47:08Z">
          <exception class="org.molgenis.data.validation.MolgenisValidationException">
            <message>
              <![CDATA['app-invalid.zip' is not a valid zip file.]]>
            </message>
            <full-stacktrace>
              <![CDATA[org.molgenis.data.validation.MolgenisValidationException: 'app-invalid.zip' is not a valid zip file.
	at org.molgenis.apps.model.AppRepositoryDecorator.validateResourceZip(AppRepositoryDecorator.java:264)
	at org.molgenis.apps.model.AppRepositoryDecorator.updateApp(AppRepositoryDecorator.java:155)
	at org.molgenis.apps.model.AppRepositoryDecorator.update(AppRepositoryDecorator.java:56)
	at org.molgenis.apps.model.AppRepositoryDecoratorTest.testUpdateNoResourceToDeactivatedInvalidResource(AppRepositoryDecoratorTest.java:156)
	at sun.reflect.NativeMethodAccessorImpl.invoke0(Native Method)
	at sun.reflect.NativeMethodAccessorImpl.invoke(NativeMethodAccessorImpl.java:62)
	at sun.reflect.DelegatingMethodAccessorImpl.invoke(DelegatingMethodAccessorImpl.java:43)
	at java.lang.reflect.Method.invoke(Method.java:498)
	at org.testng.internal.MethodInvocationHelper.invokeMethod(MethodInvocationHelper.java:80)
	at org.testng.internal.Invoker.invokeMethod(Invoker.java:714)
	at org.testng.internal.Invoker.invokeTestMethod(Invoker.java:901)
	at org.testng.internal.Invoker.invokeTestMethods(Invoker.java:1231)
	at org.testng.internal.TestMethodWorker.invokeTestMethods(TestMethodWorker.java:127)
	at org.testng.internal.TestMethodWorker.run(TestMethodWorker.java:111)
	at org.testng.TestRunner.privateRun(TestRunner.java:767)
	at org.testng.TestRunner.run(TestRunner.java:617)
	at org.testng.SuiteRunner.runTest(SuiteRunner.java:334)
	at org.testng.SuiteRunner.runSequentially(SuiteRunner.java:329)
	at org.testng.SuiteRunner.privateRun(SuiteRunner.java:291)
	at org.testng.SuiteRunner.run(SuiteRunner.java:240)
	at org.testng.SuiteRunnerWorker.runSuite(SuiteRunnerWorker.java:52)
	at org.testng.SuiteRunnerWorker.run(SuiteRunnerWorker.java:86)
	at org.testng.TestNG.runSuitesSequentially(TestNG.java:1198)
	at org.testng.TestNG.runSuitesLocally(TestNG.java:1123)
	at org.testng.TestNG.run(TestNG.java:1031)
	at org.apache.maven.surefire.testng.TestNGExecutor.run(TestNGExecutor.java:135)
	at org.apache.maven.surefire.testng.TestNGDirectoryTestSuite.executeMulti(TestNGDirectoryTestSuite.java:193)
	at org.apache.maven.surefire.testng.TestNGDirectoryTestSuite.execute(TestNGDirectoryTestSuite.java:94)
	at org.apache.maven.surefire.testng.TestNGProvider.invoke(TestNGProvider.java:146)
	at org.apache.maven.surefire.booter.ForkedBooter.invokeProviderInSameClassLoader(ForkedBooter.java:379)
	at org.apache.maven.surefire.booter.ForkedBooter.runSuitesInProcess(ForkedBooter.java:340)
	at org.apache.maven.surefire.booter.ForkedBooter.execute(ForkedBooter.java:125)
	at org.apache.maven.surefire.booter.ForkedBooter.main(ForkedBooter.java:413)
]]>
            </full-stacktrace>
          </exception> <!-- org.molgenis.data.validation.MolgenisValidationException -->
          <reporter-output>
          </reporter-output>
        </test-method> <!-- testUpdateNoResourceToDeactivatedInvalidResource -->
        <test-method status="PASS" signature="tearDownAfterMethod()[pri:0, instance:org.molgenis.apps.model.AppRepositoryDecoratorTest@67688110]" name="tearDownAfterMethod" is-config="true" duration-ms="0" started-at="2018-05-30T14:47:08Z" finished-at="2018-05-30T14:47:08Z">
          <reporter-output>
          </reporter-output>
        </test-method> <!-- tearDownAfterMethod -->
        <test-method status="PASS" signature="initMocks()[pri:0, instance:org.molgenis.apps.model.AppRepositoryDecoratorTest@67688110]" name="initMocks" is-config="true" duration-ms="1" started-at="2018-05-30T14:47:08Z" finished-at="2018-05-30T14:47:08Z">
          <reporter-output>
          </reporter-output>
        </test-method> <!-- initMocks -->
        <test-method status="PASS" signature="setUpBeforeMethod()[pri:0, instance:org.molgenis.apps.model.AppRepositoryDecoratorTest@67688110]" name="setUpBeforeMethod" is-config="true" duration-ms="0" started-at="2018-05-30T14:47:08Z" finished-at="2018-05-30T14:47:08Z">
          <reporter-output>
          </reporter-output>
        </test-method> <!-- setUpBeforeMethod -->
        <test-method status="PASS" signature="testUpdateStream()[pri:0, instance:org.molgenis.apps.model.AppRepositoryDecoratorTest@67688110]" name="testUpdateStream" duration-ms="5" started-at="2018-05-30T14:47:08Z" finished-at="2018-05-30T14:47:08Z">
          <reporter-output>
          </reporter-output>
        </test-method> <!-- testUpdateStream -->
        <test-method status="PASS" signature="tearDownAfterMethod()[pri:0, instance:org.molgenis.apps.model.AppRepositoryDecoratorTest@67688110]" name="tearDownAfterMethod" is-config="true" duration-ms="1" started-at="2018-05-30T14:47:08Z" finished-at="2018-05-30T14:47:08Z">
          <reporter-output>
          </reporter-output>
        </test-method> <!-- tearDownAfterMethod -->
      </class> <!-- org.molgenis.apps.model.AppRepositoryDecoratorTest -->
    </test> <!-- Surefire test -->
  </suite> <!-- Surefire suite -->
</testng-results>
