<html>
<head>
<title>TestNG:  Cassandra-Connector-Tests</title>
<link href="../testng.css" rel="stylesheet" type="text/css" />
<link href="../my-testng.css" rel="stylesheet" type="text/css" />

<style type="text/css">
.log { display: none;} 
.stack-trace { display: none;} 
</style>
<script type="text/javascript">
<!--
function flip(e) {
  current = e.style.display;
  if (current == 'block') {
    e.style.display = 'none';
    return 0;
  }
  else {
    e.style.display = 'block';
    return 1;
  }
}

function toggleBox(szDivId, elem, msg1, msg2)
{
  var res = -1;  if (document.getElementById) {
    res = flip(document.getElementById(szDivId));
  }
  else if (document.all) {
    // this is the way old msie versions work
    res = flip(document.all[szDivId]);
  }
  if(elem) {
    if(res == 0) elem.innerHTML = msg1; else elem.innerHTML = msg2;
  }

}

function toggleAllBoxes() {
  if (document.getElementsByTagName) {
    d = document.getElementsByTagName('div');
    for (i = 0; i < d.length; i++) {
      if (d[i].className == 'log') {
        flip(d[i]);
      }
    }
  }
}

// -->
</script>

</head>
<body>
<h2 align='center'>Cassandra-Connector-Tests</h2><table border='1' align="center">
<tr>
<td>Tests passed/Failed/Skipped:</td><td>0/0/21</td>
</tr><tr>
<td>Started on:</td><td>Wed Jul 18 11:24:46 CEST 2018</td>
</tr>
<tr><td>Total time:</td><td>24 seconds (24578 ms)</td>
</tr><tr>
<td>Included groups:</td><td></td>
</tr><tr>
<td>Excluded groups:</td><td></td>
</tr>
</table><p/>
<small><i>(Hover the method name to see the test class name)</i></small><p/>
<table width='100%' border='1' class='invocation-failed'>
<tr><td colspan='4' align='center'><b>FAILED CONFIGURATIONS</b></td></tr>
<tr><td><b>Test method</b></td>
<td width="30%"><b>Exception</b></td>
<td width="10%"><b>Time (seconds)</b></td>
<td><b>Instance</b></td>
</tr>
<tr>
<td title='org.ballerinalang.cassandra.actions.CassandraBaseTest.startAndSetupCassandraServer()'><b>startAndSetupCassandraServer</b><br>Test class: org.ballerinalang.cassandra.actions.CassandraBaseTest</td>
<td><div><pre>java.lang.AssertionError: Cassandra daemon did not start within timeout
	at org.cassandraunit.utils.EmbeddedCassandraServerHelper.startEmbeddedCassandra(EmbeddedCassandraServerHelper.java:150)
	at org.cassandraunit.utils.EmbeddedCassandraServerHelper.startEmbeddedCassandra(EmbeddedCassandraServerHelper.java:102)
	at org.cassandraunit.utils.EmbeddedCassandraServerHelper.startEmbeddedCassandra(EmbeddedCassandraServerHelper.java:81)
	at org.cassandraunit.utils.EmbeddedCassandraServerHelper.startEmbeddedCassandra(EmbeddedCassandraServerHelper.java:77)
	at org.ballerinalang.cassandra.actions.CassandraBaseTest.startAndSetupCassandraServer(CassandraBaseTest.java:45)
... Removed 24 stack frames</pre></div><a href='#' onClick='toggleBox("stack-trace467903124", this, "Click to show all stack frames", "Click to hide stack frames")'>Click to show all stack frames</a>
<div class='stack-trace' id='stack-trace467903124'><pre>java.lang.AssertionError: Cassandra daemon did not start within timeout
	at org.cassandraunit.utils.EmbeddedCassandraServerHelper.startEmbeddedCassandra(EmbeddedCassandraServerHelper.java:150)
	at org.cassandraunit.utils.EmbeddedCassandraServerHelper.startEmbeddedCassandra(EmbeddedCassandraServerHelper.java:102)
	at org.cassandraunit.utils.EmbeddedCassandraServerHelper.startEmbeddedCassandra(EmbeddedCassandraServerHelper.java:81)
	at org.cassandraunit.utils.EmbeddedCassandraServerHelper.startEmbeddedCassandra(EmbeddedCassandraServerHelper.java:77)
	at org.ballerinalang.cassandra.actions.CassandraBaseTest.startAndSetupCassandraServer(CassandraBaseTest.java:45)
	at sun.reflect.NativeMethodAccessorImpl.invoke0(Native Method)
	at sun.reflect.NativeMethodAccessorImpl.invoke(NativeMethodAccessorImpl.java:62)
	at sun.reflect.DelegatingMethodAccessorImpl.invoke(DelegatingMethodAccessorImpl.java:43)
	at java.lang.reflect.Method.invoke(Method.java:498)
	at org.testng.internal.MethodInvocationHelper.invokeMethod(MethodInvocationHelper.java:124)
	at org.testng.internal.MethodInvocationHelper.invokeMethodConsideringTimeout(MethodInvocationHelper.java:59)
	at org.testng.internal.Invoker.invokeConfigurationMethod(Invoker.java:451)
	at org.testng.internal.Invoker.invokeConfigurations(Invoker.java:222)
	at org.testng.internal.Invoker.invokeConfigurations(Invoker.java:142)
	at org.testng.SuiteRunner.privateRun(SuiteRunner.java:401)
	at org.testng.SuiteRunner.run(SuiteRunner.java:364)
	at org.testng.SuiteRunnerWorker.runSuite(SuiteRunnerWorker.java:52)
	at org.testng.SuiteRunnerWorker.run(SuiteRunnerWorker.java:84)
	at org.testng.TestNG.runSuitesSequentially(TestNG.java:1187)
	at org.testng.TestNG.runSuitesLocally(TestNG.java:1116)
	at org.testng.TestNG.runSuites(TestNG.java:1028)
	at org.testng.TestNG.run(TestNG.java:996)
	at org.apache.maven.surefire.testng.TestNGExecutor.run(TestNGExecutor.java:283)
	at org.apache.maven.surefire.testng.TestNGXmlTestSuite.execute(TestNGXmlTestSuite.java:75)
	at org.apache.maven.surefire.testng.TestNGProvider.invoke(TestNGProvider.java:120)
	at org.apache.maven.surefire.booter.ForkedBooter.invokeProviderInSameClassLoader(ForkedBooter.java:373)
	at org.apache.maven.surefire.booter.ForkedBooter.runSuitesInProcess(ForkedBooter.java:334)
	at org.apache.maven.surefire.booter.ForkedBooter.execute(ForkedBooter.java:119)
	at org.apache.maven.surefire.booter.ForkedBooter.main(ForkedBooter.java:407)
</pre></div></td>
<td>33</td>
<td>org.ballerinalang.cassandra.actions.CassandraBaseTest@17740dae</td></tr>
<tr>
<td title='org.ballerinalang.cassandra.actions.CassandraActionsTest.setup()'><b>setup</b><br>Test class: org.ballerinalang.cassandra.actions.CassandraActionsTest</td>
<td><div><pre>java.lang.NullPointerException
	at org.ballerinalang.cassandra.actions.CassandraActionsTest.populateDatabase(CassandraActionsTest.java:52)
	at org.ballerinalang.cassandra.actions.CassandraActionsTest.setup(CassandraActionsTest.java:48)
... Removed 30 stack frames</pre></div><a href='#' onClick='toggleBox("stack-trace1141219342", this, "Click to show all stack frames", "Click to hide stack frames")'>Click to show all stack frames</a>
<div class='stack-trace' id='stack-trace1141219342'><pre>java.lang.NullPointerException
	at org.ballerinalang.cassandra.actions.CassandraActionsTest.populateDatabase(CassandraActionsTest.java:52)
	at org.ballerinalang.cassandra.actions.CassandraActionsTest.setup(CassandraActionsTest.java:48)
	at sun.reflect.NativeMethodAccessorImpl.invoke0(Native Method)
	at sun.reflect.NativeMethodAccessorImpl.invoke(NativeMethodAccessorImpl.java:62)
	at sun.reflect.DelegatingMethodAccessorImpl.invoke(DelegatingMethodAccessorImpl.java:43)
	at java.lang.reflect.Method.invoke(Method.java:498)
	at org.testng.internal.MethodInvocationHelper.invokeMethod(MethodInvocationHelper.java:124)
	at org.testng.internal.MethodInvocationHelper.invokeMethodConsideringTimeout(MethodInvocationHelper.java:59)
	at org.testng.internal.Invoker.invokeConfigurationMethod(Invoker.java:451)
	at org.testng.internal.Invoker.invokeConfigurations(Invoker.java:222)
	at org.testng.internal.Invoker.invokeConfigurations(Invoker.java:142)
	at org.testng.internal.TestMethodWorker.invokeBeforeClassMethods(TestMethodWorker.java:163)
	at org.testng.internal.TestMethodWorker.run(TestMethodWorker.java:105)
	at org.testng.TestRunner.privateRun(TestRunner.java:648)
	at org.testng.TestRunner.run(TestRunner.java:505)
	at org.testng.SuiteRunner.runTest(SuiteRunner.java:455)
	at org.testng.SuiteRunner.runSequentially(SuiteRunner.java:450)
	at org.testng.SuiteRunner.privateRun(SuiteRunner.java:415)
	at org.testng.SuiteRunner.run(SuiteRunner.java:364)
	at org.testng.SuiteRunnerWorker.runSuite(SuiteRunnerWorker.java:52)
	at org.testng.SuiteRunnerWorker.run(SuiteRunnerWorker.java:84)
	at org.testng.TestNG.runSuitesSequentially(TestNG.java:1187)
	at org.testng.TestNG.runSuitesLocally(TestNG.java:1116)
	at org.testng.TestNG.runSuites(TestNG.java:1028)
	at org.testng.TestNG.run(TestNG.java:996)
	at org.apache.maven.surefire.testng.TestNGExecutor.run(TestNGExecutor.java:283)
	at org.apache.maven.surefire.testng.TestNGXmlTestSuite.execute(TestNGXmlTestSuite.java:75)
	at org.apache.maven.surefire.testng.TestNGProvider.invoke(TestNGProvider.java:120)
	at org.apache.maven.surefire.booter.ForkedBooter.invokeProviderInSameClassLoader(ForkedBooter.java:373)
	at org.apache.maven.surefire.booter.ForkedBooter.runSuitesInProcess(ForkedBooter.java:334)
	at org.apache.maven.surefire.booter.ForkedBooter.execute(ForkedBooter.java:119)
	at org.apache.maven.surefire.booter.ForkedBooter.main(ForkedBooter.java:407)
</pre></div></td>
<td>23</td>
<td>org.ballerinalang.cassandra.actions.CassandraActionsTest@3c6aa04a</td></tr>
</table><p>
<table width='100%' border='1' class='invocation-skipped'>
<tr><td colspan='4' align='center'><b>SKIPPED TESTS</b></td></tr>
<tr><td><b>Test method</b></td>
<td width="30%"><b>Exception</b></td>
<td width="10%"><b>Time (seconds)</b></td>
<td><b>Instance</b></td>
</tr>
<tr>
<td title='org.ballerinalang.cassandra.actions.CassandraConnectionInitTest.testConnectionInitWithAdditionalConParams()'><b>testConnectionInitWithAdditionalConParams</b><br>Test class: org.ballerinalang.cassandra.actions.CassandraConnectionInitTest<br>Test method: This method tests Cassandra Connection Inilialization with additional connection parameters</td>
<td><div><pre>java.lang.AssertionError: Cassandra daemon did not start within timeout
	at org.cassandraunit.utils.EmbeddedCassandraServerHelper.startEmbeddedCassandra(EmbeddedCassandraServerHelper.java:150)
	at org.cassandraunit.utils.EmbeddedCassandraServerHelper.startEmbeddedCassandra(EmbeddedCassandraServerHelper.java:102)
	at org.cassandraunit.utils.EmbeddedCassandraServerHelper.startEmbeddedCassandra(EmbeddedCassandraServerHelper.java:81)
	at org.cassandraunit.utils.EmbeddedCassandraServerHelper.startEmbeddedCassandra(EmbeddedCassandraServerHelper.java:77)
	at org.ballerinalang.cassandra.actions.CassandraBaseTest.startAndSetupCassandraServer(CassandraBaseTest.java:45)
... Removed 24 stack frames</pre></div><a href='#' onClick='toggleBox("stack-trace350812047", this, "Click to show all stack frames", "Click to hide stack frames")'>Click to show all stack frames</a>
<div class='stack-trace' id='stack-trace350812047'><pre>java.lang.AssertionError: Cassandra daemon did not start within timeout
	at org.cassandraunit.utils.EmbeddedCassandraServerHelper.startEmbeddedCassandra(EmbeddedCassandraServerHelper.java:150)
	at org.cassandraunit.utils.EmbeddedCassandraServerHelper.startEmbeddedCassandra(EmbeddedCassandraServerHelper.java:102)
	at org.cassandraunit.utils.EmbeddedCassandraServerHelper.startEmbeddedCassandra(EmbeddedCassandraServerHelper.java:81)
	at org.cassandraunit.utils.EmbeddedCassandraServerHelper.startEmbeddedCassandra(EmbeddedCassandraServerHelper.java:77)
	at org.ballerinalang.cassandra.actions.CassandraBaseTest.startAndSetupCassandraServer(CassandraBaseTest.java:45)
	at sun.reflect.NativeMethodAccessorImpl.invoke0(Native Method)
	at sun.reflect.NativeMethodAccessorImpl.invoke(NativeMethodAccessorImpl.java:62)
	at sun.reflect.DelegatingMethodAccessorImpl.invoke(DelegatingMethodAccessorImpl.java:43)
	at java.lang.reflect.Method.invoke(Method.java:498)
	at org.testng.internal.MethodInvocationHelper.invokeMethod(MethodInvocationHelper.java:124)
	at org.testng.internal.MethodInvocationHelper.invokeMethodConsideringTimeout(MethodInvocationHelper.java:59)
	at org.testng.internal.Invoker.invokeConfigurationMethod(Invoker.java:451)
	at org.testng.internal.Invoker.invokeConfigurations(Invoker.java:222)
	at org.testng.internal.Invoker.invokeConfigurations(Invoker.java:142)
	at org.testng.SuiteRunner.privateRun(SuiteRunner.java:401)
	at org.testng.SuiteRunner.run(SuiteRunner.java:364)
	at org.testng.SuiteRunnerWorker.runSuite(SuiteRunnerWorker.java:52)
	at org.testng.SuiteRunnerWorker.run(SuiteRunnerWorker.java:84)
	at org.testng.TestNG.runSuitesSequentially(TestNG.java:1187)
	at org.testng.TestNG.runSuitesLocally(TestNG.java:1116)
	at org.testng.TestNG.runSuites(TestNG.java:1028)
	at org.testng.TestNG.run(TestNG.java:996)
	at org.apache.maven.surefire.testng.TestNGExecutor.run(TestNGExecutor.java:283)
	at org.apache.maven.surefire.testng.TestNGXmlTestSuite.execute(TestNGXmlTestSuite.java:75)
	at org.apache.maven.surefire.testng.TestNGProvider.invoke(TestNGProvider.java:120)
	at org.apache.maven.surefire.booter.ForkedBooter.invokeProviderInSameClassLoader(ForkedBooter.java:373)
	at org.apache.maven.surefire.booter.ForkedBooter.runSuitesInProcess(ForkedBooter.java:334)
	at org.apache.maven.surefire.booter.ForkedBooter.execute(ForkedBooter.java:119)
	at org.apache.maven.surefire.booter.ForkedBooter.main(ForkedBooter.java:407)
</pre></div></td>
<td>0</td>
<td>org.ballerinalang.cassandra.actions.CassandraConnectionInitTest@2257fadf</td></tr>
<tr>
<td title='org.ballerinalang.cassandra.actions.CassandraConnectionInitTest.testConnectionInitWithInvalidConsistencyLevel()'><b>testConnectionInitWithInvalidConsistencyLevel</b><br>Test class: org.ballerinalang.cassandra.actions.CassandraConnectionInitTest<br>Test method: This method tests Cassandra Connection Inilialization with an invalid Consistency Level</td>
<td><div><pre>java.lang.AssertionError: Cassandra daemon did not start within timeout
	at org.cassandraunit.utils.EmbeddedCassandraServerHelper.startEmbeddedCassandra(EmbeddedCassandraServerHelper.java:150)
	at org.cassandraunit.utils.EmbeddedCassandraServerHelper.startEmbeddedCassandra(EmbeddedCassandraServerHelper.java:102)
	at org.cassandraunit.utils.EmbeddedCassandraServerHelper.startEmbeddedCassandra(EmbeddedCassandraServerHelper.java:81)
	at org.cassandraunit.utils.EmbeddedCassandraServerHelper.startEmbeddedCassandra(EmbeddedCassandraServerHelper.java:77)
	at org.ballerinalang.cassandra.actions.CassandraBaseTest.startAndSetupCassandraServer(CassandraBaseTest.java:45)
... Removed 24 stack frames</pre></div><a href='#' onClick='toggleBox("stack-trace1030551264", this, "Click to show all stack frames", "Click to hide stack frames")'>Click to show all stack frames</a>
<div class='stack-trace' id='stack-trace1030551264'><pre>java.lang.AssertionError: Cassandra daemon did not start within timeout
	at org.cassandraunit.utils.EmbeddedCassandraServerHelper.startEmbeddedCassandra(EmbeddedCassandraServerHelper.java:150)
	at org.cassandraunit.utils.EmbeddedCassandraServerHelper.startEmbeddedCassandra(EmbeddedCassandraServerHelper.java:102)
	at org.cassandraunit.utils.EmbeddedCassandraServerHelper.startEmbeddedCassandra(EmbeddedCassandraServerHelper.java:81)
	at org.cassandraunit.utils.EmbeddedCassandraServerHelper.startEmbeddedCassandra(EmbeddedCassandraServerHelper.java:77)
	at org.ballerinalang.cassandra.actions.CassandraBaseTest.startAndSetupCassandraServer(CassandraBaseTest.java:45)
	at sun.reflect.NativeMethodAccessorImpl.invoke0(Native Method)
	at sun.reflect.NativeMethodAccessorImpl.invoke(NativeMethodAccessorImpl.java:62)
	at sun.reflect.DelegatingMethodAccessorImpl.invoke(DelegatingMethodAccessorImpl.java:43)
	at java.lang.reflect.Method.invoke(Method.java:498)
	at org.testng.internal.MethodInvocationHelper.invokeMethod(MethodInvocationHelper.java:124)
	at org.testng.internal.MethodInvocationHelper.invokeMethodConsideringTimeout(MethodInvocationHelper.java:59)
	at org.testng.internal.Invoker.invokeConfigurationMethod(Invoker.java:451)
	at org.testng.internal.Invoker.invokeConfigurations(Invoker.java:222)
	at org.testng.internal.Invoker.invokeConfigurations(Invoker.java:142)
	at org.testng.SuiteRunner.privateRun(SuiteRunner.java:401)
	at org.testng.SuiteRunner.run(SuiteRunner.java:364)
	at org.testng.SuiteRunnerWorker.runSuite(SuiteRunnerWorker.java:52)
	at org.testng.SuiteRunnerWorker.run(SuiteRunnerWorker.java:84)
	at org.testng.TestNG.runSuitesSequentially(TestNG.java:1187)
	at org.testng.TestNG.runSuitesLocally(TestNG.java:1116)
	at org.testng.TestNG.runSuites(TestNG.java:1028)
	at org.testng.TestNG.run(TestNG.java:996)
	at org.apache.maven.surefire.testng.TestNGExecutor.run(TestNGExecutor.java:283)
	at org.apache.maven.surefire.testng.TestNGXmlTestSuite.execute(TestNGXmlTestSuite.java:75)
	at org.apache.maven.surefire.testng.TestNGProvider.invoke(TestNGProvider.java:120)
	at org.apache.maven.surefire.booter.ForkedBooter.invokeProviderInSameClassLoader(ForkedBooter.java:373)
	at org.apache.maven.surefire.booter.ForkedBooter.runSuitesInProcess(ForkedBooter.java:334)
	at org.apache.maven.surefire.booter.ForkedBooter.execute(ForkedBooter.java:119)
	at org.apache.maven.surefire.booter.ForkedBooter.main(ForkedBooter.java:407)
</pre></div></td>
<td>0</td>
<td>org.ballerinalang.cassandra.actions.CassandraConnectionInitTest@2257fadf</td></tr>
<tr>
<td title='org.ballerinalang.cassandra.actions.CassandraConnectionInitTest.testConnectionInitWithInvalidLBPolicy()'><b>testConnectionInitWithInvalidLBPolicy</b><br>Test class: org.ballerinalang.cassandra.actions.CassandraConnectionInitTest<br>Test method: This method tests Cassandra Connection Inilialization with an invalid Load Balancing Policy</td>
<td><div><pre>java.lang.AssertionError: Cassandra daemon did not start within timeout
	at org.cassandraunit.utils.EmbeddedCassandraServerHelper.startEmbeddedCassandra(EmbeddedCassandraServerHelper.java:150)
	at org.cassandraunit.utils.EmbeddedCassandraServerHelper.startEmbeddedCassandra(EmbeddedCassandraServerHelper.java:102)
	at org.cassandraunit.utils.EmbeddedCassandraServerHelper.startEmbeddedCassandra(EmbeddedCassandraServerHelper.java:81)
	at org.cassandraunit.utils.EmbeddedCassandraServerHelper.startEmbeddedCassandra(EmbeddedCassandraServerHelper.java:77)
	at org.ballerinalang.cassandra.actions.CassandraBaseTest.startAndSetupCassandraServer(CassandraBaseTest.java:45)
... Removed 24 stack frames</pre></div><a href='#' onClick='toggleBox("stack-trace1478168970", this, "Click to show all stack frames", "Click to hide stack frames")'>Click to show all stack frames</a>
<div class='stack-trace' id='stack-trace1478168970'><pre>java.lang.AssertionError: Cassandra daemon did not start within timeout
	at org.cassandraunit.utils.EmbeddedCassandraServerHelper.startEmbeddedCassandra(EmbeddedCassandraServerHelper.java:150)
	at org.cassandraunit.utils.EmbeddedCassandraServerHelper.startEmbeddedCassandra(EmbeddedCassandraServerHelper.java:102)
	at org.cassandraunit.utils.EmbeddedCassandraServerHelper.startEmbeddedCassandra(EmbeddedCassandraServerHelper.java:81)
	at org.cassandraunit.utils.EmbeddedCassandraServerHelper.startEmbeddedCassandra(EmbeddedCassandraServerHelper.java:77)
	at org.ballerinalang.cassandra.actions.CassandraBaseTest.startAndSetupCassandraServer(CassandraBaseTest.java:45)
	at sun.reflect.NativeMethodAccessorImpl.invoke0(Native Method)
	at sun.reflect.NativeMethodAccessorImpl.invoke(NativeMethodAccessorImpl.java:62)
	at sun.reflect.DelegatingMethodAccessorImpl.invoke(DelegatingMethodAccessorImpl.java:43)
	at java.lang.reflect.Method.invoke(Method.java:498)
	at org.testng.internal.MethodInvocationHelper.invokeMethod(MethodInvocationHelper.java:124)
	at org.testng.internal.MethodInvocationHelper.invokeMethodConsideringTimeout(MethodInvocationHelper.java:59)
	at org.testng.internal.Invoker.invokeConfigurationMethod(Invoker.java:451)
	at org.testng.internal.Invoker.invokeConfigurations(Invoker.java:222)
	at org.testng.internal.Invoker.invokeConfigurations(Invoker.java:142)
	at org.testng.SuiteRunner.privateRun(SuiteRunner.java:401)
	at org.testng.SuiteRunner.run(SuiteRunner.java:364)
	at org.testng.SuiteRunnerWorker.runSuite(SuiteRunnerWorker.java:52)
	at org.testng.SuiteRunnerWorker.run(SuiteRunnerWorker.java:84)
	at org.testng.TestNG.runSuitesSequentially(TestNG.java:1187)
	at org.testng.TestNG.runSuitesLocally(TestNG.java:1116)
	at org.testng.TestNG.runSuites(TestNG.java:1028)
	at org.testng.TestNG.run(TestNG.java:996)
	at org.apache.maven.surefire.testng.TestNGExecutor.run(TestNGExecutor.java:283)
	at org.apache.maven.surefire.testng.TestNGXmlTestSuite.execute(TestNGXmlTestSuite.java:75)
	at org.apache.maven.surefire.testng.TestNGProvider.invoke(TestNGProvider.java:120)
	at org.apache.maven.surefire.booter.ForkedBooter.invokeProviderInSameClassLoader(ForkedBooter.java:373)
	at org.apache.maven.surefire.booter.ForkedBooter.runSuitesInProcess(ForkedBooter.java:334)
	at org.apache.maven.surefire.booter.ForkedBooter.execute(ForkedBooter.java:119)
	at org.apache.maven.surefire.booter.ForkedBooter.main(ForkedBooter.java:407)
</pre></div></td>
<td>0</td>
<td>org.ballerinalang.cassandra.actions.CassandraConnectionInitTest@2257fadf</td></tr>
<tr>
<td title='org.ballerinalang.cassandra.actions.CassandraConnectionInitTest.testConnectionInitWithInvalidReconnectionPolicy()'><b>testConnectionInitWithInvalidReconnectionPolicy</b><br>Test class: org.ballerinalang.cassandra.actions.CassandraConnectionInitTest<br>Test method: This method tests Cassandra Connection Inilialization with an invalid Reconnection Policy</td>
<td><div><pre>java.lang.AssertionError: Cassandra daemon did not start within timeout
	at org.cassandraunit.utils.EmbeddedCassandraServerHelper.startEmbeddedCassandra(EmbeddedCassandraServerHelper.java:150)
	at org.cassandraunit.utils.EmbeddedCassandraServerHelper.startEmbeddedCassandra(EmbeddedCassandraServerHelper.java:102)
	at org.cassandraunit.utils.EmbeddedCassandraServerHelper.startEmbeddedCassandra(EmbeddedCassandraServerHelper.java:81)
	at org.cassandraunit.utils.EmbeddedCassandraServerHelper.startEmbeddedCassandra(EmbeddedCassandraServerHelper.java:77)
	at org.ballerinalang.cassandra.actions.CassandraBaseTest.startAndSetupCassandraServer(CassandraBaseTest.java:45)
... Removed 24 stack frames</pre></div><a href='#' onClick='toggleBox("stack-trace200028247", this, "Click to show all stack frames", "Click to hide stack frames")'>Click to show all stack frames</a>
<div class='stack-trace' id='stack-trace200028247'><pre>java.lang.AssertionError: Cassandra daemon did not start within timeout
	at org.cassandraunit.utils.EmbeddedCassandraServerHelper.startEmbeddedCassandra(EmbeddedCassandraServerHelper.java:150)
	at org.cassandraunit.utils.EmbeddedCassandraServerHelper.startEmbeddedCassandra(EmbeddedCassandraServerHelper.java:102)
	at org.cassandraunit.utils.EmbeddedCassandraServerHelper.startEmbeddedCassandra(EmbeddedCassandraServerHelper.java:81)
	at org.cassandraunit.utils.EmbeddedCassandraServerHelper.startEmbeddedCassandra(EmbeddedCassandraServerHelper.java:77)
	at org.ballerinalang.cassandra.actions.CassandraBaseTest.startAndSetupCassandraServer(CassandraBaseTest.java:45)
	at sun.reflect.NativeMethodAccessorImpl.invoke0(Native Method)
	at sun.reflect.NativeMethodAccessorImpl.invoke(NativeMethodAccessorImpl.java:62)
	at sun.reflect.DelegatingMethodAccessorImpl.invoke(DelegatingMethodAccessorImpl.java:43)
	at java.lang.reflect.Method.invoke(Method.java:498)
	at org.testng.internal.MethodInvocationHelper.invokeMethod(MethodInvocationHelper.java:124)
	at org.testng.internal.MethodInvocationHelper.invokeMethodConsideringTimeout(MethodInvocationHelper.java:59)
	at org.testng.internal.Invoker.invokeConfigurationMethod(Invoker.java:451)
	at org.testng.internal.Invoker.invokeConfigurations(Invoker.java:222)
	at org.testng.internal.Invoker.invokeConfigurations(Invoker.java:142)
	at org.testng.SuiteRunner.privateRun(SuiteRunner.java:401)
	at org.testng.SuiteRunner.run(SuiteRunner.java:364)
	at org.testng.SuiteRunnerWorker.runSuite(SuiteRunnerWorker.java:52)
	at org.testng.SuiteRunnerWorker.run(SuiteRunnerWorker.java:84)
	at org.testng.TestNG.runSuitesSequentially(TestNG.java:1187)
	at org.testng.TestNG.runSuitesLocally(TestNG.java:1116)
	at org.testng.TestNG.runSuites(TestNG.java:1028)
	at org.testng.TestNG.run(TestNG.java:996)
	at org.apache.maven.surefire.testng.TestNGExecutor.run(TestNGExecutor.java:283)
	at org.apache.maven.surefire.testng.TestNGXmlTestSuite.execute(TestNGXmlTestSuite.java:75)
	at org.apache.maven.surefire.testng.TestNGProvider.invoke(TestNGProvider.java:120)
	at org.apache.maven.surefire.booter.ForkedBooter.invokeProviderInSameClassLoader(ForkedBooter.java:373)
	at org.apache.maven.surefire.booter.ForkedBooter.runSuitesInProcess(ForkedBooter.java:334)
	at org.apache.maven.surefire.booter.ForkedBooter.execute(ForkedBooter.java:119)
	at org.apache.maven.surefire.booter.ForkedBooter.main(ForkedBooter.java:407)
</pre></div></td>
<td>0</td>
<td>org.ballerinalang.cassandra.actions.CassandraConnectionInitTest@2257fadf</td></tr>
<tr>
<td title='org.ballerinalang.cassandra.actions.CassandraConnectionInitTest.testConnectionInitWithInvalidRetryPolicy()'><b>testConnectionInitWithInvalidRetryPolicy</b><br>Test class: org.ballerinalang.cassandra.actions.CassandraConnectionInitTest<br>Test method: This method tests Cassandra Connection Inilialization with an invalid Retry Policy</td>
<td><div><pre>java.lang.AssertionError: Cassandra daemon did not start within timeout
	at org.cassandraunit.utils.EmbeddedCassandraServerHelper.startEmbeddedCassandra(EmbeddedCassandraServerHelper.java:150)
	at org.cassandraunit.utils.EmbeddedCassandraServerHelper.startEmbeddedCassandra(EmbeddedCassandraServerHelper.java:102)
	at org.cassandraunit.utils.EmbeddedCassandraServerHelper.startEmbeddedCassandra(EmbeddedCassandraServerHelper.java:81)
	at org.cassandraunit.utils.EmbeddedCassandraServerHelper.startEmbeddedCassandra(EmbeddedCassandraServerHelper.java:77)
	at org.ballerinalang.cassandra.actions.CassandraBaseTest.startAndSetupCassandraServer(CassandraBaseTest.java:45)
... Removed 24 stack frames</pre></div><a href='#' onClick='toggleBox("stack-trace1483467306", this, "Click to show all stack frames", "Click to hide stack frames")'>Click to show all stack frames</a>
<div class='stack-trace' id='stack-trace1483467306'><pre>java.lang.AssertionError: Cassandra daemon did not start within timeout
	at org.cassandraunit.utils.EmbeddedCassandraServerHelper.startEmbeddedCassandra(EmbeddedCassandraServerHelper.java:150)
	at org.cassandraunit.utils.EmbeddedCassandraServerHelper.startEmbeddedCassandra(EmbeddedCassandraServerHelper.java:102)
	at org.cassandraunit.utils.EmbeddedCassandraServerHelper.startEmbeddedCassandra(EmbeddedCassandraServerHelper.java:81)
	at org.cassandraunit.utils.EmbeddedCassandraServerHelper.startEmbeddedCassandra(EmbeddedCassandraServerHelper.java:77)
	at org.ballerinalang.cassandra.actions.CassandraBaseTest.startAndSetupCassandraServer(CassandraBaseTest.java:45)
	at sun.reflect.NativeMethodAccessorImpl.invoke0(Native Method)
	at sun.reflect.NativeMethodAccessorImpl.invoke(NativeMethodAccessorImpl.java:62)
	at sun.reflect.DelegatingMethodAccessorImpl.invoke(DelegatingMethodAccessorImpl.java:43)
	at java.lang.reflect.Method.invoke(Method.java:498)
	at org.testng.internal.MethodInvocationHelper.invokeMethod(MethodInvocationHelper.java:124)
	at org.testng.internal.MethodInvocationHelper.invokeMethodConsideringTimeout(MethodInvocationHelper.java:59)
	at org.testng.internal.Invoker.invokeConfigurationMethod(Invoker.java:451)
	at org.testng.internal.Invoker.invokeConfigurations(Invoker.java:222)
	at org.testng.internal.Invoker.invokeConfigurations(Invoker.java:142)
	at org.testng.SuiteRunner.privateRun(SuiteRunner.java:401)
	at org.testng.SuiteRunner.run(SuiteRunner.java:364)
	at org.testng.SuiteRunnerWorker.runSuite(SuiteRunnerWorker.java:52)
	at org.testng.SuiteRunnerWorker.run(SuiteRunnerWorker.java:84)
	at org.testng.TestNG.runSuitesSequentially(TestNG.java:1187)
	at org.testng.TestNG.runSuitesLocally(TestNG.java:1116)
	at org.testng.TestNG.runSuites(TestNG.java:1028)
	at org.testng.TestNG.run(TestNG.java:996)
	at org.apache.maven.surefire.testng.TestNGExecutor.run(TestNGExecutor.java:283)
	at org.apache.maven.surefire.testng.TestNGXmlTestSuite.execute(TestNGXmlTestSuite.java:75)
	at org.apache.maven.surefire.testng.TestNGProvider.invoke(TestNGProvider.java:120)
	at org.apache.maven.surefire.booter.ForkedBooter.invokeProviderInSameClassLoader(ForkedBooter.java:373)
	at org.apache.maven.surefire.booter.ForkedBooter.runSuitesInProcess(ForkedBooter.java:334)
	at org.apache.maven.surefire.booter.ForkedBooter.execute(ForkedBooter.java:119)
	at org.apache.maven.surefire.booter.ForkedBooter.main(ForkedBooter.java:407)
</pre></div></td>
<td>0</td>
<td>org.ballerinalang.cassandra.actions.CassandraConnectionInitTest@2257fadf</td></tr>
<tr>
<td title='org.ballerinalang.cassandra.actions.CassandraConnectionInitTest.testConnectionInitWithInvalidSerialConsistencyLevel()'><b>testConnectionInitWithInvalidSerialConsistencyLevel</b><br>Test class: org.ballerinalang.cassandra.actions.CassandraConnectionInitTest<br>Test method: This method tests Cassandra Connection Inilialization with an invalid Serial Consistency Level</td>
<td><div><pre>java.lang.AssertionError: Cassandra daemon did not start within timeout
	at org.cassandraunit.utils.EmbeddedCassandraServerHelper.startEmbeddedCassandra(EmbeddedCassandraServerHelper.java:150)
	at org.cassandraunit.utils.EmbeddedCassandraServerHelper.startEmbeddedCassandra(EmbeddedCassandraServerHelper.java:102)
	at org.cassandraunit.utils.EmbeddedCassandraServerHelper.startEmbeddedCassandra(EmbeddedCassandraServerHelper.java:81)
	at org.cassandraunit.utils.EmbeddedCassandraServerHelper.startEmbeddedCassandra(EmbeddedCassandraServerHelper.java:77)
	at org.ballerinalang.cassandra.actions.CassandraBaseTest.startAndSetupCassandraServer(CassandraBaseTest.java:45)
... Removed 24 stack frames</pre></div><a href='#' onClick='toggleBox("stack-trace48946225", this, "Click to show all stack frames", "Click to hide stack frames")'>Click to show all stack frames</a>
<div class='stack-trace' id='stack-trace48946225'><pre>java.lang.AssertionError: Cassandra daemon did not start within timeout
	at org.cassandraunit.utils.EmbeddedCassandraServerHelper.startEmbeddedCassandra(EmbeddedCassandraServerHelper.java:150)
	at org.cassandraunit.utils.EmbeddedCassandraServerHelper.startEmbeddedCassandra(EmbeddedCassandraServerHelper.java:102)
	at org.cassandraunit.utils.EmbeddedCassandraServerHelper.startEmbeddedCassandra(EmbeddedCassandraServerHelper.java:81)
	at org.cassandraunit.utils.EmbeddedCassandraServerHelper.startEmbeddedCassandra(EmbeddedCassandraServerHelper.java:77)
	at org.ballerinalang.cassandra.actions.CassandraBaseTest.startAndSetupCassandraServer(CassandraBaseTest.java:45)
	at sun.reflect.NativeMethodAccessorImpl.invoke0(Native Method)
	at sun.reflect.NativeMethodAccessorImpl.invoke(NativeMethodAccessorImpl.java:62)
	at sun.reflect.DelegatingMethodAccessorImpl.invoke(DelegatingMethodAccessorImpl.java:43)
	at java.lang.reflect.Method.invoke(Method.java:498)
	at org.testng.internal.MethodInvocationHelper.invokeMethod(MethodInvocationHelper.java:124)
	at org.testng.internal.MethodInvocationHelper.invokeMethodConsideringTimeout(MethodInvocationHelper.java:59)
	at org.testng.internal.Invoker.invokeConfigurationMethod(Invoker.java:451)
	at org.testng.internal.Invoker.invokeConfigurations(Invoker.java:222)
	at org.testng.internal.Invoker.invokeConfigurations(Invoker.java:142)
	at org.testng.SuiteRunner.privateRun(SuiteRunner.java:401)
	at org.testng.SuiteRunner.run(SuiteRunner.java:364)
	at org.testng.SuiteRunnerWorker.runSuite(SuiteRunnerWorker.java:52)
	at org.testng.SuiteRunnerWorker.run(SuiteRunnerWorker.java:84)
	at org.testng.TestNG.runSuitesSequentially(TestNG.java:1187)
	at org.testng.TestNG.runSuitesLocally(TestNG.java:1116)
	at org.testng.TestNG.runSuites(TestNG.java:1028)
	at org.testng.TestNG.run(TestNG.java:996)
	at org.apache.maven.surefire.testng.TestNGExecutor.run(TestNGExecutor.java:283)
	at org.apache.maven.surefire.testng.TestNGXmlTestSuite.execute(TestNGXmlTestSuite.java:75)
	at org.apache.maven.surefire.testng.TestNGProvider.invoke(TestNGProvider.java:120)
	at org.apache.maven.surefire.booter.ForkedBooter.invokeProviderInSameClassLoader(ForkedBooter.java:373)
	at org.apache.maven.surefire.booter.ForkedBooter.runSuitesInProcess(ForkedBooter.java:334)
	at org.apache.maven.surefire.booter.ForkedBooter.execute(ForkedBooter.java:119)
	at org.apache.maven.surefire.booter.ForkedBooter.main(ForkedBooter.java:407)
</pre></div></td>
<td>0</td>
<td>org.ballerinalang.cassandra.actions.CassandraConnectionInitTest@2257fadf</td></tr>
<tr>
<td title='org.ballerinalang.cassandra.actions.CassandraConnectionInitTest.testConnectionInitWithLBPolicy()'><b>testConnectionInitWithLBPolicy</b><br>Test class: org.ballerinalang.cassandra.actions.CassandraConnectionInitTest<br>Test method: This method tests Cassandra Connection Inilialization with a Load Balancing Policy</td>
<td><div><pre>java.lang.AssertionError: Cassandra daemon did not start within timeout
	at org.cassandraunit.utils.EmbeddedCassandraServerHelper.startEmbeddedCassandra(EmbeddedCassandraServerHelper.java:150)
	at org.cassandraunit.utils.EmbeddedCassandraServerHelper.startEmbeddedCassandra(EmbeddedCassandraServerHelper.java:102)
	at org.cassandraunit.utils.EmbeddedCassandraServerHelper.startEmbeddedCassandra(EmbeddedCassandraServerHelper.java:81)
	at org.cassandraunit.utils.EmbeddedCassandraServerHelper.startEmbeddedCassandra(EmbeddedCassandraServerHelper.java:77)
	at org.ballerinalang.cassandra.actions.CassandraBaseTest.startAndSetupCassandraServer(CassandraBaseTest.java:45)
... Removed 24 stack frames</pre></div><a href='#' onClick='toggleBox("stack-trace41753255", this, "Click to show all stack frames", "Click to hide stack frames")'>Click to show all stack frames</a>
<div class='stack-trace' id='stack-trace41753255'><pre>java.lang.AssertionError: Cassandra daemon did not start within timeout
	at org.cassandraunit.utils.EmbeddedCassandraServerHelper.startEmbeddedCassandra(EmbeddedCassandraServerHelper.java:150)
	at org.cassandraunit.utils.EmbeddedCassandraServerHelper.startEmbeddedCassandra(EmbeddedCassandraServerHelper.java:102)
	at org.cassandraunit.utils.EmbeddedCassandraServerHelper.startEmbeddedCassandra(EmbeddedCassandraServerHelper.java:81)
	at org.cassandraunit.utils.EmbeddedCassandraServerHelper.startEmbeddedCassandra(EmbeddedCassandraServerHelper.java:77)
	at org.ballerinalang.cassandra.actions.CassandraBaseTest.startAndSetupCassandraServer(CassandraBaseTest.java:45)
	at sun.reflect.NativeMethodAccessorImpl.invoke0(Native Method)
	at sun.reflect.NativeMethodAccessorImpl.invoke(NativeMethodAccessorImpl.java:62)
	at sun.reflect.DelegatingMethodAccessorImpl.invoke(DelegatingMethodAccessorImpl.java:43)
	at java.lang.reflect.Method.invoke(Method.java:498)
	at org.testng.internal.MethodInvocationHelper.invokeMethod(MethodInvocationHelper.java:124)
	at org.testng.internal.MethodInvocationHelper.invokeMethodConsideringTimeout(MethodInvocationHelper.java:59)
	at org.testng.internal.Invoker.invokeConfigurationMethod(Invoker.java:451)
	at org.testng.internal.Invoker.invokeConfigurations(Invoker.java:222)
	at org.testng.internal.Invoker.invokeConfigurations(Invoker.java:142)
	at org.testng.SuiteRunner.privateRun(SuiteRunner.java:401)
	at org.testng.SuiteRunner.run(SuiteRunner.java:364)
	at org.testng.SuiteRunnerWorker.runSuite(SuiteRunnerWorker.java:52)
	at org.testng.SuiteRunnerWorker.run(SuiteRunnerWorker.java:84)
	at org.testng.TestNG.runSuitesSequentially(TestNG.java:1187)
	at org.testng.TestNG.runSuitesLocally(TestNG.java:1116)
	at org.testng.TestNG.runSuites(TestNG.java:1028)
	at org.testng.TestNG.run(TestNG.java:996)
	at org.apache.maven.surefire.testng.TestNGExecutor.run(TestNGExecutor.java:283)
	at org.apache.maven.surefire.testng.TestNGXmlTestSuite.execute(TestNGXmlTestSuite.java:75)
	at org.apache.maven.surefire.testng.TestNGProvider.invoke(TestNGProvider.java:120)
	at org.apache.maven.surefire.booter.ForkedBooter.invokeProviderInSameClassLoader(ForkedBooter.java:373)
	at org.apache.maven.surefire.booter.ForkedBooter.runSuitesInProcess(ForkedBooter.java:334)
	at org.apache.maven.surefire.booter.ForkedBooter.execute(ForkedBooter.java:119)
	at org.apache.maven.surefire.booter.ForkedBooter.main(ForkedBooter.java:407)
</pre></div></td>
<td>0</td>
<td>org.ballerinalang.cassandra.actions.CassandraConnectionInitTest@2257fadf</td></tr>
<tr>
<td title='org.ballerinalang.cassandra.actions.CassandraConnectionInitTest.testConnectionInitWithPoolingOptions()'><b>testConnectionInitWithPoolingOptions</b><br>Test class: org.ballerinalang.cassandra.actions.CassandraConnectionInitTest<br>Test method: This method tests Cassandra Connection Inilialization with Pooling Options</td>
<td><div><pre>java.lang.AssertionError: Cassandra daemon did not start within timeout
	at org.cassandraunit.utils.EmbeddedCassandraServerHelper.startEmbeddedCassandra(EmbeddedCassandraServerHelper.java:150)
	at org.cassandraunit.utils.EmbeddedCassandraServerHelper.startEmbeddedCassandra(EmbeddedCassandraServerHelper.java:102)
	at org.cassandraunit.utils.EmbeddedCassandraServerHelper.startEmbeddedCassandra(EmbeddedCassandraServerHelper.java:81)
	at org.cassandraunit.utils.EmbeddedCassandraServerHelper.startEmbeddedCassandra(EmbeddedCassandraServerHelper.java:77)
	at org.ballerinalang.cassandra.actions.CassandraBaseTest.startAndSetupCassandraServer(CassandraBaseTest.java:45)
... Removed 24 stack frames</pre></div><a href='#' onClick='toggleBox("stack-trace1752820791", this, "Click to show all stack frames", "Click to hide stack frames")'>Click to show all stack frames</a>
<div class='stack-trace' id='stack-trace1752820791'><pre>java.lang.AssertionError: Cassandra daemon did not start within timeout
	at org.cassandraunit.utils.EmbeddedCassandraServerHelper.startEmbeddedCassandra(EmbeddedCassandraServerHelper.java:150)
	at org.cassandraunit.utils.EmbeddedCassandraServerHelper.startEmbeddedCassandra(EmbeddedCassandraServerHelper.java:102)
	at org.cassandraunit.utils.EmbeddedCassandraServerHelper.startEmbeddedCassandra(EmbeddedCassandraServerHelper.java:81)
	at org.cassandraunit.utils.EmbeddedCassandraServerHelper.startEmbeddedCassandra(EmbeddedCassandraServerHelper.java:77)
	at org.ballerinalang.cassandra.actions.CassandraBaseTest.startAndSetupCassandraServer(CassandraBaseTest.java:45)
	at sun.reflect.NativeMethodAccessorImpl.invoke0(Native Method)
	at sun.reflect.NativeMethodAccessorImpl.invoke(NativeMethodAccessorImpl.java:62)
	at sun.reflect.DelegatingMethodAccessorImpl.invoke(DelegatingMethodAccessorImpl.java:43)
	at java.lang.reflect.Method.invoke(Method.java:498)
	at org.testng.internal.MethodInvocationHelper.invokeMethod(MethodInvocationHelper.java:124)
	at org.testng.internal.MethodInvocationHelper.invokeMethodConsideringTimeout(MethodInvocationHelper.java:59)
	at org.testng.internal.Invoker.invokeConfigurationMethod(Invoker.java:451)
	at org.testng.internal.Invoker.invokeConfigurations(Invoker.java:222)
	at org.testng.internal.Invoker.invokeConfigurations(Invoker.java:142)
	at org.testng.SuiteRunner.privateRun(SuiteRunner.java:401)
	at org.testng.SuiteRunner.run(SuiteRunner.java:364)
	at org.testng.SuiteRunnerWorker.runSuite(SuiteRunnerWorker.java:52)
	at org.testng.SuiteRunnerWorker.run(SuiteRunnerWorker.java:84)
	at org.testng.TestNG.runSuitesSequentially(TestNG.java:1187)
	at org.testng.TestNG.runSuitesLocally(TestNG.java:1116)
	at org.testng.TestNG.runSuites(TestNG.java:1028)
	at org.testng.TestNG.run(TestNG.java:996)
	at org.apache.maven.surefire.testng.TestNGExecutor.run(TestNGExecutor.java:283)
	at org.apache.maven.surefire.testng.TestNGXmlTestSuite.execute(TestNGXmlTestSuite.java:75)
	at org.apache.maven.surefire.testng.TestNGProvider.invoke(TestNGProvider.java:120)
	at org.apache.maven.surefire.booter.ForkedBooter.invokeProviderInSameClassLoader(ForkedBooter.java:373)
	at org.apache.maven.surefire.booter.ForkedBooter.runSuitesInProcess(ForkedBooter.java:334)
	at org.apache.maven.surefire.booter.ForkedBooter.execute(ForkedBooter.java:119)
	at org.apache.maven.surefire.booter.ForkedBooter.main(ForkedBooter.java:407)
</pre></div></td>
<td>0</td>
<td>org.ballerinalang.cassandra.actions.CassandraConnectionInitTest@2257fadf</td></tr>
<tr>
<td title='org.ballerinalang.cassandra.actions.CassandraConnectionInitTest.testConnectionInitWithProtocolOptions()'><b>testConnectionInitWithProtocolOptions</b><br>Test class: org.ballerinalang.cassandra.actions.CassandraConnectionInitTest<br>Test method: This method tests Cassandra Connection Inilialization with Protocol Options</td>
<td><div><pre>java.lang.AssertionError: Cassandra daemon did not start within timeout
	at org.cassandraunit.utils.EmbeddedCassandraServerHelper.startEmbeddedCassandra(EmbeddedCassandraServerHelper.java:150)
	at org.cassandraunit.utils.EmbeddedCassandraServerHelper.startEmbeddedCassandra(EmbeddedCassandraServerHelper.java:102)
	at org.cassandraunit.utils.EmbeddedCassandraServerHelper.startEmbeddedCassandra(EmbeddedCassandraServerHelper.java:81)
	at org.cassandraunit.utils.EmbeddedCassandraServerHelper.startEmbeddedCassandra(EmbeddedCassandraServerHelper.java:77)
	at org.ballerinalang.cassandra.actions.CassandraBaseTest.startAndSetupCassandraServer(CassandraBaseTest.java:45)
... Removed 24 stack frames</pre></div><a href='#' onClick='toggleBox("stack-trace1875145128", this, "Click to show all stack frames", "Click to hide stack frames")'>Click to show all stack frames</a>
<div class='stack-trace' id='stack-trace1875145128'><pre>java.lang.AssertionError: Cassandra daemon did not start within timeout
	at org.cassandraunit.utils.EmbeddedCassandraServerHelper.startEmbeddedCassandra(EmbeddedCassandraServerHelper.java:150)
	at org.cassandraunit.utils.EmbeddedCassandraServerHelper.startEmbeddedCassandra(EmbeddedCassandraServerHelper.java:102)
	at org.cassandraunit.utils.EmbeddedCassandraServerHelper.startEmbeddedCassandra(EmbeddedCassandraServerHelper.java:81)
	at org.cassandraunit.utils.EmbeddedCassandraServerHelper.startEmbeddedCassandra(EmbeddedCassandraServerHelper.java:77)
	at org.ballerinalang.cassandra.actions.CassandraBaseTest.startAndSetupCassandraServer(CassandraBaseTest.java:45)
	at sun.reflect.NativeMethodAccessorImpl.invoke0(Native Method)
	at sun.reflect.NativeMethodAccessorImpl.invoke(NativeMethodAccessorImpl.java:62)
	at sun.reflect.DelegatingMethodAccessorImpl.invoke(DelegatingMethodAccessorImpl.java:43)
	at java.lang.reflect.Method.invoke(Method.java:498)
	at org.testng.internal.MethodInvocationHelper.invokeMethod(MethodInvocationHelper.java:124)
	at org.testng.internal.MethodInvocationHelper.invokeMethodConsideringTimeout(MethodInvocationHelper.java:59)
	at org.testng.internal.Invoker.invokeConfigurationMethod(Invoker.java:451)
	at org.testng.internal.Invoker.invokeConfigurations(Invoker.java:222)
	at org.testng.internal.Invoker.invokeConfigurations(Invoker.java:142)
	at org.testng.SuiteRunner.privateRun(SuiteRunner.java:401)
	at org.testng.SuiteRunner.run(SuiteRunner.java:364)
	at org.testng.SuiteRunnerWorker.runSuite(SuiteRunnerWorker.java:52)
	at org.testng.SuiteRunnerWorker.run(SuiteRunnerWorker.java:84)
	at org.testng.TestNG.runSuitesSequentially(TestNG.java:1187)
	at org.testng.TestNG.runSuitesLocally(TestNG.java:1116)
	at org.testng.TestNG.runSuites(TestNG.java:1028)
	at org.testng.TestNG.run(TestNG.java:996)
	at org.apache.maven.surefire.testng.TestNGExecutor.run(TestNGExecutor.java:283)
	at org.apache.maven.surefire.testng.TestNGXmlTestSuite.execute(TestNGXmlTestSuite.java:75)
	at org.apache.maven.surefire.testng.TestNGProvider.invoke(TestNGProvider.java:120)
	at org.apache.maven.surefire.booter.ForkedBooter.invokeProviderInSameClassLoader(ForkedBooter.java:373)
	at org.apache.maven.surefire.booter.ForkedBooter.runSuitesInProcess(ForkedBooter.java:334)
	at org.apache.maven.surefire.booter.ForkedBooter.execute(ForkedBooter.java:119)
	at org.apache.maven.surefire.booter.ForkedBooter.main(ForkedBooter.java:407)
</pre></div></td>
<td>0</td>
<td>org.ballerinalang.cassandra.actions.CassandraConnectionInitTest@2257fadf</td></tr>
<tr>
<td title='org.ballerinalang.cassandra.actions.CassandraConnectionInitTest.testConnectionInitWithQueryOptions()'><b>testConnectionInitWithQueryOptions</b><br>Test class: org.ballerinalang.cassandra.actions.CassandraConnectionInitTest<br>Test method: This method tests Cassandra Connection Inilialization with Query Options</td>
<td><div><pre>java.lang.AssertionError: Cassandra daemon did not start within timeout
	at org.cassandraunit.utils.EmbeddedCassandraServerHelper.startEmbeddedCassandra(EmbeddedCassandraServerHelper.java:150)
	at org.cassandraunit.utils.EmbeddedCassandraServerHelper.startEmbeddedCassandra(EmbeddedCassandraServerHelper.java:102)
	at org.cassandraunit.utils.EmbeddedCassandraServerHelper.startEmbeddedCassandra(EmbeddedCassandraServerHelper.java:81)
	at org.cassandraunit.utils.EmbeddedCassandraServerHelper.startEmbeddedCassandra(EmbeddedCassandraServerHelper.java:77)
	at org.ballerinalang.cassandra.actions.CassandraBaseTest.startAndSetupCassandraServer(CassandraBaseTest.java:45)
... Removed 24 stack frames</pre></div><a href='#' onClick='toggleBox("stack-trace991634229", this, "Click to show all stack frames", "Click to hide stack frames")'>Click to show all stack frames</a>
<div class='stack-trace' id='stack-trace991634229'><pre>java.lang.AssertionError: Cassandra daemon did not start within timeout
	at org.cassandraunit.utils.EmbeddedCassandraServerHelper.startEmbeddedCassandra(EmbeddedCassandraServerHelper.java:150)
	at org.cassandraunit.utils.EmbeddedCassandraServerHelper.startEmbeddedCassandra(EmbeddedCassandraServerHelper.java:102)
	at org.cassandraunit.utils.EmbeddedCassandraServerHelper.startEmbeddedCassandra(EmbeddedCassandraServerHelper.java:81)
	at org.cassandraunit.utils.EmbeddedCassandraServerHelper.startEmbeddedCassandra(EmbeddedCassandraServerHelper.java:77)
	at org.ballerinalang.cassandra.actions.CassandraBaseTest.startAndSetupCassandraServer(CassandraBaseTest.java:45)
	at sun.reflect.NativeMethodAccessorImpl.invoke0(Native Method)
	at sun.reflect.NativeMethodAccessorImpl.invoke(NativeMethodAccessorImpl.java:62)
	at sun.reflect.DelegatingMethodAccessorImpl.invoke(DelegatingMethodAccessorImpl.java:43)
	at java.lang.reflect.Method.invoke(Method.java:498)
	at org.testng.internal.MethodInvocationHelper.invokeMethod(MethodInvocationHelper.java:124)
	at org.testng.internal.MethodInvocationHelper.invokeMethodConsideringTimeout(MethodInvocationHelper.java:59)
	at org.testng.internal.Invoker.invokeConfigurationMethod(Invoker.java:451)
	at org.testng.internal.Invoker.invokeConfigurations(Invoker.java:222)
	at org.testng.internal.Invoker.invokeConfigurations(Invoker.java:142)
	at org.testng.SuiteRunner.privateRun(SuiteRunner.java:401)
	at org.testng.SuiteRunner.run(SuiteRunner.java:364)
	at org.testng.SuiteRunnerWorker.runSuite(SuiteRunnerWorker.java:52)
	at org.testng.SuiteRunnerWorker.run(SuiteRunnerWorker.java:84)
	at org.testng.TestNG.runSuitesSequentially(TestNG.java:1187)
	at org.testng.TestNG.runSuitesLocally(TestNG.java:1116)
	at org.testng.TestNG.runSuites(TestNG.java:1028)
	at org.testng.TestNG.run(TestNG.java:996)
	at org.apache.maven.surefire.testng.TestNGExecutor.run(TestNGExecutor.java:283)
	at org.apache.maven.surefire.testng.TestNGXmlTestSuite.execute(TestNGXmlTestSuite.java:75)
	at org.apache.maven.surefire.testng.TestNGProvider.invoke(TestNGProvider.java:120)
	at org.apache.maven.surefire.booter.ForkedBooter.invokeProviderInSameClassLoader(ForkedBooter.java:373)
	at org.apache.maven.surefire.booter.ForkedBooter.runSuitesInProcess(ForkedBooter.java:334)
	at org.apache.maven.surefire.booter.ForkedBooter.execute(ForkedBooter.java:119)
	at org.apache.maven.surefire.booter.ForkedBooter.main(ForkedBooter.java:407)
</pre></div></td>
<td>0</td>
<td>org.ballerinalang.cassandra.actions.CassandraConnectionInitTest@2257fadf</td></tr>
<tr>
<td title='org.ballerinalang.cassandra.actions.CassandraConnectionInitTest.testConnectionInitWithReconnectionPolicy()'><b>testConnectionInitWithReconnectionPolicy</b><br>Test class: org.ballerinalang.cassandra.actions.CassandraConnectionInitTest<br>Test method: This method tests Cassandra Connection Inilialization with a Reconnection Policy</td>
<td><div><pre>java.lang.AssertionError: Cassandra daemon did not start within timeout
	at org.cassandraunit.utils.EmbeddedCassandraServerHelper.startEmbeddedCassandra(EmbeddedCassandraServerHelper.java:150)
	at org.cassandraunit.utils.EmbeddedCassandraServerHelper.startEmbeddedCassandra(EmbeddedCassandraServerHelper.java:102)
	at org.cassandraunit.utils.EmbeddedCassandraServerHelper.startEmbeddedCassandra(EmbeddedCassandraServerHelper.java:81)
	at org.cassandraunit.utils.EmbeddedCassandraServerHelper.startEmbeddedCassandra(EmbeddedCassandraServerHelper.java:77)
	at org.ballerinalang.cassandra.actions.CassandraBaseTest.startAndSetupCassandraServer(CassandraBaseTest.java:45)
... Removed 24 stack frames</pre></div><a href='#' onClick='toggleBox("stack-trace1373224659", this, "Click to show all stack frames", "Click to hide stack frames")'>Click to show all stack frames</a>
<div class='stack-trace' id='stack-trace1373224659'><pre>java.lang.AssertionError: Cassandra daemon did not start within timeout
	at org.cassandraunit.utils.EmbeddedCassandraServerHelper.startEmbeddedCassandra(EmbeddedCassandraServerHelper.java:150)
	at org.cassandraunit.utils.EmbeddedCassandraServerHelper.startEmbeddedCassandra(EmbeddedCassandraServerHelper.java:102)
	at org.cassandraunit.utils.EmbeddedCassandraServerHelper.startEmbeddedCassandra(EmbeddedCassandraServerHelper.java:81)
	at org.cassandraunit.utils.EmbeddedCassandraServerHelper.startEmbeddedCassandra(EmbeddedCassandraServerHelper.java:77)
	at org.ballerinalang.cassandra.actions.CassandraBaseTest.startAndSetupCassandraServer(CassandraBaseTest.java:45)
	at sun.reflect.NativeMethodAccessorImpl.invoke0(Native Method)
	at sun.reflect.NativeMethodAccessorImpl.invoke(NativeMethodAccessorImpl.java:62)
	at sun.reflect.DelegatingMethodAccessorImpl.invoke(DelegatingMethodAccessorImpl.java:43)
	at java.lang.reflect.Method.invoke(Method.java:498)
	at org.testng.internal.MethodInvocationHelper.invokeMethod(MethodInvocationHelper.java:124)
	at org.testng.internal.MethodInvocationHelper.invokeMethodConsideringTimeout(MethodInvocationHelper.java:59)
	at org.testng.internal.Invoker.invokeConfigurationMethod(Invoker.java:451)
	at org.testng.internal.Invoker.invokeConfigurations(Invoker.java:222)
	at org.testng.internal.Invoker.invokeConfigurations(Invoker.java:142)
	at org.testng.SuiteRunner.privateRun(SuiteRunner.java:401)
	at org.testng.SuiteRunner.run(SuiteRunner.java:364)
	at org.testng.SuiteRunnerWorker.runSuite(SuiteRunnerWorker.java:52)
	at org.testng.SuiteRunnerWorker.run(SuiteRunnerWorker.java:84)
	at org.testng.TestNG.runSuitesSequentially(TestNG.java:1187)
	at org.testng.TestNG.runSuitesLocally(TestNG.java:1116)
	at org.testng.TestNG.runSuites(TestNG.java:1028)
	at org.testng.TestNG.run(TestNG.java:996)
	at org.apache.maven.surefire.testng.TestNGExecutor.run(TestNGExecutor.java:283)
	at org.apache.maven.surefire.testng.TestNGXmlTestSuite.execute(TestNGXmlTestSuite.java:75)
	at org.apache.maven.surefire.testng.TestNGProvider.invoke(TestNGProvider.java:120)
	at org.apache.maven.surefire.booter.ForkedBooter.invokeProviderInSameClassLoader(ForkedBooter.java:373)
	at org.apache.maven.surefire.booter.ForkedBooter.runSuitesInProcess(ForkedBooter.java:334)
	at org.apache.maven.surefire.booter.ForkedBooter.execute(ForkedBooter.java:119)
	at org.apache.maven.surefire.booter.ForkedBooter.main(ForkedBooter.java:407)
</pre></div></td>
<td>0</td>
<td>org.ballerinalang.cassandra.actions.CassandraConnectionInitTest@2257fadf</td></tr>
<tr>
<td title='org.ballerinalang.cassandra.actions.CassandraConnectionInitTest.testConnectionInitWithRetryPolicy()'><b>testConnectionInitWithRetryPolicy</b><br>Test class: org.ballerinalang.cassandra.actions.CassandraConnectionInitTest<br>Test method: This method tests Cassandra Connection Inilialization with a Retry Policy</td>
<td><div><pre>java.lang.AssertionError: Cassandra daemon did not start within timeout
	at org.cassandraunit.utils.EmbeddedCassandraServerHelper.startEmbeddedCassandra(EmbeddedCassandraServerHelper.java:150)
	at org.cassandraunit.utils.EmbeddedCassandraServerHelper.startEmbeddedCassandra(EmbeddedCassandraServerHelper.java:102)
	at org.cassandraunit.utils.EmbeddedCassandraServerHelper.startEmbeddedCassandra(EmbeddedCassandraServerHelper.java:81)
	at org.cassandraunit.utils.EmbeddedCassandraServerHelper.startEmbeddedCassandra(EmbeddedCassandraServerHelper.java:77)
	at org.ballerinalang.cassandra.actions.CassandraBaseTest.startAndSetupCassandraServer(CassandraBaseTest.java:45)
... Removed 24 stack frames</pre></div><a href='#' onClick='toggleBox("stack-trace1994844299", this, "Click to show all stack frames", "Click to hide stack frames")'>Click to show all stack frames</a>
<div class='stack-trace' id='stack-trace1994844299'><pre>java.lang.AssertionError: Cassandra daemon did not start within timeout
	at org.cassandraunit.utils.EmbeddedCassandraServerHelper.startEmbeddedCassandra(EmbeddedCassandraServerHelper.java:150)
	at org.cassandraunit.utils.EmbeddedCassandraServerHelper.startEmbeddedCassandra(EmbeddedCassandraServerHelper.java:102)
	at org.cassandraunit.utils.EmbeddedCassandraServerHelper.startEmbeddedCassandra(EmbeddedCassandraServerHelper.java:81)
	at org.cassandraunit.utils.EmbeddedCassandraServerHelper.startEmbeddedCassandra(EmbeddedCassandraServerHelper.java:77)
	at org.ballerinalang.cassandra.actions.CassandraBaseTest.startAndSetupCassandraServer(CassandraBaseTest.java:45)
	at sun.reflect.NativeMethodAccessorImpl.invoke0(Native Method)
	at sun.reflect.NativeMethodAccessorImpl.invoke(NativeMethodAccessorImpl.java:62)
	at sun.reflect.DelegatingMethodAccessorImpl.invoke(DelegatingMethodAccessorImpl.java:43)
	at java.lang.reflect.Method.invoke(Method.java:498)
	at org.testng.internal.MethodInvocationHelper.invokeMethod(MethodInvocationHelper.java:124)
	at org.testng.internal.MethodInvocationHelper.invokeMethodConsideringTimeout(MethodInvocationHelper.java:59)
	at org.testng.internal.Invoker.invokeConfigurationMethod(Invoker.java:451)
	at org.testng.internal.Invoker.invokeConfigurations(Invoker.java:222)
	at org.testng.internal.Invoker.invokeConfigurations(Invoker.java:142)
	at org.testng.SuiteRunner.privateRun(SuiteRunner.java:401)
	at org.testng.SuiteRunner.run(SuiteRunner.java:364)
	at org.testng.SuiteRunnerWorker.runSuite(SuiteRunnerWorker.java:52)
	at org.testng.SuiteRunnerWorker.run(SuiteRunnerWorker.java:84)
	at org.testng.TestNG.runSuitesSequentially(TestNG.java:1187)
	at org.testng.TestNG.runSuitesLocally(TestNG.java:1116)
	at org.testng.TestNG.runSuites(TestNG.java:1028)
	at org.testng.TestNG.run(TestNG.java:996)
	at org.apache.maven.surefire.testng.TestNGExecutor.run(TestNGExecutor.java:283)
	at org.apache.maven.surefire.testng.TestNGXmlTestSuite.execute(TestNGXmlTestSuite.java:75)
	at org.apache.maven.surefire.testng.TestNGProvider.invoke(TestNGProvider.java:120)
	at org.apache.maven.surefire.booter.ForkedBooter.invokeProviderInSameClassLoader(ForkedBooter.java:373)
	at org.apache.maven.surefire.booter.ForkedBooter.runSuitesInProcess(ForkedBooter.java:334)
	at org.apache.maven.surefire.booter.ForkedBooter.execute(ForkedBooter.java:119)
	at org.apache.maven.surefire.booter.ForkedBooter.main(ForkedBooter.java:407)
</pre></div></td>
<td>0</td>
<td>org.ballerinalang.cassandra.actions.CassandraConnectionInitTest@2257fadf</td></tr>
<tr>
<td title='org.ballerinalang.cassandra.actions.CassandraConnectionInitTest.testConnectionInitWithSocketOptions()'><b>testConnectionInitWithSocketOptions</b><br>Test class: org.ballerinalang.cassandra.actions.CassandraConnectionInitTest<br>Test method: This method tests Cassandra Connection Inilialization with Socket Options</td>
<td><div><pre>java.lang.AssertionError: Cassandra daemon did not start within timeout
	at org.cassandraunit.utils.EmbeddedCassandraServerHelper.startEmbeddedCassandra(EmbeddedCassandraServerHelper.java:150)
	at org.cassandraunit.utils.EmbeddedCassandraServerHelper.startEmbeddedCassandra(EmbeddedCassandraServerHelper.java:102)
	at org.cassandraunit.utils.EmbeddedCassandraServerHelper.startEmbeddedCassandra(EmbeddedCassandraServerHelper.java:81)
	at org.cassandraunit.utils.EmbeddedCassandraServerHelper.startEmbeddedCassandra(EmbeddedCassandraServerHelper.java:77)
	at org.ballerinalang.cassandra.actions.CassandraBaseTest.startAndSetupCassandraServer(CassandraBaseTest.java:45)
... Removed 24 stack frames</pre></div><a href='#' onClick='toggleBox("stack-trace987991758", this, "Click to show all stack frames", "Click to hide stack frames")'>Click to show all stack frames</a>
<div class='stack-trace' id='stack-trace987991758'><pre>java.lang.AssertionError: Cassandra daemon did not start within timeout
	at org.cassandraunit.utils.EmbeddedCassandraServerHelper.startEmbeddedCassandra(EmbeddedCassandraServerHelper.java:150)
	at org.cassandraunit.utils.EmbeddedCassandraServerHelper.startEmbeddedCassandra(EmbeddedCassandraServerHelper.java:102)
	at org.cassandraunit.utils.EmbeddedCassandraServerHelper.startEmbeddedCassandra(EmbeddedCassandraServerHelper.java:81)
	at org.cassandraunit.utils.EmbeddedCassandraServerHelper.startEmbeddedCassandra(EmbeddedCassandraServerHelper.java:77)
	at org.ballerinalang.cassandra.actions.CassandraBaseTest.startAndSetupCassandraServer(CassandraBaseTest.java:45)
	at sun.reflect.NativeMethodAccessorImpl.invoke0(Native Method)
	at sun.reflect.NativeMethodAccessorImpl.invoke(NativeMethodAccessorImpl.java:62)
	at sun.reflect.DelegatingMethodAccessorImpl.invoke(DelegatingMethodAccessorImpl.java:43)
	at java.lang.reflect.Method.invoke(Method.java:498)
	at org.testng.internal.MethodInvocationHelper.invokeMethod(MethodInvocationHelper.java:124)
	at org.testng.internal.MethodInvocationHelper.invokeMethodConsideringTimeout(MethodInvocationHelper.java:59)
	at org.testng.internal.Invoker.invokeConfigurationMethod(Invoker.java:451)
	at org.testng.internal.Invoker.invokeConfigurations(Invoker.java:222)
	at org.testng.internal.Invoker.invokeConfigurations(Invoker.java:142)
	at org.testng.SuiteRunner.privateRun(SuiteRunner.java:401)
	at org.testng.SuiteRunner.run(SuiteRunner.java:364)
	at org.testng.SuiteRunnerWorker.runSuite(SuiteRunnerWorker.java:52)
	at org.testng.SuiteRunnerWorker.run(SuiteRunnerWorker.java:84)
	at org.testng.TestNG.runSuitesSequentially(TestNG.java:1187)
	at org.testng.TestNG.runSuitesLocally(TestNG.java:1116)
	at org.testng.TestNG.runSuites(TestNG.java:1028)
	at org.testng.TestNG.run(TestNG.java:996)
	at org.apache.maven.surefire.testng.TestNGExecutor.run(TestNGExecutor.java:283)
	at org.apache.maven.surefire.testng.TestNGXmlTestSuite.execute(TestNGXmlTestSuite.java:75)
	at org.apache.maven.surefire.testng.TestNGProvider.invoke(TestNGProvider.java:120)
	at org.apache.maven.surefire.booter.ForkedBooter.invokeProviderInSameClassLoader(ForkedBooter.java:373)
	at org.apache.maven.surefire.booter.ForkedBooter.runSuitesInProcess(ForkedBooter.java:334)
	at org.apache.maven.surefire.booter.ForkedBooter.execute(ForkedBooter.java:119)
	at org.apache.maven.surefire.booter.ForkedBooter.main(ForkedBooter.java:407)
</pre></div></td>
<td>0</td>
<td>org.ballerinalang.cassandra.actions.CassandraConnectionInitTest@2257fadf</td></tr>
<tr>
<td title='org.ballerinalang.cassandra.actions.CassandraActionsTest.testInsertRawParams()'><b>testInsertRawParams</b><br>Test class: org.ballerinalang.cassandra.actions.CassandraActionsTest<br>Test method: This method tests insertion of raw params to Cassandra database</td>
<td><div><pre>java.lang.NullPointerException
	at org.ballerinalang.cassandra.actions.CassandraActionsTest.populateDatabase(CassandraActionsTest.java:52)
	at org.ballerinalang.cassandra.actions.CassandraActionsTest.setup(CassandraActionsTest.java:48)
... Removed 30 stack frames</pre></div><a href='#' onClick='toggleBox("stack-trace2007561282", this, "Click to show all stack frames", "Click to hide stack frames")'>Click to show all stack frames</a>
<div class='stack-trace' id='stack-trace2007561282'><pre>java.lang.NullPointerException
	at org.ballerinalang.cassandra.actions.CassandraActionsTest.populateDatabase(CassandraActionsTest.java:52)
	at org.ballerinalang.cassandra.actions.CassandraActionsTest.setup(CassandraActionsTest.java:48)
	at sun.reflect.NativeMethodAccessorImpl.invoke0(Native Method)
	at sun.reflect.NativeMethodAccessorImpl.invoke(NativeMethodAccessorImpl.java:62)
	at sun.reflect.DelegatingMethodAccessorImpl.invoke(DelegatingMethodAccessorImpl.java:43)
	at java.lang.reflect.Method.invoke(Method.java:498)
	at org.testng.internal.MethodInvocationHelper.invokeMethod(MethodInvocationHelper.java:124)
	at org.testng.internal.MethodInvocationHelper.invokeMethodConsideringTimeout(MethodInvocationHelper.java:59)
	at org.testng.internal.Invoker.invokeConfigurationMethod(Invoker.java:451)
	at org.testng.internal.Invoker.invokeConfigurations(Invoker.java:222)
	at org.testng.internal.Invoker.invokeConfigurations(Invoker.java:142)
	at org.testng.internal.TestMethodWorker.invokeBeforeClassMethods(TestMethodWorker.java:163)
	at org.testng.internal.TestMethodWorker.run(TestMethodWorker.java:105)
	at org.testng.TestRunner.privateRun(TestRunner.java:648)
	at org.testng.TestRunner.run(TestRunner.java:505)
	at org.testng.SuiteRunner.runTest(SuiteRunner.java:455)
	at org.testng.SuiteRunner.runSequentially(SuiteRunner.java:450)
	at org.testng.SuiteRunner.privateRun(SuiteRunner.java:415)
	at org.testng.SuiteRunner.run(SuiteRunner.java:364)
	at org.testng.SuiteRunnerWorker.runSuite(SuiteRunnerWorker.java:52)
	at org.testng.SuiteRunnerWorker.run(SuiteRunnerWorker.java:84)
	at org.testng.TestNG.runSuitesSequentially(TestNG.java:1187)
	at org.testng.TestNG.runSuitesLocally(TestNG.java:1116)
	at org.testng.TestNG.runSuites(TestNG.java:1028)
	at org.testng.TestNG.run(TestNG.java:996)
	at org.apache.maven.surefire.testng.TestNGExecutor.run(TestNGExecutor.java:283)
	at org.apache.maven.surefire.testng.TestNGXmlTestSuite.execute(TestNGXmlTestSuite.java:75)
	at org.apache.maven.surefire.testng.TestNGProvider.invoke(TestNGProvider.java:120)
	at org.apache.maven.surefire.booter.ForkedBooter.invokeProviderInSameClassLoader(ForkedBooter.java:373)
	at org.apache.maven.surefire.booter.ForkedBooter.runSuitesInProcess(ForkedBooter.java:334)
	at org.apache.maven.surefire.booter.ForkedBooter.execute(ForkedBooter.java:119)
	at org.apache.maven.surefire.booter.ForkedBooter.main(ForkedBooter.java:407)
</pre></div></td>
<td>0</td>
<td>org.ballerinalang.cassandra.actions.CassandraActionsTest@3c6aa04a</td></tr>
<tr>
<td title='org.ballerinalang.cassandra.actions.CassandraActionsTest.testKeySpaceCreation()'><b>testKeySpaceCreation</b><br>Test class: org.ballerinalang.cassandra.actions.CassandraActionsTest<br>Test method: This method tests Cassandra key space creation</td>
<td><div><pre>java.lang.NullPointerException
	at org.ballerinalang.cassandra.actions.CassandraActionsTest.populateDatabase(CassandraActionsTest.java:52)
	at org.ballerinalang.cassandra.actions.CassandraActionsTest.setup(CassandraActionsTest.java:48)
... Removed 30 stack frames</pre></div><a href='#' onClick='toggleBox("stack-trace2050944630", this, "Click to show all stack frames", "Click to hide stack frames")'>Click to show all stack frames</a>
<div class='stack-trace' id='stack-trace2050944630'><pre>java.lang.NullPointerException
	at org.ballerinalang.cassandra.actions.CassandraActionsTest.populateDatabase(CassandraActionsTest.java:52)
	at org.ballerinalang.cassandra.actions.CassandraActionsTest.setup(CassandraActionsTest.java:48)
	at sun.reflect.NativeMethodAccessorImpl.invoke0(Native Method)
	at sun.reflect.NativeMethodAccessorImpl.invoke(NativeMethodAccessorImpl.java:62)
	at sun.reflect.DelegatingMethodAccessorImpl.invoke(DelegatingMethodAccessorImpl.java:43)
	at java.lang.reflect.Method.invoke(Method.java:498)
	at org.testng.internal.MethodInvocationHelper.invokeMethod(MethodInvocationHelper.java:124)
	at org.testng.internal.MethodInvocationHelper.invokeMethodConsideringTimeout(MethodInvocationHelper.java:59)
	at org.testng.internal.Invoker.invokeConfigurationMethod(Invoker.java:451)
	at org.testng.internal.Invoker.invokeConfigurations(Invoker.java:222)
	at org.testng.internal.Invoker.invokeConfigurations(Invoker.java:142)
	at org.testng.internal.TestMethodWorker.invokeBeforeClassMethods(TestMethodWorker.java:163)
	at org.testng.internal.TestMethodWorker.run(TestMethodWorker.java:105)
	at org.testng.TestRunner.privateRun(TestRunner.java:648)
	at org.testng.TestRunner.run(TestRunner.java:505)
	at org.testng.SuiteRunner.runTest(SuiteRunner.java:455)
	at org.testng.SuiteRunner.runSequentially(SuiteRunner.java:450)
	at org.testng.SuiteRunner.privateRun(SuiteRunner.java:415)
	at org.testng.SuiteRunner.run(SuiteRunner.java:364)
	at org.testng.SuiteRunnerWorker.runSuite(SuiteRunnerWorker.java:52)
	at org.testng.SuiteRunnerWorker.run(SuiteRunnerWorker.java:84)
	at org.testng.TestNG.runSuitesSequentially(TestNG.java:1187)
	at org.testng.TestNG.runSuitesLocally(TestNG.java:1116)
	at org.testng.TestNG.runSuites(TestNG.java:1028)
	at org.testng.TestNG.run(TestNG.java:996)
	at org.apache.maven.surefire.testng.TestNGExecutor.run(TestNGExecutor.java:283)
	at org.apache.maven.surefire.testng.TestNGXmlTestSuite.execute(TestNGXmlTestSuite.java:75)
	at org.apache.maven.surefire.testng.TestNGProvider.invoke(TestNGProvider.java:120)
	at org.apache.maven.surefire.booter.ForkedBooter.invokeProviderInSameClassLoader(ForkedBooter.java:373)
	at org.apache.maven.surefire.booter.ForkedBooter.runSuitesInProcess(ForkedBooter.java:334)
	at org.apache.maven.surefire.booter.ForkedBooter.execute(ForkedBooter.java:119)
	at org.apache.maven.surefire.booter.ForkedBooter.main(ForkedBooter.java:407)
</pre></div></td>
<td>0</td>
<td>org.ballerinalang.cassandra.actions.CassandraActionsTest@3c6aa04a</td></tr>
<tr>
<td title='org.ballerinalang.cassandra.actions.CassandraActionsTest.testSelect()'><b>testSelect</b><br>Test class: org.ballerinalang.cassandra.actions.CassandraActionsTest<br>Test method: This method tests selection from Cassandra database</td>
<td><div><pre>java.lang.NullPointerException
	at org.ballerinalang.cassandra.actions.CassandraActionsTest.populateDatabase(CassandraActionsTest.java:52)
	at org.ballerinalang.cassandra.actions.CassandraActionsTest.setup(CassandraActionsTest.java:48)
... Removed 30 stack frames</pre></div><a href='#' onClick='toggleBox("stack-trace27741797", this, "Click to show all stack frames", "Click to hide stack frames")'>Click to show all stack frames</a>
<div class='stack-trace' id='stack-trace27741797'><pre>java.lang.NullPointerException
	at org.ballerinalang.cassandra.actions.CassandraActionsTest.populateDatabase(CassandraActionsTest.java:52)
	at org.ballerinalang.cassandra.actions.CassandraActionsTest.setup(CassandraActionsTest.java:48)
	at sun.reflect.NativeMethodAccessorImpl.invoke0(Native Method)
	at sun.reflect.NativeMethodAccessorImpl.invoke(NativeMethodAccessorImpl.java:62)
	at sun.reflect.DelegatingMethodAccessorImpl.invoke(DelegatingMethodAccessorImpl.java:43)
	at java.lang.reflect.Method.invoke(Method.java:498)
	at org.testng.internal.MethodInvocationHelper.invokeMethod(MethodInvocationHelper.java:124)
	at org.testng.internal.MethodInvocationHelper.invokeMethodConsideringTimeout(MethodInvocationHelper.java:59)
	at org.testng.internal.Invoker.invokeConfigurationMethod(Invoker.java:451)
	at org.testng.internal.Invoker.invokeConfigurations(Invoker.java:222)
	at org.testng.internal.Invoker.invokeConfigurations(Invoker.java:142)
	at org.testng.internal.TestMethodWorker.invokeBeforeClassMethods(TestMethodWorker.java:163)
	at org.testng.internal.TestMethodWorker.run(TestMethodWorker.java:105)
	at org.testng.TestRunner.privateRun(TestRunner.java:648)
	at org.testng.TestRunner.run(TestRunner.java:505)
	at org.testng.SuiteRunner.runTest(SuiteRunner.java:455)
	at org.testng.SuiteRunner.runSequentially(SuiteRunner.java:450)
	at org.testng.SuiteRunner.privateRun(SuiteRunner.java:415)
	at org.testng.SuiteRunner.run(SuiteRunner.java:364)
	at org.testng.SuiteRunnerWorker.runSuite(SuiteRunnerWorker.java:52)
	at org.testng.SuiteRunnerWorker.run(SuiteRunnerWorker.java:84)
	at org.testng.TestNG.runSuitesSequentially(TestNG.java:1187)
	at org.testng.TestNG.runSuitesLocally(TestNG.java:1116)
	at org.testng.TestNG.runSuites(TestNG.java:1028)
	at org.testng.TestNG.run(TestNG.java:996)
	at org.apache.maven.surefire.testng.TestNGExecutor.run(TestNGExecutor.java:283)
	at org.apache.maven.surefire.testng.TestNGXmlTestSuite.execute(TestNGXmlTestSuite.java:75)
	at org.apache.maven.surefire.testng.TestNGProvider.invoke(TestNGProvider.java:120)
	at org.apache.maven.surefire.booter.ForkedBooter.invokeProviderInSameClassLoader(ForkedBooter.java:373)
	at org.apache.maven.surefire.booter.ForkedBooter.runSuitesInProcess(ForkedBooter.java:334)
	at org.apache.maven.surefire.booter.ForkedBooter.execute(ForkedBooter.java:119)
	at org.apache.maven.surefire.booter.ForkedBooter.main(ForkedBooter.java:407)
</pre></div></td>
<td>0</td>
<td>org.ballerinalang.cassandra.actions.CassandraActionsTest@3c6aa04a</td></tr>
<tr>
<td title='org.ballerinalang.cassandra.actions.CassandraActionsTest.testSelectExceptionScenario()'><b>testSelectExceptionScenario</b><br>Test class: org.ballerinalang.cassandra.actions.CassandraActionsTest<br>Test method: This method tests selection failure from Cassandra database</td>
<td><div><pre>java.lang.NullPointerException
	at org.ballerinalang.cassandra.actions.CassandraActionsTest.populateDatabase(CassandraActionsTest.java:52)
	at org.ballerinalang.cassandra.actions.CassandraActionsTest.setup(CassandraActionsTest.java:48)
... Removed 30 stack frames</pre></div><a href='#' onClick='toggleBox("stack-trace1126540006", this, "Click to show all stack frames", "Click to hide stack frames")'>Click to show all stack frames</a>
<div class='stack-trace' id='stack-trace1126540006'><pre>java.lang.NullPointerException
	at org.ballerinalang.cassandra.actions.CassandraActionsTest.populateDatabase(CassandraActionsTest.java:52)
	at org.ballerinalang.cassandra.actions.CassandraActionsTest.setup(CassandraActionsTest.java:48)
	at sun.reflect.NativeMethodAccessorImpl.invoke0(Native Method)
	at sun.reflect.NativeMethodAccessorImpl.invoke(NativeMethodAccessorImpl.java:62)
	at sun.reflect.DelegatingMethodAccessorImpl.invoke(DelegatingMethodAccessorImpl.java:43)
	at java.lang.reflect.Method.invoke(Method.java:498)
	at org.testng.internal.MethodInvocationHelper.invokeMethod(MethodInvocationHelper.java:124)
	at org.testng.internal.MethodInvocationHelper.invokeMethodConsideringTimeout(MethodInvocationHelper.java:59)
	at org.testng.internal.Invoker.invokeConfigurationMethod(Invoker.java:451)
	at org.testng.internal.Invoker.invokeConfigurations(Invoker.java:222)
	at org.testng.internal.Invoker.invokeConfigurations(Invoker.java:142)
	at org.testng.internal.TestMethodWorker.invokeBeforeClassMethods(TestMethodWorker.java:163)
	at org.testng.internal.TestMethodWorker.run(TestMethodWorker.java:105)
	at org.testng.TestRunner.privateRun(TestRunner.java:648)
	at org.testng.TestRunner.run(TestRunner.java:505)
	at org.testng.SuiteRunner.runTest(SuiteRunner.java:455)
	at org.testng.SuiteRunner.runSequentially(SuiteRunner.java:450)
	at org.testng.SuiteRunner.privateRun(SuiteRunner.java:415)
	at org.testng.SuiteRunner.run(SuiteRunner.java:364)
	at org.testng.SuiteRunnerWorker.runSuite(SuiteRunnerWorker.java:52)
	at org.testng.SuiteRunnerWorker.run(SuiteRunnerWorker.java:84)
	at org.testng.TestNG.runSuitesSequentially(TestNG.java:1187)
	at org.testng.TestNG.runSuitesLocally(TestNG.java:1116)
	at org.testng.TestNG.runSuites(TestNG.java:1028)
	at org.testng.TestNG.run(TestNG.java:996)
	at org.apache.maven.surefire.testng.TestNGExecutor.run(TestNGExecutor.java:283)
	at org.apache.maven.surefire.testng.TestNGXmlTestSuite.execute(TestNGXmlTestSuite.java:75)
	at org.apache.maven.surefire.testng.TestNGProvider.invoke(TestNGProvider.java:120)
	at org.apache.maven.surefire.booter.ForkedBooter.invokeProviderInSameClassLoader(ForkedBooter.java:373)
	at org.apache.maven.surefire.booter.ForkedBooter.runSuitesInProcess(ForkedBooter.java:334)
	at org.apache.maven.surefire.booter.ForkedBooter.execute(ForkedBooter.java:119)
	at org.apache.maven.surefire.booter.ForkedBooter.main(ForkedBooter.java:407)
</pre></div></td>
<td>0</td>
<td>org.ballerinalang.cassandra.actions.CassandraActionsTest@3c6aa04a</td></tr>
<tr>
<td title='org.ballerinalang.cassandra.actions.CassandraActionsTest.testSelectWithNilParams()'><b>testSelectWithNilParams</b><br>Test class: org.ballerinalang.cassandra.actions.CassandraActionsTest<br>Test method: This method tests selection from Cassandra database with nil param array</td>
<td><div><pre>java.lang.NullPointerException
	at org.ballerinalang.cassandra.actions.CassandraActionsTest.populateDatabase(CassandraActionsTest.java:52)
	at org.ballerinalang.cassandra.actions.CassandraActionsTest.setup(CassandraActionsTest.java:48)
... Removed 30 stack frames</pre></div><a href='#' onClick='toggleBox("stack-trace1931428900", this, "Click to show all stack frames", "Click to hide stack frames")'>Click to show all stack frames</a>
<div class='stack-trace' id='stack-trace1931428900'><pre>java.lang.NullPointerException
	at org.ballerinalang.cassandra.actions.CassandraActionsTest.populateDatabase(CassandraActionsTest.java:52)
	at org.ballerinalang.cassandra.actions.CassandraActionsTest.setup(CassandraActionsTest.java:48)
	at sun.reflect.NativeMethodAccessorImpl.invoke0(Native Method)
	at sun.reflect.NativeMethodAccessorImpl.invoke(NativeMethodAccessorImpl.java:62)
	at sun.reflect.DelegatingMethodAccessorImpl.invoke(DelegatingMethodAccessorImpl.java:43)
	at java.lang.reflect.Method.invoke(Method.java:498)
	at org.testng.internal.MethodInvocationHelper.invokeMethod(MethodInvocationHelper.java:124)
	at org.testng.internal.MethodInvocationHelper.invokeMethodConsideringTimeout(MethodInvocationHelper.java:59)
	at org.testng.internal.Invoker.invokeConfigurationMethod(Invoker.java:451)
	at org.testng.internal.Invoker.invokeConfigurations(Invoker.java:222)
	at org.testng.internal.Invoker.invokeConfigurations(Invoker.java:142)
	at org.testng.internal.TestMethodWorker.invokeBeforeClassMethods(TestMethodWorker.java:163)
	at org.testng.internal.TestMethodWorker.run(TestMethodWorker.java:105)
	at org.testng.TestRunner.privateRun(TestRunner.java:648)
	at org.testng.TestRunner.run(TestRunner.java:505)
	at org.testng.SuiteRunner.runTest(SuiteRunner.java:455)
	at org.testng.SuiteRunner.runSequentially(SuiteRunner.java:450)
	at org.testng.SuiteRunner.privateRun(SuiteRunner.java:415)
	at org.testng.SuiteRunner.run(SuiteRunner.java:364)
	at org.testng.SuiteRunnerWorker.runSuite(SuiteRunnerWorker.java:52)
	at org.testng.SuiteRunnerWorker.run(SuiteRunnerWorker.java:84)
	at org.testng.TestNG.runSuitesSequentially(TestNG.java:1187)
	at org.testng.TestNG.runSuitesLocally(TestNG.java:1116)
	at org.testng.TestNG.runSuites(TestNG.java:1028)
	at org.testng.TestNG.run(TestNG.java:996)
	at org.apache.maven.surefire.testng.TestNGExecutor.run(TestNGExecutor.java:283)
	at org.apache.maven.surefire.testng.TestNGXmlTestSuite.execute(TestNGXmlTestSuite.java:75)
	at org.apache.maven.surefire.testng.TestNGProvider.invoke(TestNGProvider.java:120)
	at org.apache.maven.surefire.booter.ForkedBooter.invokeProviderInSameClassLoader(ForkedBooter.java:373)
	at org.apache.maven.surefire.booter.ForkedBooter.runSuitesInProcess(ForkedBooter.java:334)
	at org.apache.maven.surefire.booter.ForkedBooter.execute(ForkedBooter.java:119)
	at org.apache.maven.surefire.booter.ForkedBooter.main(ForkedBooter.java:407)
</pre></div></td>
<td>0</td>
<td>org.ballerinalang.cassandra.actions.CassandraActionsTest@3c6aa04a</td></tr>
<tr>
<td title='org.ballerinalang.cassandra.actions.CassandraActionsTest.testSelectWithParamArray()'><b>testSelectWithParamArray</b><br>Test class: org.ballerinalang.cassandra.actions.CassandraActionsTest<br>Test method: This method tests select action with parameter arrays</td>
<td><div><pre>java.lang.NullPointerException
	at org.ballerinalang.cassandra.actions.CassandraActionsTest.populateDatabase(CassandraActionsTest.java:52)
	at org.ballerinalang.cassandra.actions.CassandraActionsTest.setup(CassandraActionsTest.java:48)
... Removed 30 stack frames</pre></div><a href='#' onClick='toggleBox("stack-trace2120178031", this, "Click to show all stack frames", "Click to hide stack frames")'>Click to show all stack frames</a>
<div class='stack-trace' id='stack-trace2120178031'><pre>java.lang.NullPointerException
	at org.ballerinalang.cassandra.actions.CassandraActionsTest.populateDatabase(CassandraActionsTest.java:52)
	at org.ballerinalang.cassandra.actions.CassandraActionsTest.setup(CassandraActionsTest.java:48)
	at sun.reflect.NativeMethodAccessorImpl.invoke0(Native Method)
	at sun.reflect.NativeMethodAccessorImpl.invoke(NativeMethodAccessorImpl.java:62)
	at sun.reflect.DelegatingMethodAccessorImpl.invoke(DelegatingMethodAccessorImpl.java:43)
	at java.lang.reflect.Method.invoke(Method.java:498)
	at org.testng.internal.MethodInvocationHelper.invokeMethod(MethodInvocationHelper.java:124)
	at org.testng.internal.MethodInvocationHelper.invokeMethodConsideringTimeout(MethodInvocationHelper.java:59)
	at org.testng.internal.Invoker.invokeConfigurationMethod(Invoker.java:451)
	at org.testng.internal.Invoker.invokeConfigurations(Invoker.java:222)
	at org.testng.internal.Invoker.invokeConfigurations(Invoker.java:142)
	at org.testng.internal.TestMethodWorker.invokeBeforeClassMethods(TestMethodWorker.java:163)
	at org.testng.internal.TestMethodWorker.run(TestMethodWorker.java:105)
	at org.testng.TestRunner.privateRun(TestRunner.java:648)
	at org.testng.TestRunner.run(TestRunner.java:505)
	at org.testng.SuiteRunner.runTest(SuiteRunner.java:455)
	at org.testng.SuiteRunner.runSequentially(SuiteRunner.java:450)
	at org.testng.SuiteRunner.privateRun(SuiteRunner.java:415)
	at org.testng.SuiteRunner.run(SuiteRunner.java:364)
	at org.testng.SuiteRunnerWorker.runSuite(SuiteRunnerWorker.java:52)
	at org.testng.SuiteRunnerWorker.run(SuiteRunnerWorker.java:84)
	at org.testng.TestNG.runSuitesSequentially(TestNG.java:1187)
	at org.testng.TestNG.runSuitesLocally(TestNG.java:1116)
	at org.testng.TestNG.runSuites(TestNG.java:1028)
	at org.testng.TestNG.run(TestNG.java:996)
	at org.apache.maven.surefire.testng.TestNGExecutor.run(TestNGExecutor.java:283)
	at org.apache.maven.surefire.testng.TestNGXmlTestSuite.execute(TestNGXmlTestSuite.java:75)
	at org.apache.maven.surefire.testng.TestNGProvider.invoke(TestNGProvider.java:120)
	at org.apache.maven.surefire.booter.ForkedBooter.invokeProviderInSameClassLoader(ForkedBooter.java:373)
	at org.apache.maven.surefire.booter.ForkedBooter.runSuitesInProcess(ForkedBooter.java:334)
	at org.apache.maven.surefire.booter.ForkedBooter.execute(ForkedBooter.java:119)
	at org.apache.maven.surefire.booter.ForkedBooter.main(ForkedBooter.java:407)
</pre></div></td>
<td>0</td>
<td>org.ballerinalang.cassandra.actions.CassandraActionsTest@3c6aa04a</td></tr>
<tr>
<td title='org.ballerinalang.cassandra.actions.CassandraActionsTest.testTableCreation()'><b>testTableCreation</b><br>Test class: org.ballerinalang.cassandra.actions.CassandraActionsTest<br>Test method: This method tests table creation in a Cassandra database</td>
<td><div><pre>java.lang.NullPointerException
	at org.ballerinalang.cassandra.actions.CassandraActionsTest.populateDatabase(CassandraActionsTest.java:52)
	at org.ballerinalang.cassandra.actions.CassandraActionsTest.setup(CassandraActionsTest.java:48)
... Removed 30 stack frames</pre></div><a href='#' onClick='toggleBox("stack-trace1160832167", this, "Click to show all stack frames", "Click to hide stack frames")'>Click to show all stack frames</a>
<div class='stack-trace' id='stack-trace1160832167'><pre>java.lang.NullPointerException
	at org.ballerinalang.cassandra.actions.CassandraActionsTest.populateDatabase(CassandraActionsTest.java:52)
	at org.ballerinalang.cassandra.actions.CassandraActionsTest.setup(CassandraActionsTest.java:48)
	at sun.reflect.NativeMethodAccessorImpl.invoke0(Native Method)
	at sun.reflect.NativeMethodAccessorImpl.invoke(NativeMethodAccessorImpl.java:62)
	at sun.reflect.DelegatingMethodAccessorImpl.invoke(DelegatingMethodAccessorImpl.java:43)
	at java.lang.reflect.Method.invoke(Method.java:498)
	at org.testng.internal.MethodInvocationHelper.invokeMethod(MethodInvocationHelper.java:124)
	at org.testng.internal.MethodInvocationHelper.invokeMethodConsideringTimeout(MethodInvocationHelper.java:59)
	at org.testng.internal.Invoker.invokeConfigurationMethod(Invoker.java:451)
	at org.testng.internal.Invoker.invokeConfigurations(Invoker.java:222)
	at org.testng.internal.Invoker.invokeConfigurations(Invoker.java:142)
	at org.testng.internal.TestMethodWorker.invokeBeforeClassMethods(TestMethodWorker.java:163)
	at org.testng.internal.TestMethodWorker.run(TestMethodWorker.java:105)
	at org.testng.TestRunner.privateRun(TestRunner.java:648)
	at org.testng.TestRunner.run(TestRunner.java:505)
	at org.testng.SuiteRunner.runTest(SuiteRunner.java:455)
	at org.testng.SuiteRunner.runSequentially(SuiteRunner.java:450)
	at org.testng.SuiteRunner.privateRun(SuiteRunner.java:415)
	at org.testng.SuiteRunner.run(SuiteRunner.java:364)
	at org.testng.SuiteRunnerWorker.runSuite(SuiteRunnerWorker.java:52)
	at org.testng.SuiteRunnerWorker.run(SuiteRunnerWorker.java:84)
	at org.testng.TestNG.runSuitesSequentially(TestNG.java:1187)
	at org.testng.TestNG.runSuitesLocally(TestNG.java:1116)
	at org.testng.TestNG.runSuites(TestNG.java:1028)
	at org.testng.TestNG.run(TestNG.java:996)
	at org.apache.maven.surefire.testng.TestNGExecutor.run(TestNGExecutor.java:283)
	at org.apache.maven.surefire.testng.TestNGXmlTestSuite.execute(TestNGXmlTestSuite.java:75)
	at org.apache.maven.surefire.testng.TestNGProvider.invoke(TestNGProvider.java:120)
	at org.apache.maven.surefire.booter.ForkedBooter.invokeProviderInSameClassLoader(ForkedBooter.java:373)
	at org.apache.maven.surefire.booter.ForkedBooter.runSuitesInProcess(ForkedBooter.java:334)
	at org.apache.maven.surefire.booter.ForkedBooter.execute(ForkedBooter.java:119)
	at org.apache.maven.surefire.booter.ForkedBooter.main(ForkedBooter.java:407)
</pre></div></td>
<td>0</td>
<td>org.ballerinalang.cassandra.actions.CassandraActionsTest@3c6aa04a</td></tr>
<tr>
<td title='org.ballerinalang.cassandra.actions.CassandraActionsTest.testUpdateExceptionScenario()'><b>testUpdateExceptionScenario</b><br>Test class: org.ballerinalang.cassandra.actions.CassandraActionsTest<br>Test method: This method tests Cassandra update failure scenario</td>
<td><div><pre>java.lang.NullPointerException
	at org.ballerinalang.cassandra.actions.CassandraActionsTest.populateDatabase(CassandraActionsTest.java:52)
	at org.ballerinalang.cassandra.actions.CassandraActionsTest.setup(CassandraActionsTest.java:48)
... Removed 30 stack frames</pre></div><a href='#' onClick='toggleBox("stack-trace728521845", this, "Click to show all stack frames", "Click to hide stack frames")'>Click to show all stack frames</a>
<div class='stack-trace' id='stack-trace728521845'><pre>java.lang.NullPointerException
	at org.ballerinalang.cassandra.actions.CassandraActionsTest.populateDatabase(CassandraActionsTest.java:52)
	at org.ballerinalang.cassandra.actions.CassandraActionsTest.setup(CassandraActionsTest.java:48)
	at sun.reflect.NativeMethodAccessorImpl.invoke0(Native Method)
	at sun.reflect.NativeMethodAccessorImpl.invoke(NativeMethodAccessorImpl.java:62)
	at sun.reflect.DelegatingMethodAccessorImpl.invoke(DelegatingMethodAccessorImpl.java:43)
	at java.lang.reflect.Method.invoke(Method.java:498)
	at org.testng.internal.MethodInvocationHelper.invokeMethod(MethodInvocationHelper.java:124)
	at org.testng.internal.MethodInvocationHelper.invokeMethodConsideringTimeout(MethodInvocationHelper.java:59)
	at org.testng.internal.Invoker.invokeConfigurationMethod(Invoker.java:451)
	at org.testng.internal.Invoker.invokeConfigurations(Invoker.java:222)
	at org.testng.internal.Invoker.invokeConfigurations(Invoker.java:142)
	at org.testng.internal.TestMethodWorker.invokeBeforeClassMethods(TestMethodWorker.java:163)
	at org.testng.internal.TestMethodWorker.run(TestMethodWorker.java:105)
	at org.testng.TestRunner.privateRun(TestRunner.java:648)
	at org.testng.TestRunner.run(TestRunner.java:505)
	at org.testng.SuiteRunner.runTest(SuiteRunner.java:455)
	at org.testng.SuiteRunner.runSequentially(SuiteRunner.java:450)
	at org.testng.SuiteRunner.privateRun(SuiteRunner.java:415)
	at org.testng.SuiteRunner.run(SuiteRunner.java:364)
	at org.testng.SuiteRunnerWorker.runSuite(SuiteRunnerWorker.java:52)
	at org.testng.SuiteRunnerWorker.run(SuiteRunnerWorker.java:84)
	at org.testng.TestNG.runSuitesSequentially(TestNG.java:1187)
	at org.testng.TestNG.runSuitesLocally(TestNG.java:1116)
	at org.testng.TestNG.runSuites(TestNG.java:1028)
	at org.testng.TestNG.run(TestNG.java:996)
	at org.apache.maven.surefire.testng.TestNGExecutor.run(TestNGExecutor.java:283)
	at org.apache.maven.surefire.testng.TestNGXmlTestSuite.execute(TestNGXmlTestSuite.java:75)
	at org.apache.maven.surefire.testng.TestNGProvider.invoke(TestNGProvider.java:120)
	at org.apache.maven.surefire.booter.ForkedBooter.invokeProviderInSameClassLoader(ForkedBooter.java:373)
	at org.apache.maven.surefire.booter.ForkedBooter.runSuitesInProcess(ForkedBooter.java:334)
	at org.apache.maven.surefire.booter.ForkedBooter.execute(ForkedBooter.java:119)
	at org.apache.maven.surefire.booter.ForkedBooter.main(ForkedBooter.java:407)
</pre></div></td>
<td>0</td>
<td>org.ballerinalang.cassandra.actions.CassandraActionsTest@3c6aa04a</td></tr>
</table><p>
</body>
</html>