<html>
<head>
<title>TestNG:  Surefire test</title>
<link href="../testng.css" rel="stylesheet" type="text/css" />
<link href="../my-testng.css" rel="stylesheet" type="text/css" />

<style type="text/css">
.log { display: none;} 
.stack-trace { display: none;} 
</style>
<script type="text/javascript">
<!--
function flip(e) {
  current = e.style.display;
  if (current == 'block') {
    e.style.display = 'none';
    return 0;
  }
  else {
    e.style.display = 'block';
    return 1;
  }
}

function toggleBox(szDivId, elem, msg1, msg2)
{
  var res = -1;  if (document.getElementById) {
    res = flip(document.getElementById(szDivId));
  }
  else if (document.all) {
    // this is the way old msie versions work
    res = flip(document.all[szDivId]);
  }
  if(elem) {
    if(res == 0) elem.innerHTML = msg1; else elem.innerHTML = msg2;
  }

}

function toggleAllBoxes() {
  if (document.getElementsByTagName) {
    d = document.getElementsByTagName('div');
    for (i = 0; i < d.length; i++) {
      if (d[i].className == 'log') {
        flip(d[i]);
      }
    }
  }
}

// -->
</script>

</head>
<body>
<h2 align='center'>Surefire test</h2><table border='1' align="center">
<tr>
<td>Tests passed/Failed/Skipped:</td><td>115/0/0</td>
</tr><tr>
<td>Started on:</td><td>Fri Jun 01 13:22:43 CEST 2018</td>
</tr>
<tr><td>Total time:</td><td>8 seconds (8534 ms)</td>
</tr><tr>
<td>Included groups:</td><td></td>
</tr><tr>
<td>Excluded groups:</td><td></td>
</tr>
</table><p/>
<small><i>(Hover the method name to see the test class name)</i></small><p/>
<table width='100%' border='1' class='invocation-passed'>
<tr><td colspan='4' align='center'><b>PASSED TESTS</b></td></tr>
<tr><td><b>Test method</b></td>
<td width="30%"><b>Exception</b></td>
<td width="10%"><b>Time (seconds)</b></td>
<td><b>Instance</b></td>
</tr>
<tr>
<td title='org.molgenis.semanticmapper.utils.MagmaUnitConverterTest.convertUnit()'><b>convertUnit</b><br>Test class: org.molgenis.semanticmapper.utils.MagmaUnitConverterTest</td>
<td></td>
<td>0</td>
<td>org.molgenis.semanticmapper.utils.MagmaUnitConverterTest@4ede8888</td></tr>
<tr>
<td title='org.molgenis.semanticmapper.service.impl.MappingServiceImplTest.createMetaWithNonNullParameters()'><b>createMetaWithNonNullParameters</b><br>Test class: org.molgenis.semanticmapper.service.impl.MappingServiceImplTest</td>
<td></td>
<td>0</td>
<td>org.molgenis.semanticmapper.service.impl.MappingServiceImplTest@29ba63f0</td></tr>
<tr>
<td title='org.molgenis.semanticmapper.service.impl.MappingServiceImplTest.createMetaWithNullParameters()'><b>createMetaWithNullParameters</b><br>Test class: org.molgenis.semanticmapper.service.impl.MappingServiceImplTest</td>
<td></td>
<td>0</td>
<td>org.molgenis.semanticmapper.service.impl.MappingServiceImplTest@29ba63f0</td></tr>
<tr>
<td title='org.molgenis.semanticmapper.service.impl.AlgorithmTemplateServiceImplTest.find()'><b>find</b><br>Test class: org.molgenis.semanticmapper.service.impl.AlgorithmTemplateServiceImplTest</td>
<td></td>
<td>0</td>
<td>org.molgenis.semanticmapper.service.impl.AlgorithmTemplateServiceImplTest@4f2b1e9f</td></tr>
<tr>
<td title='org.molgenis.semanticmapper.algorithmgenerator.categorymapper.LexicalCategoryMapperTest.findBestCategoryMatch()'><b>findBestCategoryMatch</b><br>Test class: org.molgenis.semanticmapper.algorithmgenerator.categorymapper.LexicalCategoryMapperTest</td>
<td></td>
<td>0</td>
<td>org.molgenis.semanticmapper.algorithmgenerator.categorymapper.LexicalCategoryMapperTest@3d2b13b1</td></tr>
<tr>
<td title='org.molgenis.semanticmapper.utils.MagmaUnitConverterTest.findCompositeUnitNames()'><b>findCompositeUnitNames</b><br>Test class: org.molgenis.semanticmapper.utils.MagmaUnitConverterTest</td>
<td></td>
<td>0</td>
<td>org.molgenis.semanticmapper.utils.MagmaUnitConverterTest@4ede8888</td></tr>
<tr>
<td title='org.molgenis.semanticmapper.algorithmgenerator.generator.NumericAlgorithmGeneratorTest.generate()'><b>generate</b><br>Test class: org.molgenis.semanticmapper.algorithmgenerator.generator.NumericAlgorithmGeneratorTest</td>
<td></td>
<td>0</td>
<td>org.molgenis.semanticmapper.algorithmgenerator.generator.NumericAlgorithmGeneratorTest@40b01718</td></tr>
<tr>
<td title='org.molgenis.semanticmapper.algorithmgenerator.generator.NumericAlgorithmGeneratorTest.generateUnitConversionAlgorithm()'><b>generateUnitConversionAlgorithm</b><br>Test class: org.molgenis.semanticmapper.algorithmgenerator.generator.NumericAlgorithmGeneratorTest</td>
<td></td>
<td>0</td>
<td>org.molgenis.semanticmapper.algorithmgenerator.generator.NumericAlgorithmGeneratorTest@40b01718</td></tr>
<tr>
<td title='org.molgenis.semanticmapper.controller.MappingServiceControllerTest.getFirstAttributeMappingInfo_age()'><b>getFirstAttributeMappingInfo_age</b><br>Test class: org.molgenis.semanticmapper.controller.MappingServiceControllerTest</td>
<td></td>
<td>0</td>
<td>org.molgenis.semanticmapper.controller.MappingServiceControllerTest@30eb55c9</td></tr>
<tr>
<td title='org.molgenis.semanticmapper.controller.MappingServiceControllerTest.getFirstAttributeMappingInfo_dob()'><b>getFirstAttributeMappingInfo_dob</b><br>Test class: org.molgenis.semanticmapper.controller.MappingServiceControllerTest</td>
<td></td>
<td>0</td>
<td>org.molgenis.semanticmapper.controller.MappingServiceControllerTest@30eb55c9</td></tr>
<tr>
<td title='org.molgenis.semanticmapper.controller.MappingServiceControllerTest.getFirstAttributeMappingInfo_none()'><b>getFirstAttributeMappingInfo_none</b><br>Test class: org.molgenis.semanticmapper.controller.MappingServiceControllerTest</td>
<td></td>
<td>0</td>
<td>org.molgenis.semanticmapper.controller.MappingServiceControllerTest@30eb55c9</td></tr>
<tr>
<td title='org.molgenis.semanticmapper.algorithmgenerator.rules.impl.MissingCategoryRuleTest.getMatchedTermFromTheRulelabelContainsWords()'><b>getMatchedTermFromTheRulelabelContainsWords</b><br>Test class: org.molgenis.semanticmapper.algorithmgenerator.rules.impl.MissingCategoryRuleTest</td>
<td></td>
<td>0</td>
<td>org.molgenis.semanticmapper.algorithmgenerator.rules.impl.MissingCategoryRuleTest@56a9a7b5</td></tr>
<tr>
<td title='org.molgenis.semanticmapper.algorithmgenerator.rules.impl.PositiveCategoryRuleTest.isRuleApplied()'><b>isRuleApplied</b><br>Test class: org.molgenis.semanticmapper.algorithmgenerator.rules.impl.PositiveCategoryRuleTest</td>
<td></td>
<td>0</td>
<td>org.molgenis.semanticmapper.algorithmgenerator.rules.impl.PositiveCategoryRuleTest@622ba721</td></tr>
<tr>
<td title='org.molgenis.semanticmapper.algorithmgenerator.rules.impl.NegativeCategoryRuleTest.isRuleApplied()'><b>isRuleApplied</b><br>Test class: org.molgenis.semanticmapper.algorithmgenerator.rules.impl.NegativeCategoryRuleTest</td>
<td></td>
<td>0</td>
<td>org.molgenis.semanticmapper.algorithmgenerator.rules.impl.NegativeCategoryRuleTest@6b2f7527</td></tr>
<tr>
<td title='org.molgenis.semanticmapper.algorithmgenerator.rules.impl.MissingCategoryRuleTest.isRuleApplied()'><b>isRuleApplied</b><br>Test class: org.molgenis.semanticmapper.algorithmgenerator.rules.impl.MissingCategoryRuleTest</td>
<td></td>
<td>0</td>
<td>org.molgenis.semanticmapper.algorithmgenerator.rules.impl.MissingCategoryRuleTest@56a9a7b5</td></tr>
<tr>
<td title='org.molgenis.semanticmapper.algorithmgenerator.generator.NumericAlgorithmGeneratorTest.isSuitable()'><b>isSuitable</b><br>Test class: org.molgenis.semanticmapper.algorithmgenerator.generator.NumericAlgorithmGeneratorTest</td>
<td></td>
<td>0</td>
<td>org.molgenis.semanticmapper.algorithmgenerator.generator.NumericAlgorithmGeneratorTest@40b01718</td></tr>
<tr>
<td title='org.molgenis.semanticmapper.controller.MappingServiceControllerTest.itShouldCreateNewAttributeMappingWhenSavingIfNonePresent()'><b>itShouldCreateNewAttributeMappingWhenSavingIfNonePresent</b><br>Test class: org.molgenis.semanticmapper.controller.MappingServiceControllerTest</td>
<td></td>
<td>0</td>
<td>org.molgenis.semanticmapper.controller.MappingServiceControllerTest@30eb55c9</td></tr>
<tr>
<td title='org.molgenis.semanticmapper.controller.MappingServiceControllerTest.itShouldRemoveEmptyAttributeMappingsWhenSaving()'><b>itShouldRemoveEmptyAttributeMappingsWhenSaving</b><br>Test class: org.molgenis.semanticmapper.controller.MappingServiceControllerTest</td>
<td></td>
<td>0</td>
<td>org.molgenis.semanticmapper.controller.MappingServiceControllerTest@30eb55c9</td></tr>
<tr>
<td title='org.molgenis.semanticmapper.controller.MappingServiceControllerTest.itShouldUpdateExistingAttributeMappingWhenSaving()'><b>itShouldUpdateExistingAttributeMappingWhenSaving</b><br>Test class: org.molgenis.semanticmapper.controller.MappingServiceControllerTest</td>
<td></td>
<td>0</td>
<td>org.molgenis.semanticmapper.controller.MappingServiceControllerTest@30eb55c9</td></tr>
<tr>
<td title='org.molgenis.semanticmapper.algorithmgenerator.rules.impl.PositiveCategoryRuleTest.labelContainsPositiveWords()'><b>labelContainsPositiveWords</b><br>Test class: org.molgenis.semanticmapper.algorithmgenerator.rules.impl.PositiveCategoryRuleTest</td>
<td></td>
<td>0</td>
<td>org.molgenis.semanticmapper.algorithmgenerator.rules.impl.PositiveCategoryRuleTest@622ba721</td></tr>
<tr>
<td title='org.molgenis.semanticmapper.algorithmgenerator.rules.impl.NegativeCategoryRuleTest.labelContainsPositiveWords()'><b>labelContainsPositiveWords</b><br>Test class: org.molgenis.semanticmapper.algorithmgenerator.rules.impl.NegativeCategoryRuleTest</td>
<td></td>
<td>0</td>
<td>org.molgenis.semanticmapper.algorithmgenerator.rules.impl.NegativeCategoryRuleTest@6b2f7527</td></tr>
<tr>
<td title='org.molgenis.semanticmapper.algorithmgenerator.rules.impl.MissingCategoryRuleTest.removeIllegalChars()'><b>removeIllegalChars</b><br>Test class: org.molgenis.semanticmapper.algorithmgenerator.rules.impl.MissingCategoryRuleTest</td>
<td></td>
<td>0</td>
<td>org.molgenis.semanticmapper.algorithmgenerator.rules.impl.MissingCategoryRuleTest@56a9a7b5</td></tr>
<tr>
<td title='org.molgenis.semanticmapper.service.impl.UnitResolverImplTest.resolveUnitLabelNoUnit()'><b>resolveUnitLabelNoUnit</b><br>Test class: org.molgenis.semanticmapper.service.impl.UnitResolverImplTest</td>
<td></td>
<td>0</td>
<td>org.molgenis.semanticmapper.service.impl.UnitResolverImplTest@33a3e5db</td></tr>
<tr>
<td title='org.molgenis.semanticmapper.service.impl.UnitResolverImplTest.resolveUnitLabelNoUnitDescriptionNoUnit()'><b>resolveUnitLabelNoUnitDescriptionNoUnit</b><br>Test class: org.molgenis.semanticmapper.service.impl.UnitResolverImplTest</td>
<td></td>
<td>0</td>
<td>org.molgenis.semanticmapper.service.impl.UnitResolverImplTest@33a3e5db</td></tr>
<tr>
<td title='org.molgenis.semanticmapper.service.impl.UnitResolverImplTest.resolveUnitLabelNoUnitDescriptionWithUnit_directUnitMatch()'><b>resolveUnitLabelNoUnitDescriptionWithUnit_directUnitMatch</b><br>Test class: org.molgenis.semanticmapper.service.impl.UnitResolverImplTest</td>
<td></td>
<td>0</td>
<td>org.molgenis.semanticmapper.service.impl.UnitResolverImplTest@33a3e5db</td></tr>
<tr>
<td title='org.molgenis.semanticmapper.service.impl.UnitResolverImplTest.resolveUnitLabelNoUnitDescriptionWithUnit_directUnitMatchRaw_kgm2()'><b>resolveUnitLabelNoUnitDescriptionWithUnit_directUnitMatchRaw_kgm2</b><br>Test class: org.molgenis.semanticmapper.service.impl.UnitResolverImplTest</td>
<td></td>
<td>0</td>
<td>org.molgenis.semanticmapper.service.impl.UnitResolverImplTest@33a3e5db</td></tr>
<tr>
<td title='org.molgenis.semanticmapper.service.impl.UnitResolverImplTest.resolveUnitLabelNoUnitDescriptionWithUnit_directUnitMatch_kgm2_2()'><b>resolveUnitLabelNoUnitDescriptionWithUnit_directUnitMatch_kgm2_2</b><br>Test class: org.molgenis.semanticmapper.service.impl.UnitResolverImplTest</td>
<td></td>
<td>0</td>
<td>org.molgenis.semanticmapper.service.impl.UnitResolverImplTest@33a3e5db</td></tr>
<tr>
<td title='org.molgenis.semanticmapper.service.impl.UnitResolverImplTest.resolveUnitLabelNoUnitDescriptionWithUnit_unitOntologyMatch()'><b>resolveUnitLabelNoUnitDescriptionWithUnit_unitOntologyMatch</b><br>Test class: org.molgenis.semanticmapper.service.impl.UnitResolverImplTest</td>
<td></td>
<td>0</td>
<td>org.molgenis.semanticmapper.service.impl.UnitResolverImplTest@33a3e5db</td></tr>
<tr>
<td title='org.molgenis.semanticmapper.service.impl.UnitResolverImplTest.resolveUnitLabelNoUnitDescriptionWithUnit_unitOntologyMatch_kgm2()'><b>resolveUnitLabelNoUnitDescriptionWithUnit_unitOntologyMatch_kgm2</b><br>Test class: org.molgenis.semanticmapper.service.impl.UnitResolverImplTest</td>
<td></td>
<td>0</td>
<td>org.molgenis.semanticmapper.service.impl.UnitResolverImplTest@33a3e5db</td></tr>
<tr>
<td title='org.molgenis.semanticmapper.service.impl.UnitResolverImplTest.resolveUnitLabelWithUnit_directUnitMatch()'><b>resolveUnitLabelWithUnit_directUnitMatch</b><br>Test class: org.molgenis.semanticmapper.service.impl.UnitResolverImplTest</td>
<td></td>
<td>0</td>
<td>org.molgenis.semanticmapper.service.impl.UnitResolverImplTest@33a3e5db</td></tr>
<tr>
<td title='org.molgenis.semanticmapper.service.impl.UnitResolverImplTest.resolveUnitLabelWithUnit_unitOntologyMatch()'><b>resolveUnitLabelWithUnit_unitOntologyMatch</b><br>Test class: org.molgenis.semanticmapper.service.impl.UnitResolverImplTest</td>
<td></td>
<td>0</td>
<td>org.molgenis.semanticmapper.service.impl.UnitResolverImplTest@33a3e5db</td></tr>
<tr>
<td title='org.molgenis.semanticmapper.repository.impl.MappingProjectRepositoryImplTest.testAdd()'><b>testAdd</b><br>Test class: org.molgenis.semanticmapper.repository.impl.MappingProjectRepositoryImplTest</td>
<td></td>
<td>0</td>
<td>org.molgenis.semanticmapper.repository.impl.MappingProjectRepositoryImplTest@61d7bb61</td></tr>
<tr>
<td title='org.molgenis.semanticmapper.service.impl.MappingServiceImplTest.testAddExistingTarget()'><b>testAddExistingTarget</b><br>Test class: org.molgenis.semanticmapper.service.impl.MappingServiceImplTest</td>
<td><div><pre>java.lang.IllegalStateException: Cannot have multiple mappings for same target.
	at org.molgenis.semanticmapper.mapping.model.MappingProject.addTarget(MappingProject.java:87)
	at org.molgenis.semanticmapper.service.impl.MappingServiceImplTest.testAddExistingTarget(MappingServiceImplTest.java:268)
	at org.springframework.test.context.testng.AbstractTestNGSpringContextTests.run(AbstractTestNGSpringContextTests.java:180)
	at org.apache.maven.surefire.testng.TestNGExecutor.run(TestNGExecutor.java:135)
	at org.apache.maven.surefire.testng.TestNGDirectoryTestSuite.executeMulti(TestNGDirectoryTestSuite.java:193)
	at org.apache.maven.surefire.testng.TestNGDirectoryTestSuite.execute(TestNGDirectoryTestSuite.java:94)
	at org.apache.maven.surefire.testng.TestNGProvider.invoke(TestNGProvider.java:146)
	at org.apache.maven.surefire.booter.ForkedBooter.invokeProviderInSameClassLoader(ForkedBooter.java:379)
	at org.apache.maven.surefire.booter.ForkedBooter.runSuitesInProcess(ForkedBooter.java:340)
	at org.apache.maven.surefire.booter.ForkedBooter.execute(ForkedBooter.java:125)
	at org.apache.maven.surefire.booter.ForkedBooter.main(ForkedBooter.java:413)
... Removed 26 stack frames</pre></div><a href='#' onClick='toggleBox("stack-trace1113287762", this, "Click to show all stack frames", "Click to hide stack frames")'>Click to show all stack frames</a>
<div class='stack-trace' id='stack-trace1113287762'><pre>java.lang.IllegalStateException: Cannot have multiple mappings for same target.
	at org.molgenis.semanticmapper.mapping.model.MappingProject.addTarget(MappingProject.java:87)
	at org.molgenis.semanticmapper.service.impl.MappingServiceImplTest.testAddExistingTarget(MappingServiceImplTest.java:268)
	at sun.reflect.NativeMethodAccessorImpl.invoke0(Native Method)
	at sun.reflect.NativeMethodAccessorImpl.invoke(NativeMethodAccessorImpl.java:62)
	at sun.reflect.DelegatingMethodAccessorImpl.invoke(DelegatingMethodAccessorImpl.java:43)
	at java.lang.reflect.Method.invoke(Method.java:498)
	at org.testng.internal.MethodInvocationHelper.invokeMethod(MethodInvocationHelper.java:80)
	at org.testng.internal.MethodInvocationHelper$1.runTestMethod(MethodInvocationHelper.java:182)
	at org.springframework.test.context.testng.AbstractTestNGSpringContextTests.run(AbstractTestNGSpringContextTests.java:180)
	at sun.reflect.GeneratedMethodAccessor42.invoke(Unknown Source)
	at sun.reflect.DelegatingMethodAccessorImpl.invoke(DelegatingMethodAccessorImpl.java:43)
	at java.lang.reflect.Method.invoke(Method.java:498)
	at org.testng.internal.MethodInvocationHelper.invokeHookable(MethodInvocationHelper.java:194)
	at org.testng.internal.Invoker.invokeMethod(Invoker.java:707)
	at org.testng.internal.Invoker.invokeTestMethod(Invoker.java:901)
	at org.testng.internal.Invoker.invokeTestMethods(Invoker.java:1231)
	at org.testng.internal.TestMethodWorker.invokeTestMethods(TestMethodWorker.java:127)
	at org.testng.internal.TestMethodWorker.run(TestMethodWorker.java:111)
	at org.testng.TestRunner.privateRun(TestRunner.java:767)
	at org.testng.TestRunner.run(TestRunner.java:617)
	at org.testng.SuiteRunner.runTest(SuiteRunner.java:334)
	at org.testng.SuiteRunner.runSequentially(SuiteRunner.java:329)
	at org.testng.SuiteRunner.privateRun(SuiteRunner.java:291)
	at org.testng.SuiteRunner.run(SuiteRunner.java:240)
	at org.testng.SuiteRunnerWorker.runSuite(SuiteRunnerWorker.java:52)
	at org.testng.SuiteRunnerWorker.run(SuiteRunnerWorker.java:86)
	at org.testng.TestNG.runSuitesSequentially(TestNG.java:1198)
	at org.testng.TestNG.runSuitesLocally(TestNG.java:1123)
	at org.testng.TestNG.run(TestNG.java:1031)
	at org.apache.maven.surefire.testng.TestNGExecutor.run(TestNGExecutor.java:135)
	at org.apache.maven.surefire.testng.TestNGDirectoryTestSuite.executeMulti(TestNGDirectoryTestSuite.java:193)
	at org.apache.maven.surefire.testng.TestNGDirectoryTestSuite.execute(TestNGDirectoryTestSuite.java:94)
	at org.apache.maven.surefire.testng.TestNGProvider.invoke(TestNGProvider.java:146)
	at org.apache.maven.surefire.booter.ForkedBooter.invokeProviderInSameClassLoader(ForkedBooter.java:379)
	at org.apache.maven.surefire.booter.ForkedBooter.runSuitesInProcess(ForkedBooter.java:340)
	at org.apache.maven.surefire.booter.ForkedBooter.execute(ForkedBooter.java:125)
	at org.apache.maven.surefire.booter.ForkedBooter.main(ForkedBooter.java:413)
</pre></div></td>
<td>0</td>
<td>org.molgenis.semanticmapper.service.impl.MappingServiceImplTest@29ba63f0</td></tr>
<tr>
<td title='org.molgenis.semanticmapper.service.impl.MappingServiceImplTest.testAddMappingProject()'><b>testAddMappingProject</b><br>Test class: org.molgenis.semanticmapper.service.impl.MappingServiceImplTest</td>
<td></td>
<td>0</td>
<td>org.molgenis.semanticmapper.service.impl.MappingServiceImplTest@29ba63f0</td></tr>
<tr>
<td title='org.molgenis.semanticmapper.repository.impl.MappingProjectRepositoryImplTest.testAddWithIdentifier()'><b>testAddWithIdentifier</b><br>Test class: org.molgenis.semanticmapper.repository.impl.MappingProjectRepositoryImplTest</td>
<td></td>
<td>0</td>
<td>org.molgenis.semanticmapper.repository.impl.MappingProjectRepositoryImplTest@61d7bb61</td></tr>
<tr>
<td title='org.molgenis.semanticmapper.service.impl.AlgorithmServiceImplTest.testAlgorithmServiceImpl()'><b>testAlgorithmServiceImpl</b><br>Test class: org.molgenis.semanticmapper.service.impl.AlgorithmServiceImplTest</td>
<td><div><pre>java.lang.NullPointerException
	at java.util.Objects.requireNonNull(Objects.java:203)
	at org.molgenis.semanticmapper.service.impl.AlgorithmServiceImpl.&lt;init&gt;(AlgorithmServiceImpl.java:66)
	at org.molgenis.semanticmapper.service.impl.AlgorithmServiceImplTest.testAlgorithmServiceImpl(AlgorithmServiceImplTest.java:49)
	at org.apache.maven.surefire.testng.TestNGExecutor.run(TestNGExecutor.java:135)
	at org.apache.maven.surefire.testng.TestNGDirectoryTestSuite.executeMulti(TestNGDirectoryTestSuite.java:193)
	at org.apache.maven.surefire.testng.TestNGDirectoryTestSuite.execute(TestNGDirectoryTestSuite.java:94)
	at org.apache.maven.surefire.testng.TestNGProvider.invoke(TestNGProvider.java:146)
	at org.apache.maven.surefire.booter.ForkedBooter.invokeProviderInSameClassLoader(ForkedBooter.java:379)
	at org.apache.maven.surefire.booter.ForkedBooter.runSuitesInProcess(ForkedBooter.java:340)
	at org.apache.maven.surefire.booter.ForkedBooter.execute(ForkedBooter.java:125)
	at org.apache.maven.surefire.booter.ForkedBooter.main(ForkedBooter.java:413)
... Removed 21 stack frames</pre></div><a href='#' onClick='toggleBox("stack-trace487443711", this, "Click to show all stack frames", "Click to hide stack frames")'>Click to show all stack frames</a>
<div class='stack-trace' id='stack-trace487443711'><pre>java.lang.NullPointerException
	at java.util.Objects.requireNonNull(Objects.java:203)
	at org.molgenis.semanticmapper.service.impl.AlgorithmServiceImpl.&lt;init&gt;(AlgorithmServiceImpl.java:66)
	at org.molgenis.semanticmapper.service.impl.AlgorithmServiceImplTest.testAlgorithmServiceImpl(AlgorithmServiceImplTest.java:49)
	at sun.reflect.NativeMethodAccessorImpl.invoke0(Native Method)
	at sun.reflect.NativeMethodAccessorImpl.invoke(NativeMethodAccessorImpl.java:62)
	at sun.reflect.DelegatingMethodAccessorImpl.invoke(DelegatingMethodAccessorImpl.java:43)
	at java.lang.reflect.Method.invoke(Method.java:498)
	at org.testng.internal.MethodInvocationHelper.invokeMethod(MethodInvocationHelper.java:80)
	at org.testng.internal.Invoker.invokeMethod(Invoker.java:714)
	at org.testng.internal.Invoker.invokeTestMethod(Invoker.java:901)
	at org.testng.internal.Invoker.invokeTestMethods(Invoker.java:1231)
	at org.testng.internal.TestMethodWorker.invokeTestMethods(TestMethodWorker.java:127)
	at org.testng.internal.TestMethodWorker.run(TestMethodWorker.java:111)
	at org.testng.TestRunner.privateRun(TestRunner.java:767)
	at org.testng.TestRunner.run(TestRunner.java:617)
	at org.testng.SuiteRunner.runTest(SuiteRunner.java:334)
	at org.testng.SuiteRunner.runSequentially(SuiteRunner.java:329)
	at org.testng.SuiteRunner.privateRun(SuiteRunner.java:291)
	at org.testng.SuiteRunner.run(SuiteRunner.java:240)
	at org.testng.SuiteRunnerWorker.runSuite(SuiteRunnerWorker.java:52)
	at org.testng.SuiteRunnerWorker.run(SuiteRunnerWorker.java:86)
	at org.testng.TestNG.runSuitesSequentially(TestNG.java:1198)
	at org.testng.TestNG.runSuitesLocally(TestNG.java:1123)
	at org.testng.TestNG.run(TestNG.java:1031)
	at org.apache.maven.surefire.testng.TestNGExecutor.run(TestNGExecutor.java:135)
	at org.apache.maven.surefire.testng.TestNGDirectoryTestSuite.executeMulti(TestNGDirectoryTestSuite.java:193)
	at org.apache.maven.surefire.testng.TestNGDirectoryTestSuite.execute(TestNGDirectoryTestSuite.java:94)
	at org.apache.maven.surefire.testng.TestNGProvider.invoke(TestNGProvider.java:146)
	at org.apache.maven.surefire.booter.ForkedBooter.invokeProviderInSameClassLoader(ForkedBooter.java:379)
	at org.apache.maven.surefire.booter.ForkedBooter.runSuitesInProcess(ForkedBooter.java:340)
	at org.apache.maven.surefire.booter.ForkedBooter.execute(ForkedBooter.java:125)
	at org.apache.maven.surefire.booter.ForkedBooter.main(ForkedBooter.java:413)
</pre></div></td>
<td>0</td>
<td>org.molgenis.semanticmapper.service.impl.AlgorithmServiceImplTest@2a504ea7</td></tr>
<tr>
<td title='org.molgenis.semanticmapper.service.impl.AlgorithmServiceImplTest.testApplyAlgorithm()'><b>testApplyAlgorithm</b><br>Test class: org.molgenis.semanticmapper.service.impl.AlgorithmServiceImplTest</td>
<td></td>
<td>0</td>
<td>org.molgenis.semanticmapper.service.impl.AlgorithmServiceImplTest@2a504ea7</td></tr>
<tr>
<td title='org.molgenis.semanticmapper.service.impl.AlgorithmServiceImplTest.testApplyAlgorithmWitInvalidScript()'><b>testApplyAlgorithmWitInvalidScript</b><br>Test class: org.molgenis.semanticmapper.service.impl.AlgorithmServiceImplTest</td>
<td></td>
<td>0</td>
<td>org.molgenis.semanticmapper.service.impl.AlgorithmServiceImplTest@2a504ea7</td></tr>
<tr>
<td title='org.molgenis.semanticmapper.service.impl.AlgorithmServiceImplTest.testApplyConvertDateNumberFormatException()'><b>testApplyConvertDateNumberFormatException</b><br>Test class: org.molgenis.semanticmapper.service.impl.AlgorithmServiceImplTest</td>
<td><div><pre>org.molgenis.semanticmapper.service.impl.AlgorithmException: &apos;invalidDate&apos; can&apos;t be converted to type &apos;DATE&apos;
	at org.molgenis.semanticmapper.service.impl.AlgorithmServiceImpl.convertToDate(AlgorithmServiceImpl.java:257)
	at org.molgenis.semanticmapper.service.impl.AlgorithmServiceImpl.convert(AlgorithmServiceImpl.java:213)
	at org.molgenis.semanticmapper.service.impl.AlgorithmServiceImpl.apply(AlgorithmServiceImpl.java:157)
	at org.molgenis.semanticmapper.service.impl.AlgorithmServiceImplTest.testApplyConvertException(AlgorithmServiceImplTest.java:144)
	at org.molgenis.semanticmapper.service.impl.AlgorithmServiceImplTest.testApplyConvertDateNumberFormatException(AlgorithmServiceImplTest.java:55)
	at org.apache.maven.surefire.testng.TestNGExecutor.run(TestNGExecutor.java:135)
	at org.apache.maven.surefire.testng.TestNGDirectoryTestSuite.executeMulti(TestNGDirectoryTestSuite.java:193)
	at org.apache.maven.surefire.testng.TestNGDirectoryTestSuite.execute(TestNGDirectoryTestSuite.java:94)
	at org.apache.maven.surefire.testng.TestNGProvider.invoke(TestNGProvider.java:146)
	at org.apache.maven.surefire.booter.ForkedBooter.invokeProviderInSameClassLoader(ForkedBooter.java:379)
	at org.apache.maven.surefire.booter.ForkedBooter.runSuitesInProcess(ForkedBooter.java:340)
	at org.apache.maven.surefire.booter.ForkedBooter.execute(ForkedBooter.java:125)
	at org.apache.maven.surefire.booter.ForkedBooter.main(ForkedBooter.java:413)
... Removed 21 stack frames</pre></div><a href='#' onClick='toggleBox("stack-trace654757684", this, "Click to show all stack frames", "Click to hide stack frames")'>Click to show all stack frames</a>
<div class='stack-trace' id='stack-trace654757684'><pre>org.molgenis.semanticmapper.service.impl.AlgorithmException: &apos;invalidDate&apos; can&apos;t be converted to type &apos;DATE&apos;
	at org.molgenis.semanticmapper.service.impl.AlgorithmServiceImpl.convertToDate(AlgorithmServiceImpl.java:257)
	at org.molgenis.semanticmapper.service.impl.AlgorithmServiceImpl.convert(AlgorithmServiceImpl.java:213)
	at org.molgenis.semanticmapper.service.impl.AlgorithmServiceImpl.apply(AlgorithmServiceImpl.java:157)
	at org.molgenis.semanticmapper.service.impl.AlgorithmServiceImplTest.testApplyConvertException(AlgorithmServiceImplTest.java:144)
	at org.molgenis.semanticmapper.service.impl.AlgorithmServiceImplTest.testApplyConvertDateNumberFormatException(AlgorithmServiceImplTest.java:55)
	at sun.reflect.NativeMethodAccessorImpl.invoke0(Native Method)
	at sun.reflect.NativeMethodAccessorImpl.invoke(NativeMethodAccessorImpl.java:62)
	at sun.reflect.DelegatingMethodAccessorImpl.invoke(DelegatingMethodAccessorImpl.java:43)
	at java.lang.reflect.Method.invoke(Method.java:498)
	at org.testng.internal.MethodInvocationHelper.invokeMethod(MethodInvocationHelper.java:80)
	at org.testng.internal.Invoker.invokeMethod(Invoker.java:714)
	at org.testng.internal.Invoker.invokeTestMethod(Invoker.java:901)
	at org.testng.internal.Invoker.invokeTestMethods(Invoker.java:1231)
	at org.testng.internal.TestMethodWorker.invokeTestMethods(TestMethodWorker.java:127)
	at org.testng.internal.TestMethodWorker.run(TestMethodWorker.java:111)
	at org.testng.TestRunner.privateRun(TestRunner.java:767)
	at org.testng.TestRunner.run(TestRunner.java:617)
	at org.testng.SuiteRunner.runTest(SuiteRunner.java:334)
	at org.testng.SuiteRunner.runSequentially(SuiteRunner.java:329)
	at org.testng.SuiteRunner.privateRun(SuiteRunner.java:291)
	at org.testng.SuiteRunner.run(SuiteRunner.java:240)
	at org.testng.SuiteRunnerWorker.runSuite(SuiteRunnerWorker.java:52)
	at org.testng.SuiteRunnerWorker.run(SuiteRunnerWorker.java:86)
	at org.testng.TestNG.runSuitesSequentially(TestNG.java:1198)
	at org.testng.TestNG.runSuitesLocally(TestNG.java:1123)
	at org.testng.TestNG.run(TestNG.java:1031)
	at org.apache.maven.surefire.testng.TestNGExecutor.run(TestNGExecutor.java:135)
	at org.apache.maven.surefire.testng.TestNGDirectoryTestSuite.executeMulti(TestNGDirectoryTestSuite.java:193)
	at org.apache.maven.surefire.testng.TestNGDirectoryTestSuite.execute(TestNGDirectoryTestSuite.java:94)
	at org.apache.maven.surefire.testng.TestNGProvider.invoke(TestNGProvider.java:146)
	at org.apache.maven.surefire.booter.ForkedBooter.invokeProviderInSameClassLoader(ForkedBooter.java:379)
	at org.apache.maven.surefire.booter.ForkedBooter.runSuitesInProcess(ForkedBooter.java:340)
	at org.apache.maven.surefire.booter.ForkedBooter.execute(ForkedBooter.java:125)
	at org.apache.maven.surefire.booter.ForkedBooter.main(ForkedBooter.java:413)
</pre></div></td>
<td>0</td>
<td>org.molgenis.semanticmapper.service.impl.AlgorithmServiceImplTest@2a504ea7</td></tr>
<tr>
<td title='org.molgenis.semanticmapper.service.impl.AlgorithmServiceImplTest.testApplyConvertDateTimeNumberFormatException()'><b>testApplyConvertDateTimeNumberFormatException</b><br>Test class: org.molgenis.semanticmapper.service.impl.AlgorithmServiceImplTest</td>
<td><div><pre>org.molgenis.semanticmapper.service.impl.AlgorithmException: &apos;invalidDateTime&apos; can&apos;t be converted to type &apos;DATE_TIME&apos;
	at org.molgenis.semanticmapper.service.impl.AlgorithmServiceImpl.convertToDateTime(AlgorithmServiceImpl.java:271)
	at org.molgenis.semanticmapper.service.impl.AlgorithmServiceImpl.convert(AlgorithmServiceImpl.java:216)
	at org.molgenis.semanticmapper.service.impl.AlgorithmServiceImpl.apply(AlgorithmServiceImpl.java:157)
	at org.molgenis.semanticmapper.service.impl.AlgorithmServiceImplTest.testApplyConvertException(AlgorithmServiceImplTest.java:144)
	at org.molgenis.semanticmapper.service.impl.AlgorithmServiceImplTest.testApplyConvertDateTimeNumberFormatException(AlgorithmServiceImplTest.java:61)
	at org.apache.maven.surefire.testng.TestNGExecutor.run(TestNGExecutor.java:135)
	at org.apache.maven.surefire.testng.TestNGDirectoryTestSuite.executeMulti(TestNGDirectoryTestSuite.java:193)
	at org.apache.maven.surefire.testng.TestNGDirectoryTestSuite.execute(TestNGDirectoryTestSuite.java:94)
	at org.apache.maven.surefire.testng.TestNGProvider.invoke(TestNGProvider.java:146)
	at org.apache.maven.surefire.booter.ForkedBooter.invokeProviderInSameClassLoader(ForkedBooter.java:379)
	at org.apache.maven.surefire.booter.ForkedBooter.runSuitesInProcess(ForkedBooter.java:340)
	at org.apache.maven.surefire.booter.ForkedBooter.execute(ForkedBooter.java:125)
	at org.apache.maven.surefire.booter.ForkedBooter.main(ForkedBooter.java:413)
... Removed 21 stack frames</pre></div><a href='#' onClick='toggleBox("stack-trace2080420121", this, "Click to show all stack frames", "Click to hide stack frames")'>Click to show all stack frames</a>
<div class='stack-trace' id='stack-trace2080420121'><pre>org.molgenis.semanticmapper.service.impl.AlgorithmException: &apos;invalidDateTime&apos; can&apos;t be converted to type &apos;DATE_TIME&apos;
	at org.molgenis.semanticmapper.service.impl.AlgorithmServiceImpl.convertToDateTime(AlgorithmServiceImpl.java:271)
	at org.molgenis.semanticmapper.service.impl.AlgorithmServiceImpl.convert(AlgorithmServiceImpl.java:216)
	at org.molgenis.semanticmapper.service.impl.AlgorithmServiceImpl.apply(AlgorithmServiceImpl.java:157)
	at org.molgenis.semanticmapper.service.impl.AlgorithmServiceImplTest.testApplyConvertException(AlgorithmServiceImplTest.java:144)
	at org.molgenis.semanticmapper.service.impl.AlgorithmServiceImplTest.testApplyConvertDateTimeNumberFormatException(AlgorithmServiceImplTest.java:61)
	at sun.reflect.NativeMethodAccessorImpl.invoke0(Native Method)
	at sun.reflect.NativeMethodAccessorImpl.invoke(NativeMethodAccessorImpl.java:62)
	at sun.reflect.DelegatingMethodAccessorImpl.invoke(DelegatingMethodAccessorImpl.java:43)
	at java.lang.reflect.Method.invoke(Method.java:498)
	at org.testng.internal.MethodInvocationHelper.invokeMethod(MethodInvocationHelper.java:80)
	at org.testng.internal.Invoker.invokeMethod(Invoker.java:714)
	at org.testng.internal.Invoker.invokeTestMethod(Invoker.java:901)
	at org.testng.internal.Invoker.invokeTestMethods(Invoker.java:1231)
	at org.testng.internal.TestMethodWorker.invokeTestMethods(TestMethodWorker.java:127)
	at org.testng.internal.TestMethodWorker.run(TestMethodWorker.java:111)
	at org.testng.TestRunner.privateRun(TestRunner.java:767)
	at org.testng.TestRunner.run(TestRunner.java:617)
	at org.testng.SuiteRunner.runTest(SuiteRunner.java:334)
	at org.testng.SuiteRunner.runSequentially(SuiteRunner.java:329)
	at org.testng.SuiteRunner.privateRun(SuiteRunner.java:291)
	at org.testng.SuiteRunner.run(SuiteRunner.java:240)
	at org.testng.SuiteRunnerWorker.runSuite(SuiteRunnerWorker.java:52)
	at org.testng.SuiteRunnerWorker.run(SuiteRunnerWorker.java:86)
	at org.testng.TestNG.runSuitesSequentially(TestNG.java:1198)
	at org.testng.TestNG.runSuitesLocally(TestNG.java:1123)
	at org.testng.TestNG.run(TestNG.java:1031)
	at org.apache.maven.surefire.testng.TestNGExecutor.run(TestNGExecutor.java:135)
	at org.apache.maven.surefire.testng.TestNGDirectoryTestSuite.executeMulti(TestNGDirectoryTestSuite.java:193)
	at org.apache.maven.surefire.testng.TestNGDirectoryTestSuite.execute(TestNGDirectoryTestSuite.java:94)
	at org.apache.maven.surefire.testng.TestNGProvider.invoke(TestNGProvider.java:146)
	at org.apache.maven.surefire.booter.ForkedBooter.invokeProviderInSameClassLoader(ForkedBooter.java:379)
	at org.apache.maven.surefire.booter.ForkedBooter.runSuitesInProcess(ForkedBooter.java:340)
	at org.apache.maven.surefire.booter.ForkedBooter.execute(ForkedBooter.java:125)
	at org.apache.maven.surefire.booter.ForkedBooter.main(ForkedBooter.java:413)
</pre></div></td>
<td>0</td>
<td>org.molgenis.semanticmapper.service.impl.AlgorithmServiceImplTest@2a504ea7</td></tr>
<tr>
<td title='org.molgenis.semanticmapper.service.impl.AlgorithmServiceImplTest.testApplyConvertDoubleNumberFormatException()'><b>testApplyConvertDoubleNumberFormatException</b><br>Test class: org.molgenis.semanticmapper.service.impl.AlgorithmServiceImplTest</td>
<td><div><pre>org.molgenis.semanticmapper.service.impl.AlgorithmException: &apos;invalidDouble&apos; can&apos;t be converted to type &apos;DECIMAL&apos;
	at org.molgenis.semanticmapper.service.impl.AlgorithmServiceImpl.convertToDouble(AlgorithmServiceImpl.java:285)
	at org.molgenis.semanticmapper.service.impl.AlgorithmServiceImpl.convert(AlgorithmServiceImpl.java:219)
	at org.molgenis.semanticmapper.service.impl.AlgorithmServiceImpl.apply(AlgorithmServiceImpl.java:157)
	at org.molgenis.semanticmapper.service.impl.AlgorithmServiceImplTest.testApplyConvertException(AlgorithmServiceImplTest.java:144)
	at org.molgenis.semanticmapper.service.impl.AlgorithmServiceImplTest.testApplyConvertDoubleNumberFormatException(AlgorithmServiceImplTest.java:67)
	at org.apache.maven.surefire.testng.TestNGExecutor.run(TestNGExecutor.java:135)
	at org.apache.maven.surefire.testng.TestNGDirectoryTestSuite.executeMulti(TestNGDirectoryTestSuite.java:193)
	at org.apache.maven.surefire.testng.TestNGDirectoryTestSuite.execute(TestNGDirectoryTestSuite.java:94)
	at org.apache.maven.surefire.testng.TestNGProvider.invoke(TestNGProvider.java:146)
	at org.apache.maven.surefire.booter.ForkedBooter.invokeProviderInSameClassLoader(ForkedBooter.java:379)
	at org.apache.maven.surefire.booter.ForkedBooter.runSuitesInProcess(ForkedBooter.java:340)
	at org.apache.maven.surefire.booter.ForkedBooter.execute(ForkedBooter.java:125)
	at org.apache.maven.surefire.booter.ForkedBooter.main(ForkedBooter.java:413)
... Removed 21 stack frames</pre></div><a href='#' onClick='toggleBox("stack-trace853068810", this, "Click to show all stack frames", "Click to hide stack frames")'>Click to show all stack frames</a>
<div class='stack-trace' id='stack-trace853068810'><pre>org.molgenis.semanticmapper.service.impl.AlgorithmException: &apos;invalidDouble&apos; can&apos;t be converted to type &apos;DECIMAL&apos;
	at org.molgenis.semanticmapper.service.impl.AlgorithmServiceImpl.convertToDouble(AlgorithmServiceImpl.java:285)
	at org.molgenis.semanticmapper.service.impl.AlgorithmServiceImpl.convert(AlgorithmServiceImpl.java:219)
	at org.molgenis.semanticmapper.service.impl.AlgorithmServiceImpl.apply(AlgorithmServiceImpl.java:157)
	at org.molgenis.semanticmapper.service.impl.AlgorithmServiceImplTest.testApplyConvertException(AlgorithmServiceImplTest.java:144)
	at org.molgenis.semanticmapper.service.impl.AlgorithmServiceImplTest.testApplyConvertDoubleNumberFormatException(AlgorithmServiceImplTest.java:67)
	at sun.reflect.NativeMethodAccessorImpl.invoke0(Native Method)
	at sun.reflect.NativeMethodAccessorImpl.invoke(NativeMethodAccessorImpl.java:62)
	at sun.reflect.DelegatingMethodAccessorImpl.invoke(DelegatingMethodAccessorImpl.java:43)
	at java.lang.reflect.Method.invoke(Method.java:498)
	at org.testng.internal.MethodInvocationHelper.invokeMethod(MethodInvocationHelper.java:80)
	at org.testng.internal.Invoker.invokeMethod(Invoker.java:714)
	at org.testng.internal.Invoker.invokeTestMethod(Invoker.java:901)
	at org.testng.internal.Invoker.invokeTestMethods(Invoker.java:1231)
	at org.testng.internal.TestMethodWorker.invokeTestMethods(TestMethodWorker.java:127)
	at org.testng.internal.TestMethodWorker.run(TestMethodWorker.java:111)
	at org.testng.TestRunner.privateRun(TestRunner.java:767)
	at org.testng.TestRunner.run(TestRunner.java:617)
	at org.testng.SuiteRunner.runTest(SuiteRunner.java:334)
	at org.testng.SuiteRunner.runSequentially(SuiteRunner.java:329)
	at org.testng.SuiteRunner.privateRun(SuiteRunner.java:291)
	at org.testng.SuiteRunner.run(SuiteRunner.java:240)
	at org.testng.SuiteRunnerWorker.runSuite(SuiteRunnerWorker.java:52)
	at org.testng.SuiteRunnerWorker.run(SuiteRunnerWorker.java:86)
	at org.testng.TestNG.runSuitesSequentially(TestNG.java:1198)
	at org.testng.TestNG.runSuitesLocally(TestNG.java:1123)
	at org.testng.TestNG.run(TestNG.java:1031)
	at org.apache.maven.surefire.testng.TestNGExecutor.run(TestNGExecutor.java:135)
	at org.apache.maven.surefire.testng.TestNGDirectoryTestSuite.executeMulti(TestNGDirectoryTestSuite.java:193)
	at org.apache.maven.surefire.testng.TestNGDirectoryTestSuite.execute(TestNGDirectoryTestSuite.java:94)
	at org.apache.maven.surefire.testng.TestNGProvider.invoke(TestNGProvider.java:146)
	at org.apache.maven.surefire.booter.ForkedBooter.invokeProviderInSameClassLoader(ForkedBooter.java:379)
	at org.apache.maven.surefire.booter.ForkedBooter.runSuitesInProcess(ForkedBooter.java:340)
	at org.apache.maven.surefire.booter.ForkedBooter.execute(ForkedBooter.java:125)
	at org.apache.maven.surefire.booter.ForkedBooter.main(ForkedBooter.java:413)
</pre></div></td>
<td>0</td>
<td>org.molgenis.semanticmapper.service.impl.AlgorithmServiceImplTest@2a504ea7</td></tr>
<tr>
<td title='org.molgenis.semanticmapper.service.impl.AlgorithmServiceImplTest.testApplyConvertIntArithmeticException()'><b>testApplyConvertIntArithmeticException</b><br>Test class: org.molgenis.semanticmapper.service.impl.AlgorithmServiceImplTest</td>
<td><div><pre>org.molgenis.semanticmapper.service.impl.AlgorithmException: &apos;9007199254740991&apos; is larger than the maximum allowed value for type &apos;INT&apos;
	at org.molgenis.semanticmapper.service.impl.AlgorithmServiceImpl.convertToInteger(AlgorithmServiceImpl.java:306)
	at org.molgenis.semanticmapper.service.impl.AlgorithmServiceImpl.convert(AlgorithmServiceImpl.java:231)
	at org.molgenis.semanticmapper.service.impl.AlgorithmServiceImpl.apply(AlgorithmServiceImpl.java:157)
	at org.molgenis.semanticmapper.service.impl.AlgorithmServiceImplTest.testApplyConvertException(AlgorithmServiceImplTest.java:144)
	at org.molgenis.semanticmapper.service.impl.AlgorithmServiceImplTest.testApplyConvertIntArithmeticException(AlgorithmServiceImplTest.java:79)
	at org.apache.maven.surefire.testng.TestNGExecutor.run(TestNGExecutor.java:135)
	at org.apache.maven.surefire.testng.TestNGDirectoryTestSuite.executeMulti(TestNGDirectoryTestSuite.java:193)
	at org.apache.maven.surefire.testng.TestNGDirectoryTestSuite.execute(TestNGDirectoryTestSuite.java:94)
	at org.apache.maven.surefire.testng.TestNGProvider.invoke(TestNGProvider.java:146)
	at org.apache.maven.surefire.booter.ForkedBooter.invokeProviderInSameClassLoader(ForkedBooter.java:379)
	at org.apache.maven.surefire.booter.ForkedBooter.runSuitesInProcess(ForkedBooter.java:340)
	at org.apache.maven.surefire.booter.ForkedBooter.execute(ForkedBooter.java:125)
	at org.apache.maven.surefire.booter.ForkedBooter.main(ForkedBooter.java:413)
... Removed 21 stack frames</pre></div><a href='#' onClick='toggleBox("stack-trace1307728099", this, "Click to show all stack frames", "Click to hide stack frames")'>Click to show all stack frames</a>
<div class='stack-trace' id='stack-trace1307728099'><pre>org.molgenis.semanticmapper.service.impl.AlgorithmException: &apos;9007199254740991&apos; is larger than the maximum allowed value for type &apos;INT&apos;
	at org.molgenis.semanticmapper.service.impl.AlgorithmServiceImpl.convertToInteger(AlgorithmServiceImpl.java:306)
	at org.molgenis.semanticmapper.service.impl.AlgorithmServiceImpl.convert(AlgorithmServiceImpl.java:231)
	at org.molgenis.semanticmapper.service.impl.AlgorithmServiceImpl.apply(AlgorithmServiceImpl.java:157)
	at org.molgenis.semanticmapper.service.impl.AlgorithmServiceImplTest.testApplyConvertException(AlgorithmServiceImplTest.java:144)
	at org.molgenis.semanticmapper.service.impl.AlgorithmServiceImplTest.testApplyConvertIntArithmeticException(AlgorithmServiceImplTest.java:79)
	at sun.reflect.NativeMethodAccessorImpl.invoke0(Native Method)
	at sun.reflect.NativeMethodAccessorImpl.invoke(NativeMethodAccessorImpl.java:62)
	at sun.reflect.DelegatingMethodAccessorImpl.invoke(DelegatingMethodAccessorImpl.java:43)
	at java.lang.reflect.Method.invoke(Method.java:498)
	at org.testng.internal.MethodInvocationHelper.invokeMethod(MethodInvocationHelper.java:80)
	at org.testng.internal.Invoker.invokeMethod(Invoker.java:714)
	at org.testng.internal.Invoker.invokeTestMethod(Invoker.java:901)
	at org.testng.internal.Invoker.invokeTestMethods(Invoker.java:1231)
	at org.testng.internal.TestMethodWorker.invokeTestMethods(TestMethodWorker.java:127)
	at org.testng.internal.TestMethodWorker.run(TestMethodWorker.java:111)
	at org.testng.TestRunner.privateRun(TestRunner.java:767)
	at org.testng.TestRunner.run(TestRunner.java:617)
	at org.testng.SuiteRunner.runTest(SuiteRunner.java:334)
	at org.testng.SuiteRunner.runSequentially(SuiteRunner.java:329)
	at org.testng.SuiteRunner.privateRun(SuiteRunner.java:291)
	at org.testng.SuiteRunner.run(SuiteRunner.java:240)
	at org.testng.SuiteRunnerWorker.runSuite(SuiteRunnerWorker.java:52)
	at org.testng.SuiteRunnerWorker.run(SuiteRunnerWorker.java:86)
	at org.testng.TestNG.runSuitesSequentially(TestNG.java:1198)
	at org.testng.TestNG.runSuitesLocally(TestNG.java:1123)
	at org.testng.TestNG.run(TestNG.java:1031)
	at org.apache.maven.surefire.testng.TestNGExecutor.run(TestNGExecutor.java:135)
	at org.apache.maven.surefire.testng.TestNGDirectoryTestSuite.executeMulti(TestNGDirectoryTestSuite.java:193)
	at org.apache.maven.surefire.testng.TestNGDirectoryTestSuite.execute(TestNGDirectoryTestSuite.java:94)
	at org.apache.maven.surefire.testng.TestNGProvider.invoke(TestNGProvider.java:146)
	at org.apache.maven.surefire.booter.ForkedBooter.invokeProviderInSameClassLoader(ForkedBooter.java:379)
	at org.apache.maven.surefire.booter.ForkedBooter.runSuitesInProcess(ForkedBooter.java:340)
	at org.apache.maven.surefire.booter.ForkedBooter.execute(ForkedBooter.java:125)
	at org.apache.maven.surefire.booter.ForkedBooter.main(ForkedBooter.java:413)
</pre></div></td>
<td>0</td>
<td>org.molgenis.semanticmapper.service.impl.AlgorithmServiceImplTest@2a504ea7</td></tr>
<tr>
<td title='org.molgenis.semanticmapper.service.impl.AlgorithmServiceImplTest.testApplyConvertIntNumberFormatException()'><b>testApplyConvertIntNumberFormatException</b><br>Test class: org.molgenis.semanticmapper.service.impl.AlgorithmServiceImplTest</td>
<td><div><pre>org.molgenis.semanticmapper.service.impl.AlgorithmException: &apos;invalidInt&apos; can&apos;t be converted to type &apos;INT&apos;
	at org.molgenis.semanticmapper.service.impl.AlgorithmServiceImpl.convertToInteger(AlgorithmServiceImpl.java:300)
	at org.molgenis.semanticmapper.service.impl.AlgorithmServiceImpl.convert(AlgorithmServiceImpl.java:231)
	at org.molgenis.semanticmapper.service.impl.AlgorithmServiceImpl.apply(AlgorithmServiceImpl.java:157)
	at org.molgenis.semanticmapper.service.impl.AlgorithmServiceImplTest.testApplyConvertException(AlgorithmServiceImplTest.java:144)
	at org.molgenis.semanticmapper.service.impl.AlgorithmServiceImplTest.testApplyConvertIntNumberFormatException(AlgorithmServiceImplTest.java:73)
	at org.apache.maven.surefire.testng.TestNGExecutor.run(TestNGExecutor.java:135)
	at org.apache.maven.surefire.testng.TestNGDirectoryTestSuite.executeMulti(TestNGDirectoryTestSuite.java:193)
	at org.apache.maven.surefire.testng.TestNGDirectoryTestSuite.execute(TestNGDirectoryTestSuite.java:94)
	at org.apache.maven.surefire.testng.TestNGProvider.invoke(TestNGProvider.java:146)
	at org.apache.maven.surefire.booter.ForkedBooter.invokeProviderInSameClassLoader(ForkedBooter.java:379)
	at org.apache.maven.surefire.booter.ForkedBooter.runSuitesInProcess(ForkedBooter.java:340)
	at org.apache.maven.surefire.booter.ForkedBooter.execute(ForkedBooter.java:125)
	at org.apache.maven.surefire.booter.ForkedBooter.main(ForkedBooter.java:413)
... Removed 21 stack frames</pre></div><a href='#' onClick='toggleBox("stack-trace948923747", this, "Click to show all stack frames", "Click to hide stack frames")'>Click to show all stack frames</a>
<div class='stack-trace' id='stack-trace948923747'><pre>org.molgenis.semanticmapper.service.impl.AlgorithmException: &apos;invalidInt&apos; can&apos;t be converted to type &apos;INT&apos;
	at org.molgenis.semanticmapper.service.impl.AlgorithmServiceImpl.convertToInteger(AlgorithmServiceImpl.java:300)
	at org.molgenis.semanticmapper.service.impl.AlgorithmServiceImpl.convert(AlgorithmServiceImpl.java:231)
	at org.molgenis.semanticmapper.service.impl.AlgorithmServiceImpl.apply(AlgorithmServiceImpl.java:157)
	at org.molgenis.semanticmapper.service.impl.AlgorithmServiceImplTest.testApplyConvertException(AlgorithmServiceImplTest.java:144)
	at org.molgenis.semanticmapper.service.impl.AlgorithmServiceImplTest.testApplyConvertIntNumberFormatException(AlgorithmServiceImplTest.java:73)
	at sun.reflect.NativeMethodAccessorImpl.invoke0(Native Method)
	at sun.reflect.NativeMethodAccessorImpl.invoke(NativeMethodAccessorImpl.java:62)
	at sun.reflect.DelegatingMethodAccessorImpl.invoke(DelegatingMethodAccessorImpl.java:43)
	at java.lang.reflect.Method.invoke(Method.java:498)
	at org.testng.internal.MethodInvocationHelper.invokeMethod(MethodInvocationHelper.java:80)
	at org.testng.internal.Invoker.invokeMethod(Invoker.java:714)
	at org.testng.internal.Invoker.invokeTestMethod(Invoker.java:901)
	at org.testng.internal.Invoker.invokeTestMethods(Invoker.java:1231)
	at org.testng.internal.TestMethodWorker.invokeTestMethods(TestMethodWorker.java:127)
	at org.testng.internal.TestMethodWorker.run(TestMethodWorker.java:111)
	at org.testng.TestRunner.privateRun(TestRunner.java:767)
	at org.testng.TestRunner.run(TestRunner.java:617)
	at org.testng.SuiteRunner.runTest(SuiteRunner.java:334)
	at org.testng.SuiteRunner.runSequentially(SuiteRunner.java:329)
	at org.testng.SuiteRunner.privateRun(SuiteRunner.java:291)
	at org.testng.SuiteRunner.run(SuiteRunner.java:240)
	at org.testng.SuiteRunnerWorker.runSuite(SuiteRunnerWorker.java:52)
	at org.testng.SuiteRunnerWorker.run(SuiteRunnerWorker.java:86)
	at org.testng.TestNG.runSuitesSequentially(TestNG.java:1198)
	at org.testng.TestNG.runSuitesLocally(TestNG.java:1123)
	at org.testng.TestNG.run(TestNG.java:1031)
	at org.apache.maven.surefire.testng.TestNGExecutor.run(TestNGExecutor.java:135)
	at org.apache.maven.surefire.testng.TestNGDirectoryTestSuite.executeMulti(TestNGDirectoryTestSuite.java:193)
	at org.apache.maven.surefire.testng.TestNGDirectoryTestSuite.execute(TestNGDirectoryTestSuite.java:94)
	at org.apache.maven.surefire.testng.TestNGProvider.invoke(TestNGProvider.java:146)
	at org.apache.maven.surefire.booter.ForkedBooter.invokeProviderInSameClassLoader(ForkedBooter.java:379)
	at org.apache.maven.surefire.booter.ForkedBooter.runSuitesInProcess(ForkedBooter.java:340)
	at org.apache.maven.surefire.booter.ForkedBooter.execute(ForkedBooter.java:125)
	at org.apache.maven.surefire.booter.ForkedBooter.main(ForkedBooter.java:413)
</pre></div></td>
<td>0</td>
<td>org.molgenis.semanticmapper.service.impl.AlgorithmServiceImplTest@2a504ea7</td></tr>
<tr>
<td title='org.molgenis.semanticmapper.service.impl.AlgorithmServiceImplTest.testApplyConvertLongNumberFormatException()'><b>testApplyConvertLongNumberFormatException</b><br>Test class: org.molgenis.semanticmapper.service.impl.AlgorithmServiceImplTest</td>
<td><div><pre>org.molgenis.semanticmapper.service.impl.AlgorithmException: &apos;invalidLong&apos; can&apos;t be converted to type &apos;LONG&apos;
	at org.molgenis.semanticmapper.service.impl.AlgorithmServiceImpl.convertToLong(AlgorithmServiceImpl.java:323)
	at org.molgenis.semanticmapper.service.impl.AlgorithmServiceImpl.convert(AlgorithmServiceImpl.java:234)
	at org.molgenis.semanticmapper.service.impl.AlgorithmServiceImpl.apply(AlgorithmServiceImpl.java:157)
	at org.molgenis.semanticmapper.service.impl.AlgorithmServiceImplTest.testApplyConvertException(AlgorithmServiceImplTest.java:144)
	at org.molgenis.semanticmapper.service.impl.AlgorithmServiceImplTest.testApplyConvertLongNumberFormatException(AlgorithmServiceImplTest.java:85)
	at org.apache.maven.surefire.testng.TestNGExecutor.run(TestNGExecutor.java:135)
	at org.apache.maven.surefire.testng.TestNGDirectoryTestSuite.executeMulti(TestNGDirectoryTestSuite.java:193)
	at org.apache.maven.surefire.testng.TestNGDirectoryTestSuite.execute(TestNGDirectoryTestSuite.java:94)
	at org.apache.maven.surefire.testng.TestNGProvider.invoke(TestNGProvider.java:146)
	at org.apache.maven.surefire.booter.ForkedBooter.invokeProviderInSameClassLoader(ForkedBooter.java:379)
	at org.apache.maven.surefire.booter.ForkedBooter.runSuitesInProcess(ForkedBooter.java:340)
	at org.apache.maven.surefire.booter.ForkedBooter.execute(ForkedBooter.java:125)
	at org.apache.maven.surefire.booter.ForkedBooter.main(ForkedBooter.java:413)
... Removed 21 stack frames</pre></div><a href='#' onClick='toggleBox("stack-trace1228330625", this, "Click to show all stack frames", "Click to hide stack frames")'>Click to show all stack frames</a>
<div class='stack-trace' id='stack-trace1228330625'><pre>org.molgenis.semanticmapper.service.impl.AlgorithmException: &apos;invalidLong&apos; can&apos;t be converted to type &apos;LONG&apos;
	at org.molgenis.semanticmapper.service.impl.AlgorithmServiceImpl.convertToLong(AlgorithmServiceImpl.java:323)
	at org.molgenis.semanticmapper.service.impl.AlgorithmServiceImpl.convert(AlgorithmServiceImpl.java:234)
	at org.molgenis.semanticmapper.service.impl.AlgorithmServiceImpl.apply(AlgorithmServiceImpl.java:157)
	at org.molgenis.semanticmapper.service.impl.AlgorithmServiceImplTest.testApplyConvertException(AlgorithmServiceImplTest.java:144)
	at org.molgenis.semanticmapper.service.impl.AlgorithmServiceImplTest.testApplyConvertLongNumberFormatException(AlgorithmServiceImplTest.java:85)
	at sun.reflect.NativeMethodAccessorImpl.invoke0(Native Method)
	at sun.reflect.NativeMethodAccessorImpl.invoke(NativeMethodAccessorImpl.java:62)
	at sun.reflect.DelegatingMethodAccessorImpl.invoke(DelegatingMethodAccessorImpl.java:43)
	at java.lang.reflect.Method.invoke(Method.java:498)
	at org.testng.internal.MethodInvocationHelper.invokeMethod(MethodInvocationHelper.java:80)
	at org.testng.internal.Invoker.invokeMethod(Invoker.java:714)
	at org.testng.internal.Invoker.invokeTestMethod(Invoker.java:901)
	at org.testng.internal.Invoker.invokeTestMethods(Invoker.java:1231)
	at org.testng.internal.TestMethodWorker.invokeTestMethods(TestMethodWorker.java:127)
	at org.testng.internal.TestMethodWorker.run(TestMethodWorker.java:111)
	at org.testng.TestRunner.privateRun(TestRunner.java:767)
	at org.testng.TestRunner.run(TestRunner.java:617)
	at org.testng.SuiteRunner.runTest(SuiteRunner.java:334)
	at org.testng.SuiteRunner.runSequentially(SuiteRunner.java:329)
	at org.testng.SuiteRunner.privateRun(SuiteRunner.java:291)
	at org.testng.SuiteRunner.run(SuiteRunner.java:240)
	at org.testng.SuiteRunnerWorker.runSuite(SuiteRunnerWorker.java:52)
	at org.testng.SuiteRunnerWorker.run(SuiteRunnerWorker.java:86)
	at org.testng.TestNG.runSuitesSequentially(TestNG.java:1198)
	at org.testng.TestNG.runSuitesLocally(TestNG.java:1123)
	at org.testng.TestNG.run(TestNG.java:1031)
	at org.apache.maven.surefire.testng.TestNGExecutor.run(TestNGExecutor.java:135)
	at org.apache.maven.surefire.testng.TestNGDirectoryTestSuite.executeMulti(TestNGDirectoryTestSuite.java:193)
	at org.apache.maven.surefire.testng.TestNGDirectoryTestSuite.execute(TestNGDirectoryTestSuite.java:94)
	at org.apache.maven.surefire.testng.TestNGProvider.invoke(TestNGProvider.java:146)
	at org.apache.maven.surefire.booter.ForkedBooter.invokeProviderInSameClassLoader(ForkedBooter.java:379)
	at org.apache.maven.surefire.booter.ForkedBooter.runSuitesInProcess(ForkedBooter.java:340)
	at org.apache.maven.surefire.booter.ForkedBooter.execute(ForkedBooter.java:125)
	at org.apache.maven.surefire.booter.ForkedBooter.main(ForkedBooter.java:413)
</pre></div></td>
<td>0</td>
<td>org.molgenis.semanticmapper.service.impl.AlgorithmServiceImplTest@2a504ea7</td></tr>
<tr>
<td title='org.molgenis.semanticmapper.service.impl.MappingServiceImplTest.testApplyMappingToEntity()'><b>testApplyMappingToEntity</b><br>Test class: org.molgenis.semanticmapper.service.impl.MappingServiceImplTest</td>
<td></td>
<td>0</td>
<td>org.molgenis.semanticmapper.service.impl.MappingServiceImplTest@29ba63f0</td></tr>
<tr>
<td title='org.molgenis.semanticmapper.service.impl.MappingServiceImplTest.testApplyMappingsAdd()'><b>testApplyMappingsAdd</b><br>Test class: org.molgenis.semanticmapper.service.impl.MappingServiceImplTest</td>
<td></td>
<td>0</td>
<td>org.molgenis.semanticmapper.service.impl.MappingServiceImplTest@29ba63f0</td></tr>
<tr>
<td title='org.molgenis.semanticmapper.service.impl.MappingServiceImplTest.testApplyMappingsToRepoAdd()'><b>testApplyMappingsToRepoAdd</b><br>Test class: org.molgenis.semanticmapper.service.impl.MappingServiceImplTest</td>
<td></td>
<td>0</td>
<td>org.molgenis.semanticmapper.service.impl.MappingServiceImplTest@29ba63f0</td></tr>
<tr>
<td title='org.molgenis.semanticmapper.service.impl.MappingServiceImplTest.testApplyMappingsToRepoUpsert()'><b>testApplyMappingsToRepoUpsert</b><br>Test class: org.molgenis.semanticmapper.service.impl.MappingServiceImplTest</td>
<td></td>
<td>0</td>
<td>org.molgenis.semanticmapper.service.impl.MappingServiceImplTest@29ba63f0</td></tr>
<tr>
<td title='org.molgenis.semanticmapper.service.impl.MappingServiceImplTest.testApplyMappingsUpdate()'><b>testApplyMappingsUpdate</b><br>Test class: org.molgenis.semanticmapper.service.impl.MappingServiceImplTest</td>
<td></td>
<td>0</td>
<td>org.molgenis.semanticmapper.service.impl.MappingServiceImplTest@29ba63f0</td></tr>
<tr>
<td title='org.molgenis.semanticmapper.service.impl.AlgorithmServiceImplTest.testApplyWithInvalidScript()'><b>testApplyWithInvalidScript</b><br>Test class: org.molgenis.semanticmapper.service.impl.AlgorithmServiceImplTest</td>
<td><div><pre>org.molgenis.script.core.ScriptException: algorithm is not defined
	at org.molgenis.semanticmapper.service.impl.AlgorithmServiceImpl.apply(AlgorithmServiceImpl.java:154)
	at org.molgenis.semanticmapper.service.impl.AlgorithmServiceImplTest.testApplyWithInvalidScript(AlgorithmServiceImplTest.java:130)
	at org.apache.maven.surefire.testng.TestNGExecutor.run(TestNGExecutor.java:135)
	at org.apache.maven.surefire.testng.TestNGDirectoryTestSuite.executeMulti(TestNGDirectoryTestSuite.java:193)
	at org.apache.maven.surefire.testng.TestNGDirectoryTestSuite.execute(TestNGDirectoryTestSuite.java:94)
	at org.apache.maven.surefire.testng.TestNGProvider.invoke(TestNGProvider.java:146)
	at org.apache.maven.surefire.booter.ForkedBooter.invokeProviderInSameClassLoader(ForkedBooter.java:379)
	at org.apache.maven.surefire.booter.ForkedBooter.runSuitesInProcess(ForkedBooter.java:340)
	at org.apache.maven.surefire.booter.ForkedBooter.execute(ForkedBooter.java:125)
	at org.apache.maven.surefire.booter.ForkedBooter.main(ForkedBooter.java:413)
... Removed 21 stack frames</pre></div><a href='#' onClick='toggleBox("stack-trace1136574740", this, "Click to show all stack frames", "Click to hide stack frames")'>Click to show all stack frames</a>
<div class='stack-trace' id='stack-trace1136574740'><pre>org.molgenis.script.core.ScriptException: algorithm is not defined
	at org.molgenis.semanticmapper.service.impl.AlgorithmServiceImpl.apply(AlgorithmServiceImpl.java:154)
	at org.molgenis.semanticmapper.service.impl.AlgorithmServiceImplTest.testApplyWithInvalidScript(AlgorithmServiceImplTest.java:130)
	at sun.reflect.NativeMethodAccessorImpl.invoke0(Native Method)
	at sun.reflect.NativeMethodAccessorImpl.invoke(NativeMethodAccessorImpl.java:62)
	at sun.reflect.DelegatingMethodAccessorImpl.invoke(DelegatingMethodAccessorImpl.java:43)
	at java.lang.reflect.Method.invoke(Method.java:498)
	at org.testng.internal.MethodInvocationHelper.invokeMethod(MethodInvocationHelper.java:80)
	at org.testng.internal.Invoker.invokeMethod(Invoker.java:714)
	at org.testng.internal.Invoker.invokeTestMethod(Invoker.java:901)
	at org.testng.internal.Invoker.invokeTestMethods(Invoker.java:1231)
	at org.testng.internal.TestMethodWorker.invokeTestMethods(TestMethodWorker.java:127)
	at org.testng.internal.TestMethodWorker.run(TestMethodWorker.java:111)
	at org.testng.TestRunner.privateRun(TestRunner.java:767)
	at org.testng.TestRunner.run(TestRunner.java:617)
	at org.testng.SuiteRunner.runTest(SuiteRunner.java:334)
	at org.testng.SuiteRunner.runSequentially(SuiteRunner.java:329)
	at org.testng.SuiteRunner.privateRun(SuiteRunner.java:291)
	at org.testng.SuiteRunner.run(SuiteRunner.java:240)
	at org.testng.SuiteRunnerWorker.runSuite(SuiteRunnerWorker.java:52)
	at org.testng.SuiteRunnerWorker.run(SuiteRunnerWorker.java:86)
	at org.testng.TestNG.runSuitesSequentially(TestNG.java:1198)
	at org.testng.TestNG.runSuitesLocally(TestNG.java:1123)
	at org.testng.TestNG.run(TestNG.java:1031)
	at org.apache.maven.surefire.testng.TestNGExecutor.run(TestNGExecutor.java:135)
	at org.apache.maven.surefire.testng.TestNGDirectoryTestSuite.executeMulti(TestNGDirectoryTestSuite.java:193)
	at org.apache.maven.surefire.testng.TestNGDirectoryTestSuite.execute(TestNGDirectoryTestSuite.java:94)
	at org.apache.maven.surefire.testng.TestNGProvider.invoke(TestNGProvider.java:146)
	at org.apache.maven.surefire.booter.ForkedBooter.invokeProviderInSameClassLoader(ForkedBooter.java:379)
	at org.apache.maven.surefire.booter.ForkedBooter.runSuitesInProcess(ForkedBooter.java:340)
	at org.apache.maven.surefire.booter.ForkedBooter.execute(ForkedBooter.java:125)
	at org.apache.maven.surefire.booter.ForkedBooter.main(ForkedBooter.java:413)
</pre></div></td>
<td>0</td>
<td>org.molgenis.semanticmapper.service.impl.AlgorithmServiceImplTest@2a504ea7</td></tr>
<tr>
<td title='org.molgenis.semanticmapper.service.impl.MappingServiceImplTest.testCloneMappingProjectString()'><b>testCloneMappingProjectString</b><br>Test class: org.molgenis.semanticmapper.service.impl.MappingServiceImplTest</td>
<td></td>
<td>0</td>
<td>org.molgenis.semanticmapper.service.impl.MappingServiceImplTest@29ba63f0</td></tr>
<tr>
<td title='org.molgenis.semanticmapper.service.impl.MappingServiceImplTest.testCloneMappingProjectStringString()'><b>testCloneMappingProjectStringString</b><br>Test class: org.molgenis.semanticmapper.service.impl.MappingServiceImplTest</td>
<td></td>
<td>0</td>
<td>org.molgenis.semanticmapper.service.impl.MappingServiceImplTest@29ba63f0</td></tr>
<tr>
<td title='org.molgenis.semanticmapper.algorithmgenerator.categorymapper.CategoryMapperTest.testConvertCategory()'><b>testConvertCategory</b><br>Test class: org.molgenis.semanticmapper.algorithmgenerator.categorymapper.CategoryMapperTest</td>
<td></td>
<td>0</td>
<td>org.molgenis.semanticmapper.algorithmgenerator.categorymapper.CategoryMapperTest@7509226c</td></tr>
<tr>
<td title='org.molgenis.semanticmapper.algorithmgenerator.categorymapper.CategoryMapperTest.testConvertDescriptionToAmount()'><b>testConvertDescriptionToAmount</b><br>Test class: org.molgenis.semanticmapper.algorithmgenerator.categorymapper.CategoryMapperTest</td>
<td></td>
<td>0</td>
<td>org.molgenis.semanticmapper.algorithmgenerator.categorymapper.CategoryMapperTest@7509226c</td></tr>
<tr>
<td title='org.molgenis.semanticmapper.service.impl.UnitResolverImplTest.testConvertNumberToOntologyTermStyle()'><b>testConvertNumberToOntologyTermStyle</b><br>Test class: org.molgenis.semanticmapper.service.impl.UnitResolverImplTest</td>
<td></td>
<td>0</td>
<td>org.molgenis.semanticmapper.service.impl.UnitResolverImplTest@33a3e5db</td></tr>
<tr>
<td title='org.molgenis.semanticmapper.algorithmgenerator.service.impl.AlgorithmGeneratorServiceImplTest.testConvertUnitsAlgorithm()'><b>testConvertUnitsAlgorithm</b><br>Test class: org.molgenis.semanticmapper.algorithmgenerator.service.impl.AlgorithmGeneratorServiceImplTest</td>
<td></td>
<td>0</td>
<td>org.molgenis.semanticmapper.algorithmgenerator.service.impl.AlgorithmGeneratorServiceImplTest@571db8b4</td></tr>
<tr>
<td title='org.molgenis.semanticmapper.algorithmgenerator.categorymapper.CategoryMapperTest.testConvertWordToNumber()'><b>testConvertWordToNumber</b><br>Test class: org.molgenis.semanticmapper.algorithmgenerator.categorymapper.CategoryMapperTest</td>
<td></td>
<td>0</td>
<td>org.molgenis.semanticmapper.algorithmgenerator.categorymapper.CategoryMapperTest@7509226c</td></tr>
<tr>
<td title='org.molgenis.semanticmapper.algorithmgenerator.generator.OneToManyCategoryAlgorithmGeneratorTest.testCreateAlgorithmElseBlock()'><b>testCreateAlgorithmElseBlock</b><br>Test class: org.molgenis.semanticmapper.algorithmgenerator.generator.OneToManyCategoryAlgorithmGeneratorTest</td>
<td></td>
<td>0</td>
<td>org.molgenis.semanticmapper.algorithmgenerator.generator.OneToManyCategoryAlgorithmGeneratorTest@484a5ddd</td></tr>
<tr>
<td title='org.molgenis.semanticmapper.algorithmgenerator.generator.OneToManyCategoryAlgorithmGeneratorTest.testCreateAlgorithmNullCheck()'><b>testCreateAlgorithmNullCheck</b><br>Test class: org.molgenis.semanticmapper.algorithmgenerator.generator.OneToManyCategoryAlgorithmGeneratorTest</td>
<td></td>
<td>0</td>
<td>org.molgenis.semanticmapper.algorithmgenerator.generator.OneToManyCategoryAlgorithmGeneratorTest@484a5ddd</td></tr>
<tr>
<td title='org.molgenis.semanticmapper.mapping.model.CategoryMappingTest.testCreateFromAlgorithm()'><b>testCreateFromAlgorithm</b><br>Test class: org.molgenis.semanticmapper.mapping.model.CategoryMappingTest</td>
<td></td>
<td>0</td>
<td>org.molgenis.semanticmapper.mapping.model.CategoryMappingTest@5d8e4fa8</td></tr>
<tr>
<td title='org.molgenis.semanticmapper.controller.MappingServiceControllerTest.testCreateIntegratedEntity()'><b>testCreateIntegratedEntity</b><br>Test class: org.molgenis.semanticmapper.controller.MappingServiceControllerTest</td>
<td></td>
<td>0</td>
<td>org.molgenis.semanticmapper.controller.MappingServiceControllerTest@30eb55c9</td></tr>
<tr>
<td title='org.molgenis.semanticmapper.algorithmgenerator.rules.impl.InternalAbstractCategoryRuleTest.testCreateNumericQualityIndicatorDoesNotThrowNPE()'><b>testCreateNumericQualityIndicatorDoesNotThrowNPE</b><br>Test class: org.molgenis.semanticmapper.algorithmgenerator.rules.impl.InternalAbstractCategoryRuleTest</td>
<td></td>
<td>0</td>
<td>org.molgenis.semanticmapper.algorithmgenerator.rules.impl.InternalAbstractCategoryRuleTest@1dd247b</td></tr>
<tr>
<td title='org.molgenis.semanticmapper.repository.impl.MappingProjectRepositoryImplTest.testDelete()'><b>testDelete</b><br>Test class: org.molgenis.semanticmapper.repository.impl.MappingProjectRepositoryImplTest</td>
<td></td>
<td>0</td>
<td>org.molgenis.semanticmapper.repository.impl.MappingProjectRepositoryImplTest@61d7bb61</td></tr>
<tr>
<td title='org.molgenis.semanticmapper.algorithmgenerator.categorymapper.CategoryMapperTest.testExtractNumbers()'><b>testExtractNumbers</b><br>Test class: org.molgenis.semanticmapper.algorithmgenerator.categorymapper.CategoryMapperTest</td>
<td></td>
<td>0</td>
<td>org.molgenis.semanticmapper.algorithmgenerator.categorymapper.CategoryMapperTest@7509226c</td></tr>
<tr>
<td title='org.molgenis.semanticmapper.repository.impl.MappingProjectRepositoryImplTest.testFindAll()'><b>testFindAll</b><br>Test class: org.molgenis.semanticmapper.repository.impl.MappingProjectRepositoryImplTest</td>
<td></td>
<td>0</td>
<td>org.molgenis.semanticmapper.repository.impl.MappingProjectRepositoryImplTest@61d7bb61</td></tr>
<tr>
<td title='org.molgenis.semanticmapper.algorithmgenerator.generator.OneToOneCategoryAlgorithmGeneratorTest.testGenerate()'><b>testGenerate</b><br>Test class: org.molgenis.semanticmapper.algorithmgenerator.generator.OneToOneCategoryAlgorithmGeneratorTest</td>
<td></td>
<td>0</td>
<td>org.molgenis.semanticmapper.algorithmgenerator.generator.OneToOneCategoryAlgorithmGeneratorTest@338270ea</td></tr>
<tr>
<td title='org.molgenis.semanticmapper.algorithmgenerator.generator.OneToManyCategoryAlgorithmGeneratorTest.testGenerate()'><b>testGenerate</b><br>Test class: org.molgenis.semanticmapper.algorithmgenerator.generator.OneToManyCategoryAlgorithmGeneratorTest</td>
<td></td>
<td>0</td>
<td>org.molgenis.semanticmapper.algorithmgenerator.generator.OneToManyCategoryAlgorithmGeneratorTest@484a5ddd</td></tr>
<tr>
<td title='org.molgenis.semanticmapper.algorithmgenerator.generator.OneToOneCategoryAlgorithmGeneratorTest.testGenerateRules()'><b>testGenerateRules</b><br>Test class: org.molgenis.semanticmapper.algorithmgenerator.generator.OneToOneCategoryAlgorithmGeneratorTest</td>
<td></td>
<td>0</td>
<td>org.molgenis.semanticmapper.algorithmgenerator.generator.OneToOneCategoryAlgorithmGeneratorTest@338270ea</td></tr>
<tr>
<td title='org.molgenis.semanticmapper.algorithmgenerator.service.impl.AlgorithmGeneratorServiceImplTest.testGenerateTemplateBasedAlgorithm()'><b>testGenerateTemplateBasedAlgorithm</b><br>Test class: org.molgenis.semanticmapper.algorithmgenerator.service.impl.AlgorithmGeneratorServiceImplTest</td>
<td></td>
<td>0</td>
<td>org.molgenis.semanticmapper.algorithmgenerator.service.impl.AlgorithmGeneratorServiceImplTest@571db8b4</td></tr>
<tr>
<td title='org.molgenis.semanticmapper.algorithmgenerator.generator.OneToManyCategoryAlgorithmGeneratorTest.testGenerateWeightedMap()'><b>testGenerateWeightedMap</b><br>Test class: org.molgenis.semanticmapper.algorithmgenerator.generator.OneToManyCategoryAlgorithmGeneratorTest</td>
<td></td>
<td>0</td>
<td>org.molgenis.semanticmapper.algorithmgenerator.generator.OneToManyCategoryAlgorithmGeneratorTest@484a5ddd</td></tr>
<tr>
<td title='org.molgenis.semanticmapper.algorithmgenerator.generator.OneToManyCategoryAlgorithmGeneratorTest.testGenerateWeightedMapForSource()'><b>testGenerateWeightedMapForSource</b><br>Test class: org.molgenis.semanticmapper.algorithmgenerator.generator.OneToManyCategoryAlgorithmGeneratorTest</td>
<td></td>
<td>0</td>
<td>org.molgenis.semanticmapper.algorithmgenerator.generator.OneToManyCategoryAlgorithmGeneratorTest@484a5ddd</td></tr>
<tr>
<td title='org.molgenis.semanticmapper.algorithmgenerator.generator.OneToManyCategoryAlgorithmGeneratorTest.testGenerateWeightedMapForTarget()'><b>testGenerateWeightedMapForTarget</b><br>Test class: org.molgenis.semanticmapper.algorithmgenerator.generator.OneToManyCategoryAlgorithmGeneratorTest</td>
<td></td>
<td>0</td>
<td>org.molgenis.semanticmapper.algorithmgenerator.generator.OneToManyCategoryAlgorithmGeneratorTest@484a5ddd</td></tr>
<tr>
<td title='org.molgenis.semanticmapper.mapping.model.CategoryMappingTest.testGetAlgorithm()'><b>testGetAlgorithm</b><br>Test class: org.molgenis.semanticmapper.mapping.model.CategoryMappingTest</td>
<td></td>
<td>0</td>
<td>org.molgenis.semanticmapper.mapping.model.CategoryMappingTest@5d8e4fa8</td></tr>
<tr>
<td title='org.molgenis.semanticmapper.repository.impl.AttributeMappingRepositoryImplTest.testGetAttributeMappings()'><b>testGetAttributeMappings</b><br>Test class: org.molgenis.semanticmapper.repository.impl.AttributeMappingRepositoryImplTest</td>
<td></td>
<td>0</td>
<td>org.molgenis.semanticmapper.repository.impl.AttributeMappingRepositoryImplTest@15c1b543</td></tr>
<tr>
<td title='org.molgenis.semanticmapper.service.impl.MappingServiceImplTest.testGetCompatibleEntityTypes()'><b>testGetCompatibleEntityTypes</b><br>Test class: org.molgenis.semanticmapper.service.impl.MappingServiceImplTest</td>
<td></td>
<td>0</td>
<td>org.molgenis.semanticmapper.service.impl.MappingServiceImplTest@29ba63f0</td></tr>
<tr>
<td title='org.molgenis.semanticmapper.service.impl.MappingServiceImplTest.testGetMappingProject()'><b>testGetMappingProject</b><br>Test class: org.molgenis.semanticmapper.service.impl.MappingServiceImplTest</td>
<td></td>
<td>0</td>
<td>org.molgenis.semanticmapper.service.impl.MappingServiceImplTest@29ba63f0</td></tr>
<tr>
<td title='org.molgenis.semanticmapper.algorithmgenerator.categorymapper.CategoryMapperTest.testGetMostGeneralUnit()'><b>testGetMostGeneralUnit</b><br>Test class: org.molgenis.semanticmapper.algorithmgenerator.categorymapper.CategoryMapperTest</td>
<td></td>
<td>0</td>
<td>org.molgenis.semanticmapper.algorithmgenerator.categorymapper.CategoryMapperTest@7509226c</td></tr>
<tr>
<td title='org.molgenis.semanticmapper.algorithmgenerator.generator.OneToManyCategoryAlgorithmGeneratorTest.testHeterogenousGenerator()'><b>testHeterogenousGenerator</b><br>Test class: org.molgenis.semanticmapper.algorithmgenerator.generator.OneToManyCategoryAlgorithmGeneratorTest</td>
<td></td>
<td>0</td>
<td>org.molgenis.semanticmapper.algorithmgenerator.generator.OneToManyCategoryAlgorithmGeneratorTest@484a5ddd</td></tr>
<tr>
<td title='org.molgenis.semanticmapper.algorithmgenerator.generator.OneToManyCategoryAlgorithmGeneratorTest.testHomogenousGenerator()'><b>testHomogenousGenerator</b><br>Test class: org.molgenis.semanticmapper.algorithmgenerator.generator.OneToManyCategoryAlgorithmGeneratorTest</td>
<td></td>
<td>0</td>
<td>org.molgenis.semanticmapper.algorithmgenerator.generator.OneToManyCategoryAlgorithmGeneratorTest@484a5ddd</td></tr>
<tr>
<td title='org.molgenis.semanticmapper.service.impl.MappingServiceImplTest.testIncompatibleMetaDataDifferentRefEntity()'><b>testIncompatibleMetaDataDifferentRefEntity</b><br>Test class: org.molgenis.semanticmapper.service.impl.MappingServiceImplTest</td>
<td><div><pre>org.molgenis.data.MolgenisDataException: In the mapping target, attribute COUNTRY of type XREF has reference entity mapping_target_ref while in the target repository attribute COUNTRY of type XREF has reference entity target_repository_ref. Please make sure the reference entities of your mapping target are pointing towards the same reference entities as your target repository
	at org.molgenis.semanticmapper.service.impl.MappingServiceImpl.compareTargetMetadatas(MappingServiceImpl.java:318)
	at org.molgenis.semanticmapper.service.impl.MappingServiceImpl.getTargetRepository(MappingServiceImpl.java:224)
	at org.molgenis.semanticmapper.service.impl.MappingServiceImpl.applyMappings(MappingServiceImpl.java:178)
	at org.molgenis.semanticmapper.service.impl.MappingServiceImplTest.testIncompatibleMetaDataDifferentRefEntity(MappingServiceImplTest.java:607)
	at org.springframework.test.context.testng.AbstractTestNGSpringContextTests.run(AbstractTestNGSpringContextTests.java:180)
	at org.apache.maven.surefire.testng.TestNGExecutor.run(TestNGExecutor.java:135)
	at org.apache.maven.surefire.testng.TestNGDirectoryTestSuite.executeMulti(TestNGDirectoryTestSuite.java:193)
	at org.apache.maven.surefire.testng.TestNGDirectoryTestSuite.execute(TestNGDirectoryTestSuite.java:94)
	at org.apache.maven.surefire.testng.TestNGProvider.invoke(TestNGProvider.java:146)
	at org.apache.maven.surefire.booter.ForkedBooter.invokeProviderInSameClassLoader(ForkedBooter.java:379)
	at org.apache.maven.surefire.booter.ForkedBooter.runSuitesInProcess(ForkedBooter.java:340)
	at org.apache.maven.surefire.booter.ForkedBooter.execute(ForkedBooter.java:125)
	at org.apache.maven.surefire.booter.ForkedBooter.main(ForkedBooter.java:413)
... Removed 26 stack frames</pre></div><a href='#' onClick='toggleBox("stack-trace1939705207", this, "Click to show all stack frames", "Click to hide stack frames")'>Click to show all stack frames</a>
<div class='stack-trace' id='stack-trace1939705207'><pre>org.molgenis.data.MolgenisDataException: In the mapping target, attribute COUNTRY of type XREF has reference entity mapping_target_ref while in the target repository attribute COUNTRY of type XREF has reference entity target_repository_ref. Please make sure the reference entities of your mapping target are pointing towards the same reference entities as your target repository
	at org.molgenis.semanticmapper.service.impl.MappingServiceImpl.compareTargetMetadatas(MappingServiceImpl.java:318)
	at org.molgenis.semanticmapper.service.impl.MappingServiceImpl.getTargetRepository(MappingServiceImpl.java:224)
	at org.molgenis.semanticmapper.service.impl.MappingServiceImpl.applyMappings(MappingServiceImpl.java:178)
	at org.molgenis.semanticmapper.service.impl.MappingServiceImplTest.testIncompatibleMetaDataDifferentRefEntity(MappingServiceImplTest.java:607)
	at sun.reflect.NativeMethodAccessorImpl.invoke0(Native Method)
	at sun.reflect.NativeMethodAccessorImpl.invoke(NativeMethodAccessorImpl.java:62)
	at sun.reflect.DelegatingMethodAccessorImpl.invoke(DelegatingMethodAccessorImpl.java:43)
	at java.lang.reflect.Method.invoke(Method.java:498)
	at org.testng.internal.MethodInvocationHelper.invokeMethod(MethodInvocationHelper.java:80)
	at org.testng.internal.MethodInvocationHelper$1.runTestMethod(MethodInvocationHelper.java:182)
	at org.springframework.test.context.testng.AbstractTestNGSpringContextTests.run(AbstractTestNGSpringContextTests.java:180)
	at sun.reflect.GeneratedMethodAccessor42.invoke(Unknown Source)
	at sun.reflect.DelegatingMethodAccessorImpl.invoke(DelegatingMethodAccessorImpl.java:43)
	at java.lang.reflect.Method.invoke(Method.java:498)
	at org.testng.internal.MethodInvocationHelper.invokeHookable(MethodInvocationHelper.java:194)
	at org.testng.internal.Invoker.invokeMethod(Invoker.java:707)
	at org.testng.internal.Invoker.invokeTestMethod(Invoker.java:901)
	at org.testng.internal.Invoker.invokeTestMethods(Invoker.java:1231)
	at org.testng.internal.TestMethodWorker.invokeTestMethods(TestMethodWorker.java:127)
	at org.testng.internal.TestMethodWorker.run(TestMethodWorker.java:111)
	at org.testng.TestRunner.privateRun(TestRunner.java:767)
	at org.testng.TestRunner.run(TestRunner.java:617)
	at org.testng.SuiteRunner.runTest(SuiteRunner.java:334)
	at org.testng.SuiteRunner.runSequentially(SuiteRunner.java:329)
	at org.testng.SuiteRunner.privateRun(SuiteRunner.java:291)
	at org.testng.SuiteRunner.run(SuiteRunner.java:240)
	at org.testng.SuiteRunnerWorker.runSuite(SuiteRunnerWorker.java:52)
	at org.testng.SuiteRunnerWorker.run(SuiteRunnerWorker.java:86)
	at org.testng.TestNG.runSuitesSequentially(TestNG.java:1198)
	at org.testng.TestNG.runSuitesLocally(TestNG.java:1123)
	at org.testng.TestNG.run(TestNG.java:1031)
	at org.apache.maven.surefire.testng.TestNGExecutor.run(TestNGExecutor.java:135)
	at org.apache.maven.surefire.testng.TestNGDirectoryTestSuite.executeMulti(TestNGDirectoryTestSuite.java:193)
	at org.apache.maven.surefire.testng.TestNGDirectoryTestSuite.execute(TestNGDirectoryTestSuite.java:94)
	at org.apache.maven.surefire.testng.TestNGProvider.invoke(TestNGProvider.java:146)
	at org.apache.maven.surefire.booter.ForkedBooter.invokeProviderInSameClassLoader(ForkedBooter.java:379)
	at org.apache.maven.surefire.booter.ForkedBooter.runSuitesInProcess(ForkedBooter.java:340)
	at org.apache.maven.surefire.booter.ForkedBooter.execute(ForkedBooter.java:125)
	at org.apache.maven.surefire.booter.ForkedBooter.main(ForkedBooter.java:413)
</pre></div></td>
<td>0</td>
<td>org.molgenis.semanticmapper.service.impl.MappingServiceImplTest@29ba63f0</td></tr>
<tr>
<td title='org.molgenis.semanticmapper.service.impl.MappingServiceImplTest.testIncompatibleMetaDataDifferentType()'><b>testIncompatibleMetaDataDifferentType</b><br>Test class: org.molgenis.semanticmapper.service.impl.MappingServiceImplTest</td>
<td><div><pre>org.molgenis.data.MolgenisDataException: attribute COUNTRY in the mapping target is type INT while attribute COUNTRY in the target repository is type STRING. Please make sure the types are the same
	at org.molgenis.semanticmapper.service.impl.MappingServiceImpl.compareTargetMetadatas(MappingServiceImpl.java:306)
	at org.molgenis.semanticmapper.service.impl.MappingServiceImpl.getTargetRepository(MappingServiceImpl.java:224)
	at org.molgenis.semanticmapper.service.impl.MappingServiceImpl.applyMappings(MappingServiceImpl.java:178)
	at org.molgenis.semanticmapper.service.impl.MappingServiceImplTest.testIncompatibleMetaDataDifferentType(MappingServiceImplTest.java:565)
	at org.springframework.test.context.testng.AbstractTestNGSpringContextTests.run(AbstractTestNGSpringContextTests.java:180)
	at org.apache.maven.surefire.testng.TestNGExecutor.run(TestNGExecutor.java:135)
	at org.apache.maven.surefire.testng.TestNGDirectoryTestSuite.executeMulti(TestNGDirectoryTestSuite.java:193)
	at org.apache.maven.surefire.testng.TestNGDirectoryTestSuite.execute(TestNGDirectoryTestSuite.java:94)
	at org.apache.maven.surefire.testng.TestNGProvider.invoke(TestNGProvider.java:146)
	at org.apache.maven.surefire.booter.ForkedBooter.invokeProviderInSameClassLoader(ForkedBooter.java:379)
	at org.apache.maven.surefire.booter.ForkedBooter.runSuitesInProcess(ForkedBooter.java:340)
	at org.apache.maven.surefire.booter.ForkedBooter.execute(ForkedBooter.java:125)
	at org.apache.maven.surefire.booter.ForkedBooter.main(ForkedBooter.java:413)
... Removed 26 stack frames</pre></div><a href='#' onClick='toggleBox("stack-trace2000580326", this, "Click to show all stack frames", "Click to hide stack frames")'>Click to show all stack frames</a>
<div class='stack-trace' id='stack-trace2000580326'><pre>org.molgenis.data.MolgenisDataException: attribute COUNTRY in the mapping target is type INT while attribute COUNTRY in the target repository is type STRING. Please make sure the types are the same
	at org.molgenis.semanticmapper.service.impl.MappingServiceImpl.compareTargetMetadatas(MappingServiceImpl.java:306)
	at org.molgenis.semanticmapper.service.impl.MappingServiceImpl.getTargetRepository(MappingServiceImpl.java:224)
	at org.molgenis.semanticmapper.service.impl.MappingServiceImpl.applyMappings(MappingServiceImpl.java:178)
	at org.molgenis.semanticmapper.service.impl.MappingServiceImplTest.testIncompatibleMetaDataDifferentType(MappingServiceImplTest.java:565)
	at sun.reflect.NativeMethodAccessorImpl.invoke0(Native Method)
	at sun.reflect.NativeMethodAccessorImpl.invoke(NativeMethodAccessorImpl.java:62)
	at sun.reflect.DelegatingMethodAccessorImpl.invoke(DelegatingMethodAccessorImpl.java:43)
	at java.lang.reflect.Method.invoke(Method.java:498)
	at org.testng.internal.MethodInvocationHelper.invokeMethod(MethodInvocationHelper.java:80)
	at org.testng.internal.MethodInvocationHelper$1.runTestMethod(MethodInvocationHelper.java:182)
	at org.springframework.test.context.testng.AbstractTestNGSpringContextTests.run(AbstractTestNGSpringContextTests.java:180)
	at sun.reflect.GeneratedMethodAccessor42.invoke(Unknown Source)
	at sun.reflect.DelegatingMethodAccessorImpl.invoke(DelegatingMethodAccessorImpl.java:43)
	at java.lang.reflect.Method.invoke(Method.java:498)
	at org.testng.internal.MethodInvocationHelper.invokeHookable(MethodInvocationHelper.java:194)
	at org.testng.internal.Invoker.invokeMethod(Invoker.java:707)
	at org.testng.internal.Invoker.invokeTestMethod(Invoker.java:901)
	at org.testng.internal.Invoker.invokeTestMethods(Invoker.java:1231)
	at org.testng.internal.TestMethodWorker.invokeTestMethods(TestMethodWorker.java:127)
	at org.testng.internal.TestMethodWorker.run(TestMethodWorker.java:111)
	at org.testng.TestRunner.privateRun(TestRunner.java:767)
	at org.testng.TestRunner.run(TestRunner.java:617)
	at org.testng.SuiteRunner.runTest(SuiteRunner.java:334)
	at org.testng.SuiteRunner.runSequentially(SuiteRunner.java:329)
	at org.testng.SuiteRunner.privateRun(SuiteRunner.java:291)
	at org.testng.SuiteRunner.run(SuiteRunner.java:240)
	at org.testng.SuiteRunnerWorker.runSuite(SuiteRunnerWorker.java:52)
	at org.testng.SuiteRunnerWorker.run(SuiteRunnerWorker.java:86)
	at org.testng.TestNG.runSuitesSequentially(TestNG.java:1198)
	at org.testng.TestNG.runSuitesLocally(TestNG.java:1123)
	at org.testng.TestNG.run(TestNG.java:1031)
	at org.apache.maven.surefire.testng.TestNGExecutor.run(TestNGExecutor.java:135)
	at org.apache.maven.surefire.testng.TestNGDirectoryTestSuite.executeMulti(TestNGDirectoryTestSuite.java:193)
	at org.apache.maven.surefire.testng.TestNGDirectoryTestSuite.execute(TestNGDirectoryTestSuite.java:94)
	at org.apache.maven.surefire.testng.TestNGProvider.invoke(TestNGProvider.java:146)
	at org.apache.maven.surefire.booter.ForkedBooter.invokeProviderInSameClassLoader(ForkedBooter.java:379)
	at org.apache.maven.surefire.booter.ForkedBooter.runSuitesInProcess(ForkedBooter.java:340)
	at org.apache.maven.surefire.booter.ForkedBooter.execute(ForkedBooter.java:125)
	at org.apache.maven.surefire.booter.ForkedBooter.main(ForkedBooter.java:413)
</pre></div></td>
<td>0</td>
<td>org.molgenis.semanticmapper.service.impl.MappingServiceImplTest@29ba63f0</td></tr>
<tr>
<td title='org.molgenis.semanticmapper.service.impl.MappingServiceImplTest.testIncompatibleMetaDataUnknownAttribute()'><b>testIncompatibleMetaDataUnknownAttribute</b><br>Test class: org.molgenis.semanticmapper.service.impl.MappingServiceImplTest</td>
<td><div><pre>org.molgenis.data.MolgenisDataException: Target repository does not contain the following attribute: COUNTRY_1
	at org.molgenis.semanticmapper.service.impl.MappingServiceImpl.compareTargetMetadatas(MappingServiceImpl.java:297)
	at org.molgenis.semanticmapper.service.impl.MappingServiceImpl.getTargetRepository(MappingServiceImpl.java:224)
	at org.molgenis.semanticmapper.service.impl.MappingServiceImpl.applyMappings(MappingServiceImpl.java:178)
	at org.molgenis.semanticmapper.service.impl.MappingServiceImplTest.testIncompatibleMetaDataUnknownAttribute(MappingServiceImplTest.java:535)
	at org.springframework.test.context.testng.AbstractTestNGSpringContextTests.run(AbstractTestNGSpringContextTests.java:180)
	at org.apache.maven.surefire.testng.TestNGExecutor.run(TestNGExecutor.java:135)
	at org.apache.maven.surefire.testng.TestNGDirectoryTestSuite.executeMulti(TestNGDirectoryTestSuite.java:193)
	at org.apache.maven.surefire.testng.TestNGDirectoryTestSuite.execute(TestNGDirectoryTestSuite.java:94)
	at org.apache.maven.surefire.testng.TestNGProvider.invoke(TestNGProvider.java:146)
	at org.apache.maven.surefire.booter.ForkedBooter.invokeProviderInSameClassLoader(ForkedBooter.java:379)
	at org.apache.maven.surefire.booter.ForkedBooter.runSuitesInProcess(ForkedBooter.java:340)
	at org.apache.maven.surefire.booter.ForkedBooter.execute(ForkedBooter.java:125)
	at org.apache.maven.surefire.booter.ForkedBooter.main(ForkedBooter.java:413)
... Removed 26 stack frames</pre></div><a href='#' onClick='toggleBox("stack-trace22766497", this, "Click to show all stack frames", "Click to hide stack frames")'>Click to show all stack frames</a>
<div class='stack-trace' id='stack-trace22766497'><pre>org.molgenis.data.MolgenisDataException: Target repository does not contain the following attribute: COUNTRY_1
	at org.molgenis.semanticmapper.service.impl.MappingServiceImpl.compareTargetMetadatas(MappingServiceImpl.java:297)
	at org.molgenis.semanticmapper.service.impl.MappingServiceImpl.getTargetRepository(MappingServiceImpl.java:224)
	at org.molgenis.semanticmapper.service.impl.MappingServiceImpl.applyMappings(MappingServiceImpl.java:178)
	at org.molgenis.semanticmapper.service.impl.MappingServiceImplTest.testIncompatibleMetaDataUnknownAttribute(MappingServiceImplTest.java:535)
	at sun.reflect.NativeMethodAccessorImpl.invoke0(Native Method)
	at sun.reflect.NativeMethodAccessorImpl.invoke(NativeMethodAccessorImpl.java:62)
	at sun.reflect.DelegatingMethodAccessorImpl.invoke(DelegatingMethodAccessorImpl.java:43)
	at java.lang.reflect.Method.invoke(Method.java:498)
	at org.testng.internal.MethodInvocationHelper.invokeMethod(MethodInvocationHelper.java:80)
	at org.testng.internal.MethodInvocationHelper$1.runTestMethod(MethodInvocationHelper.java:182)
	at org.springframework.test.context.testng.AbstractTestNGSpringContextTests.run(AbstractTestNGSpringContextTests.java:180)
	at sun.reflect.GeneratedMethodAccessor42.invoke(Unknown Source)
	at sun.reflect.DelegatingMethodAccessorImpl.invoke(DelegatingMethodAccessorImpl.java:43)
	at java.lang.reflect.Method.invoke(Method.java:498)
	at org.testng.internal.MethodInvocationHelper.invokeHookable(MethodInvocationHelper.java:194)
	at org.testng.internal.Invoker.invokeMethod(Invoker.java:707)
	at org.testng.internal.Invoker.invokeTestMethod(Invoker.java:901)
	at org.testng.internal.Invoker.invokeTestMethods(Invoker.java:1231)
	at org.testng.internal.TestMethodWorker.invokeTestMethods(TestMethodWorker.java:127)
	at org.testng.internal.TestMethodWorker.run(TestMethodWorker.java:111)
	at org.testng.TestRunner.privateRun(TestRunner.java:767)
	at org.testng.TestRunner.run(TestRunner.java:617)
	at org.testng.SuiteRunner.runTest(SuiteRunner.java:334)
	at org.testng.SuiteRunner.runSequentially(SuiteRunner.java:329)
	at org.testng.SuiteRunner.privateRun(SuiteRunner.java:291)
	at org.testng.SuiteRunner.run(SuiteRunner.java:240)
	at org.testng.SuiteRunnerWorker.runSuite(SuiteRunnerWorker.java:52)
	at org.testng.SuiteRunnerWorker.run(SuiteRunnerWorker.java:86)
	at org.testng.TestNG.runSuitesSequentially(TestNG.java:1198)
	at org.testng.TestNG.runSuitesLocally(TestNG.java:1123)
	at org.testng.TestNG.run(TestNG.java:1031)
	at org.apache.maven.surefire.testng.TestNGExecutor.run(TestNGExecutor.java:135)
	at org.apache.maven.surefire.testng.TestNGDirectoryTestSuite.executeMulti(TestNGDirectoryTestSuite.java:193)
	at org.apache.maven.surefire.testng.TestNGDirectoryTestSuite.execute(TestNGDirectoryTestSuite.java:94)
	at org.apache.maven.surefire.testng.TestNGProvider.invoke(TestNGProvider.java:146)
	at org.apache.maven.surefire.booter.ForkedBooter.invokeProviderInSameClassLoader(ForkedBooter.java:379)
	at org.apache.maven.surefire.booter.ForkedBooter.runSuitesInProcess(ForkedBooter.java:340)
	at org.apache.maven.surefire.booter.ForkedBooter.execute(ForkedBooter.java:125)
	at org.apache.maven.surefire.booter.ForkedBooter.main(ForkedBooter.java:413)
</pre></div></td>
<td>0</td>
<td>org.molgenis.semanticmapper.service.impl.MappingServiceImplTest@29ba63f0</td></tr>
<tr>
<td title='org.molgenis.semanticmapper.repository.impl.MappingTargetRepositoryImplTest.testInsert()'><b>testInsert</b><br>Test class: org.molgenis.semanticmapper.repository.impl.MappingTargetRepositoryImplTest</td>
<td></td>
<td>0</td>
<td>org.molgenis.semanticmapper.repository.impl.MappingTargetRepositoryImplTest@43cf5bff</td></tr>
<tr>
<td title='org.molgenis.semanticmapper.repository.impl.AttributeMappingRepositoryImplTest.testInsert()'><b>testInsert</b><br>Test class: org.molgenis.semanticmapper.repository.impl.AttributeMappingRepositoryImplTest</td>
<td></td>
<td>0</td>
<td>org.molgenis.semanticmapper.repository.impl.AttributeMappingRepositoryImplTest@15c1b543</td></tr>
<tr>
<td title='org.molgenis.semanticmapper.algorithmgenerator.categorymapper.CategoryMapperTest.testIntegration()'><b>testIntegration</b><br>Test class: org.molgenis.semanticmapper.algorithmgenerator.categorymapper.CategoryMapperTest</td>
<td></td>
<td>0</td>
<td>org.molgenis.semanticmapper.algorithmgenerator.categorymapper.CategoryMapperTest@7509226c</td></tr>
<tr>
<td title='org.molgenis.semanticmapper.algorithmgenerator.categorymapper.CategoryMapperTest.testIsAmountRanged()'><b>testIsAmountRanged</b><br>Test class: org.molgenis.semanticmapper.algorithmgenerator.categorymapper.CategoryMapperTest</td>
<td></td>
<td>0</td>
<td>org.molgenis.semanticmapper.algorithmgenerator.categorymapper.CategoryMapperTest@7509226c</td></tr>
<tr>
<td title='org.molgenis.semanticmapper.controller.MappingServiceControllerTest.testIsNewEntityReturnsFalseIfEntityExists()'><b>testIsNewEntityReturnsFalseIfEntityExists</b><br>Test class: org.molgenis.semanticmapper.controller.MappingServiceControllerTest</td>
<td></td>
<td>0</td>
<td>org.molgenis.semanticmapper.controller.MappingServiceControllerTest@30eb55c9</td></tr>
<tr>
<td title='org.molgenis.semanticmapper.controller.MappingServiceControllerTest.testIsNewEntityReturnsTrueIfEntityIsNew()'><b>testIsNewEntityReturnsTrueIfEntityIsNew</b><br>Test class: org.molgenis.semanticmapper.controller.MappingServiceControllerTest</td>
<td></td>
<td>0</td>
<td>org.molgenis.semanticmapper.controller.MappingServiceControllerTest@30eb55c9</td></tr>
<tr>
<td title='org.molgenis.semanticmapper.algorithmgenerator.generator.OneToOneCategoryAlgorithmGeneratorTest.testIsSuitable()'><b>testIsSuitable</b><br>Test class: org.molgenis.semanticmapper.algorithmgenerator.generator.OneToOneCategoryAlgorithmGeneratorTest</td>
<td></td>
<td>0</td>
<td>org.molgenis.semanticmapper.algorithmgenerator.generator.OneToOneCategoryAlgorithmGeneratorTest@338270ea</td></tr>
<tr>
<td title='org.molgenis.semanticmapper.algorithmgenerator.generator.OneToManyCategoryAlgorithmGeneratorTest.testIsSuitable()'><b>testIsSuitable</b><br>Test class: org.molgenis.semanticmapper.algorithmgenerator.generator.OneToManyCategoryAlgorithmGeneratorTest</td>
<td></td>
<td>0</td>
<td>org.molgenis.semanticmapper.algorithmgenerator.generator.OneToManyCategoryAlgorithmGeneratorTest@484a5ddd</td></tr>
<tr>
<td title='org.molgenis.semanticmapper.service.impl.UnitResolverImplTest.testIsUnitEmpty()'><b>testIsUnitEmpty</b><br>Test class: org.molgenis.semanticmapper.service.impl.UnitResolverImplTest</td>
<td></td>
<td>0</td>
<td>org.molgenis.semanticmapper.service.impl.UnitResolverImplTest@33a3e5db</td></tr>
<tr>
<td title='org.molgenis.semanticmapper.controller.MappingServiceControllerTest.testMap()'><b>testMap</b><br>Test class: org.molgenis.semanticmapper.controller.MappingServiceControllerTest</td>
<td></td>
<td>0</td>
<td>org.molgenis.semanticmapper.controller.MappingServiceControllerTest@30eb55c9</td></tr>
<tr>
<td title='org.molgenis.semanticmapper.algorithmgenerator.categorymapper.CategoryMapperTest.testMatchUnit()'><b>testMatchUnit</b><br>Test class: org.molgenis.semanticmapper.algorithmgenerator.categorymapper.CategoryMapperTest</td>
<td></td>
<td>0</td>
<td>org.molgenis.semanticmapper.algorithmgenerator.categorymapper.CategoryMapperTest@7509226c</td></tr>
<tr>
<td title='org.molgenis.semanticmapper.service.impl.MappingServiceImplTest.testMaxProgressMultipleSources()'><b>testMaxProgressMultipleSources</b><br>Test class: org.molgenis.semanticmapper.service.impl.MappingServiceImplTest</td>
<td></td>
<td>0</td>
<td>org.molgenis.semanticmapper.service.impl.MappingServiceImplTest@29ba63f0</td></tr>
<tr>
<td title='org.molgenis.semanticmapper.service.impl.MappingServiceImplTest.testMaxProgressMultipleSourcesSelfReferencing()'><b>testMaxProgressMultipleSourcesSelfReferencing</b><br>Test class: org.molgenis.semanticmapper.service.impl.MappingServiceImplTest</td>
<td></td>
<td>0</td>
<td>org.molgenis.semanticmapper.service.impl.MappingServiceImplTest@29ba63f0</td></tr>
<tr>
<td title='org.molgenis.semanticmapper.service.impl.MappingServiceImplTest.testMaxProgressOneSourceMultipleBatches()'><b>testMaxProgressOneSourceMultipleBatches</b><br>Test class: org.molgenis.semanticmapper.service.impl.MappingServiceImplTest</td>
<td></td>
<td>0</td>
<td>org.molgenis.semanticmapper.service.impl.MappingServiceImplTest@29ba63f0</td></tr>
<tr>
<td title='org.molgenis.semanticmapper.service.impl.MappingServiceImplTest.testMaxProgressOneSourceMultipleBatchesSelfReferencing()'><b>testMaxProgressOneSourceMultipleBatchesSelfReferencing</b><br>Test class: org.molgenis.semanticmapper.service.impl.MappingServiceImplTest</td>
<td></td>
<td>0</td>
<td>org.molgenis.semanticmapper.service.impl.MappingServiceImplTest@29ba63f0</td></tr>
<tr>
<td title='org.molgenis.semanticmapper.service.impl.MappingServiceImplTest.testMaxProgressOneSourceOneBatch()'><b>testMaxProgressOneSourceOneBatch</b><br>Test class: org.molgenis.semanticmapper.service.impl.MappingServiceImplTest</td>
<td></td>
<td>0</td>
<td>org.molgenis.semanticmapper.service.impl.MappingServiceImplTest@29ba63f0</td></tr>
<tr>
<td title='org.molgenis.semanticmapper.repository.impl.MappingProjectRepositoryImplTest.testQuery()'><b>testQuery</b><br>Test class: org.molgenis.semanticmapper.repository.impl.MappingProjectRepositoryImplTest</td>
<td></td>
<td>0</td>
<td>org.molgenis.semanticmapper.repository.impl.MappingProjectRepositoryImplTest@61d7bb61</td></tr>
<tr>
<td title='org.molgenis.semanticmapper.service.impl.UnitResolverImplTest.testReplaceIllegalChars()'><b>testReplaceIllegalChars</b><br>Test class: org.molgenis.semanticmapper.service.impl.UnitResolverImplTest</td>
<td></td>
<td>0</td>
<td>org.molgenis.semanticmapper.service.impl.UnitResolverImplTest@33a3e5db</td></tr>
<tr>
<td title='org.molgenis.semanticmapper.repository.impl.AttributeMappingRepositoryImplTest.testRetrieveAttributesFromAlgorithm()'><b>testRetrieveAttributesFromAlgorithm</b><br>Test class: org.molgenis.semanticmapper.repository.impl.AttributeMappingRepositoryImplTest</td>
<td></td>
<td>0</td>
<td>org.molgenis.semanticmapper.repository.impl.AttributeMappingRepositoryImplTest@15c1b543</td></tr>
<tr>
<td title='org.molgenis.semanticmapper.repository.impl.AttributeMappingRepositoryImplTest.testRetrieveAttributesFromAlgorithmWithDotNotation()'><b>testRetrieveAttributesFromAlgorithmWithDotNotation</b><br>Test class: org.molgenis.semanticmapper.repository.impl.AttributeMappingRepositoryImplTest</td>
<td></td>
<td>0</td>
<td>org.molgenis.semanticmapper.repository.impl.AttributeMappingRepositoryImplTest@15c1b543</td></tr>
<tr>
<td title='org.molgenis.semanticmapper.controller.MappingServiceControllerTest.testScheduleMappingJobSystemPackage()'><b>testScheduleMappingJobSystemPackage</b><br>Test class: org.molgenis.semanticmapper.controller.MappingServiceControllerTest</td>
<td></td>
<td>0</td>
<td>org.molgenis.semanticmapper.controller.MappingServiceControllerTest@30eb55c9</td></tr>
<tr>
<td title='org.molgenis.semanticmapper.controller.MappingServiceControllerTest.testScheduleMappingJobUnknownMappingProjectId()'><b>testScheduleMappingJobUnknownMappingProjectId</b><br>Test class: org.molgenis.semanticmapper.controller.MappingServiceControllerTest</td>
<td></td>
<td>0</td>
<td>org.molgenis.semanticmapper.controller.MappingServiceControllerTest@30eb55c9</td></tr>
<tr>
<td title='org.molgenis.semanticmapper.controller.MappingServiceControllerTest.testScheduleMappingJobUnknownPackage()'><b>testScheduleMappingJobUnknownPackage</b><br>Test class: org.molgenis.semanticmapper.controller.MappingServiceControllerTest</td>
<td></td>
<td>0</td>
<td>org.molgenis.semanticmapper.controller.MappingServiceControllerTest@30eb55c9</td></tr>
<tr>
<td title='org.molgenis.semanticmapper.algorithmgenerator.generator.OneToManyCategoryAlgorithmGeneratorTest.testSuitableForGeneratingWeightedMap()'><b>testSuitableForGeneratingWeightedMap</b><br>Test class: org.molgenis.semanticmapper.algorithmgenerator.generator.OneToManyCategoryAlgorithmGeneratorTest</td>
<td></td>
<td>0</td>
<td>org.molgenis.semanticmapper.algorithmgenerator.generator.OneToManyCategoryAlgorithmGeneratorTest@484a5ddd</td></tr>
<tr>
<td title='org.molgenis.semanticmapper.repository.impl.EntityMappingRepositoryImplTest.testToEntityMappings()'><b>testToEntityMappings</b><br>Test class: org.molgenis.semanticmapper.repository.impl.EntityMappingRepositoryImplTest</td>
<td></td>
<td>0</td>
<td>org.molgenis.semanticmapper.repository.impl.EntityMappingRepositoryImplTest@47ffa248</td></tr>
<tr>
<td title='org.molgenis.semanticmapper.repository.impl.MappingTargetRepositoryImplTest.testToMappingTargets()'><b>testToMappingTargets</b><br>Test class: org.molgenis.semanticmapper.repository.impl.MappingTargetRepositoryImplTest</td>
<td></td>
<td>0</td>
<td>org.molgenis.semanticmapper.repository.impl.MappingTargetRepositoryImplTest@43cf5bff</td></tr>
<tr>
<td title='org.molgenis.semanticmapper.service.impl.UnitResolverImplTest.testTokenize()'><b>testTokenize</b><br>Test class: org.molgenis.semanticmapper.service.impl.UnitResolverImplTest</td>
<td></td>
<td>0</td>
<td>org.molgenis.semanticmapper.service.impl.UnitResolverImplTest@33a3e5db</td></tr>
<tr>
<td title='org.molgenis.semanticmapper.repository.impl.MappingTargetRepositoryImplTest.testUpdate()'><b>testUpdate</b><br>Test class: org.molgenis.semanticmapper.repository.impl.MappingTargetRepositoryImplTest</td>
<td></td>
<td>0</td>
<td>org.molgenis.semanticmapper.repository.impl.MappingTargetRepositoryImplTest@43cf5bff</td></tr>
<tr>
<td title='org.molgenis.semanticmapper.repository.impl.AttributeMappingRepositoryImplTest.testUpdate()'><b>testUpdate</b><br>Test class: org.molgenis.semanticmapper.repository.impl.AttributeMappingRepositoryImplTest</td>
<td></td>
<td>0</td>
<td>org.molgenis.semanticmapper.repository.impl.AttributeMappingRepositoryImplTest@15c1b543</td></tr>
<tr>
<td title='org.molgenis.semanticmapper.service.impl.MappingServiceImplTest.testUpdateMappingProject()'><b>testUpdateMappingProject</b><br>Test class: org.molgenis.semanticmapper.service.impl.MappingServiceImplTest</td>
<td></td>
<td>0</td>
<td>org.molgenis.semanticmapper.service.impl.MappingServiceImplTest@29ba63f0</td></tr>
<tr>
<td title='org.molgenis.semanticmapper.repository.impl.MappingProjectRepositoryImplTest.testUpdateUnknown()'><b>testUpdateUnknown</b><br>Test class: org.molgenis.semanticmapper.repository.impl.MappingProjectRepositoryImplTest</td>
<td></td>
<td>0</td>
<td>org.molgenis.semanticmapper.repository.impl.MappingProjectRepositoryImplTest@61d7bb61</td></tr>
<tr>
<td title='org.molgenis.semanticmapper.repository.impl.EntityMappingRepositoryImplTest.testUpsert()'><b>testUpsert</b><br>Test class: org.molgenis.semanticmapper.repository.impl.EntityMappingRepositoryImplTest</td>
<td></td>
<td>0</td>
<td>org.molgenis.semanticmapper.repository.impl.EntityMappingRepositoryImplTest@47ffa248</td></tr>
<tr>
<td title='org.molgenis.semanticmapper.controller.MappingServiceControllerTest.testViewMappingProject()'><b>testViewMappingProject</b><br>Test class: org.molgenis.semanticmapper.controller.MappingServiceControllerTest</td>
<td></td>
<td>0</td>
<td>org.molgenis.semanticmapper.controller.MappingServiceControllerTest@30eb55c9</td></tr>
</table><p>
</body>
</html>