<?xml version="1.0" encoding="UTF-8"?>
<!-- Generated by org.testng.reporters.JUnitXMLReporter -->
<testsuite hostname="spirals-vortex.lille.inria.fr" name="Surefire test" tests="27" failures="1" timestamp="30 May 2018 15:20:47 GMT" time="2.604" errors="0">
  <testcase name="process" time="0.008" classname="org.molgenis.data.file.processor.LowerCaseProcessorTest"/>
  <testcase name="processNull" time="0.001" classname="org.molgenis.data.file.processor.LowerCaseProcessorTest"/>
  <testcase name="process" time="0.002" classname="org.molgenis.data.file.processor.TrimProcessorTest"/>
  <testcase name="processNull" time="0.0" classname="org.molgenis.data.file.processor.TrimProcessorTest"/>
  <testcase name="equals" time="0.001" classname="org.molgenis.data.file.processor.MissingValueProcessorTest"/>
  <testcase name="process" time="0.0" classname="org.molgenis.data.file.processor.MissingValueProcessorTest"/>
  <testcase name="processEmpty" time="0.0" classname="org.molgenis.data.file.processor.MissingValueProcessorTest"/>
  <testcase name="processEmpty_processEmpty" time="0.0" classname="org.molgenis.data.file.processor.MissingValueProcessorTest"/>
  <testcase name="processNull" time="0.0" classname="org.molgenis.data.file.processor.MissingValueProcessorTest"/>
  <testcase name="processNull_processEmpty" time="0.001" classname="org.molgenis.data.file.processor.MissingValueProcessorTest"/>
  <testcase name="process_processEmpty" time="0.0" classname="org.molgenis.data.file.processor.MissingValueProcessorTest"/>
  <testcase name="processCell_data" time="0.007" classname="org.molgenis.data.file.processor.AbstractCellProcessorTest"/>
  <testcase name="processCell_header" time="0.0" classname="org.molgenis.data.file.processor.AbstractCellProcessorTest"/>
  <testcase name="processCell_null" time="0.0" classname="org.molgenis.data.file.processor.AbstractCellProcessorTest"/>
  <testcase name="FileStore" time="0.001" classname="org.molgenis.data.file.FileStoreTest"/>
  <testcase name="testCreateDirectory" time="0.001" classname="org.molgenis.data.file.FileStoreTest"/>
  <testcase name="testGetFile" time="0.013" classname="org.molgenis.data.file.FileStoreTest"/>
  <testcase name="testMoveSubLevelDir" time="0.027" classname="org.molgenis.data.file.FileStoreTest"/>
  <testcase name="testMoveTopLevelDir" time="0.002" classname="org.molgenis.data.file.FileStoreTest">
    <failure type="java.lang.AssertionError" message="expected [true] but found [false]">
      <![CDATA[java.lang.AssertionError: expected [true] but found [false]
	at org.molgenis.data.file.FileStoreTest.testMoveTopLevelDir(FileStoreTest.java:50)
	at org.apache.maven.surefire.testng.TestNGExecutor.run(TestNGExecutor.java:135)
	at org.apache.maven.surefire.testng.TestNGDirectoryTestSuite.executeMulti(TestNGDirectoryTestSuite.java:193)
	at org.apache.maven.surefire.testng.TestNGDirectoryTestSuite.execute(TestNGDirectoryTestSuite.java:94)
	at org.apache.maven.surefire.testng.TestNGProvider.invoke(TestNGProvider.java:146)
	at org.apache.maven.surefire.booter.ForkedBooter.invokeProviderInSameClassLoader(ForkedBooter.java:379)
	at org.apache.maven.surefire.booter.ForkedBooter.runSuitesInProcess(ForkedBooter.java:340)
	at org.apache.maven.surefire.booter.ForkedBooter.execute(ForkedBooter.java:125)
	at org.apache.maven.surefire.booter.ForkedBooter.main(ForkedBooter.java:413)
... Removed 25 stack frames]]>
    </failure>
  </testcase> <!-- testMoveTopLevelDir -->
  <testcase name="testStore" time="0.001" classname="org.molgenis.data.file.FileStoreTest"/>
  <testcase name="testAppRepositoryDecorator" time="0.0" classname="org.molgenis.data.file.FileMetaRepositoryDecoratorTest"/>
  <testcase name="testDelete" time="0.204" classname="org.molgenis.data.file.FileMetaRepositoryDecoratorTest"/>
  <testcase name="testDeleteAll" time="0.032" classname="org.molgenis.data.file.FileMetaRepositoryDecoratorTest"/>
  <testcase name="testDeleteAllStream" time="0.013" classname="org.molgenis.data.file.FileMetaRepositoryDecoratorTest"/>
  <testcase name="testDeleteById" time="0.002" classname="org.molgenis.data.file.FileMetaRepositoryDecoratorTest"/>
  <testcase name="testDeleteByIdUnknownId" time="0.32" classname="org.molgenis.data.file.FileMetaRepositoryDecoratorTest"/>
  <testcase name="testDeleteStream" time="0.003" classname="org.molgenis.data.file.FileMetaRepositoryDecoratorTest"/>
</testsuite> <!-- Surefire test -->
