<html>
<head>
<title>TestNG:  Surefire test</title>
<link href="../testng.css" rel="stylesheet" type="text/css" />
<link href="../my-testng.css" rel="stylesheet" type="text/css" />

<style type="text/css">
.log { display: none;} 
.stack-trace { display: none;} 
</style>
<script type="text/javascript">
<!--
function flip(e) {
  current = e.style.display;
  if (current == 'block') {
    e.style.display = 'none';
    return 0;
  }
  else {
    e.style.display = 'block';
    return 1;
  }
}

function toggleBox(szDivId, elem, msg1, msg2)
{
  var res = -1;  if (document.getElementById) {
    res = flip(document.getElementById(szDivId));
  }
  else if (document.all) {
    // this is the way old msie versions work
    res = flip(document.all[szDivId]);
  }
  if(elem) {
    if(res == 0) elem.innerHTML = msg1; else elem.innerHTML = msg2;
  }

}

function toggleAllBoxes() {
  if (document.getElementsByTagName) {
    d = document.getElementsByTagName('div');
    for (i = 0; i < d.length; i++) {
      if (d[i].className == 'log') {
        flip(d[i]);
      }
    }
  }
}

// -->
</script>

</head>
<body>
<h2 align='center'>Surefire test</h2><table border='1' align="center">
<tr>
<td>Tests passed/Failed/Skipped:</td><td>26/1/0</td>
</tr><tr>
<td>Started on:</td><td>Wed May 30 17:20:45 CEST 2018</td>
</tr>
<tr><td>Total time:</td><td>2 seconds (2604 ms)</td>
</tr><tr>
<td>Included groups:</td><td></td>
</tr><tr>
<td>Excluded groups:</td><td></td>
</tr>
</table><p/>
<small><i>(Hover the method name to see the test class name)</i></small><p/>
<table width='100%' border='1' class='invocation-failed'>
<tr><td colspan='4' align='center'><b>FAILED TESTS</b></td></tr>
<tr><td><b>Test method</b></td>
<td width="30%"><b>Exception</b></td>
<td width="10%"><b>Time (seconds)</b></td>
<td><b>Instance</b></td>
</tr>
<tr>
<td title='org.molgenis.data.file.FileStoreTest.testMoveTopLevelDir()'><b>testMoveTopLevelDir</b><br>Test class: org.molgenis.data.file.FileStoreTest</td>
<td><div><pre>java.lang.AssertionError: expected [true] but found [false]
	at org.molgenis.data.file.FileStoreTest.testMoveTopLevelDir(FileStoreTest.java:50)
	at org.apache.maven.surefire.testng.TestNGExecutor.run(TestNGExecutor.java:135)
	at org.apache.maven.surefire.testng.TestNGDirectoryTestSuite.executeMulti(TestNGDirectoryTestSuite.java:193)
	at org.apache.maven.surefire.testng.TestNGDirectoryTestSuite.execute(TestNGDirectoryTestSuite.java:94)
	at org.apache.maven.surefire.testng.TestNGProvider.invoke(TestNGProvider.java:146)
	at org.apache.maven.surefire.booter.ForkedBooter.invokeProviderInSameClassLoader(ForkedBooter.java:379)
	at org.apache.maven.surefire.booter.ForkedBooter.runSuitesInProcess(ForkedBooter.java:340)
	at org.apache.maven.surefire.booter.ForkedBooter.execute(ForkedBooter.java:125)
	at org.apache.maven.surefire.booter.ForkedBooter.main(ForkedBooter.java:413)
... Removed 25 stack frames</pre></div><a href='#' onClick='toggleBox("stack-trace1141354562", this, "Click to show all stack frames", "Click to hide stack frames")'>Click to show all stack frames</a>
<div class='stack-trace' id='stack-trace1141354562'><pre>java.lang.AssertionError: expected [true] but found [false]
	at org.testng.Assert.fail(Assert.java:94)
	at org.testng.Assert.failNotEquals(Assert.java:494)
	at org.testng.Assert.assertTrue(Assert.java:42)
	at org.testng.Assert.assertTrue(Assert.java:52)
	at org.molgenis.data.file.FileStoreTest.testMoveTopLevelDir(FileStoreTest.java:50)
	at sun.reflect.NativeMethodAccessorImpl.invoke0(Native Method)
	at sun.reflect.NativeMethodAccessorImpl.invoke(NativeMethodAccessorImpl.java:62)
	at sun.reflect.DelegatingMethodAccessorImpl.invoke(DelegatingMethodAccessorImpl.java:43)
	at java.lang.reflect.Method.invoke(Method.java:498)
	at org.testng.internal.MethodInvocationHelper.invokeMethod(MethodInvocationHelper.java:80)
	at org.testng.internal.Invoker.invokeMethod(Invoker.java:714)
	at org.testng.internal.Invoker.invokeTestMethod(Invoker.java:901)
	at org.testng.internal.Invoker.invokeTestMethods(Invoker.java:1231)
	at org.testng.internal.TestMethodWorker.invokeTestMethods(TestMethodWorker.java:127)
	at org.testng.internal.TestMethodWorker.run(TestMethodWorker.java:111)
	at org.testng.TestRunner.privateRun(TestRunner.java:767)
	at org.testng.TestRunner.run(TestRunner.java:617)
	at org.testng.SuiteRunner.runTest(SuiteRunner.java:334)
	at org.testng.SuiteRunner.runSequentially(SuiteRunner.java:329)
	at org.testng.SuiteRunner.privateRun(SuiteRunner.java:291)
	at org.testng.SuiteRunner.run(SuiteRunner.java:240)
	at org.testng.SuiteRunnerWorker.runSuite(SuiteRunnerWorker.java:52)
	at org.testng.SuiteRunnerWorker.run(SuiteRunnerWorker.java:86)
	at org.testng.TestNG.runSuitesSequentially(TestNG.java:1198)
	at org.testng.TestNG.runSuitesLocally(TestNG.java:1123)
	at org.testng.TestNG.run(TestNG.java:1031)
	at org.apache.maven.surefire.testng.TestNGExecutor.run(TestNGExecutor.java:135)
	at org.apache.maven.surefire.testng.TestNGDirectoryTestSuite.executeMulti(TestNGDirectoryTestSuite.java:193)
	at org.apache.maven.surefire.testng.TestNGDirectoryTestSuite.execute(TestNGDirectoryTestSuite.java:94)
	at org.apache.maven.surefire.testng.TestNGProvider.invoke(TestNGProvider.java:146)
	at org.apache.maven.surefire.booter.ForkedBooter.invokeProviderInSameClassLoader(ForkedBooter.java:379)
	at org.apache.maven.surefire.booter.ForkedBooter.runSuitesInProcess(ForkedBooter.java:340)
	at org.apache.maven.surefire.booter.ForkedBooter.execute(ForkedBooter.java:125)
	at org.apache.maven.surefire.booter.ForkedBooter.main(ForkedBooter.java:413)
</pre></div></td>
<td>0</td>
<td>org.molgenis.data.file.FileStoreTest@515ebef3</td></tr>
</table><p>
<table width='100%' border='1' class='invocation-passed'>
<tr><td colspan='4' align='center'><b>PASSED TESTS</b></td></tr>
<tr><td><b>Test method</b></td>
<td width="30%"><b>Exception</b></td>
<td width="10%"><b>Time (seconds)</b></td>
<td><b>Instance</b></td>
</tr>
<tr>
<td title='org.molgenis.data.file.FileStoreTest.FileStore()'><b>FileStore</b><br>Test class: org.molgenis.data.file.FileStoreTest</td>
<td><div><pre>java.lang.IllegalArgumentException: storage dir is null
	at org.molgenis.data.file.FileStore.&lt;init&gt;(FileStore.java:21)
	at org.molgenis.data.file.FileStoreTest.FileStore(FileStoreTest.java:30)
	at org.apache.maven.surefire.testng.TestNGExecutor.run(TestNGExecutor.java:135)
	at org.apache.maven.surefire.testng.TestNGDirectoryTestSuite.executeMulti(TestNGDirectoryTestSuite.java:193)
	at org.apache.maven.surefire.testng.TestNGDirectoryTestSuite.execute(TestNGDirectoryTestSuite.java:94)
	at org.apache.maven.surefire.testng.TestNGProvider.invoke(TestNGProvider.java:146)
	at org.apache.maven.surefire.booter.ForkedBooter.invokeProviderInSameClassLoader(ForkedBooter.java:379)
	at org.apache.maven.surefire.booter.ForkedBooter.runSuitesInProcess(ForkedBooter.java:340)
	at org.apache.maven.surefire.booter.ForkedBooter.execute(ForkedBooter.java:125)
	at org.apache.maven.surefire.booter.ForkedBooter.main(ForkedBooter.java:413)
... Removed 21 stack frames</pre></div><a href='#' onClick='toggleBox("stack-trace355366659", this, "Click to show all stack frames", "Click to hide stack frames")'>Click to show all stack frames</a>
<div class='stack-trace' id='stack-trace355366659'><pre>java.lang.IllegalArgumentException: storage dir is null
	at org.molgenis.data.file.FileStore.&lt;init&gt;(FileStore.java:21)
	at org.molgenis.data.file.FileStoreTest.FileStore(FileStoreTest.java:30)
	at sun.reflect.NativeMethodAccessorImpl.invoke0(Native Method)
	at sun.reflect.NativeMethodAccessorImpl.invoke(NativeMethodAccessorImpl.java:62)
	at sun.reflect.DelegatingMethodAccessorImpl.invoke(DelegatingMethodAccessorImpl.java:43)
	at java.lang.reflect.Method.invoke(Method.java:498)
	at org.testng.internal.MethodInvocationHelper.invokeMethod(MethodInvocationHelper.java:80)
	at org.testng.internal.Invoker.invokeMethod(Invoker.java:714)
	at org.testng.internal.Invoker.invokeTestMethod(Invoker.java:901)
	at org.testng.internal.Invoker.invokeTestMethods(Invoker.java:1231)
	at org.testng.internal.TestMethodWorker.invokeTestMethods(TestMethodWorker.java:127)
	at org.testng.internal.TestMethodWorker.run(TestMethodWorker.java:111)
	at org.testng.TestRunner.privateRun(TestRunner.java:767)
	at org.testng.TestRunner.run(TestRunner.java:617)
	at org.testng.SuiteRunner.runTest(SuiteRunner.java:334)
	at org.testng.SuiteRunner.runSequentially(SuiteRunner.java:329)
	at org.testng.SuiteRunner.privateRun(SuiteRunner.java:291)
	at org.testng.SuiteRunner.run(SuiteRunner.java:240)
	at org.testng.SuiteRunnerWorker.runSuite(SuiteRunnerWorker.java:52)
	at org.testng.SuiteRunnerWorker.run(SuiteRunnerWorker.java:86)
	at org.testng.TestNG.runSuitesSequentially(TestNG.java:1198)
	at org.testng.TestNG.runSuitesLocally(TestNG.java:1123)
	at org.testng.TestNG.run(TestNG.java:1031)
	at org.apache.maven.surefire.testng.TestNGExecutor.run(TestNGExecutor.java:135)
	at org.apache.maven.surefire.testng.TestNGDirectoryTestSuite.executeMulti(TestNGDirectoryTestSuite.java:193)
	at org.apache.maven.surefire.testng.TestNGDirectoryTestSuite.execute(TestNGDirectoryTestSuite.java:94)
	at org.apache.maven.surefire.testng.TestNGProvider.invoke(TestNGProvider.java:146)
	at org.apache.maven.surefire.booter.ForkedBooter.invokeProviderInSameClassLoader(ForkedBooter.java:379)
	at org.apache.maven.surefire.booter.ForkedBooter.runSuitesInProcess(ForkedBooter.java:340)
	at org.apache.maven.surefire.booter.ForkedBooter.execute(ForkedBooter.java:125)
	at org.apache.maven.surefire.booter.ForkedBooter.main(ForkedBooter.java:413)
</pre></div></td>
<td>0</td>
<td>org.molgenis.data.file.FileStoreTest@515ebef3</td></tr>
<tr>
<td title='org.molgenis.data.file.processor.MissingValueProcessorTest.equals()'><b>equals</b><br>Test class: org.molgenis.data.file.processor.MissingValueProcessorTest</td>
<td></td>
<td>0</td>
<td>org.molgenis.data.file.processor.MissingValueProcessorTest@49798e84</td></tr>
<tr>
<td title='org.molgenis.data.file.processor.LowerCaseProcessorTest.process()'><b>process</b><br>Test class: org.molgenis.data.file.processor.LowerCaseProcessorTest</td>
<td></td>
<td>0</td>
<td>org.molgenis.data.file.processor.LowerCaseProcessorTest@4a6c18ad</td></tr>
<tr>
<td title='org.molgenis.data.file.processor.TrimProcessorTest.process()'><b>process</b><br>Test class: org.molgenis.data.file.processor.TrimProcessorTest</td>
<td></td>
<td>0</td>
<td>org.molgenis.data.file.processor.TrimProcessorTest@3a91d146</td></tr>
<tr>
<td title='org.molgenis.data.file.processor.MissingValueProcessorTest.process()'><b>process</b><br>Test class: org.molgenis.data.file.processor.MissingValueProcessorTest</td>
<td></td>
<td>0</td>
<td>org.molgenis.data.file.processor.MissingValueProcessorTest@49798e84</td></tr>
<tr>
<td title='org.molgenis.data.file.processor.AbstractCellProcessorTest.processCell_data()'><b>processCell_data</b><br>Test class: org.molgenis.data.file.processor.AbstractCellProcessorTest</td>
<td></td>
<td>0</td>
<td>org.molgenis.data.file.processor.AbstractCellProcessorTest@5e8604bf</td></tr>
<tr>
<td title='org.molgenis.data.file.processor.AbstractCellProcessorTest.processCell_header()'><b>processCell_header</b><br>Test class: org.molgenis.data.file.processor.AbstractCellProcessorTest</td>
<td></td>
<td>0</td>
<td>org.molgenis.data.file.processor.AbstractCellProcessorTest@5e8604bf</td></tr>
<tr>
<td title='org.molgenis.data.file.processor.AbstractCellProcessorTest.processCell_null()'><b>processCell_null</b><br>Test class: org.molgenis.data.file.processor.AbstractCellProcessorTest</td>
<td></td>
<td>0</td>
<td>org.molgenis.data.file.processor.AbstractCellProcessorTest@5e8604bf</td></tr>
<tr>
<td title='org.molgenis.data.file.processor.MissingValueProcessorTest.processEmpty()'><b>processEmpty</b><br>Test class: org.molgenis.data.file.processor.MissingValueProcessorTest</td>
<td></td>
<td>0</td>
<td>org.molgenis.data.file.processor.MissingValueProcessorTest@49798e84</td></tr>
<tr>
<td title='org.molgenis.data.file.processor.MissingValueProcessorTest.processEmpty_processEmpty()'><b>processEmpty_processEmpty</b><br>Test class: org.molgenis.data.file.processor.MissingValueProcessorTest</td>
<td></td>
<td>0</td>
<td>org.molgenis.data.file.processor.MissingValueProcessorTest@49798e84</td></tr>
<tr>
<td title='org.molgenis.data.file.processor.LowerCaseProcessorTest.processNull()'><b>processNull</b><br>Test class: org.molgenis.data.file.processor.LowerCaseProcessorTest</td>
<td></td>
<td>0</td>
<td>org.molgenis.data.file.processor.LowerCaseProcessorTest@4a6c18ad</td></tr>
<tr>
<td title='org.molgenis.data.file.processor.TrimProcessorTest.processNull()'><b>processNull</b><br>Test class: org.molgenis.data.file.processor.TrimProcessorTest</td>
<td></td>
<td>0</td>
<td>org.molgenis.data.file.processor.TrimProcessorTest@3a91d146</td></tr>
<tr>
<td title='org.molgenis.data.file.processor.MissingValueProcessorTest.processNull()'><b>processNull</b><br>Test class: org.molgenis.data.file.processor.MissingValueProcessorTest</td>
<td></td>
<td>0</td>
<td>org.molgenis.data.file.processor.MissingValueProcessorTest@49798e84</td></tr>
<tr>
<td title='org.molgenis.data.file.processor.MissingValueProcessorTest.processNull_processEmpty()'><b>processNull_processEmpty</b><br>Test class: org.molgenis.data.file.processor.MissingValueProcessorTest</td>
<td></td>
<td>0</td>
<td>org.molgenis.data.file.processor.MissingValueProcessorTest@49798e84</td></tr>
<tr>
<td title='org.molgenis.data.file.processor.MissingValueProcessorTest.process_processEmpty()'><b>process_processEmpty</b><br>Test class: org.molgenis.data.file.processor.MissingValueProcessorTest</td>
<td></td>
<td>0</td>
<td>org.molgenis.data.file.processor.MissingValueProcessorTest@49798e84</td></tr>
<tr>
<td title='org.molgenis.data.file.FileMetaRepositoryDecoratorTest.testAppRepositoryDecorator()'><b>testAppRepositoryDecorator</b><br>Test class: org.molgenis.data.file.FileMetaRepositoryDecoratorTest</td>
<td><div><pre>java.lang.NullPointerException
	at java.util.Objects.requireNonNull(Objects.java:203)
	at org.molgenis.data.AbstractRepositoryDecorator.&lt;init&gt;(AbstractRepositoryDecorator.java:28)
	at org.molgenis.data.file.FileMetaRepositoryDecorator.&lt;init&gt;(FileMetaRepositoryDecorator.java:25)
	at org.molgenis.data.file.FileMetaRepositoryDecoratorTest.testAppRepositoryDecorator(FileMetaRepositoryDecoratorTest.java:40)
	at org.apache.maven.surefire.testng.TestNGExecutor.run(TestNGExecutor.java:135)
	at org.apache.maven.surefire.testng.TestNGDirectoryTestSuite.executeMulti(TestNGDirectoryTestSuite.java:193)
	at org.apache.maven.surefire.testng.TestNGDirectoryTestSuite.execute(TestNGDirectoryTestSuite.java:94)
	at org.apache.maven.surefire.testng.TestNGProvider.invoke(TestNGProvider.java:146)
	at org.apache.maven.surefire.booter.ForkedBooter.invokeProviderInSameClassLoader(ForkedBooter.java:379)
	at org.apache.maven.surefire.booter.ForkedBooter.runSuitesInProcess(ForkedBooter.java:340)
	at org.apache.maven.surefire.booter.ForkedBooter.execute(ForkedBooter.java:125)
	at org.apache.maven.surefire.booter.ForkedBooter.main(ForkedBooter.java:413)
... Removed 21 stack frames</pre></div><a href='#' onClick='toggleBox("stack-trace1554473375", this, "Click to show all stack frames", "Click to hide stack frames")'>Click to show all stack frames</a>
<div class='stack-trace' id='stack-trace1554473375'><pre>java.lang.NullPointerException
	at java.util.Objects.requireNonNull(Objects.java:203)
	at org.molgenis.data.AbstractRepositoryDecorator.&lt;init&gt;(AbstractRepositoryDecorator.java:28)
	at org.molgenis.data.file.FileMetaRepositoryDecorator.&lt;init&gt;(FileMetaRepositoryDecorator.java:25)
	at org.molgenis.data.file.FileMetaRepositoryDecoratorTest.testAppRepositoryDecorator(FileMetaRepositoryDecoratorTest.java:40)
	at sun.reflect.NativeMethodAccessorImpl.invoke0(Native Method)
	at sun.reflect.NativeMethodAccessorImpl.invoke(NativeMethodAccessorImpl.java:62)
	at sun.reflect.DelegatingMethodAccessorImpl.invoke(DelegatingMethodAccessorImpl.java:43)
	at java.lang.reflect.Method.invoke(Method.java:498)
	at org.testng.internal.MethodInvocationHelper.invokeMethod(MethodInvocationHelper.java:80)
	at org.testng.internal.Invoker.invokeMethod(Invoker.java:714)
	at org.testng.internal.Invoker.invokeTestMethod(Invoker.java:901)
	at org.testng.internal.Invoker.invokeTestMethods(Invoker.java:1231)
	at org.testng.internal.TestMethodWorker.invokeTestMethods(TestMethodWorker.java:127)
	at org.testng.internal.TestMethodWorker.run(TestMethodWorker.java:111)
	at org.testng.TestRunner.privateRun(TestRunner.java:767)
	at org.testng.TestRunner.run(TestRunner.java:617)
	at org.testng.SuiteRunner.runTest(SuiteRunner.java:334)
	at org.testng.SuiteRunner.runSequentially(SuiteRunner.java:329)
	at org.testng.SuiteRunner.privateRun(SuiteRunner.java:291)
	at org.testng.SuiteRunner.run(SuiteRunner.java:240)
	at org.testng.SuiteRunnerWorker.runSuite(SuiteRunnerWorker.java:52)
	at org.testng.SuiteRunnerWorker.run(SuiteRunnerWorker.java:86)
	at org.testng.TestNG.runSuitesSequentially(TestNG.java:1198)
	at org.testng.TestNG.runSuitesLocally(TestNG.java:1123)
	at org.testng.TestNG.run(TestNG.java:1031)
	at org.apache.maven.surefire.testng.TestNGExecutor.run(TestNGExecutor.java:135)
	at org.apache.maven.surefire.testng.TestNGDirectoryTestSuite.executeMulti(TestNGDirectoryTestSuite.java:193)
	at org.apache.maven.surefire.testng.TestNGDirectoryTestSuite.execute(TestNGDirectoryTestSuite.java:94)
	at org.apache.maven.surefire.testng.TestNGProvider.invoke(TestNGProvider.java:146)
	at org.apache.maven.surefire.booter.ForkedBooter.invokeProviderInSameClassLoader(ForkedBooter.java:379)
	at org.apache.maven.surefire.booter.ForkedBooter.runSuitesInProcess(ForkedBooter.java:340)
	at org.apache.maven.surefire.booter.ForkedBooter.execute(ForkedBooter.java:125)
	at org.apache.maven.surefire.booter.ForkedBooter.main(ForkedBooter.java:413)
</pre></div></td>
<td>0</td>
<td>org.molgenis.data.file.FileMetaRepositoryDecoratorTest@6fd1660</td></tr>
<tr>
<td title='org.molgenis.data.file.FileStoreTest.testCreateDirectory()'><b>testCreateDirectory</b><br>Test class: org.molgenis.data.file.FileStoreTest</td>
<td></td>
<td>0</td>
<td>org.molgenis.data.file.FileStoreTest@515ebef3</td></tr>
<tr>
<td title='org.molgenis.data.file.FileMetaRepositoryDecoratorTest.testDelete()'><b>testDelete</b><br>Test class: org.molgenis.data.file.FileMetaRepositoryDecoratorTest</td>
<td></td>
<td>0</td>
<td>org.molgenis.data.file.FileMetaRepositoryDecoratorTest@6fd1660</td></tr>
<tr>
<td title='org.molgenis.data.file.FileMetaRepositoryDecoratorTest.testDeleteAll()'><b>testDeleteAll</b><br>Test class: org.molgenis.data.file.FileMetaRepositoryDecoratorTest</td>
<td></td>
<td>0</td>
<td>org.molgenis.data.file.FileMetaRepositoryDecoratorTest@6fd1660</td></tr>
<tr>
<td title='org.molgenis.data.file.FileMetaRepositoryDecoratorTest.testDeleteAllStream()'><b>testDeleteAllStream</b><br>Test class: org.molgenis.data.file.FileMetaRepositoryDecoratorTest</td>
<td></td>
<td>0</td>
<td>org.molgenis.data.file.FileMetaRepositoryDecoratorTest@6fd1660</td></tr>
<tr>
<td title='org.molgenis.data.file.FileMetaRepositoryDecoratorTest.testDeleteById()'><b>testDeleteById</b><br>Test class: org.molgenis.data.file.FileMetaRepositoryDecoratorTest</td>
<td></td>
<td>0</td>
<td>org.molgenis.data.file.FileMetaRepositoryDecoratorTest@6fd1660</td></tr>
<tr>
<td title='org.molgenis.data.file.FileMetaRepositoryDecoratorTest.testDeleteByIdUnknownId()'><b>testDeleteByIdUnknownId</b><br>Test class: org.molgenis.data.file.FileMetaRepositoryDecoratorTest</td>
<td><div><pre>org.molgenis.data.UnknownEntityException: FAILED TO FORMAT LOCALIZED MESSAGE FOR ERROR CODE D02.%nFallback message: type:sys_file_FileMeta id:id
	at org.molgenis.data.file.FileMetaRepositoryDecorator.getFileMeta(FileMetaRepositoryDecorator.java:84)
	at org.molgenis.data.file.FileMetaRepositoryDecorator.deleteById(FileMetaRepositoryDecorator.java:39)
	at org.molgenis.data.file.FileMetaRepositoryDecoratorTest.testDeleteByIdUnknownId(FileMetaRepositoryDecoratorTest.java:82)
	at org.apache.maven.surefire.testng.TestNGExecutor.run(TestNGExecutor.java:135)
	at org.apache.maven.surefire.testng.TestNGDirectoryTestSuite.executeMulti(TestNGDirectoryTestSuite.java:193)
	at org.apache.maven.surefire.testng.TestNGDirectoryTestSuite.execute(TestNGDirectoryTestSuite.java:94)
	at org.apache.maven.surefire.testng.TestNGProvider.invoke(TestNGProvider.java:146)
	at org.apache.maven.surefire.booter.ForkedBooter.invokeProviderInSameClassLoader(ForkedBooter.java:379)
	at org.apache.maven.surefire.booter.ForkedBooter.runSuitesInProcess(ForkedBooter.java:340)
	at org.apache.maven.surefire.booter.ForkedBooter.execute(ForkedBooter.java:125)
	at org.apache.maven.surefire.booter.ForkedBooter.main(ForkedBooter.java:413)
... Removed 21 stack frames</pre></div><a href='#' onClick='toggleBox("stack-trace700935541", this, "Click to show all stack frames", "Click to hide stack frames")'>Click to show all stack frames</a>
<div class='stack-trace' id='stack-trace700935541'><pre>org.molgenis.data.UnknownEntityException: FAILED TO FORMAT LOCALIZED MESSAGE FOR ERROR CODE D02.%nFallback message: type:sys_file_FileMeta id:id
	at org.molgenis.data.file.FileMetaRepositoryDecorator.getFileMeta(FileMetaRepositoryDecorator.java:84)
	at org.molgenis.data.file.FileMetaRepositoryDecorator.deleteById(FileMetaRepositoryDecorator.java:39)
	at org.molgenis.data.file.FileMetaRepositoryDecoratorTest.testDeleteByIdUnknownId(FileMetaRepositoryDecoratorTest.java:82)
	at sun.reflect.NativeMethodAccessorImpl.invoke0(Native Method)
	at sun.reflect.NativeMethodAccessorImpl.invoke(NativeMethodAccessorImpl.java:62)
	at sun.reflect.DelegatingMethodAccessorImpl.invoke(DelegatingMethodAccessorImpl.java:43)
	at java.lang.reflect.Method.invoke(Method.java:498)
	at org.testng.internal.MethodInvocationHelper.invokeMethod(MethodInvocationHelper.java:80)
	at org.testng.internal.Invoker.invokeMethod(Invoker.java:714)
	at org.testng.internal.Invoker.invokeTestMethod(Invoker.java:901)
	at org.testng.internal.Invoker.invokeTestMethods(Invoker.java:1231)
	at org.testng.internal.TestMethodWorker.invokeTestMethods(TestMethodWorker.java:127)
	at org.testng.internal.TestMethodWorker.run(TestMethodWorker.java:111)
	at org.testng.TestRunner.privateRun(TestRunner.java:767)
	at org.testng.TestRunner.run(TestRunner.java:617)
	at org.testng.SuiteRunner.runTest(SuiteRunner.java:334)
	at org.testng.SuiteRunner.runSequentially(SuiteRunner.java:329)
	at org.testng.SuiteRunner.privateRun(SuiteRunner.java:291)
	at org.testng.SuiteRunner.run(SuiteRunner.java:240)
	at org.testng.SuiteRunnerWorker.runSuite(SuiteRunnerWorker.java:52)
	at org.testng.SuiteRunnerWorker.run(SuiteRunnerWorker.java:86)
	at org.testng.TestNG.runSuitesSequentially(TestNG.java:1198)
	at org.testng.TestNG.runSuitesLocally(TestNG.java:1123)
	at org.testng.TestNG.run(TestNG.java:1031)
	at org.apache.maven.surefire.testng.TestNGExecutor.run(TestNGExecutor.java:135)
	at org.apache.maven.surefire.testng.TestNGDirectoryTestSuite.executeMulti(TestNGDirectoryTestSuite.java:193)
	at org.apache.maven.surefire.testng.TestNGDirectoryTestSuite.execute(TestNGDirectoryTestSuite.java:94)
	at org.apache.maven.surefire.testng.TestNGProvider.invoke(TestNGProvider.java:146)
	at org.apache.maven.surefire.booter.ForkedBooter.invokeProviderInSameClassLoader(ForkedBooter.java:379)
	at org.apache.maven.surefire.booter.ForkedBooter.runSuitesInProcess(ForkedBooter.java:340)
	at org.apache.maven.surefire.booter.ForkedBooter.execute(ForkedBooter.java:125)
	at org.apache.maven.surefire.booter.ForkedBooter.main(ForkedBooter.java:413)
</pre></div></td>
<td>0</td>
<td>org.molgenis.data.file.FileMetaRepositoryDecoratorTest@6fd1660</td></tr>
<tr>
<td title='org.molgenis.data.file.FileMetaRepositoryDecoratorTest.testDeleteStream()'><b>testDeleteStream</b><br>Test class: org.molgenis.data.file.FileMetaRepositoryDecoratorTest</td>
<td></td>
<td>0</td>
<td>org.molgenis.data.file.FileMetaRepositoryDecoratorTest@6fd1660</td></tr>
<tr>
<td title='org.molgenis.data.file.FileStoreTest.testGetFile()'><b>testGetFile</b><br>Test class: org.molgenis.data.file.FileStoreTest</td>
<td></td>
<td>0</td>
<td>org.molgenis.data.file.FileStoreTest@515ebef3</td></tr>
<tr>
<td title='org.molgenis.data.file.FileStoreTest.testMoveSubLevelDir()'><b>testMoveSubLevelDir</b><br>Test class: org.molgenis.data.file.FileStoreTest</td>
<td></td>
<td>0</td>
<td>org.molgenis.data.file.FileStoreTest@515ebef3</td></tr>
<tr>
<td title='org.molgenis.data.file.FileStoreTest.testStore()'><b>testStore</b><br>Test class: org.molgenis.data.file.FileStoreTest</td>
<td></td>
<td>0</td>
<td>org.molgenis.data.file.FileStoreTest@515ebef3</td></tr>
</table><p>
</body>
</html>