<?xml version="1.0" encoding="UTF-8"?>
<testng-results skipped="41" failed="0" total="44" passed="3">
  <reporter-output>
  </reporter-output>
  <suite name="Surefire suite" duration-ms="2929" started-at="2018-05-28T08:15:14Z" finished-at="2018-05-28T08:15:17Z">
    <groups>
    </groups>
    <test name="Surefire test" duration-ms="2929" started-at="2018-05-28T08:15:14Z" finished-at="2018-05-28T08:15:17Z">
      <class name="org.molgenis.js.JsMagmaScriptEvaluatorTest">
        <test-method status="FAIL" signature="beforeClass()[pri:0, instance:org.molgenis.js.JsMagmaScriptEvaluatorTest@40005471]" name="beforeClass" is-config="true" duration-ms="0" started-at="2018-05-28T10:15:16Z" finished-at="2018-05-28T10:15:16Z">
          <exception class="java.lang.IllegalArgumentException">
            <message>
              <![CDATA[resource /js/math.min.js relative to org.molgenis.js.magma.JsMagmaScriptEvaluator not found.]]>
            </message>
            <full-stacktrace>
              <![CDATA[java.lang.IllegalArgumentException: resource /js/math.min.js relative to org.molgenis.js.magma.JsMagmaScriptEvaluator not found.
	at com.google.common.base.Preconditions.checkArgument(Preconditions.java:383)
	at com.google.common.io.Resources.getResource(Resources.java:209)
	at org.molgenis.util.ResourceUtils.getString(ResourceUtils.java:44)
	at org.molgenis.js.magma.JsMagmaScriptEvaluator.loadScript(JsMagmaScriptEvaluator.java:70)
	at org.molgenis.js.magma.JsMagmaScriptEvaluator.<init>(JsMagmaScriptEvaluator.java:64)
	at org.molgenis.js.JsMagmaScriptEvaluatorTest.beforeClass(JsMagmaScriptEvaluatorTest.java:151)
	at sun.reflect.NativeMethodAccessorImpl.invoke0(Native Method)
	at sun.reflect.NativeMethodAccessorImpl.invoke(NativeMethodAccessorImpl.java:62)
	at sun.reflect.DelegatingMethodAccessorImpl.invoke(DelegatingMethodAccessorImpl.java:43)
	at java.lang.reflect.Method.invoke(Method.java:498)
	at org.testng.internal.MethodInvocationHelper.invokeMethod(MethodInvocationHelper.java:80)
	at org.testng.internal.Invoker.invokeConfigurationMethod(Invoker.java:564)
	at org.testng.internal.Invoker.invokeConfigurations(Invoker.java:213)
	at org.testng.internal.Invoker.invokeConfigurations(Invoker.java:138)
	at org.testng.internal.TestMethodWorker.invokeBeforeClassMethods(TestMethodWorker.java:175)
	at org.testng.internal.TestMethodWorker.run(TestMethodWorker.java:107)
	at org.testng.TestRunner.privateRun(TestRunner.java:767)
	at org.testng.TestRunner.run(TestRunner.java:617)
	at org.testng.SuiteRunner.runTest(SuiteRunner.java:334)
	at org.testng.SuiteRunner.runSequentially(SuiteRunner.java:329)
	at org.testng.SuiteRunner.privateRun(SuiteRunner.java:291)
	at org.testng.SuiteRunner.run(SuiteRunner.java:240)
	at org.testng.SuiteRunnerWorker.runSuite(SuiteRunnerWorker.java:52)
	at org.testng.SuiteRunnerWorker.run(SuiteRunnerWorker.java:86)
	at org.testng.TestNG.runSuitesSequentially(TestNG.java:1198)
	at org.testng.TestNG.runSuitesLocally(TestNG.java:1123)
	at org.testng.TestNG.run(TestNG.java:1031)
	at org.apache.maven.surefire.testng.TestNGExecutor.run(TestNGExecutor.java:132)
	at org.apache.maven.surefire.testng.TestNGDirectoryTestSuite.executeMulti(TestNGDirectoryTestSuite.java:193)
	at org.apache.maven.surefire.testng.TestNGDirectoryTestSuite.execute(TestNGDirectoryTestSuite.java:94)
	at org.apache.maven.surefire.testng.TestNGProvider.invoke(TestNGProvider.java:147)
	at org.apache.maven.surefire.booter.ForkedBooter.invokeProviderInSameClassLoader(ForkedBooter.java:290)
	at org.apache.maven.surefire.booter.ForkedBooter.runSuitesInProcess(ForkedBooter.java:242)
	at org.apache.maven.surefire.booter.ForkedBooter.main(ForkedBooter.java:121)
]]>
            </full-stacktrace>
          </exception> <!-- java.lang.IllegalArgumentException -->
          <reporter-output>
          </reporter-output>
        </test-method> <!-- beforeClass -->
        <test-method status="SKIP" signature="age()[pri:0, instance:org.molgenis.js.JsMagmaScriptEvaluatorTest@40005471]" name="age" duration-ms="1" started-at="2018-05-28T10:15:17Z" finished-at="2018-05-28T10:15:17Z">
          <reporter-output>
          </reporter-output>
        </test-method> <!-- age -->
        <test-method status="SKIP" signature="div()[pri:0, instance:org.molgenis.js.JsMagmaScriptEvaluatorTest@40005471]" name="div" duration-ms="0" started-at="2018-05-28T10:15:17Z" finished-at="2018-05-28T10:15:17Z">
          <reporter-output>
          </reporter-output>
        </test-method> <!-- div -->
        <test-method status="SKIP" signature="evalList()[pri:0, instance:org.molgenis.js.JsMagmaScriptEvaluatorTest@40005471]" name="evalList" duration-ms="0" started-at="2018-05-28T10:15:17Z" finished-at="2018-05-28T10:15:17Z">
          <reporter-output>
          </reporter-output>
        </test-method> <!-- evalList -->
        <test-method status="SKIP" signature="combineGroupMapFunctions()[pri:0, instance:org.molgenis.js.JsMagmaScriptEvaluatorTest@40005471]" name="combineGroupMapFunctions" duration-ms="0" started-at="2018-05-28T10:15:17Z" finished-at="2018-05-28T10:15:17Z">
          <reporter-output>
          </reporter-output>
        </test-method> <!-- combineGroupMapFunctions -->
        <test-method status="SKIP" signature="combinePlusGroupMapFunctions()[pri:0, instance:org.molgenis.js.JsMagmaScriptEvaluatorTest@40005471]" name="combinePlusGroupMapFunctions" duration-ms="0" started-at="2018-05-28T10:15:17Z" finished-at="2018-05-28T10:15:17Z">
          <reporter-output>
          </reporter-output>
        </test-method> <!-- combinePlusGroupMapFunctions -->
        <test-method status="SKIP" signature="mapNull()[pri:0, instance:org.molgenis.js.JsMagmaScriptEvaluatorTest@40005471]" name="mapNull" duration-ms="0" started-at="2018-05-28T10:15:17Z" finished-at="2018-05-28T10:15:17Z">
          <reporter-output>
          </reporter-output>
        </test-method> <!-- mapNull -->
        <test-method status="SKIP" signature="mapDefault()[pri:0, instance:org.molgenis.js.JsMagmaScriptEvaluatorTest@40005471]" name="mapDefault" duration-ms="0" started-at="2018-05-28T10:15:17Z" finished-at="2018-05-28T10:15:17Z">
          <reporter-output>
          </reporter-output>
        </test-method> <!-- mapDefault -->
        <test-method status="SKIP" signature="mapSimple()[pri:0, instance:org.molgenis.js.JsMagmaScriptEvaluatorTest@40005471]" name="mapSimple" duration-ms="0" started-at="2018-05-28T10:15:17Z" finished-at="2018-05-28T10:15:17Z">
          <reporter-output>
          </reporter-output>
        </test-method> <!-- mapSimple -->
        <test-method status="SKIP" signature="test$()[pri:0, instance:org.molgenis.js.JsMagmaScriptEvaluatorTest@40005471]" name="test$" duration-ms="0" started-at="2018-05-28T10:15:17Z" finished-at="2018-05-28T10:15:17Z">
          <reporter-output>
          </reporter-output>
        </test-method> <!-- test$ -->
        <test-method status="SKIP" signature="pow()[pri:0, instance:org.molgenis.js.JsMagmaScriptEvaluatorTest@40005471]" name="pow" duration-ms="0" started-at="2018-05-28T10:15:17Z" finished-at="2018-05-28T10:15:17Z">
          <reporter-output>
          </reporter-output>
        </test-method> <!-- pow -->
        <test-method status="SKIP" signature="testAverageValueOfMultipleNumericAttributes()[pri:0, instance:org.molgenis.js.JsMagmaScriptEvaluatorTest@40005471]" name="testAverageValueOfMultipleNumericAttributes" duration-ms="1" started-at="2018-05-28T10:15:17Z" finished-at="2018-05-28T10:15:17Z">
          <reporter-output>
          </reporter-output>
        </test-method> <!-- testAverageValueOfMultipleNumericAttributes -->
        <test-method status="SKIP" signature="testBmi()[pri:0, instance:org.molgenis.js.JsMagmaScriptEvaluatorTest@40005471]" name="testBmi" duration-ms="0" started-at="2018-05-28T10:15:17Z" finished-at="2018-05-28T10:15:17Z">
          <reporter-output>
          </reporter-output>
        </test-method> <!-- testBmi -->
        <test-method status="SKIP" signature="testEq()[pri:0, instance:org.molgenis.js.JsMagmaScriptEvaluatorTest@40005471]" name="testEq" duration-ms="0" started-at="2018-05-28T10:15:17Z" finished-at="2018-05-28T10:15:17Z">
          <reporter-output>
          </reporter-output>
        </test-method> <!-- testEq -->
        <test-method status="SKIP" signature="testEvalDefaultDepth$()[pri:0, instance:org.molgenis.js.JsMagmaScriptEvaluatorTest@40005471]" name="testEvalDefaultDepth$" duration-ms="0" started-at="2018-05-28T10:15:17Z" finished-at="2018-05-28T10:15:17Z">
          <reporter-output>
          </reporter-output>
        </test-method> <!-- testEvalDefaultDepth$ -->
        <test-method status="SKIP" signature="testGe()[pri:0, instance:org.molgenis.js.JsMagmaScriptEvaluatorTest@40005471]" name="testGe" duration-ms="0" started-at="2018-05-28T10:15:17Z" finished-at="2018-05-28T10:15:17Z">
          <reporter-output>
          </reporter-output>
        </test-method> <!-- testGe -->
        <test-method status="SKIP" signature="testGlucose()[pri:0, instance:org.molgenis.js.JsMagmaScriptEvaluatorTest@40005471]" name="testGlucose" duration-ms="0" started-at="2018-05-28T10:15:17Z" finished-at="2018-05-28T10:15:17Z">
          <reporter-output>
          </reporter-output>
        </test-method> <!-- testGlucose -->
        <test-method status="SKIP" signature="testGroup()[pri:0, instance:org.molgenis.js.JsMagmaScriptEvaluatorTest@40005471]" name="testGroup" duration-ms="0" started-at="2018-05-28T10:15:17Z" finished-at="2018-05-28T10:15:17Z">
          <reporter-output>
          </reporter-output>
        </test-method> <!-- testGroup -->
        <test-method status="SKIP" signature="testGroupNull()[pri:0, instance:org.molgenis.js.JsMagmaScriptEvaluatorTest@40005471]" name="testGroupNull" duration-ms="0" started-at="2018-05-28T10:15:17Z" finished-at="2018-05-28T10:15:17Z">
          <reporter-output>
          </reporter-output>
        </test-method> <!-- testGroupNull -->
        <test-method status="SKIP" signature="testGt()[pri:0, instance:org.molgenis.js.JsMagmaScriptEvaluatorTest@40005471]" name="testGt" duration-ms="0" started-at="2018-05-28T10:15:17Z" finished-at="2018-05-28T10:15:17Z">
          <reporter-output>
          </reporter-output>
        </test-method> <!-- testGt -->
        <test-method status="SKIP" signature="testIsNull()[pri:0, instance:org.molgenis.js.JsMagmaScriptEvaluatorTest@40005471]" name="testIsNull" duration-ms="0" started-at="2018-05-28T10:15:17Z" finished-at="2018-05-28T10:15:17Z">
          <reporter-output>
          </reporter-output>
        </test-method> <!-- testIsNull -->
        <test-method status="SKIP" signature="testGroupConstantValue()[pri:0, instance:org.molgenis.js.JsMagmaScriptEvaluatorTest@40005471]" name="testGroupConstantValue" duration-ms="0" started-at="2018-05-28T10:15:17Z" finished-at="2018-05-28T10:15:17Z">
          <reporter-output>
          </reporter-output>
        </test-method> <!-- testGroupConstantValue -->
        <test-method status="SKIP" signature="testLe()[pri:0, instance:org.molgenis.js.JsMagmaScriptEvaluatorTest@40005471]" name="testLe" duration-ms="0" started-at="2018-05-28T10:15:17Z" finished-at="2018-05-28T10:15:17Z">
          <reporter-output>
          </reporter-output>
        </test-method> <!-- testLe -->
        <test-method status="SKIP" signature="testIsValidJson()[pri:0, instance:org.molgenis.js.JsMagmaScriptEvaluatorTest@40005471]" name="testIsValidJson" duration-ms="0" started-at="2018-05-28T10:15:17Z" finished-at="2018-05-28T10:15:17Z">
          <reporter-output>
          </reporter-output>
        </test-method> <!-- testIsValidJson -->
        <test-method status="SKIP" signature="testPlusObject()[pri:0, instance:org.molgenis.js.JsMagmaScriptEvaluatorTest@40005471]" name="testPlusObject" duration-ms="1" started-at="2018-05-28T10:15:17Z" finished-at="2018-05-28T10:15:17Z">
          <reporter-output>
          </reporter-output>
        </test-method> <!-- testPlusObject -->
        <test-method status="SKIP" signature="testNull()[pri:0, instance:org.molgenis.js.JsMagmaScriptEvaluatorTest@40005471]" name="testNull" duration-ms="0" started-at="2018-05-28T10:15:17Z" finished-at="2018-05-28T10:15:17Z">
          <reporter-output>
          </reporter-output>
        </test-method> <!-- testNull -->
        <test-method status="SKIP" signature="testPlusNullValue()[pri:0, instance:org.molgenis.js.JsMagmaScriptEvaluatorTest@40005471]" name="testPlusNullValue" duration-ms="0" started-at="2018-05-28T10:15:17Z" finished-at="2018-05-28T10:15:17Z">
          <reporter-output>
          </reporter-output>
        </test-method> <!-- testPlusNullValue -->
        <test-method status="SKIP" signature="testLt()[pri:0, instance:org.molgenis.js.JsMagmaScriptEvaluatorTest@40005471]" name="testLt" duration-ms="0" started-at="2018-05-28T10:15:17Z" finished-at="2018-05-28T10:15:17Z">
          <reporter-output>
          </reporter-output>
        </test-method> <!-- testLt -->
        <test-method status="SKIP" signature="testNot()[pri:0, instance:org.molgenis.js.JsMagmaScriptEvaluatorTest@40005471]" name="testNot" duration-ms="0" started-at="2018-05-28T10:15:17Z" finished-at="2018-05-28T10:15:17Z">
          <reporter-output>
          </reporter-output>
        </test-method> <!-- testNot -->
        <test-method status="SKIP" signature="testOr()[pri:0, instance:org.molgenis.js.JsMagmaScriptEvaluatorTest@40005471]" name="testOr" duration-ms="0" started-at="2018-05-28T10:15:17Z" finished-at="2018-05-28T10:15:17Z">
          <reporter-output>
          </reporter-output>
        </test-method> <!-- testOr -->
        <test-method status="SKIP" signature="testTimes()[pri:0, instance:org.molgenis.js.JsMagmaScriptEvaluatorTest@40005471]" name="testTimes" duration-ms="0" started-at="2018-05-28T10:15:17Z" finished-at="2018-05-28T10:15:17Z">
          <reporter-output>
          </reporter-output>
        </test-method> <!-- testTimes -->
        <test-method status="SKIP" signature="testPlusValue()[pri:0, instance:org.molgenis.js.JsMagmaScriptEvaluatorTest@40005471]" name="testPlusValue" duration-ms="0" started-at="2018-05-28T10:15:17Z" finished-at="2018-05-28T10:15:17Z">
          <reporter-output>
          </reporter-output>
        </test-method> <!-- testPlusValue -->
        <test-method status="SKIP" signature="testValueForDateTime()[pri:0, instance:org.molgenis.js.JsMagmaScriptEvaluatorTest@40005471]" name="testValueForDateTime" duration-ms="0" started-at="2018-05-28T10:15:17Z" finished-at="2018-05-28T10:15:17Z">
          <reporter-output>
          </reporter-output>
        </test-method> <!-- testValueForDateTime -->
        <test-method status="SKIP" signature="testUnitConversion()[pri:0, instance:org.molgenis.js.JsMagmaScriptEvaluatorTest@40005471]" name="testUnitConversion" duration-ms="0" started-at="2018-05-28T10:15:17Z" finished-at="2018-05-28T10:15:17Z">
          <reporter-output>
          </reporter-output>
        </test-method> <!-- testUnitConversion -->
        <test-method status="SKIP" signature="testValueForBool()[pri:0, instance:org.molgenis.js.JsMagmaScriptEvaluatorTest@40005471]" name="testValueForBool" duration-ms="0" started-at="2018-05-28T10:15:17Z" finished-at="2018-05-28T10:15:17Z">
          <reporter-output>
          </reporter-output>
        </test-method> <!-- testValueForBool -->
        <test-method status="SKIP" signature="testValueForLong()[pri:0, instance:org.molgenis.js.JsMagmaScriptEvaluatorTest@40005471]" name="testValueForLong" duration-ms="0" started-at="2018-05-28T10:15:17Z" finished-at="2018-05-28T10:15:17Z">
          <reporter-output>
          </reporter-output>
        </test-method> <!-- testValueForLong -->
        <test-method status="SKIP" signature="testValueForXref()[pri:0, instance:org.molgenis.js.JsMagmaScriptEvaluatorTest@40005471]" name="testValueForXref" duration-ms="1" started-at="2018-05-28T10:15:17Z" finished-at="2018-05-28T10:15:17Z">
          <reporter-output>
          </reporter-output>
        </test-method> <!-- testValueForXref -->
        <test-method status="SKIP" signature="testValueForMref()[pri:0, instance:org.molgenis.js.JsMagmaScriptEvaluatorTest@40005471]" name="testValueForMref" duration-ms="0" started-at="2018-05-28T10:15:17Z" finished-at="2018-05-28T10:15:17Z">
          <reporter-output>
          </reporter-output>
        </test-method> <!-- testValueForMref -->
        <test-method status="SKIP" signature="testValueForMrefWithSimplifiedAlgorithm()[pri:0, instance:org.molgenis.js.JsMagmaScriptEvaluatorTest@40005471]" name="testValueForMrefWithSimplifiedAlgorithm" duration-ms="0" started-at="2018-05-28T10:15:17Z" finished-at="2018-05-28T10:15:17Z">
          <reporter-output>
          </reporter-output>
        </test-method> <!-- testValueForMrefWithSimplifiedAlgorithm -->
        <test-method status="SKIP" signature="testValueForNestedXrefDefaultDepth()[pri:0, instance:org.molgenis.js.JsMagmaScriptEvaluatorTest@40005471]" name="testValueForNestedXrefDefaultDepth" duration-ms="0" started-at="2018-05-28T10:15:17Z" finished-at="2018-05-28T10:15:17Z">
          <reporter-output>
          </reporter-output>
        </test-method> <!-- testValueForNestedXrefDefaultDepth -->
        <test-method status="SKIP" signature="testValueForMrefWithComplexAlgorithm()[pri:0, instance:org.molgenis.js.JsMagmaScriptEvaluatorTest@40005471]" name="testValueForMrefWithComplexAlgorithm" duration-ms="0" started-at="2018-05-28T10:15:17Z" finished-at="2018-05-28T10:15:17Z">
          <reporter-output>
          </reporter-output>
        </test-method> <!-- testValueForMrefWithComplexAlgorithm -->
        <test-method status="SKIP" signature="testValueForXrefDefaultDepth()[pri:0, instance:org.molgenis.js.JsMagmaScriptEvaluatorTest@40005471]" name="testValueForXrefDefaultDepth" duration-ms="0" started-at="2018-05-28T10:15:17Z" finished-at="2018-05-28T10:15:17Z">
          <reporter-output>
          </reporter-output>
        </test-method> <!-- testValueForXrefDefaultDepth -->
      </class> <!-- org.molgenis.js.JsMagmaScriptEvaluatorTest -->
      <class name="org.molgenis.js.nashorn.NashornScriptEngineTest">
        <test-method status="PASS" signature="setUpBeforeClass()[pri:0, instance:org.molgenis.js.nashorn.NashornScriptEngineTest@327514f]" name="setUpBeforeClass" is-config="true" duration-ms="1114" started-at="2018-05-28T10:15:14Z" finished-at="2018-05-28T10:15:15Z">
          <reporter-output>
          </reporter-output>
        </test-method> <!-- setUpBeforeClass -->
        <test-method status="PASS" signature="doesntDirtyContext()[pri:0, instance:org.molgenis.js.nashorn.NashornScriptEngineTest@327514f]" name="doesntDirtyContext" duration-ms="292" started-at="2018-05-28T10:15:15Z" finished-at="2018-05-28T10:15:15Z">
          <exception class="javax.script.ScriptException">
            <message>
              <![CDATA[ReferenceError: "piet" is not defined in <eval> at line number 1]]>
            </message>
            <full-stacktrace>
              <![CDATA[javax.script.ScriptException: ReferenceError: "piet" is not defined in <eval> at line number 1
	at jdk.nashorn.api.scripting.NashornScriptEngine.throwAsScriptException(NashornScriptEngine.java:470)
	at jdk.nashorn.api.scripting.NashornScriptEngine.evalImpl(NashornScriptEngine.java:454)
	at jdk.nashorn.api.scripting.NashornScriptEngine.evalImpl(NashornScriptEngine.java:406)
	at jdk.nashorn.api.scripting.NashornScriptEngine.evalImpl(NashornScriptEngine.java:402)
	at jdk.nashorn.api.scripting.NashornScriptEngine.eval(NashornScriptEngine.java:155)
	at javax.script.AbstractScriptEngine.eval(AbstractScriptEngine.java:233)
	at org.molgenis.js.nashorn.NashornScriptEngine.eval(NashornScriptEngine.java:34)
	at org.molgenis.js.nashorn.NashornScriptEngineTest.doesntDirtyContext(NashornScriptEngineTest.java:46)
	at sun.reflect.NativeMethodAccessorImpl.invoke0(Native Method)
	at sun.reflect.NativeMethodAccessorImpl.invoke(NativeMethodAccessorImpl.java:62)
	at sun.reflect.DelegatingMethodAccessorImpl.invoke(DelegatingMethodAccessorImpl.java:43)
	at java.lang.reflect.Method.invoke(Method.java:498)
	at org.testng.internal.MethodInvocationHelper.invokeMethod(MethodInvocationHelper.java:80)
	at org.testng.internal.Invoker.invokeMethod(Invoker.java:714)
	at org.testng.internal.Invoker.invokeTestMethod(Invoker.java:901)
	at org.testng.internal.Invoker.invokeTestMethods(Invoker.java:1231)
	at org.testng.internal.TestMethodWorker.invokeTestMethods(TestMethodWorker.java:127)
	at org.testng.internal.TestMethodWorker.run(TestMethodWorker.java:111)
	at org.testng.TestRunner.privateRun(TestRunner.java:767)
	at org.testng.TestRunner.run(TestRunner.java:617)
	at org.testng.SuiteRunner.runTest(SuiteRunner.java:334)
	at org.testng.SuiteRunner.runSequentially(SuiteRunner.java:329)
	at org.testng.SuiteRunner.privateRun(SuiteRunner.java:291)
	at org.testng.SuiteRunner.run(SuiteRunner.java:240)
	at org.testng.SuiteRunnerWorker.runSuite(SuiteRunnerWorker.java:52)
	at org.testng.SuiteRunnerWorker.run(SuiteRunnerWorker.java:86)
	at org.testng.TestNG.runSuitesSequentially(TestNG.java:1198)
	at org.testng.TestNG.runSuitesLocally(TestNG.java:1123)
	at org.testng.TestNG.run(TestNG.java:1031)
	at org.apache.maven.surefire.testng.TestNGExecutor.run(TestNGExecutor.java:132)
	at org.apache.maven.surefire.testng.TestNGDirectoryTestSuite.executeMulti(TestNGDirectoryTestSuite.java:193)
	at org.apache.maven.surefire.testng.TestNGDirectoryTestSuite.execute(TestNGDirectoryTestSuite.java:94)
	at org.apache.maven.surefire.testng.TestNGProvider.invoke(TestNGProvider.java:147)
	at org.apache.maven.surefire.booter.ForkedBooter.invokeProviderInSameClassLoader(ForkedBooter.java:290)
	at org.apache.maven.surefire.booter.ForkedBooter.runSuitesInProcess(ForkedBooter.java:242)
	at org.apache.maven.surefire.booter.ForkedBooter.main(ForkedBooter.java:121)
Caused by: <eval>:1 ReferenceError: "piet" is not defined
	at jdk.nashorn.internal.runtime.ECMAErrors.error(ECMAErrors.java:57)
	at jdk.nashorn.internal.runtime.ECMAErrors.referenceError(ECMAErrors.java:319)
	at jdk.nashorn.internal.runtime.ECMAErrors.referenceError(ECMAErrors.java:291)
	at jdk.nashorn.internal.objects.Global.__noSuchProperty__(Global.java:1441)
	at jdk.nashorn.internal.scripts.Script$1$\^eval\_.:program(<eval>:1)
	at jdk.nashorn.internal.runtime.ScriptFunctionData.invoke(ScriptFunctionData.java:637)
	at jdk.nashorn.internal.runtime.ScriptFunction.invoke(ScriptFunction.java:494)
	at jdk.nashorn.internal.runtime.ScriptRuntime.apply(ScriptRuntime.java:393)
	at jdk.nashorn.api.scripting.NashornScriptEngine.evalImpl(NashornScriptEngine.java:449)
	... 34 more
]]>
            </full-stacktrace>
          </exception> <!-- javax.script.ScriptException -->
          <reporter-output>
          </reporter-output>
        </test-method> <!-- doesntDirtyContext -->
        <test-method status="PASS" signature="testInvokeDateDMY()[pri:0, instance:org.molgenis.js.nashorn.NashornScriptEngineTest@327514f]" name="testInvokeDateDMY" duration-ms="101" started-at="2018-05-28T10:15:15Z" finished-at="2018-05-28T10:15:16Z">
          <reporter-output>
          </reporter-output>
        </test-method> <!-- testInvokeDateDMY -->
        <test-method status="PASS" signature="testInvokeFunction()[pri:0, instance:org.molgenis.js.nashorn.NashornScriptEngineTest@327514f]" name="testInvokeFunction" duration-ms="14" started-at="2018-05-28T10:15:16Z" finished-at="2018-05-28T10:15:16Z">
          <reporter-output>
          </reporter-output>
        </test-method> <!-- testInvokeFunction -->
      </class> <!-- org.molgenis.js.nashorn.NashornScriptEngineTest -->
    </test> <!-- Surefire test -->
  </suite> <!-- Surefire suite -->
</testng-results>
