<?xml version="1.0" encoding="UTF-8"?>
<testng-results skipped="0" failed="1" ignored="0" total="4" passed="3">
  <reporter-output>
  </reporter-output>
  <suite name="marnikitta.concierge.atomic.AtomicBroadcastTest" duration-ms="185103" started-at="2018-04-12T10:13:44Z" finished-at="2018-04-12T10:16:49Z">
    <groups>
    </groups>
    <test name="Command line test" duration-ms="185103" started-at="2018-04-12T10:13:44Z" finished-at="2018-04-12T10:16:49Z">
      <class name="marnikitta.concierge.atomic.AtomicBroadcastTest">
        <test-method status="PASS" signature="initSystem()[pri:0, instance:marnikitta.concierge.atomic.AtomicBroadcastTest@19dfb72a]" name="initSystem" is-config="true" duration-ms="680" started-at="2018-04-12T12:13:43Z" finished-at="2018-04-12T12:13:44Z">
          <reporter-output>
          </reporter-output>
        </test-method> <!-- initSystem -->
        <test-method status="PASS" signature="awakenMinorityTest()[pri:0, instance:marnikitta.concierge.atomic.AtomicBroadcastTest@19dfb72a]" name="awakenMinorityTest" duration-ms="8738" started-at="2018-04-12T12:13:44Z" finished-at="2018-04-12T12:13:53Z">
          <reporter-output>
          </reporter-output>
        </test-method> <!-- awakenMinorityTest -->
        <test-method status="FAIL" signature="integrityAndTotalOrderTest()[pri:0, instance:marnikitta.concierge.atomic.AtomicBroadcastTest@19dfb72a]" name="integrityAndTotalOrderTest" duration-ms="170746" started-at="2018-04-12T12:13:53Z" finished-at="2018-04-12T12:16:43Z">
          <exception class="java.lang.AssertionError">
            <message>
              <![CDATA[expected [1] but found [15]]]>
            </message>
            <full-stacktrace>
              <![CDATA[java.lang.AssertionError: expected [1] but found [15]
	at org.testng.Assert.fail(Assert.java:94)
	at org.testng.Assert.failNotEquals(Assert.java:513)
	at org.testng.Assert.assertEqualsImpl(Assert.java:135)
	at org.testng.Assert.assertEquals(Assert.java:116)
	at org.testng.Assert.assertEquals(Assert.java:389)
	at org.testng.Assert.assertEquals(Assert.java:399)
	at marnikitta.concierge.atomic.AtomicBroadcastTest.integrityAndTotalOrderTest(AtomicBroadcastTest.java:165)
	at sun.reflect.NativeMethodAccessorImpl.invoke0(Native Method)
	at sun.reflect.NativeMethodAccessorImpl.invoke(NativeMethodAccessorImpl.java:62)
	at sun.reflect.DelegatingMethodAccessorImpl.invoke(DelegatingMethodAccessorImpl.java:43)
	at java.lang.reflect.Method.invoke(Method.java:498)
	at org.testng.internal.MethodInvocationHelper.invokeMethod(MethodInvocationHelper.java:104)
	at org.testng.internal.Invoker.invokeMethod(Invoker.java:645)
	at org.testng.internal.Invoker.invokeTestMethod(Invoker.java:851)
	at org.testng.internal.Invoker.invokeTestMethods(Invoker.java:1177)
	at org.testng.internal.TestMethodWorker.invokeTestMethods(TestMethodWorker.java:129)
	at org.testng.internal.TestMethodWorker.run(TestMethodWorker.java:112)
	at org.testng.TestRunner.privateRun(TestRunner.java:756)
	at org.testng.TestRunner.run(TestRunner.java:610)
	at org.testng.SuiteRunner.runTest(SuiteRunner.java:387)
	at org.testng.SuiteRunner.runSequentially(SuiteRunner.java:382)
	at org.testng.SuiteRunner.privateRun(SuiteRunner.java:340)
	at org.testng.SuiteRunner.run(SuiteRunner.java:289)
	at org.testng.SuiteRunnerWorker.runSuite(SuiteRunnerWorker.java:52)
	at org.testng.SuiteRunnerWorker.run(SuiteRunnerWorker.java:86)
	at org.testng.TestNG.runSuitesSequentially(TestNG.java:1293)
	at org.testng.TestNG.runSuitesLocally(TestNG.java:1218)
	at org.testng.TestNG.runSuites(TestNG.java:1133)
	at org.testng.TestNG.run(TestNG.java:1104)
	at org.apache.maven.surefire.testng.TestNGExecutor.run(TestNGExecutor.java:77)
	at org.apache.maven.surefire.testng.TestNGDirectoryTestSuite.execute(TestNGDirectoryTestSuite.java:110)
	at org.apache.maven.surefire.testng.TestNGProvider.invoke(TestNGProvider.java:106)
	at sun.reflect.NativeMethodAccessorImpl.invoke0(Native Method)
	at sun.reflect.NativeMethodAccessorImpl.invoke(NativeMethodAccessorImpl.java:62)
	at sun.reflect.DelegatingMethodAccessorImpl.invoke(DelegatingMethodAccessorImpl.java:43)
	at java.lang.reflect.Method.invoke(Method.java:498)
	at org.apache.maven.surefire.util.ReflectionUtils.invokeMethodWithArray(ReflectionUtils.java:189)
	at org.apache.maven.surefire.booter.ProviderFactory$ProviderProxy.invoke(ProviderFactory.java:165)
	at org.apache.maven.surefire.booter.ProviderFactory.invokeProvider(ProviderFactory.java:85)
	at org.apache.maven.surefire.booter.ForkedBooter.runSuitesInProcess(ForkedBooter.java:115)
	at org.apache.maven.surefire.booter.ForkedBooter.main(ForkedBooter.java:75)
]]>
            </full-stacktrace>
          </exception> <!-- java.lang.AssertionError -->
          <reporter-output>
          </reporter-output>
        </test-method> <!-- integrityAndTotalOrderTest -->
        <test-method status="PASS" signature="killOneByOneTest()[pri:0, instance:marnikitta.concierge.atomic.AtomicBroadcastTest@19dfb72a]" name="killOneByOneTest" duration-ms="4559" started-at="2018-04-12T12:16:43Z" finished-at="2018-04-12T12:16:48Z">
          <reporter-output>
          </reporter-output>
        </test-method> <!-- killOneByOneTest -->
        <test-method status="PASS" signature="singleLeaderBroadcastTest()[pri:0, instance:marnikitta.concierge.atomic.AtomicBroadcastTest@19dfb72a]" name="singleLeaderBroadcastTest" duration-ms="1037" started-at="2018-04-12T12:16:48Z" finished-at="2018-04-12T12:16:49Z">
          <reporter-output>
          </reporter-output>
        </test-method> <!-- singleLeaderBroadcastTest -->
        <test-method status="PASS" signature="deinitSystem()[pri:0, instance:marnikitta.concierge.atomic.AtomicBroadcastTest@19dfb72a]" name="deinitSystem" is-config="true" duration-ms="310" started-at="2018-04-12T12:16:49Z" finished-at="2018-04-12T12:16:49Z">
          <reporter-output>
          </reporter-output>
        </test-method> <!-- deinitSystem -->
      </class> <!-- marnikitta.concierge.atomic.AtomicBroadcastTest -->
    </test> <!-- Command line test -->
  </suite> <!-- marnikitta.concierge.atomic.AtomicBroadcastTest -->
</testng-results>
